#                                                                                                         --- full sequence --- -------------- this domain -------------   hmm coord   ali coord   env coord
# target name                                     accession   tlen query name           accession   qlen   E-value  score  bias   #  of  c-Evalue  i-Evalue  score  bias  from    to  from    to  from    to  acc description of target
#                             ------------------- ---------- ----- -------------------- ---------- ----- --------- ------ ----- --- --- --------- --------- ------ ----- ----- ----- ----- ----- ----- ----- ---- ---------------------
NODE_8654_length_15457_cov_49.255111:13087-13503  -            139 112499at7898         -            279   2.2e-06   25.7  10.2   1   3   7.4e-05     0.004   15.0   4.0     4    76     4    79     3    82 0.80 -
NODE_8654_length_15457_cov_49.255111:13087-13503  -            139 112499at7898         -            279   2.2e-06   25.7  10.2   2   3   0.00042     0.023   12.6   0.4     5    40    61    97    59   101 0.90 -
NODE_8654_length_15457_cov_49.255111:13087-13503  -            139 112499at7898         -            279   2.2e-06   25.7  10.2   3   3    0.0028      0.15    9.9   0.8     5    41    89   126    88   137 0.87 -
NODE_130889_length_2858_cov_27.690830:1321-1767   -            149 112499at7898         -            279   4.5e-06   24.7   8.8   1   2   8.2e-05    0.0045   14.9   0.6     5    41    37    74    35    78 0.88 -
NODE_130889_length_2858_cov_27.690830:1321-1767   -            149 112499at7898         -            279   4.5e-06   24.7   8.8   2   2   0.00017     0.009   13.9   1.9    16    56    77   118    74   141 0.80 -
NODE_136847_length_2679_cov_35.937209:797-1474    -            226 112499at7898         -            279   1.3e-05   23.2   8.9   1   4    0.0005     0.027   12.3   0.3     5    56    32    85    30    88 0.86 -
NODE_136847_length_2679_cov_35.937209:797-1474    -            226 112499at7898         -            279   1.3e-05   23.2   8.9   2   4     0.032       1.8    6.4   0.1    20    57    76   114    76   115 0.85 -
NODE_136847_length_2679_cov_35.937209:797-1474    -            226 112499at7898         -            279   1.3e-05   23.2   8.9   3   4     0.012      0.67    7.8   0.1     4    41   116   154   114   168 0.85 -
NODE_136847_length_2679_cov_35.937209:797-1474    -            226 112499at7898         -            279   1.3e-05   23.2   8.9   4   4      0.21        11    3.7   0.1     4    40   172   209   169   222 0.85 -
NODE_57935_length_6365_cov_31.957229:795-1259     -            155 112499at7898         -            279   1.5e-05   23.0   8.0   1   2   0.00011    0.0063   14.4   0.3     4    44    47    88    45   104 0.81 -
NODE_57935_length_6365_cov_31.957229:795-1259     -            155 112499at7898         -            279   1.5e-05   23.0   8.0   2   2   0.00045     0.024   12.5   1.5     4    41   103   141   101   153 0.84 -
NODE_20559_length_11241_cov_38.765033:5041-5457   -            139 112499at7898         -            279   3.1e-05   22.0   9.7   1   3   0.00022     0.012   13.5   0.9     4    51     4    53     3    61 0.79 -
NODE_20559_length_11241_cov_38.765033:5041-5457   -            139 112499at7898         -            279   3.1e-05   22.0   9.7   2   3   0.00039     0.021   12.7   0.3     4    49    60   107    59   115 0.84 -
NODE_20559_length_11241_cov_38.765033:5041-5457   -            139 112499at7898         -            279   3.1e-05   22.0   9.7   3   3       1.8     1e+02    0.6   0.1     4    21   116   134   113   138 0.70 -
NODE_8496_length_15547_cov_34.056512:1463-2482    -            340 112499at7898         -            279   3.7e-05   21.7  32.3   1   5     0.015      0.81    7.5   0.7     4    42    17    56    15    73 0.80 -
NODE_8496_length_15547_cov_34.056512:1463-2482    -            340 112499at7898         -            279   3.7e-05   21.7  32.3   2   5   0.00024     0.013   13.3   1.0     4    58    45   101    42   102 0.85 -
NODE_8496_length_15547_cov_34.056512:1463-2482    -            340 112499at7898         -            279   3.7e-05   21.7  32.3   3   5     0.014      0.76    7.6   1.5     4    57   101   156    98   167 0.81 -
NODE_8496_length_15547_cov_34.056512:1463-2482    -            340 112499at7898         -            279   3.7e-05   21.7  32.3   4   5    0.0034      0.19    9.6   3.1     4    51   185   234   182   264 0.87 -
NODE_8496_length_15547_cov_34.056512:1463-2482    -            340 112499at7898         -            279   3.7e-05   21.7  32.3   5   5    0.0022      0.12   10.2   2.0     4    58   269   325   266   338 0.77 -
NODE_167459_length_1904_cov_39.238781:569-1294    -            242 112499at7898         -            279   4.3e-05   21.5  18.0   1   3     0.014      0.76    7.6   3.8     6    70    54   124    52   134 0.83 -
NODE_167459_length_1904_cov_39.238781:569-1294    -            242 112499at7898         -            279   4.3e-05   21.5  18.0   2   3    0.0011     0.061   11.2   1.1     4    41   136   174   134   192 0.84 -
NODE_167459_length_1904_cov_39.238781:569-1294    -            242 112499at7898         -            279   4.3e-05   21.5  18.0   3   3   0.00054     0.029   12.2   0.3     4    49   192   239   189   241 0.85 -
NODE_105089_length_3762_cov_36.516790:592-1581    -            330 112499at7898         -            279   4.5e-05   21.4  45.3   1   6    0.0045      0.24    9.2   1.8     6    51     2    49     1    57 0.81 -
NODE_105089_length_3762_cov_36.516790:592-1581    -            330 112499at7898         -            279   4.5e-05   21.4  45.3   2   6    0.0011     0.062   11.2   5.9     4    58    56   112    53   113 0.89 -
NODE_105089_length_3762_cov_36.516790:592-1581    -            330 112499at7898         -            279   4.5e-05   21.4  45.3   3   6    0.0016     0.088   10.7   0.6     4    51   112   161   111   169 0.81 -
NODE_105089_length_3762_cov_36.516790:592-1581    -            330 112499at7898         -            279   4.5e-05   21.4  45.3   4   6     0.061       3.3    5.5   0.5     4    42   168   207   166   220 0.87 -
NODE_105089_length_3762_cov_36.516790:592-1581    -            330 112499at7898         -            279   4.5e-05   21.4  45.3   5   6      0.02       1.1    7.0   1.1     4    51   224   272   223   278 0.84 -
NODE_105089_length_3762_cov_36.516790:592-1581    -            330 112499at7898         -            279   4.5e-05   21.4  45.3   6   6     0.048       2.6    5.8   1.3     4    40   280   317   277   327 0.89 -
NODE_14852_length_12816_cov_34.318157:9835-10251  -            139 112499at7898         -            279   4.9e-05   21.3   9.7   1   2    0.0038      0.21    9.4   1.2     4    40    32    69    31    83 0.88 -
NODE_14852_length_12816_cov_34.318157:9835-10251  -            139 112499at7898         -            279   4.9e-05   21.3   9.7   2   2   1.6e-05   0.00087   17.2   1.0     4    50    88   136    87   139 0.88 -
NODE_7400_length_16191_cov_42.355394:5395-6165    -            257 112499at7898         -            279   7.7e-05   20.7  21.2   1   4   0.00014    0.0076   14.1   0.3     4    50     8    55     7    62 0.88 -
NODE_7400_length_16191_cov_42.355394:5395-6165    -            257 112499at7898         -            279   7.7e-05   20.7  21.2   2   4     0.016      0.89    7.3   1.5     4    61    63   122    60   145 0.80 -
NODE_7400_length_16191_cov_42.355394:5395-6165    -            257 112499at7898         -            279   7.7e-05   20.7  21.2   3   4      0.24        13    3.5   0.6     6    52   149   197   146   204 0.76 -
NODE_7400_length_16191_cov_42.355394:5395-6165    -            257 112499at7898         -            279   7.7e-05   20.7  21.2   4   4    0.0044      0.24    9.2   0.8     4    50   203   251   200   256 0.85 -
NODE_24214_length_10443_cov_32.293697:2974-3501   -            176 112499at7898         -            279   9.8e-05   20.3  17.9   1   3   0.00048     0.026   12.4   1.9     4    52    13    63    12    70 0.80 -
NODE_24214_length_10443_cov_32.293697:2974-3501   -            176 112499at7898         -            279   9.8e-05   20.3  17.9   2   3     0.001     0.055   11.3   0.5     4    42    69   108    67   123 0.83 -
NODE_24214_length_10443_cov_32.293697:2974-3501   -            176 112499at7898         -            279   9.8e-05   20.3  17.9   3   3     0.019         1    7.2   2.1     3    41   124   163   122   175 0.82 -
NODE_22271_length_10850_cov_38.818994:2226-2783   -            186 112499at7898         -            279   0.00011   20.2  13.2   1   3     0.033       1.8    6.3   1.5     2    56    14    69    13    85 0.83 -
NODE_22271_length_10850_cov_38.818994:2226-2783   -            186 112499at7898         -            279   0.00011   20.2  13.2   2   3     0.031       1.7    6.4   0.2    20    56    99   136    82   138 0.85 -
NODE_22271_length_10850_cov_38.818994:2226-2783   -            186 112499at7898         -            279   0.00011   20.2  13.2   3   3   5.3e-05    0.0029   15.5   0.7     4    40   138   175   137   184 0.91 -
NODE_66249_length_5763_cov_27.361758:4915-5658    -            248 112499at7898         -            279   0.00013   19.9  28.1   1   5     0.018         1    7.2   3.8     5    42     2    40     1    58 0.81 -
NODE_66249_length_5763_cov_27.361758:4915-5658    -            248 112499at7898         -            279   0.00013   19.9  28.1   2   5     0.016      0.88    7.4   0.5     4    53    57   108    55   114 0.82 -
NODE_66249_length_5763_cov_27.361758:4915-5658    -            248 112499at7898         -            279   0.00013   19.9  28.1   3   5   0.00036      0.02   12.8   2.3     4    60   113   171   111   195 0.80 -
NODE_66249_length_5763_cov_27.361758:4915-5658    -            248 112499at7898         -            279   0.00013   19.9  28.1   4   5    0.0068      0.37    8.6   0.4     4    50   169   217   168   225 0.84 -
NODE_66249_length_5763_cov_27.361758:4915-5658    -            248 112499at7898         -            279   0.00013   19.9  28.1   5   5    0.0071      0.39    8.5   1.0     5    41   198   235   195   246 0.84 -
NODE_83195_length_4757_cov_39.123873:6-719        -            238 112499at7898         -            279   0.00016   19.6  21.9   1   4   0.00044     0.024   12.5   0.8     3    49    26    74    24    76 0.85 -
NODE_83195_length_4757_cov_39.123873:6-719        -            238 112499at7898         -            279   0.00016   19.6  21.9   2   4     0.036         2    6.2   0.1    18    54    70   107    67   112 0.81 -
NODE_83195_length_4757_cov_39.123873:6-719        -            238 112499at7898         -            279   0.00016   19.6  21.9   3   4     0.088       4.8    4.9   1.1     4    42   111   150   109   168 0.81 -
NODE_83195_length_4757_cov_39.123873:6-719        -            238 112499at7898         -            279   0.00016   19.6  21.9   4   4    0.0026      0.14   10.0   3.3     4    58   167   223   166   237 0.83 -
NODE_54778_length_6629_cov_35.161103:2442-3098    -            219 112499at7898         -            279   0.00025   19.0   2.1   1   3   4.6e-06   0.00025   19.0   2.1     4    50     5    53     3    60 0.85 -
NODE_54778_length_6629_cov_35.161103:2442-3098    -            219 112499at7898         -            279   0.00025   19.0   2.1   2   3      0.25        14    3.4   6.3     6    59    63   118    60   142 0.55 -
NODE_54778_length_6629_cov_35.161103:2442-3098    -            219 112499at7898         -            279   0.00025   19.0   2.1   3   3     0.034       1.9    6.3   2.4     4    49   145   192   143   205 0.81 -
NODE_164748_length_1966_cov_28.801285:850-1497    -            216 112499at7898         -            279   0.00027   18.9  22.7   1   4     0.013      0.73    7.6   6.5     6    48     2    46     1    70 0.74 -
NODE_164748_length_1966_cov_28.801285:850-1497    -            216 112499at7898         -            279   0.00027   18.9  22.7   2   4     0.043       2.4    6.0   2.9     4    43    28    68    26    82 0.80 -
NODE_164748_length_1966_cov_28.801285:850-1497    -            216 112499at7898         -            279   0.00027   18.9  22.7   3   4   8.2e-05    0.0045   14.9   1.0     4    58    84   140    81   155 0.82 -
NODE_164748_length_1966_cov_28.801285:850-1497    -            216 112499at7898         -            279   0.00027   18.9  22.7   4   4     0.053       2.9    5.7   3.0     4    59   140   197   137   215 0.68 -
NODE_136585_length_2687_cov_23.988408:1548-1979   -            144 112499at7898         -            279   0.00029   18.8   7.6   1   2    0.0015      0.08   10.8   3.4     4    50     4    51     3    75 0.84 -
NODE_136585_length_2687_cov_23.988408:1548-1979   -            144 112499at7898         -            279   0.00029   18.8   7.6   2   2     0.002      0.11   10.3   0.1     4    43    88   128    87   144 0.83 -
NODE_102305_length_3875_cov_35.131621:1829-2257   -            143 112499at7898         -            279   0.00031   18.7  14.8   1   2   0.00074      0.04   11.8   5.4     5    59     4    60     2    82 0.80 -
NODE_102305_length_3875_cov_35.131621:1829-2257   -            143 112499at7898         -            279   0.00031   18.7  14.8   2   2   0.00041     0.022   12.6   1.8     5    55    88   140    85   143 0.80 -
NODE_12413_length_13693_cov_40.734589:5112-5543   -            144 112499at7898         -            279   0.00036   18.5   9.9   1   2    0.0013      0.07   11.0   4.0     4    57     4    58     3    85 0.71 -
NODE_12413_length_13693_cov_40.734589:5112-5543   -            144 112499at7898         -            279   0.00036   18.5   9.9   2   2    0.0012     0.067   11.0   0.3     6    41    90   126    87   139 0.89 -
NODE_88781_length_4476_cov_41.258625:2420-2941    -            174 112499at7898         -            279   0.00036   18.5  13.0   1   3   0.00069     0.038   11.8   0.6     5    56    11    64     8    67 0.85 -
NODE_88781_length_4476_cov_41.258625:2420-2941    -            174 112499at7898         -            279   0.00036   18.5  13.0   2   3     0.017      0.92    7.3   0.3     4    53    66   117    64   122 0.81 -
NODE_88781_length_4476_cov_41.258625:2420-2941    -            174 112499at7898         -            279   0.00036   18.5  13.0   3   3     0.011      0.58    8.0   0.8     4    48   122   168   119   172 0.83 -
NODE_247866_length_639_cov_24.237037:21-638       -            206 112499at7898         -            279   0.00047   18.1  22.1   1   3      0.55        30    2.3   6.3     5    42    15    53    13    92 0.81 -
NODE_247866_length_639_cov_24.237037:21-638       -            206 112499at7898         -            279   0.00047   18.1  22.1   2   3   1.9e-05     0.001   17.0   1.5     4    58    98   154    97   155 0.89 -
NODE_247866_length_639_cov_24.237037:21-638       -            206 112499at7898         -            279   0.00047   18.1  22.1   3   3    0.0028      0.15    9.8   0.5     4    44   154   195   153   205 0.83 -
NODE_69529_length_5547_cov_32.047540:3805-4407    -            201 112499at7898         -            279   0.00051   18.0  22.1   1   4      0.18       9.9    3.9   0.2    20    46     4    30     1    44 0.76 -
NODE_69529_length_5547_cov_32.047540:3805-4407    -            201 112499at7898         -            279   0.00051   18.0  22.1   2   4   0.00037      0.02   12.7   1.6     4    53    43    94    40   100 0.84 -
NODE_69529_length_5547_cov_32.047540:3805-4407    -            201 112499at7898         -            279   0.00051   18.0  22.1   3   4     0.005      0.27    9.0   1.1     4    48    99   145    97   156 0.82 -
NODE_69529_length_5547_cov_32.047540:3805-4407    -            201 112499at7898         -            279   0.00051   18.0  22.1   4   4     0.027       1.5    6.6   1.2     4    41   155   193   153   201 0.86 -
NODE_79967_length_4928_cov_30.142058:2730-3158    -            143 112499at7898         -            279   0.00062   17.7  13.7   1   2   0.00063     0.034   12.0   2.3     4    50     3    51     2    59 0.80 -
NODE_79967_length_4928_cov_30.142058:2730-3158    -            143 112499at7898         -            279   0.00062   17.7  13.7   2   2   0.00084     0.046   11.6   3.8     4    53    59   110    57   133 0.76 -
NODE_1009_length_26624_cov_50.391254:11771-12379  -            203 112499at7898         -            279   0.00065   17.6  17.1   1   4      0.07       3.8    5.3   2.0     4    40    17    54     1    67 0.50 -
NODE_1009_length_26624_cov_50.391254:11771-12379  -            203 112499at7898         -            279   0.00065   17.6  17.1   2   4    0.0098      0.54    8.1   0.6     4    41    45    83    44    93 0.88 -
NODE_1009_length_26624_cov_50.391254:11771-12379  -            203 112499at7898         -            279   0.00065   17.6  17.1   3   4   0.00094     0.051   11.4   0.5     4    54    73   125    71   130 0.84 -
NODE_1009_length_26624_cov_50.391254:11771-12379  -            203 112499at7898         -            279   0.00065   17.6  17.1   4   4    0.0027      0.15    9.9   1.5     4    49   129   176   127   192 0.82 -
NODE_21975_length_10912_cov_27.675206:7073-7651   -            193 112499at7898         -            279   0.00067   17.6   2.5   1   3   1.2e-05   0.00067   17.6   2.5     4    46     2    45     1    58 0.84 -
NODE_21975_length_10912_cov_27.675206:7073-7651   -            193 112499at7898         -            279   0.00067   17.6   2.5   2   3      0.52        28    2.4   1.8     4    40    58    95    55   108 0.87 -
NODE_21975_length_10912_cov_27.675206:7073-7651   -            193 112499at7898         -            279   0.00067   17.6   2.5   3   3    0.0085      0.46    8.3   2.8     4    53   114   165   111   177 0.80 -
NODE_1009_length_26624_cov_50.391254:20839-21255  -            139 112499at7898         -            279   0.00076   17.4  15.8   1   3   0.00047     0.026   12.4   1.3     5    55     5    57     3    64 0.81 -
NODE_1009_length_26624_cov_50.391254:20839-21255  -            139 112499at7898         -            279   0.00076   17.4  15.8   2   3     0.035       1.9    6.3   0.7     4    58    32    88    32    89 0.86 -
NODE_1009_length_26624_cov_50.391254:20839-21255  -            139 112499at7898         -            279   0.00076   17.4  15.8   3   3   0.00079     0.043   11.7   5.4     4    52    88   137    86   139 0.88 -
NODE_13642_length_13231_cov_39.586659:516-1103    -            196 112499at7898         -            279    0.0008   17.3  16.3   1   3    0.0074       0.4    8.5   0.4     4    50     1    49     1    57 0.80 -
NODE_13642_length_13231_cov_39.586659:516-1103    -            196 112499at7898         -            279    0.0008   17.3  16.3   2   3     0.098       5.3    4.8   0.6     5    52    58   107    54   114 0.74 -
NODE_13642_length_13231_cov_39.586659:516-1103    -            196 112499at7898         -            279    0.0008   17.3  16.3   3   3    0.0003     0.017   13.0   2.7     4    60   113   171   111   193 0.78 -
NODE_120462_length_3200_cov_57.703322:1433-2404   -            324 112499at7898         -            279    0.0009   17.2  46.3   1   7     0.013       0.7    7.7   0.6     5    43     2    41     1    58 0.81 -
NODE_120462_length_3200_cov_57.703322:1433-2404   -            324 112499at7898         -            279    0.0009   17.2  46.3   2   7     0.065       3.5    5.4   5.0     4    51    29    78    28    87 0.79 -
NODE_120462_length_3200_cov_57.703322:1433-2404   -            324 112499at7898         -            279    0.0009   17.2  46.3   3   7      0.22        12    3.6   8.2     4    58    57   113    55   126 0.81 -
NODE_120462_length_3200_cov_57.703322:1433-2404   -            324 112499at7898         -            279    0.0009   17.2  46.3   4   7     0.018      0.98    7.2   2.1     4    51    85   134    83   142 0.81 -
NODE_120462_length_3200_cov_57.703322:1433-2404   -            324 112499at7898         -            279    0.0009   17.2  46.3   5   7    0.0084      0.46    8.3   2.2     4    53   141   192   139   198 0.82 -
NODE_120462_length_3200_cov_57.703322:1433-2404   -            324 112499at7898         -            279    0.0009   17.2  46.3   6   7     0.076       4.1    5.2   1.2     4    41   197   235   196   254 0.78 -
NODE_120462_length_3200_cov_57.703322:1433-2404   -            324 112499at7898         -            279    0.0009   17.2  46.3   7   7   0.00027     0.015   13.2   5.5     4    54   253   304   251   318 0.89 -
NODE_57458_length_6407_cov_33.023145:2057-2551    -            165 112499at7898         -            279    0.0009   17.2  17.8   1   3     0.005      0.27    9.0   1.2     5    50     2    49     1    58 0.81 -
NODE_57458_length_6407_cov_33.023145:2057-2551    -            165 112499at7898         -            279    0.0009   17.2  17.8   2   3     0.024       1.3    6.8   1.0     4    49    57   103    55   113 0.80 -
NODE_57458_length_6407_cov_33.023145:2057-2551    -            165 112499at7898         -            279    0.0009   17.2  17.8   3   3   0.00046     0.025   12.4   1.9     4    48   113   159   111   164 0.84 -
NODE_2967_length_20853_cov_44.198660:17581-18180  -            200 112499at7898         -            279   0.00096   17.1  20.2   1   3    0.0024      0.13   10.1   1.6     4    55     5    58     4    61 0.82 -
NODE_2967_length_20853_cov_44.198660:17581-18180  -            200 112499at7898         -            279   0.00096   17.1  20.2   2   3     0.022       1.2    7.0   0.8     4    41    61    99    58   117 0.81 -
NODE_2967_length_20853_cov_44.198660:17581-18180  -            200 112499at7898         -            279   0.00096   17.1  20.2   3   3    0.0011     0.062   11.1   3.6     4    42   117   156   114   194 0.85 -
NODE_210807_length_1091_cov_27.793347:8-646       -            213 112499at7898         -            279   0.00098   17.1   1.1   1   4   1.8e-05   0.00098   17.1   1.1     4    52     2    52     1    59 0.84 -
NODE_210807_length_1091_cov_27.793347:8-646       -            213 112499at7898         -            279   0.00098   17.1   1.1   2   4      0.23        12    3.6   6.5     4    58    58   114    56   125 0.80 -
NODE_210807_length_1091_cov_27.793347:8-646       -            213 112499at7898         -            279   0.00098   17.1   1.1   3   4      0.14       7.5    4.3   2.4     4    49    86   133    85   143 0.79 -
NODE_210807_length_1091_cov_27.793347:8-646       -            213 112499at7898         -            279   0.00098   17.1   1.1   4   4     0.025       1.3    6.8   5.4     4    65   142   209   140   213 0.77 -
NODE_8496_length_15547_cov_34.056512:9450-10043   -            198 112499at7898         -            279    0.0011   16.9  14.8   1   4       3.9   2.1e+02   -0.5   0.0    21    41     2    22     1    40 0.69 -
NODE_8496_length_15547_cov_34.056512:9450-10043   -            198 112499at7898         -            279    0.0011   16.9  14.8   2   4    0.0012     0.064   11.1   0.7     4    48    40    86    38    97 0.81 -
NODE_8496_length_15547_cov_34.056512:9450-10043   -            198 112499at7898         -            279    0.0011   16.9  14.8   3   4    0.0091      0.49    8.2   0.6     4    42    96   135    94   152 0.80 -
NODE_8496_length_15547_cov_34.056512:9450-10043   -            198 112499at7898         -            279    0.0011   16.9  14.8   4   4     0.031       1.7    6.4   0.4     4    41   152   190   150   198 0.83 -
NODE_34004_length_8836_cov_39.608447:5406-5822    -            139 112499at7898         -            279    0.0011   16.8   7.8   1   2    0.0019       0.1   10.4   0.3     4    41    32    70    31    84 0.89 -
NODE_34004_length_8836_cov_39.608447:5406-5822    -            139 112499at7898         -            279    0.0011   16.8   7.8   2   2    0.0016     0.086   10.7   0.6     4    50    88   136    86   139 0.84 -
NODE_14255_length_13012_cov_36.739255:2139-2612   -            158 112499at7898         -            279    0.0013   16.7  17.6   1   3     0.012      0.63    7.8   1.3     4    45    23    65    21    78 0.82 -
NODE_14255_length_13012_cov_36.739255:2139-2612   -            158 112499at7898         -            279    0.0013   16.7  17.6   2   3   0.00076     0.041   11.7   3.0     4    41    79   117    76   120 0.90 -
NODE_14255_length_13012_cov_36.739255:2139-2612   -            158 112499at7898         -            279    0.0013   16.7  17.6   3   3     0.019         1    7.1   0.4    16    50   120   155   117   158 0.81 -
NODE_53691_length_6721_cov_30.481124:1632-2063    -            144 112499at7898         -            279    0.0013   16.6  12.5   1   3    0.0052      0.29    9.0   1.1     4    48     4    50     2    53 0.74 -
NODE_53691_length_6721_cov_30.481124:1632-2063    -            144 112499at7898         -            279    0.0013   16.6  12.5   2   3     0.021       1.1    7.0   1.3     5    55    33    85    31    89 0.79 -
NODE_53691_length_6721_cov_30.481124:1632-2063    -            144 112499at7898         -            279    0.0013   16.6  12.5   3   3   0.00078     0.043   11.7   1.2     5    53    89   139    86   144 0.84 -
NODE_72635_length_5355_cov_37.354072:2753-3184    -            144 112499at7898         -            279    0.0015   16.5  15.4   1   2    0.0021      0.12   10.2   3.2     5    52     5    53     3    60 0.79 -
NODE_72635_length_5355_cov_37.354072:2753-3184    -            144 112499at7898         -            279    0.0015   16.5  15.4   2   2   0.00069     0.037   11.9   4.2     5    53    61   111    59   127 0.76 -
NODE_21258_length_11076_cov_51.221281:6662-7078   -            139 112499at7898         -            279     0.002   16.0  18.7   1   3    0.0018     0.096   10.5   6.1     4    58     4    60     3    78 0.73 -
NODE_21258_length_11076_cov_51.221281:6662-7078   -            139 112499at7898         -            279     0.002   16.0  18.7   2   3     0.071       3.9    5.3   2.4     5    40    61    97    58   101 0.89 -
NODE_21258_length_11076_cov_51.221281:6662-7078   -            139 112499at7898         -            279     0.002   16.0  18.7   3   3    0.0038      0.21    9.4   4.9     4    52    88   137    85   139 0.90 -
NODE_12547_length_13645_cov_31.405655:11142-11783 -            214 112499at7898         -            279    0.0021   16.0  22.2   1   3    0.0028      0.16    9.8   1.2     4    44    18    59    16    75 0.80 -
NODE_12547_length_13645_cov_31.405655:11142-11783 -            214 112499at7898         -            279    0.0021   16.0  22.2   2   3     0.016      0.88    7.4   6.2     4    74    74   142    73   158 0.73 -
NODE_12547_length_13645_cov_31.405655:11142-11783 -            214 112499at7898         -            279    0.0021   16.0  22.2   3   3    0.0028      0.15    9.9   0.9     4    51   158   207   156   214 0.80 -
NODE_18650_length_11724_cov_37.172817:3140-3556   -            139 112499at7898         -            279    0.0021   15.9  11.5   1   2    0.0017     0.091   10.6   0.8     4    58     4    60     3    61 0.83 -
NODE_18650_length_11724_cov_37.172817:3140-3556   -            139 112499at7898         -            279    0.0021   15.9  11.5   2   2    0.0016     0.088   10.7   3.8     4    58    60   116    59   138 0.72 -
NODE_27245_length_9885_cov_29.740956:4071-4712    -            214 112499at7898         -            279    0.0022   15.9   4.4   1   2     0.013      0.69    7.7   0.1     4    41   102   141   100   160 0.78 -
NODE_27245_length_9885_cov_29.740956:4071-4712    -            214 112499at7898         -            279    0.0022   15.9   4.4   2   2    0.0025      0.14   10.0   0.2     4    49   159   206   156   212 0.87 -
NODE_56937_length_6449_cov_30.137008:3147-3767    -            207 112499at7898         -            279    0.0024   15.8  23.4   1   3   0.00069     0.038   11.9   2.3     5    54    13    63    11    71 0.85 -
NODE_56937_length_6449_cov_30.137008:3147-3767    -            207 112499at7898         -            279    0.0024   15.8  23.4   2   3     0.018      0.99    7.2   1.0     5    50    69   116    67   125 0.80 -
NODE_56937_length_6449_cov_30.137008:3147-3767    -            207 112499at7898         -            279    0.0024   15.8  23.4   3   3     0.024       1.3    6.8   7.0     4    55   124   177   122   193 0.80 -
NODE_48151_length_7226_cov_33.430756:4737-5405    -            223 112499at7898         -            279    0.0026   15.7   4.7   1   5   4.8e-05    0.0026   15.7   4.7     4    59     4    61     2    87 0.82 -
NODE_48151_length_7226_cov_33.430756:4737-5405    -            223 112499at7898         -            279    0.0026   15.7   4.7   2   5       1.4        78    1.0   3.0     5    42    61    99    59   119 0.77 -
NODE_48151_length_7226_cov_33.430756:4737-5405    -            223 112499at7898         -            279    0.0026   15.7   4.7   3   5      0.16       8.6    4.1   1.8     4    57    88   143    86   145 0.83 -
NODE_48151_length_7226_cov_33.430756:4737-5405    -            223 112499at7898         -            279    0.0026   15.7   4.7   4   5     0.062       3.4    5.4   7.7     5    58   117   172   115   187 0.62 -
NODE_48151_length_7226_cov_33.430756:4737-5405    -            223 112499at7898         -            279    0.0026   15.7   4.7   5   5     0.055         3    5.6   6.8     4    50   144   192   142   205 0.81 -
NODE_19832_length_11424_cov_39.043002:8821-9684   -            288 112499at7898         -            279    0.0027   15.6  33.2   1   5   0.00043     0.023   12.5   0.6     4    50    27    75    24    84 0.85 -
NODE_19832_length_11424_cov_39.043002:8821-9684   -            288 112499at7898         -            279    0.0027   15.6  33.2   2   5      0.18       9.7    3.9   1.7     4    42    83   122    82   140 0.80 -
NODE_19832_length_11424_cov_39.043002:8821-9684   -            288 112499at7898         -            279    0.0027   15.6  33.2   3   5     0.019         1    7.2   5.7     4    58   139   195   137   208 0.84 -
NODE_19832_length_11424_cov_39.043002:8821-9684   -            288 112499at7898         -            279    0.0027   15.6  33.2   4   5     0.089       4.9    4.9   0.8     4    51   195   244   193   252 0.78 -
NODE_19832_length_11424_cov_39.043002:8821-9684   -            288 112499at7898         -            279    0.0027   15.6  33.2   5   5     0.014      0.77    7.6   3.9     4    50   223   271   221   288 0.81 -
NODE_13126_length_13424_cov_47.129831:5674-6105   -            144 112499at7898         -            279    0.0029   15.5  10.0   1   2     0.027       1.5    6.6   5.0     4    59     4    61     3    74 0.79 -
NODE_13126_length_13424_cov_47.129831:5674-6105   -            144 112499at7898         -            279    0.0029   15.5  10.0   2   2     0.002      0.11   10.4   3.6     4    58    60   116    59   135 0.81 -
NODE_37597_length_8367_cov_37.834664:686-1117     -            144 112499at7898         -            279     0.004   15.1  16.2   1   2   0.00077     0.042   11.7   1.0     4    42     4    43     3    60 0.83 -
NODE_37597_length_8367_cov_37.834664:686-1117     -            144 112499at7898         -            279     0.004   15.1  16.2   2   2     0.009      0.49    8.2   8.1     5    56    61   114    59   130 0.79 -
NODE_54298_length_6669_cov_38.209132:4287-5285    -            333 112499at7898         -            279     0.005   14.7  38.2   1   5     0.011      0.58    8.0   0.9     4    52    16    66    15    73 0.82 -
NODE_54298_length_6669_cov_38.209132:4287-5285    -            333 112499at7898         -            279     0.005   14.7  38.2   2   5     0.027       1.5    6.6   2.2     4    52    72   122    71   142 0.82 -
NODE_54298_length_6669_cov_38.209132:4287-5285    -            333 112499at7898         -            279     0.005   14.7  38.2   3   5    0.0004     0.022   12.6   1.6     4    50   156   204   154   212 0.84 -
NODE_54298_length_6669_cov_38.209132:4287-5285    -            333 112499at7898         -            279     0.005   14.7  38.2   4   5     0.043       2.4    6.0   1.5     3    52   211   262   209   269 0.80 -
NODE_54298_length_6669_cov_38.209132:4287-5285    -            333 112499at7898         -            279     0.005   14.7  38.2   5   5     0.044       2.4    5.9   1.4     4    42   268   307   266   325 0.83 -
NODE_45688_length_7470_cov_29.628273:1963-3303    -            447 112499at7898         -            279    0.0054   14.6   2.4   1   7   9.9e-05    0.0054   14.6   2.4     4    55    24    76    23    80 0.90 -
NODE_45688_length_7470_cov_29.628273:1963-3303    -            447 112499at7898         -            279    0.0054   14.6   2.4   2   7      0.31        17    3.1   3.0     5    58    81   136    78   159 0.57 -
NODE_45688_length_7470_cov_29.628273:1963-3303    -            447 112499at7898         -            279    0.0054   14.6   2.4   3   7     0.032       1.8    6.4   6.2     4    79   136   214   134   220 0.71 -
NODE_45688_length_7470_cov_29.628273:1963-3303    -            447 112499at7898         -            279    0.0054   14.6   2.4   4   7      0.19        10    3.8   5.4     4    58   164   220   163   246 0.82 -
NODE_45688_length_7470_cov_29.628273:1963-3303    -            447 112499at7898         -            279    0.0054   14.6   2.4   5   7     0.029       1.6    6.6   2.0     4    51   248   296   246   305 0.82 -
NODE_45688_length_7470_cov_29.628273:1963-3303    -            447 112499at7898         -            279    0.0054   14.6   2.4   6   7     0.064       3.5    5.4   8.2     4    79   304   382   303   387 0.75 -
NODE_45688_length_7470_cov_29.628273:1963-3303    -            447 112499at7898         -            279    0.0054   14.6   2.4   7   7     0.037         2    6.2   5.4     4    58   388   444   386   447 0.82 -
NODE_247940_length_638_cov_64.886827:136-567      -            144 112499at7898         -            279    0.0061   14.5  14.8   1   3     0.002      0.11   10.3   4.9     4    58     4    60     3    83 0.72 -
NODE_247940_length_638_cov_64.886827:136-567      -            144 112499at7898         -            279    0.0061   14.5  14.8   2   3    0.0069      0.37    8.6   4.3     5    51    61   109    59   128 0.74 -
NODE_247940_length_638_cov_64.886827:136-567      -            144 112499at7898         -            279    0.0061   14.5  14.8   3   3     0.014      0.77    7.6   2.3     4    41    88   126    86   142 0.86 -
NODE_89501_length_4441_cov_94.168356:514-1113     -            200 112499at7898         -            279    0.0098   13.8   1.9   1   4   0.00018    0.0098   13.8   1.9     3    41     6    45     5    64 0.82 -
NODE_89501_length_4441_cov_94.168356:514-1113     -            200 112499at7898         -            279    0.0098   13.8   1.9   2   4    0.0022      0.12   10.2   3.5     4    51    63   112    61   119 0.82 -
NODE_89501_length_4441_cov_94.168356:514-1113     -            200 112499at7898         -            279    0.0098   13.8   1.9   3   4       2.5   1.4e+02    0.2   7.4     4    53   119   170   117   179 0.78 -
NODE_89501_length_4441_cov_94.168356:514-1113     -            200 112499at7898         -            279    0.0098   13.8   1.9   4   4      0.88        48    1.7   4.4     5    48   148   193   147   198 0.78 -
NODE_64953_length_5855_cov_38.584260:2116-2571    -            152 112499at7898         -            279      0.01   13.7   5.7   1   3      0.99        54    1.5   0.0    18    49     4    36     1    45 0.73 -
NODE_64953_length_5855_cov_38.584260:2116-2571    -            152 112499at7898         -            279      0.01   13.7   5.7   2   3      0.13       7.1    4.4   0.2     4    43    45    85    44   102 0.78 -
NODE_64953_length_5855_cov_38.584260:2116-2571    -            152 112499at7898         -            279      0.01   13.7   5.7   3   3    0.0027      0.15    9.9   0.2     4    41   101   139    99   150 0.86 -
NODE_32947_length_8990_cov_58.059948:6618-7412    -            265 112499at7898         -            279     0.012   13.5   1.4   1   4      0.21        11    3.7   0.6     5    55    28    80    25    83 0.77 -
NODE_32947_length_8990_cov_58.059948:6618-7412    -            265 112499at7898         -            279     0.012   13.5   1.4   2   4   0.00022     0.012   13.5   1.4     4    41    83   121    81   140 0.84 -
NODE_32947_length_8990_cov_58.059948:6618-7412    -            265 112499at7898         -            279     0.012   13.5   1.4   3   4      0.03       1.6    6.5   1.0     5    42   140   178   136   195 0.78 -
NODE_32947_length_8990_cov_58.059948:6618-7412    -            265 112499at7898         -            279     0.012   13.5   1.4   4   4      0.22        12    3.6   3.6     4    51   195   244   192   264 0.72 -
NODE_30222_length_9392_cov_35.218659:7953-8495    -            181 112499at7898         -            279     0.013   13.4   0.7   1   1   0.00035     0.019   12.8   0.7     4    54   111   163   110   169 0.85 -
NODE_65318_length_5829_cov_43.600698:3208-4200    -            331 112499at7898         -            279     0.014   13.3  38.5   1   5    0.0046      0.25    9.2   2.0     5    56    15    68    12    93 0.69 -
NODE_65318_length_5829_cov_43.600698:3208-4200    -            331 112499at7898         -            279     0.014   13.3  38.5   2   5     0.018      0.99    7.2   1.2     4    50    98   146    96   155 0.80 -
NODE_65318_length_5829_cov_43.600698:3208-4200    -            331 112499at7898         -            279     0.014   13.3  38.5   3   5     0.008      0.44    8.4   3.5     4    42   154   193   152   210 0.83 -
NODE_65318_length_5829_cov_43.600698:3208-4200    -            331 112499at7898         -            279     0.014   13.3  38.5   4   5     0.031       1.7    6.4   1.7     4    57   210   265   207   276 0.76 -
NODE_65318_length_5829_cov_43.600698:3208-4200    -            331 112499at7898         -            279     0.014   13.3  38.5   5   5      0.15         8    4.2   0.8     4    40   294   331   292   331 0.92 -
NODE_91850_length_4330_cov_36.565587:3359-3853    -            165 112499at7898         -            279     0.017   13.0  12.0   1   2    0.0013     0.069   11.0   3.2     4    69    29    97    26   111 0.76 -
NODE_91850_length_4330_cov_36.565587:3359-3853    -            165 112499at7898         -            279     0.017   13.0  12.0   2   2     0.019         1    7.1   0.5     4    40   113   150   112   160 0.87 -
NODE_11382_length_14111_cov_45.051670:5301-5762   -            154 112499at7898         -            279     0.018   12.9  13.6   1   2      0.02       1.1    7.0   5.2     4    76    19    94    18   101 0.76 -
NODE_11382_length_14111_cov_45.051670:5301-5762   -            154 112499at7898         -            279     0.018   12.9  13.6   2   2    0.0016     0.086   10.7   1.3     4    48   103   149   101   152 0.82 -
NODE_34561_length_8757_cov_37.371910:3023-3976    -            318 112499at7898         -            279     0.018   12.9  40.3   1   6       3.2   1.7e+02   -0.2   1.6     5    41     2    39     1    57 0.74 -
NODE_34561_length_8757_cov_37.371910:3023-3976    -            318 112499at7898         -            279     0.018   12.9  40.3   2   6    0.0021      0.12   10.2   3.2     4    51    57   106    54   122 0.83 -
NODE_34561_length_8757_cov_37.371910:3023-3976    -            318 112499at7898         -            279     0.018   12.9  40.3   3   6     0.018      0.97    7.2   1.0     4    52   141   191   138   198 0.83 -
NODE_34561_length_8757_cov_37.371910:3023-3976    -            318 112499at7898         -            279     0.018   12.9  40.3   4   6    0.0012     0.067   11.0   0.5     4    43   197   237   194   253 0.85 -
NODE_34561_length_8757_cov_37.371910:3023-3976    -            318 112499at7898         -            279     0.018   12.9  40.3   5   6     0.019       1.1    7.1   1.2     5    51   226   274   225   282 0.80 -
NODE_34561_length_8757_cov_37.371910:3023-3976    -            318 112499at7898         -            279     0.018   12.9  40.3   6   6     0.024       1.3    6.8   0.9     4    40   281   318   278   318 0.92 -
NODE_105218_length_3758_cov_33.377152:2780-3211   -            144 112499at7898         -            279      0.02   12.8  15.1   1   3     0.058       3.1    5.6   5.7     4    38    32    67     3    71 0.50 -
NODE_105218_length_3758_cov_33.377152:2780-3211   -            144 112499at7898         -            279      0.02   12.8  15.1   2   3    0.0048      0.26    9.1   2.4     4    42    32    71    29    89 0.80 -
NODE_105218_length_3758_cov_33.377152:2780-3211   -            144 112499at7898         -            279      0.02   12.8  15.1   3   3    0.0012     0.064   11.1   2.1     4    57    88   143    85   144 0.83 -
NODE_45800_length_7460_cov_30.138161:4683-5318    -            212 112499at7898         -            279     0.022   12.6  16.1   1   4     0.067       3.7    5.3   0.1    18    44     2    28     1    45 0.82 -
NODE_45800_length_7460_cov_30.138161:4683-5318    -            212 112499at7898         -            279     0.022   12.6  16.1   2   4      0.11       5.8    4.7   0.2     4    41    15    53    13    71 0.80 -
NODE_45800_length_7460_cov_30.138161:4683-5318    -            212 112499at7898         -            279     0.022   12.6  16.1   3   4     0.005      0.27    9.0   0.9     4    50    71   119    68   127 0.82 -
NODE_45800_length_7460_cov_30.138161:4683-5318    -            212 112499at7898         -            279     0.022   12.6  16.1   4   4     0.026       1.4    6.7   2.9     5    52   128   177   125   204 0.79 -
NODE_73898_length_5278_cov_37.120873:2511-2942    -            144 112499at7898         -            279     0.023   12.6  10.7   1   3     0.052       2.9    5.7   1.0     5    43     5    44     2    61 0.79 -
NODE_73898_length_5278_cov_37.120873:2511-2942    -            144 112499at7898         -            279     0.023   12.6  10.7   2   3   0.00039     0.021   12.7   0.8     4    42    60    99    57   111 0.87 -
NODE_73898_length_5278_cov_37.120873:2511-2942    -            144 112499at7898         -            279     0.023   12.6  10.7   3   3     0.017      0.93    7.3   1.4     5    50    89   136    88   144 0.78 -
NODE_3278_length_20332_cov_46.973855:16268-16699  -            144 112499at7898         -            279     0.025   12.4  12.9   1   2    0.0019       0.1   10.4   1.1     4    42    32    71    30    87 0.83 -
NODE_3278_length_20332_cov_46.973855:16268-16699  -            144 112499at7898         -            279     0.025   12.4  12.9   2   2     0.006      0.33    8.8   1.3     5    42    89   127    87   144 0.82 -
NODE_86421_length_4592_cov_37.964834:1054-1923    -            290 112499at7898         -            279     0.025   12.4  26.8   1   5      0.19        10    3.9   0.1    20    56     3    40     1    43 0.82 -
NODE_86421_length_4592_cov_37.964834:1054-1923    -            290 112499at7898         -            279     0.025   12.4  26.8   2   5   0.00038     0.021   12.7   2.6     4    62    42   102    41   123 0.78 -
NODE_86421_length_4592_cov_37.964834:1054-1923    -            290 112499at7898         -            279     0.025   12.4  26.8   3   5      0.11       6.3    4.6   1.5     4    54   126   178   124   196 0.81 -
NODE_86421_length_4592_cov_37.964834:1054-1923    -            290 112499at7898         -            279     0.025   12.4  26.8   4   5      0.15       8.1    4.2   0.7     4    41   182   220   179   234 0.88 -
NODE_86421_length_4592_cov_37.964834:1054-1923    -            290 112499at7898         -            279     0.025   12.4  26.8   5   5      0.27        15    3.4   4.3     4    58   210   266   209   281 0.75 -
NODE_37714_length_8353_cov_75.019869:5416-5889    -            158 112499at7898         -            279     0.047   11.5  14.9   1   3      0.16         9    4.1   0.2    17    51     9    44     1    52 0.74 -
NODE_37714_length_8353_cov_75.019869:5416-5889    -            158 112499at7898         -            279     0.047   11.5  14.9   2   3     0.037         2    6.2   2.1     4    51    51   100    49   108 0.79 -
NODE_37714_length_8353_cov_75.019869:5416-5889    -            158 112499at7898         -            279     0.047   11.5  14.9   3   3     0.003      0.16    9.8   1.4     4    50   107   155   105   158 0.83 -
NODE_101115_length_3923_cov_48.231172:599-1240    -            214 112499at7898         -            279      0.05   11.5  27.5   1   4    0.0084      0.46    8.3   0.2     4    41     3    41     2    54 0.89 -
NODE_101115_length_3923_cov_48.231172:599-1240    -            214 112499at7898         -            279      0.05   11.5  27.5   2   4      0.18       9.8    3.9   9.7     4    78    59   136    58   138 0.82 -
NODE_101115_length_3923_cov_48.231172:599-1240    -            214 112499at7898         -            279      0.05   11.5  27.5   3   4     0.036       1.9    6.2   3.4     5    50   116   163   113   172 0.79 -
NODE_101115_length_3923_cov_48.231172:599-1240    -            214 112499at7898         -            279      0.05   11.5  27.5   4   4      0.07       3.8    5.3   1.1     4    40   171   208   170   211 0.87 -
NODE_75785_length_5163_cov_36.453002:2180-2962    -            261 112499at7898         -            279     0.054   11.3  23.0   1   4     0.002      0.11   10.3   5.4     4    53    14    65    12    72 0.90 -
NODE_75785_length_5163_cov_36.453002:2180-2962    -            261 112499at7898         -            279     0.054   11.3  23.0   2   4     0.063       3.5    5.4   0.5     4    50    98   146    95   151 0.83 -
NODE_75785_length_5163_cov_36.453002:2180-2962    -            261 112499at7898         -            279     0.054   11.3  23.0   3   4     0.041       2.3    6.0   0.6     4    49   183   230   181   236 0.85 -
NODE_75785_length_5163_cov_36.453002:2180-2962    -            261 112499at7898         -            279     0.054   11.3  23.0   4   4     0.016      0.88    7.4   0.6     4    41   211   249   209   260 0.84 -
NODE_33830_length_8861_cov_36.338279:2606-3022    -            139 112499at7898         -            279     0.056   11.3  15.2   1   3    0.0021      0.12   10.3   2.3     4    52     4    53     3    60 0.82 -
NODE_33830_length_8861_cov_36.338279:2606-3022    -            139 112499at7898         -            279     0.056   11.3  15.2   2   3   0.00038     0.021   12.7   1.5     4    44    32    73    31    86 0.81 -
NODE_33830_length_8861_cov_36.338279:2606-3022    -            139 112499at7898         -            279     0.056   11.3  15.2   3   3     0.049       2.7    5.8   2.0     4    41    88   126    85   138 0.84 -
NODE_280066_length_478_cov_22.044855:46-477       -            144 112499at7898         -            279     0.063   11.1  10.3   1   2     0.013      0.69    7.7   2.1     4    55    24    77    22    84 0.82 -
NODE_280066_length_478_cov_22.044855:46-477       -            144 112499at7898         -            279     0.063   11.1  10.3   2   2    0.0082      0.45    8.3   1.1     4    50    88   136    85   142 0.81 -
NODE_188501_length_1472_cov_38.161690:821-1462    -            214 112499at7898         -            279     0.067   11.0  24.6   1   4      0.46        25    2.6   0.2    20    51     8    40     2    48 0.74 -
NODE_188501_length_1472_cov_38.161690:821-1462    -            214 112499at7898         -            279     0.067   11.0  24.6   2   4    0.0071      0.39    8.5   4.5     4    51    47    96    46   104 0.82 -
NODE_188501_length_1472_cov_38.161690:821-1462    -            214 112499at7898         -            279     0.067   11.0  24.6   3   4      0.01      0.55    8.0   1.1     4    41   103   141   101   157 0.83 -
NODE_188501_length_1472_cov_38.161690:821-1462    -            214 112499at7898         -            279     0.067   11.0  24.6   4   4     0.054         3    5.6   0.6     5    50   160   206   158   213 0.79 -
NODE_61521_length_6098_cov_40.114852:3594-4010    -            139 112499at7898         -            279      0.07   11.0  10.7   1   3      0.04       2.2    6.1   0.0    33    55     1    24     1    28 0.78 -
NODE_61521_length_6098_cov_40.114852:3594-4010    -            139 112499at7898         -            279      0.07   11.0  10.7   2   3       0.1       5.5    4.8   2.5     4    50    27    75    25    84 0.78 -
NODE_61521_length_6098_cov_40.114852:3594-4010    -            139 112499at7898         -            279      0.07   11.0  10.7   3   3     0.049       2.7    5.8   0.2     4    49    83   129    81   137 0.82 -
NODE_215803_length_1016_cov_25.825518:0-1013      -            338 112499at7898         -            279     0.071   10.9  45.8   1   7     0.011      0.58    8.0   5.4     4    58    21    77    20    91 0.80 -
NODE_215803_length_1016_cov_25.825518:0-1013      -            338 112499at7898         -            279     0.071   10.9  45.8   2   7      0.88        48    1.7   6.4     5    58    78   133    76   142 0.74 -
NODE_215803_length_1016_cov_25.825518:0-1013      -            338 112499at7898         -            279     0.071   10.9  45.8   3   7     0.086       4.7    5.0   2.5     5    41   106   143   104   161 0.82 -
NODE_215803_length_1016_cov_25.825518:0-1013      -            338 112499at7898         -            279     0.071   10.9  45.8   4   7    0.0022      0.12   10.2   1.0     4    42   161   200   159   217 0.82 -
NODE_215803_length_1016_cov_25.825518:0-1013      -            338 112499at7898         -            279     0.071   10.9  45.8   5   7      0.84        46    1.7   3.7    16    57   202   243   199   259 0.69 -
NODE_215803_length_1016_cov_25.825518:0-1013      -            338 112499at7898         -            279     0.071   10.9  45.8   6   7      0.43        24    2.7   3.2     5    52   218   267   215   274 0.76 -
NODE_215803_length_1016_cov_25.825518:0-1013      -            338 112499at7898         -            279     0.071   10.9  45.8   7   7     0.016      0.85    7.4   3.1     4    51   273   321   271   333 0.83 -
NODE_4083_length_19185_cov_40.670963:7512-8339    -            276 112499at7898         -            279     0.087   10.7  31.3   1   5   0.00059     0.032   12.1   1.6     4    51    27    76    25    84 0.83 -
NODE_4083_length_19185_cov_40.670963:7512-8339    -            276 112499at7898         -            279     0.087   10.7  31.3   2   5     0.048       2.6    5.8   6.3     4    59    83   140    80   160 0.79 -
NODE_4083_length_19185_cov_40.670963:7512-8339    -            276 112499at7898         -            279     0.087   10.7  31.3   3   5      0.55        30    2.3   3.4     5    56   140   193   138   205 0.61 -
NODE_4083_length_19185_cov_40.670963:7512-8339    -            276 112499at7898         -            279     0.087   10.7  31.3   4   5      0.19        10    3.8   0.9     4    41   167   205   165   224 0.83 -
NODE_4083_length_19185_cov_40.670963:7512-8339    -            276 112499at7898         -            279     0.087   10.7  31.3   5   5      0.13       7.2    4.4   1.0     4    41   223   261   221   272 0.85 -
NODE_18698_length_11714_cov_43.725872:3643-4161   -            173 112499at7898         -            279     0.091   10.6  14.2   1   3     0.038       2.1    6.1   1.3     4    50    10    58     9    66 0.80 -
NODE_18698_length_11714_cov_43.725872:3643-4161   -            173 112499at7898         -            279     0.091   10.6  14.2   2   3      0.26        14    3.4   0.3     4    51    66   115    64   122 0.78 -
NODE_18698_length_11714_cov_43.725872:3643-4161   -            173 112499at7898         -            279     0.091   10.6  14.2   3   3     0.003      0.16    9.8   0.9     4    48   122   168   120   172 0.83 -
NODE_52807_length_6795_cov_29.962814:1145-1576    -            144 112499at7898         -            279     0.097   10.5  17.7   1   3     0.044       2.4    5.9   1.1     5    50     5    52     3    61 0.76 -
NODE_52807_length_6795_cov_29.962814:1145-1576    -            144 112499at7898         -            279     0.097   10.5  17.7   2   3     0.012      0.68    7.7   4.4     4    55    60   113    58   117 0.84 -
NODE_52807_length_6795_cov_29.962814:1145-1576    -            144 112499at7898         -            279     0.097   10.5  17.7   3   3   0.00044     0.024   12.5   3.1     4    52    88   137    87   144 0.82 -
NODE_154162_length_2217_cov_24.096789:936-1412    -            159 112499at7898         -            279      0.11   10.3  13.9   1   2     0.015      0.81    7.5   2.1    14    53     5    44     2    61 0.75 -
NODE_154162_length_2217_cov_24.096789:936-1412    -            159 112499at7898         -            279      0.11   10.3  13.9   2   2    0.0066      0.36    8.6   4.3     5    46    79   121    77   150 0.87 -
NODE_251898_length_607_cov_22.868110:0-578        -            193 112499at7898         -            279      0.11   10.3  17.8   1   4     0.017      0.95    7.3   1.2     4    69    23    63     8    77 0.55 -
NODE_251898_length_607_cov_22.868110:0-578        -            193 112499at7898         -            279      0.11   10.3  17.8   2   4     0.025       1.4    6.7   3.0     5    51    52   100    50   120 0.75 -
NODE_251898_length_607_cov_22.868110:0-578        -            193 112499at7898         -            279      0.11   10.3  17.8   3   4     0.019         1    7.1   4.8     4    75    79   153    76   156 0.80 -
NODE_251898_length_607_cov_22.868110:0-578        -            193 112499at7898         -            279      0.11   10.3  17.8   4   4     0.079       4.3    5.1   2.2     4    55   135   188   133   191 0.84 -
NODE_113304_length_3448_cov_121.250224:1110-1538  -            143 112499at7898         -            279      0.13   10.1  14.0   1   3     0.057       3.1    5.6   5.7     5    58     4    59     2    72 0.74 -
NODE_113304_length_3448_cov_121.250224:1110-1538  -            143 112499at7898         -            279      0.13   10.1  14.0   2   3     0.015       0.8    7.5   4.0     5    52    32    80    31    88 0.81 -
NODE_113304_length_3448_cov_121.250224:1110-1538  -            143 112499at7898         -            279      0.13   10.1  14.0   3   3     0.018         1    7.2   0.9     4    41    87   125    85   141 0.85 -
NODE_3477_length_20054_cov_36.004510:10643-11218  -            192 112499at7898         -            279      0.14   10.0  17.0   1   3    0.0051      0.28    9.0   5.3     5    73    29   100    27   107 0.70 -
NODE_3477_length_20054_cov_36.004510:10643-11218  -            192 112499at7898         -            279      0.14   10.0  17.0   2   3      0.24        13    3.5   2.0     4    50    84   130    82   138 0.70 -
NODE_3477_length_20054_cov_36.004510:10643-11218  -            192 112499at7898         -            279      0.14   10.0  17.0   3   3     0.041       2.2    6.0   0.6     4    40   138   175   135   186 0.87 -
NODE_80753_length_4884_cov_37.127064:3564-3995    -            144 112499at7898         -            279      0.14   10.0  17.9   1   2     0.025       1.3    6.8   6.6     5    73     5    76     3    82 0.63 -
NODE_80753_length_4884_cov_37.127064:3564-3995    -            144 112499at7898         -            279      0.14   10.0  17.9   2   2     0.028       1.5    6.6   8.4     5    55    61   113    59   133 0.78 -
NODE_111618_length_3510_cov_165.586925:543-1046   -            168 112499at7898         -            279      0.14   10.0  25.5   1   3       2.7   1.4e+02    0.1   3.7     4    41     2    40     1    56 0.82 -
NODE_111618_length_3510_cov_165.586925:543-1046   -            168 112499at7898         -            279      0.14   10.0  25.5   2   3    0.0038      0.21    9.4   4.5     4    51    58   107    56   115 0.81 -
NODE_111618_length_3510_cov_165.586925:543-1046   -            168 112499at7898         -            279      0.14   10.0  25.5   3   3   0.00079     0.043   11.7   3.3     4    48   114   156   112   165 0.84 -
NODE_2646_length_21405_cov_42.207031:13255-15195  -            647 112499at7898         -            279      0.15    9.9  43.3   1   6     0.081       4.4    5.1   0.8     4    50    83   131    81   137 0.84 -
NODE_2646_length_21405_cov_42.207031:13255-15195  -            647 112499at7898         -            279      0.15    9.9  43.3   2   6       1.9     1e+02    0.6   1.0     4    40   139   176   137   195 0.80 -
NODE_2646_length_21405_cov_42.207031:13255-15195  -            647 112499at7898         -            279      0.15    9.9  43.3   3   6    0.0077      0.42    8.4   0.6     5    54   196   247   193   252 0.85 -
NODE_2646_length_21405_cov_42.207031:13255-15195  -            647 112499at7898         -            279      0.15    9.9  43.3   4   6      0.54        29    2.4   3.0     5    55   252   304   249   319 0.85 -
NODE_2646_length_21405_cov_42.207031:13255-15195  -            647 112499at7898         -            279      0.15    9.9  43.3   5   6    0.0014     0.074   10.9   0.3     5    44   364   404   361   420 0.76 -
NODE_2646_length_21405_cov_42.207031:13255-15195  -            647 112499at7898         -            279      0.15    9.9  43.3   6   6    0.0058      0.32    8.8   2.0     5    56   535   588   534   590 0.86 -
NODE_47695_length_7271_cov_26.793224:1146-1571    -            142 112499at7898         -            279      0.17    9.7   8.3   1   2     0.011      0.61    7.9   0.6     4    41    24    62    19    75 0.90 -
NODE_47695_length_7271_cov_26.793224:1146-1571    -            142 112499at7898         -            279      0.17    9.7   8.3   2   2     0.045       2.5    5.9   1.7     4    56    80   134    77   136 0.83 -
NODE_39552_length_8134_cov_42.451649:3893-4318    -            142 112499at7898         -            279      0.18    9.6  13.4   1   2   0.00055      0.03   12.2   2.3     4    55     4    57     3    63 0.84 -
NODE_39552_length_8134_cov_42.451649:3893-4318    -            142 112499at7898         -            279      0.18    9.6  13.4   2   2      0.47        25    2.6   4.5     6    53    62   111    58   137 0.61 -
NODE_63343_length_5967_cov_33.817655:3170-4684    -            505 112499at7898         -            279      0.18    9.6   2.8   1   1    0.0059      0.32    8.8   2.8     5    54   363   414   361   428 0.82 -
NODE_128926_length_2921_cov_36.840184:1239-1694   -            152 112499at7898         -            279      0.19    9.6  10.0   1   3      0.26        14    3.4   0.1     4    42    17    56    15    69 0.84 -
NODE_128926_length_2921_cov_36.840184:1239-1694   -            152 112499at7898         -            279      0.19    9.6  10.0   2   3    0.0015      0.08   10.8   2.1     4    41    73   111    71   126 0.91 -
NODE_128926_length_2921_cov_36.840184:1239-1694   -            152 112499at7898         -            279      0.19    9.6  10.0   3   3       6.2   3.4e+02   -1.1   0.1     4    15   129   140   126   150 0.70 -
NODE_44443_length_7597_cov_33.219525:2888-3754    -            289 112499at7898         -            279      0.21    9.4   1.5   1   2      0.05       2.7    5.8   0.2     6    40     1    36     1    45 0.90 -
NODE_44443_length_7597_cov_33.219525:2888-3754    -            289 112499at7898         -            279      0.21    9.4   1.5   2   2      0.97        53    1.5   0.2     6    53   213   262   210   279 0.72 -
NODE_7488_length_16141_cov_40.940282:5349-5879    -            177 112499at7898         -            279      0.21    9.4  20.0   1   3     0.013       0.7    7.7   3.0     5    58    26    81    24    82 0.85 -
NODE_7488_length_16141_cov_40.940282:5349-5879    -            177 112499at7898         -            279      0.21    9.4  20.0   2   3    0.0034      0.18    9.6   6.6     4    58    81   137    80   153 0.84 -
NODE_7488_length_16141_cov_40.940282:5349-5879    -            177 112499at7898         -            279      0.21    9.4  20.0   3   3       3.5   1.9e+02   -0.3   0.4     6    40   139   174   136   176 0.59 -
NODE_60004_length_6210_cov_35.171003:3891-4358    -            156 112499at7898         -            279      0.25    9.2  11.7   1   4     0.024       1.3    6.8   0.9     4    53    16    67    14    72 0.78 -
NODE_60004_length_6210_cov_35.171003:3891-4358    -            156 112499at7898         -            279      0.25    9.2  11.7   2   4     0.002      0.11   10.3   1.2     4    50    44    92    42   101 0.80 -
NODE_60004_length_6210_cov_35.171003:3891-4358    -            156 112499at7898         -            279      0.25    9.2  11.7   3   4     0.017      0.93    7.3   3.6     4    55    72   125    71   139 0.79 -
NODE_60004_length_6210_cov_35.171003:3891-4358    -            156 112499at7898         -            279      0.25    9.2  11.7   4   4      0.15       8.1    4.2   0.7     4    43   100   140    98   154 0.83 -
NODE_13642_length_13231_cov_39.586659:7568-8569   -            334 112499at7898         -            279      0.29    8.9  38.6   1   8     0.006      0.33    8.8   3.9     4    44    17    58    15    75 0.79 -
NODE_13642_length_13231_cov_39.586659:7568-8569   -            334 112499at7898         -            279      0.29    8.9  38.6   2   8     0.033       1.8    6.4   3.3     4    58    45   101    44   123 0.80 -
NODE_13642_length_13231_cov_39.586659:7568-8569   -            334 112499at7898         -            279      0.29    8.9  38.6   3   8       1.3        69    1.2   3.9     5    49   102   147    99   167 0.73 -
NODE_13642_length_13231_cov_39.586659:7568-8569   -            334 112499at7898         -            279      0.29    8.9  38.6   4   8      0.93        51    1.6   1.2     4    41   129   167   127   183 0.85 -
NODE_13642_length_13231_cov_39.586659:7568-8569   -            334 112499at7898         -            279      0.29    8.9  38.6   5   8     0.024       1.3    6.8   3.0     4    40   185   222   155   236 0.51 -
NODE_13642_length_13231_cov_39.586659:7568-8569   -            334 112499at7898         -            279      0.29    8.9  38.6   6   8    0.0049      0.27    9.0   1.9     4    78   185   262   182   268 0.78 -
NODE_13642_length_13231_cov_39.586659:7568-8569   -            334 112499at7898         -            279      0.29    8.9  38.6   7   8      0.18       9.9    3.9   0.4     6    43   243   281   239   296 0.81 -
NODE_13642_length_13231_cov_39.586659:7568-8569   -            334 112499at7898         -            279      0.29    8.9  38.6   8   8      0.11       5.8    4.7   0.6     5    40   298   334   295   334 0.90 -
NODE_1995_length_22966_cov_46.444746:18050-18628  -            193 112499at7898         -            279       0.3    8.9   8.6   1   2    0.0018     0.097   10.5   1.9     5    50    33    80    31    85 0.87 -
NODE_1995_length_22966_cov_46.444746:18050-18628  -            193 112499at7898         -            279       0.3    8.9   8.6   2   2      0.53        29    2.4   0.6     3    41   138   180   137   189 0.69 -
NODE_104794_length_3774_cov_49.948844:1824-2243   -            140 112499at7898         -            279      0.31    8.9  17.6   1   3      0.13       7.3    4.3   7.5     5    52     6    55     4    80 0.74 -
NODE_104794_length_3774_cov_49.948844:1824-2243   -            140 112499at7898         -            279      0.31    8.9  17.6   2   3      0.46        25    2.6   0.1    20    51    50    82    43    90 0.75 -
NODE_104794_length_3774_cov_49.948844:1824-2243   -            140 112499at7898         -            279      0.31    8.9  17.6   3   3    0.0093      0.51    8.1   2.5     4    41    89   127    87   138 0.85 -
NODE_23178_length_10653_cov_35.239341:4236-4802   -            189 112499at7898         -            279      0.32    8.8  12.8   1   5       1.9   1.1e+02    0.6   2.0     5    49    30    76    28    87 0.81 -
NODE_23178_length_10653_cov_35.239341:4236-4802   -            189 112499at7898         -            279      0.32    8.8  12.8   2   5       3.1   1.7e+02   -0.1   1.4     6    41    59    95    57   107 0.78 -
NODE_23178_length_10653_cov_35.239341:4236-4802   -            189 112499at7898         -            279      0.32    8.8  12.8   3   5       1.3        72    1.1   0.1     6    41    87   123    82   142 0.71 -
NODE_23178_length_10653_cov_35.239341:4236-4802   -            189 112499at7898         -            279      0.32    8.8  12.8   4   5    0.0016     0.088   10.6   0.3     6    41   115   151   112   160 0.80 -
NODE_23178_length_10653_cov_35.239341:4236-4802   -            189 112499at7898         -            279      0.32    8.8  12.8   5   5   0.00053     0.029   12.2   1.1     4    48   141   187   139   189 0.84 -
NODE_50267_length_7023_cov_37.881282:4623-5063    -            147 112499at7898         -            279      0.43    8.4   7.4   1   2      0.06       3.2    5.5   0.4     4    52     5    54     3    61 0.82 -
NODE_50267_length_7023_cov_37.881282:4623-5063    -            147 112499at7898         -            279      0.43    8.4   7.4   2   2     0.022       1.2    6.9   0.5     5    48    97   141    94   146 0.85 -
NODE_17431_length_12056_cov_31.411893:5951-7267   -            439 112499at7898         -            279      0.44    8.4  56.7   1   7      0.54        29    2.4   1.4     5    42    61    99    59   115 0.80 -
NODE_17431_length_12056_cov_31.411893:5951-7267   -            439 112499at7898         -            279      0.44    8.4  56.7   2   7      0.04       2.2    6.1   1.5     5    41    89   126    87   128 0.91 -
NODE_17431_length_12056_cov_31.411893:5951-7267   -            439 112499at7898         -            279      0.44    8.4  56.7   3   7   0.00057     0.031   12.1   2.3     5    57   117   170   115   173 0.89 -
NODE_17431_length_12056_cov_31.411893:5951-7267   -            439 112499at7898         -            279      0.44    8.4  56.7   4   7    0.0062      0.34    8.7   0.1     5    56   173   225   171   229 0.83 -
NODE_17431_length_12056_cov_31.411893:5951-7267   -            439 112499at7898         -            279      0.44    8.4  56.7   5   7     0.079       4.3    5.1   1.9     4    42   228   267   226   282 0.83 -
NODE_17431_length_12056_cov_31.411893:5951-7267   -            439 112499at7898         -            279      0.44    8.4  56.7   6   7    0.0075      0.41    8.5   3.9     5    58   285   340   283   363 0.84 -
NODE_17431_length_12056_cov_31.411893:5951-7267   -            439 112499at7898         -            279      0.44    8.4  56.7   7   7      0.16       8.7    4.1   1.7     4    42   368   407   366   431 0.78 -
NODE_53973_length_6696_cov_35.102622:1048-1626    -            193 112499at7898         -            279      0.49    8.2  21.7   1   4      0.71        39    2.0   2.3     5    50     2    49     1    58 0.68 -
NODE_53973_length_6696_cov_35.102622:1048-1626    -            193 112499at7898         -            279      0.49    8.2  21.7   2   4     0.022       1.2    6.9   5.2     4    60    57   115    55   138 0.76 -
NODE_53973_length_6696_cov_35.102622:1048-1626    -            193 112499at7898         -            279      0.49    8.2  21.7   3   4     0.045       2.5    5.9   1.7     4    41   113   151   111   171 0.82 -
NODE_53973_length_6696_cov_35.102622:1048-1626    -            193 112499at7898         -            279      0.49    8.2  21.7   4   4    0.0065      0.35    8.7   0.4     5    41   142   179   140   190 0.87 -
NODE_57579_length_6397_cov_38.256589:2264-2848    -            195 112499at7898         -            279       0.5    8.2  28.8   1   5     0.016      0.87    7.4   2.6     5    50     6    53     4    61 0.81 -
NODE_57579_length_6397_cov_38.256589:2264-2848    -            195 112499at7898         -            279       0.5    8.2  28.8   2   5    0.0027      0.15    9.9   5.3     4    56    33    87    31    92 0.80 -
NODE_57579_length_6397_cov_38.256589:2264-2848    -            195 112499at7898         -            279       0.5    8.2  28.8   3   5    0.0081      0.44    8.3   1.0     4    56    61   115    60   118 0.80 -
NODE_57579_length_6397_cov_38.256589:2264-2848    -            195 112499at7898         -            279       0.5    8.2  28.8   4   5     0.018      0.96    7.2   1.2     5    49    90   136    87   145 0.80 -
NODE_57579_length_6397_cov_38.256589:2264-2848    -            195 112499at7898         -            279       0.5    8.2  28.8   5   5      0.21        11    3.7   4.5     4    42   145   184   144   194 0.87 -
NODE_10349_length_14582_cov_34.771387:2362-2823   -            154 112499at7898         -            279      0.52    8.1  14.5   1   2    0.0044      0.24    9.2   2.1     4    43    19    59    16    75 0.82 -
NODE_10349_length_14582_cov_34.771387:2362-2823   -            154 112499at7898         -            279      0.52    8.1  14.5   2   2      0.16       8.7    4.1   4.7     4    50    75   123    73   153 0.69 -
NODE_10902_length_14319_cov_62.785724:3368-3862   -            165 112499at7898         -            279      0.62    7.9  18.0   1   4      0.35        19    3.0   0.6     5    43     2    41     1    57 0.79 -
NODE_10902_length_14319_cov_62.785724:3368-3862   -            165 112499at7898         -            279      0.62    7.9  18.0   2   4      0.12       6.4    4.5   1.7     4    50    29    77    27    86 0.77 -
NODE_10902_length_14319_cov_62.785724:3368-3862   -            165 112499at7898         -            279      0.62    7.9  18.0   3   4    0.0017     0.094   10.5   2.0     4    50    57   105    55   112 0.83 -
NODE_10902_length_14319_cov_62.785724:3368-3862   -            165 112499at7898         -            279      0.62    7.9  18.0   4   4    0.0028      0.15    9.9   5.6     4    67    85   154    83   164 0.75 -
NODE_3687_length_19750_cov_98.144675:9676-10107   -            144 112499at7898         -            279      0.71    7.7  13.6   1   3      0.03       1.6    6.5   0.9     4    49     4    51     3    60 0.79 -
NODE_3687_length_19750_cov_98.144675:9676-10107   -            144 112499at7898         -            279      0.71    7.7  13.6   2   3    0.0038      0.21    9.4   0.9     4    53    32    83    30    89 0.82 -
NODE_3687_length_19750_cov_98.144675:9676-10107   -            144 112499at7898         -            279      0.71    7.7  13.6   3   3     0.071       3.9    5.3   2.5     4    41    88   126    87   142 0.87 -
NODE_932_length_26978_cov_40.254325:17880-18485   -            202 112499at7898         -            279      0.75    7.6  11.4   1   2    0.0025      0.14   10.0   3.2     4    50    40    88    38   116 0.86 -
NODE_932_length_26978_cov_40.254325:17880-18485   -            202 112499at7898         -            279      0.75    7.6  11.4   2   2      0.44        24    2.7   0.8     3    41   147   189   146   198 0.71 -
NODE_43674_length_7675_cov_35.933342:2535-2951    -            139 112499at7898         -            279      0.77    7.6  12.9   1   3    0.0079      0.43    8.4   0.5     4    51     4    53     3    61 0.80 -
NODE_43674_length_7675_cov_35.933342:2535-2951    -            139 112499at7898         -            279      0.77    7.6  12.9   2   3     0.045       2.5    5.9   6.0     5    53    33    83    30    97 0.79 -
NODE_43674_length_7675_cov_35.933342:2535-2951    -            139 112499at7898         -            279      0.77    7.6  12.9   3   3      0.42        23    2.7   6.0     5    58    61   116    59   134 0.74 -
NODE_35383_length_8651_cov_30.787886:1126-1773    -            216 112499at7898         -            279      0.77    7.6  25.3   1   3    0.0029      0.16    9.8   1.2     9    51     1    45     1    75 0.82 -
NODE_35383_length_8651_cov_30.787886:1126-1773    -            216 112499at7898         -            279      0.77    7.6  25.3   2   3      0.14       7.8    4.3   2.1     4    53    80   131    78   137 0.81 -
NODE_35383_length_8651_cov_30.787886:1126-1773    -            216 112499at7898         -            279      0.77    7.6  25.3   3   3     0.091         5    4.9   7.4     4    52   136   186   134   203 0.82 -
NODE_64312_length_5898_cov_33.236593:3083-4396    -            438 112499at7898         -            279      0.79    7.5  29.3   1   6       3.6     2e+02   -0.3   0.1    27    49    44    67    34    70 0.75 -
NODE_64312_length_5898_cov_33.236593:3083-4396    -            438 112499at7898         -            279      0.79    7.5  29.3   2   6      0.51        28    2.4   1.7     4    43    82   128    81   145 0.68 -
NODE_64312_length_5898_cov_33.236593:3083-4396    -            438 112499at7898         -            279      0.79    7.5  29.3   3   6    0.0014     0.074   10.9   0.2     4    42   189   228   188   246 0.83 -
NODE_64312_length_5898_cov_33.236593:3083-4396    -            438 112499at7898         -            279      0.79    7.5  29.3   4   6     0.028       1.6    6.6   0.1     5    41   246   283   242   298 0.83 -
NODE_64312_length_5898_cov_33.236593:3083-4396    -            438 112499at7898         -            279      0.79    7.5  29.3   5   6       4.9   2.7e+02   -0.8   0.2     5    50   302   349   298   358 0.72 -
NODE_64312_length_5898_cov_33.236593:3083-4396    -            438 112499at7898         -            279      0.79    7.5  29.3   6   6      0.14       7.5    4.3   1.9     4    56   357   411   355   421 0.79 -
NODE_56633_length_6474_cov_46.585412:5038-5625    -            196 112499at7898         -            279       1.1    7.0  26.8   1   4     0.017      0.91    7.3   0.3    32    54     2    25     1    30 0.76 -
NODE_56633_length_6474_cov_46.585412:5038-5625    -            196 112499at7898         -            279       1.1    7.0  26.8   2   4     0.062       3.4    5.4   1.2     4    50    29    77    28    85 0.78 -
NODE_56633_length_6474_cov_46.585412:5038-5625    -            196 112499at7898         -            279       1.1    7.0  26.8   3   4      0.14       7.8    4.3   5.3     4    58    85   141    83   147 0.83 -
NODE_56633_length_6474_cov_46.585412:5038-5625    -            196 112499at7898         -            279       1.1    7.0  26.8   4   4      0.32        18    3.1   3.6     4    52   141   191   139   195 0.81 -
NODE_281106_length_474_cov_76.616000:32-463       -            144 112499at7898         -            279       1.1    7.0  21.2   1   3     0.019         1    7.2   4.3     4    49     4    51     3    61 0.81 -
NODE_281106_length_474_cov_76.616000:32-463       -            144 112499at7898         -            279       1.1    7.0  21.2   2   3       0.3        16    3.2   0.3    19    51    48    81    44    89 0.74 -
NODE_281106_length_474_cov_76.616000:32-463       -            144 112499at7898         -            279       1.1    7.0  21.2   3   3     0.027       1.5    6.6   4.7     4    53    88   139    87   144 0.84 -
NODE_38014_length_8316_cov_59.403675:4956-5417    -            154 112499at7898         -            279       1.1    7.0  13.6   1   3      0.38        21    2.9   1.5     5    43    20    59    16    71 0.77 -
NODE_38014_length_8316_cov_59.403675:4956-5417    -            154 112499at7898         -            279       1.1    7.0  13.6   2   3    0.0075      0.41    8.5   4.3     4    42    75   114    72   146 0.85 -
NODE_38014_length_8316_cov_59.403675:4956-5417    -            154 112499at7898         -            279       1.1    7.0  13.6   3   3         5   2.7e+02   -0.8   0.1     4    21   131   149   128   152 0.71 -
NODE_7521_length_16116_cov_97.551477:1723-2226    -            168 112499at7898         -            279       1.1    7.0  24.1   1   5      0.11       5.8    4.7   2.1     5    42     2    40     1    57 0.79 -
NODE_7521_length_16116_cov_97.551477:1723-2226    -            168 112499at7898         -            279       1.1    7.0  24.1   2   5       1.3        70    1.1   5.4     5    41    30    67    29    86 0.79 -
NODE_7521_length_16116_cov_97.551477:1723-2226    -            168 112499at7898         -            279       1.1    7.0  24.1   3   5      0.11       5.8    4.7   3.9     4    52    57   106    56   113 0.81 -
NODE_7521_length_16116_cov_97.551477:1723-2226    -            168 112499at7898         -            279       1.1    7.0  24.1   4   5     0.011      0.62    7.9   8.6     4    58    85   141    82   152 0.78 -
NODE_7521_length_16116_cov_97.551477:1723-2226    -            168 112499at7898         -            279       1.1    7.0  24.1   5   5    0.0035      0.19    9.6   2.3     3    49   112   160   110   167 0.83 -
NODE_20414_length_11273_cov_77.179792:2903-3391   -            163 112499at7898         -            279       1.2    6.9   6.9   1   1   0.00054     0.029   12.2   0.6     4    50   100   150    99   159 0.81 -
NODE_78299_length_5023_cov_49.441105:1561-2550    -            330 112499at7898         -            279       1.8    6.3  41.0   1   8      0.34        18    3.0   1.2     6    40    18    53    16    65 0.86 -
NODE_78299_length_5023_cov_49.441105:1561-2550    -            330 112499at7898         -            279       1.8    6.3  41.0   2   8    0.0036       0.2    9.5   0.3     5    51    64   112    60   120 0.80 -
NODE_78299_length_5023_cov_49.441105:1561-2550    -            330 112499at7898         -            279       1.8    6.3  41.0   3   8     0.004      0.22    9.4   1.4     5    49    92   138    90   145 0.81 -
NODE_78299_length_5023_cov_49.441105:1561-2550    -            330 112499at7898         -            279       1.8    6.3  41.0   4   8      0.18       9.8    3.9   1.8     5    40   148   184   146   201 0.88 -
NODE_78299_length_5023_cov_49.441105:1561-2550    -            330 112499at7898         -            279       1.8    6.3  41.0   5   8      0.95        52    1.6   0.6     4    44   175   216   174   231 0.75 -
NODE_78299_length_5023_cov_49.441105:1561-2550    -            330 112499at7898         -            279       1.8    6.3  41.0   6   8     0.052       2.8    5.7   0.7     5    40   204   240   202   244 0.90 -
NODE_78299_length_5023_cov_49.441105:1561-2550    -            330 112499at7898         -            279       1.8    6.3  41.0   7   8     0.023       1.3    6.8   3.5     4    44   231   272   229   284 0.85 -
NODE_78299_length_5023_cov_49.441105:1561-2550    -            330 112499at7898         -            279       1.8    6.3  41.0   8   8     0.055         3    5.6   0.2     5    40   288   324   286   327 0.90 -
NODE_21153_length_11096_cov_36.364645:3709-4131   -            141 112499at7898         -            279       2.1    6.1  16.9   1   3         4   2.2e+02   -0.5   6.8     5    40    35    71     5    85 0.50 -
NODE_21153_length_11096_cov_36.364645:3709-4131   -            141 112499at7898         -            279       2.1    6.1  16.9   2   3    0.0051      0.28    9.0   1.1     4    44    62   103    59   115 0.82 -
NODE_21153_length_11096_cov_36.364645:3709-4131   -            141 112499at7898         -            279       2.1    6.1  16.9   3   3   0.00087     0.047   11.5   2.5     4    52    90   139    88   141 0.90 -
NODE_41348_length_7930_cov_34.929511:3813-4241    -            143 112499at7898         -            279       2.1    6.1   6.0   1   2     0.053       2.9    5.7   0.1    27    55    60    89    53    93 0.79 -
NODE_41348_length_7930_cov_34.929511:3813-4241    -            143 112499at7898         -            279       2.1    6.1   6.0   2   2      0.24        13    3.5   0.3     4    41    92   130    90   141 0.88 -
NODE_126097_length_3012_cov_31.254034:1683-2156   -            158 112499at7898         -            279       2.3    6.0  12.1   1   3      0.64        35    2.1   0.2    18    49    10    41     2    51 0.80 -
NODE_126097_length_3012_cov_31.254034:1683-2156   -            158 112499at7898         -            279       2.3    6.0  12.1   2   3    0.0047      0.26    9.1   3.7     4    53    51   102    48   132 0.78 -
NODE_126097_length_3012_cov_31.254034:1683-2156   -            158 112499at7898         -            279       2.3    6.0  12.1   3   3       4.3   2.3e+02   -0.6   0.2    19    41   123   145   106   156 0.61 -
NODE_223595_length_910_cov_337.706535:355-786     -            144 112499at7898         -            279       2.5    5.9  22.8   1   3       1.4        78    1.0  12.0     4    78     4    81     3    86 0.79 -
NODE_223595_length_910_cov_337.706535:355-786     -            144 112499at7898         -            279       2.5    5.9  22.8   2   3     0.079       4.3    5.1  10.4     4    55    60   112    58   127 0.77 -
NODE_223595_length_910_cov_337.706535:355-786     -            144 112499at7898         -            279       2.5    5.9  22.8   3   3    0.0062      0.34    8.7   3.0     4    51    88   137    87   144 0.80 -
NODE_60109_length_6202_cov_30.896936:652-1287     -            212 112499at7898         -            279       3.2    5.5  22.5   1   4       0.5        27    2.5   2.6     9    56     3    52     1    63 0.55 -
NODE_60109_length_6202_cov_30.896936:652-1287     -            212 112499at7898         -            279       3.2    5.5  22.5   2   4      0.22        12    3.6   1.3     4    41    26    64    25    82 0.79 -
NODE_60109_length_6202_cov_30.896936:652-1287     -            212 112499at7898         -            279       3.2    5.5  22.5   3   4      0.11       5.7    4.7   7.9     4    58    82   138    80   149 0.79 -
NODE_60109_length_6202_cov_30.896936:652-1287     -            212 112499at7898         -            279       3.2    5.5  22.5   4   4      0.56        30    2.3   4.6     4    52   138   188   136   204 0.78 -
NODE_138568_length_2631_cov_37.097551:277-693     -            139 112499at7898         -            279       4.6    5.0  14.2   1   3      0.16       8.9    4.1   6.6     4    78     4    81     3    86 0.72 -
NODE_138568_length_2631_cov_37.097551:277-693     -            139 112499at7898         -            279       4.6    5.0  14.2   2   3     0.021       1.1    7.0   1.2     4    41    60    98    57   111 0.88 -
NODE_138568_length_2631_cov_37.097551:277-693     -            139 112499at7898         -            279       4.6    5.0  14.2   3   3      0.11       6.2    4.6   0.9     4    41    88   126    85   137 0.87 -
NODE_13653_length_13227_cov_21.818784:3686-4756   -            173 112499at7898         -            279       5.3    4.8  14.7   1   2     0.019         1    7.2   6.2     4    74    35   108    34   113 0.62 -
NODE_13653_length_13227_cov_21.818784:3686-4756   -            173 112499at7898         -            279       5.3    4.8  14.7   2   2       0.4        22    2.8   5.6     5    52    92   141    88   170 0.73 -
NODE_14266_length_13009_cov_33.898218:3374-3943   -            190 112499at7898         -            279         6    4.6  20.7   1   4       3.2   1.7e+02   -0.2   0.0    32    50     6    25     3    34 0.69 -
NODE_14266_length_13009_cov_33.898218:3374-3943   -            190 112499at7898         -            279         6    4.6  20.7   2   4     0.048       2.6    5.8   3.0     4    41    33    71    30    90 0.84 -
NODE_14266_length_13009_cov_33.898218:3374-3943   -            190 112499at7898         -            279         6    4.6  20.7   3   4      0.03       1.6    6.5   3.8     4    40   117   154    86   159 0.71 -
NODE_14266_length_13009_cov_33.898218:3374-3943   -            190 112499at7898         -            279         6    4.6  20.7   4   4     0.014      0.77    7.6   3.7     4    50   117   165   115   184 0.83 -
NODE_191509_length_1416_cov_23.495065:363-779     -            139 112499at7898         -            279       6.6    4.5  16.4   1   4      0.12       6.4    4.5   1.0     4    41     4    42     3    60 0.78 -
NODE_191509_length_1416_cov_23.495065:363-779     -            139 112499at7898         -            279       6.6    4.5  16.4   2   4      0.45        25    2.6   6.3     4    39    60    96    31    98 0.48 -
NODE_191509_length_1416_cov_23.495065:363-779     -            139 112499at7898         -            279       6.6    4.5  16.4   3   4       1.1        60    1.3   8.5     4    53    60   111    58   127 0.70 -
NODE_191509_length_1416_cov_23.495065:363-779     -            139 112499at7898         -            279       6.6    4.5  16.4   4   4     0.043       2.4    6.0   2.3     4    50    88   136    85   138 0.83 -
NODE_107420_length_3675_cov_31.874161:1824-2273   -            150 112499at7898         -            279       8.3    4.2  14.6   1   3     0.034       1.9    6.3   2.0     2    75     8    56     4    61 0.58 -
NODE_107420_length_3675_cov_31.874161:1824-2273   -            150 112499at7898         -            279       8.3    4.2  14.6   2   3      0.09       4.9    4.9   7.6     4    52    38    88    37   107 0.81 -
NODE_107420_length_3675_cov_31.874161:1824-2273   -            150 112499at7898         -            279       8.3    4.2  14.6   3   3      0.94        51    1.6   0.5     6    53    96   145    91   150 0.60 -
#
# Program:         hmmsearch
# Version:         3.1b2 (February 2015)
# Pipeline mode:   SEARCH
# Query file:      /home/e1garcia/shotgun_PIRE/abyss/busco_downloads/lineages/actinopterygii_odb10/hmms/112499at7898.hmm
# Target file:     /home/e1garcia/shotgun_PIRE/pire_ssl_data_processing/plotosus_lineatus/busco_contigs_results-SPAdes_contam_R1R2_noIsolate/run_actinopterygii_odb10/metaeuk_output/initial_results/contigs.modified.fasta.modified.fas
# Option settings: hmmsearch --domtblout /home/e1garcia/shotgun_PIRE/pire_ssl_data_processing/plotosus_lineatus/busco_contigs_results-SPAdes_contam_R1R2_noIsolate/run_actinopterygii_odb10/hmmer_output/initial_run_results/112499at7898.out --cpu 1 /home/e1garcia/shotgun_PIRE/abyss/busco_downloads/lineages/actinopterygii_odb10/hmms/112499at7898.hmm /home/e1garcia/shotgun_PIRE/pire_ssl_data_processing/plotosus_lineatus/busco_contigs_results-SPAdes_contam_R1R2_noIsolate/run_actinopterygii_odb10/metaeuk_output/initial_results/contigs.modified.fasta.modified.fas 
# Current dir:     /home/e1garcia/shotgun_PIRE/pire_ssl_data_processing/plotosus_lineatus
# Date:            Fri Aug 20 13:16:43 2021
# [ok]
