#                                                                                                        --- full sequence --- -------------- this domain -------------   hmm coord   ali coord   env coord
# target name                                    accession   tlen query name           accession   qlen   E-value  score  bias   #  of  c-Evalue  i-Evalue  score  bias  from    to  from    to  from    to  acc description of target
#                            ------------------- ---------- ----- -------------------- ---------- ----- --------- ------ ----- --- --- --------- --------- ------ ----- ----- ----- ----- ----- ----- ----- ---- ---------------------
NODE_297_length_33672_cov_40.848986:27946-29921  -            179 112648at7898         -            167   8.6e-88  290.9   0.1   1   1   4.5e-90   9.9e-88  290.7   0.1     2   167     8   179     7   179 0.97 -
NODE_11842_length_13918_cov_27.187785:2219-7637  -            185 112648at7898         -            167   1.3e-84  280.6   0.0   1   1   6.7e-87   1.5e-84  280.4   0.0     1   167    14   185    14   185 0.97 -
NODE_39610_length_8128_cov_40.752024:1107-1849   -            186 112648at7898         -            167   2.8e-83  276.2   0.0   1   1   1.4e-85   3.2e-83  276.0   0.0     1   167    15   186    15   186 0.97 -
NODE_2183_length_22427_cov_33.671175:10208-14769 -            105 112648at7898         -            167   4.6e-70  233.2   1.0   1   1   2.3e-72   5.1e-70  233.1   1.0    63   167     1   105     1   105 0.99 -
NODE_150943_length_2301_cov_26.500454:541-1821   -            109 112648at7898         -            167   4.6e-54  181.2   0.2   1   1   2.3e-56   5.1e-54  181.0   0.2    60   167     1   109     1   109 0.98 -
NODE_15954_length_12484_cov_24.608962:5616-6459  -            125 112648at7898         -            167     8e-49  164.1   0.5   1   1   4.2e-51   9.2e-49  163.9   0.5     1   103    17   124    17   125 0.95 -
NODE_59072_length_6282_cov_32.555556:4092-5201   -            370 112648at7898         -            167     5e-22   76.9   0.0   1   2   1.1e-10   2.3e-08   32.5   0.0    38   166    34   163    24   164 0.77 -
NODE_59072_length_6282_cov_32.555556:4092-5201   -            370 112648at7898         -            167     5e-22   76.9   0.0   2   2   9.2e-14     2e-11   42.4   0.0    57   166   242   355   217   356 0.86 -
NODE_44644_length_7576_cov_32.419687:3820-4209   -            130 112648at7898         -            167   9.2e-22   76.1   0.0   1   1   4.7e-24     1e-21   75.9   0.0    36   166     1   130     1   130 0.94 -
NODE_38364_length_8274_cov_32.949235:632-1576    -            315 112648at7898         -            167   1.7e-18   65.4   0.2   1   2   1.7e-08   3.7e-06   25.3   0.1    36   166    12   143     1   144 0.81 -
NODE_38364_length_8274_cov_32.949235:632-1576    -            315 112648at7898         -            167   1.7e-18   65.4   0.2   2   2   1.4e-12   3.1e-10   38.5   0.0    36   166   178   314   159   315 0.77 -
NODE_158182_length_2118_cov_38.633482:195-962    -            256 112648at7898         -            167   5.8e-13   47.4   0.1   1   1   3.3e-15   7.2e-13   47.1   0.1    57   166   143   255   124   256 0.83 -
NODE_23516_length_10584_cov_37.764139:1316-3720  -            248 112648at7898         -            167   8.8e-09   33.8   0.0   1   1   5.3e-11   1.2e-08   33.4   0.0    33   166   104   239    99   240 0.81 -
NODE_74306_length_5253_cov_26.880675:3312-3854   -            181 112648at7898         -            167   6.3e-08   31.0   0.0   1   1   3.4e-10   7.4e-08   30.8   0.0    38   165    56   181    34   181 0.76 -
NODE_39413_length_8148_cov_38.545658:3587-4216   -            210 112648at7898         -            167   4.7e-07   28.2   0.1   1   1   2.7e-09     6e-07   27.9   0.1    60   166   103   209    83   210 0.78 -
NODE_12530_length_13651_cov_48.924734:2027-4312  -            291 112648at7898         -            167   5.6e-07   28.0   0.1   1   1   3.6e-09   7.9e-07   27.5   0.1    58   165   164   274   142   276 0.76 -
NODE_89562_length_4439_cov_31.774194:1631-3523   -            631 112648at7898         -            167   6.9e-07   27.7   0.0   1   1   4.2e-09   9.2e-07   27.3   0.0    59   166   521   631   517   631 0.85 -
NODE_808_length_27850_cov_47.418688:15679-26354  -            685 112648at7898         -            167   3.4e-06   25.4   0.0   1   1   2.2e-08   4.8e-06   24.9   0.0    37   166   557   684   547   685 0.80 -
NODE_12105_length_13815_cov_39.917323:3184-3714  -            177 112648at7898         -            167   5.4e-06   24.8   0.2   1   1     3e-08   6.5e-06   24.5   0.2    53   163    61   176    35   177 0.73 -
NODE_30603_length_9331_cov_138.081239:3227-5107  -            627 112648at7898         -            167   1.1e-05   23.7   0.0   1   1   7.2e-08   1.6e-05   23.2   0.0    59   166   517   627   514   627 0.87 -
NODE_60080_length_6204_cov_38.310565:1728-2333   -            202 112648at7898         -            167   1.2e-05   23.6   0.0   1   1   6.9e-08   1.5e-05   23.3   0.0    58   165    85   195    60   197 0.75 -
NODE_1678_length_23889_cov_66.999916:19639-20460 -            274 112648at7898         -            167   6.4e-05   21.3   0.2   1   1   3.8e-07   8.4e-05   20.9   0.2    60   166   167   273   152   274 0.82 -
NODE_62033_length_6062_cov_29.949522:3989-4537   -            183 112648at7898         -            167   0.00023   19.5   0.4   1   1   5.7e-06    0.0013   17.1   0.4    32   165    42   182    28   183 0.68 -
NODE_65433_length_5821_cov_44.675114:1354-4047   -            374 112648at7898         -            167    0.0029   15.9   0.0   1   1   1.8e-05     0.004   15.4   0.0    59   166   264   373   261   374 0.82 -
NODE_72035_length_5392_cov_24.212734:2450-2848   -            133 112648at7898         -            167     0.004   15.4   0.0   1   1   2.1e-05    0.0045   15.2   0.0    57    93    79   116    58   133 0.79 -
NODE_128810_length_2925_cov_31.883227:662-2527   -            622 112648at7898         -            167    0.0042   15.4   0.0   1   1   2.5e-05    0.0055   15.0   0.0    59   164   511   619   495   622 0.80 -
NODE_17603_length_12007_cov_61.222875:6416-11509 -            446 112648at7898         -            167    0.0053   15.0   0.0   1   1   3.6e-05    0.0079   14.5   0.0    59   166   336   445   325   446 0.83 -
NODE_13717_length_13204_cov_30.193209:282-713    -            144 112648at7898         -            167    0.0057   14.9   0.0   1   1   3.2e-05    0.0069   14.6   0.0    36    93    60   112    43   131 0.79 -
NODE_81312_length_4855_cov_27.094407:1436-1813   -            126 112648at7898         -            167    0.0068   14.7   0.0   1   1   3.6e-05    0.0079   14.5   0.0    36    94    55   108    38   125 0.74 -
NODE_44820_length_7560_cov_29.518027:2181-2636   -            152 112648at7898         -            167    0.0077   14.5   0.0   1   1   4.5e-05    0.0099   14.1   0.0    35    93    83   136    67   144 0.81 -
NODE_61738_length_6082_cov_88.388768:1397-1795   -            133 112648at7898         -            167     0.018   13.3   0.0   1   1   9.1e-05      0.02   13.1   0.0    33    93    61   116    45   133 0.73 -
#
# Program:         hmmsearch
# Version:         3.1b2 (February 2015)
# Pipeline mode:   SEARCH
# Query file:      /home/e1garcia/shotgun_PIRE/abyss/busco_downloads/lineages/actinopterygii_odb10/hmms/112648at7898.hmm
# Target file:     /home/e1garcia/shotgun_PIRE/pire_ssl_data_processing/plotosus_lineatus/busco_contigs_results-SPAdes_contam_R1R2_noIsolate/run_actinopterygii_odb10/metaeuk_output/initial_results/contigs.modified.fasta.modified.fas
# Option settings: hmmsearch --domtblout /home/e1garcia/shotgun_PIRE/pire_ssl_data_processing/plotosus_lineatus/busco_contigs_results-SPAdes_contam_R1R2_noIsolate/run_actinopterygii_odb10/hmmer_output/initial_run_results/112648at7898.out --cpu 1 /home/e1garcia/shotgun_PIRE/abyss/busco_downloads/lineages/actinopterygii_odb10/hmms/112648at7898.hmm /home/e1garcia/shotgun_PIRE/pire_ssl_data_processing/plotosus_lineatus/busco_contigs_results-SPAdes_contam_R1R2_noIsolate/run_actinopterygii_odb10/metaeuk_output/initial_results/contigs.modified.fasta.modified.fas 
# Current dir:     /home/e1garcia/shotgun_PIRE/pire_ssl_data_processing/plotosus_lineatus
# Date:            Fri Aug 20 13:17:41 2021
# [ok]
