#                                                                                                         --- full sequence --- -------------- this domain -------------   hmm coord   ali coord   env coord
# target name                                     accession   tlen query name           accession   qlen   E-value  score  bias   #  of  c-Evalue  i-Evalue  score  bias  from    to  from    to  from    to  acc description of target
#                             ------------------- ---------- ----- -------------------- ---------- ----- --------- ------ ----- --- --- --------- --------- ------ ----- ----- ----- ----- ----- ----- ----- ---- ---------------------
NODE_8812_length_15368_cov_43.477634:11715-15121  -            192 112711at7898         -            195  1.5e-113  375.6   3.9   1   1  2.2e-115  1.8e-113  375.4   3.9     1   173     1   179     1   192 0.95 -
NODE_1286_length_25324_cov_37.320159:8004-15640   -            205 112711at7898         -            195   1.9e-31  107.7   0.1   1   1     3e-33   2.4e-31  107.4   0.1     4   175     2   184     1   188 0.89 -
NODE_490_length_30524_cov_36.902876:13143-17709   -            161 112711at7898         -            195   1.3e-30  104.9   0.1   1   1   1.9e-32   1.5e-30  104.8   0.1    10   159     2   158     1   161 0.89 -
NODE_3572_length_19915_cov_36.207055:8558-14282   -            209 112711at7898         -            195   1.4e-30  104.9   0.1   1   1     2e-32   1.6e-30  104.6   0.1    10   171     4   173     1   198 0.83 -
NODE_2251_length_22263_cov_35.960341:9075-17234   -            203 112711at7898         -            195   1.6e-29  101.4   0.1   1   1   2.4e-31   1.9e-29  101.2   0.1    11   171     2   169     1   197 0.83 -
NODE_21101_length_11106_cov_60.736440:2362-5039   -            179 112711at7898         -            195   4.2e-28   96.8   0.0   1   1   6.7e-30   5.3e-28   96.4   0.0    11   167     6   171     2   178 0.86 -
NODE_10703_length_14403_cov_35.141848:3758-7769   -            201 112711at7898         -            195   1.8e-27   94.7   0.0   1   1   2.6e-29   2.1e-27   94.5   0.0    12   164     1   160     1   185 0.88 -
NODE_1181_length_25786_cov_41.962627:1316-1873    -            186 112711at7898         -            195   2.1e-26   91.3   0.0   1   1   3.8e-28   3.1e-26   90.7   0.0    10   164    10   175     4   183 0.86 -
NODE_1366_length_25018_cov_51.654962:9509-10015   -            169 112711at7898         -            195   4.9e-26   90.0   0.0   1   1   8.7e-28     7e-26   89.5   0.0    10   157     2   163     1   168 0.83 -
NODE_53901_length_6702_cov_28.078146:2369-6090    -            102 112711at7898         -            195   2.7e-23   81.1   0.3   1   1     4e-25   3.2e-23   80.9   0.3     6    98     5    97     2   101 0.95 -
NODE_5016_length_18121_cov_86.874265:7492-8091    -            200 112711at7898         -            195   1.2e-22   79.0   0.0   1   1   2.1e-24   1.7e-22   78.5   0.0    11   161    28   186    21   196 0.88 -
NODE_38272_length_8286_cov_47.137291:4000-5824    -            130 112711at7898         -            195     1e-21   75.9   0.0   1   1   1.5e-23   1.2e-21   75.8   0.0    12   132     1   128     1   130 0.85 -
NODE_5946_length_17274_cov_41.059156:2903-6769    -            119 112711at7898         -            195   1.4e-21   75.5   0.2   1   1   1.8e-23   1.5e-21   75.4   0.2     7    97     5    95     1   113 0.92 -
NODE_5267_length_17889_cov_32.845756:13345-13926  -            127 112711at7898         -            195   9.1e-21   72.9   0.0   1   1   1.3e-22     1e-20   72.7   0.0    10   122     7   124     3   127 0.89 -
NODE_18675_length_11720_cov_41.754410:9791-10327  -            179 112711at7898         -            195   2.4e-20   71.5   0.2   1   1   3.9e-22   3.1e-20   71.1   0.2    10   159    10   166     2   173 0.89 -
NODE_3_length_276070_cov_4.893833:123140-123607   -            156 112711at7898         -            195   3.8e-20   70.8   0.3   1   1   5.4e-22   4.3e-20   70.6   0.3    11   164     1   156     1   156 0.82 -
NODE_40613_length_8013_cov_40.180692:606-1079     -            158 112711at7898         -            195   1.3e-19   69.0   0.0   1   1     2e-21   1.6e-19   68.8   0.0    11   158     3   157     1   158 0.86 -
NODE_5423_length_17725_cov_36.608192:14714-15235  -            174 112711at7898         -            195     4e-19   67.5   0.0   1   1     6e-21   4.7e-19   67.2   0.0    10   127     1   124     1   167 0.88 -
NODE_13407_length_13328_cov_38.026230:5745-8813   -            122 112711at7898         -            195   5.6e-19   67.0   0.0   1   1   7.9e-21   6.3e-19   66.8   0.0    11   119     5   121     2   122 0.79 -
NODE_3561_length_19927_cov_88.314555:3841-6310    -            120 112711at7898         -            195   1.8e-18   65.3   0.1   1   1   2.5e-20     2e-18   65.2   0.1    46   156     3   117     1   120 0.86 -
NODE_2744_length_21227_cov_49.256058:1148-1875    -            120 112711at7898         -            195   4.9e-18   63.9   0.0   1   1   7.2e-20   5.7e-18   63.7   0.0    59   165     2   119     1   120 0.78 -
NODE_119212_length_3243_cov_28.137087:1666-2223   -            186 112711at7898         -            195     8e-18   63.2   0.0   1   1   1.2e-19   9.4e-18   63.0   0.0     9   129     2   130     1   169 0.84 -
NODE_17815_length_11950_cov_38.000844:8274-8795   -            174 112711at7898         -            195   7.3e-17   60.1   0.0   1   1   1.8e-18   1.4e-16   59.2   0.0    11   133     1   129     1   174 0.86 -
NODE_13305_length_13365_cov_49.616011:7424-7969   -            182 112711at7898         -            195   1.9e-16   58.8   0.0   1   1     4e-18   3.2e-16   58.0   0.0    10   126     1   123     1   180 0.72 -
NODE_56407_length_6494_cov_44.553714:1913-2721    -            112 112711at7898         -            195   2.5e-16   58.4   0.1   1   1   3.4e-18   2.7e-16   58.3   0.1     6    98     6   101     1   110 0.88 -
NODE_81069_length_4869_cov_28.503354:2522-4615    -            131 112711at7898         -            195   2.3e-15   55.2   0.0   1   1   3.4e-17   2.7e-15   55.0   0.0    11   126     1   121     1   127 0.86 -
NODE_803_length_27882_cov_34.177807:7854-16065    -            138 112711at7898         -            195   2.5e-15   55.1   0.0   1   1   4.2e-17   3.3e-15   54.7   0.0    10   124    13   133     7   137 0.85 -
NODE_31912_length_9137_cov_36.198274:1457-3579    -            246 112711at7898         -            195     5e-15   54.1   0.0   1   1   8.5e-17   6.8e-15   53.7   0.0     2   122    33   159    32   207 0.86 -
NODE_5926_length_17297_cov_39.394116:4808-8293    -            123 112711at7898         -            195   2.3e-14   51.9   0.0   1   1   3.5e-16   2.8e-14   51.7   0.0    10   119     7   122     2   123 0.88 -
NODE_112096_length_3492_cov_27.253758:811-2613    -            307 112711at7898         -            195   3.3e-14   51.4   0.5   1   1   6.1e-16   4.8e-14   50.9   0.5    10   163    91   250    85   280 0.83 -
NODE_22842_length_10723_cov_32.068901:1858-6137   -            192 112711at7898         -            195   7.2e-14   50.3   0.1   1   1   1.2e-15   9.6e-14   49.9   0.1    62   169    69   179    65   191 0.81 -
NODE_69273_length_5565_cov_49.084523:4452-4931    -            160 112711at7898         -            195   4.3e-13   47.8   0.4   1   1   6.2e-15   4.9e-13   47.6   0.4    10   159     2   159     1   160 0.83 -
NODE_49985_length_7048_cov_33.674773:2023-2391    -            123 112711at7898         -            195   4.4e-13   47.8   0.0   1   1     6e-15   4.8e-13   47.7   0.0    60   156     3   111     1   123 0.77 -
NODE_23689_length_10552_cov_29.296948:2974-6825   -            105 112711at7898         -            195   5.4e-13   47.5   0.0   1   1     8e-15   6.4e-13   47.3   0.0    43   135     1   100     1   104 0.85 -
NODE_64734_length_5870_cov_38.118004:1181-1749    -            100 112711at7898         -            195   2.5e-12   45.3   0.0   1   1   3.6e-14   2.9e-12   45.1   0.0     8    95     7    93     2    98 0.90 -
NODE_82176_length_4808_cov_45.839881:1610-1993    -            128 112711at7898         -            195   2.7e-12   45.2   0.1   1   1   4.3e-14   3.4e-12   44.9   0.1    60   162     3   117     1   124 0.78 -
NODE_8356_length_15619_cov_28.300129:11035-12307  -             76 112711at7898         -            195   3.8e-12   44.7   0.1   1   1     5e-14     4e-12   44.6   0.1    28    97     1    70     1    75 0.96 -
NODE_1994_length_22971_cov_39.540136:5401-12050   -            191 112711at7898         -            195     1e-11   43.3   0.3   1   1   1.6e-13   1.3e-11   43.0   0.3    10   165     5   170     1   177 0.77 -
NODE_118191_length_3279_cov_37.914465:1669-1893   -             75 112711at7898         -            195   2.1e-11   42.3   0.0   1   1   3.1e-13   2.5e-11   42.1   0.0    62   122     1    72     1    75 0.77 -
NODE_36424_length_8521_cov_30.237473:1627-1935    -            103 112711at7898         -            195   2.3e-11   42.2   0.0   1   2   1.8e-07   1.5e-05   23.2   0.0    10    43     4    37     1    43 0.93 -
NODE_36424_length_8521_cov_30.237473:1627-1935    -            103 112711at7898         -            195   2.3e-11   42.2   0.0   2   2   1.1e-05   0.00091   17.4   0.0    42    69    75   102    59   103 0.95 -
NODE_109969_length_3573_cov_30.168969:912-1382    -            157 112711at7898         -            195   3.6e-11   41.5   0.3   1   1   5.3e-13   4.3e-11   41.3   0.3    12   159     2   157     1   157 0.83 -
NODE_532_length_29991_cov_41.999632:21576-22004   -            143 112711at7898         -            195   3.9e-11   41.4   0.0   1   1   5.6e-13   4.5e-11   41.2   0.0    60   148     4   101     1   133 0.79 -
NODE_96874_length_4106_cov_26.855004:779-1360     -            194 112711at7898         -            195   1.4e-10   39.7   0.0   1   1   1.9e-12   1.5e-10   39.5   0.0     9   118     8   123     2   182 0.79 -
NODE_21369_length_11053_cov_40.558791:1164-5833   -            160 112711at7898         -            195     1e-09   36.8   0.0   1   1   1.8e-11   1.4e-09   36.3   0.0    19   123     1   110     1   124 0.84 -
NODE_11225_length_14176_cov_39.894225:7146-11863  -            164 112711at7898         -            195   1.8e-09   36.0   0.0   1   1   3.2e-11   2.6e-09   35.5   0.0    19   123     1   110     1   121 0.86 -
NODE_145090_length_2450_cov_33.469587:537-1857    -            161 112711at7898         -            195   1.2e-08   33.3   0.1   1   1   1.9e-10   1.5e-08   33.0   0.1    58   169    26   143    15   154 0.83 -
NODE_115070_length_3387_cov_36.814781:402-743     -            114 112711at7898         -            195   3.4e-08   31.8   0.0   1   1   4.8e-10   3.8e-08   31.7   0.0    60   162     1   113     1   114 0.74 -
NODE_63313_length_5969_cov_39.600681:972-1505     -            178 112711at7898         -            195   9.9e-08   30.3   0.0   1   1   1.7e-09   1.3e-07   29.9   0.0    11   121    16   130    10   147 0.80 -
NODE_130745_length_2862_cov_31.771263:103-1480    -            115 112711at7898         -            195   2.2e-07   29.2   0.1   1   1   3.5e-09   2.8e-07   28.8   0.1    12    99    20   110    14   114 0.76 -
NODE_25778_length_10156_cov_31.920453:1895-2149   -             85 112711at7898         -            195   2.6e-07   29.0   0.0   1   1   3.4e-09   2.7e-07   28.9   0.0    62    98     1    37     1    62 0.83 -
NODE_49068_length_7140_cov_45.994603:4678-5136    -            153 112711at7898         -            195   3.5e-07   28.5   0.0   1   2   1.5e-05    0.0012   17.0   0.0    41    80    15    54     4    63 0.90 -
NODE_49068_length_7140_cov_45.994603:4678-5136    -            153 112711at7898         -            195   3.5e-07   28.5   0.0   2   2    0.0027      0.22    9.6   0.0    82   124    92   140    83   151 0.76 -
NODE_5774_length_17431_cov_43.599873:2808-5940    -            169 112711at7898         -            195   5.4e-07   27.9   0.0   1   1   1.2e-08   9.8e-07   27.1   0.0    51   125     4    85     2   160 0.76 -
NODE_83245_length_4755_cov_35.809923:3094-3417    -            108 112711at7898         -            195   9.9e-07   27.0   0.0   1   1   1.6e-08   1.3e-06   26.7   0.0    60   127     4    82     2    92 0.78 -
NODE_376_length_32174_cov_50.756415:9040-9540     -            167 112711at7898         -            195   1.3e-06   26.7   0.0   1   1     2e-08   1.6e-06   26.4   0.0    12   119     1   116     1   136 0.75 -
NODE_39368_length_8153_cov_99.577725:5033-7063    -            150 112711at7898         -            195   1.9e-06   26.2   0.0   1   1   6.5e-07   5.2e-05   21.4   0.0    10   125     1   113     1   146 0.70 -
NODE_110156_length_3566_cov_22.745025:2815-3231   -            139 112711at7898         -            195     6e-06   24.5   0.0   1   1     1e-07   8.2e-06   24.1   0.0    78   169     1   102     1   109 0.79 -
NODE_90037_length_4417_cov_25.641964:3579-4316    -            126 112711at7898         -            195   1.2e-05   23.5   0.0   1   1   1.7e-07   1.4e-05   23.3   0.0    19    75     1    55     1    78 0.90 -
NODE_9687_length_14906_cov_40.904842:9877-10350   -            158 112711at7898         -            195   4.7e-05   21.6   0.0   1   1   7.3e-07   5.8e-05   21.3   0.0    52   100    40    88     3   136 0.76 -
NODE_12415_length_13693_cov_35.188098:1267-3808   -            196 112711at7898         -            195   4.9e-05   21.5   0.2   1   3   1.6e-05    0.0013   16.9   0.1     9    44    17    52    12    60 0.89 -
NODE_12415_length_13693_cov_35.188098:1267-3808   -            196 112711at7898         -            195   4.9e-05   21.5   0.2   2   3       1.4   1.1e+02    0.8   0.0    66   101    55    93    50   108 0.70 -
NODE_12415_length_13693_cov_35.188098:1267-3808   -            196 112711at7898         -            195   4.9e-05   21.5   0.2   3   3       1.9   1.5e+02    0.4   0.0    97   125   131   159   117   191 0.70 -
NODE_4578_length_18538_cov_39.930962:2217-2690    -            158 112711at7898         -            195   6.1e-05   21.2   0.0   1   1   9.2e-07   7.3e-05   20.9   0.0    52   100    40    88     3   133 0.79 -
NODE_68298_length_5630_cov_28.365395:3986-4531    -            182 112711at7898         -            195   7.1e-05   21.0   0.0   1   1   1.1e-06     9e-05   20.6   0.0    10   102    14   107    12   149 0.71 -
NODE_91734_length_4336_cov_25.942884:460-942      -            161 112711at7898         -            195   7.3e-05   21.0   0.0   1   1   1.1e-06   8.7e-05   20.7   0.0    56   123    49   124     2   137 0.72 -
NODE_77833_length_5050_cov_26.157544:3954-4259    -            102 112711at7898         -            195   0.00013   20.2   0.0   1   1   1.9e-06   0.00015   19.9   0.0    67   153     1   100     1   102 0.70 -
NODE_34291_length_8794_cov_41.737550:4442-7031    -            136 112711at7898         -            195    0.0002   19.5   0.1   1   1   2.7e-06   0.00022   19.4   0.1    52   102    40    90     5   132 0.75 -
NODE_84173_length_4706_cov_35.293684:2728-3375    -            114 112711at7898         -            195   0.00021   19.4   0.0   1   1   3.5e-06   0.00028   19.1   0.0    11   102     5    91     2   103 0.82 -
NODE_85036_length_4663_cov_32.356047:2903-3472    -            190 112711at7898         -            195   0.00026   19.1   0.0   1   1   4.5e-06   0.00036   18.7   0.0     9   118    20   138    18   146 0.69 -
NODE_6626_length_16719_cov_35.656980:9460-11732   -            199 112711at7898         -            195   0.00029   19.0   0.0   1   1   6.1e-06   0.00049   18.3   0.0    21   123     1   107     1   119 0.72 -
NODE_147004_length_2401_cov_31.797133:1886-2194   -            103 112711at7898         -            195   0.00036   18.7   0.0   1   1   5.4e-06   0.00043   18.4   0.0    67   138     1    85     1   103 0.68 -
NODE_17298_length_12095_cov_37.312437:8908-10575  -            166 112711at7898         -            195   0.00053   18.1   0.0   1   1     8e-06   0.00064   17.9   0.0    46   133    49   143    12   155 0.76 -
NODE_143779_length_2487_cov_29.472781:903-1184    -             94 112711at7898         -            195   0.00062   17.9   0.0   1   1   9.8e-06   0.00078   17.6   0.0    67   121     1    66     1    77 0.75 -
NODE_54576_length_6646_cov_27.312662:3377-3922    -            182 112711at7898         -            195    0.0012   17.0   0.0   1   1   1.9e-05    0.0015   16.7   0.0    10   102    14   107    10   148 0.72 -
NODE_139702_length_2598_cov_32.621449:209-721     -            171 112711at7898         -            195    0.0016   16.6   0.0   1   1   2.4e-05    0.0019   16.3   0.0    13   119     3   116     1   138 0.70 -
NODE_155755_length_2177_cov_34.225217:413-1434    -             85 112711at7898         -            195    0.0017   16.5   0.1   1   1   3.7e-05    0.0029   15.7   0.1    51    96    29    70     6    78 0.77 -
NODE_13244_length_13384_cov_39.512081:11516-11806 -             97 112711at7898         -            195    0.0023   16.0   0.0   1   1   3.1e-05    0.0025   16.0   0.0    67   121     4    69     2    97 0.76 -
NODE_5758_length_17451_cov_42.149205:623-13667    -            364 112711at7898         -            195    0.0024   16.0   0.1   1   1   9.3e-05    0.0075   14.4   0.1    11   149    21   182    13   194 0.56 -
NODE_13848_length_13154_cov_36.608043:2206-10583  -            248 112711at7898         -            195    0.0027   15.8   0.0   1   1     5e-05     0.004   15.3   0.0    11   121    80   192    74   225 0.81 -
NODE_31945_length_9132_cov_30.363999:3717-8688    -            133 112711at7898         -            195      0.01   13.9   0.0   1   1   0.00019     0.015   13.4   0.0    10    98     7   109     4   130 0.69 -
NODE_44825_length_7559_cov_41.200000:1695-4044    -            153 112711at7898         -            195     0.016   13.3   0.0   1   1   0.00022     0.018   13.2   0.0    53   133    54   130    14   145 0.84 -
NODE_25520_length_10204_cov_30.094904:7056-10156  -            175 112711at7898         -            195      0.05   11.7   0.0   1   1    0.0008     0.064   11.4   0.0    37    91    21    80     3    98 0.79 -
NODE_106620_length_3704_cov_46.577809:120-3042    -            866 112711at7898         -            195      0.41    8.7   5.2   1   2      0.28        22    3.1   0.6    74   176   302   404   282   408 0.78 -
NODE_106620_length_3704_cov_46.577809:120-3042    -            866 112711at7898         -            195      0.41    8.7   5.2   2   2     0.017       1.4    7.0   0.4   112   166   622   676   596   680 0.78 -
#
# Program:         hmmsearch
# Version:         3.1b2 (February 2015)
# Pipeline mode:   SEARCH
# Query file:      /home/e1garcia/shotgun_PIRE/abyss/busco_downloads/lineages/actinopterygii_odb10/hmms/112711at7898.hmm
# Target file:     /home/e1garcia/shotgun_PIRE/pire_ssl_data_processing/plotosus_lineatus/busco_contigs_results-SPAdes_contam_R1R2_noIsolate/run_actinopterygii_odb10/metaeuk_output/initial_results/contigs.modified.fasta.modified.fas
# Option settings: hmmsearch --domtblout /home/e1garcia/shotgun_PIRE/pire_ssl_data_processing/plotosus_lineatus/busco_contigs_results-SPAdes_contam_R1R2_noIsolate/run_actinopterygii_odb10/hmmer_output/initial_run_results/112711at7898.out --cpu 1 /home/e1garcia/shotgun_PIRE/abyss/busco_downloads/lineages/actinopterygii_odb10/hmms/112711at7898.hmm /home/e1garcia/shotgun_PIRE/pire_ssl_data_processing/plotosus_lineatus/busco_contigs_results-SPAdes_contam_R1R2_noIsolate/run_actinopterygii_odb10/metaeuk_output/initial_results/contigs.modified.fasta.modified.fas 
# Current dir:     /home/e1garcia/shotgun_PIRE/pire_ssl_data_processing/plotosus_lineatus
# Date:            Fri Aug 20 13:18:05 2021
# [ok]
