#                                                                                                        --- full sequence --- -------------- this domain -------------   hmm coord   ali coord   env coord
# target name                                    accession   tlen query name           accession   qlen   E-value  score  bias   #  of  c-Evalue  i-Evalue  score  bias  from    to  from    to  from    to  acc description of target
#                            ------------------- ---------- ----- -------------------- ---------- ----- --------- ------ ----- --- --- --------- --------- ------ ----- ----- ----- ----- ----- ----- ----- ---- ---------------------
NODE_3025_length_20750_cov_35.436153:878-15335   -            722 15559at7898          -            776   9.1e-21   71.8   0.0   1   3     0.092        34    0.5   0.0   128   190    22    93    14    93 0.67 -
NODE_3025_length_20750_cov_35.436153:878-15335   -            722 15559at7898          -            776   9.1e-21   71.8   0.0   2   3   3.4e-19   1.3e-16   58.1   0.0    93   204    88   200    54   205 0.93 -
NODE_3025_length_20750_cov_35.436153:878-15335   -            722 15559at7898          -            776   9.1e-21   71.8   0.0   3   3   6.9e-05     0.026   10.8   0.0   142   208   228   291   209   358 0.87 -
NODE_1193_length_25734_cov_41.287498:13577-18308 -            947 15559at7898          -            776   1.1e-10   38.5  24.0   1   2     7e-12   2.6e-09   33.9   6.3   201   264   530   598   515   637 0.77 -
NODE_1193_length_25734_cov_41.287498:13577-18308 -            947 15559at7898          -            776   1.1e-10   38.5  24.0   2   2   0.00016     0.059    9.6   9.7   200   290   829   921   793   930 0.76 -
NODE_17125_length_12139_cov_41.354153:419-2109   -            418 15559at7898          -            776   1.2e-09   35.1  24.4   1   3   1.3e-10   4.9e-08   29.7   3.4   206   254     4    56     2    84 0.83 -
NODE_17125_length_12139_cov_41.354153:419-2109   -            418 15559at7898          -            776   1.2e-09   35.1  24.4   2   3   0.00065      0.25    7.6  11.3   209   246   309   345   291   378 0.71 -
NODE_17125_length_12139_cov_41.354153:419-2109   -            418 15559at7898          -            776   1.2e-09   35.1  24.4   3   3      0.02       7.4    2.7   2.3   210   236   364   390   359   405 0.82 -
NODE_19907_length_11404_cov_36.722689:1882-10873 -            513 15559at7898          -            776   2.1e-08   30.9  23.1   1   3   1.2e-09   4.7e-07   26.5   4.1   206   261    94   149    88   174 0.82 -
NODE_19907_length_11404_cov_36.722689:1882-10873 -            513 15559at7898          -            776   2.1e-08   30.9  23.1   2   3   0.00039      0.15    8.3  11.0   201   276   396   472   385   487 0.61 -
NODE_19907_length_11404_cov_36.722689:1882-10873 -            513 15559at7898          -            776   2.1e-08   30.9  23.1   3   3     0.037        14    1.8   1.4   210   237   459   486   454   496 0.89 -
NODE_52575_length_6815_cov_311.831298:550-5311   -            628 15559at7898          -            776   2.1e-08   30.9  22.6   1   2   1.4e-08   5.1e-06   23.0   3.6   185   252   173   245   157   264 0.73 -
NODE_52575_length_6815_cov_311.831298:550-5311   -            628 15559at7898          -            776   2.1e-08   30.9  22.6   2   2     4e-05     0.015   11.6  11.0   209   281   521   594   517   605 0.84 -
NODE_27977_length_9758_cov_38.218863:6278-7471   -            398 15559at7898          -            776   4.3e-08   29.9   0.0   1   3     0.026       9.6    2.3   0.0   143   204    67   140    48   153 0.62 -
NODE_27977_length_9758_cov_38.218863:6278-7471   -            398 15559at7898          -            776   4.3e-08   29.9   0.0   2   3   3.1e-07   0.00012   18.6   0.0   125   191   153   221   145   251 0.81 -
NODE_27977_length_9758_cov_38.218863:6278-7471   -            398 15559at7898          -            776   4.3e-08   29.9   0.0   3   3     0.003       1.1    5.4   0.0   132   192   257   321   248   328 0.81 -
NODE_17751_length_11970_cov_90.982563:7351-8460  -            370 15559at7898          -            776   3.7e-07   26.8   0.0   1   3   1.5e-05    0.0057   13.0   0.0   143   192    67   119    50   127 0.83 -
NODE_17751_length_11970_cov_90.982563:7351-8460  -            370 15559at7898          -            776   3.7e-07   26.8   0.0   2   3   9.1e-05     0.034   10.4   0.0   135   191   158   218   143   225 0.80 -
NODE_17751_length_11970_cov_90.982563:7351-8460  -            370 15559at7898          -            776   3.7e-07   26.8   0.0   3   3      0.45   1.7e+02   -1.8   0.0   129   192   250   318   239   321 0.70 -
NODE_26613_length_10006_cov_31.273443:7372-7893  -            174 15559at7898          -            776   5.5e-06   23.0   0.0   1   2    0.0014      0.52    6.5   0.0   142   196    11    69     2    77 0.80 -
NODE_26613_length_10006_cov_31.273443:7372-7893  -            174 15559at7898          -            776   5.5e-06   23.0   0.0   2   2   4.4e-06    0.0016   14.8   0.0   121   199    91   172    78   174 0.82 -
NODE_35503_length_8636_cov_33.436570:4601-5269   -            223 15559at7898          -            776   0.00042   16.7   0.1   1   3      0.46   1.7e+02   -1.9   0.0   178   195     9    26     2    51 0.73 -
NODE_35503_length_8636_cov_33.436570:4601-5269   -            223 15559at7898          -            776   0.00042   16.7   0.1   2   3     0.016       5.9    3.0   0.0   153   195    87   129    14   142 0.70 -
NODE_35503_length_8636_cov_33.436570:4601-5269   -            223 15559at7898          -            776   0.00042   16.7   0.1   3   3   4.9e-05     0.018   11.3   0.0   136   191   162   221   152   223 0.77 -
NODE_35503_length_8636_cov_33.436570:3416-4543   -            376 15559at7898          -            776   0.00045   16.6   0.0   1   4   1.1e-05    0.0041   13.4   0.0   130   196    14    84     6    94 0.82 -
NODE_35503_length_8636_cov_33.436570:3416-4543   -            376 15559at7898          -            776   0.00045   16.6   0.0   2   4      0.29   1.1e+02   -1.2   0.0   134   201   116   186   108   236 0.65 -
NODE_35503_length_8636_cov_33.436570:3416-4543   -            376 15559at7898          -            776   0.00045   16.6   0.0   3   4      0.24        90   -0.9   0.0   162   201   243   282   159   289 0.62 -
NODE_35503_length_8636_cov_33.436570:3416-4543   -            376 15559at7898          -            776   0.00045   16.6   0.0   4   4       1.6   6.1e+02   -3.7   0.0   169   192   349   372   341   374 0.83 -
NODE_17751_length_11970_cov_90.982563:5736-6398  -            221 15559at7898          -            776    0.0005   16.5   0.0   1   1   2.9e-06    0.0011   15.4   0.0    94   191    20   122    17   182 0.79 -
NODE_13443_length_13313_cov_32.178144:7086-10949 -            564 15559at7898          -            776   0.00065   16.1   0.8   1   2   4.1e-06    0.0015   14.8   0.0   123   193   205   280   199   287 0.77 -
NODE_13443_length_13313_cov_32.178144:7086-10949 -            564 15559at7898          -            776   0.00065   16.1   0.8   2   2      0.69   2.6e+02   -2.4   1.1   212   234   416   438   366   459 0.68 -
NODE_44627_length_7578_cov_40.562909:3101-4138   -            346 15559at7898          -            776    0.0037   13.6   0.0   1   4     0.012       4.4    3.4   0.0   165   194    24    53     5    67 0.82 -
NODE_44627_length_7578_cov_40.562909:3101-4138   -            346 15559at7898          -            776    0.0037   13.6   0.0   2   4      0.19        72   -0.6   0.0   141   191    93   148    81   155 0.70 -
NODE_44627_length_7578_cov_40.562909:3101-4138   -            346 15559at7898          -            776    0.0037   13.6   0.0   3   4      0.17        65   -0.5   0.0   170   192   221   243   214   260 0.81 -
NODE_44627_length_7578_cov_40.562909:3101-4138   -            346 15559at7898          -            776    0.0037   13.6   0.0   4   4    0.0048       1.8    4.7   0.0   134   192   277   342   254   345 0.72 -
NODE_44627_length_7578_cov_40.562909:2255-2956   -            234 15559at7898          -            776    0.0042   13.4   0.0   1   2      0.11        40    0.2   0.0   155   196   102   143    25   154 0.75 -
NODE_44627_length_7578_cov_40.562909:2255-2956   -            234 15559at7898          -            776    0.0042   13.4   0.0   2   2   4.2e-05     0.016   11.5   0.0   135   191   174   232   130   234 0.81 -
NODE_16170_length_12418_cov_35.993181:8818-9462  -            215 15559at7898          -            776    0.0051   13.1   0.0   1   2     4e-05     0.015   11.6   0.0   128   193    48   118    15   132 0.75 -
NODE_16170_length_12418_cov_35.993181:8818-9462  -            215 15559at7898          -            776    0.0051   13.1   0.0   2   2      0.19        73   -0.6   0.0   162   192   184   214   138   215 0.84 -
NODE_1263_length_25406_cov_36.202711:14168-24860 -            576 15559at7898          -            776       1.7    4.8  11.9   1   2      0.76   2.9e+02   -2.6   0.7   257   279    36    57    25    72 0.64 -
NODE_1263_length_25406_cov_36.202711:14168-24860 -            576 15559at7898          -            776       1.7    4.8  11.9   2   2   8.7e-05     0.033   10.5   4.6   207   250   531   571   526   576 0.81 -
NODE_1263_length_25406_cov_36.202711:545-11237   -            576 15559at7898          -            776       1.7    4.8  11.9   1   2      0.76   2.9e+02   -2.6   0.7   257   279    36    57    25    72 0.64 -
NODE_1263_length_25406_cov_36.202711:545-11237   -            576 15559at7898          -            776       1.7    4.8  11.9   2   2   8.7e-05     0.033   10.5   4.6   207   250   531   571   526   576 0.81 -
#
# Program:         hmmsearch
# Version:         3.1b2 (February 2015)
# Pipeline mode:   SEARCH
# Query file:      /home/e1garcia/shotgun_PIRE/abyss/busco_downloads/lineages/actinopterygii_odb10/hmms/15559at7898.hmm
# Target file:     /home/e1garcia/shotgun_PIRE/pire_ssl_data_processing/plotosus_lineatus/busco_contigs_results-SPAdes_contam_R1R2_noIsolate/run_actinopterygii_odb10/metaeuk_output/initial_results/contigs.modified.fasta.modified.fas
# Option settings: hmmsearch --domtblout /home/e1garcia/shotgun_PIRE/pire_ssl_data_processing/plotosus_lineatus/busco_contigs_results-SPAdes_contam_R1R2_noIsolate/run_actinopterygii_odb10/hmmer_output/initial_run_results/15559at7898.out --cpu 1 /home/e1garcia/shotgun_PIRE/abyss/busco_downloads/lineages/actinopterygii_odb10/hmms/15559at7898.hmm /home/e1garcia/shotgun_PIRE/pire_ssl_data_processing/plotosus_lineatus/busco_contigs_results-SPAdes_contam_R1R2_noIsolate/run_actinopterygii_odb10/metaeuk_output/initial_results/contigs.modified.fasta.modified.fas 
# Current dir:     /home/e1garcia/shotgun_PIRE/pire_ssl_data_processing/plotosus_lineatus
# Date:            Fri Aug 20 13:17:46 2021
# [ok]
