#                                                                                                         --- full sequence --- -------------- this domain -------------   hmm coord   ali coord   env coord
# target name                                     accession   tlen query name           accession   qlen   E-value  score  bias   #  of  c-Evalue  i-Evalue  score  bias  from    to  from    to  from    to  acc description of target
#                             ------------------- ---------- ----- -------------------- ---------- ----- --------- ------ ----- --- --- --------- --------- ------ ----- ----- ----- ----- ----- ----- ----- ---- ---------------------
NODE_24263_length_10433_cov_35.185794:1925-9737   -            611 17380at7898          -            825   1.9e-38  130.3   0.5   1   2   1.2e-13   8.2e-12   42.3   0.1   190   389   186   385   156   391 0.77 -
NODE_24263_length_10433_cov_35.185794:1925-9737   -            611 17380at7898          -            825   1.9e-38  130.3   0.5   2   2   5.7e-27   3.9e-25   86.3   0.0   172   330   427   598   418   602 0.84 -
NODE_1642_length_24014_cov_33.227849:2232-8087    -            638 17380at7898          -            825   2.7e-37  126.5   0.3   1   2     7e-11   4.8e-09   33.1   0.2   191   345   189   349   156   362 0.79 -
NODE_1642_length_24014_cov_33.227849:2232-8087    -            638 17380at7898          -            825   2.7e-37  126.5   0.3   2   2   1.7e-28   1.2e-26   91.4   0.0   183   330   470   624   409   629 0.85 -
NODE_2528_length_21641_cov_39.219571:5604-15162   -            462 17380at7898          -            825   4.3e-34  115.9   0.1   1   1   8.1e-36   5.5e-34  115.6   0.1   172   387    33   253     7   296 0.88 -
NODE_7643_length_16050_cov_35.501724:3002-10500   -            234 17380at7898          -            825   1.8e-32  110.6   0.1   1   1   3.2e-34   2.1e-32  110.3   0.1   167   386     4   224     1   232 0.86 -
NODE_25163_length_10266_cov_35.585227:1379-9469   -            525 17380at7898          -            825   3.1e-32  109.8   0.0   1   2   3.4e-08   2.3e-06   24.2   0.0   135   237   120   237   110   243 0.76 -
NODE_25163_length_10266_cov_35.585227:1379-9469   -            525 17380at7898          -            825   3.1e-32  109.8   0.0   2   2     4e-26   2.7e-24   83.5   0.0   231   389   255   416   248   433 0.87 -
NODE_375_length_32175_cov_34.975433:23213-24409   -            248 17380at7898          -            825   1.1e-31  108.0   0.0   1   2   7.3e-07     5e-05   19.8   0.0   189   238    24    73     1    82 0.79 -
NODE_375_length_32175_cov_34.975433:23213-24409   -            248 17380at7898          -            825   1.1e-31  108.0   0.0   2   2   5.1e-27   3.5e-25   86.5   0.0   243   385   103   248    95   248 0.88 -
NODE_113817_length_3431_cov_35.704682:1036-1908   -            291 17380at7898          -            825   2.2e-31  107.0   0.0   1   1   8.7e-33   5.9e-31  105.6   0.0   185   387    60   282     5   286 0.78 -
NODE_17968_length_11904_cov_43.740025:577-11735   -            300 17380at7898          -            825   3.8e-31  106.2   0.1   1   1   6.1e-33   4.2e-31  106.1   0.1   138   335    86   299    41   300 0.85 -
NODE_119993_length_3216_cov_38.258261:683-1519    -            279 17380at7898          -            825   1.6e-30  104.2   0.0   1   1     4e-32   2.7e-30  103.4   0.0   171   386    34   276     9   279 0.79 -
NODE_86410_length_4593_cov_31.857588:2460-3452    -            331 17380at7898          -            825   2.2e-30  103.7   0.0   1   1   4.6e-32   3.1e-30  103.2   0.0   145   389    56   328    43   330 0.82 -
NODE_63774_length_5936_cov_45.879904:3252-5670    -            284 17380at7898          -            825   1.6e-29  100.8   0.0   1   1   5.7e-31   3.9e-29   99.6   0.0   201   369   110   282    57   284 0.86 -
NODE_2887_length_21008_cov_67.764742:2004-13081   -            551 17380at7898          -            825   1.7e-29  100.7   0.0   1   1   2.5e-31   1.7e-29  100.7   0.0   186   389     8   211     3   278 0.89 -
NODE_14958_length_12783_cov_47.549432:3465-11752  -            420 17380at7898          -            825   5.9e-29   98.9   0.0   1   1   1.1e-30   7.6e-29   98.6   0.0   186   384   120   323    64   335 0.88 -
NODE_93_length_41441_cov_35.373083:630-9308       -            234 17380at7898          -            825   9.7e-29   98.2   0.0   1   1   1.9e-30   1.3e-28   97.8   0.0   190   390    45   226    14   230 0.91 -
NODE_879_length_27322_cov_37.278772:1529-16152    -            666 17380at7898          -            825   1.8e-28   97.4   0.0   1   2   8.4e-09   5.7e-07   26.2   0.0   136   229   270   379   249   387 0.73 -
NODE_879_length_27322_cov_37.278772:1529-16152    -            666 17380at7898          -            825   1.8e-28   97.4   0.0   2   2   1.1e-21   7.4e-20   68.9   0.0   241   387   453   603   446   645 0.91 -
NODE_16161_length_12420_cov_42.429186:357-3367    -            300 17380at7898          -            825   1.8e-28   97.3   0.1   1   1   3.6e-29   2.4e-27   93.6   0.1   140   385    84   296    79   300 0.91 -
NODE_16161_length_12420_cov_42.429186:9052-12062  -            300 17380at7898          -            825   1.8e-28   97.3   0.1   1   1   3.6e-29   2.4e-27   93.6   0.1   140   385    84   296    79   300 0.91 -
NODE_20581_length_11235_cov_41.957435:1316-1825   -            170 17380at7898          -            825   4.9e-28   95.9   0.0   1   1   8.4e-30   5.7e-28   95.7   0.0   144   266    35   170    19   170 0.85 -
NODE_62298_length_6043_cov_32.415713:4534-5223    -            230 17380at7898          -            825     1e-27   94.9   0.0   1   1   1.7e-29   1.2e-27   94.6   0.0   177   351    28   209     4   222 0.89 -
NODE_49459_length_7097_cov_34.072449:3103-3924    -            274 17380at7898          -            825     8e-27   91.9   0.2   1   1   1.4e-28   9.4e-27   91.7   0.2   156   329    10   201     3   237 0.77 -
NODE_10747_length_14383_cov_33.780874:3123-7355   -            401 17380at7898          -            825   2.7e-26   90.1   0.0   1   1   1.4e-27   9.5e-26   88.3   0.0   141   369   147   387   142   392 0.76 -
NODE_6107_length_17144_cov_36.191786:11537-12319  -            261 17380at7898          -            825   9.3e-26   88.4   0.0   1   1   1.7e-27   1.2e-25   88.0   0.0   139   266   121   261   111   261 0.84 -
NODE_11674_length_13989_cov_40.813751:1561-9122   -            414 17380at7898          -            825   2.1e-25   87.2   0.6   1   2   6.1e-27   4.1e-25   86.2   0.0   202   395     8   204     1   233 0.87 -
NODE_11674_length_13989_cov_40.813751:1561-9122   -            414 17380at7898          -            825   2.1e-25   87.2   0.6   2   2         2   1.4e+02   -1.5   0.2   671   697   226   250   212   310 0.68 -
NODE_129601_length_2899_cov_41.110357:730-1665    -            312 17380at7898          -            825   5.7e-23   79.2   0.0   1   1   1.2e-24   7.9e-23   78.7   0.0   177   338   127   293   116   300 0.91 -
NODE_27498_length_9841_cov_39.984500:1549-9149    -            492 17380at7898          -            825   6.1e-23   79.0   0.1   1   1   1.3e-24   8.7e-23   78.5   0.1   177   330    78   232    61   243 0.91 -
NODE_13668_length_13221_cov_41.713153:1268-5884   -            315 17380at7898          -            825   4.1e-22   76.3   0.0   1   1   8.1e-24   5.5e-22   75.9   0.0   185   342    63   233    28   236 0.81 -
NODE_222940_length_919_cov_1.091463:227-784       -            186 17380at7898          -            825   5.8e-22   75.8   0.0   1   1   9.7e-24   6.6e-22   75.6   0.0   190   346     5   162     1   174 0.91 -
NODE_12496_length_13664_cov_106.615260:3911-11188 -            319 17380at7898          -            825   9.2e-22   75.2   0.0   1   1   2.8e-22   1.9e-20   70.8   0.0   139   336   127   318   110   319 0.85 -
NODE_2344_length_22063_cov_45.313650:12431-19410  -            980 17380at7898          -            825   4.4e-21   72.9   0.0   1   1   9.5e-23   6.5e-21   72.4   0.0   184   387   126   326   101   333 0.82 -
NODE_25667_length_10179_cov_32.959921:342-8671    -            422 17380at7898          -            825   2.2e-20   70.6   0.0   1   1   4.4e-22     3e-20   70.2   0.0   213   335    28   156     1   159 0.83 -
NODE_1290_length_25305_cov_43.640482:1536-23652   -            823 17380at7898          -            825   2.4e-20   70.5   0.3   1   3   0.00037     0.025   10.9   0.0   185   231   331   378   263   381 0.69 -
NODE_1290_length_25305_cov_43.640482:1536-23652   -            823 17380at7898          -            825   2.4e-20   70.5   0.3   2   3     2e-08   1.3e-06   25.0   0.0   234   290   476   532   466   547 0.87 -
NODE_1290_length_25305_cov_43.640482:1536-23652   -            823 17380at7898          -            825   2.4e-20   70.5   0.3   3   3   3.2e-10   2.2e-08   30.9   0.1   298   384   593   680   574   686 0.86 -
NODE_10711_length_14402_cov_34.692372:4476-7064   -            244 17380at7898          -            825   1.7e-19   67.7   0.0   1   1   3.1e-21   2.1e-19   67.3   0.0   179   337    29   187    12   197 0.90 -
NODE_17631_length_12001_cov_38.171568:6692-8973   -            172 17380at7898          -            825   1.1e-18   65.0   0.2   1   1   5.2e-20   3.5e-18   63.3   0.2   182   329    30   168     8   171 0.84 -
NODE_1017_length_26569_cov_41.675973:379-4987     -            277 17380at7898          -            825   3.2e-17   60.1   0.0   1   1   6.2e-19   4.2e-17   59.8   0.0   179   321    57   203    33   210 0.90 -
NODE_4595_length_18525_cov_38.399870:1863-15196   -            779 17380at7898          -            825   5.2e-17   59.4   0.0   1   1   1.5e-18     1e-16   58.5   0.0   178   338   530   693   490   706 0.88 -
NODE_97686_length_4070_cov_43.343238:2356-3112    -            148 17380at7898          -            825   5.6e-17   59.3   0.0   1   1   9.3e-19   6.3e-17   59.2   0.0   177   313    12   146     4   148 0.86 -
NODE_236506_length_749_cov_1.407692:16-663        -            216 17380at7898          -            825   6.1e-17   59.2   0.0   1   1   1.1e-18   7.6e-17   58.9   0.0   190   336    57   205     3   213 0.74 -
NODE_6683_length_16677_cov_47.119797:6768-10096   -            636 17380at7898          -            825   8.8e-17   58.7   0.0   1   1   2.2e-18   1.5e-16   57.9   0.0   148   330    72   277    52   286 0.75 -
NODE_30526_length_9345_cov_37.724421:3584-6220    -            195 17380at7898          -            825   1.1e-15   55.1   0.0   1   1   1.7e-17   1.2e-15   55.0   0.0   148   295     8   169     5   195 0.71 -
NODE_7855_length_15926_cov_43.097934:9131-10717   -            529 17380at7898          -            825   2.2e-15   54.1   0.0   1   1   4.2e-17   2.9e-15   53.7   0.0   134   331   128   344    28   354 0.78 -
NODE_1573_length_24199_cov_40.651286:1967-5623    -            280 17380at7898          -            825   3.2e-15   53.5   0.0   1   1   5.7e-17   3.9e-15   53.2   0.0   159   333     1   188     1   203 0.80 -
NODE_23427_length_10600_cov_39.744024:3035-9470   -            354 17380at7898          -            825   4.9e-15   52.9   0.0   1   1     1e-16   6.9e-15   52.4   0.0   212   330   138   265   123   275 0.81 -
NODE_114416_length_3410_cov_35.278466:496-2085    -            530 17380at7898          -            825   8.1e-15   52.2   0.0   1   1   1.7e-16   1.1e-14   51.7   0.0   126   331   123   347   111   368 0.80 -
NODE_8075_length_15790_cov_39.018227:1623-2327    -            235 17380at7898          -            825   4.5e-14   49.7   0.0   1   1   3.4e-15   2.3e-13   47.4   0.0   208   341    10   163     7   211 0.79 -
NODE_10152_length_14680_cov_44.868116:10035-10553 -            173 17380at7898          -            825   1.5e-13   48.0   0.0   1   1   2.2e-15   1.5e-13   48.0   0.0   186   309    42   167     1   171 0.83 -
NODE_10152_length_14680_cov_44.868116:4126-4644   -            173 17380at7898          -            825   1.5e-13   48.0   0.0   1   1   2.2e-15   1.5e-13   48.0   0.0   186   309    42   167     1   171 0.83 -
NODE_6506_length_16817_cov_48.607549:9141-9668    -            176 17380at7898          -            825   1.8e-13   47.8   0.0   1   1   3.4e-15   2.3e-13   47.4   0.0   245   337    14   111     7   121 0.80 -
NODE_13444_length_13312_cov_42.251419:7147-7971   -            275 17380at7898          -            825   2.8e-13   47.1   0.0   1   1     5e-15   3.4e-13   46.8   0.0   184   337    43   199     7   213 0.86 -
NODE_36497_length_8512_cov_31.961845:1647-2950    -            205 17380at7898          -            825   2.8e-13   47.1   0.0   1   1   5.4e-15   3.7e-13   46.7   0.0   214   329     4   126     2   204 0.76 -
NODE_57969_length_6362_cov_36.513013:2742-3833    -            221 17380at7898          -            825   4.3e-13   46.5   0.0   1   1   7.3e-15     5e-13   46.3   0.0   184   336    45   192     7   197 0.84 -
NODE_1158_length_25862_cov_38.864146:13010-15164  -            190 17380at7898          -            825   4.9e-13   46.3   0.0   1   1   8.3e-15   5.6e-13   46.1   0.0   156   322    12   190     4   190 0.77 -
NODE_13733_length_13197_cov_37.773706:761-1285    -            175 17380at7898          -            825   1.6e-12   44.6   0.0   1   1   2.6e-14   1.8e-12   44.4   0.0   169   307    16   165     1   171 0.77 -
NODE_2087_length_22682_cov_61.670947:21730-22227  -            166 17380at7898          -            825   4.1e-12   43.2   0.0   1   1   7.5e-14   5.1e-12   42.9   0.0   248   336    16   109     6   120 0.84 -
NODE_3484_length_20032_cov_44.094767:235-4552     -            337 17380at7898          -            825   5.9e-12   42.7   0.0   1   1   1.1e-13   7.4e-12   42.4   0.0   150   335    84   285    58   333 0.74 -
NODE_49330_length_7111_cov_38.067884:1010-1717    -            236 17380at7898          -            825   1.5e-11   41.4   0.0   1   2   9.8e-11   6.6e-09   32.6   0.0   207   285     7    88     4    94 0.89 -
NODE_49330_length_7111_cov_38.067884:1010-1717    -            236 17380at7898          -            825   1.5e-11   41.4   0.0   2   2    0.0054      0.37    7.0   0.0   294   336   119   159   104   206 0.84 -
NODE_31513_length_9195_cov_76.284301:3380-6437    -            177 17380at7898          -            825   2.4e-11   40.7   0.0   1   1   2.2e-12   1.5e-10   38.1   0.0   156   327     8   176     2   177 0.67 -
NODE_13263_length_13380_cov_40.686093:2673-11133  -            259 17380at7898          -            825   4.3e-11   39.9   0.0   1   1   7.9e-13   5.4e-11   39.5   0.0   180   338    59   238    37   250 0.72 -
NODE_96703_length_4113_cov_37.603886:218-3329     -            254 17380at7898          -            825   6.6e-11   39.3   0.0   1   1   1.2e-12   8.1e-11   39.0   0.0   184   304    53   184    12   191 0.80 -
NODE_36526_length_8508_cov_36.003211:696-1374     -            170 17380at7898          -            825   6.7e-11   39.2   0.0   1   1   1.1e-12   7.7e-11   39.0   0.0   213   328    38   170    22   170 0.75 -
NODE_9135_length_15185_cov_47.128994:2925-14862   -            320 17380at7898          -            825   8.2e-11   38.9   0.0   1   1   1.6e-12   1.1e-10   38.6   0.0   248   339    70   164    21   224 0.82 -
NODE_93190_length_4267_cov_31.683301:1376-3938    -            121 17380at7898          -            825   1.7e-10   37.9   0.0   1   1     3e-12     2e-10   37.6   0.0   186   284    12   108     4   112 0.86 -
NODE_105286_length_3755_cov_40.069748:1224-3628   -            395 17380at7898          -            825   2.9e-10   37.1   0.0   1   1   5.6e-12   3.8e-10   36.7   0.0   187   329   154   306   108   313 0.86 -
NODE_141362_length_2552_cov_26.229107:1476-1979   -            168 17380at7898          -            825     2e-09   34.3   0.0   1   1   3.8e-11   2.6e-09   34.0   0.0   245   336     1   105     1   114 0.75 -
NODE_9976_length_14765_cov_255.967680:3565-8699   -            148 17380at7898          -            825   2.1e-09   34.3   0.0   1   2     0.012      0.83    5.8   0.0   190   218     4    32     1    38 0.90 -
NODE_9976_length_14765_cov_255.967680:3565-8699   -            148 17380at7898          -            825   2.1e-09   34.3   0.0   2   2   4.7e-09   3.2e-07   27.1   0.0   247   319    38   112    32   116 0.77 -
NODE_475_length_30620_cov_48.590380:8986-9960     -            325 17380at7898          -            825     4e-09   33.4   0.0   1   1   7.5e-11   5.1e-09   33.0   0.0   180   337    45   204    26   219 0.86 -
NODE_1623_length_24054_cov_39.286370:4203-22307   -            224 17380at7898          -            825     7e-09   32.5   0.0   1   1   1.4e-10   9.2e-09   32.2   0.0   135   333    10   218     2   224 0.69 -
NODE_18476_length_11768_cov_48.497386:370-7930    -            196 17380at7898          -            825   1.6e-08   31.4   0.0   1   1     3e-10   2.1e-08   31.0   0.0   255   338    55   137    47   144 0.86 -
NODE_30691_length_9317_cov_69.966479:299-8961     -            147 17380at7898          -            825     2e-08   31.1   0.0   1   1   3.5e-10   2.4e-08   30.8   0.0   247   332     7    92     3   104 0.85 -
NODE_33109_length_8965_cov_238.108843:6430-6903   -            158 17380at7898          -            825   5.9e-08   29.5   0.1   1   1   2.1e-09   1.4e-07   28.2   0.1   151   283     3   157     1   158 0.70 -
NODE_38915_length_8208_cov_52.333457:1279-7344    -            505 17380at7898          -            825     1e-07   28.7   0.1   1   2   6.1e-09   4.2e-07   26.7   0.0   194   289     6   102     3   129 0.78 -
NODE_38915_length_8208_cov_52.333457:1279-7344    -            505 17380at7898          -            825     1e-07   28.7   0.1   2   2       1.6   1.1e+02   -1.1   0.0   315   331   167   183   164   188 0.88 -
NODE_75212_length_5195_cov_39.378532:2238-5021    -            817 17380at7898          -            825     2e-07   27.7   0.1   1   2   0.00023     0.016   11.5   0.0   214   282   632   700   558   710 0.82 -
NODE_75212_length_5195_cov_39.378532:2238-5021    -            817 17380at7898          -            825     2e-07   27.7   0.1   2   2     6e-05    0.0041   13.5   0.0   291   335   757   805   749   808 0.81 -
NODE_4877_length_18236_cov_43.715719:2529-17495   -            349 17380at7898          -            825   3.2e-07   27.1   0.0   1   1   6.5e-09   4.4e-07   26.6   0.0   188   343    81   248    75   257 0.77 -
NODE_62746_length_6009_cov_44.559222:4803-5366    -            188 17380at7898          -            825   6.1e-07   26.1   0.0   1   1   1.2e-08     8e-07   25.7   0.0   151   284     7   159     4   174 0.65 -
NODE_27795_length_9790_cov_35.242596:2671-7502    -            262 17380at7898          -            825   9.5e-07   25.5   0.0   1   1   1.7e-08   1.1e-06   25.3   0.0   134   221   169   262   147   262 0.83 -
NODE_23148_length_10659_cov_39.140814:5413-9548   -            544 17380at7898          -            825     1e-06   25.4   0.0   1   2       5.1   3.5e+02   -2.8   0.1    11    77   198   268   195   293 0.52 -
NODE_23148_length_10659_cov_39.140814:5413-9548   -            544 17380at7898          -            825     1e-06   25.4   0.0   2   2   3.4e-08   2.3e-06   24.2   0.0   241   331   387   475   373   481 0.90 -
NODE_26196_length_10080_cov_40.282437:684-3161    -            418 17380at7898          -            825   1.5e-06   24.8   0.0   1   2     0.013      0.87    5.8   0.0   248   288    80   121    37   128 0.81 -
NODE_26196_length_10080_cov_40.282437:684-3161    -            418 17380at7898          -            825   1.5e-06   24.8   0.0   2   2     6e-06   0.00041   16.8   0.0   281   337   234   291   214   305 0.82 -
NODE_11954_length_13874_cov_41.038185:2428-2952   -            175 17380at7898          -            825   1.7e-06   24.7   0.0   1   2   0.00057     0.039   10.2   0.0   249   282    11    45     5    50 0.86 -
NODE_11954_length_13874_cov_41.038185:2428-2952   -            175 17380at7898          -            825   1.7e-06   24.7   0.0   2   2   0.00012     0.008   12.5   0.0   280   332   105   158    94   168 0.86 -
NODE_72_length_43873_cov_41.135012:20187-25288    -            120 17380at7898          -            825   1.7e-06   24.6   0.0   1   1   3.2e-08   2.2e-06   24.3   0.0   245   284    69   108    54   115 0.89 -
NODE_220205_length_955_cov_0.804907:129-575       -            149 17380at7898          -            825   4.2e-06   23.4   0.0   1   1   6.2e-08   4.2e-06   23.4   0.0   242   340     4   108     1   143 0.79 -
NODE_63223_length_5975_cov_36.349387:4940-5455    -            172 17380at7898          -            825   1.4e-05   21.6   0.0   1   1   2.3e-07   1.6e-05   21.5   0.0   185   283    64   172    40   172 0.76 -
NODE_6244_length_17035_cov_42.084258:4512-11598   -            178 17380at7898          -            825   3.3e-05   20.4   0.2   1   2   4.4e-06    0.0003   17.2   0.1   190   263     3    77     1    84 0.85 -
NODE_6244_length_17035_cov_42.084258:4512-11598   -            178 17380at7898          -            825   3.3e-05   20.4   0.2   2   2      0.27        18    1.4   0.0   316   332   121   137    99   149 0.82 -
NODE_1438_length_24720_cov_53.487348:20144-24290  -            149 17380at7898          -            825   3.4e-05   20.4   0.1   1   2       4.9   3.3e+02   -2.8   0.0   153   185     4    38     3    52 0.76 -
NODE_1438_length_24720_cov_53.487348:20144-24290  -            149 17380at7898          -            825   3.4e-05   20.4   0.1   2   2   1.5e-06    0.0001   18.8   0.0   247   281   115   149   109   149 0.95 -
NODE_1438_length_24720_cov_53.487348:429-4575     -            149 17380at7898          -            825   3.4e-05   20.4   0.1   1   2       4.9   3.3e+02   -2.8   0.0   153   185     4    38     3    52 0.76 -
NODE_1438_length_24720_cov_53.487348:429-4575     -            149 17380at7898          -            825   3.4e-05   20.4   0.1   2   2   1.5e-06    0.0001   18.8   0.0   247   281   115   149   109   149 0.95 -
NODE_137942_length_2649_cov_17.289804:1508-1792   -             95 17380at7898          -            825   5.4e-05   19.7   0.0   1   1   9.2e-07   6.2e-05   19.5   0.0   212   289     4    86     2    93 0.82 -
NODE_4_length_242253_cov_5.074378:93518-94051     -            178 17380at7898          -            825   5.5e-05   19.7   0.0   1   1   9.3e-07   6.3e-05   19.5   0.0   211   339     3   139     1   149 0.75 -
NODE_61908_length_6071_cov_26.762559:4230-4796    -            189 17380at7898          -            825   7.4e-05   19.2   0.0   1   1   1.3e-06   9.1e-05   18.9   0.0   256   309   106   164    82   179 0.85 -
NODE_24603_length_10367_cov_61.084437:6448-10341  -            417 17380at7898          -            825     9e-05   19.0   0.0   1   1   1.7e-06   0.00012   18.6   0.0   276   348     3    76     1   111 0.86 -
NODE_91609_length_4340_cov_47.026880:861-3884     -            693 17380at7898          -            825   0.00093   15.6   0.0   1   1   2.4e-05    0.0016   14.8   0.0   213   282   608   677   510   685 0.78 -
NODE_6876_length_16520_cov_41.307533:2212-9342    -            279 17380at7898          -            825   0.00095   15.6   0.0   1   1     2e-05    0.0014   15.1   0.0   149   267     8   142     3   155 0.74 -
NODE_36459_length_8516_cov_33.390876:1446-6207    -            362 17380at7898          -            825    0.0015   14.9   0.0   1   1     3e-05     0.002   14.5   0.0   315   388    10    81     2   127 0.64 -
NODE_24673_length_10352_cov_31.351507:2985-3296   -            104 17380at7898          -            825    0.0021   14.4   0.0   1   1   3.8e-05    0.0026   14.1   0.0   256   289    61    95    50   103 0.84 -
NODE_19347_length_11542_cov_247.816919:2128-2382  -             85 17380at7898          -            825    0.0022   14.4   0.0   1   2    0.0044       0.3    7.3   0.0   245   264     5    24     1    37 0.88 -
NODE_19347_length_11542_cov_247.816919:2128-2382  -             85 17380at7898          -            825    0.0022   14.4   0.0   2   2     0.014      0.96    5.6   0.0   261   287    52    78    43    83 0.88 -
NODE_366_length_32306_cov_40.190487:11508-27134   -            538 17380at7898          -            825    0.0033   13.8   0.0   1   1   7.9e-05    0.0054   13.1   0.0   149   288   188   341   182   350 0.76 -
NODE_175390_length_1732_cov_26.319045:1384-1659   -             92 17380at7898          -            825     0.066    9.5   0.0   1   1     0.001     0.069    9.4   0.0   257   289    49    81    35    91 0.82 -
#
# Program:         hmmsearch
# Version:         3.1b2 (February 2015)
# Pipeline mode:   SEARCH
# Query file:      /home/e1garcia/shotgun_PIRE/abyss/busco_downloads/lineages/actinopterygii_odb10/hmms/17380at7898.hmm
# Target file:     /home/e1garcia/shotgun_PIRE/pire_ssl_data_processing/plotosus_lineatus/busco_contigs_results-SPAdes_contam_R1R2_noIsolate/run_actinopterygii_odb10/metaeuk_output/initial_results/contigs.modified.fasta.modified.fas
# Option settings: hmmsearch --domtblout /home/e1garcia/shotgun_PIRE/pire_ssl_data_processing/plotosus_lineatus/busco_contigs_results-SPAdes_contam_R1R2_noIsolate/run_actinopterygii_odb10/hmmer_output/initial_run_results/17380at7898.out --cpu 1 /home/e1garcia/shotgun_PIRE/abyss/busco_downloads/lineages/actinopterygii_odb10/hmms/17380at7898.hmm /home/e1garcia/shotgun_PIRE/pire_ssl_data_processing/plotosus_lineatus/busco_contigs_results-SPAdes_contam_R1R2_noIsolate/run_actinopterygii_odb10/metaeuk_output/initial_results/contigs.modified.fasta.modified.fas 
# Current dir:     /home/e1garcia/shotgun_PIRE/pire_ssl_data_processing/plotosus_lineatus
# Date:            Fri Aug 20 13:16:58 2021
# [ok]
