#                                                                                                         --- full sequence --- -------------- this domain -------------   hmm coord   ali coord   env coord
# target name                                     accession   tlen query name           accession   qlen   E-value  score  bias   #  of  c-Evalue  i-Evalue  score  bias  from    to  from    to  from    to  acc description of target
#                             ------------------- ---------- ----- -------------------- ---------- ----- --------- ------ ----- --- --- --------- --------- ------ ----- ----- ----- ----- ----- ----- ----- ---- ---------------------
NODE_16368_length_12358_cov_36.844033:710-8426    -            844 28431at7898          -           1180    4e-215  715.6  83.3   1   2    0.0017      0.13    8.4  29.6   598   728     7   153     1   164 0.50 -
NODE_16368_length_12358_cov_36.844033:710-8426    -            844 28431at7898          -           1180    4e-215  715.6  83.3   2   2  2.8e-211  2.3e-209  696.6  44.0   681  1180   256   844   201   844 0.73 -
NODE_131548_length_2838_cov_34.998540:1699-2283   -            195 28431at7898          -           1180   1.8e-14   51.1   0.0   1   1   3.2e-16   2.6e-14   50.5   0.0   118   178    19    79     6   107 0.93 -
NODE_673_length_28741_cov_45.159172:3819-24415    -            338 28431at7898          -           1180   1.8e-14   51.1   0.6   1   2   1.1e-15   9.2e-14   48.7   0.1   104   199    20   114     8   126 0.84 -
NODE_673_length_28741_cov_45.159172:3819-24415    -            338 28431at7898          -           1180   1.8e-14   51.1   0.6   2   2      0.12       9.4    2.3   0.2   323   386    96   160    94   177 0.77 -
NODE_86030_length_4611_cov_190.749557:1224-2378   -            385 28431at7898          -           1180   3.9e-14   49.9   0.1   1   1   6.7e-16   5.4e-14   49.5   0.1   100   214     9   122     5   129 0.91 -
NODE_128551_length_2933_cov_33.962950:400-2166    -            589 28431at7898          -           1180   4.4e-14   49.8   0.0   1   1   7.6e-16   6.1e-14   49.3   0.0   106   210    34   138    12   145 0.86 -
NODE_56304_length_6503_cov_41.282011:2234-4000    -            589 28431at7898          -           1180   2.9e-13   47.1   0.0   1   1     5e-15     4e-13   46.6   0.0   100   208    28   136    16   145 0.87 -
NODE_30295_length_9382_cov_40.038781:6797-7861    -            355 28431at7898          -           1180   5.7e-13   46.1   0.0   1   1   9.9e-15     8e-13   45.6   0.0   106   203    23   119    10   131 0.90 -
NODE_139958_length_2590_cov_35.278603:1137-1913   -            259 28431at7898          -           1180   8.8e-13   45.4   0.0   1   1   1.5e-14   1.2e-12   45.0   0.0   118   178    19    79     4    99 0.92 -
NODE_48887_length_7158_cov_45.951835:3816-5110    -            349 28431at7898          -           1180   1.8e-12   44.4   1.0   1   2   3.4e-14   2.8e-12   43.8   0.0   108   205    23   119     5   129 0.85 -
NODE_48887_length_7158_cov_45.951835:3816-5110    -            349 28431at7898          -           1180   1.8e-12   44.4   1.0   2   2         2   1.6e+02   -1.8   0.2   880   900   290   310   281   315 0.62 -
NODE_14705_length_12865_cov_35.498433:1127-4324   -            438 28431at7898          -           1180   4.9e-12   43.0   0.0   1   1   8.2e-14   6.6e-12   42.5   0.0   111   207    44   139    31   149 0.87 -
NODE_12515_length_13659_cov_31.669690:6859-8773   -            411 28431at7898          -           1180   6.3e-12   42.6   0.1   1   1   9.7e-14   7.8e-12   42.3   0.1   109   208     2   101     1   119 0.89 -
NODE_1562_length_24271_cov_115.856859:7196-22897  -            580 28431at7898          -           1180   1.6e-11   41.3   3.3   1   1   2.8e-13   2.3e-11   40.8   3.3   115   267    26   168    12   197 0.83 -
NODE_38450_length_8263_cov_42.614527:906-4181     -           1092 28431at7898          -           1180   1.6e-11   41.3   0.0   1   1   3.5e-13   2.8e-11   40.5   0.0   115   209    19   113     3   209 0.95 -
NODE_99661_length_3984_cov_34.108366:260-1267     -            336 28431at7898          -           1180   1.8e-11   41.1   0.1   1   2   2.2e-13   1.8e-11   41.1   0.1   108   203     5    99     1   111 0.89 -
NODE_99661_length_3984_cov_34.108366:260-1267     -            336 28431at7898          -           1180   1.8e-11   41.1   0.1   2   2       2.1   1.7e+02   -1.9   1.2   863   895   238   269   216   283 0.46 -
NODE_67759_length_5662_cov_35.971598:2083-3171    -            363 28431at7898          -           1180   2.3e-11   40.8   0.1   1   1   5.2e-13   4.2e-11   39.9   0.1   114   205    20   112    12   130 0.88 -
NODE_7972_length_15852_cov_43.684758:8915-11830   -            565 28431at7898          -           1180   4.3e-11   39.9   0.2   1   1   6.8e-13   5.5e-11   39.5   0.2   108   265     9   156     2   166 0.72 -
NODE_8235_length_15690_cov_40.056571:11693-13261  -            523 28431at7898          -           1180   4.6e-11   39.8   0.1   1   1   7.6e-13   6.1e-11   39.3   0.1   110   212     7   108     3   114 0.93 -
NODE_27681_length_9810_cov_41.379364:2948-7079    -            465 28431at7898          -           1180   6.3e-11   39.3   0.0   1   1   1.1e-12   8.6e-11   38.9   0.0   116   200    24   107     6   120 0.84 -
NODE_109847_length_3577_cov_31.554629:1437-3461   -            359 28431at7898          -           1180   7.7e-11   39.0   0.0   1   1   1.1e-12   8.7e-11   38.8   0.0   104   202    46   143    30   209 0.89 -
NODE_902_length_27183_cov_35.086952:17102-18694   -            531 28431at7898          -           1180   1.1e-10   38.5   0.1   1   1   1.8e-12   1.4e-10   38.1   0.1   115   217    13   114     5   150 0.87 -
NODE_13534_length_13279_cov_26.434825:4400-4759   -            120 28431at7898          -           1180   2.8e-10   37.2   0.1   1   1   3.9e-12   3.1e-10   37.0   0.1   105   210    10   118     5   120 0.83 -
NODE_14928_length_12792_cov_36.781297:6823-11175  -            623 28431at7898          -           1180   6.1e-10   36.1   0.1   1   1     1e-11   8.2e-10   35.6   0.1   110   203    16   109     6   122 0.83 -
NODE_71077_length_5454_cov_35.819234:2331-4253    -            448 28431at7898          -           1180   1.3e-09   34.9   1.4   1   1   2.2e-11   1.8e-09   34.5   1.4   108   284    26   197     5   208 0.80 -
NODE_74412_length_5246_cov_35.285603:3741-5077    -            412 28431at7898          -           1180     5e-09   33.0   0.1   1   1   6.2e-11     5e-09   33.0   0.1   102   206    13   115     4   127 0.83 -
NODE_74570_length_5236_cov_35.121277:1850-3484    -            545 28431at7898          -           1180   6.4e-09   32.7   0.1   1   1   1.1e-10   8.8e-09   32.2   0.1   108   193    15    99     4   138 0.76 -
NODE_49469_length_7096_cov_33.991425:1428-2465    -            346 28431at7898          -           1180   1.3e-08   31.6   0.6   1   2   2.2e-10   1.8e-08   31.2   0.0   109   188     4    85     1   100 0.83 -
NODE_49469_length_7096_cov_33.991425:1428-2465    -            346 28431at7898          -           1180   1.3e-08   31.6   0.6   2   2       9.2   7.4e+02   -4.0   1.3   869   888   244   263   226   264 0.64 -
NODE_5579_length_17594_cov_37.468191:5747-7354    -            536 28431at7898          -           1180   1.5e-08   31.4   0.0   1   1   2.6e-10   2.1e-08   31.0   0.0   115   206    26   116    15   127 0.91 -
NODE_2167_length_22467_cov_53.690495:17614-17907  -             98 28431at7898          -           1180   2.5e-08   30.7   0.2   1   1   3.1e-10   2.5e-08   30.7   0.2   114   180    11    74     2    95 0.76 -
NODE_7279_length_16264_cov_48.342468:1637-12712   -            523 28431at7898          -           1180   2.9e-08   30.5   0.1   1   1     5e-10     4e-08   30.0   0.1   113   224    45   147    24   202 0.75 -
NODE_2435_length_21851_cov_40.315419:2580-3815    -            412 28431at7898          -           1180   3.3e-08   30.3   0.0   1   1   5.9e-10   4.7e-08   29.8   0.0   114   184    35   104    24   127 0.88 -
NODE_42395_length_7812_cov_25.360301:6114-7013    -            300 28431at7898          -           1180     4e-08   30.0   0.1   1   2     5e-10     4e-08   30.0   0.1   114   211    16   118     3   122 0.82 -
NODE_42395_length_7812_cov_25.360301:6114-7013    -            300 28431at7898          -           1180     4e-08   30.0   0.1   2   2       2.3   1.9e+02   -2.0   5.4   614   681   146   215   132   274 0.38 -
NODE_23822_length_10525_cov_29.330712:1898-9984   -            337 28431at7898          -           1180   4.8e-08   29.8   0.0   1   2   1.8e-09   1.5e-07   28.1   0.0   111   196   216   301   203   320 0.90 -
NODE_23822_length_10525_cov_29.330712:1898-9984   -            337 28431at7898          -           1180   4.8e-08   29.8   0.0   2   2      0.73        59   -0.3   0.0   356   378   308   331   298   335 0.70 -
NODE_31789_length_9154_cov_36.655439:2542-3861    -            440 28431at7898          -           1180   5.6e-08   29.6   0.1   1   1   9.4e-10   7.6e-08   29.1   0.1   119   185    30    96    17   122 0.82 -
NODE_11076_length_14240_cov_31.967824:10624-11079 -            152 28431at7898          -           1180   7.1e-08   29.2   0.1   1   1   1.1e-09   8.7e-08   28.9   0.1   111   202    13   105     5   114 0.85 -
NODE_16728_length_12246_cov_41.391866:3817-9130   -            531 28431at7898          -           1180     1e-07   28.7   0.1   1   1   2.3e-09   1.9e-07   27.8   0.1   112   197   267   353   241   367 0.80 -
NODE_51931_length_6872_cov_30.738816:3934-4227    -             98 28431at7898          -           1180     1e-07   28.7   0.2   1   1   1.3e-09     1e-07   28.7   0.2   115   178    12    72     3    95 0.81 -
NODE_40743_length_8000_cov_56.324642:1249-4809    -            659 28431at7898          -           1180   1.4e-07   28.2   0.1   1   1   2.6e-09   2.1e-07   27.6   0.1   111   202    38   127    26   136 0.82 -
NODE_149828_length_2328_cov_46.762225:1271-2320   -            350 28431at7898          -           1180   1.4e-07   28.2   0.0   1   1   2.2e-09   1.7e-07   27.9   0.0   118   217     1    99     1   102 0.92 -
NODE_44195_length_7623_cov_46.723684:6566-7615    -            350 28431at7898          -           1180   1.5e-07   28.1   0.0   1   1   2.4e-09   1.9e-07   27.8   0.0   118   217     1    99     1   103 0.93 -
NODE_76620_length_5118_cov_31.843196:3945-4949    -            335 28431at7898          -           1180   1.6e-07   28.1   0.0   1   1   2.5e-09   2.1e-07   27.7   0.0   107   197     9   101     2   112 0.83 -
NODE_19459_length_11515_cov_35.987036:3271-6249   -            993 28431at7898          -           1180   4.5e-07   26.5   0.0   1   2   5.6e-09   4.5e-07   26.5   0.0   112   183    24    94     3   111 0.86 -
NODE_19459_length_11515_cov_35.987036:3271-6249   -            993 28431at7898          -           1180   4.5e-07   26.5   0.0   2   2       5.4   4.3e+02   -3.2   1.9   531   600   912   979   873   987 0.68 -
NODE_35656_length_8617_cov_34.175980:5636-6949    -            438 28431at7898          -           1180   4.6e-07   26.5   0.2   1   1     7e-09   5.7e-07   26.2   0.2   101   217    16   131     5   171 0.84 -
NODE_7024_length_16422_cov_37.973044:2364-4113    -            415 28431at7898          -           1180   4.6e-07   26.5   2.4   1   1   7.9e-09   6.4e-07   26.0   2.4   110   311    46   233    33   247 0.82 -
NODE_63343_length_5967_cov_33.817655:3170-4684    -            505 28431at7898          -           1180   4.7e-07   26.5   0.3   1   2   4.2e-08   3.4e-06   23.6   0.0   106   212    21   123     8   133 0.82 -
NODE_63343_length_5967_cov_33.817655:3170-4684    -            505 28431at7898          -           1180   4.7e-07   26.5   0.3   2   2      0.37        30    0.6   0.0   953  1048   199   295   190   302 0.66 -
NODE_1886_length_23247_cov_49.558234:1963-7320    -            430 28431at7898          -           1180   4.7e-07   26.5   0.1   1   1   8.3e-09   6.7e-07   26.0   0.1   113   203    47   138    22   147 0.85 -
NODE_38431_length_8266_cov_29.623485:3584-4939    -            452 28431at7898          -           1180   6.4e-07   26.0   0.0   1   1     8e-09   6.4e-07   26.0   0.0   110   206    36   134    12   141 0.83 -
NODE_14799_length_12834_cov_40.989007:7146-8599   -            424 28431at7898          -           1180   8.2e-07   25.7   0.0   1   1   1.4e-08   1.1e-06   25.2   0.0   131   269    12   139     5   150 0.73 -
NODE_2212_length_22367_cov_38.804114:18661-20223  -            521 28431at7898          -           1180   1.1e-06   25.2   0.0   1   1   1.8e-08   1.5e-06   24.9   0.0   118   208     1    90     1    98 0.92 -
NODE_71880_length_5401_cov_33.677480:297-1088     -            264 28431at7898          -           1180   1.2e-06   25.1   0.1   1   1     2e-08   1.6e-06   24.7   0.1   107   203    15   107     6   118 0.78 -
NODE_3775_length_19611_cov_36.264709:1150-12505   -            346 28431at7898          -           1180   1.3e-06   25.0   0.0   1   1   2.6e-08   2.1e-06   24.3   0.0   107   152    35    80    17    86 0.85 -
NODE_25549_length_10199_cov_37.157921:6460-8094   -            545 28431at7898          -           1180   1.4e-06   24.9   0.0   1   1   2.7e-08   2.2e-06   24.3   0.0   114   205    11    97     5   103 0.85 -
NODE_75712_length_5167_cov_47.989740:204-3102     -            161 28431at7898          -           1180     2e-06   24.4   0.1   1   1   2.7e-08   2.2e-06   24.3   0.1   116   201    22   111     4   125 0.80 -
NODE_162559_length_2016_cov_50.733959:1101-1637   -            179 28431at7898          -           1180   2.1e-06   24.3   0.0   1   1   3.1e-08   2.5e-06   24.1   0.0   117   209     3    92     1   102 0.89 -
NODE_13258_length_13381_cov_34.466948:5289-5959   -            121 28431at7898          -           1180   2.2e-06   24.3   0.0   1   1     4e-08   3.2e-06   23.7   0.0   124   166     1    43     1    47 0.96 -
NODE_5841_length_17371_cov_30.431797:774-2504     -            577 28431at7898          -           1180   2.6e-06   24.0  11.2   1   2   3.3e-08   2.7e-06   24.0   0.0   114   206    20   122     5   131 0.82 -
NODE_5841_length_17371_cov_30.431797:774-2504     -            577 28431at7898          -           1180   2.6e-06   24.0  11.2   2   2     0.022       1.8    4.7   4.1   498   583   304   389   291   410 0.77 -
NODE_62101_length_6058_cov_26.112938:634-2925     -            287 28431at7898          -           1180   3.1e-06   23.8   0.0   1   1   4.4e-08   3.5e-06   23.6   0.0   117   208    80   177    19   183 0.81 -
NODE_90205_length_4409_cov_22.892343:631-990      -            120 28431at7898          -           1180   3.6e-06   23.6   0.0   1   1   4.6e-08   3.7e-06   23.5   0.0   115   179    13    78     5   100 0.77 -
NODE_615_length_29116_cov_31.424406:27229-28305   -            359 28431at7898          -           1180   4.9e-06   23.1   0.3   1   2   1.3e-07   1.1e-05   22.0   0.0   115   181    20    87     4   135 0.80 -
NODE_615_length_29116_cov_31.424406:27229-28305   -            359 28431at7898          -           1180   4.9e-06   23.1   0.3   2   2       2.1   1.7e+02   -1.8   0.1  1000  1047   238   287   221   291 0.73 -
NODE_4232_length_18965_cov_38.752995:2731-17400   -            658 28431at7898          -           1180   9.4e-06   22.2   0.0   1   1   1.2e-07   9.4e-06   22.2   0.0   108   196    22   115     6   121 0.72 -
NODE_16182_length_12413_cov_123.734043:6066-7589  -            508 28431at7898          -           1180   1.5e-05   21.5   0.0   1   1   2.4e-07     2e-05   21.1   0.0   117   208     3    91     1   101 0.89 -
NODE_25510_length_10205_cov_40.129428:1375-4075   -            474 28431at7898          -           1180   1.9e-05   21.1   0.5   1   2   3.9e-07   3.1e-05   20.5   0.1   130   179     3    52     2    68 0.92 -
NODE_25510_length_10205_cov_40.129428:1375-4075   -            474 28431at7898          -           1180   1.9e-05   21.1   0.5   2   2       4.3   3.5e+02   -2.9   0.0   318   345   106   134    89   160 0.59 -
NODE_65123_length_5842_cov_40.530211:1943-2989    -            349 28431at7898          -           1180   2.4e-05   20.8   0.0   1   1   3.9e-07   3.1e-05   20.4   0.0   114   200    11    96     3   113 0.88 -
NODE_22691_length_10754_cov_36.101455:7639-9267   -            543 28431at7898          -           1180   2.7e-05   20.7   0.0   1   1   4.5e-07   3.6e-05   20.2   0.0   113   210    10   107     4   114 0.88 -
NODE_38907_length_8209_cov_51.176326:1144-2046    -            301 28431at7898          -           1180   5.1e-05   19.8   0.2   1   1   8.3e-07   6.7e-05   19.3   0.2   132   178     1    47     1    56 0.92 -
NODE_13491_length_13297_cov_34.240188:1333-3267   -            645 28431at7898          -           1180   5.5e-05   19.6   0.8   1   1   6.8e-07   5.5e-05   19.6   0.8   115   177    18    80     7    87 0.89 -
NODE_902_length_27183_cov_35.086952:14662-16248   -            529 28431at7898          -           1180   6.4e-05   19.4   0.1   1   1   1.1e-06   8.7e-05   19.0   0.1   117   213     7   102     2   108 0.88 -
NODE_4767_length_18357_cov_31.834593:927-2336     -            470 28431at7898          -           1180   6.5e-05   19.4   0.0   1   1   1.5e-06   0.00012   18.5   0.0    98   148    17    67     4   125 0.79 -
NODE_1970_length_23032_cov_49.155671:7621-18437   -            689 28431at7898          -           1180   7.1e-05   19.3   0.1   1   2   8.7e-07   7.1e-05   19.3   0.1   115   211   203   299   181   303 0.83 -
NODE_1970_length_23032_cov_49.155671:7621-18437   -            689 28431at7898          -           1180   7.1e-05   19.3   0.1   2   2       3.8   3.1e+02   -2.7   2.3   878   904   618   644   477   655 0.65 -
NODE_42353_length_7816_cov_36.243748:1356-2738    -            461 28431at7898          -           1180   8.5e-05   19.0   0.1   1   1   1.4e-06   0.00011   18.6   0.1   111   206    12   102     2   120 0.79 -
NODE_41939_length_7863_cov_70.297785:2464-4353    -            630 28431at7898          -           1180   0.00038   16.9   0.0   1   1   4.7e-06   0.00038   16.9   0.0   113   214    19   121     3   132 0.77 -
NODE_8279_length_15657_cov_31.147127:8459-9949    -            497 28431at7898          -           1180   0.00038   16.8   0.3   1   1   4.7e-06   0.00038   16.8   0.3   113   201    19   106     9   120 0.77 -
NODE_10337_length_14589_cov_39.558178:6049-11530  -            553 28431at7898          -           1180   0.00055   16.3   0.0   1   1   8.8e-06   0.00071   16.0   0.0   118   203    31   115    12   183 0.77 -
NODE_51914_length_6874_cov_23.622435:2145-3632    -            496 28431at7898          -           1180   0.00065   16.1   0.1   1   1   1.3e-05     0.001   15.4   0.1   113   199    19   104     8   117 0.75 -
NODE_24_length_53597_cov_34.862518:3085-4755      -            557 28431at7898          -           1180   0.00082   15.8   0.1   1   1     1e-05   0.00082   15.8   0.1   111   149    17    55     4   118 0.69 -
NODE_170073_length_1845_cov_94.479954:181-1746    -            522 28431at7898          -           1180   0.00089   15.6   0.0   1   1   1.5e-05    0.0012   15.2   0.0   118   205     3    87     1    99 0.87 -
NODE_12039_length_13836_cov_41.601369:361-9151    -            459 28431at7898          -           1180    0.0042   13.4   0.1   1   1   9.1e-05    0.0074   12.6   0.1   110   220    14   135    11   164 0.69 -
NODE_27928_length_9766_cov_45.644978:6963-8910    -            120 28431at7898          -           1180    0.0083   12.4   0.1   1   2   0.00024     0.019   11.2   0.0   118   153     2    37     1    63 0.86 -
NODE_27928_length_9766_cov_45.644978:6963-8910    -            120 28431at7898          -           1180    0.0083   12.4   0.1   2   2       1.2        98   -1.1   0.0   243   288    71   115    59   118 0.73 -
NODE_37657_length_8360_cov_38.035710:4105-8055    -            238 28431at7898          -           1180     0.011   12.0   0.1   1   1   0.00018     0.015   11.6   0.1   132   208    67   147    50   227 0.80 -
NODE_31726_length_9165_cov_37.833554:383-6006     -            401 28431at7898          -           1180     0.065    9.5   0.0   1   1    0.0012     0.099    8.9   0.0   107   187   267   343   253   359 0.85 -
#
# Program:         hmmsearch
# Version:         3.1b2 (February 2015)
# Pipeline mode:   SEARCH
# Query file:      /home/e1garcia/shotgun_PIRE/abyss/busco_downloads/lineages/actinopterygii_odb10/hmms/28431at7898.hmm
# Target file:     /home/e1garcia/shotgun_PIRE/pire_ssl_data_processing/plotosus_lineatus/busco_contigs_results-SPAdes_contam_R1R2_noIsolate/run_actinopterygii_odb10/metaeuk_output/initial_results/contigs.modified.fasta.modified.fas
# Option settings: hmmsearch --domtblout /home/e1garcia/shotgun_PIRE/pire_ssl_data_processing/plotosus_lineatus/busco_contigs_results-SPAdes_contam_R1R2_noIsolate/run_actinopterygii_odb10/hmmer_output/initial_run_results/28431at7898.out --cpu 1 /home/e1garcia/shotgun_PIRE/abyss/busco_downloads/lineages/actinopterygii_odb10/hmms/28431at7898.hmm /home/e1garcia/shotgun_PIRE/pire_ssl_data_processing/plotosus_lineatus/busco_contigs_results-SPAdes_contam_R1R2_noIsolate/run_actinopterygii_odb10/metaeuk_output/initial_results/contigs.modified.fasta.modified.fas 
# Current dir:     /home/e1garcia/shotgun_PIRE/pire_ssl_data_processing/plotosus_lineatus
# Date:            Fri Aug 20 13:32:39 2021
# [ok]
