#                                                                                                         --- full sequence --- -------------- this domain -------------   hmm coord   ali coord   env coord
# target name                                     accession   tlen query name           accession   qlen   E-value  score  bias   #  of  c-Evalue  i-Evalue  score  bias  from    to  from    to  from    to  acc description of target
#                             ------------------- ---------- ----- -------------------- ---------- ----- --------- ------ ----- --- --- --------- --------- ------ ----- ----- ----- ----- ----- ----- ----- ---- ---------------------
NODE_1562_length_24271_cov_115.856859:7196-22897  -            580 43179at7898          -            540   5.7e-71  237.9   3.6   1   2   5.1e-62   2.9e-60  202.6   0.6    10   435     8   447     2   451 0.88 -
NODE_1562_length_24271_cov_115.856859:7196-22897  -            580 43179at7898          -            540   5.7e-71  237.9   3.6   2   2   5.9e-12   3.3e-10   37.4   0.1   331   417   442   528   439   555 0.87 -
NODE_56304_length_6503_cov_41.282011:2234-4000    -            589 43179at7898          -            540   3.1e-61  205.8  13.4   1   3   1.2e-42     7e-41  138.6   1.3    15   275    30   301    23   316 0.86 -
NODE_56304_length_6503_cov_41.282011:2234-4000    -            589 43179at7898          -            540   3.1e-61  205.8  13.4   2   3   8.9e-17     5e-15   53.3   0.1   317   460   300   454   294   458 0.80 -
NODE_56304_length_6503_cov_41.282011:2234-4000    -            589 43179at7898          -            540   3.1e-61  205.8  13.4   3   3   3.1e-07   1.7e-05   21.8   1.5   283   392   463   571   456   582 0.87 -
NODE_5579_length_17594_cov_37.468191:5747-7354    -            536 43179at7898          -            540   4.3e-61  205.4  10.6   1   2   1.7e-48   9.7e-47  158.0   5.9    19   479    17   493     4   494 0.84 -
NODE_5579_length_17594_cov_37.468191:5747-7354    -            536 43179at7898          -            540   4.3e-61  205.4  10.6   2   2   3.2e-18   1.8e-16   58.1   0.1   284   475   337   536   334   536 0.83 -
NODE_22691_length_10754_cov_36.101455:7639-9267   -            543 43179at7898          -            540   2.5e-56  189.6  18.4   1   2   4.5e-46   2.6e-44  150.0  11.2    24   435     8   429     4   429 0.84 -
NODE_22691_length_10754_cov_36.101455:7639-9267   -            543 43179at7898          -            540   2.5e-56  189.6  18.4   2   2   1.7e-16   9.4e-15   52.4   0.7   338   475   384   525   382   542 0.83 -
NODE_128551_length_2933_cov_33.962950:400-2166    -            589 43179at7898          -            540   5.3e-56  188.5  10.5   1   3   2.6e-37   1.5e-35  121.1   0.8    16   271    31   299    25   320 0.85 -
NODE_128551_length_2933_cov_33.962950:400-2166    -            589 43179at7898          -            540   5.3e-56  188.5  10.5   2   3   3.8e-15   2.2e-13   47.9   0.0   315   458   298   452   294   455 0.72 -
NODE_128551_length_2933_cov_33.962950:400-2166    -            589 43179at7898          -            540   5.3e-56  188.5  10.5   3   3   4.9e-09   2.8e-07   27.7   0.6   285   418   417   550   408   563 0.78 -
NODE_14705_length_12865_cov_35.498433:1127-4324   -            438 43179at7898          -            540   1.5e-55  187.1   7.4   1   3   2.7e-46   1.5e-44  150.7   1.2    18   205    38   233    30   260 0.90 -
NODE_14705_length_12865_cov_35.498433:1127-4324   -            438 43179at7898          -            540   1.5e-55  187.1   7.4   2   3   9.6e-08   5.4e-06   23.5   0.0   203   264   305   366   292   370 0.92 -
NODE_14705_length_12865_cov_35.498433:1127-4324   -            438 43179at7898          -            540   1.5e-55  187.1   7.4   3   3   2.9e-05    0.0016   15.3   0.1   362   417   376   430   368   436 0.84 -
NODE_71077_length_5454_cov_35.819234:2331-4253    -            448 43179at7898          -            540   1.6e-54  183.7   9.0   1   2   1.3e-46   7.1e-45  151.8   4.3    18   250    23   266    17   284 0.91 -
NODE_71077_length_5454_cov_35.819234:2331-4253    -            448 43179at7898          -            540   1.6e-54  183.7   9.0   2   2     4e-11   2.3e-09   34.6   0.1   360   500   285   442   268   446 0.74 -
NODE_673_length_28741_cov_45.159172:3819-24415    -            338 43179at7898          -            540   1.3e-53  180.7   6.7   1   2   4.8e-51   2.7e-49  166.4   4.2    15   263    18   275     9   281 0.91 -
NODE_673_length_28741_cov_45.159172:3819-24415    -            338 43179at7898          -            540   1.3e-53  180.7   6.7   2   2   2.1e-05    0.0012   15.7   0.0   356   412   282   337   267   338 0.77 -
NODE_7972_length_15852_cov_43.684758:8915-11830   -            565 43179at7898          -            540   1.2e-52  177.5  10.5   1   3   6.1e-37   3.4e-35  119.9   1.6    16   255     4   253     2   305 0.86 -
NODE_7972_length_15852_cov_43.684758:8915-11830   -            565 43179at7898          -            540   1.2e-52  177.5  10.5   2   3   2.5e-08   1.4e-06   25.4   0.1   386   477   297   398   263   403 0.78 -
NODE_7972_length_15852_cov_43.684758:8915-11830   -            565 43179at7898          -            540   1.2e-52  177.5  10.5   3   3   5.2e-12   2.9e-10   37.6   0.4   356   466   414   533   405   558 0.77 -
NODE_4411_length_18727_cov_32.482661:3219-5029    -            565 43179at7898          -            540     2e-50  170.1   9.9   1   1   8.8e-51     5e-49  165.5   9.9    16   521    11   549     6   564 0.79 -
NODE_27681_length_9810_cov_41.379364:2948-7079    -            465 43179at7898          -            540   2.2e-50  170.0   3.2   1   3   9.3e-46   5.3e-44  149.0   0.2    16   283    11   289     6   305 0.86 -
NODE_27681_length_9810_cov_41.379364:2948-7079    -            465 43179at7898          -            540   2.2e-50  170.0   3.2   2   3   0.00012    0.0066   13.3   0.1   313   411   277   377   248   384 0.77 -
NODE_27681_length_9810_cov_41.379364:2948-7079    -            465 43179at7898          -            540   2.2e-50  170.0   3.2   3   3    0.0013     0.072    9.9   0.0   330   410   384   464   379   465 0.82 -
NODE_8235_length_15690_cov_40.056571:11693-13261  -            523 43179at7898          -            540   1.3e-47  160.8  19.4   1   3   1.1e-28   6.3e-27   92.6   4.6    22   257     6   253     3   261 0.89 -
NODE_8235_length_15690_cov_40.056571:11693-13261  -            523 43179at7898          -            540   1.3e-47  160.8  19.4   2   3    0.0001    0.0057   13.5   0.5   373   416   274   318   261   322 0.85 -
NODE_8235_length_15690_cov_40.056571:11693-13261  -            523 43179at7898          -            540   1.3e-47  160.8  19.4   3   3   2.4e-20   1.4e-18   65.1   1.2   279   472   322   519   316   523 0.84 -
NODE_16182_length_12413_cov_123.734043:6066-7589  -            508 43179at7898          -            540   6.7e-47  158.5  13.6   1   3   5.8e-26   3.3e-24   83.6   0.7    29   243     2   226     1   238 0.88 -
NODE_16182_length_12413_cov_123.734043:6066-7589  -            508 43179at7898          -            540   6.7e-47  158.5  13.6   2   3   7.7e-05    0.0043   13.9   0.2   373   416   256   300   243   307 0.84 -
NODE_16182_length_12413_cov_123.734043:6066-7589  -            508 43179at7898          -            540   6.7e-47  158.5  13.6   3   3   1.6e-21   8.8e-20   69.0   2.1   276   472   302   504   298   508 0.85 -
NODE_20986_length_11132_cov_37.161697:7225-8817   -            531 43179at7898          -            540   3.3e-46  156.2   8.5   1   3   1.4e-25   7.7e-24   82.4   0.6    77   276    38   244    32   262 0.86 -
NODE_20986_length_11132_cov_37.161697:7225-8817   -            531 43179at7898          -            540   3.3e-46  156.2   8.5   2   3   6.4e-20   3.6e-18   63.7   0.1   337   503   261   445   238   456 0.78 -
NODE_20986_length_11132_cov_37.161697:7225-8817   -            531 43179at7898          -            540   3.3e-46  156.2   8.5   3   3   9.6e-06   0.00054   16.9   0.4   280   345   448   514   435   521 0.79 -
NODE_7024_length_16422_cov_37.973044:2364-4113    -            415 43179at7898          -            540   2.5e-45  153.3   7.0   1   2   3.4e-39   1.9e-37  127.3   3.4    18   237    41   275    33   289 0.88 -
NODE_7024_length_16422_cov_37.973044:2364-4113    -            415 43179at7898          -            540   2.5e-45  153.3   7.0   2   2   5.6e-09   3.2e-07   27.6   0.1   312   417   299   407   297   414 0.90 -
NODE_139958_length_2590_cov_35.278603:1137-1913   -            259 43179at7898          -            540   5.1e-44  149.0   0.2   1   1   9.7e-46   5.5e-44  148.9   0.2    16   251     4   250     1   259 0.91 -
NODE_902_length_27183_cov_35.086952:14662-16248   -            529 43179at7898          -            540   5.1e-43  145.7  16.7   1   2   1.7e-37   9.6e-36  121.7   8.2    27   479     4   474     2   476 0.83 -
NODE_902_length_27183_cov_35.086952:14662-16248   -            529 43179at7898          -            540   5.1e-43  145.7  16.7   2   2   5.8e-12   3.3e-10   37.4   1.3   347   477   385   519   383   524 0.80 -
NODE_902_length_27183_cov_35.086952:17102-18694   -            531 43179at7898          -            540   3.3e-42  143.0   7.7   1   2   3.9e-42   2.2e-40  137.0   3.3    25   479    10   470     3   472 0.84 -
NODE_902_length_27183_cov_35.086952:17102-18694   -            531 43179at7898          -            540   3.3e-42  143.0   7.7   2   2    0.0043      0.25    8.1   0.1   436   473   472   510   471   520 0.81 -
NODE_2212_length_22367_cov_38.804114:18661-20223  -            521 43179at7898          -            540   7.9e-42  141.8  14.9   1   3   1.4e-20   7.7e-19   65.9   1.7    31   206     1   185     1   211 0.85 -
NODE_2212_length_22367_cov_38.804114:18661-20223  -            521 43179at7898          -            540   7.9e-42  141.8  14.9   2   3   0.00066     0.037   10.8   0.0   368   414   248   295   200   314 0.78 -
NODE_2212_length_22367_cov_38.804114:18661-20223  -            521 43179at7898          -            540   7.9e-42  141.8  14.9   3   3   3.7e-22   2.1e-20   71.1   2.9   280   473   303   503   298   514 0.84 -
NODE_86030_length_4611_cov_190.749557:1224-2378   -            385 43179at7898          -            540   9.7e-42  141.5  10.9   1   2   8.5e-34   4.8e-32  109.5   4.2    17   214    12   218     7   247 0.86 -
NODE_86030_length_4611_cov_190.749557:1224-2378   -            385 43179at7898          -            540   9.7e-42  141.5  10.9   2   2   1.3e-11   7.2e-10   36.3   0.7   294   417   239   369   231   383 0.81 -
NODE_170073_length_1845_cov_94.479954:181-1746    -            522 43179at7898          -            540   1.7e-41  140.6  11.5   1   2   6.8e-39   3.9e-37  126.3   6.4    30   479     2   459     1   459 0.82 -
NODE_170073_length_1845_cov_94.479954:181-1746    -            522 43179at7898          -            540   1.7e-41  140.6  11.5   2   2   2.6e-08   1.5e-06   25.4   0.2   373   477   395   504   392   521 0.63 -
NODE_35656_length_8617_cov_34.175980:5636-6949    -            438 43179at7898          -            540   1.1e-40  138.0   5.0   1   2   1.2e-35     7e-34  115.5   2.9    10   319    12   338     6   344 0.85 -
NODE_35656_length_8617_cov_34.175980:5636-6949    -            438 43179at7898          -            540   1.1e-40  138.0   5.0   2   2   1.9e-07   1.1e-05   22.5   0.0   381   457   358   438   345   438 0.86 -
NODE_109847_length_3577_cov_31.554629:1437-3461   -            359 43179at7898          -            540   4.5e-40  136.0   2.7   1   2   1.2e-40   6.6e-39  132.1   1.3    20   271    49   312    36   322 0.89 -
NODE_109847_length_3577_cov_31.554629:1437-3461   -            359 43179at7898          -            540   4.5e-40  136.0   2.7   2   2     0.084       4.7    3.9   0.0   322   341   323   342   310   359 0.66 -
NODE_11801_length_13931_cov_35.955755:10617-12090 -            474 43179at7898          -            540   3.3e-39  133.1  17.0   1   1     2e-39   1.1e-37  128.0  17.0    29   479     2   451     1   474 0.84 -
NODE_12515_length_13659_cov_31.669690:6859-8773   -            411 43179at7898          -            540   6.6e-39  132.1   0.2   1   3   9.2e-35   5.2e-33  112.7   0.0    23   221     3   214     1   221 0.89 -
NODE_12515_length_13659_cov_31.669690:6859-8773   -            411 43179at7898          -            540   6.6e-39  132.1   0.2   2   3      0.16       9.3    2.9   0.0   376   415   323   362   265   368 0.71 -
NODE_12515_length_13659_cov_31.669690:6859-8773   -            411 43179at7898          -            540   6.6e-39  132.1   0.2   3   3   9.3e-06   0.00052   16.9   0.0   354   413   349   411   322   411 0.80 -
NODE_31789_length_9154_cov_36.655439:2542-3861    -            440 43179at7898          -            540   9.5e-39  131.6   1.7   1   2     1e-32   5.8e-31  105.9   2.0    16   321    14   336     7   340 0.85 -
NODE_31789_length_9154_cov_36.655439:2542-3861    -            440 43179at7898          -            540   9.5e-39  131.6   1.7   2   2   1.9e-07   1.1e-05   22.5   0.0   378   458   352   436   338   439 0.76 -
NODE_48887_length_7158_cov_45.951835:3816-5110    -            349 43179at7898          -            540   1.7e-38  130.7   0.0   1   1   4.1e-40   2.3e-38  130.3   0.0    16   239    18   252    12   267 0.90 -
NODE_99661_length_3984_cov_34.108366:260-1267     -            336 43179at7898          -            540   1.9e-38  130.6   1.2   1   1   4.7e-40   2.6e-38  130.1   1.2    24   235     8   230     2   241 0.91 -
NODE_14928_length_12792_cov_36.781297:6823-11175  -            623 43179at7898          -            540   1.1e-37  128.1   4.0   1   2   2.4e-36   1.3e-34  117.9   0.2    17   243    11   255     4   269 0.88 -
NODE_14928_length_12792_cov_36.781297:6823-11175  -            623 43179at7898          -            540   1.1e-37  128.1   4.0   2   2   0.00087     0.049   10.4   0.5   380   488   414   547   355   605 0.59 -
NODE_30295_length_9382_cov_40.038781:6797-7861    -            355 43179at7898          -            540   3.2e-37  126.6   2.8   1   1   9.1e-39   5.2e-37  125.9   2.8    15   237    19   252    10   262 0.91 -
NODE_49469_length_7096_cov_33.991425:1428-2465    -            346 43179at7898          -            540   6.3e-34  115.7   0.7   1   2   6.4e-35   3.6e-33  113.2   0.4    24   238     6   233     2   258 0.87 -
NODE_49469_length_7096_cov_33.991425:1428-2465    -            346 43179at7898          -            540   6.3e-34  115.7   0.7   2   2      0.88        50    0.5   0.0   331   370   294   334   285   345 0.71 -
NODE_76620_length_5118_cov_31.843196:3945-4949    -            335 43179at7898          -            540   1.8e-33  114.2   0.1   1   2   9.6e-35   5.4e-33  112.6   0.0    21   238    10   241     2   268 0.87 -
NODE_76620_length_5118_cov_31.843196:3945-4949    -            335 43179at7898          -            540   1.8e-33  114.2   0.1   2   2       2.4   1.4e+02   -0.9   0.0   435   457   307   331   289   334 0.70 -
NODE_52730_length_6801_cov_34.981946:2544-6130    -            366 43179at7898          -            540   4.4e-32  109.6   5.3   1   3   5.8e-18   3.3e-16   57.2   0.1    92   219     4   139     2   147 0.85 -
NODE_52730_length_6801_cov_34.981946:2544-6130    -            366 43179at7898          -            540   4.4e-32  109.6   5.3   2   3   3.4e-15   1.9e-13   48.1   2.5   362   501   167   324   159   327 0.77 -
NODE_52730_length_6801_cov_34.981946:2544-6130    -            366 43179at7898          -            540   4.4e-32  109.6   5.3   3   3   0.00022     0.013   12.4   0.0   384   433   293   344   289   365 0.74 -
NODE_14799_length_12834_cov_40.989007:7146-8599   -            424 43179at7898          -            540   5.9e-32  109.2   0.0   1   2   3.9e-26   2.2e-24   84.2   0.0    36   196     3   171     1   186 0.87 -
NODE_14799_length_12834_cov_40.989007:7146-8599   -            424 43179at7898          -            540   5.9e-32  109.2   0.0   2   2   1.4e-07   8.1e-06   22.9   0.0   376   529   248   415   241   423 0.71 -
NODE_44195_length_7623_cov_46.723684:6566-7615    -            350 43179at7898          -            540   6.8e-32  109.0   8.7   1   2   8.7e-27   4.9e-25   86.3   1.3    31   235     1   216     1   230 0.90 -
NODE_44195_length_7623_cov_46.723684:6566-7615    -            350 43179at7898          -            540   6.8e-32  109.0   8.7   2   2     8e-09   4.5e-07   27.0   1.0   376   458   257   343   250   348 0.86 -
NODE_131548_length_2838_cov_34.998540:1699-2283   -            195 43179at7898          -            540   1.2e-31  108.2   1.3   1   1   2.5e-33   1.4e-31  107.9   1.3    16   195     4   191     1   194 0.90 -
NODE_74570_length_5236_cov_35.121277:1850-3484    -            545 43179at7898          -            540     3e-30  103.5   0.0   1   2   8.1e-30   4.6e-28   96.3   0.1    18   476    12   506     6   508 0.74 -
NODE_74570_length_5236_cov_35.121277:1850-3484    -            545 43179at7898          -            540     3e-30  103.5   0.0   2   2     0.036         2    5.1   0.0   376   413   495   533   491   542 0.87 -
NODE_149828_length_2328_cov_46.762225:1271-2320   -            350 43179at7898          -            540   6.5e-30  102.4   9.7   1   2   1.4e-25   8.2e-24   82.3   2.5    31   240     1   221     1   233 0.89 -
NODE_149828_length_2328_cov_46.762225:1271-2320   -            350 43179at7898          -            540   6.5e-30  102.4   9.7   2   2   4.3e-08   2.5e-06   24.6   0.8   375   458   256   343   249   348 0.84 -
NODE_75712_length_5167_cov_47.989740:204-3102     -            161 43179at7898          -            540   9.1e-30  102.0   1.3   1   1   1.9e-31   1.1e-29  101.7   1.3    16   155     9   157     4   161 0.88 -
NODE_7279_length_16264_cov_48.342468:1637-12712   -            523 43179at7898          -            540   2.3e-28   97.3   4.8   1   2   5.5e-25   3.1e-23   80.4   1.0    18   167    37   193    27   227 0.88 -
NODE_7279_length_16264_cov_48.342468:1637-12712   -            523 43179at7898          -            540   2.3e-28   97.3   4.8   2   2   6.2e-06   0.00035   17.5   0.1   314   414   292   391   275   397 0.78 -
NODE_9917_length_14794_cov_33.848248:5543-13156   -            449 43179at7898          -            540     3e-27   93.6   1.3   1   2   3.3e-24   1.9e-22   77.8   0.1   124   463     1   359     1   366 0.83 -
NODE_9917_length_14794_cov_33.848248:5543-13156   -            449 43179at7898          -            540     3e-27   93.6   1.3   2   2     5e-05    0.0028   14.5   0.1   280   355   366   444   360   447 0.88 -
NODE_53700_length_6720_cov_38.808639:2592-4508    -            462 43179at7898          -            540   5.9e-27   92.7   7.8   1   3   5.2e-23   2.9e-21   73.9   1.0   113   413     5   321     1   324 0.82 -
NODE_53700_length_6720_cov_38.808639:2592-4508    -            462 43179at7898          -            540   5.9e-27   92.7   7.8   2   3   6.4e-10   3.6e-08   30.7   0.9   301   458   257   412   227   414 0.79 -
NODE_53700_length_6720_cov_38.808639:2592-4508    -            462 43179at7898          -            540   5.9e-27   92.7   7.8   3   3     0.096       5.4    3.7   0.0   330   403   376   449   370   453 0.76 -
NODE_10337_length_14589_cov_39.558178:6049-11530  -            553 43179at7898          -            540     5e-26   89.6   0.3   1   3   1.6e-19   8.9e-18   62.4   0.0    28   210    28   220    17   244 0.84 -
NODE_10337_length_14589_cov_39.558178:6049-11530  -            553 43179at7898          -            540     5e-26   89.6   0.3   2   3     1e-06   5.9e-05   20.1   0.4   313   462   271   426   260   446 0.76 -
NODE_10337_length_14589_cov_39.558178:6049-11530  -            553 43179at7898          -            540     5e-26   89.6   0.3   3   3     0.077       4.3    4.0   0.0   332   423   436   519   430   529 0.78 -
NODE_3775_length_19611_cov_36.264709:1150-12505   -            346 43179at7898          -            540   1.3e-24   85.0   0.1   1   2   1.9e-08   1.1e-06   25.8   0.0    17    64    32    79    22    90 0.88 -
NODE_3775_length_19611_cov_36.264709:1150-12505   -            346 43179at7898          -            540   1.3e-24   85.0   0.1   2   2   5.7e-18   3.2e-16   57.2   0.1    79   267   125   312   106   337 0.87 -
NODE_25510_length_10205_cov_40.129428:1375-4075   -            474 43179at7898          -            540     3e-24   83.8   5.0   1   2   6.2e-23   3.5e-21   73.6   0.6    42   216     2   187     1   203 0.88 -
NODE_25510_length_10205_cov_40.129428:1375-4075   -            474 43179at7898          -            540     3e-24   83.8   5.0   2   2   0.00059     0.033   11.0   0.3   352   457   318   429   299   455 0.49 -
NODE_65123_length_5842_cov_40.530211:1943-2989    -            349 43179at7898          -            540   1.1e-23   81.8   0.4   1   2   1.6e-23   9.2e-22   75.5   0.1    19   247     3   244     1   257 0.87 -
NODE_65123_length_5842_cov_40.530211:1943-2989    -            349 43179at7898          -            540   1.1e-23   81.8   0.4   2   2     0.045       2.5    4.8   0.0   384   433   292   342   268   348 0.56 -
NODE_38907_length_8209_cov_51.176326:1144-2046    -            301 43179at7898          -            540   3.9e-23   80.1   1.0   1   2   1.2e-24   6.5e-23   79.3   0.9    45   215     1   182     1   197 0.87 -
NODE_38907_length_8209_cov_51.176326:1144-2046    -            301 43179at7898          -            540   3.9e-23   80.1   1.0   2   2       8.2   4.7e+02   -2.7   0.0   438   457   282   301   278   301 0.86 -
NODE_28971_length_9590_cov_33.099252:4181-8755    -            443 43179at7898          -            540   2.7e-22   77.3   9.1   1   1   2.1e-22   1.2e-20   71.9   8.6    63   459    10   428     1   428 0.77 -
NODE_9431_length_15031_cov_39.900281:11856-13185  -            327 43179at7898          -            540   2.9e-22   77.2   2.4   1   3   1.7e-07   9.5e-06   22.7   0.0   190   252     2    66     1    91 0.83 -
NODE_9431_length_15031_cov_39.900281:11856-13185  -            327 43179at7898          -            540   2.9e-22   77.2   2.4   2   3   1.5e-09   8.4e-08   29.5   0.1   336   420   108   192    94   196 0.86 -
NODE_9431_length_15031_cov_39.900281:11856-13185  -            327 43179at7898          -            540   2.9e-22   77.2   2.4   3   3   1.3e-07   7.2e-06   23.1   0.1   327   435   194   304   191   318 0.86 -
NODE_162559_length_2016_cov_50.733959:1101-1637   -            179 43179at7898          -            540   4.8e-22   76.5   0.3   1   1     1e-23   5.8e-22   76.2   0.3    29   194     2   174     1   178 0.90 -
NODE_27928_length_9766_cov_45.644978:6963-8910    -            120 43179at7898          -            540   9.2e-21   72.2   1.8   1   2   4.7e-08   2.7e-06   24.5   0.0    30    64     1    35     1    37 0.95 -
NODE_27928_length_9766_cov_45.644978:6963-8910    -            120 43179at7898          -            540   9.2e-21   72.2   1.8   2   2   1.8e-15     1e-13   49.0   0.7    99   186    34   120    33   120 0.90 -
NODE_1414_length_24830_cov_38.114472:11572-12960  -            463 43179at7898          -            540   3.8e-20   70.2   0.5   1   1   2.3e-21   1.3e-19   68.5   0.4   114   391     1   297     1   321 0.79 -
NODE_13534_length_13279_cov_26.434825:4400-4759   -            120 43179at7898          -            540     9e-20   69.0   0.0   1   1   1.8e-21     1e-19   68.8   0.0    16   121    12   120     8   120 0.91 -
NODE_37657_length_8360_cov_38.035710:4105-8055    -            238 43179at7898          -            540   1.7e-19   68.1   0.1   1   1   3.6e-21     2e-19   67.8   0.1    17   203    39   238    28   238 0.84 -
NODE_29004_length_9585_cov_32.777672:1373-6611    -            451 43179at7898          -            540   6.8e-19   66.1   0.4   1   2   4.1e-14   2.3e-12   44.5   0.0   153   464    26   366    12   371 0.78 -
NODE_29004_length_9585_cov_32.777672:1373-6611    -            451 43179at7898          -            540   6.8e-19   66.1   0.4   2   2   5.7e-09   3.2e-07   27.5   0.4   347   476   294   434   278   437 0.71 -
NODE_40743_length_8000_cov_56.324642:1249-4809    -            659 43179at7898          -            540   8.1e-19   65.8   0.4   1   1   2.2e-20   1.3e-18   65.2   0.4    15   116    29   132    22   155 0.87 -
NODE_38431_length_8266_cov_29.623485:3584-4939    -            452 43179at7898          -            540   1.9e-18   64.6   0.0   1   1   4.9e-20   2.8e-18   64.0   0.0    15   121    28   140    24   143 0.90 -
NODE_126072_length_3013_cov_23.970144:314-1750    -            479 43179at7898          -            540   2.2e-18   64.4   4.5   1   3   8.1e-11   4.6e-09   33.6   0.1   109   243     2   144     1   156 0.83 -
NODE_126072_length_3013_cov_23.970144:314-1750    -            479 43179at7898          -            540   2.2e-18   64.4   4.5   2   3   8.2e-07   4.6e-05   20.4   0.1   325   399   239   312   226   330 0.82 -
NODE_126072_length_3013_cov_23.970144:314-1750    -            479 43179at7898          -            540   2.2e-18   64.4   4.5   3   3    0.0024      0.14    9.0   0.0   351   393   410   452   369   464 0.86 -
NODE_71880_length_5401_cov_33.677480:297-1088     -            264 43179at7898          -            540   2.4e-17   61.0   0.2   1   1   5.9e-19   3.4e-17   60.5   0.2    15   123    10   118     6   125 0.88 -
NODE_2435_length_21851_cov_40.315419:2580-3815    -            412 43179at7898          -            540   2.8e-15   54.2   0.5   1   1   7.5e-17   4.2e-15   53.6   0.5    17   119    25   129    12   140 0.91 -
NODE_55528_length_6568_cov_27.976194:465-3603     -            422 43179at7898          -            540     3e-15   54.0   0.0   1   1   7.6e-17   4.3e-15   53.5   0.0    19   123    18   124     9   143 0.87 -
NODE_4232_length_18965_cov_38.752995:2731-17400   -            658 43179at7898          -            540   7.2e-15   52.8   0.1   1   1   1.9e-16   1.1e-14   52.2   0.1    16   125    17   135     8   148 0.82 -
NODE_263241_length_540_cov_103.539683:14-457      -            148 43179at7898          -            540     8e-15   52.6   0.2   1   1   1.6e-16   9.3e-15   52.4   0.2   350   479     3   135     1   141 0.89 -
NODE_90205_length_4409_cov_22.892343:631-990      -            120 43179at7898          -            540   8.7e-15   52.5   0.0   1   1   1.8e-16   9.9e-15   52.3   0.0    17   121     2   110     1   118 0.88 -
NODE_598_length_29236_cov_75.179360:4250-5788     -            513 43179at7898          -            540   8.9e-15   52.5   2.9   1   3   1.8e-11     1e-09   35.8   0.2   108   211     2   113     1   134 0.86 -
NODE_598_length_29236_cov_75.179360:4250-5788     -            513 43179at7898          -            540   8.9e-15   52.5   2.9   2   3   0.00028     0.016   12.0   0.0   358   421   247   314   213   330 0.71 -
NODE_598_length_29236_cov_75.179360:4250-5788     -            513 43179at7898          -            540   8.9e-15   52.5   2.9   3   3     0.093       5.3    3.7   0.2   376   493   322   445   310   481 0.55 -
NODE_11076_length_14240_cov_31.967824:10624-11079 -            152 43179at7898          -            540   1.3e-14   51.9   0.4   1   1   2.7e-16   1.5e-14   51.7   0.4    17   128     6   122     2   136 0.87 -
NODE_63343_length_5967_cov_33.817655:3170-4684    -            505 43179at7898          -            540   2.3e-14   51.1   0.0   1   1   5.7e-16   3.2e-14   50.6   0.0    16   123    18   125    11   138 0.90 -
NODE_67759_length_5662_cov_35.971598:2083-3171    -            363 43179at7898          -            540   3.3e-14   50.6   0.2   1   1   8.5e-16   4.8e-14   50.1   0.2    16   123     9   121     5   132 0.88 -
NODE_42395_length_7812_cov_25.360301:6114-7013    -            300 43179at7898          -            540   5.3e-14   49.9   0.0   1   1   1.3e-15   7.4e-14   49.4   0.0    16   122     5   120     2   128 0.86 -
NODE_4767_length_18357_cov_31.834593:927-2336     -            470 43179at7898          -            540   7.3e-14   49.5   0.1   1   1   2.4e-15   1.3e-13   48.6   0.1    12   123    18   134     7   146 0.81 -
NODE_2167_length_22467_cov_53.690495:17614-17907  -             98 43179at7898          -            540   1.4e-13   48.5   0.1   1   1   2.6e-15   1.5e-13   48.5   0.1    19   111     3    95     1    98 0.89 -
NODE_74412_length_5246_cov_35.285603:3741-5077    -            412 43179at7898          -            540   1.7e-13   48.2   0.0   1   1   4.2e-15   2.4e-13   47.8   0.0    14   129    12   132     4   135 0.88 -
NODE_8842_length_15352_cov_39.080705:8806-9873    -            356 43179at7898          -            540   2.1e-13   48.0   0.1   1   2   1.7e-05   0.00098   16.0   0.0   309   433    77   202    29   217 0.78 -
NODE_8842_length_15352_cov_39.080705:8806-9873    -            356 43179at7898          -            540   2.1e-13   48.0   0.1   2   2     1e-09   5.8e-08   30.0   0.1   382   477   217   325   209   342 0.80 -
NODE_615_length_29116_cov_31.424406:27229-28305   -            359 43179at7898          -            540   4.3e-13   46.9   0.0   1   1     1e-14   5.8e-13   46.5   0.0    15   123     6   119     2   145 0.88 -
NODE_8279_length_15657_cov_31.147127:8459-9949    -            497 43179at7898          -            540   7.5e-13   46.1   0.1   1   1   1.9e-14   1.1e-12   45.6   0.1    18   127    11   123     5   138 0.88 -
NODE_24_length_53597_cov_34.862518:3085-4755      -            557 43179at7898          -            540     1e-12   45.7   0.1   1   1   2.7e-14   1.5e-12   45.1   0.1    18   123    11   119     5   125 0.87 -
NODE_51914_length_6874_cov_23.622435:2145-3632    -            496 43179at7898          -            540   1.2e-12   45.4   0.1   1   1   3.3e-14   1.8e-12   44.8   0.1    18   124    11   120     5   142 0.86 -
NODE_42353_length_7816_cov_36.243748:1356-2738    -            461 43179at7898          -            540   1.4e-12   45.2   0.2   1   1   3.3e-14   1.8e-12   44.8   0.2    15   121     3   108     1   116 0.88 -
NODE_19459_length_11515_cov_35.987036:3271-6249   -            993 43179at7898          -            540   6.2e-12   43.1   0.0   1   1   1.7e-13   9.8e-12   42.4   0.0    15    95    14    96     9   106 0.89 -
NODE_13258_length_13381_cov_34.466948:5289-5959   -            121 43179at7898          -            540   7.7e-12   42.8   2.3   1   2   3.7e-06   0.00021   18.2   0.1    39    68     3    32     1    45 0.84 -
NODE_13258_length_13381_cov_34.466948:5289-5959   -            121 43179at7898          -            540   7.7e-12   42.8   2.3   2   2   3.2e-08   1.8e-06   25.1   0.4   117   187    45   120    37   121 0.87 -
NODE_51931_length_6872_cov_30.738816:3934-4227    -             98 43179at7898          -            540   8.8e-12   42.6   0.1   1   1   1.6e-13   9.2e-12   42.5   0.1    19   112     3    96     1    98 0.87 -
NODE_25549_length_10199_cov_37.157921:6460-8094   -            545 43179at7898          -            540   1.6e-11   41.7   0.0   1   1   4.1e-13   2.3e-11   41.2   0.0    21   111     5    94     1   104 0.88 -
NODE_16728_length_12246_cov_41.391866:3817-9130   -            531 43179at7898          -            540   1.8e-11   41.6   0.7   1   1   4.5e-13   2.5e-11   41.1   0.7    15   126   257   373   246   386 0.85 -
NODE_1886_length_23247_cov_49.558234:1963-7320    -            430 43179at7898          -            540   3.1e-11   40.8   0.0   1   1   7.7e-13   4.3e-11   40.3   0.0    15   126    37   152    27   158 0.86 -
NODE_88124_length_4507_cov_42.383167:2395-3672    -            426 43179at7898          -            540     4e-11   40.4   0.7   1   2      0.57        32    1.1   0.2    53   133     9    88     2   120 0.75 -
NODE_88124_length_4507_cov_42.383167:2395-3672    -            426 43179at7898          -            540     4e-11   40.4   0.7   2   2     7e-13     4e-11   40.4   0.7   284   520   160   406   144   417 0.81 -
NODE_38450_length_8263_cov_42.614527:906-4181     -           1092 43179at7898          -            540   7.2e-11   39.6   0.0   1   1   2.1e-12   1.2e-10   38.9   0.0    16   115     7   110     3   122 0.85 -
NODE_41939_length_7863_cov_70.297785:2464-4353    -            630 43179at7898          -            540   1.2e-10   38.8   0.1   1   1     3e-12   1.7e-10   38.4   0.1    18   122    11   120     5   124 0.82 -
NODE_4576_length_18539_cov_39.672993:2816-5403    -            476 43179at7898          -            540   1.5e-09   35.3   0.0   1   1   3.8e-11   2.1e-09   34.7   0.0    17   117     8   112     3   127 0.85 -
NODE_13491_length_13297_cov_34.240188:1333-3267   -            645 43179at7898          -            540   2.1e-08   31.4   0.0   1   1   5.5e-10   3.1e-08   30.9   0.0    17   103     7    96     3   114 0.84 -
NODE_5377_length_17771_cov_39.137223:724-14351    -            785 43179at7898          -            540   2.3e-08   31.3   0.0   1   1     6e-10   3.4e-08   30.8   0.0    28   113    56   141    26   158 0.85 -
NODE_10765_length_14374_cov_38.109772:3820-4998   -            393 43179at7898          -            540   3.2e-08   30.8   2.8   1   2       0.4        23    1.6   0.1   105   151     6    53     2    63 0.80 -
NODE_10765_length_14374_cov_38.109772:3820-4998   -            393 43179at7898          -            540   3.2e-08   30.8   2.8   2   2   2.1e-09   1.2e-07   29.0   0.6   326   508   180   362   120   368 0.76 -
NODE_23822_length_10525_cov_29.330712:1898-9984   -            337 43179at7898          -            540   8.1e-08   29.5   0.0   1   1   2.7e-09   1.5e-07   28.6   0.0    32   133   224   328   216   335 0.90 -
NODE_16775_length_12234_cov_35.781129:4050-5282   -            411 43179at7898          -            540   8.6e-08   29.4   0.0   1   1   2.1e-09   1.2e-07   29.0   0.0    16   127    23   138    17   176 0.75 -
NODE_13281_length_13373_cov_29.288986:10240-12276 -            679 43179at7898          -            540   1.6e-07   28.6   2.6   1   1   6.4e-09   3.6e-07   27.4   2.6   284   498   414   631   395   642 0.82 -
NODE_1970_length_23032_cov_49.155671:7621-18437   -            689 43179at7898          -            540   6.3e-07   26.6   0.2   1   1   1.6e-08   9.2e-07   26.0   0.2    16    99   191   278   182   307 0.81 -
NODE_296066_length_432_cov_75.162162:3-251        -             83 43179at7898          -            540   2.7e-06   24.5   0.1   1   1   5.2e-08   2.9e-06   24.4   0.1   395   470     4    83     1    83 0.82 -
NODE_5841_length_17371_cov_30.431797:774-2504     -            577 43179at7898          -            540   6.9e-06   23.1   0.0   1   1   1.8e-07     1e-05   22.6   0.0    17    71    10    64     5   137 0.66 -
NODE_797_length_27900_cov_40.361750:26613-26819   -             69 43179at7898          -            540   1.2e-05   22.3   0.1   1   1   2.2e-07   1.3e-05   22.3   0.1   306   366     5    66     1    69 0.83 -
NODE_36545_length_8506_cov_40.938979:2075-3172    -            366 43179at7898          -            540   2.5e-05   21.3   1.2   1   3       1.9   1.1e+02   -0.6   0.0    43    68     2    27     1    91 0.89 -
NODE_36545_length_8506_cov_40.938979:2075-3172    -            366 43179at7898          -            540   2.5e-05   21.3   1.2   2   3   1.6e-06   9.2e-05   19.4   0.2   309   411   192   296   165   343 0.85 -
NODE_36545_length_8506_cov_40.938979:2075-3172    -            366 43179at7898          -            540   2.5e-05   21.3   1.2   3   3       2.7   1.5e+02   -1.1   0.0   320   338   347   365   302   366 0.75 -
NODE_13258_length_13381_cov_34.466948:10910-11077 -             56 43179at7898          -            540     4e-05   20.6   0.0   1   1   7.3e-07   4.1e-05   20.6   0.0   373   431     1    55     1    56 0.79 -
NODE_14354_length_12978_cov_28.590263:2421-2750   -            110 43179at7898          -            540   7.7e-05   19.7   0.2   1   2    0.0063      0.36    7.6   0.0   356   402     5    50     1    62 0.87 -
NODE_14354_length_12978_cov_28.590263:2421-2750   -            110 43179at7898          -            540   7.7e-05   19.7   0.2   2   2   0.00069     0.039   10.8   0.1   350   384    76   109    67   110 0.92 -
NODE_60309_length_6186_cov_37.425168:5413-5568    -             52 43179at7898          -            540    0.0025   14.7   0.0   1   1   4.4e-05    0.0025   14.7   0.0   348   392     5    48     1    52 0.60 -
NODE_9917_length_14794_cov_33.848248:8769-8903    -             45 43179at7898          -            540    0.0033   14.3   0.0   1   1   6.1e-05    0.0034   14.2   0.0   376   414     3    41     1    44 0.93 -
NODE_31726_length_9165_cov_37.833554:383-6006     -            401 43179at7898          -            540    0.0052   13.7   0.0   1   1    0.0002     0.011   12.5   0.0    29   134   276   392   257   399 0.79 -
NODE_138635_length_2629_cov_33.007905:1580-1744   -             55 43179at7898          -            540     0.007   13.2   0.0   1   1   0.00014    0.0077   13.1   0.0   357   406     6    54     2    55 0.91 -
NODE_62101_length_6058_cov_26.112938:634-2925     -            287 43179at7898          -            540    0.0082   13.0   0.0   1   1   0.00017    0.0099   12.7   0.0    32   135    82   195    78   259 0.79 -
NODE_29555_length_9499_cov_29.991277:4620-4784    -             55 43179at7898          -            540      0.01   12.7   0.0   1   1   0.00018      0.01   12.6   0.0   438   478     3    45     1    53 0.80 -
NODE_43495_length_7695_cov_28.563191:5210-5413    -             68 43179at7898          -            540     0.011   12.5   0.0   1   1   0.00022     0.012   12.4   0.0   370   432     6    64     1    67 0.86 -
NODE_12011_length_13846_cov_40.610242:3217-3396   -             60 43179at7898          -            540     0.013   12.4   0.0   1   1   0.00023     0.013   12.3   0.0   348   400     2    53     1    59 0.86 -
NODE_28865_length_9607_cov_43.878418:647-6599     -            495 43179at7898          -            540      0.02   11.7   0.0   1   1    0.0006     0.034   11.0   0.0   343   378   351   386   331   430 0.80 -
NODE_68509_length_5616_cov_35.050027:4738-4905    -             56 43179at7898          -            540     0.022   11.6   0.0   1   1   0.00039     0.022   11.6   0.0   354   398    11    54     1    56 0.77 -
NODE_9551_length_14970_cov_39.228902:3646-11354   -            497 43179at7898          -            540      0.03   11.1   0.0   1   2      0.43        24    1.5   0.0   324   369   101   151    63   220 0.62 -
NODE_9551_length_14970_cov_39.228902:3646-11354   -            497 43179at7898          -            540      0.03   11.1   0.0   2   2    0.0075      0.42    7.3   0.0   343   390   440   491   435   495 0.76 -
NODE_643_length_28909_cov_44.122805:20720-20866   -             49 43179at7898          -            540     0.041   10.7   0.1   1   1   0.00081     0.046   10.5   0.1   358   400     2    45     1    47 0.85 -
#
# Program:         hmmsearch
# Version:         3.1b2 (February 2015)
# Pipeline mode:   SEARCH
# Query file:      /home/e1garcia/shotgun_PIRE/abyss/busco_downloads/lineages/actinopterygii_odb10/hmms/43179at7898.hmm
# Target file:     /home/e1garcia/shotgun_PIRE/pire_ssl_data_processing/plotosus_lineatus/busco_contigs_results-SPAdes_contam_R1R2_noIsolate/run_actinopterygii_odb10/metaeuk_output/initial_results/contigs.modified.fasta.modified.fas
# Option settings: hmmsearch --domtblout /home/e1garcia/shotgun_PIRE/pire_ssl_data_processing/plotosus_lineatus/busco_contigs_results-SPAdes_contam_R1R2_noIsolate/run_actinopterygii_odb10/hmmer_output/initial_run_results/43179at7898.out --cpu 1 /home/e1garcia/shotgun_PIRE/abyss/busco_downloads/lineages/actinopterygii_odb10/hmms/43179at7898.hmm /home/e1garcia/shotgun_PIRE/pire_ssl_data_processing/plotosus_lineatus/busco_contigs_results-SPAdes_contam_R1R2_noIsolate/run_actinopterygii_odb10/metaeuk_output/initial_results/contigs.modified.fasta.modified.fas 
# Current dir:     /home/e1garcia/shotgun_PIRE/pire_ssl_data_processing/plotosus_lineatus
# Date:            Fri Aug 20 13:22:44 2021
# [ok]
