#                                                                                                        --- full sequence --- -------------- this domain -------------   hmm coord   ali coord   env coord
# target name                                    accession   tlen query name           accession   qlen   E-value  score  bias   #  of  c-Evalue  i-Evalue  score  bias  from    to  from    to  from    to  acc description of target
#                            ------------------- ---------- ----- -------------------- ---------- ----- --------- ------ ----- --- --- --------- --------- ------ ----- ----- ----- ----- ----- ----- ----- ---- ---------------------
NODE_5032_length_18100_cov_37.897672:3020-4018   -            333 46948at7898          -            454   1.2e-38  131.7  13.6   1   5   8.4e-11   1.1e-08   32.9   1.0    79   148    10    84     2    86 0.80 -
NODE_5032_length_18100_cov_37.897672:3020-4018   -            333 46948at7898          -            454   1.2e-38  131.7  13.6   2   5     7e-10   9.4e-08   29.9   1.5    76   148    45   117    43   125 0.93 -
NODE_5032_length_18100_cov_37.897672:3020-4018   -            333 46948at7898          -            454   1.2e-38  131.7  13.6   3   5   2.5e-16   3.4e-14   51.2   0.7    51   170    86   205    81   210 0.94 -
NODE_5032_length_18100_cov_37.897672:3020-4018   -            333 46948at7898          -            454   1.2e-38  131.7  13.6   4   5   8.4e-07   0.00011   19.8   0.0   212   266   187   244   185   251 0.84 -
NODE_5032_length_18100_cov_37.897672:3020-4018   -            333 46948at7898          -            454   1.2e-38  131.7  13.6   5   5   7.1e-13   9.7e-11   39.8   0.1    57   132   257   332   247   333 0.92 -
NODE_7079_length_16382_cov_44.257753:13103-14260 -            386 46948at7898          -            454   1.4e-37  128.3  14.5   1   7   1.1e-14   1.5e-12   45.7   0.1    45   137    32   125    12   129 0.90 -
NODE_7079_length_16382_cov_44.257753:13103-14260 -            386 46948at7898          -            454   1.4e-37  128.3  14.5   2   7   5.2e-06    0.0007   17.2   0.0   230   266   128   164   124   167 0.91 -
NODE_7079_length_16382_cov_44.257753:13103-14260 -            386 46948at7898          -            454   1.4e-37  128.3  14.5   3   7   2.8e-07   3.8e-05   21.3   0.0   210   263   138   195   137   197 0.81 -
NODE_7079_length_16382_cov_44.257753:13103-14260 -            386 46948at7898          -            454   1.4e-37  128.3  14.5   4   7   6.4e-08   8.7e-06   23.4   0.1    79   139   167   227   164   230 0.95 -
NODE_7079_length_16382_cov_44.257753:13103-14260 -            386 46948at7898          -            454   1.4e-37  128.3  14.5   5   7   2.2e-07     3e-05   21.7   0.3   202   272   197   270   193   277 0.84 -
NODE_7079_length_16382_cov_44.257753:13103-14260 -            386 46948at7898          -            454   1.4e-37  128.3  14.5   6   7   1.1e-05    0.0016   16.0   0.3    77   139   231   293   226   296 0.66 -
NODE_7079_length_16382_cov_44.257753:13103-14260 -            386 46948at7898          -            454   1.4e-37  128.3  14.5   7   7   3.7e-12   5.1e-10   37.4   1.1    65   153   285   373   274   385 0.87 -
NODE_29798_length_9456_cov_34.877311:5394-6422   -            343 46948at7898          -            454   3.8e-36  123.5   9.3   1   4   1.3e-13   1.8e-11   42.2   1.2    61   149    13   101     1   109 0.92 -
NODE_29798_length_9456_cov_34.877311:5394-6422   -            343 46948at7898          -            454   3.8e-36  123.5   9.3   2   4   2.3e-12   3.1e-10   38.1   0.1    54   147   113   209   103   214 0.87 -
NODE_29798_length_9456_cov_34.877311:5394-6422   -            343 46948at7898          -            454   3.8e-36  123.5   9.3   3   4   1.1e-13   1.5e-11   42.4   0.3    44   137   171   265   167   273 0.94 -
NODE_29798_length_9456_cov_34.877311:5394-6422   -            343 46948at7898          -            454   3.8e-36  123.5   9.3   4   4   2.5e-06   0.00033   18.2   0.0   205   264   275   337   265   341 0.86 -
NODE_29798_length_9456_cov_34.877311:5742-6806   -            355 46948at7898          -            454   5.4e-33  113.1   5.1   1   3   6.1e-11   8.2e-09   33.4   0.0    62   143     5    89     2    92 0.87 -
NODE_29798_length_9456_cov_34.877311:5742-6806   -            355 46948at7898          -            454   5.4e-33  113.1   5.1   2   3     2e-24   2.7e-22   77.9   1.1    45   265    56   289    54   300 0.89 -
NODE_29798_length_9456_cov_34.877311:5742-6806   -            355 46948at7898          -            454   5.4e-33  113.1   5.1   3   3   8.1e-05     0.011   13.2   0.0   103   166   283   348   281   354 0.84 -
NODE_4630_length_18489_cov_45.591898:3473-4573   -            367 46948at7898          -            454   1.7e-30  104.9  12.9   1   5   3.7e-08     5e-06   24.2   0.1    59   138    44   124    16   133 0.86 -
NODE_4630_length_18489_cov_45.591898:3473-4573   -            367 46948at7898          -            454   1.7e-30  104.9  12.9   2   5   6.6e-13     9e-11   39.9   0.7    77   153   129   207   123   213 0.89 -
NODE_4630_length_18489_cov_45.591898:3473-4573   -            367 46948at7898          -            454   1.7e-30  104.9  12.9   3   5   3.6e-09   4.9e-07   27.6   0.1    79   140   199   261   198   268 0.90 -
NODE_4630_length_18489_cov_45.591898:3473-4573   -            367 46948at7898          -            454   1.7e-30  104.9  12.9   4   5   1.7e-05    0.0023   15.4   0.4    79   135   266   322   262   329 0.89 -
NODE_4630_length_18489_cov_45.591898:3473-4573   -            367 46948at7898          -            454   1.7e-30  104.9  12.9   5   5   0.00012     0.017   12.6   0.0   208   261   302   359   301   365 0.76 -
NODE_14003_length_13098_cov_32.515886:2239-4071  -            611 46948at7898          -            454   1.4e-27   95.3   1.1   1   4   2.1e-06   0.00028   18.5   0.1   203   278    32   120    16   124 0.74 -
NODE_14003_length_13098_cov_32.515886:2239-4071  -            611 46948at7898          -            454   1.4e-27   95.3   1.1   2   4   1.2e-08   1.6e-06   25.9   0.1    82   167   112   197   107   203 0.75 -
NODE_14003_length_13098_cov_32.515886:2239-4071  -            611 46948at7898          -            454   1.4e-27   95.3   1.1   3   4   9.8e-07   0.00013   19.5   0.0    80   134   176   229   173   252 0.62 -
NODE_14003_length_13098_cov_32.515886:2239-4071  -            611 46948at7898          -            454   1.4e-27   95.3   1.1   4   4     7e-13   9.6e-11   39.8   0.0    78   156   486   566   466   574 0.86 -
NODE_18137_length_11862_cov_29.614639:5962-6945  -            328 46948at7898          -            454   5.3e-26   90.1   3.4   1   3   5.8e-12   7.9e-10   36.8   0.1    51   138    30   117     6   129 0.92 -
NODE_18137_length_11862_cov_29.614639:5962-6945  -            328 46948at7898          -            454   5.3e-26   90.1   3.4   2   3   4.6e-07   6.2e-05   20.6   0.0    93   139   139   185   133   197 0.93 -
NODE_18137_length_11862_cov_29.614639:5962-6945  -            328 46948at7898          -            454   5.3e-26   90.1   3.4   3   3   1.4e-10   1.9e-08   32.2   0.1    60   139   205   284   187   307 0.88 -
NODE_610_length_29143_cov_41.699353:19109-21163  -            610 46948at7898          -            454   2.9e-22   77.8   2.9   1   5     0.062       8.5    3.7   0.0   232   256    31    55     4    62 0.80 -
NODE_610_length_29143_cov_41.699353:19109-21163  -            610 46948at7898          -            454   2.9e-22   77.8   2.9   2   5   3.3e-07   4.5e-05   21.1   0.1    79   281    71   123    24   135 0.45 -
NODE_610_length_29143_cov_41.699353:19109-21163  -            610 46948at7898          -            454   2.9e-22   77.8   2.9   3   5   1.2e-07   1.7e-05   22.5   0.0    60   139   123   202   119   204 0.95 -
NODE_610_length_29143_cov_41.699353:19109-21163  -            610 46948at7898          -            454   2.9e-22   77.8   2.9   4   5     3e-06   0.00041   17.9   0.0    66   135   162   230   157   245 0.86 -
NODE_610_length_29143_cov_41.699353:19109-21163  -            610 46948at7898          -            454   2.9e-22   77.8   2.9   5   5   2.9e-08   3.9e-06   24.6   0.1    93   157   502   566   474   582 0.84 -
NODE_69045_length_5580_cov_30.633826:3284-4729   -            259 46948at7898          -            454   3.4e-21   74.2   5.9   1   3     0.035       4.8    4.5   0.0   110   138     8    36     4    41 0.87 -
NODE_69045_length_5580_cov_30.633826:3284-4729   -            259 46948at7898          -            454   3.4e-21   74.2   5.9   2   3   3.7e-13   5.1e-11   40.7   1.2    50   151    46   148    37   154 0.90 -
NODE_69045_length_5580_cov_30.633826:3284-4729   -            259 46948at7898          -            454   3.4e-21   74.2   5.9   3   3   7.1e-10   9.6e-08   29.9   0.1    88   150   159   221   152   232 0.92 -
NODE_103860_length_3811_cov_32.015086:1331-3187  -            353 46948at7898          -            454   5.4e-19   67.0   5.3   1   3      0.16        22    2.3   0.0   111   138     9    36     4    44 0.89 -
NODE_103860_length_3811_cov_32.015086:1331-3187  -            353 46948at7898          -            454   5.4e-19   67.0   5.3   2   3   6.2e-10   8.4e-08   30.1   0.7    51   153    47   148    41   160 0.85 -
NODE_103860_length_3811_cov_32.015086:1331-3187  -            353 46948at7898          -            454   5.4e-19   67.0   5.3   3   3   2.1e-11   2.9e-09   34.9   0.0    90   152   162   224   151   234 0.89 -
NODE_28839_length_9612_cov_28.439819:5657-8487   -            633 46948at7898          -            454     2e-16   58.5   6.2   1   5   3.5e-07   4.8e-05   21.0   0.1   205   275    51   133    39   137 0.76 -
NODE_28839_length_9612_cov_28.439819:5657-8487   -            633 46948at7898          -            454     2e-16   58.5   6.2   2   5   1.5e-05     0.002   15.6   0.0    82   138   129   185   128   190 0.94 -
NODE_28839_length_9612_cov_28.439819:5657-8487   -            633 46948at7898          -            454     2e-16   58.5   6.2   3   5   6.6e-06    0.0009   16.8   0.4   198   269   184   257   182   271 0.78 -
NODE_28839_length_9612_cov_28.439819:5657-8487   -            633 46948at7898          -            454     2e-16   58.5   6.2   4   5    0.0026      0.36    8.2   0.1    93   120   518   545   502   584 0.84 -
NODE_28839_length_9612_cov_28.439819:5657-8487   -            633 46948at7898          -            454     2e-16   58.5   6.2   5   5       0.9   1.2e+02   -0.1   0.0    93   125   559   591   544   610 0.75 -
NODE_44571_length_7584_cov_39.605077:4884-6136   -            289 46948at7898          -            454   1.2e-15   56.0   1.2   1   3     8e-08   1.1e-05   23.1   0.4    60   141    34   113    11   118 0.82 -
NODE_44571_length_7584_cov_39.605077:4884-6136   -            289 46948at7898          -            454   1.2e-15   56.0   1.2   2   3   2.1e-12   2.9e-10   38.2   0.0    50   149    88   187    85   191 0.95 -
NODE_44571_length_7584_cov_39.605077:4884-6136   -            289 46948at7898          -            454   1.2e-15   56.0   1.2   3   3       0.4        55    1.0   0.0   130   172   209   251   203   262 0.82 -
NODE_61025_length_6133_cov_32.954093:1695-4460   -            179 46948at7898          -            454   2.7e-15   54.8   0.3   1   2   2.8e-15   3.8e-13   47.7   0.2    54   151    13   113     3   125 0.84 -
NODE_61025_length_6133_cov_32.954093:1695-4460   -            179 46948at7898          -            454   2.7e-15   54.8   0.3   2   2     0.014       1.9    5.9   0.0    81   120   126   165   112   177 0.67 -
NODE_6112_length_17142_cov_48.400634:10590-16166 -            342 46948at7898          -            454     1e-14   52.9   7.5   1   3   0.00077       0.1   10.0   0.1   205   261   124   182   111   182 0.74 -
NODE_6112_length_17142_cov_48.400634:10590-16166 -            342 46948at7898          -            454     1e-14   52.9   7.5   2   3   1.2e-12   1.6e-10   39.0   1.7    50   151   160   261   155   272 0.85 -
NODE_6112_length_17142_cov_48.400634:10590-16166 -            342 46948at7898          -            454     1e-14   52.9   7.5   3   3   1.3e-05    0.0018   15.8   0.3    92   151   276   335   271   340 0.84 -
NODE_72423_length_5368_cov_51.283545:1647-5124   -            479 46948at7898          -            454     3e-14   51.3   0.2   1   1   3.3e-16   4.4e-14   50.8   0.2    46   154   291   399   275   406 0.91 -
NODE_123422_length_3100_cov_32.456181:636-2013   -            225 46948at7898          -            454   3.9e-14   51.0   0.4   1   1   2.9e-16   3.9e-14   51.0   0.4    37   165    54   184    45   202 0.82 -
NODE_47170_length_7321_cov_39.319994:4582-5034   -            151 46948at7898          -            454   5.6e-13   47.2   0.2   1   2   5.2e-07   7.1e-05   20.4   0.0   226   272    16    64     6    72 0.85 -
NODE_47170_length_7321_cov_39.319994:4582-5034   -            151 46948at7898          -            454   5.6e-13   47.2   0.2   2   2   2.3e-08   3.1e-06   24.9   0.1    79   134    94   149    90   151 0.94 -
NODE_2358_length_22032_cov_48.962157:10999-11541 -            181 46948at7898          -            454   1.7e-12   45.6   0.0   1   2   5.9e-11     8e-09   33.5   0.0   206   281     1    82     1   101 0.78 -
NODE_2358_length_22032_cov_48.962157:10999-11541 -            181 46948at7898          -            454   1.7e-12   45.6   0.0   2   2    0.0005     0.068   10.6   0.0   210   276   104   174    86   179 0.66 -
NODE_14003_length_13098_cov_32.515886:3472-3945  -            158 46948at7898          -            454   2.5e-12   45.0   0.0   1   2      0.33        45    1.3   0.0   230   247    60    77    46    89 0.78 -
NODE_14003_length_13098_cov_32.515886:3472-3945  -            158 46948at7898          -            454   2.5e-12   45.0   0.0   2   2   7.5e-14     1e-11   43.0   0.0    78   155    75   154    64   157 0.86 -
NODE_67760_length_5662_cov_35.241417:435-4740    -            204 46948at7898          -            454   9.9e-12   43.0   3.2   1   3   1.1e-07   1.5e-05   22.7   0.0    51   134     3    87     1    92 0.93 -
NODE_67760_length_5662_cov_35.241417:435-4740    -            204 46948at7898          -            454   9.9e-12   43.0   3.2   2   3      0.21        28    2.0   0.0   230   258    94   122    84   133 0.73 -
NODE_67760_length_5662_cov_35.241417:435-4740    -            204 46948at7898          -            454   9.9e-12   43.0   3.2   3   3   1.3e-06   0.00018   19.1   0.8    70   146   124   202   101   204 0.75 -
NODE_9035_length_15243_cov_35.488378:199-631     -            117 46948at7898          -            454   1.3e-11   42.6   0.5   1   1   1.9e-13   2.6e-11   41.7   0.5    55   162     3   113     1   115 0.89 -
NODE_21142_length_11098_cov_37.332121:2666-10140 -            319 46948at7898          -            454   6.3e-11   40.4   4.1   1   4      0.52        71    0.7   0.1    32    78     5    54     2    60 0.81 -
NODE_21142_length_11098_cov_37.332121:2666-10140 -            319 46948at7898          -            454   6.3e-11   40.4   4.1   2   4   5.4e-05    0.0073   13.8   0.3   112   146    63    97    54    98 0.83 -
NODE_21142_length_11098_cov_37.332121:2666-10140 -            319 46948at7898          -            454   6.3e-11   40.4   4.1   3   4   2.9e-09   3.9e-07   27.9   0.0    74   139    91   156    89   166 0.95 -
NODE_21142_length_11098_cov_37.332121:2666-10140 -            319 46948at7898          -            454   6.3e-11   40.4   4.1   4   4       2.5   3.4e+02   -1.6   0.0   115   138   179   202   171   206 0.77 -
NODE_20492_length_11255_cov_44.313912:1108-8184  -            873 46948at7898          -            454   4.2e-08   31.1   4.3   1   2      0.43        58    1.0   0.1    76   115   697   737   684   755 0.70 -
NODE_20492_length_11255_cov_44.313912:1108-8184  -            873 46948at7898          -            454   4.2e-08   31.1   4.3   2   2   1.1e-09   1.5e-07   29.3   2.7    57   152   750   846   724   868 0.84 -
NODE_4843_length_18281_cov_44.375261:7454-15389  -            584 46948at7898          -            454     5e-08   30.8   0.0   1   1   1.4e-09   1.9e-07   28.9   0.0    61   147    48   135    36   155 0.87 -
NODE_106513_length_3708_cov_121.924356:820-1092  -             91 46948at7898          -            454   6.3e-08   30.5   0.4   1   1   2.3e-09   3.1e-07   28.2   0.4    50   132     8    91     2    91 0.74 -
NODE_7818_length_15945_cov_60.929698:6486-13522  -            206 46948at7898          -            454   8.1e-08   30.1   8.8   1   2   0.00022      0.03   11.8   0.2    82   125     3    46     1    82 0.65 -
NODE_7818_length_15945_cov_60.929698:6486-13522  -            206 46948at7898          -            454   8.1e-08   30.1   8.8   2   2   5.6e-07   7.6e-05   20.3   4.4    62   156    88   183    74   197 0.86 -
NODE_53405_length_6744_cov_31.095109:3604-3981   -            126 46948at7898          -            454   9.8e-08   29.9   0.2   1   2   6.8e-06   0.00093   16.8   0.0   208   263     4    63     1    68 0.62 -
NODE_53405_length_6744_cov_31.095109:3604-3981   -            126 46948at7898          -            454   9.8e-08   29.9   0.2   2   2   0.00024     0.033   11.6   0.1   114   139    71    96    62   105 0.77 -
NODE_610_length_29143_cov_41.699353:19949-21022  -            358 46948at7898          -            454   2.6e-07   28.5   0.1   1   2     0.087        12    3.2   0.0   115   135     5    25     2    38 0.82 -
NODE_610_length_29143_cov_41.699353:19949-21022  -            358 46948at7898          -            454   2.6e-07   28.5   0.1   2   2   7.6e-08     1e-05   23.2   0.1    93   151   297   355   268   358 0.83 -
NODE_88981_length_4468_cov_31.640192:1585-3028   -            120 46948at7898          -            454   3.9e-07   27.9   0.0   1   2   7.3e-06     0.001   16.7   0.0   106   263    27    61     2    71 0.59 -
NODE_88981_length_4468_cov_31.640192:1585-3028   -            120 46948at7898          -            454   3.9e-07   27.9   0.0   2   2   0.00074       0.1   10.1   0.0   209   255    70   119    62   120 0.75 -
NODE_19678_length_11461_cov_36.285337:8515-11055 -            116 46948at7898          -            454     7e-07   27.1   0.3   1   2   1.2e-05    0.0016   16.0   0.1   204   256    24    73     7    78 0.81 -
NODE_19678_length_11461_cov_36.285337:8515-11055 -            116 46948at7898          -            454     7e-07   27.1   0.3   2   2   0.00014     0.019   12.4   0.0    66   110    71   115    70   116 0.92 -
NODE_14055_length_13080_cov_45.166782:3206-3613  -            136 46948at7898          -            454   1.2e-06   26.3   0.0   1   1   8.7e-09   1.2e-06   26.3   0.0    79   160    36   120     9   134 0.79 -
NODE_19048_length_11618_cov_34.144631:8457-9472  -            322 46948at7898          -            454   1.4e-05   22.8   0.6   1   2   2.2e-05     0.003   15.1   0.1   234   274    61   105    10   112 0.81 -
NODE_19048_length_11618_cov_34.144631:8457-9472  -            322 46948at7898          -            454   1.4e-05   22.8   0.6   2   2     0.015       2.1    5.7   0.0    91   138   111   158    99   175 0.85 -
NODE_75945_length_5155_cov_33.035997:2121-2516   -            132 46948at7898          -            454   2.9e-05   21.7   0.1   1   1   4.4e-07     6e-05   20.7   0.1    79   164    35   127     3   130 0.82 -
NODE_1775_length_23558_cov_40.164670:742-20735   -            505 46948at7898          -            454   3.1e-05   21.6   0.1   1   1   3.8e-07   5.1e-05   20.9   0.1    45   132   411   500   398   505 0.53 -
NODE_17624_length_12002_cov_41.978829:5108-5524  -            139 46948at7898          -            454   3.6e-05   21.4   0.0   1   2    0.0016      0.21    9.0   0.1   115   138     6    29     2    36 0.91 -
NODE_17624_length_12002_cov_41.978829:5108-5524  -            139 46948at7898          -            454   3.6e-05   21.4   0.0   2   2   0.00042     0.056   10.9   0.0   201   271    41   111    31   131 0.87 -
NODE_10507_length_14490_cov_29.459106:3715-9467  -            576 46948at7898          -            454   8.5e-05   20.2   0.2   1   2   2.4e-06   0.00032   18.3   0.0    78   154    37   113    17   125 0.86 -
NODE_10507_length_14490_cov_29.459106:3715-9467  -            576 46948at7898          -            454   8.5e-05   20.2   0.2   2   2       3.7     5e+02   -2.1   0.1   146   186   167   207   164   220 0.81 -
NODE_26543_length_10018_cov_35.592701:477-845    -            123 46948at7898          -            454   0.00019   19.0   0.0   1   2     0.005      0.68    7.3   0.0    95   139     9    59     2    60 0.82 -
NODE_26543_length_10018_cov_35.592701:477-845    -            123 46948at7898          -            454   0.00019   19.0   0.0   2   2   3.5e-05    0.0047   14.4   0.0    61   134    47   121    39   123 0.79 -
NODE_3155_length_20547_cov_34.122164:3533-3883   -            117 46948at7898          -            454    0.0004   18.0   0.0   1   2      0.68        92    0.3   0.0    96   121     4    29     1    36 0.69 -
NODE_3155_length_20547_cov_34.122164:3533-3883   -            117 46948at7898          -            454    0.0004   18.0   0.0   2   2   1.4e-05    0.0018   15.8   0.1    63   110    45    93    38   116 0.81 -
NODE_24829_length_10325_cov_34.575689:7022-7483  -            154 46948at7898          -            454   0.00042   17.9   0.1   1   1   4.2e-06   0.00057   17.5   0.1    95   149    55   112     8   138 0.65 -
NODE_22364_length_10826_cov_33.259812:5244-5600  -            119 46948at7898          -            454   0.00043   17.9   0.2   1   1   3.3e-06   0.00045   17.8   0.2    65   131    51   117    23   119 0.58 -
NODE_20829_length_11171_cov_43.845737:964-1581   -            206 46948at7898          -            454    0.0022   15.5   0.0   1   1   2.2e-05     0.003   15.1   0.0   105   164   143   203    85   206 0.79 -
NODE_15374_length_12657_cov_33.839545:1091-9640  -            413 46948at7898          -            454    0.0022   15.5   0.0   1   1   2.3e-05    0.0032   15.0   0.0    96   157     7    70     2   126 0.74 -
NODE_7078_length_16384_cov_32.365797:1191-6898   -            296 46948at7898          -            454    0.0048   14.4   0.3   1   1   5.9e-05    0.0081   13.7   0.3    84   120   257   293   248   295 0.93 -
NODE_11192_length_14189_cov_32.002839:4597-11490 -            382 46948at7898          -            454    0.0063   14.0   0.3   1   1   7.8e-05     0.011   13.3   0.0    77   117   342   382   307   382 0.64 -
NODE_20258_length_11316_cov_30.445039:586-3743   -            418 46948at7898          -            454     0.011   13.2   0.1   1   1   0.00013     0.017   12.6   0.1    52   132    17    98     4   107 0.54 -
NODE_1902_length_23212_cov_49.115476:1735-11143  -            450 46948at7898          -            454     0.033   11.7   0.0   1   2    0.0024      0.33    8.4   0.0   215   261     9    56     3    62 0.80 -
NODE_1902_length_23212_cov_49.115476:1735-11143  -            450 46948at7898          -            454     0.033   11.7   0.0   2   2      0.06       8.1    3.8   0.0    97   134    48    85    45    89 0.89 -
NODE_666_length_28780_cov_43.210139:123-4401     -           1337 46948at7898          -            454      0.13    9.7   1.1   1   1    0.0015      0.21    9.0   1.1   334   382  1240  1289  1232  1311 0.77 -
#
# Program:         hmmsearch
# Version:         3.1b2 (February 2015)
# Pipeline mode:   SEARCH
# Query file:      /home/e1garcia/shotgun_PIRE/abyss/busco_downloads/lineages/actinopterygii_odb10/hmms/46948at7898.hmm
# Target file:     /home/e1garcia/shotgun_PIRE/pire_ssl_data_processing/plotosus_lineatus/busco_contigs_results-SPAdes_contam_R1R2_noIsolate/run_actinopterygii_odb10/metaeuk_output/initial_results/contigs.modified.fasta.modified.fas
# Option settings: hmmsearch --domtblout /home/e1garcia/shotgun_PIRE/pire_ssl_data_processing/plotosus_lineatus/busco_contigs_results-SPAdes_contam_R1R2_noIsolate/run_actinopterygii_odb10/hmmer_output/initial_run_results/46948at7898.out --cpu 1 /home/e1garcia/shotgun_PIRE/abyss/busco_downloads/lineages/actinopterygii_odb10/hmms/46948at7898.hmm /home/e1garcia/shotgun_PIRE/pire_ssl_data_processing/plotosus_lineatus/busco_contigs_results-SPAdes_contam_R1R2_noIsolate/run_actinopterygii_odb10/metaeuk_output/initial_results/contigs.modified.fasta.modified.fas 
# Current dir:     /home/e1garcia/shotgun_PIRE/pire_ssl_data_processing/plotosus_lineatus
# Date:            Fri Aug 20 13:26:25 2021
# [ok]
