#                                                                                                         --- full sequence --- -------------- this domain -------------   hmm coord   ali coord   env coord
# target name                                     accession   tlen query name           accession   qlen   E-value  score  bias   #  of  c-Evalue  i-Evalue  score  bias  from    to  from    to  from    to  acc description of target
#                             ------------------- ---------- ----- -------------------- ---------- ----- --------- ------ ----- --- --- --------- --------- ------ ----- ----- ----- ----- ----- ----- ----- ---- ---------------------
NODE_171007_length_1825_cov_32.136153:235-1025    -            170 50635at7898          -            372   3.3e-96  321.1   0.3   1   1   1.8e-98   3.7e-96  321.0   0.3   207   372     1   170     1   170 0.97 -
NODE_23414_length_10602_cov_36.721794:1138-5527   -            256 50635at7898          -            372   1.2e-76  256.8  21.5   1   2   5.8e-08   1.2e-05   23.2   8.3    83   117     5    42     3    44 0.94 -
NODE_23414_length_10602_cov_36.721794:1138-5527   -            256 50635at7898          -            372   1.2e-76  256.8  21.5   2   2   2.4e-74   4.9e-72  241.6   5.1   155   372    40   256    38   256 0.93 -
NODE_22076_length_10889_cov_32.339203:5041-8182   -            210 50635at7898          -            372   6.6e-62  208.3   5.7   1   1   3.6e-64   7.4e-62  208.1   5.7   163   372     1   210     1   210 0.94 -
NODE_18773_length_11692_cov_32.825067:7412-9163   -            584 50635at7898          -            372   5.4e-53  179.0 147.4   1   8   0.00057      0.12   10.0  12.0   143   219     3    72     1    76 0.78 -
NODE_18773_length_11692_cov_32.825067:7412-9163   -            584 50635at7898          -            372   5.4e-53  179.0 147.4   2   8   1.5e-09   3.1e-07   28.4  14.5   160   235    57   130    56   135 0.82 -
NODE_18773_length_11692_cov_32.825067:7412-9163   -            584 50635at7898          -            372   5.4e-53  179.0 147.4   3   8   9.5e-12     2e-09   35.6  19.0   144   233   128   208   128   214 0.85 -
NODE_18773_length_11692_cov_32.825067:7412-9163   -            584 50635at7898          -            372   5.4e-53  179.0 147.4   4   8   2.4e-07     5e-05   21.1  10.6   145   225   209   279   207   279 0.77 -
NODE_18773_length_11692_cov_32.825067:7412-9163   -            584 50635at7898          -            372   5.4e-53  179.0 147.4   5   8   2.5e-12   5.2e-10   37.5   9.6   180   237   277   333   271   338 0.90 -
NODE_18773_length_11692_cov_32.825067:7412-9163   -            584 50635at7898          -            372   5.4e-53  179.0 147.4   6   8   2.6e-14   5.3e-12   44.1  14.7   156   235   338   415   330   420 0.87 -
NODE_18773_length_11692_cov_32.825067:7412-9163   -            584 50635at7898          -            372   5.4e-53  179.0 147.4   7   8   3.4e-09   7.1e-07   27.2  21.0   143   236   412   497   411   518 0.87 -
NODE_18773_length_11692_cov_32.825067:7412-9163   -            584 50635at7898          -            372   5.4e-53  179.0 147.4   8   8     7e-06    0.0014   16.3   7.6   143   196   532   579   529   583 0.74 -
NODE_18773_length_11692_cov_32.825067:5138-6769   -            544 50635at7898          -            372   2.5e-46  157.0 139.2   1   9   1.1e-10   2.3e-08   32.1   8.1   179   235     5    62     2    69 0.87 -
NODE_18773_length_11692_cov_32.825067:5138-6769   -            544 50635at7898          -            372   2.5e-46  157.0 139.2   2   9   0.00013     0.028   12.1  18.6   144   233    60   140    59   145 0.86 -
NODE_18773_length_11692_cov_32.825067:5138-6769   -            544 50635at7898          -            372   2.5e-46  157.0 139.2   3   9     3e-12   6.1e-10   37.3  17.9   143   233   139   223   138   227 0.94 -
NODE_18773_length_11692_cov_32.825067:5138-6769   -            544 50635at7898          -            372   2.5e-46  157.0 139.2   4   9   1.1e-08   2.3e-06   25.5  14.5   144   233   223   304   222   304 0.87 -
NODE_18773_length_11692_cov_32.825067:5138-6769   -            544 50635at7898          -            372   2.5e-46  157.0 139.2   5   9   3.4e-09   6.9e-07   27.2  10.2   180   237   294   351   285   358 0.84 -
NODE_18773_length_11692_cov_32.825067:5138-6769   -            544 50635at7898          -            372   2.5e-46  157.0 139.2   6   9   7.1e-13   1.5e-10   39.3  13.2   160   233   359   431   352   438 0.88 -
NODE_18773_length_11692_cov_32.825067:5138-6769   -            544 50635at7898          -            372   2.5e-46  157.0 139.2   7   9   1.6e-08   3.3e-06   25.0  13.4   160   234   402   472   402   473 0.85 -
NODE_18773_length_11692_cov_32.825067:5138-6769   -            544 50635at7898          -            372   2.5e-46  157.0 139.2   8   9   2.5e-08   5.2e-06   24.3  12.8   157   233   440   512   434   512 0.87 -
NODE_18773_length_11692_cov_32.825067:5138-6769   -            544 50635at7898          -            372   2.5e-46  157.0 139.2   9   9   2.1e-05    0.0043   14.7   6.5   179   221   501   542   495   544 0.80 -
NODE_54493_length_6653_cov_29.154410:4190-5086    -            299 50635at7898          -            372   1.1e-25   89.1  46.8   1   4   2.7e-05    0.0055   14.4   6.4   155   212    76   133    49   135 0.86 -
NODE_54493_length_6653_cov_29.154410:4190-5086    -            299 50635at7898          -            372   1.1e-25   89.1  46.8   2   4   6.3e-11   1.3e-08   32.9   5.9   173   213   133   173   131   178 0.93 -
NODE_54493_length_6653_cov_29.154410:4190-5086    -            299 50635at7898          -            372   1.1e-25   89.1  46.8   3   4   1.8e-09   3.7e-07   28.1   2.6   177   213   176   211   172   213 0.91 -
NODE_54493_length_6653_cov_29.154410:4190-5086    -            299 50635at7898          -            372   1.1e-25   89.1  46.8   4   4   9.5e-10   1.9e-07   29.0  10.5   177   237   214   272   211   286 0.86 -
NODE_58476_length_6325_cov_32.936075:78-3488      -            187 50635at7898          -            372   1.1e-23   82.4  21.5   1   2   3.6e-09   7.5e-07   27.1   3.5   175   206     8    39     1    46 0.86 -
NODE_58476_length_6325_cov_32.936075:78-3488      -            187 50635at7898          -            372   1.1e-23   82.4  21.5   2   2     2e-19   4.1e-17   60.9  11.2   174   307    45   171    39   184 0.88 -
NODE_25584_length_10194_cov_47.940961:668-9656    -            246 50635at7898          -            372   7.2e-19   66.7  27.3   1   3   4.8e-06   0.00099   16.8   3.0   191   235     7    51     2    70 0.87 -
NODE_25584_length_10194_cov_47.940961:668-9656    -            246 50635at7898          -            372   7.2e-19   66.7  27.3   2   3   4.5e-09   9.3e-07   26.8   5.7   186   237   105   155   100   163 0.89 -
NODE_25584_length_10194_cov_47.940961:668-9656    -            246 50635at7898          -            372   7.2e-19   66.7  27.3   3   3     1e-11   2.1e-09   35.5   2.6   161   206   200   242   167   245 0.78 -
NODE_13737_length_13195_cov_48.496411:3275-4135   -            287 50635at7898          -            372     1e-17   62.8  45.6   1   5    0.0009      0.19    9.4   8.5   155   213    81   138    58   142 0.79 -
NODE_13737_length_13195_cov_48.496411:3275-4135   -            287 50635at7898          -            372     1e-17   62.8  45.6   2   5   9.5e-09   1.9e-06   25.7   3.5   176   213   140   177   137   180 0.93 -
NODE_13737_length_13195_cov_48.496411:3275-4135   -            287 50635at7898          -            372     1e-17   62.8  45.6   3   5   5.4e-06    0.0011   16.7   3.4   177   213   180   215   176   218 0.89 -
NODE_13737_length_13195_cov_48.496411:3275-4135   -            287 50635at7898          -            372     1e-17   62.8  45.6   4   5   2.5e-07   5.2e-05   21.0   2.8   176   212   217   254   214   258 0.90 -
NODE_13737_length_13195_cov_48.496411:3275-4135   -            287 50635at7898          -            372     1e-17   62.8  45.6   5   5   9.4e-05     0.019   12.6   0.7   176   205   258   287   254   287 0.94 -
NODE_528_length_30031_cov_35.459842:2721-18342    -            576 50635at7898          -            372   3.7e-16   57.7 103.1   1   6   1.1e-09   2.2e-07   28.8  12.1   142   214    60   127    35   141 0.78 -
NODE_528_length_30031_cov_35.459842:2721-18342    -            576 50635at7898          -            372   3.7e-16   57.7 103.1   2   6   1.7e-11   3.5e-09   34.8   8.4   180   236   140   197   131   204 0.86 -
NODE_528_length_30031_cov_35.459842:2721-18342    -            576 50635at7898          -            372   3.7e-16   57.7 103.1   3   6      0.15        30    2.1   9.5    69   111   200   243   196   252 0.79 -
NODE_528_length_30031_cov_35.459842:2721-18342    -            576 50635at7898          -            372   3.7e-16   57.7 103.1   4   6   1.7e-05    0.0034   15.1   8.3   160   216   316   368   303   372 0.80 -
NODE_528_length_30031_cov_35.459842:2721-18342    -            576 50635at7898          -            372   3.7e-16   57.7 103.1   5   6   2.7e-05    0.0055   14.4   8.1   177   227   370   417   366   429 0.77 -
NODE_528_length_30031_cov_35.459842:2721-18342    -            576 50635at7898          -            372   3.7e-16   57.7 103.1   6   6      0.94   1.9e+02   -0.6   9.0    67    97   433   465   422   481 0.75 -
NODE_149925_length_2326_cov_33.018859:1212-1901   -            230 50635at7898          -            372   2.3e-15   55.1  45.4   1   4   0.00084      0.17    9.5   4.5   177   225     2    50     1    51 0.94 -
NODE_149925_length_2326_cov_33.018859:1212-1901   -            230 50635at7898          -            372   2.3e-15   55.1  45.4   2   4   2.5e-10   5.2e-08   30.9  10.1   177   235    43   101    38   110 0.92 -
NODE_149925_length_2326_cov_33.018859:1212-1901   -            230 50635at7898          -            372   2.3e-15   55.1  45.4   3   4   0.00035     0.073   10.7   8.5   144   205    99   151    99   163 0.80 -
NODE_149925_length_2326_cov_33.018859:1212-1901   -            230 50635at7898          -            372   2.3e-15   55.1  45.4   4   4   2.7e-07   5.6e-05   20.9   7.1   136   201   166   226   158   230 0.89 -
NODE_1597_length_24133_cov_39.194474:3796-21454   -            578 50635at7898          -            372   2.1e-13   48.7  33.2   1   3    0.0017      0.35    8.5   7.1   179   234    87   139    81   146 0.87 -
NODE_1597_length_24133_cov_39.194474:3796-21454   -            578 50635at7898          -            372   2.1e-13   48.7  33.2   2   3     3e-10   6.2e-08   30.7  10.1   162   215   153   207   139   210 0.86 -
NODE_1597_length_24133_cov_39.194474:3796-21454   -            578 50635at7898          -            372   2.1e-13   48.7  33.2   3   3   9.1e-07   0.00019   19.2   7.3   163   213   199   246   196   256 0.79 -
NODE_67435_length_5683_cov_30.241046:3551-4159    -            203 50635at7898          -            372   1.4e-12   46.0  44.3   1   4   7.1e-09   1.5e-06   26.1  19.3   172   245    43   110     8   111 0.80 -
NODE_67435_length_5683_cov_30.241046:3551-4159    -            203 50635at7898          -            372   1.4e-12   46.0  44.3   2   4   2.5e-08   5.1e-06   24.4  13.4   178   239    89   146    83   153 0.83 -
NODE_67435_length_5683_cov_30.241046:3551-4159    -            203 50635at7898          -            372   1.4e-12   46.0  44.3   3   4   1.6e-05    0.0034   15.1   8.8   160   214   113   162   112   165 0.81 -
NODE_67435_length_5683_cov_30.241046:3551-4159    -            203 50635at7898          -            372   1.4e-12   46.0  44.3   4   4    0.0014       0.3    8.7   5.4   161   206   153   193   149   202 0.82 -
NODE_35720_length_8609_cov_29.141951:4382-4774    -            131 50635at7898          -            372   2.6e-11   41.8  28.1   1   3   7.4e-09   1.5e-06   26.1   3.4    83   112     5    37     2    54 0.89 -
NODE_35720_length_8609_cov_29.141951:4382-4774    -            131 50635at7898          -            372   2.6e-11   41.8  28.1   2   3   1.2e-06   0.00026   18.8   5.2    83   113    70   103    61   107 0.87 -
NODE_35720_length_8609_cov_29.141951:4382-4774    -            131 50635at7898          -            372   2.6e-11   41.8  28.1   3   3   0.00062      0.13    9.9   3.9    82   105   107   130   103   131 0.92 -
NODE_116257_length_3345_cov_43.583487:1445-1753   -            103 50635at7898          -            372   2.3e-09   35.4  24.1   1   2   0.00021     0.044   11.4   4.1    88   116     1    32     1    38 0.90 -
NODE_116257_length_3345_cov_43.583487:1445-1753   -            103 50635at7898          -            372   2.3e-09   35.4  24.1   2   2   2.7e-10   5.7e-08   30.8  12.8   174   237    36    95    29   102 0.83 -
NODE_14000_length_13098_cov_84.272790:9666-10058  -            131 50635at7898          -            372   2.6e-08   31.9  16.7   1   3       1.6   3.3e+02   -1.4   0.3    88   112     1    31     1    37 0.58 -
NODE_14000_length_13098_cov_84.272790:9666-10058  -            131 50635at7898          -            372   2.6e-08   31.9  16.7   2   3   1.5e-06   0.00031   18.5   5.4    82   109    36    63    16    74 0.81 -
NODE_14000_length_13098_cov_84.272790:9666-10058  -            131 50635at7898          -            372   2.6e-08   31.9  16.7   3   3   1.1e-06   0.00023   18.9   3.6    83   109    75   101    66   112 0.86 -
NODE_14256_length_13012_cov_35.053280:10103-10636 -            178 50635at7898          -            372   1.4e-07   29.5  48.2   1   5       1.4   2.9e+02   -1.2   1.2    83   114     3    36     2    39 0.63 -
NODE_14256_length_13012_cov_35.053280:10103-10636 -            178 50635at7898          -            372   1.4e-07   29.5  48.2   2   5     0.026       5.3    4.6  10.0    82   114    39    75    14    78 0.69 -
NODE_14256_length_13012_cov_35.053280:10103-10636 -            178 50635at7898          -            372   1.4e-07   29.5  48.2   3   5   3.4e-05    0.0069   14.1   3.7    83   114    79   113    74   116 0.83 -
NODE_14256_length_13012_cov_35.053280:10103-10636 -            178 50635at7898          -            372   1.4e-07   29.5  48.2   4   5   1.8e-06   0.00036   18.3   2.5    83   109   117   143   114   152 0.87 -
NODE_14256_length_13012_cov_35.053280:10103-10636 -            178 50635at7898          -            372   1.4e-07   29.5  48.2   5   5   2.4e-05    0.0049   14.6   5.7    73   105   144   177   141   178 0.85 -
NODE_64580_length_5881_cov_30.510031:1264-5409    -            654 50635at7898          -            372   3.3e-07   28.3  72.2   1   7     0.012       2.4    5.7  10.2    67   112   199   248   193   253 0.77 -
NODE_64580_length_5881_cov_30.510031:1264-5409    -            654 50635at7898          -            372   3.3e-07   28.3  72.2   2   7   0.00057      0.12   10.0   4.7    83   108   254   279   247   291 0.81 -
NODE_64580_length_5881_cov_30.510031:1264-5409    -            654 50635at7898          -            372   3.3e-07   28.3  72.2   3   7     0.014       2.8    5.5   5.4    81   109   290   319   283   330 0.77 -
NODE_64580_length_5881_cov_30.510031:1264-5409    -            654 50635at7898          -            372   3.3e-07   28.3  72.2   4   7      0.26        53    1.3   0.3    74    99   321   347   317   360 0.72 -
NODE_64580_length_5881_cov_30.510031:1264-5409    -            654 50635at7898          -            372   3.3e-07   28.3  72.2   5   7     0.087        18    2.8   1.2   179   211   378   407   364   408 0.76 -
NODE_64580_length_5881_cov_30.510031:1264-5409    -            654 50635at7898          -            372   3.3e-07   28.3  72.2   6   7     9e-07   0.00019   19.2   8.8    83   111   407   438   396   442 0.82 -
NODE_64580_length_5881_cov_30.510031:1264-5409    -            654 50635at7898          -            372   3.3e-07   28.3  72.2   7   7   4.5e-05    0.0093   13.6   4.5    83   113   445   478   440   490 0.83 -
NODE_53778_length_6714_cov_35.908239:249-3999     -            252 50635at7898          -            372   7.7e-07   27.1   4.3   1   2       3.2   6.6e+02   -2.3   0.0    32    77    86   130    77   143 0.71 -
NODE_53778_length_6714_cov_35.908239:249-3999     -            252 50635at7898          -            372   7.7e-07   27.1   4.3   2   2   4.4e-09     9e-07   26.9   3.2   175   205   221   251   209   252 0.91 -
NODE_8881_length_15334_cov_28.598687:5344-14473   -            259 50635at7898          -            372   2.3e-06   25.5   2.6   1   2   4.4e-08     9e-06   23.5   3.0   175   207    12    44     4    60 0.87 -
NODE_8881_length_15334_cov_28.598687:5344-14473   -            259 50635at7898          -            372   2.3e-06   25.5   2.6   2   2       3.1   6.4e+02   -2.3   0.0   198   218   161   181   152   196 0.71 -
NODE_2704_length_21299_cov_39.818208:19610-20843  -            180 50635at7898          -            372   2.5e-06   25.4  50.8   1   5   0.00055      0.11   10.1   7.9    86   114     4    35     1    38 0.89 -
NODE_2704_length_21299_cov_39.818208:19610-20843  -            180 50635at7898          -            372   2.5e-06   25.4  50.8   2   5    0.0038      0.78    7.3   2.0    83   108    39    64    37    73 0.90 -
NODE_2704_length_21299_cov_39.818208:19610-20843  -            180 50635at7898          -            372   2.5e-06   25.4  50.8   3   5     0.039         8    4.0   4.8    82   108    75   103    65   105 0.77 -
NODE_2704_length_21299_cov_39.818208:19610-20843  -            180 50635at7898          -            372   2.5e-06   25.4  50.8   4   5   1.2e-05    0.0025   15.5  10.2   184   234    92   139    86   143 0.87 -
NODE_2704_length_21299_cov_39.818208:19610-20843  -            180 50635at7898          -            372   2.5e-06   25.4  50.8   5   5   2.2e-07   4.4e-05   21.3  12.9   162   234   111   177   106   180 0.83 -
NODE_2138_length_22538_cov_37.318775:8532-8900    -            123 50635at7898          -            372   3.3e-06   25.0  21.4   1   2    0.0016      0.34    8.5   0.2    83    96     3    16     2    30 0.87 -
NODE_2138_length_22538_cov_37.318775:8532-8900    -            123 50635at7898          -            372   3.3e-06   25.0  21.4   2   2   2.3e-06   0.00048   17.9  16.2   163   234    59   122    45   123 0.78 -
NODE_67348_length_5688_cov_37.238862:3707-5536    -            384 50635at7898          -            372   3.8e-06   24.8  81.1   1   6      0.28        58    1.2  10.0    79   111    45    81    29    87 0.75 -
NODE_67348_length_5688_cov_37.238862:3707-5536    -            384 50635at7898          -            372   3.8e-06   24.8  81.1   2   6    0.0073       1.5    6.4   7.6    83   111    88   118    77   124 0.77 -
NODE_67348_length_5688_cov_37.238862:3707-5536    -            384 50635at7898          -            372   3.8e-06   24.8  81.1   3   6     0.059        12    3.4   6.3    81   113   123   159   115   163 0.75 -
NODE_67348_length_5688_cov_37.238862:3707-5536    -            384 50635at7898          -            372   3.8e-06   24.8  81.1   4   6   0.00018     0.036   11.7   8.0    77   112   157   196   150   202 0.75 -
NODE_67348_length_5688_cov_37.238862:3707-5536    -            384 50635at7898          -            372   3.8e-06   24.8  81.1   5   6   1.9e-06   0.00039   18.2   5.9    83   111   202   233   196   238 0.81 -
NODE_67348_length_5688_cov_37.238862:3707-5536    -            384 50635at7898          -            372   3.8e-06   24.8  81.1   6   6   0.00014      0.03   12.0   8.1    82   112   239   272   229   280 0.83 -
NODE_28179_length_9719_cov_35.747921:7461-7892    -            144 50635at7898          -            372     6e-06   24.1  24.3   1   2   0.00074      0.15    9.6   8.7   162   214    36    92     6    98 0.67 -
NODE_28179_length_9719_cov_35.747921:7461-7892    -            144 50635at7898          -            372     6e-06   24.1  24.3   2   2   4.2e-06   0.00087   17.0  13.4   177   235    83   140    76   143 0.76 -
NODE_99858_length_3975_cov_31.024252:2891-3196    -            102 50635at7898          -            372   3.1e-05   21.8  20.7   1   2    0.0038      0.79    7.3   0.6    88   111     1    28     1    34 0.75 -
NODE_99858_length_3975_cov_31.024252:2891-3196    -            102 50635at7898          -            372   3.1e-05   21.8  20.7   2   2   8.2e-07   0.00017   19.4  13.7    70   111    59   102    37   102 0.84 -
NODE_21407_length_11046_cov_28.220608:2844-10187  -            329 50635at7898          -            372    0.0011   16.7  20.6   1   2   1.6e-05    0.0032   15.2   7.2    83   113     5    38     3    48 0.82 -
NODE_21407_length_11046_cov_28.220608:2844-10187  -            329 50635at7898          -            372    0.0011   16.7  20.6   2   2     0.022       4.6    4.8   8.6   174   250    48   129    36   156 0.66 -
NODE_35268_length_8666_cov_35.886191:725-1099     -            125 50635at7898          -            372    0.0048   14.6  25.9   1   3    0.0061       1.3    6.6   0.5    83    99     3    19     2    34 0.86 -
NODE_35268_length_8666_cov_35.886191:725-1099     -            125 50635at7898          -            372    0.0048   14.6  25.9   2   3   5.3e-05     0.011   13.4   8.5   186   237    41    87    23    97 0.79 -
NODE_35268_length_8666_cov_35.886191:725-1099     -            125 50635at7898          -            372    0.0048   14.6  25.9   3   3     0.025       5.1    4.6   4.0   210   233    98   121    89   125 0.78 -
NODE_92263_length_4310_cov_42.621705:2563-2835    -             91 50635at7898          -            372     0.014   13.1  14.6   1   2     0.011       2.2    5.8   3.4    82   107    18    47     4    60 0.75 -
NODE_92263_length_4310_cov_42.621705:2563-2835    -             91 50635at7898          -            372     0.014   13.1  14.6   2   2   0.00013     0.027   12.1   5.7    79   108    58    88    44    91 0.80 -
NODE_12883_length_13518_cov_26.791639:8196-13025  -            421 50635at7898          -            372       1.3    6.6  16.0   1   2      0.76   1.6e+02   -0.3   6.2    83   112     4    37     1    45 0.80 -
NODE_12883_length_13518_cov_26.791639:8196-13025  -            421 50635at7898          -            372       1.3    6.6  16.0   2   2     0.001      0.21    9.2   5.3   177   208    50    84    36    95 0.79 -
NODE_10183_length_14667_cov_42.361683:940-10021   -            946 50635at7898          -            372       6.3    4.3 102.2   1  10     0.008       1.6    6.2   5.8    82   107     7    32     2    50 0.88 -
NODE_10183_length_14667_cov_42.361683:940-10021   -            946 50635at7898          -            372       6.3    4.3 102.2   2  10       1.4   2.8e+02   -1.1   7.1    82   113    51    89    42    99 0.73 -
NODE_10183_length_14667_cov_42.361683:940-10021   -            946 50635at7898          -            372       6.3    4.3 102.2   3  10      0.07        14    3.1   2.2    82   111   277   310   262   319 0.78 -
NODE_10183_length_14667_cov_42.361683:940-10021   -            946 50635at7898          -            372       6.3    4.3 102.2   4  10     0.069        14    3.2   5.6    85   112   495   525   483   533 0.80 -
NODE_10183_length_14667_cov_42.361683:940-10021   -            946 50635at7898          -            372       6.3    4.3 102.2   5  10      0.61   1.2e+02    0.1   8.7    86   210   496   529   495   565 0.58 -
NODE_10183_length_14667_cov_42.361683:940-10021   -            946 50635at7898          -            372       6.3    4.3 102.2   6  10   0.00013     0.026   12.2   4.0    82   113   733   767   726   771 0.86 -
NODE_10183_length_14667_cov_42.361683:940-10021   -            946 50635at7898          -            372       6.3    4.3 102.2   7  10     0.017       3.6    5.1   4.3    82   112   771   800   767   807 0.80 -
NODE_10183_length_14667_cov_42.361683:940-10021   -            946 50635at7898          -            372       6.3    4.3 102.2   8  10   0.00018     0.037   11.7   4.9    82   107   808   833   804   854 0.87 -
NODE_10183_length_14667_cov_42.361683:940-10021   -            946 50635at7898          -            372       6.3    4.3 102.2   9  10       4.5   9.3e+02   -2.8   0.9    86   108   855   875   836   885 0.67 -
NODE_10183_length_14667_cov_42.361683:940-10021   -            946 50635at7898          -            372       6.3    4.3 102.2  10  10   0.00012     0.024   12.3   6.2    83   112   887   919   866   924 0.86 -
NODE_30909_length_9285_cov_44.478554:992-1490     -            122 50635at7898          -            372       6.9    4.2  32.0   1   3     0.014       2.8    5.5   8.5    86   114     4    35     1    38 0.86 -
NODE_30909_length_9285_cov_44.478554:992-1490     -            122 50635at7898          -            372       6.9    4.2  32.0   2   3    0.0029       0.6    7.7   2.1    83   109    39    65    35    71 0.91 -
NODE_30909_length_9285_cov_44.478554:992-1490     -            122 50635at7898          -            372       6.9    4.2  32.0   3   3     0.083        17    2.9   6.6    82   108    75   103    65   118 0.71 -
#
# Program:         hmmsearch
# Version:         3.1b2 (February 2015)
# Pipeline mode:   SEARCH
# Query file:      /home/e1garcia/shotgun_PIRE/abyss/busco_downloads/lineages/actinopterygii_odb10/hmms/50635at7898.hmm
# Target file:     /home/e1garcia/shotgun_PIRE/pire_ssl_data_processing/plotosus_lineatus/busco_contigs_results-SPAdes_contam_R1R2_noIsolate/run_actinopterygii_odb10/metaeuk_output/initial_results/contigs.modified.fasta.modified.fas
# Option settings: hmmsearch --domtblout /home/e1garcia/shotgun_PIRE/pire_ssl_data_processing/plotosus_lineatus/busco_contigs_results-SPAdes_contam_R1R2_noIsolate/run_actinopterygii_odb10/hmmer_output/initial_run_results/50635at7898.out --cpu 1 /home/e1garcia/shotgun_PIRE/abyss/busco_downloads/lineages/actinopterygii_odb10/hmms/50635at7898.hmm /home/e1garcia/shotgun_PIRE/pire_ssl_data_processing/plotosus_lineatus/busco_contigs_results-SPAdes_contam_R1R2_noIsolate/run_actinopterygii_odb10/metaeuk_output/initial_results/contigs.modified.fasta.modified.fas 
# Current dir:     /home/e1garcia/shotgun_PIRE/pire_ssl_data_processing/plotosus_lineatus
# Date:            Fri Aug 20 13:29:58 2021
# [ok]
