#                                                                                                         --- full sequence --- -------------- this domain -------------   hmm coord   ali coord   env coord
# target name                                     accession   tlen query name           accession   qlen   E-value  score  bias   #  of  c-Evalue  i-Evalue  score  bias  from    to  from    to  from    to  acc description of target
#                             ------------------- ---------- ----- -------------------- ---------- ----- --------- ------ ----- --- --- --------- --------- ------ ----- ----- ----- ----- ----- ----- ----- ---- ---------------------
NODE_2528_length_21641_cov_39.219571:5604-15162   -            462 52590at7898          -            367  3.2e-174  577.8  15.8   1   2  2.5e-161  1.5e-159  529.5   2.3     1   322     1   350     1   365 0.92 -
NODE_2528_length_21641_cov_39.219571:5604-15162   -            462 52590at7898          -            367  3.2e-174  577.8  15.8   2   2   4.3e-16   2.5e-14   51.6   5.9   296   363   372   460   367   462 0.70 -
NODE_49459_length_7097_cov_34.072449:3103-3924    -            274 52590at7898          -            367   1.5e-63  213.6   0.7   1   1   2.8e-65   1.6e-63  213.5   0.7     1   255     1   273     1   274 0.89 -
NODE_27498_length_9841_cov_39.984500:1549-9149    -            492 52590at7898          -            367   3.5e-51  172.9   0.5   1   1   8.6e-53   5.2e-51  172.4   0.5     4   200    39   250    36   255 0.86 -
NODE_97686_length_4070_cov_43.343238:2356-3112    -            148 52590at7898          -            367   2.3e-42  143.9   0.0   1   1   4.2e-44   2.5e-42  143.8   0.0    36   169    14   148     1   148 0.85 -
NODE_17631_length_12001_cov_38.171568:6692-8973   -            172 52590at7898          -            367     2e-41  140.8   0.3   1   1   3.9e-43   2.3e-41  140.6   0.3    28   186    14   171     5   172 0.85 -
NODE_2344_length_22063_cov_45.313650:12431-19410  -            980 52590at7898          -            367   2.1e-39  134.2   0.1   1   1   5.4e-41   3.2e-39  133.6   0.1    42   241   125   327   100   340 0.92 -
NODE_96703_length_4113_cov_37.603886:218-3329     -            254 52590at7898          -            367   1.2e-38  131.7   0.1   1   1   2.2e-40   1.3e-38  131.6   0.1     2   226     6   252     5   254 0.84 -
NODE_62298_length_6043_cov_32.415713:4534-5223    -            230 52590at7898          -            367   1.1e-34  118.7   0.0   1   1   2.2e-36   1.3e-34  118.4   0.0    38   219    32   225     4   229 0.82 -
NODE_129601_length_2899_cov_41.110357:730-1665    -            312 52590at7898          -            367   1.8e-32  111.4   0.0   1   1   3.9e-34   2.3e-32  111.0   0.0     1   207    88   308    88   310 0.85 -
NODE_24263_length_10433_cov_35.185794:1925-9737   -            611 52590at7898          -            367   1.5e-31  108.3   1.0   1   2   6.9e-07   4.1e-05   21.3   0.1    34   239   172   382   155   392 0.72 -
NODE_24263_length_10433_cov_35.185794:1925-9737   -            611 52590at7898          -            367   1.5e-31  108.3   1.0   2   2   2.2e-26   1.3e-24   85.5   0.1    29   185   431   599   423   606 0.83 -
NODE_2887_length_21008_cov_67.764742:2004-13081   -            551 52590at7898          -            367   2.3e-29  101.1   1.0   1   1     6e-31   3.6e-29  100.5   0.0    41   241     6   210     1   245 0.86 -
NODE_10711_length_14402_cov_34.692372:4476-7064   -            244 52590at7898          -            367     5e-27   93.4   0.0   1   1     1e-28   6.1e-27   93.2   0.0    31   234    24   233     4   240 0.86 -
NODE_1642_length_24014_cov_33.227849:2232-8087    -            638 52590at7898          -            367   5.4e-27   93.3   0.9   1   3    0.0038      0.23    9.0   0.0    37   184   178   333   152   346 0.72 -
NODE_1642_length_24014_cov_33.227849:2232-8087    -            638 52590at7898          -            367   5.4e-27   93.3   0.9   2   3       9.1   5.4e+02   -2.1   0.0   216   239   401   424   392   428 0.67 -
NODE_1642_length_24014_cov_33.227849:2232-8087    -            638 52590at7898          -            367   5.4e-27   93.3   0.9   3   3   2.7e-25   1.6e-23   81.9   0.1    30   185   457   625   447   632 0.82 -
NODE_222940_length_919_cov_1.091463:227-784       -            186 52590at7898          -            367     6e-27   93.2   0.0   1   1   1.1e-28   6.7e-27   93.0   0.0    46   211     4   173     1   185 0.90 -
NODE_11674_length_13989_cov_40.813751:1561-9122   -            414 52590at7898          -            367   2.6e-26   91.1   0.0   1   1   5.5e-28   3.3e-26   90.8   0.0    53   240     2   196     1   256 0.83 -
NODE_236506_length_749_cov_1.407692:16-663        -            216 52590at7898          -            367   7.5e-26   89.6   0.0   1   1   1.3e-27   7.5e-26   89.6   0.0    42   199    52   214     1   216 0.86 -
NODE_13444_length_13312_cov_42.251419:7147-7971   -            275 52590at7898          -            367   3.8e-24   84.0   0.0   1   1   7.2e-26   4.3e-24   83.8   0.0     4   207     1   215     1   250 0.88 -
NODE_1573_length_24199_cov_40.651286:1967-5623    -            280 52590at7898          -            367   8.9e-24   82.8   0.0   1   1   2.3e-25   1.4e-23   82.2   0.0    22   188    13   189     1   204 0.80 -
NODE_375_length_32175_cov_34.975433:23213-24409   -            248 52590at7898          -            367   7.1e-23   79.8   0.4   1   2   9.7e-06   0.00058   17.6   0.0    35    87    13    65     2    78 0.84 -
NODE_375_length_32175_cov_34.975433:23213-24409   -            248 52590at7898          -            367   7.1e-23   79.8   0.4   2   2   7.5e-19   4.5e-17   60.7   0.1    96   238   103   248    97   248 0.89 -
NODE_1017_length_26569_cov_41.675973:379-4987     -            277 52590at7898          -            367   8.1e-23   79.6   0.0   1   1   1.6e-24   9.5e-23   79.4   0.0    37   209    58   237    13   273 0.79 -
NODE_7643_length_16050_cov_35.501724:3002-10500   -            234 52590at7898          -            367   9.6e-23   79.4   0.0   1   1     2e-24   1.2e-22   79.1   0.0    29   244    13   229     7   233 0.86 -
NODE_6683_length_16677_cov_47.119797:6768-10096   -            636 52590at7898          -            367   1.4e-22   78.8   0.0   1   1   3.7e-24   2.2e-22   78.2   0.0     2   192    72   285    71   300 0.78 -
NODE_3484_length_20032_cov_44.094767:235-4552     -            337 52590at7898          -            367   1.6e-22   78.7   0.3   1   1   3.4e-24   2.1e-22   78.3   0.3     1   185    79   281    79   298 0.79 -
NODE_57969_length_6362_cov_36.513013:2742-3833    -            221 52590at7898          -            367   1.6e-22   78.6   0.0   1   1   3.1e-24   1.8e-22   78.4   0.0     5   192     2   194     1   215 0.80 -
NODE_879_length_27322_cov_37.278772:1529-16152    -            666 52590at7898          -            367   1.7e-22   78.6   0.0   1   2   1.3e-07   7.6e-06   23.8   0.0     3    93   283   386   281   417 0.69 -
NODE_879_length_27322_cov_37.278772:1529-16152    -            666 52590at7898          -            367   1.7e-22   78.6   0.0   2   2   2.1e-16   1.3e-14   52.6   0.0    89   249   448   610   438   622 0.87 -
NODE_114416_length_3410_cov_35.278466:496-2085    -            530 52590at7898          -            367   3.2e-22   77.6   0.3   1   1     8e-24   4.8e-22   77.1   0.3     3   184   150   346   148   350 0.78 -
NODE_30526_length_9345_cov_37.724421:3584-6220    -            195 52590at7898          -            367     9e-22   76.2   0.0   1   1   1.6e-23   9.7e-22   76.1   0.0     4   161    10   182     7   195 0.84 -
NODE_7855_length_15926_cov_43.097934:9131-10717   -            529 52590at7898          -            367   1.1e-21   75.9   0.1   1   1   2.9e-23   1.7e-21   75.2   0.1     3   184   147   343   145   350 0.81 -
NODE_4595_length_18525_cov_38.399870:1863-15196   -            779 52590at7898          -            367   9.3e-21   72.8   0.0   1   1   1.6e-22   9.3e-21   72.8   0.0     6   189   495   690   490   702 0.81 -
NODE_475_length_30620_cov_48.590380:8986-9960     -            325 52590at7898          -            367   2.6e-20   71.4   0.0   1   1   5.2e-22   3.1e-20   71.1   0.0    13   215    19   228     6   274 0.86 -
NODE_25667_length_10179_cov_32.959921:342-8671    -            422 52590at7898          -            367   3.8e-20   70.8   0.0   1   1   9.6e-22   5.7e-20   70.2   0.0    49   190     1   157     1   168 0.81 -
NODE_25163_length_10266_cov_35.585227:1379-9469   -            525 52590at7898          -            367   5.8e-20   70.2   0.0   1   2   2.2e-05    0.0013   16.4   0.0     7    87   138   230   133   235 0.77 -
NODE_25163_length_10266_cov_35.585227:1379-9469   -            525 52590at7898          -            367   5.8e-20   70.2   0.0   2   2   4.4e-16   2.6e-14   51.6   0.0    92   238   263   412   257   426 0.89 -
NODE_75212_length_5195_cov_39.378532:2238-5021    -            817 52590at7898          -            367   1.2e-19   69.1   0.0   1   2   1.1e-14   6.4e-13   47.0   0.0     4   136   556   701   551   718 0.80 -
NODE_75212_length_5195_cov_39.378532:2238-5021    -            817 52590at7898          -            367   1.2e-19   69.1   0.0   2   2   1.7e-06    0.0001   20.0   0.0   142   196   754   812   747   817 0.80 -
NODE_105286_length_3755_cov_40.069748:1224-3628   -            395 52590at7898          -            367   1.5e-19   68.9   0.0   1   1   3.5e-21   2.1e-19   68.4   0.0     7   241   108   362   103   382 0.76 -
NODE_8075_length_15790_cov_39.018227:1623-2327    -            235 52590at7898          -            367   2.9e-19   67.9   0.1   1   1     8e-19   4.8e-17   60.6   0.1    67   203    13   172     8   229 0.73 -
NODE_49330_length_7111_cov_38.067884:1010-1717    -            236 52590at7898          -            367   3.4e-19   67.7   0.0   1   3   2.8e-12   1.7e-10   39.1   0.0    67   137    11    87     4    94 0.84 -
NODE_49330_length_7111_cov_38.067884:1010-1717    -            236 52590at7898          -            367   3.4e-19   67.7   0.0   2   3     1e-05   0.00062   17.5   0.0   140   182   111   152   102   173 0.86 -
NODE_49330_length_7111_cov_38.067884:1010-1717    -            236 52590at7898          -            367   3.4e-19   67.7   0.0   3   3    0.0093      0.56    7.7   0.1   211   238   201   228   195   236 0.84 -
NODE_17968_length_11904_cov_43.740025:577-11735   -            300 52590at7898          -            367   1.8e-18   65.3   0.1   1   1   4.2e-20   2.5e-18   64.8   0.1    10   185   104   294    97   299 0.79 -
NODE_13733_length_13197_cov_37.773706:761-1285    -            175 52590at7898          -            367   1.9e-18   65.2   0.0   1   1   3.7e-20   2.2e-18   65.0   0.0    40   165    39   169     1   173 0.77 -
NODE_23427_length_10600_cov_39.744024:3035-9470   -            354 52590at7898          -            367     2e-18   65.1   0.1   1   2   4.8e-19   2.8e-17   61.4   0.0    68   180   137   261   102   270 0.85 -
NODE_23427_length_10600_cov_39.744024:3035-9470   -            354 52590at7898          -            367     2e-18   65.1   0.1   2   2       0.7        41    1.6   0.1   206   245   313   350   297   354 0.78 -
NODE_1158_length_25862_cov_38.864146:13010-15164  -            190 52590at7898          -            367   3.4e-18   64.4   0.1   1   1   6.4e-20   3.8e-18   64.2   0.1     2   176     4   190     3   190 0.80 -
NODE_13263_length_13380_cov_40.686093:2673-11133  -            259 52590at7898          -            367   7.2e-18   63.3   0.0   1   1   1.5e-19   9.2e-18   63.0   0.0     3   190    19   236    17   249 0.75 -
NODE_14958_length_12783_cov_47.549432:3465-11752  -            420 52590at7898          -            367     1e-17   62.8   0.0   1   1   2.4e-19   1.4e-17   62.3   0.0    42   236   119   322    72   337 0.83 -
NODE_1290_length_25305_cov_43.640482:1536-23652   -            823 52590at7898          -            367   1.7e-17   62.1   4.5   1   3     4e-06   0.00024   18.8   0.0    24    94   306   384   284   394 0.77 -
NODE_1290_length_25305_cov_43.640482:1536-23652   -            823 52590at7898          -            367   1.7e-17   62.1   4.5   2   3   1.4e-06   8.3e-05   20.3   0.1    90   145   479   534   473   548 0.86 -
NODE_1290_length_25305_cov_43.640482:1536-23652   -            823 52590at7898          -            367   1.7e-17   62.1   4.5   3   3   4.4e-07   2.6e-05   22.0   1.3   140   241   582   684   558   702 0.78 -
NODE_119993_length_3216_cov_38.258261:683-1519    -            279 52590at7898          -            367   5.6e-17   60.4   0.3   1   2   2.3e-05    0.0014   16.3   0.0    37    81    51    95    30   105 0.88 -
NODE_119993_length_3216_cov_38.258261:683-1519    -            279 52590at7898          -            367   5.6e-17   60.4   0.3   2   2     3e-13   1.8e-11   42.3   0.2    88   238   122   275   109   278 0.86 -
NODE_9135_length_15185_cov_47.128994:2925-14862   -            320 52590at7898          -            367   1.1e-16   59.5   0.0   1   1   2.2e-18   1.3e-16   59.1   0.0    90   241    59   213    41   294 0.88 -
NODE_10152_length_14680_cov_44.868116:10035-10553 -            173 52590at7898          -            367     4e-16   57.6   0.1   1   1   7.6e-18   4.5e-16   57.4   0.1    45   166    44   170     5   172 0.83 -
NODE_10152_length_14680_cov_44.868116:4126-4644   -            173 52590at7898          -            367     4e-16   57.6   0.1   1   1   7.6e-18   4.5e-16   57.4   0.1    45   166    44   170     5   172 0.83 -
NODE_31513_length_9195_cov_76.284301:3380-6437    -            177 52590at7898          -            367   9.6e-16   56.3   0.0   1   1   2.9e-17   1.8e-15   55.5   0.0     4   181     2   176     1   177 0.72 -
NODE_13668_length_13221_cov_41.713153:1268-5884   -            315 52590at7898          -            367   1.2e-15   56.0   0.0   1   1   3.1e-17   1.8e-15   55.4   0.0    42   189    63   225    34   232 0.82 -
NODE_12496_length_13664_cov_106.615260:3911-11188 -            319 52590at7898          -            367   1.4e-15   55.8   0.0   1   1   6.6e-17   3.9e-15   54.3   0.0     6   185   140   312   135   318 0.87 -
NODE_86410_length_4593_cov_31.857588:2460-3452    -            331 52590at7898          -            367   1.5e-15   55.7   0.0   1   1   3.9e-17   2.3e-15   55.0   0.0     9   240    66   326    60   329 0.80 -
NODE_36497_length_8512_cov_31.961845:1647-2950    -            205 52590at7898          -            367   3.6e-15   54.4   0.0   1   1   4.3e-16   2.6e-14   51.6   0.0    68   185     1   128     1   200 0.79 -
NODE_113817_length_3431_cov_35.704682:1036-1908   -            291 52590at7898          -            367   3.7e-15   54.4   0.0   1   2   0.00098     0.059   11.0   0.0    29    81    46    99    34   108 0.85 -
NODE_113817_length_3431_cov_35.704682:1036-1908   -            291 52590at7898          -            367   3.7e-15   54.4   0.0   2   2   4.8e-13   2.9e-11   41.6   0.0    90   243   129   285   113   290 0.89 -
NODE_24603_length_10367_cov_61.084437:6448-10341  -            417 52590at7898          -            367   6.1e-15   53.7   0.0   1   1   1.3e-16   7.6e-15   53.4   0.0   130   284     4   156     1   199 0.81 -
NODE_10747_length_14383_cov_33.780874:3123-7355   -            401 52590at7898          -            367   1.1e-14   52.9   0.0   1   1   2.7e-16   1.6e-14   52.3   0.0    64   185   221   349   216   357 0.83 -
NODE_91609_length_4340_cov_47.026880:861-3884     -            693 52590at7898          -            367   1.6e-14   52.3   0.1   1   1   3.7e-16   2.2e-14   51.9   0.1     4   135   533   677   528   690 0.81 -
NODE_63774_length_5936_cov_45.879904:3252-5670    -            284 52590at7898          -            367   1.8e-14   52.1   0.0   1   1   4.3e-16   2.6e-14   51.6   0.0    68   185   120   244   108   253 0.84 -
NODE_93190_length_4267_cov_31.683301:1376-3938    -            121 52590at7898          -            367   2.9e-14   51.5   0.0   1   1   5.9e-16   3.5e-14   51.2   0.0    40   138     9   109     5   120 0.83 -
NODE_20581_length_11235_cov_41.957435:1316-1825   -            170 52590at7898          -            367   7.1e-14   50.2   0.0   1   1   1.4e-15   8.3e-14   49.9   0.0     5   119    42   170    38   170 0.76 -
NODE_9976_length_14765_cov_255.967680:3565-8699   -            148 52590at7898          -            367     1e-13   49.6   0.1   1   2   0.00088     0.052   11.1   0.1    46    75     3    32     1    38 0.93 -
NODE_9976_length_14765_cov_255.967680:3565-8699   -            148 52590at7898          -            367     1e-13   49.6   0.1   2   2   9.5e-12   5.6e-10   37.3   0.0    97   173    35   112    32   116 0.83 -
NODE_38915_length_8208_cov_52.333457:1279-7344    -            505 52590at7898          -            367   1.2e-13   49.5   0.0   1   2   5.1e-13     3e-11   41.5   0.0    51   160     6   125     3   130 0.77 -
NODE_38915_length_8208_cov_52.333457:1279-7344    -            505 52590at7898          -            367   1.2e-13   49.5   0.0   2   2     0.054       3.2    5.2   0.0   166   211   164   209   162   220 0.80 -
NODE_16161_length_12420_cov_42.429186:357-3367    -            300 52590at7898          -            367   1.3e-13   49.3   1.2   1   1   2.5e-14   1.5e-12   45.8   1.2    49   235   132   293   113   299 0.78 -
NODE_16161_length_12420_cov_42.429186:9052-12062  -            300 52590at7898          -            367   1.3e-13   49.3   1.2   1   1   2.5e-14   1.5e-12   45.8   1.2    49   235   132   293   113   299 0.78 -
NODE_93_length_41441_cov_35.373083:630-9308       -            234 52590at7898          -            367   1.5e-13   49.1   0.3   1   1   1.5e-14   8.7e-13   46.6   0.3    20   240    13   223     3   230 0.82 -
NODE_30691_length_9317_cov_69.966479:299-8961     -            147 52590at7898          -            367   3.2e-13   48.0   0.0   1   1   5.9e-15   3.5e-13   47.9   0.0    97   190     4    96     1   114 0.84 -
NODE_6107_length_17144_cov_36.191786:11537-12319  -            261 52590at7898          -            367   6.9e-13   46.9   0.0   1   1   1.4e-14   8.6e-13   46.6   0.0     6   119   134   261   130   261 0.79 -
NODE_6876_length_16520_cov_41.307533:2212-9342    -            279 52590at7898          -            367   1.8e-12   45.6   0.0   1   1   2.3e-13   1.4e-11   42.7   0.0     7   242    12   249     6   279 0.71 -
NODE_62746_length_6009_cov_44.559222:4803-5366    -            188 52590at7898          -            367   3.9e-12   44.4   0.0   1   1   1.1e-13   6.5e-12   43.7   0.0    18   140    23   162     5   171 0.72 -
NODE_1623_length_24054_cov_39.286370:4203-22307   -            224 52590at7898          -            367   4.7e-12   44.2   0.1   1   1     1e-13   6.1e-12   43.8   0.1     3   188    24   219    23   223 0.72 -
NODE_33109_length_8965_cov_238.108843:6430-6903   -            158 52590at7898          -            367   1.2e-11   42.9   0.1   1   1   4.6e-13   2.8e-11   41.7   0.1    11   136    12   157     1   158 0.70 -
NODE_1438_length_24720_cov_53.487348:20144-24290  -            149 52590at7898          -            367   2.2e-11   42.0   0.0   1   2   0.00024     0.014   13.0   0.0    27    74    60   108    47   111 0.85 -
NODE_1438_length_24720_cov_53.487348:20144-24290  -            149 52590at7898          -            367   2.2e-11   42.0   0.0   2   2   8.8e-09   5.3e-07   27.6   0.0    96   134   111   149   108   149 0.93 -
NODE_1438_length_24720_cov_53.487348:429-4575     -            149 52590at7898          -            367   2.2e-11   42.0   0.0   1   2   0.00024     0.014   13.0   0.0    27    74    60   108    47   111 0.85 -
NODE_1438_length_24720_cov_53.487348:429-4575     -            149 52590at7898          -            367   2.2e-11   42.0   0.0   2   2   8.8e-09   5.3e-07   27.6   0.0    96   134   111   149   108   149 0.93 -
NODE_6506_length_16817_cov_48.607549:9141-9668    -            176 52590at7898          -            367   6.1e-11   40.5   0.0   1   1   1.2e-12     7e-11   40.3   0.0    95   192    11   112     4   172 0.71 -
NODE_11954_length_13874_cov_41.038185:2428-2952   -            175 52590at7898          -            367   1.2e-10   39.5   0.1   1   2     2e-05    0.0012   16.5   0.0    97   135     6    45     2    55 0.83 -
NODE_11954_length_13874_cov_41.038185:2428-2952   -            175 52590at7898          -            367   1.2e-10   39.5   0.1   2   2   7.5e-07   4.5e-05   21.2   0.0   147   184   118   156   102   173 0.85 -
NODE_26196_length_10080_cov_40.282437:684-3161    -            418 52590at7898          -            367   1.9e-10   38.9   0.1   1   2     1e-07   5.9e-06   24.1   0.0    49   136    27   116    15   121 0.85 -
NODE_26196_length_10080_cov_40.282437:684-3161    -            418 52590at7898          -            367   1.9e-10   38.9   0.1   2   2   0.00037     0.022   12.4   0.0   141   192   240   292   209   316 0.76 -
NODE_18476_length_11768_cov_48.497386:370-7930    -            196 52590at7898          -            367   2.9e-10   38.3   0.0   1   1   8.3e-12     5e-10   37.5   0.0   109   186    56   131    44   149 0.86 -
NODE_23148_length_10659_cov_39.140814:5413-9548   -            544 52590at7898          -            367     3e-09   35.0   0.0   1   1     8e-11   4.8e-09   34.3   0.0    91   184   384   474   375   493 0.89 -
NODE_4877_length_18236_cov_43.715719:2529-17495   -            349 52590at7898          -            367   5.3e-09   34.1   0.0   1   1   1.3e-10   7.6e-09   33.6   0.0    43   206    78   257    71   266 0.74 -
NODE_6244_length_17035_cov_42.084258:4512-11598   -            178 52590at7898          -            367   5.7e-09   34.0   0.9   1   1   2.4e-09   1.4e-07   29.4   0.9    46   190     2   141     1   146 0.77 -
NODE_36526_length_8508_cov_36.003211:696-1374     -            170 52590at7898          -            367   1.1e-08   33.1   0.0   1   1   2.1e-10   1.2e-08   32.9   0.0   106   182    84   170    20   170 0.67 -
NODE_2087_length_22682_cov_61.670947:21730-22227  -            166 52590at7898          -            367   4.6e-08   31.0   0.0   1   1     1e-09   6.2e-08   30.6   0.0    89   191     4   110     2   116 0.80 -
NODE_63223_length_5975_cov_36.349387:4940-5455    -            172 52590at7898          -            367   9.5e-08   30.0   0.2   1   1   1.8e-09   1.1e-07   29.8   0.2    38   134    60   170    15   172 0.74 -
NODE_24673_length_10352_cov_31.351507:2985-3296   -            104 52590at7898          -            367   2.3e-07   28.8   0.0   1   1   4.2e-09   2.5e-07   28.6   0.0    56   140     2    93     1   102 0.81 -
NODE_72_length_43873_cov_41.135012:20187-25288    -            120 52590at7898          -            367   2.4e-07   28.7   0.1   1   2       2.6   1.5e+02   -0.3   0.0     4    36     1    37     1    67 0.52 -
NODE_72_length_43873_cov_41.135012:20187-25288    -            120 52590at7898          -            367   2.4e-07   28.7   0.1   2   2   9.4e-09   5.6e-07   27.5   0.0    96   140    67   111    47   118 0.89 -
NODE_366_length_32306_cov_40.190487:11508-27134   -            538 52590at7898          -            367   2.8e-07   28.5   0.0   1   2   9.5e-08   5.6e-06   24.2   0.0    10   121   195   321   187   336 0.68 -
NODE_366_length_32306_cov_40.190487:11508-27134   -            538 52590at7898          -            367   2.8e-07   28.5   0.0   2   2      0.54        32    2.0   0.0   168   242   387   457   344   500 0.61 -
NODE_220205_length_955_cov_0.804907:129-575       -            149 52590at7898          -            367     8e-07   27.0   0.0   1   1   1.4e-08   8.4e-07   26.9   0.0   104   215    13   128     3   149 0.70 -
NODE_61354_length_6111_cov_23.536427:3440-3697    -             86 52590at7898          -            367   1.1e-06   26.5   0.0   1   1     2e-08   1.2e-06   26.4   0.0    60   134     6    86     1    86 0.80 -
NODE_137942_length_2649_cov_17.289804:1508-1792   -             95 52590at7898          -            367   1.2e-06   26.4   0.1   1   1   2.1e-08   1.2e-06   26.4   0.1    67   148     2    92     1    95 0.72 -
NODE_61908_length_6071_cov_26.762559:4230-4796    -            189 52590at7898          -            367   1.4e-06   26.2   0.0   1   2     0.025       1.5    6.3   0.0    62    88     4    30     2    75 0.79 -
NODE_61908_length_6071_cov_26.762559:4230-4796    -            189 52590at7898          -            367   1.4e-06   26.2   0.0   2   2   6.6e-06   0.00039   18.1   0.0   109   161   106   162    92   173 0.87 -
NODE_74934_length_5212_cov_42.257579:284-1809     -            381 52590at7898          -            367   4.3e-06   24.6   0.1   1   1   9.5e-08   5.7e-06   24.2   0.1     9    84   296   377   289   381 0.80 -
NODE_159368_length_2091_cov_34.739960:627-893     -             89 52590at7898          -            367   4.6e-06   24.5   0.0   1   1   7.8e-08   4.6e-06   24.5   0.0    91   134    45    89     3    89 0.87 -
NODE_4867_length_18254_cov_31.328505:9696-17441   -            486 52590at7898          -            367   9.3e-06   23.5   0.1   1   1   2.4e-07   1.4e-05   22.9   0.1    10    84   402   482   394   486 0.80 -
NODE_36459_length_8516_cov_33.390876:1446-6207    -            362 52590at7898          -            367   1.1e-05   23.2   0.0   1   1   2.6e-07   1.5e-05   22.7   0.0   170   255    11    95     4   126 0.86 -
NODE_27809_length_9787_cov_23.959538:5849-9040    -            467 52590at7898          -            367   2.9e-05   21.8   0.0   1   1   7.5e-07   4.5e-05   21.2   0.0   148   185     5    42     2    51 0.89 -
NODE_4914_length_18209_cov_34.080232:16264-16566  -            101 52590at7898          -            367    0.0001   20.0   0.0   1   1     2e-06   0.00012   19.8   0.0    51   134    12   101     4   101 0.77 -
NODE_4273_length_18905_cov_49.228438:1170-1430    -             87 52590at7898          -            367   0.00011   20.0   0.0   1   1   1.8e-06   0.00011   20.0   0.0    95   134    47    87    10    87 0.89 -
NODE_15073_length_12746_cov_34.478058:5517-5780   -             88 52590at7898          -            367   0.00019   19.2   0.0   1   1   3.2e-06   0.00019   19.2   0.0    89   134    41    88     1    88 0.76 -
NODE_68146_length_5638_cov_91.665644:4803-5060    -             86 52590at7898          -            367   0.00027   18.7   0.1   1   1     5e-06    0.0003   18.5   0.1    96   134    47    86    34    86 0.87 -
NODE_38115_length_8303_cov_101.589347:7187-7513   -            109 52590at7898          -            367   0.00038   18.2   0.1   1   1   6.4e-06   0.00038   18.2   0.1    95   134    69   109    37   109 0.87 -
NODE_19347_length_11542_cov_247.816919:2128-2382  -             85 52590at7898          -            367    0.0004   18.1   0.1   1   2   0.00025     0.015   12.9   0.0    96   118     3    25     1    34 0.87 -
NODE_19347_length_11542_cov_247.816919:2128-2382  -             85 52590at7898          -            367    0.0004   18.1   0.1   2   2      0.17       9.9    3.6   0.0   114   136    52    74    43    81 0.88 -
NODE_29746_length_9465_cov_43.651612:2646-2978    -            111 52590at7898          -            367   0.00066   17.4   0.0   1   1   1.1e-05   0.00066   17.4   0.0    53   134    23   111     2   111 0.64 -
NODE_26191_length_10081_cov_39.746343:7161-7424   -             88 52590at7898          -            367    0.0014   16.3   0.0   1   1   2.3e-05    0.0014   16.3   0.0    94   134    47    88     1    88 0.76 -
NODE_4_length_242253_cov_5.074378:93518-94051     -            178 52590at7898          -            367     0.002   15.8   0.0   1   1   3.5e-05    0.0021   15.7   0.0   100   232    43   178     4   178 0.75 -
NODE_86901_length_4568_cov_27.437234:1152-1481    -            110 52590at7898          -            367    0.0041   14.8   0.0   1   1   6.9e-05    0.0041   14.8   0.0    96   134    71   110    34   110 0.90 -
NODE_25465_length_10213_cov_42.535990:19-5028     -            545 52590at7898          -            367    0.0062   14.2   0.0   1   1   0.00045     0.027   12.1   0.0    95   191   300   406   273   450 0.78 -
NODE_141362_length_2552_cov_26.229107:1476-1979   -            168 52590at7898          -            367    0.0091   13.6   0.0   1   1   0.00017      0.01   13.4   0.0   101   136     4    41     1   107 0.81 -
NODE_5614_length_17573_cov_35.594655:363-9677     -            291 52590at7898          -            367     0.017   12.7   0.0   1   1   0.00038     0.023   12.3   0.0    90   137   108   157    85   219 0.79 -
#
# Program:         hmmsearch
# Version:         3.1b2 (February 2015)
# Pipeline mode:   SEARCH
# Query file:      /home/e1garcia/shotgun_PIRE/abyss/busco_downloads/lineages/actinopterygii_odb10/hmms/52590at7898.hmm
# Target file:     /home/e1garcia/shotgun_PIRE/pire_ssl_data_processing/plotosus_lineatus/busco_contigs_results-SPAdes_contam_R1R2_noIsolate/run_actinopterygii_odb10/metaeuk_output/initial_results/contigs.modified.fasta.modified.fas
# Option settings: hmmsearch --domtblout /home/e1garcia/shotgun_PIRE/pire_ssl_data_processing/plotosus_lineatus/busco_contigs_results-SPAdes_contam_R1R2_noIsolate/run_actinopterygii_odb10/hmmer_output/initial_run_results/52590at7898.out --cpu 1 /home/e1garcia/shotgun_PIRE/abyss/busco_downloads/lineages/actinopterygii_odb10/hmms/52590at7898.hmm /home/e1garcia/shotgun_PIRE/pire_ssl_data_processing/plotosus_lineatus/busco_contigs_results-SPAdes_contam_R1R2_noIsolate/run_actinopterygii_odb10/metaeuk_output/initial_results/contigs.modified.fasta.modified.fas 
# Current dir:     /home/e1garcia/shotgun_PIRE/pire_ssl_data_processing/plotosus_lineatus
# Date:            Fri Aug 20 13:30:30 2021
# [ok]
