#                                                                                                          --- full sequence --- -------------- this domain -------------   hmm coord   ali coord   env coord
# target name                                      accession   tlen query name           accession   qlen   E-value  score  bias   #  of  c-Evalue  i-Evalue  score  bias  from    to  from    to  from    to  acc description of target
#                              ------------------- ---------- ----- -------------------- ---------- ----- --------- ------ ----- --- --- --------- --------- ------ ----- ----- ----- ----- ----- ----- ----- ---- ---------------------
NODE_7365_length_16208_cov_43.431995:9972-14379    -            293 53002at7898          -            445   8.6e-79  264.1  19.3   1   3    0.0014      0.29    8.6   0.2     1    21    21    43    21    49 0.84 -
NODE_7365_length_16208_cov_43.431995:9972-14379    -            293 53002at7898          -            445   8.6e-79  264.1  19.3   2   3     6e-74   1.2e-71  240.5   8.0    26   169    75   227    69   230 0.96 -
NODE_7365_length_16208_cov_43.431995:9972-14379    -            293 53002at7898          -            445   8.6e-79  264.1  19.3   3   3   5.5e-12   1.1e-09   36.3   1.7    45   120   207   282   204   289 0.95 -
NODE_69571_length_5544_cov_33.513682:1645-4587     -            981 53002at7898          -            445   1.3e-08   32.8  17.0   1   5     0.025       5.1    4.5   3.1   111   237    35   161    26   215 0.73 -
NODE_69571_length_5544_cov_33.513682:1645-4587     -            981 53002at7898          -            445   1.3e-08   32.8  17.0   2   5   0.00071      0.14    9.6   0.9    83   151   254   318   242   394 0.55 -
NODE_69571_length_5544_cov_33.513682:1645-4587     -            981 53002at7898          -            445   1.3e-08   32.8  17.0   3   5   5.9e-05     0.012   13.1   0.0   345   424   460   538   426   555 0.60 -
NODE_69571_length_5544_cov_33.513682:1645-4587     -            981 53002at7898          -            445   1.3e-08   32.8  17.0   4   5   6.3e-05     0.012   13.1   0.6   203   377   531   697   529   701 0.77 -
NODE_69571_length_5544_cov_33.513682:1645-4587     -            981 53002at7898          -            445   1.3e-08   32.8  17.0   5   5      0.17        35    1.7   0.0   204   244   659   698   652   720 0.68 -
NODE_29263_length_9547_cov_43.281541:4709-5542     -            278 53002at7898          -            445     1e-07   29.8   3.3   1   2   0.00045      0.09   10.2   0.3   201   291    31    65     8    99 0.45 -
NODE_29263_length_9547_cov_43.281541:4709-5542     -            278 53002at7898          -            445     1e-07   29.8   3.3   2   2     5e-07    0.0001   20.0   0.3   126   219   105   211   103   240 0.69 -
NODE_35505_length_8636_cov_31.507555:3687-4184     -            166 53002at7898          -            445   6.2e-07   27.2   7.3   1   2   1.8e-06   0.00036   18.1   2.8   260   356     6   103     1   107 0.57 -
NODE_35505_length_8636_cov_31.507555:3687-4184     -            166 53002at7898          -            445   6.2e-07   27.2   7.3   2   2   0.00011     0.022   12.3   0.2   200   261   101   163    99   166 0.80 -
NODE_12434_length_13686_cov_41.918378:9647-10264   -            206 53002at7898          -            445   8.9e-07   26.7   6.6   1   2   1.6e-06   0.00031   18.3   1.8   155   270     9   118     5   125 0.79 -
NODE_12434_length_13686_cov_41.918378:9647-10264   -            206 53002at7898          -            445   8.9e-07   26.7   6.6   2   2   0.00025      0.05   11.1   0.3   367   421   109   162   104   174 0.74 -
NODE_2597_length_21505_cov_44.728627:18079-19932   -            618 53002at7898          -            445   2.3e-05   22.1  18.5   1   5   1.4e-05    0.0028   15.2   0.9   338   401    70   130    45   151 0.76 -
NODE_2597_length_21505_cov_44.728627:18079-19932   -            618 53002at7898          -            445   2.3e-05   22.1  18.5   2   5      0.36        71    0.7   0.5   168   248   144   186   132   246 0.50 -
NODE_2597_length_21505_cov_44.728627:18079-19932   -            618 53002at7898          -            445   2.3e-05   22.1  18.5   3   5       1.6   3.2e+02   -1.5   0.0   354   422   251   322   222   337 0.72 -
NODE_2597_length_21505_cov_44.728627:18079-19932   -            618 53002at7898          -            445   2.3e-05   22.1  18.5   4   5     0.041       8.2    3.8   0.8   238   292   345   396   309   410 0.56 -
NODE_2597_length_21505_cov_44.728627:18079-19932   -            618 53002at7898          -            445   2.3e-05   22.1  18.5   5   5   0.00018     0.036   11.6   0.8    87   197   412   522   384   534 0.75 -
NODE_36243_length_8543_cov_22.646850:2132-2953     -            274 53002at7898          -            445   2.9e-05   21.7   2.2   1   2     0.052        10    3.4   0.0   122   175     5    65     2    79 0.56 -
NODE_36243_length_8543_cov_22.646850:2132-2953     -            274 53002at7898          -            445   2.9e-05   21.7   2.2   2   2   2.1e-05    0.0041   14.6   1.1   167   295    89   209    83   210 0.68 -
NODE_11485_length_14070_cov_116.437621:11425-13731 -            769 53002at7898          -            445   8.3e-05   20.2   8.1   1   4    0.0001      0.02   12.4   0.2   171   380    28   244    12   267 0.67 -
NODE_11485_length_14070_cov_116.437621:11425-13731 -            769 53002at7898          -            445   8.3e-05   20.2   8.1   2   4     0.041       8.3    3.8   0.2   177   218   303   346   301   357 0.83 -
NODE_11485_length_14070_cov_116.437621:11425-13731 -            769 53002at7898          -            445   8.3e-05   20.2   8.1   3   4    0.0045      0.89    6.9   0.2   206   299   363   446   347   485 0.60 -
NODE_11485_length_14070_cov_116.437621:11425-13731 -            769 53002at7898          -            445   8.3e-05   20.2   8.1   4   4      0.29        57    1.0   0.1   170   217   414   468   410   512 0.55 -
NODE_20543_length_11245_cov_114.029786:8636-10216  -            527 53002at7898          -            445   0.00017   19.2   1.2   1   2   0.00036     0.072   10.6   0.1   287   397    87   189    46   217 0.63 -
NODE_20543_length_11245_cov_114.029786:8636-10216  -            527 53002at7898          -            445   0.00017   19.2   1.2   2   2   4.8e-05    0.0096   13.4   1.0   122   373   106   262    81   295 0.34 -
NODE_49120_length_7134_cov_29.715423:3653-4258     -            202 53002at7898          -            445   0.00038   18.1   0.7   1   2    0.0027      0.55    7.6   0.1   363   420    77   133    45   134 0.81 -
NODE_49120_length_7134_cov_29.715423:3653-4258     -            202 53002at7898          -            445   0.00038   18.1   0.7   2   2   3.5e-05     0.007   13.9   0.2   346   431   109   192   105   199 0.83 -
NODE_2888_length_21008_cov_46.372758:6387-7217     -            277 53002at7898          -            445   0.00039   18.0   2.2   1   1   5.4e-06    0.0011   16.6   1.4   203   335    70   193    48   212 0.62 -
NODE_70777_length_5472_cov_40.834543:1221-3503     -            761 53002at7898          -            445   0.00056   17.5  10.3   1   2     0.015         3    5.2   3.8    98   220   444   583   435   589 0.62 -
NODE_70777_length_5472_cov_40.834543:1221-3503     -            761 53002at7898          -            445   0.00056   17.5  10.3   2   2   2.8e-06   0.00056   17.5  10.3    49   237   548   740   544   747 0.75 -
NODE_53491_length_6737_cov_25.155167:29-1282       -            418 53002at7898          -            445   0.00085   16.9   3.7   1   1   5.8e-05     0.012   13.2   0.1   101   185   122   214   114   229 0.79 -
NODE_22719_length_10748_cov_61.839422:7186-8842    -            364 53002at7898          -            445   0.00092   16.8   6.0   1   2   1.8e-05    0.0036   14.8   4.8   288   422    72   205    68   216 0.72 -
NODE_22719_length_10748_cov_61.839422:7186-8842    -            364 53002at7898          -            445   0.00092   16.8   6.0   2   2     0.012       2.4    5.5   0.8   161   218   191   209   172   302 0.67 -
NODE_63187_length_5978_cov_41.282191:1813-2979     -            389 53002at7898          -            445     0.001   16.6   3.7   1   2   5.1e-06     0.001   16.6   3.7   166   285    31   151     4   172 0.72 -
NODE_63187_length_5978_cov_41.282191:1813-2979     -            389 53002at7898          -            445     0.001   16.6   3.7   2   2     0.096        19    2.6   2.3   167   218   147   205   142   268 0.54 -
NODE_5354_length_17792_cov_28.765614:4533-5237     -            235 53002at7898          -            445    0.0012   16.5   2.6   1   3    0.0024      0.47    7.9   0.1   236   271    48    83    33    89 0.91 -
NODE_5354_length_17792_cov_28.765614:4533-5237     -            235 53002at7898          -            445    0.0012   16.5   2.6   2   3     0.011       2.2    5.7   0.1   204   219   137   152   112   159 0.70 -
NODE_5354_length_17792_cov_28.765614:4533-5237     -            235 53002at7898          -            445    0.0012   16.5   2.6   3   3       0.3        59    0.9   0.0   392   419   162   189   153   205 0.70 -
NODE_13825_length_13160_cov_39.476993:2741-5425    -            341 53002at7898          -            445    0.0015   16.1   0.0   1   1   1.2e-05    0.0024   15.4   0.0   151   230   155   243   131   292 0.74 -
NODE_30609_length_9330_cov_35.070198:5037-7505     -            823 53002at7898          -            445    0.0016   16.0   7.4   1   3    0.0011      0.22    8.9   3.1   229   322   607   692   560   694 0.75 -
NODE_30609_length_9330_cov_35.070198:5037-7505     -            823 53002at7898          -            445    0.0016   16.0   7.4   2   3      0.12        24    2.3   0.0   105   138   682   715   671   735 0.81 -
NODE_30609_length_9330_cov_35.070198:5037-7505     -            823 53002at7898          -            445    0.0016   16.0   7.4   3   3    0.0091       1.8    5.9   0.2   205   271   725   784   718   798 0.78 -
NODE_16999_length_12175_cov_27.800679:5531-6754    -            408 53002at7898          -            445    0.0017   15.9   2.8   1   1   0.00011     0.022   12.2   2.8    95   294    62   264    44   275 0.65 -
NODE_13034_length_13458_cov_39.047010:1710-8529    -            388 53002at7898          -            445    0.0019   15.8  13.4   1   3       1.8   3.6e+02   -1.6   0.0   246   292    23    69    20    72 0.86 -
NODE_13034_length_13458_cov_39.047010:1710-8529    -            388 53002at7898          -            445    0.0019   15.8  13.4   2   3       8.6   1.7e+03   -3.9   0.1    59    78   183   202   180   205 0.78 -
NODE_13034_length_13458_cov_39.047010:1710-8529    -            388 53002at7898          -            445    0.0019   15.8  13.4   3   3     1e-05     0.002   15.7   8.7   228   376   232   385   222   387 0.55 -
NODE_45040_length_7535_cov_30.964094:737-1831      -            365 53002at7898          -            445    0.0027   15.2   1.2   1   2      0.51     1e+02    0.2   0.0   387   431    12    56     7    69 0.71 -
NODE_45040_length_7535_cov_30.964094:737-1831      -            365 53002at7898          -            445    0.0027   15.2   1.2   2   2   4.6e-05    0.0092   13.5   0.3   104   185    88   177    76   209 0.75 -
NODE_47828_length_7258_cov_34.161894:5484-6220     -            217 53002at7898          -            445    0.0029   15.2   2.2   1   2   0.00017     0.033   11.7   1.5   227   270     2    44     1    76 0.76 -
NODE_47828_length_7258_cov_34.161894:5484-6220     -            217 53002at7898          -            445    0.0029   15.2   2.2   2   2     0.083        17    2.8   0.1   233   283    64   114    53   128 0.61 -
NODE_149636_length_2333_cov_33.026410:1101-1427    -            109 53002at7898          -            445    0.0058   14.2   0.0   1   2     0.058        12    3.3   0.0   365   420    20    74    11    75 0.80 -
NODE_149636_length_2333_cov_33.026410:1101-1427    -            109 53002at7898          -            445    0.0058   14.2   0.0   2   2   7.3e-05     0.015   12.8   0.0   206   271    44   104    38   107 0.80 -
NODE_10979_length_14284_cov_39.009165:314-2719     -            269 53002at7898          -            445    0.0064   14.0   6.2   1   2    0.0004     0.079   10.4   2.5   201   271    86   150    46   164 0.56 -
NODE_10979_length_14284_cov_39.009165:314-2719     -            269 53002at7898          -            445    0.0064   14.0   6.2   2   2     0.024       4.8    4.5   0.1   205   271   160   219   152   224 0.80 -
NODE_61636_length_6091_cov_28.720127:2228-3451     -            408 53002at7898          -            445      0.01   13.3   1.2   1   1    0.0023      0.47    7.9   0.2   200   270   131   195    48   199 0.69 -
NODE_94071_length_4226_cov_26.956142:1845-2261     -            139 53002at7898          -            445     0.016   12.7   4.2   1   1   9.9e-05      0.02   12.4   3.7   164   245    20   108     4   128 0.78 -
NODE_4365_length_18783_cov_37.856080:16340-17434   -            338 53002at7898          -            445     0.018   12.6   0.8   1   2      0.12        24    2.2   0.1   349   402   147   199    99   219 0.71 -
NODE_4365_length_18783_cov_37.856080:16340-17434   -            338 53002at7898          -            445     0.018   12.6   0.8   2   2   0.00023     0.046   11.2   0.6   164   245   184   271   142   326 0.71 -
NODE_2898_length_20987_cov_42.613702:14862-15584   -            241 53002at7898          -            445     0.027   11.9   4.2   1   2   0.00059      0.12    9.8   1.7   180   271    39   146    28   153 0.72 -
NODE_2898_length_20987_cov_42.613702:14862-15584   -            241 53002at7898          -            445     0.027   11.9   4.2   2   2     0.011       2.1    5.7   0.4   164   239   131   211   107   235 0.55 -
NODE_35237_length_8671_cov_20.707886:3021-3897     -            252 53002at7898          -            445     0.042   11.3   0.0   1   1   0.00041     0.081   10.4   0.0   158   256    34   140    22   146 0.73 -
NODE_16084_length_12443_cov_40.389663:1719-3116    -            466 53002at7898          -            445     0.052   11.0   0.7   1   1    0.0032      0.63    7.4   0.7   201   271   144   209   101   212 0.60 -
NODE_214449_length_1035_cov_95.955128:116-802      -            229 53002at7898          -            445     0.073   10.5   3.6   1   2      0.37        74    0.6   0.1   255   271    15    31     3    74 0.71 -
NODE_214449_length_1035_cov_95.955128:116-802      -            229 53002at7898          -            445     0.073   10.5   3.6   2   2    0.0035      0.69    7.3   0.1   149   184   190   228   187   229 0.73 -
NODE_8001_length_15836_cov_76.978649:8731-9399     -            223 53002at7898          -            445     0.076   10.5   3.9   1   2   0.00074      0.15    9.5   0.2   343   406    22    85    15   108 0.63 -
NODE_8001_length_15836_cov_76.978649:8731-9399     -            223 53002at7898          -            445     0.076   10.5   3.9   2   2      0.15        30    1.9   0.3   139   217   178   223   120   223 0.49 -
#
# Program:         hmmsearch
# Version:         3.1b2 (February 2015)
# Pipeline mode:   SEARCH
# Query file:      /home/e1garcia/shotgun_PIRE/abyss/busco_downloads/lineages/actinopterygii_odb10/hmms/53002at7898.hmm
# Target file:     /home/e1garcia/shotgun_PIRE/pire_ssl_data_processing/plotosus_lineatus/busco_contigs_results-SPAdes_contam_R1R2_noIsolate/run_actinopterygii_odb10/metaeuk_output/initial_results/contigs.modified.fasta.modified.fas
# Option settings: hmmsearch --domtblout /home/e1garcia/shotgun_PIRE/pire_ssl_data_processing/plotosus_lineatus/busco_contigs_results-SPAdes_contam_R1R2_noIsolate/run_actinopterygii_odb10/hmmer_output/initial_run_results/53002at7898.out --cpu 1 /home/e1garcia/shotgun_PIRE/abyss/busco_downloads/lineages/actinopterygii_odb10/hmms/53002at7898.hmm /home/e1garcia/shotgun_PIRE/pire_ssl_data_processing/plotosus_lineatus/busco_contigs_results-SPAdes_contam_R1R2_noIsolate/run_actinopterygii_odb10/metaeuk_output/initial_results/contigs.modified.fasta.modified.fas 
# Current dir:     /home/e1garcia/shotgun_PIRE/pire_ssl_data_processing/plotosus_lineatus
# Date:            Fri Aug 20 13:24:57 2021
# [ok]
