#                                                                                                         --- full sequence --- -------------- this domain -------------   hmm coord   ali coord   env coord
# target name                                     accession   tlen query name           accession   qlen   E-value  score  bias   #  of  c-Evalue  i-Evalue  score  bias  from    to  from    to  from    to  acc description of target
#                             ------------------- ---------- ----- -------------------- ---------- ----- --------- ------ ----- --- --- --------- --------- ------ ----- ----- ----- ----- ----- ----- ----- ---- ---------------------
NODE_650_length_28861_cov_35.210382:18744-19583   -            280 67485at7898          -            288  9.7e-128  424.2  17.5   1   1  1.3e-129  1.2e-127  424.0  17.5     1   235    26   280    26   280 0.93 -
NODE_24683_length_10350_cov_38.052190:3964-6841   -            301 67485at7898          -            288   2.5e-70  235.8  16.2   1   1   3.2e-72   2.9e-70  235.6  16.2     1   281     2   296     2   301 0.85 -
NODE_36200_length_8547_cov_118.512192:3459-4256   -            266 67485at7898          -            288   1.2e-56  190.9  16.7   1   1   1.6e-58   1.4e-56  190.7  16.7     1   235    17   266    17   266 0.85 -
NODE_6061_length_17180_cov_106.874656:15050-15835 -            262 67485at7898          -            288     7e-50  168.7  15.5   1   1     9e-52     8e-50  168.5  15.5     2   235    17   261    16   262 0.85 -
NODE_42159_length_7839_cov_38.362274:6123-6920    -            251 67485at7898          -            288   1.3e-44  151.4  23.5   1   2     9e-42     8e-40  135.7  14.9     2   185    18   221    17   226 0.84 -
NODE_42159_length_7839_cov_38.362274:6123-6920    -            251 67485at7898          -            288   1.3e-44  151.4  23.5   2   2   4.5e-07     4e-05   21.8   1.4   209   235   225   251   221   251 0.93 -
NODE_9245_length_15129_cov_42.056221:13982-14932  -            317 67485at7898          -            288   2.5e-29  101.3  13.7   1   1   3.5e-31   3.1e-29  100.9  13.7     2   184    80   282    79   311 0.80 -
NODE_64394_length_5893_cov_36.039006:2832-4009    -            334 67485at7898          -            288   5.2e-29  100.2  21.5   1   1   9.5e-31   8.4e-29   99.5  21.5     1   279    25   319    25   325 0.77 -
NODE_75453_length_5182_cov_31.270903:329-4740     -            333 67485at7898          -            288   8.1e-27   93.0  28.5   1   1   1.1e-27   9.4e-26   89.5  28.5     1   270    41   329    41   333 0.78 -
NODE_60265_length_6189_cov_30.064860:497-1267     -            257 67485at7898          -            288   1.3e-26   92.4   5.3   1   1     2e-28   1.7e-26   91.9   5.3     6   191    20   228    16   238 0.81 -
NODE_79728_length_4941_cov_35.437629:182-928      -            249 67485at7898          -            288   4.1e-25   87.4  12.2   1   2     0.065       5.7    4.9   0.3     8    49     4    46     1    58 0.77 -
NODE_79728_length_4941_cov_35.437629:182-928      -            249 67485at7898          -            288   4.1e-25   87.4  12.2   2   2     1e-26   9.2e-25   86.3   6.5    66   233    77   247    74   249 0.83 -
NODE_54425_length_6658_cov_38.132642:2264-3115    -            284 67485at7898          -            288   2.6e-15   55.2  13.2   1   1   3.7e-17   3.3e-15   54.9  13.2     5   239    11   244     5   280 0.72 -
NODE_92442_length_4302_cov_29.999524:576-1553     -            326 67485at7898          -            288   1.9e-09   36.0   1.6   1   1   3.1e-11   2.8e-09   35.5   1.6    24   196    31   209    12   236 0.74 -
NODE_10754_length_14380_cov_37.748477:446-1246    -            267 67485at7898          -            288   2.3e-08   32.5  24.9   1   1   3.3e-10     3e-08   32.1  24.9     4   264    10   266     7   267 0.62 -
NODE_28511_length_9665_cov_26.089484:4307-7828    -            317 67485at7898          -            288   4.7e-08   31.4  17.2   1   2   2.2e-09     2e-07   29.4  16.4     2   249    37   280    36   302 0.74 -
NODE_28511_length_9665_cov_26.089484:4307-7828    -            317 67485at7898          -            288   4.7e-08   31.4  17.2   2   2       0.7        62    1.5   0.2    53    86   275   309   273   315 0.74 -
NODE_2477_length_21767_cov_42.404467:6353-6904    -            184 67485at7898          -            288   5.9e-08   31.1   7.1   1   1   8.7e-10   7.7e-08   30.7   7.1     5   126    20   146    16   152 0.78 -
NODE_259944_length_555_cov_75.627193:21-554       -            178 67485at7898          -            288   7.9e-08   30.7   1.8   1   1     9e-10   7.9e-08   30.7   1.8    10   131     2   129     1   138 0.76 -
NODE_61753_length_6082_cov_25.256226:3952-4764    -            271 67485at7898          -            288   1.7e-07   29.6  23.9   1   1   2.2e-09   1.9e-07   29.4  23.9     6   267     3   265     1   271 0.72 -
NODE_61753_length_6082_cov_25.256226:2371-3231    -            287 67485at7898          -            288   3.3e-07   28.6  29.1   1   1   4.4e-09   3.9e-07   28.4  29.1     6   276    11   281     6   287 0.73 -
NODE_22195_length_10867_cov_30.097047:3023-4309   -            429 67485at7898          -            288   5.1e-07   28.0   7.8   1   2   5.7e-09   5.1e-07   28.0   7.8     8   163    37   200    27   214 0.74 -
NODE_22195_length_10867_cov_30.097047:3023-4309   -            429 67485at7898          -            288   5.1e-07   28.0   7.8   2   2       2.3   2.1e+02   -0.2   0.4   110   128   312   330   274   351 0.64 -
NODE_104656_length_3780_cov_31.475958:2092-2919   -            276 67485at7898          -            288   5.9e-07   27.8  17.8   1   1   1.9e-07   1.7e-05   23.1  17.8     6   280     1   271     1   275 0.73 -
NODE_20869_length_11161_cov_33.687398:2098-3036   -            313 67485at7898          -            288   6.5e-07   27.7  17.2   1   1   1.1e-08   9.5e-07   27.2  17.2     4   244    29   274    25   308 0.72 -
NODE_39400_length_8150_cov_28.624146:3601-4332    -            244 67485at7898          -            288   6.7e-07   27.6   6.4   1   2   7.6e-09   6.7e-07   27.6   6.4    35   128     6   104     3   118 0.82 -
NODE_39400_length_8150_cov_28.624146:3601-4332    -            244 67485at7898          -            288   6.7e-07   27.6   6.4   2   2       6.4   5.7e+02   -1.6   2.4    59   117   163   193   119   226 0.49 -
NODE_32655_length_9031_cov_43.043439:4933-7166    -            309 67485at7898          -            288   6.9e-07   27.6   5.1   1   2   7.7e-09   6.9e-07   27.6   5.1    10   171     2   166     1   182 0.76 -
NODE_32655_length_9031_cov_43.043439:4933-7166    -            309 67485at7898          -            288   6.9e-07   27.6   5.1   2   2       1.3   1.1e+02    0.6   0.4    59   128   220   291   195   307 0.66 -
NODE_2955_length_20877_cov_41.690057:4608-5501    -            298 67485at7898          -            288   8.6e-07   27.3  13.2   1   1   9.7e-09   8.6e-07   27.3  13.2     4   190    17   210    14   221 0.72 -
NODE_12264_length_13748_cov_29.256283:11351-12394 -            348 67485at7898          -            288     1e-06   27.0   4.2   1   2   1.2e-08     1e-06   27.0   4.2     6   168    16   182    11   223 0.74 -
NODE_12264_length_13748_cov_29.256283:11351-12394 -            348 67485at7898          -            288     1e-06   27.0   4.2   2   2       6.8   6.1e+02   -1.7   0.5   112   138   276   302   268   333 0.73 -
NODE_66753_length_5728_cov_58.108723:2129-5135    -            302 67485at7898          -            288   1.1e-06   27.0   6.8   1   3   1.2e-08   1.1e-06   27.0   6.8     3   124     7   129     5   141 0.80 -
NODE_66753_length_5728_cov_58.108723:2129-5135    -            302 67485at7898          -            288   1.1e-06   27.0   6.8   2   3      0.32        28    2.6   0.3   109   128   214   233   162   243 0.82 -
NODE_66753_length_5728_cov_58.108723:2129-5135    -            302 67485at7898          -            288   1.1e-06   27.0   6.8   3   3       1.2   1.1e+02    0.7   0.2    63    88   253   278   245   289 0.77 -
NODE_90788_length_4379_cov_41.499299:604-1335     -            244 67485at7898          -            288   1.1e-06   26.9   5.9   1   2   1.2e-08   1.1e-06   26.9   5.9    35   125     6   101     3   107 0.84 -
NODE_90788_length_4379_cov_41.499299:604-1335     -            244 67485at7898          -            288   1.1e-06   26.9   5.9   2   2       3.7   3.3e+02   -0.9   2.7    56   117   122   193   102   214 0.59 -
NODE_140002_length_2589_cov_23.243373:367-1392    -            342 67485at7898          -            288   1.3e-06   26.7   7.4   1   2   1.5e-08   1.3e-06   26.7   7.4    34   169    34   173     2   204 0.71 -
NODE_140002_length_2589_cov_23.243373:367-1392    -            342 67485at7898          -            288   1.3e-06   26.7   7.4   2   2       1.5   1.4e+02    0.4   0.7   221   273   273   332   260   341 0.63 -
NODE_11168_length_14198_cov_27.998652:2099-2890   -            264 67485at7898          -            288   1.8e-06   26.3   6.6   1   1   2.9e-08   2.5e-06   25.8   6.6     3   175    11   186     9   217 0.74 -
NODE_140063_length_2587_cov_34.155145:818-1690    -            291 67485at7898          -            288   1.8e-06   26.2   7.4   1   2     2e-08   1.8e-06   26.2   7.4     4   123    49   175    46   190 0.78 -
NODE_140063_length_2587_cov_34.155145:818-1690    -            291 67485at7898          -            288   1.8e-06   26.2   7.4   2   2       8.4   7.4e+02   -2.0   0.1   105   226   260   276   250   288 0.56 -
NODE_126806_length_2988_cov_401.227068:1607-2152  -            182 67485at7898          -            288   1.9e-06   26.2   8.0   1   1   2.4e-08   2.1e-06   26.0   8.0     4   100     2   100     1   178 0.77 -
NODE_149801_length_2329_cov_32.407175:439-1278    -            280 67485at7898          -            288     2e-06   26.1   7.0   1   2   2.3e-08     2e-06   26.1   7.0     7   119    22   138    18   158 0.77 -
NODE_149801_length_2329_cov_32.407175:439-1278    -            280 67485at7898          -            288     2e-06   26.1   7.0   2   2      0.24        21    3.0   2.8   114   168   171   223   151   245 0.81 -
NODE_77040_length_5096_cov_28.886532:932-1894     -            321 67485at7898          -            288   2.3e-06   25.9  18.5   1   1   2.6e-08   2.3e-06   25.9  18.5     6   171    14   190     6   203 0.66 -
NODE_163885_length_1986_cov_24.910970:363-1409    -            349 67485at7898          -            288   2.3e-06   25.9   5.0   1   2   2.6e-08   2.3e-06   25.9   5.0     5   122    12   129     8   143 0.77 -
NODE_163885_length_1986_cov_24.910970:363-1409    -            349 67485at7898          -            288   2.3e-06   25.9   5.0   2   2      0.39        34    2.3   0.4   183   236   223   274   176   283 0.69 -
NODE_23291_length_10627_cov_34.894947:803-4910    -            252 67485at7898          -            288   7.1e-06   24.3   4.7   1   2     8e-08   7.1e-06   24.3   4.7     4   117     6   124     4   146 0.77 -
NODE_23291_length_10627_cov_34.894947:803-4910    -            252 67485at7898          -            288   7.1e-06   24.3   4.7   2   2       1.5   1.4e+02    0.4   0.1   217   247   173   203   162   245 0.71 -
NODE_13981_length_13106_cov_35.481126:6216-11132  -            482 67485at7898          -            288   8.7e-06   24.0  11.5   1   1   1.7e-07   1.5e-05   23.2  11.5    37   186    59   215    25   237 0.74 -
NODE_102636_length_3862_cov_27.430508:2013-3026   -            338 67485at7898          -            288   9.3e-06   23.9   4.2   1   2   1.1e-07   9.3e-06   23.9   4.2    34   168    33   171     3   197 0.75 -
NODE_102636_length_3862_cov_27.430508:2013-3026   -            338 67485at7898          -            288   9.3e-06   23.9   4.2   2   2       2.9   2.6e+02   -0.5   0.2   225   268   272   322   247   338 0.52 -
NODE_25851_length_10143_cov_25.413182:2208-3059   -            284 67485at7898          -            288   1.1e-05   23.7  17.0   1   1   2.2e-07     2e-05   22.8  17.0     5   240     6   243     2   279 0.64 -
NODE_20590_length_11232_cov_26.654541:6528-7496   -            323 67485at7898          -            288   1.1e-05   23.7  16.6   1   1   8.7e-07   7.7e-05   20.9  16.6     4   236    12   265     9   304 0.64 -
NODE_46045_length_7434_cov_29.421813:5405-6334    -            310 67485at7898          -            288   1.1e-05   23.7  17.6   1   2   2.1e-07   1.9e-05   22.9   7.7     7   121    15   130     7   144 0.70 -
NODE_46045_length_7434_cov_29.421813:5405-6334    -            310 67485at7898          -            288   1.1e-05   23.7  17.6   2   2     0.019       1.7    6.6   2.2   152   265   177   295   154   310 0.58 -
NODE_166661_length_1922_cov_28.749314:761-1348    -            196 67485at7898          -            288   1.2e-05   23.5   8.0   1   1   1.7e-07   1.5e-05   23.3   8.0     4   123    15   139    13   192 0.74 -
NODE_29250_length_9549_cov_40.769101:2549-3442    -            298 67485at7898          -            288   1.4e-05   23.3  13.1   1   1     2e-07   1.8e-05   23.0  13.1     7   209    17   219    11   274 0.75 -
NODE_185839_length_1523_cov_23.900983:234-1094    -            287 67485at7898          -            288   2.3e-05   22.6  17.6   1   1   7.6e-07   6.8e-05   21.1  17.5     1   239    13   238    13   260 0.69 -
NODE_24687_length_10350_cov_27.626866:2709-3536   -            276 67485at7898          -            288   3.5e-05   22.0  28.1   1   1   4.7e-07   4.2e-05   21.8  28.1     5   275     3   270     1   276 0.66 -
NODE_80824_length_4880_cov_36.396988:1998-3011    -            338 67485at7898          -            288   3.5e-05   22.0  17.4   1   2     4e-07   3.5e-05   22.0  17.4     8   170     5   172     1   193 0.75 -
NODE_80824_length_4880_cov_36.396988:1998-3011    -            338 67485at7898          -            288   3.5e-05   22.0  17.4   2   2         4   3.6e+02   -1.0   0.2   222   243   260   281   240   324 0.54 -
NODE_22995_length_10689_cov_22.305760:3825-4949   -            375 67485at7898          -            288   4.2e-05   21.7   4.9   1   2   4.8e-07   4.2e-05   21.7   4.9     6   115    16   125     5   211 0.82 -
NODE_22995_length_10689_cov_22.305760:3825-4949   -            375 67485at7898          -            288   4.2e-05   21.7   4.9   2   2       4.2   3.7e+02   -1.0   0.3   113   147   308   342   298   364 0.63 -
NODE_14975_length_12778_cov_28.993454:5061-5930   -            290 67485at7898          -            288   4.7e-05   21.6  12.3   1   1   6.4e-07   5.6e-05   21.3  11.6     3   139     4   138     2   224 0.64 -
NODE_69061_length_5579_cov_27.594343:3750-4628    -            293 67485at7898          -            288   7.1e-05   21.0   8.5   1   1   1.1e-06   9.4e-05   20.6   8.5     3   135    69   205    67   255 0.78 -
NODE_20139_length_11344_cov_23.378213:8613-9587   -            325 67485at7898          -            288   7.8e-05   20.9   5.7   1   2   8.8e-07   7.8e-05   20.9   5.7    34   168    32   169     3   191 0.72 -
NODE_20139_length_11344_cov_23.378213:8613-9587   -            325 67485at7898          -            288   7.8e-05   20.9   5.7   2   2      0.89        79    1.2   0.3   115   146   257   288   234   324 0.59 -
NODE_11242_length_14167_cov_29.302104:4640-5194   -            185 67485at7898          -            288   0.00011   20.3  11.9   1   1   1.5e-06   0.00014   20.1  11.9     3   142     3   147     1   184 0.64 -
NODE_39400_length_8150_cov_28.624146:130-861      -            244 67485at7898          -            288   0.00017   19.7  16.1   1   1   6.7e-06    0.0006   18.0  15.9    37   134     8   110     4   206 0.84 -
NODE_5257_length_17901_cov_37.627738:4597-5547    -            317 67485at7898          -            288   0.00019   19.6  14.1   1   1   6.2e-06   0.00055   18.1  14.0     3   252    20   290    15   316 0.56 -
NODE_138381_length_2637_cov_27.105595:121-1566    -            482 67485at7898          -            288   0.00019   19.6  14.9   1   2   9.1e-06   0.00081   17.5   7.2     2   134    22   157    21   199 0.74 -
NODE_138381_length_2637_cov_27.105595:121-1566    -            482 67485at7898          -            288   0.00019   19.6  14.9   2   2     0.015       1.4    6.9   0.9   212   278   407   481   395   482 0.76 -
NODE_3643_length_19815_cov_25.972611:1371-2210    -            280 67485at7898          -            288   0.00019   19.6  19.8   1   1   0.00042     0.037   12.1  19.8     3   266    15   274    13   280 0.66 -
NODE_100649_length_3942_cov_31.544106:1534-2457   -            308 67485at7898          -            288    0.0004   18.5  15.3   1   1   0.00014     0.013   13.6  15.3     2   274     3   279     2   291 0.66 -
NODE_141952_length_2536_cov_25.734920:813-1532    -            240 67485at7898          -            288   0.00056   18.1  12.1   1   1   7.6e-06   0.00067   17.8  12.1     7   194     4   195     1   238 0.69 -
NODE_2973_length_20845_cov_36.224284:14998-15843  -            282 67485at7898          -            288   0.00062   17.9  14.0   1   1   7.5e-06   0.00067   17.8  14.0     6   131     5   127     1   281 0.76 -
NODE_189900_length_1445_cov_33.150074:848-1399    -            184 67485at7898          -            288   0.00076   17.6   5.0   1   2   8.5e-06   0.00076   17.6   5.0    40   126     4    95     1   116 0.81 -
NODE_189900_length_1445_cov_33.150074:848-1399    -            184 67485at7898          -            288   0.00076   17.6   5.0   2   2       3.4     3e+02   -0.7   0.1    34    53   147   166   139   177 0.84 -
NODE_45374_length_7501_cov_26.654688:4461-5456    -            332 67485at7898          -            288    0.0019   16.3  17.1   1   1   8.1e-05    0.0072   14.4  17.1     3   248    32   280    30   325 0.67 -
NODE_7180_length_16327_cov_32.923897:1492-2925    -            478 67485at7898          -            288    0.0027   15.8  11.0   1   2    0.0017      0.15   10.1   5.1     3   118    30   145    28   211 0.70 -
NODE_7180_length_16327_cov_32.923897:1492-2925    -            478 67485at7898          -            288    0.0027   15.8  11.0   2   2    0.0029      0.25    9.4   0.3   198   285   389   476   374   478 0.68 -
NODE_84772_length_4676_cov_34.072318:2071-3198    -            376 67485at7898          -            288    0.0031   15.6  13.0   1   2    0.0013      0.11   10.5  14.5    33   143    63   180    35   319 0.74 -
NODE_84772_length_4676_cov_34.072318:2071-3198    -            376 67485at7898          -            288    0.0031   15.6  13.0   2   2       0.9        80    1.1   0.0    35   104   278   349   268   369 0.53 -
NODE_6961_length_16466_cov_26.829902:2471-12285   -            289 67485at7898          -            288     0.005   14.9   7.3   1   2   4.3e-05    0.0038   15.3   5.7     6   163    21   177    17   209 0.74 -
NODE_6961_length_16466_cov_26.829902:2471-12285   -            289 67485at7898          -            288     0.005   14.9   7.3   2   2       9.1     8e+02   -2.1   0.0   228   259   216   247   207   252 0.81 -
NODE_2973_length_20845_cov_36.224284:4216-5106    -            297 67485at7898          -            288    0.0059   14.7  16.5   1   1   0.00011    0.0094   14.0  16.5     6   133    13   149     8   295 0.68 -
NODE_13881_length_13141_cov_37.549226:12144-12869 -            242 67485at7898          -            288    0.0064   14.6  16.8   1   2   6.8e-05     0.006   14.7  14.6    35   139     6   116     3   191 0.79 -
NODE_13881_length_13141_cov_37.549226:12144-12869 -            242 67485at7898          -            288    0.0064   14.6  16.8   2   2         7   6.2e+02   -1.8   0.1   225   265   192   234   180   240 0.62 -
NODE_13881_length_13141_cov_37.549226:3563-4291   -            243 67485at7898          -            288     0.011   13.9  19.8   1   1    0.0016      0.14   10.2  19.8    35   141     5   117     2   243 0.66 -
NODE_9242_length_15131_cov_32.591405:6686-7471    -            262 67485at7898          -            288     0.022   12.8  11.6   1   2   0.00029     0.026   12.6   9.8    67   160     1   102     1   126 0.71 -
NODE_9242_length_15131_cov_32.591405:6686-7471    -            262 67485at7898          -            288     0.022   12.8  11.6   2   2       3.7   3.3e+02   -0.9   0.0   219   233   186   200   153   258 0.71 -
NODE_24712_length_10345_cov_26.194125:7611-8336   -            242 67485at7898          -            288     0.026   12.6  19.8   1   1     0.012         1    7.3  19.9    35   248     2   208     1   231 0.76 -
NODE_26959_length_9938_cov_36.713081:2360-4423    -            314 67485at7898          -            288     0.028   12.5  14.2   1   1   0.00073     0.065   11.3  14.2     7   283    17   307    11   311 0.66 -
NODE_20306_length_11303_cov_31.609693:6055-7032   -            326 67485at7898          -            288      0.04   12.0  18.6   1   1    0.0022       0.2    9.7  18.6     3   248     9   273     7   313 0.57 -
NODE_27165_length_9899_cov_31.518265:8019-8750    -            244 67485at7898          -            288     0.041   11.9  19.7   1   1     0.011         1    7.4  19.7    34   122     5    98     2   244 0.82 -
NODE_39615_length_8128_cov_28.948935:1396-2379    -            328 67485at7898          -            288     0.041   11.9  16.1   1   1   0.00076     0.068   11.2  16.1     3   256    11   273     9   301 0.67 -
NODE_138890_length_2622_cov_28.402695:1428-2159   -            244 67485at7898          -            288      0.32    9.0  19.4   1   1     0.014       1.3    7.1  19.5    35   141     6   118     3   235 0.76 -
#
# Program:         hmmsearch
# Version:         3.1b2 (February 2015)
# Pipeline mode:   SEARCH
# Query file:      /home/e1garcia/shotgun_PIRE/abyss/busco_downloads/lineages/actinopterygii_odb10/hmms/67485at7898.hmm
# Target file:     /home/e1garcia/shotgun_PIRE/pire_ssl_data_processing/plotosus_lineatus/busco_contigs_results-SPAdes_contam_R1R2_noIsolate/run_actinopterygii_odb10/metaeuk_output/initial_results/contigs.modified.fasta.modified.fas
# Option settings: hmmsearch --domtblout /home/e1garcia/shotgun_PIRE/pire_ssl_data_processing/plotosus_lineatus/busco_contigs_results-SPAdes_contam_R1R2_noIsolate/run_actinopterygii_odb10/hmmer_output/initial_run_results/67485at7898.out --cpu 1 /home/e1garcia/shotgun_PIRE/abyss/busco_downloads/lineages/actinopterygii_odb10/hmms/67485at7898.hmm /home/e1garcia/shotgun_PIRE/pire_ssl_data_processing/plotosus_lineatus/busco_contigs_results-SPAdes_contam_R1R2_noIsolate/run_actinopterygii_odb10/metaeuk_output/initial_results/contigs.modified.fasta.modified.fas 
# Current dir:     /home/e1garcia/shotgun_PIRE/pire_ssl_data_processing/plotosus_lineatus
# Date:            Fri Aug 20 13:32:01 2021
# [ok]
