#                                                                                                        --- full sequence --- -------------- this domain -------------   hmm coord   ali coord   env coord
# target name                                    accession   tlen query name           accession   qlen   E-value  score  bias   #  of  c-Evalue  i-Evalue  score  bias  from    to  from    to  from    to  acc description of target
#                            ------------------- ---------- ----- -------------------- ---------- ----- --------- ------ ----- --- --- --------- --------- ------ ----- ----- ----- ----- ----- ----- ----- ---- ---------------------
NODE_47730_length_7267_cov_39.386858:3933-6888   -            558 68691at7898          -            353   1.7e-20   71.8   0.7   1   3   2.4e-08   3.8e-06   24.5   0.1   219   340   300   421   249   426 0.88 -
NODE_47730_length_7267_cov_39.386858:3933-6888   -            558 68691at7898          -            353   1.7e-20   71.8   0.7   2   3   1.3e-08   2.1e-06   25.4   0.0   219   260   426   467   421   470 0.90 -
NODE_47730_length_7267_cov_39.386858:3933-6888   -            558 68691at7898          -            353   1.7e-20   71.8   0.7   3   3   2.1e-07   3.4e-05   21.4   0.1   157   245   463   549   463   556 0.73 -
NODE_10542_length_14472_cov_27.836012:4571-14392 -            444 68691at7898          -            353   1.8e-15   55.2   7.9   1   3       3.7     6e+02   -2.4   0.0    42    66    20    43     9    50 0.50 -
NODE_10542_length_14472_cov_27.836012:4571-14392 -            444 68691at7898          -            353   1.8e-15   55.2   7.9   2   3   4.4e-11     7e-09   33.5   0.7    46   202    67   227    61   308 0.78 -
NODE_10542_length_14472_cov_27.836012:4571-14392 -            444 68691at7898          -            353   1.8e-15   55.2   7.9   3   3   2.1e-08   3.3e-06   24.7   0.4   244   344   335   438   327   441 0.81 -
NODE_39074_length_8189_cov_41.447342:2022-7397   -            297 68691at7898          -            353   7.5e-14   49.9   3.2   1   4    0.0011      0.17    9.2   0.1    56   120    28    89    24    96 0.70 -
NODE_39074_length_8189_cov_41.447342:2022-7397   -            297 68691at7898          -            353   7.5e-14   49.9   3.2   2   4   5.2e-09   8.4e-07   26.7   0.2   163   258    97   195    92   216 0.83 -
NODE_39074_length_8189_cov_41.447342:2022-7397   -            297 68691at7898          -            353   7.5e-14   49.9   3.2   3   4       1.2   1.9e+02   -0.8   0.0   166   200   207   241   195   247 0.57 -
NODE_39074_length_8189_cov_41.447342:2022-7397   -            297 68691at7898          -            353   7.5e-14   49.9   3.2   4   4   0.00016     0.026   11.9   0.0   163   200   256   293   252   296 0.93 -
NODE_2512_length_21672_cov_37.948361:4456-5247   -            264 68691at7898          -            353     2e-13   48.5   3.8   1   6   0.00011     0.018   12.5   0.0   298   339    14    55     9    59 0.82 -
NODE_2512_length_21672_cov_37.948361:4456-5247   -            264 68691at7898          -            353     2e-13   48.5   3.8   2   6    0.0012      0.19    9.1   0.0   186   211    42    69    40    77 0.79 -
NODE_2512_length_21672_cov_37.948361:4456-5247   -            264 68691at7898          -            353     2e-13   48.5   3.8   3   6     0.021       3.4    5.0   0.0   103   122    80   100    68   105 0.72 -
NODE_2512_length_21672_cov_37.948361:4456-5247   -            264 68691at7898          -            353     2e-13   48.5   3.8   4   6   1.2e-07   1.9e-05   22.2   0.1   151   219    92   159    85   168 0.82 -
NODE_2512_length_21672_cov_37.948361:4456-5247   -            264 68691at7898          -            353     2e-13   48.5   3.8   5   6    0.0055      0.87    6.9   0.1   153   203   178   227   168   238 0.82 -
NODE_2512_length_21672_cov_37.948361:4456-5247   -            264 68691at7898          -            353     2e-13   48.5   3.8   6   6      0.78   1.2e+02   -0.2   0.0   306   339   231   264   227   264 0.57 -
NODE_10693_length_14405_cov_36.855725:3703-11031 -            260 68691at7898          -            353   5.3e-13   47.1   0.5   1   2      0.11        17    2.7   0.0   236   261    95   120    84   135 0.63 -
NODE_10693_length_14405_cov_36.855725:3703-11031 -            260 68691at7898          -            353   5.3e-13   47.1   0.5   2   2   7.5e-14   1.2e-11   42.6   0.2    96   207   142   256   131   259 0.83 -
NODE_46031_length_7435_cov_42.310115:2240-6761   -            295 68691at7898          -            353   4.9e-12   43.9   5.4   1   4   4.2e-05    0.0066   13.9   0.1   149   200    21    71     2    76 0.86 -
NODE_46031_length_7435_cov_42.310115:2240-6761   -            295 68691at7898          -            353   4.9e-12   43.9   5.4   2   4     0.072        12    3.2   0.0   166   201    81   120    73   126 0.71 -
NODE_46031_length_7435_cov_42.310115:2240-6761   -            295 68691at7898          -            353   4.9e-12   43.9   5.4   3   4   1.9e-05     0.003   15.0   0.5    55   127   102   167    97   187 0.61 -
NODE_46031_length_7435_cov_42.310115:2240-6761   -            295 68691at7898          -            353   4.9e-12   43.9   5.4   4   4   2.1e-05    0.0034   14.8   0.0    90   125   257   291   229   294 0.77 -
NODE_126257_length_3006_cov_44.421741:970-2430   -            487 68691at7898          -            353   5.7e-11   40.4   1.5   1   2   0.00073      0.12    9.8   0.1   168   202   245   279   225   284 0.89 -
NODE_126257_length_3006_cov_44.421741:970-2430   -            487 68691at7898          -            353   5.7e-11   40.4   1.5   2   2   6.9e-10   1.1e-07   29.6   0.1    84   201   286   407   279   418 0.78 -
NODE_13968_length_13110_cov_36.445008:5141-12494 -            296 68691at7898          -            353   6.3e-11   40.3   5.6   1   3     4e-05    0.0063   13.9   0.0   225   260     5    40     2    46 0.72 -
NODE_13968_length_13110_cov_36.445008:5141-12494 -            296 68691at7898          -            353   6.3e-11   40.3   5.6   2   3     3e-07   4.8e-05   20.9   0.9    45   261    54   256    47   260 0.72 -
NODE_13968_length_13110_cov_36.445008:5141-12494 -            296 68691at7898          -            353   6.3e-11   40.3   5.6   3   3      0.03       4.8    4.5   0.1   167   196   262   291   253   296 0.76 -
NODE_12925_length_13501_cov_43.049918:2529-11436 -            661 68691at7898          -            353   2.5e-10   38.3   1.9   1   5       4.4   6.9e+02   -2.6   0.0   218   252   104   139    97   154 0.82 -
NODE_12925_length_13501_cov_43.049918:2529-11436 -            661 68691at7898          -            353   2.5e-10   38.3   1.9   2   5       2.1   3.3e+02   -1.6   0.1   286   320   198   232   144   260 0.62 -
NODE_12925_length_13501_cov_43.049918:2529-11436 -            661 68691at7898          -            353   2.5e-10   38.3   1.9   3   5     2e-09   3.2e-07   28.1   0.0   219   341   263   384   256   394 0.90 -
NODE_12925_length_13501_cov_43.049918:2529-11436 -            661 68691at7898          -            353   2.5e-10   38.3   1.9   4   5      0.78   1.2e+02   -0.2   0.0    34    74   426   468   406   485 0.57 -
NODE_12925_length_13501_cov_43.049918:2529-11436 -            661 68691at7898          -            353   2.5e-10   38.3   1.9   5   5     0.014       2.3    5.5   0.0   310   340   628   659   624   661 0.83 -
NODE_2246_length_22270_cov_32.114384:597-7582    -            322 68691at7898          -            353   3.8e-10   37.7   0.4   1   2   6.8e-09   1.1e-06   26.3   0.2    53   179    35   161    12   178 0.71 -
NODE_2246_length_22270_cov_32.114384:597-7582    -            322 68691at7898          -            353   3.8e-10   37.7   0.4   2   2    0.0024      0.38    8.1   0.0    41   125   191   270   180   282 0.63 -
NODE_18068_length_11878_cov_43.443246:191-4655   -            767 68691at7898          -            353   7.9e-10   36.7   0.3   1   3      0.73   1.2e+02   -0.1   0.0   176   203    73   100    68   107 0.89 -
NODE_18068_length_11878_cov_43.443246:191-4655   -            767 68691at7898          -            353   7.9e-10   36.7   0.3   2   3   1.3e-07   2.1e-05   22.1   0.0    64   202    89   229    77   234 0.78 -
NODE_18068_length_11878_cov_43.443246:191-4655   -            767 68691at7898          -            353   7.9e-10   36.7   0.3   3   3    0.0002     0.031   11.7   0.1   172   221   243   294   230   315 0.80 -
NODE_245471_length_660_cov_0.909091:10-354       -            115 68691at7898          -            353   2.4e-09   35.1   0.5   1   2   0.00022     0.035   11.5   0.1   229   263     3    37     1    39 0.90 -
NODE_245471_length_660_cov_0.909091:10-354       -            115 68691at7898          -            353   2.4e-09   35.1   0.5   2   2   7.8e-08   1.3e-05   22.8   0.1   160   255    33   113    30   115 0.77 -
NODE_39954_length_8088_cov_34.136312:657-7527    -            282 68691at7898          -            353   1.1e-07   29.6   0.6   1   4     0.049       7.8    3.8   0.0   182   203    22    43     4    51 0.83 -
NODE_39954_length_8088_cov_34.136312:657-7527    -            282 68691at7898          -            353   1.1e-07   29.6   0.6   2   4   1.3e-06   0.00021   18.8   0.1   151   200    34    86    18    93 0.89 -
NODE_39954_length_8088_cov_34.136312:657-7527    -            282 68691at7898          -            353   1.1e-07   29.6   0.6   3   4      0.02       3.3    5.0   0.0    90   194   101   126    97   154 0.66 -
NODE_39954_length_8088_cov_34.136312:657-7527    -            282 68691at7898          -            353   1.1e-07   29.6   0.6   4   4      0.99   1.6e+02   -0.5   0.0   167   200   204   240   198   245 0.79 -
NODE_12025_length_13842_cov_41.787455:739-4274   -            318 68691at7898          -            353     2e-07   28.7   0.6   1   2    0.0071       1.1    6.5   0.0   162   203    34    76    19    80 0.84 -
NODE_12025_length_13842_cov_41.787455:739-4274   -            318 68691at7898          -            353     2e-07   28.7   0.6   2   2   4.3e-07   6.8e-05   20.4   0.2   166   205    83   122    78   141 0.90 -
NODE_288559_length_453_cov_0.864407:57-272       -             72 68691at7898          -            353   7.3e-07   26.9   0.3   1   1     2e-08   3.1e-06   24.8   0.3   152   201    21    70     5    72 0.89 -
NODE_4430_length_18712_cov_35.507656:4645-7222   -            293 68691at7898          -            353   8.6e-07   26.7   6.5   1   2     3e-07   4.8e-05   20.9   1.3   152   270    32   153    19   155 0.79 -
NODE_4430_length_18712_cov_35.507656:4645-7222   -            293 68691at7898          -            353   8.6e-07   26.7   6.5   2   2     0.034       5.5    4.3   0.2   226   263   190   226   183   251 0.81 -
NODE_39783_length_8109_cov_52.598627:1641-7060   -            255 68691at7898          -            353   1.1e-06   26.3   0.1   1   2   0.00032     0.051   11.0   0.0   166   199   109   141    93   149 0.86 -
NODE_39783_length_8109_cov_52.598627:1641-7060   -            255 68691at7898          -            353   1.1e-06   26.3   0.1   2   2   3.3e-06   0.00052   17.5   0.0    58   175   128   253   124   255 0.68 -
NODE_75620_length_5172_cov_77.311256:1087-3494   -            222 68691at7898          -            353   1.2e-06   26.2   0.4   1   3     0.053       8.4    3.7   0.0   297   339    39    80     6    87 0.54 -
NODE_75620_length_5172_cov_77.311256:1087-3494   -            222 68691at7898          -            353   1.2e-06   26.2   0.4   2   3   2.2e-06   0.00036   18.1   0.0   225   290    92   154    83   163 0.78 -
NODE_75620_length_5172_cov_77.311256:1087-3494   -            222 68691at7898          -            353   1.2e-06   26.2   0.4   3   3      0.45        72    0.6   0.0   138   167   181   209   174   220 0.62 -
NODE_7993_length_15840_cov_38.049552:539-3921    -            440 68691at7898          -            353   1.3e-06   26.1   5.3   1   4   0.00077      0.12    9.7   0.2   167   214   222   270   193   294 0.70 -
NODE_7993_length_15840_cov_38.049552:539-3921    -            440 68691at7898          -            353   1.3e-06   26.1   5.3   2   4     7e-06    0.0011   16.4   0.8   111   200   245   337   219   345 0.62 -
NODE_7993_length_15840_cov_38.049552:539-3921    -            440 68691at7898          -            353   1.3e-06   26.1   5.3   3   4   2.4e-05    0.0038   14.7   2.6   115   260   249   389   247   390 0.66 -
NODE_7993_length_15840_cov_38.049552:539-3921    -            440 68691at7898          -            353   1.3e-06   26.1   5.3   4   4    0.0032       0.5    7.7   0.2   162   243   345   426   339   430 0.76 -
NODE_25928_length_10129_cov_31.655533:803-8016   -            294 68691at7898          -            353   1.4e-06   25.9   3.9   1   3    0.0044      0.71    7.2   0.0   174   204    11    41     5    75 0.74 -
NODE_25928_length_10129_cov_31.655533:803-8016   -            294 68691at7898          -            353   1.4e-06   25.9   3.9   2   3    0.0025      0.39    8.0   0.5   104   202   145   253   131   259 0.55 -
NODE_25928_length_10129_cov_31.655533:803-8016   -            294 68691at7898          -            353   1.4e-06   25.9   3.9   3   3   0.00072      0.11    9.8   0.4    57   120   236   294   229   294 0.78 -
NODE_876_length_27366_cov_35.344959:12305-21986  -            271 68691at7898          -            353     2e-06   25.5   0.1   1   3   1.1e-05    0.0017   15.8   0.0    56   127    31    96    11   106 0.88 -
NODE_876_length_27366_cov_35.344959:12305-21986  -            271 68691at7898          -            353     2e-06   25.5   0.1   2   3     0.032         5    4.4   0.0   110   212   128   242   119   247 0.61 -
NODE_876_length_27366_cov_35.344959:12305-21986  -            271 68691at7898          -            353     2e-06   25.5   0.1   3   3     0.006      0.96    6.8   0.0   135   200   206   271   198   271 0.78 -
NODE_2203_length_22397_cov_93.662257:7018-12065  -            338 68691at7898          -            353   3.9e-06   24.5   0.8   1   2   2.5e-07     4e-05   21.2   0.3   130   252   149   285   134   304 0.64 -
NODE_2203_length_22397_cov_93.662257:7018-12065  -            338 68691at7898          -            353   3.9e-06   24.5   0.8   2   2       1.4   2.3e+02   -1.0   0.0   170   199   302   331   294   336 0.64 -
NODE_22434_length_10811_cov_30.112397:3236-8939  -            146 68691at7898          -            353   8.6e-06   23.4   0.1   1   1   6.3e-08     1e-05   23.1   0.1   146   209     5    79     2   136 0.66 -
NODE_58302_length_6337_cov_40.857326:1398-5896   -            295 68691at7898          -            353   9.4e-06   23.2   0.3   1   2   3.2e-07   5.1e-05   20.8   0.0    42   204    17   181     9   191 0.74 -
NODE_58302_length_6337_cov_40.857326:1398-5896   -            295 68691at7898          -            353   9.4e-06   23.2   0.3   2   2      0.73   1.2e+02   -0.1   0.0    56   118   200   257   181   267 0.52 -
NODE_84152_length_4707_cov_28.536241:897-1097    -             67 68691at7898          -            353   1.4e-05   22.7   0.1   1   1   1.3e-07     2e-05   22.2   0.1   150   203     7    57     1    66 0.79 -
NODE_117252_length_3312_cov_16.148148:940-3244   -            228 68691at7898          -            353   1.5e-05   22.6   3.2   1   1   4.5e-07   7.2e-05   20.3   3.2    82   204    40   175     9   184 0.68 -
NODE_21809_length_10951_cov_31.888500:191-7337   -            194 68691at7898          -            353   2.1e-05   22.1   1.1   1   2   0.00011     0.017   12.5   0.5   107   202    22   123     2   135 0.65 -
NODE_21809_length_10951_cov_31.888500:191-7337   -            194 68691at7898          -            353   2.1e-05   22.1   1.1   2   2    0.0021      0.33    8.3   0.0   148   201   142   194   134   194 0.85 -
NODE_284680_length_464_cov_0.978082:64-408       -            115 68691at7898          -            353   4.3e-05   21.1   0.4   1   1   3.8e-06   0.00061   17.3   0.4   100   202    10   114     3   115 0.68 -
NODE_65915_length_5787_cov_60.501934:837-2876    -            317 68691at7898          -            353   4.8e-05   20.9   1.4   1   3      0.31        49    1.2   0.0   226   258    14    46     3    57 0.79 -
NODE_65915_length_5787_cov_60.501934:837-2876    -            317 68691at7898          -            353   4.8e-05   20.9   1.4   2   3   3.8e-05     0.006   14.0   0.0   228   339    60   174    52   174 0.88 -
NODE_65915_length_5787_cov_60.501934:837-2876    -            317 68691at7898          -            353   4.8e-05   20.9   1.4   3   3   0.00037     0.058   10.8   0.9   227   301   146   218   140   224 0.83 -
NODE_94571_length_4204_cov_28.373691:262-759     -            166 68691at7898          -            353   5.2e-05   20.8   0.5   1   3    0.0011      0.17    9.2   0.0   157   198     3    41     1    51 0.86 -
NODE_94571_length_4204_cov_28.373691:262-759     -            166 68691at7898          -            353   5.2e-05   20.8   0.5   2   3     0.011       1.8    5.9   0.1   157   201    85   126    78   130 0.64 -
NODE_94571_length_4204_cov_28.373691:262-759     -            166 68691at7898          -            353   5.2e-05   20.8   0.5   3   3      0.16        25    2.1   0.0   165   197   136   165   129   166 0.65 -
NODE_7780_length_15967_cov_88.538379:1169-12305  -            319 68691at7898          -            353   0.00013   19.5   0.2   1   2      0.02       3.2    5.1   0.0   184   211    89   118    78   120 0.80 -
NODE_7780_length_15967_cov_88.538379:1169-12305  -            319 68691at7898          -            353   0.00013   19.5   0.2   2   2     0.018       2.8    5.2   0.0   163   211   155   203   149   315 0.89 -
NODE_77066_length_5094_cov_39.481081:1083-4749   -            233 68691at7898          -            353   0.00013   19.5   0.0   1   2   6.9e-06    0.0011   16.4   0.0   164   203    20    59     4    68 0.83 -
NODE_77066_length_5094_cov_39.481081:1083-4749   -            233 68691at7898          -            353   0.00013   19.5   0.0   2   2      0.41        65    0.7   0.0   174   199    73    98    67   104 0.79 -
NODE_40011_length_8082_cov_41.248653:2016-5415   -            290 68691at7898          -            353   0.00022   18.7   0.1   1   1   5.8e-06   0.00093   16.7   0.0    59   205     8   165     2   179 0.68 -
NODE_10380_length_14565_cov_43.997926:258-2387   -            282 68691at7898          -            353   0.00038   18.0   3.4   1   3       1.7   2.7e+02   -1.3   0.0   107   122   101   116    94   119 0.81 -
NODE_10380_length_14565_cov_43.997926:258-2387   -            282 68691at7898          -            353   0.00038   18.0   3.4   2   3    0.0094       1.5    6.1   1.0   162   256   118   204   101   210 0.63 -
NODE_10380_length_14565_cov_43.997926:258-2387   -            282 68691at7898          -            353   0.00038   18.0   3.4   3   3    0.0015      0.24    8.7   0.0    88   123   241   274   229   279 0.71 -
NODE_17441_length_12054_cov_31.762192:5649-9402  -            150 68691at7898          -            353   0.00068   17.1   0.2   1   2      0.13        21    2.4   0.0   103   132    24    53     6    90 0.68 -
NODE_17441_length_12054_cov_31.762192:5649-9402  -            150 68691at7898          -            353   0.00068   17.1   0.2   2   2   0.00011     0.017   12.5   0.0   296   336    95   134    87   145 0.84 -
NODE_86191_length_4603_cov_44.732460:1788-2491   -            149 68691at7898          -            353   0.00091   16.7   0.0   1   2    0.0034      0.55    7.6   0.0    54   122    11    82     3    91 0.86 -
NODE_86191_length_4603_cov_44.732460:1788-2491   -            149 68691at7898          -            353   0.00091   16.7   0.0   2   2     0.004      0.64    7.3   0.0    94   119   116   141   106   148 0.84 -
NODE_63350_length_5967_cov_29.965406:1648-4734   -            215 68691at7898          -            353    0.0026   15.2   0.1   1   1   0.00062     0.099   10.0   0.1   223   257   104   138    46   206 0.72 -
NODE_25501_length_10207_cov_91.179759:1880-5204  -            935 68691at7898          -            353     0.009   13.4   0.7   1   3    0.0088       1.4    6.2   0.1   186   257   167   240   136   247 0.59 -
NODE_25501_length_10207_cov_91.179759:1880-5204  -            935 68691at7898          -            353     0.009   13.4   0.7   2   3     0.039       6.2    4.1   0.0   156   183   249   276   242   328 0.83 -
NODE_25501_length_10207_cov_91.179759:1880-5204  -            935 68691at7898          -            353     0.009   13.4   0.7   3   3       2.2   3.5e+02   -1.6   0.0   166   204   300   338   292   353 0.59 -
NODE_1476_length_24564_cov_29.881259:1893-20380  -            470 68691at7898          -            353     0.023   12.1   0.2   1   1     0.001      0.16    9.3   0.2   155   203   218   265   193   356 0.84 -
NODE_309981_length_401_cov_0.850993:4-381        -            126 68691at7898          -            353     0.029   11.8   0.0   1   1   0.00021     0.033   11.6   0.0   129   204    29   104    16   111 0.78 -
#
# Program:         hmmsearch
# Version:         3.1b2 (February 2015)
# Pipeline mode:   SEARCH
# Query file:      /home/e1garcia/shotgun_PIRE/abyss/busco_downloads/lineages/actinopterygii_odb10/hmms/68691at7898.hmm
# Target file:     /home/e1garcia/shotgun_PIRE/pire_ssl_data_processing/plotosus_lineatus/busco_contigs_results-SPAdes_contam_R1R2_noIsolate/run_actinopterygii_odb10/metaeuk_output/initial_results/contigs.modified.fasta.modified.fas
# Option settings: hmmsearch --domtblout /home/e1garcia/shotgun_PIRE/pire_ssl_data_processing/plotosus_lineatus/busco_contigs_results-SPAdes_contam_R1R2_noIsolate/run_actinopterygii_odb10/hmmer_output/initial_run_results/68691at7898.out --cpu 1 /home/e1garcia/shotgun_PIRE/abyss/busco_downloads/lineages/actinopterygii_odb10/hmms/68691at7898.hmm /home/e1garcia/shotgun_PIRE/pire_ssl_data_processing/plotosus_lineatus/busco_contigs_results-SPAdes_contam_R1R2_noIsolate/run_actinopterygii_odb10/metaeuk_output/initial_results/contigs.modified.fasta.modified.fas 
# Current dir:     /home/e1garcia/shotgun_PIRE/pire_ssl_data_processing/plotosus_lineatus
# Date:            Fri Aug 20 13:29:33 2021
# [ok]
