#                                                                                                        --- full sequence --- -------------- this domain -------------   hmm coord   ali coord   env coord
# target name                                    accession   tlen query name           accession   qlen   E-value  score  bias   #  of  c-Evalue  i-Evalue  score  bias  from    to  from    to  from    to  acc description of target
#                            ------------------- ---------- ----- -------------------- ---------- ----- --------- ------ ----- --- --- --------- --------- ------ ----- ----- ----- ----- ----- ----- ----- ---- ---------------------
NODE_787_length_27949_cov_34.277127:10414-11337  -            308 86171at7898          -            265    1e-164  544.8   0.1   1   1  2.7e-167  1.4e-164  544.3   0.1     8   265    48   308    42   308 0.98 -
NODE_43321_length_7712_cov_27.013924:1380-2492   -            371 86171at7898          -            265  1.6e-113  376.9   0.1   1   1  3.9e-116  2.1e-113  376.6   0.1    14   265   117   370   108   370 0.97 -
NODE_1152_length_25888_cov_49.374695:17607-18374 -            256 86171at7898          -            265    4e-111  369.1   0.0   1   1  8.3e-114  4.4e-111  369.0   0.0    14   265     3   256     1   256 0.97 -
NODE_17322_length_12087_cov_34.660077:6472-7251  -            260 86171at7898          -            265   7.4e-97  322.3   0.2   1   1   1.5e-99   8.2e-97  322.2   0.2    14   265     3   260     1   260 0.95 -
NODE_10893_length_14322_cov_30.463545:3515-4132  -            206 86171at7898          -            265   2.4e-53  179.7   0.0   1   1   5.1e-56   2.7e-53  179.5   0.0    64   265     1   206     1   206 0.92 -
NODE_52568_length_6816_cov_29.984964:2374-2988   -            205 86171at7898          -            265   9.3e-53  177.8   0.0   1   1     2e-55     1e-52  177.6   0.0    65   265     1   205     1   205 0.92 -
NODE_4191_length_19017_cov_28.872450:3013-3630   -            206 86171at7898          -            265   5.5e-52  175.2   0.1   1   1   1.2e-54   6.2e-52  175.1   0.1    64   265     1   206     1   206 0.93 -
NODE_11864_length_13909_cov_27.413686:8224-8937  -            238 86171at7898          -            265   1.4e-51  173.9   0.0   1   1     3e-54   1.6e-51  173.7   0.0    56   265    25   238     2   238 0.88 -
NODE_203564_length_1207_cov_18.147112:351-959    -            203 86171at7898          -            265   1.8e-50  170.2   0.0   1   1   3.8e-53     2e-50  170.1   0.0    68   265     1   202     1   202 0.89 -
NODE_8721_length_15414_cov_29.461378:12738-13364 -            209 86171at7898          -            265   1.7e-47  160.5   0.0   1   1   3.6e-50   1.9e-47  160.3   0.0    63   265     3   209     1   209 0.91 -
NODE_56800_length_6459_cov_467.596698:4591-5211  -            207 86171at7898          -            265   1.4e-46  157.5   0.0   1   1   3.1e-49   1.6e-46  157.3   0.0    64   265     1   206     1   206 0.92 -
NODE_56392_length_6496_cov_28.185556:1669-6090   -           1474 86171at7898          -            265      0.01   13.7   0.0   1   1   4.7e-05     0.025   12.4   0.0    98   153   809   864   790   872 0.87 -
#
# Program:         hmmsearch
# Version:         3.1b2 (February 2015)
# Pipeline mode:   SEARCH
# Query file:      /home/e1garcia/shotgun_PIRE/abyss/busco_downloads/lineages/actinopterygii_odb10/hmms/86171at7898.hmm
# Target file:     /home/e1garcia/shotgun_PIRE/pire_ssl_data_processing/plotosus_lineatus/busco_contigs_results-SPAdes_contam_R1R2_noIsolate/run_actinopterygii_odb10/metaeuk_output/initial_results/contigs.modified.fasta.modified.fas
# Option settings: hmmsearch --domtblout /home/e1garcia/shotgun_PIRE/pire_ssl_data_processing/plotosus_lineatus/busco_contigs_results-SPAdes_contam_R1R2_noIsolate/run_actinopterygii_odb10/hmmer_output/initial_run_results/86171at7898.out --cpu 1 /home/e1garcia/shotgun_PIRE/abyss/busco_downloads/lineages/actinopterygii_odb10/hmms/86171at7898.hmm /home/e1garcia/shotgun_PIRE/pire_ssl_data_processing/plotosus_lineatus/busco_contigs_results-SPAdes_contam_R1R2_noIsolate/run_actinopterygii_odb10/metaeuk_output/initial_results/contigs.modified.fasta.modified.fas 
# Current dir:     /home/e1garcia/shotgun_PIRE/pire_ssl_data_processing/plotosus_lineatus
# Date:            Fri Aug 20 13:32:49 2021
# [ok]
