#                                                                                                          --- full sequence --- -------------- this domain -------------   hmm coord   ali coord   env coord
# target name                                      accession   tlen query name           accession   qlen   E-value  score  bias   #  of  c-Evalue  i-Evalue  score  bias  from    to  from    to  from    to  acc description of target
#                              ------------------- ---------- ----- -------------------- ---------- ----- --------- ------ ----- --- --- --------- --------- ------ ----- ----- ----- ----- ----- ----- ----- ---- ---------------------
NODE_45485_length_7490_cov_33.389934:3873-6807     -            339 90238at7898          -            303  2.1e-123  410.0   3.9   1   1  5.6e-125  2.5e-123  409.7   3.9    10   303    35   334    25   334 0.96 -
NODE_41221_length_7945_cov_31.453989:2316-4087     -            226 90238at7898          -            303   1.9e-96  321.5  11.2   1   2   6.9e-79   3.1e-77  258.4   6.1    62   230     4   174     2   176 0.97 -
NODE_41221_length_7945_cov_31.453989:2316-4087     -            226 90238at7898          -            303   1.9e-96  321.5  11.2   2   2   1.4e-20   6.5e-19   66.9   0.2   257   303   175   221   174   221 0.97 -
NODE_4365_length_18783_cov_37.856080:16340-17434   -            338 90238at7898          -            303   1.1e-95  319.0   8.3   1   1   2.9e-97   1.3e-95  318.7   8.3    13   303    37   335    30   335 0.95 -
NODE_119058_length_3248_cov_38.231820:914-1858     -            315 90238at7898          -            303   1.8e-73  246.0  12.8   1   1   4.9e-75   2.2e-73  245.7  12.8    14   258    62   314    57   315 0.94 -
NODE_37906_length_8330_cov_35.407727:1186-3033     -            364 90238at7898          -            303   1.3e-71  239.9   6.9   1   1   4.3e-73   1.9e-71  239.4   6.9     7   301    45   357    39   359 0.89 -
NODE_4826_length_18301_cov_46.187891:4999-5760     -            254 90238at7898          -            303   1.3e-61  207.1   7.1   1   1   3.5e-63   1.6e-61  206.8   7.1    13   255     6   254     4   254 0.92 -
NODE_39804_length_8107_cov_37.475774:4359-6533     -            725 90238at7898          -            303     5e-47  159.2  73.2   1   6   1.6e-13   7.3e-12   43.7  12.3   116   250     2   142     1   144 0.85 -
NODE_39804_length_8107_cov_37.475774:4359-6533     -            725 90238at7898          -            303     5e-47  159.2  73.2   2   6    0.0013     0.058   11.2   2.9   131   189   139   200   135   271 0.77 -
NODE_39804_length_8107_cov_37.475774:4359-6533     -            725 90238at7898          -            303     5e-47  159.2  73.2   3   6   1.1e-11   4.8e-10   37.7  12.6   147   288   274   415   230   416 0.80 -
NODE_39804_length_8107_cov_37.475774:4359-6533     -            725 90238at7898          -            303     5e-47  159.2  73.2   4   6   1.3e-08   5.6e-07   27.7   8.4    84   176   372   471   370   476 0.84 -
NODE_39804_length_8107_cov_37.475774:4359-6533     -            725 90238at7898          -            303     5e-47  159.2  73.2   5   6   5.5e-18   2.5e-16   58.4  14.9    85   240   421   585   417   588 0.85 -
NODE_39804_length_8107_cov_37.475774:4359-6533     -            725 90238at7898          -            303     5e-47  159.2  73.2   6   6   3.3e-09   1.5e-07   29.6   2.8    82   166   586   677   584   682 0.86 -
NODE_13316_length_13361_cov_36.080531:10214-11107  -            298 90238at7898          -            303   1.5e-45  154.3  25.6   1   3   2.4e-08   1.1e-06   26.8   0.2    12    58    21    65    10    71 0.88 -
NODE_13316_length_13361_cov_36.080531:10214-11107  -            298 90238at7898          -            303   1.5e-45  154.3  25.6   2   3   1.4e-25   6.4e-24   83.3   8.0    88   259    74   254    69   258 0.91 -
NODE_13316_length_13361_cov_36.080531:10214-11107  -            298 90238at7898          -            303   1.5e-45  154.3  25.6   3   3   8.6e-21   3.9e-19   67.6   4.8    80   223   137   285   133   298 0.85 -
NODE_82945_length_4770_cov_26.614215:569-1405      -            279 90238at7898          -            303   2.8e-40  137.0   3.7   1   2   2.2e-22     1e-20   72.8   0.2   102   223     1   130     1   133 0.89 -
NODE_82945_length_4770_cov_26.614215:569-1405      -            279 90238at7898          -            303   2.8e-40  137.0   3.7   2   2   3.6e-21   1.6e-19   68.8   0.5    82   205   125   252   124   273 0.86 -
NODE_795_length_27902_cov_35.740639:18197-18994    -            266 90238at7898          -            303   2.9e-32  110.7  12.1   1   3     7e-08   3.1e-06   25.2   0.3    15    57     1    40     1    47 0.95 -
NODE_795_length_27902_cov_35.740639:18197-18994    -            266 90238at7898          -            303   2.9e-32  110.7  12.1   2   3   6.1e-24   2.7e-22   78.0   5.4    89   256    51   227    46   231 0.89 -
NODE_795_length_27902_cov_35.740639:18197-18994    -            266 90238at7898          -            303   2.9e-32  110.7  12.1   3   3   4.7e-05    0.0021   15.9   0.0   134   179   218   264   214   266 0.87 -
NODE_69571_length_5544_cov_33.513682:1645-4587     -            981 90238at7898          -            303   5.6e-32  109.8  37.2   1   5   7.1e-23   3.2e-21   74.4   4.6    19   210     2   217     1   218 0.81 -
NODE_69571_length_5544_cov_33.513682:1645-4587     -            981 90238at7898          -            303   5.6e-32  109.8  37.2   2   5   1.9e-11   8.6e-10   36.9   2.8    77   241   149   316   144   325 0.81 -
NODE_69571_length_5544_cov_33.513682:1645-4587     -            981 90238at7898          -            303   5.6e-32  109.8  37.2   3   5    0.0027      0.12   10.2   5.7    80   212   237   392   232   400 0.71 -
NODE_69571_length_5544_cov_33.513682:1645-4587     -            981 90238at7898          -            303   5.6e-32  109.8  37.2   4   5     0.087       3.9    5.2   0.4   154   247   431   528   421   533 0.77 -
NODE_69571_length_5544_cov_33.513682:1645-4587     -            981 90238at7898          -            303   5.6e-32  109.8  37.2   5   5   1.2e-08   5.5e-07   27.7   8.0   107   286   532   725   500   727 0.75 -
NODE_17938_length_11911_cov_33.908229:3553-4491    -            313 90238at7898          -            303   7.3e-32  109.4  16.5   1   2   1.6e-27   7.2e-26   89.7   7.8    85   266    18   208     1   211 0.89 -
NODE_17938_length_11911_cov_33.908229:3553-4491    -            313 90238at7898          -            303   7.3e-32  109.4  16.5   2   2   4.4e-10     2e-08   32.4   1.4    69   164   143   244   140   247 0.76 -
NODE_13825_length_13160_cov_39.476993:2741-5425    -            341 90238at7898          -            303   2.4e-30  104.4   6.5   1   1     9e-32   4.1e-30  103.7   6.5    35   250   117   339   111   341 0.86 -
NODE_36556_length_8505_cov_37.884368:925-4068      -           1048 90238at7898          -            303   1.4e-29  101.9  47.4   1   5   9.1e-09   4.1e-07   28.1   1.0    28   142    35   169    23   172 0.70 -
NODE_36556_length_8505_cov_37.884368:925-4068      -           1048 90238at7898          -            303   1.4e-29  101.9  47.4   2   5     2e-14   9.2e-13   46.7   3.6    81   242   182   345   176   367 0.76 -
NODE_36556_length_8505_cov_37.884368:925-4068      -           1048 90238at7898          -            303   1.4e-29  101.9  47.4   3   5     0.074       3.3    5.4   1.6   112   168   358   421   342   428 0.65 -
NODE_36556_length_8505_cov_37.884368:925-4068      -           1048 90238at7898          -            303   1.4e-29  101.9  47.4   4   5      0.03       1.4    6.7   1.6   160   236   497   575   483   587 0.64 -
NODE_36556_length_8505_cov_37.884368:925-4068      -           1048 90238at7898          -            303   1.4e-29  101.9  47.4   5   5   2.5e-09   1.1e-07   30.0   9.6    79   196   637   765   577   785 0.64 -
NODE_50190_length_7031_cov_31.070254:1368-2540     -            391 90238at7898          -            303   3.7e-28   97.2   5.8   1   2   2.7e-18   1.2e-16   59.4   0.0     8   174     7   180     2   191 0.82 -
NODE_50190_length_7031_cov_31.070254:1368-2540     -            391 90238at7898          -            303   3.7e-28   97.2   5.8   2   2     4e-11   1.8e-09   35.9   4.0   131   241   209   322   187   344 0.73 -
NODE_29319_length_9538_cov_74.901155:7628-8512     -            295 90238at7898          -            303   1.4e-27   95.3   6.9   1   2   5.9e-09   2.7e-07   28.7   0.3   135   213     1    81     1    85 0.92 -
NODE_29319_length_9538_cov_74.901155:7628-8512     -            295 90238at7898          -            303   1.4e-27   95.3   6.9   2   2   5.8e-22   2.6e-20   71.4   2.7    73   214    77   225    72   242 0.85 -
NODE_26717_length_9985_cov_39.320453:8007-8609     -            201 90238at7898          -            303   1.7e-27   95.0  10.2   1   2   5.1e-09   2.3e-07   29.0   0.1   164   222     1    59     1    60 0.96 -
NODE_26717_length_9985_cov_39.320453:8007-8609     -            201 90238at7898          -            303   1.7e-27   95.0  10.2   2   2   3.4e-23   1.5e-21   75.5   5.5    65   213    37   192    34   200 0.89 -
NODE_104306_length_3794_cov_27.098241:1209-2522    -            438 90238at7898          -            303   1.4e-26   92.1  31.8   1   3   4.1e-08   1.8e-06   26.0   6.0    15   168     1   159     1   163 0.73 -
NODE_104306_length_3794_cov_27.098241:1209-2522    -            438 90238at7898          -            303   1.4e-26   92.1  31.8   2   3   6.3e-12   2.8e-10   38.5  13.5   116   265   151   309   146   310 0.72 -
NODE_104306_length_3794_cov_27.098241:1209-2522    -            438 90238at7898          -            303   1.4e-26   92.1  31.8   3   3   2.2e-12   9.7e-11   40.0   3.4    92   210   267   394   256   404 0.84 -
NODE_115352_length_3377_cov_37.145516:639-2015     -            459 90238at7898          -            303   1.5e-26   91.9  32.3   1   3   6.3e-07   2.8e-05   22.1   5.3   101   213    23   142    18   144 0.81 -
NODE_115352_length_3377_cov_37.145516:639-2015     -            459 90238at7898          -            303   1.5e-26   91.9  32.3   2   3   2.9e-17   1.3e-15   56.0   9.5    80   241   143   314   139   317 0.84 -
NODE_115352_length_3377_cov_37.145516:639-2015     -            459 90238at7898          -            303   1.5e-26   91.9  32.3   3   3   3.2e-11   1.4e-09   36.2   6.4    92   212   275   406   274   412 0.79 -
NODE_52856_length_6791_cov_29.340406:1096-4272     -           1059 90238at7898          -            303     2e-25   88.3  38.1   1   4   4.9e-05    0.0022   15.9   0.8    27   142    38   169    28   174 0.69 -
NODE_52856_length_6791_cov_29.340406:1096-4272     -           1059 90238at7898          -            303     2e-25   88.3  38.1   2   4   3.2e-12   1.4e-10   39.5   7.8    80   292   181   402   172   408 0.83 -
NODE_52856_length_6791_cov_29.340406:1096-4272     -           1059 90238at7898          -            303     2e-25   88.3  38.1   3   4      0.58        26    2.5   9.3    59   213   379   547   367   620 0.72 -
NODE_52856_length_6791_cov_29.340406:1096-4272     -           1059 90238at7898          -            303     2e-25   88.3  38.1   4   4   3.9e-13   1.7e-11   42.5   2.0   151   262   639   757   627   768 0.87 -
NODE_100411_length_3951_cov_30.555036:741-1952     -            404 90238at7898          -            303     1e-24   85.9  14.4   1   4   6.1e-13   2.7e-11   41.8   1.6    79   209    32   172    17   184 0.83 -
NODE_100411_length_3951_cov_30.555036:741-1952     -            404 90238at7898          -            303     1e-24   85.9  14.4   2   4   0.00013    0.0057   14.5   0.0   113   181   117   189   115   202 0.80 -
NODE_100411_length_3951_cov_30.555036:741-1952     -            404 90238at7898          -            303     1e-24   85.9  14.4   3   4   2.2e-10     1e-08   33.4   2.4    80   170   201   298   189   308 0.82 -
NODE_100411_length_3951_cov_30.555036:741-1952     -            404 90238at7898          -            303     1e-24   85.9  14.4   4   4   4.6e-05     0.002   16.0   0.2   149   187   301   339   297   353 0.89 -
NODE_117954_length_3288_cov_31.103481:735-1658     -            308 90238at7898          -            303   1.1e-24   85.9   8.4   1   2   4.7e-23   2.1e-21   75.0   2.2    73   231     6   168     1   182 0.83 -
NODE_117954_length_3288_cov_31.103481:735-1658     -            308 90238at7898          -            303   1.1e-24   85.9   8.4   2   2   0.00044      0.02   12.7   0.3   134   177   189   233   185   246 0.73 -
NODE_11702_length_13978_cov_35.882052:1352-4210    -            953 90238at7898          -            303   2.5e-24   84.6  48.6   1   4   4.2e-15   1.9e-13   48.9  13.8   128   280    80   241    46   259 0.79 -
NODE_11702_length_13978_cov_35.882052:1352-4210    -            953 90238at7898          -            303   2.5e-24   84.6  48.6   2   4     0.029       1.3    6.7   4.2   107   281   201   387   199   397 0.68 -
NODE_11702_length_13978_cov_35.882052:1352-4210    -            953 90238at7898          -            303   2.5e-24   84.6  48.6   3   4   2.2e-09     1e-07   30.1   9.4    55   195   395   545   380   561 0.74 -
NODE_11702_length_13978_cov_35.882052:1352-4210    -            953 90238at7898          -            303   2.5e-24   84.6  48.6   4   4     1e-05   0.00047   18.1   4.1    86   210   549   688   542   703 0.73 -
NODE_1082_length_26208_cov_34.987590:15705-24749   -            288 90238at7898          -            303   9.8e-24   82.7   3.7   1   1   5.8e-25   2.6e-23   81.3   3.7    15   193    47   237    42   248 0.79 -
NODE_170390_length_1838_cov_86.915469:12-1829      -            606 90238at7898          -            303   1.7e-23   81.9  30.4   1   3   1.2e-05   0.00056   17.8   4.0    79   236    53   233    25   240 0.70 -
NODE_170390_length_1838_cov_86.915469:12-1829      -            606 90238at7898          -            303   1.7e-23   81.9  30.4   2   3   3.9e-13   1.7e-11   42.5   7.8    74   213   292   438   276   450 0.81 -
NODE_170390_length_1838_cov_86.915469:12-1829      -            606 90238at7898          -            303   1.7e-23   81.9  30.4   3   3   1.2e-08   5.3e-07   27.8   2.9   176   256   507   585   467   604 0.75 -
NODE_38423_length_8266_cov_40.419126:1407-4037     -            877 90238at7898          -            303   4.7e-23   80.4  36.4   1   4   1.8e-08   7.9e-07   27.2  12.3    80   277    14   228     2   238 0.72 -
NODE_38423_length_8266_cov_40.419126:1407-4037     -            877 90238at7898          -            303   4.7e-23   80.4  36.4   2   4   2.2e-12     1e-10   40.0  10.4    87   244   245   409   210   416 0.80 -
NODE_38423_length_8266_cov_40.419126:1407-4037     -            877 90238at7898          -            303   4.7e-23   80.4  36.4   3   4   8.3e-07   3.7e-05   21.7   2.0    61   222   386   566   381   596 0.54 -
NODE_38423_length_8266_cov_40.419126:1407-4037     -            877 90238at7898          -            303   4.7e-23   80.4  36.4   4   4     0.018      0.81    7.4   0.3    72   213   472   631   467   637 0.73 -
NODE_14611_length_12894_cov_37.093396:6111-6842    -            244 90238at7898          -            303   4.8e-23   80.4   0.8   1   1   1.2e-24   5.6e-23   80.2   0.8    11   225     4   227     1   244 0.82 -
NODE_51878_length_6877_cov_27.199616:979-2391      -            471 90238at7898          -            303   2.3e-22   78.2   6.4   1   2   2.8e-08   1.3e-06   26.5   1.1    90   172     2    90     1   111 0.74 -
NODE_51878_length_6877_cov_27.199616:979-2391      -            471 90238at7898          -            303   2.3e-22   78.2   6.4   2   2   9.9e-17   4.5e-15   54.3   0.4    14   173   232   405   222   431 0.78 -
NODE_37469_length_8385_cov_86.056360:241-6717      -            726 90238at7898          -            303   2.6e-22   78.0  22.6   1   3   4.4e-07     2e-05   22.6   0.3   209   242     6    39     2    45 0.93 -
NODE_37469_length_8385_cov_86.056360:241-6717      -            726 90238at7898          -            303   2.6e-22   78.0  22.6   2   3   1.1e-12   4.9e-11   41.0   9.3   131   262    44   181    39   184 0.89 -
NODE_37469_length_8385_cov_86.056360:241-6717      -            726 90238at7898          -            303   2.6e-22   78.0  22.6   3   3     2e-09   8.8e-08   30.3   2.5   151   257   160   270   158   288 0.72 -
NODE_39804_length_8107_cov_37.475774:6687-7544     -            286 90238at7898          -            303   2.9e-22   77.8  20.3   1   3   7.4e-06   0.00033   18.6   0.7   131   195     8    76     2    83 0.51 -
NODE_39804_length_8107_cov_37.475774:6687-7544     -            286 90238at7898          -            303   2.9e-22   77.8  20.3   2   3   4.4e-17     2e-15   55.4   7.9    81   241    48   217    46   219 0.86 -
NODE_39804_length_8107_cov_37.475774:6687-7544     -            286 90238at7898          -            303   2.9e-22   77.8  20.3   3   3   8.2e-06   0.00037   18.4   1.2    84   144   219   285   216   286 0.73 -
NODE_18071_length_11878_cov_23.012650:2165-3667    -            501 90238at7898          -            303   6.9e-22   76.6   4.1   1   2   4.2e-16   1.9e-14   52.2   0.3    11   190     4   193     1   195 0.83 -
NODE_18071_length_11878_cov_23.012650:2165-3667    -            501 90238at7898          -            303   6.9e-22   76.6   4.1   2   2   1.5e-10   6.6e-09   34.0   0.3    85   210   150   285   148   295 0.83 -
NODE_26695_length_9989_cov_33.616582:799-8176      -            383 90238at7898          -            303   1.2e-21   75.8  12.9   1   3   1.1e-14   4.9e-13   47.6   1.3    85   207    18   148     4   175 0.84 -
NODE_26695_length_9989_cov_33.616582:799-8176      -            383 90238at7898          -            303   1.2e-21   75.8  12.9   2   3   8.9e-08     4e-06   24.9   1.3   156   257   207   311   170   314 0.80 -
NODE_26695_length_9989_cov_33.616582:799-8176      -            383 90238at7898          -            303   1.2e-21   75.8  12.9   3   3     2e-06   8.9e-05   20.4   1.7    86   186   249   356   249   378 0.80 -
NODE_16999_length_12175_cov_27.800679:5531-6754    -            408 90238at7898          -            303   2.3e-21   74.9  14.9   1   3   5.8e-19   2.6e-17   61.6   4.4    12   212    10   221     3   222 0.85 -
NODE_16999_length_12175_cov_27.800679:5531-6754    -            408 90238at7898          -            303   2.3e-21   74.9  14.9   2   3   6.3e-08   2.8e-06   25.4   1.4    34   117   173   260   167   271 0.82 -
NODE_16999_length_12175_cov_27.800679:5531-6754    -            408 90238at7898          -            303   2.3e-21   74.9  14.9   3   3       8.1   3.6e+02   -1.3   0.3    10    25   287   302   276   306 0.77 -
NODE_63187_length_5978_cov_41.282191:1813-2979     -            389 90238at7898          -            303   3.1e-21   74.5  12.0   1   2   2.5e-14   1.1e-12   46.4   1.2   106   257     2   160     1   168 0.82 -
NODE_63187_length_5978_cov_41.282191:1813-2979     -            389 90238at7898          -            303   3.1e-21   74.5  12.0   2   2   1.7e-10   7.5e-09   33.8   3.1    84   212   165   298   154   312 0.85 -
NODE_57296_length_6418_cov_38.664504:4461-5792     -            444 90238at7898          -            303   3.3e-21   74.4  15.8   1   3    0.0044       0.2    9.5   1.8     6    61     7    63     5    69 0.87 -
NODE_57296_length_6418_cov_38.664504:4461-5792     -            444 90238at7898          -            303   3.3e-21   74.4  15.8   2   3   4.4e-14     2e-12   45.6   0.4    42   181    69   216    60   217 0.87 -
NODE_57296_length_6418_cov_38.664504:4461-5792     -            444 90238at7898          -            303   3.3e-21   74.4  15.8   3   3   1.8e-11   7.9e-10   37.0   2.9   112   218   191   304   188   315 0.86 -
NODE_61636_length_6091_cov_28.720127:2228-3451     -            408 90238at7898          -            303   3.6e-21   74.3   6.3   1   1   1.8e-21   8.2e-20   69.8   5.3    12   241    10   249     3   250 0.83 -
NODE_19702_length_11455_cov_38.305125:2158-3750    -            531 90238at7898          -            303   7.3e-21   73.3  25.4   1   2   1.6e-11   7.1e-10   37.2  10.7    99   266    42   217     8   233 0.82 -
NODE_19702_length_11455_cov_38.305125:2158-3750    -            531 90238at7898          -            303   7.3e-21   73.3  25.4   2   2   9.7e-14   4.3e-12   44.4  10.8    44   214   196   376   196   387 0.87 -
NODE_53806_length_6712_cov_21.270830:884-2455      -            524 90238at7898          -            303   1.2e-20   72.6   4.0   1   2   1.1e-17   4.8e-16   57.5   0.6    11   186    37   221    29   223 0.83 -
NODE_53806_length_6712_cov_21.270830:884-2455      -            524 90238at7898          -            303   1.2e-20   72.6   4.0   2   2   2.6e-05    0.0012   16.7   0.4   113   210   213   317   205   323 0.63 -
NODE_10979_length_14284_cov_39.009165:314-2719     -            269 90238at7898          -            303     2e-20   71.8   3.6   1   2   2.6e-15   1.2e-13   49.6   0.4   116   247    28   161    12   165 0.87 -
NODE_10979_length_14284_cov_39.009165:314-2719     -            269 90238at7898          -            303     2e-20   71.8   3.6   2   2   2.8e-07   1.2e-05   23.2   0.1   153   214   160   222   156   233 0.87 -
NODE_2898_length_20987_cov_42.613702:14862-15584   -            241 90238at7898          -            303   5.3e-20   70.4   9.0   1   3       0.4        18    3.0   0.4    11    41    11    40     2    44 0.82 -
NODE_2898_length_20987_cov_42.613702:14862-15584   -            241 90238at7898          -            303   5.3e-20   70.4   9.0   2   3   5.2e-14   2.4e-12   45.3   1.1   132   241    44   151    39   152 0.95 -
NODE_2898_length_20987_cov_42.613702:14862-15584   -            241 90238at7898          -            303   5.3e-20   70.4   9.0   3   3   2.4e-11   1.1e-09   36.6   1.4    61   165   104   214    98   229 0.87 -
NODE_214449_length_1035_cov_95.955128:116-802      -            229 90238at7898          -            303   1.4e-19   69.0  13.8   1   2   2.7e-07   1.2e-05   23.3   0.3   150   212    15    80     1    82 0.84 -
NODE_214449_length_1035_cov_95.955128:116-802      -            229 90238at7898          -            303   1.4e-19   69.0  13.8   2   2   2.4e-15   1.1e-13   49.7   8.1    81   213    83   225    79   228 0.87 -
NODE_80483_length_4900_cov_35.026869:1476-3035     -            520 90238at7898          -            303   1.5e-19   69.0  20.1   1   3   7.4e-13   3.3e-11   41.5   5.8   106   241    33   170    30   180 0.84 -
NODE_80483_length_4900_cov_35.026869:1476-3035     -            520 90238at7898          -            303   1.5e-19   69.0  20.1   2   3   1.1e-08   4.7e-07   27.9   0.3    79   208   143   282   139   285 0.81 -
NODE_80483_length_4900_cov_35.026869:1476-3035     -            520 90238at7898          -            303   1.5e-19   69.0  20.1   3   3     1e-07   4.7e-06   24.6   1.2    48   212   182   360   176   381 0.81 -
NODE_20543_length_11245_cov_114.029786:8636-10216  -            527 90238at7898          -            303   2.1e-19   68.4   1.3   1   2   4.2e-14   1.9e-12   45.6   0.4     9   189     6   196     1   202 0.80 -
NODE_20543_length_11245_cov_114.029786:8636-10216  -            527 90238at7898          -            303   2.1e-19   68.4   1.3   2   2   3.9e-07   1.7e-05   22.8   0.1    72   165   190   289   183   300 0.79 -
NODE_47345_length_7304_cov_33.887856:3399-5219     -            607 90238at7898          -            303   2.2e-19   68.4  30.1   1   3   3.1e-07   1.4e-05   23.1   9.0   112   263   101   251    56   256 0.81 -
NODE_47345_length_7304_cov_33.887856:3399-5219     -            607 90238at7898          -            303   2.2e-19   68.4  30.1   2   3   1.1e-07   4.8e-06   24.6   4.1   167   259   255   348   237   369 0.78 -
NODE_47345_length_7304_cov_33.887856:3399-5219     -            607 90238at7898          -            303   2.2e-19   68.4  30.1   3   3   5.9e-10   2.6e-08   32.0   2.6    88   210   387   516   375   544 0.79 -
NODE_34730_length_8739_cov_29.951157:898-1794      -            299 90238at7898          -            303   3.2e-19   67.9   9.1   1   3   2.2e-10   9.7e-09   33.5   0.4     4   101     4   104     2   108 0.82 -
NODE_34730_length_8739_cov_29.951157:898-1794      -            299 90238at7898          -            303   3.2e-19   67.9   9.1   2   3   2.1e-07   9.4e-06   23.6   0.0   130   212    67   154    62   163 0.86 -
NODE_34730_length_8739_cov_29.951157:898-1794      -            299 90238at7898          -            303   3.2e-19   67.9   9.1   3   3     1e-07   4.7e-06   24.6   1.9    45   122   167   249   162   254 0.74 -
NODE_42437_length_7807_cov_41.142839:3562-4269     -            236 90238at7898          -            303     6e-19   67.0   1.4   1   2   0.00011    0.0048   14.8   0.0   103   170     7    78     2    84 0.81 -
NODE_42437_length_7807_cov_41.142839:3562-4269     -            236 90238at7898          -            303     6e-19   67.0   1.4   2   2   2.5e-15   1.1e-13   49.7   1.8   129   259    84   222    80   228 0.87 -
NODE_4893_length_18222_cov_67.341224:9144-10517    -            458 90238at7898          -            303     6e-19   67.0   1.2   1   2     5e-14   2.2e-12   45.4   0.1    11   134    16   146     8   152 0.85 -
NODE_4893_length_18222_cov_67.341224:9144-10517    -            458 90238at7898          -            303     6e-19   67.0   1.2   2   2   2.4e-08   1.1e-06   26.8   0.2   151   244   119   215   119   224 0.72 -
NODE_13700_length_13214_cov_36.348761:8793-9374    -            194 90238at7898          -            303     1e-18   66.2   6.0   1   1   2.9e-20   1.3e-18   65.9   6.0    49   241     1   194     1   194 0.88 -
NODE_52158_length_6852_cov_30.433437:525-5359      -            905 90238at7898          -            303   1.3e-18   65.9  25.2   1   4     7e-10   3.1e-08   31.8   1.5   118   278    37   204    25   216 0.80 -
NODE_52158_length_6852_cov_30.433437:525-5359      -            905 90238at7898          -            303   1.3e-18   65.9  25.2   2   4   0.00069     0.031   12.1   1.1   127   231   247   357   222   383 0.67 -
NODE_52158_length_6852_cov_30.433437:525-5359      -            905 90238at7898          -            303   1.3e-18   65.9  25.2   3   4       3.2   1.4e+02    0.1   0.0    82   117   346   381   338   404 0.68 -
NODE_52158_length_6852_cov_30.433437:525-5359      -            905 90238at7898          -            303   1.3e-18   65.9  25.2   4   4   8.3e-08   3.7e-06   25.0   8.1    69   213   435   600   409   655 0.50 -
NODE_33010_length_8981_cov_37.450236:3914-5302     -            463 90238at7898          -            303   1.5e-18   65.7   7.8   1   2   2.7e-11   1.2e-09   36.4   0.2     8   107    13   116     7   120 0.87 -
NODE_33010_length_8981_cov_37.450236:3914-5302     -            463 90238at7898          -            303   1.5e-18   65.7   7.8   2   2   4.2e-10   1.9e-08   32.5   2.7   129   213   120   208   114   222 0.86 -
NODE_16084_length_12443_cov_40.389663:1719-3116    -            466 90238at7898          -            303   3.3e-18   64.5   4.7   1   2   9.1e-13   4.1e-11   41.2   0.9     8   128    15   143     9   149 0.83 -
NODE_16084_length_12443_cov_40.389663:1719-3116    -            466 90238at7898          -            303   3.3e-18   64.5   4.7   2   2     2e-09   8.9e-08   30.3   1.2    81   171   117   214   116   222 0.72 -
NODE_73341_length_5310_cov_31.431971:1301-2593     -            431 90238at7898          -            303   3.7e-18   64.4   1.6   1   1   1.2e-19   5.6e-18   63.8   1.6   101   284    14   212     3   222 0.82 -
NODE_39250_length_8169_cov_21.181537:4666-5298     -            211 90238at7898          -            303   4.1e-18   64.3   1.0   1   2   1.3e-12   5.9e-11   40.7   0.3    87   196    19   134     7   136 0.88 -
NODE_39250_length_8169_cov_21.181537:4666-5298     -            211 90238at7898          -            303   4.1e-18   64.3   1.0   2   2   4.6e-09     2e-07   29.1   0.0    86   175    87   180    84   200 0.86 -
NODE_78327_length_5022_cov_27.111111:2261-3067     -            269 90238at7898          -            303   4.4e-18   64.1  13.2   1   2    0.0008     0.036   11.9   0.4   184   242    29    86    12    87 0.76 -
NODE_78327_length_5022_cov_27.111111:2261-3067     -            269 90238at7898          -            303   4.4e-18   64.1  13.2   2   2   8.5e-18   3.8e-16   57.8   9.8    44   213    69   250    65   267 0.84 -
NODE_46786_length_7360_cov_27.506129:2150-3589     -            480 90238at7898          -            303     6e-18   63.7  10.7   1   2   1.3e-06   5.9e-05   21.0   2.8    90   178     2    97     1   120 0.67 -
NODE_46786_length_7360_cov_27.506129:2150-3589     -            480 90238at7898          -            303     6e-18   63.7  10.7   2   2   1.3e-14   5.7e-13   47.3   1.1    14   173   242   415   231   437 0.80 -
NODE_61703_length_6085_cov_30.489977:1776-3233     -            486 90238at7898          -            303   8.3e-18   63.2  14.8   1   2   4.3e-08   1.9e-06   25.9   1.0   129   244    10   127     1   144 0.84 -
NODE_61703_length_6085_cov_30.489977:1776-3233     -            486 90238at7898          -            303   8.3e-18   63.2  14.8   2   2   7.6e-13   3.4e-11   41.5   6.8    13   189   238   431   233   438 0.78 -
NODE_36985_length_8446_cov_41.148916:723-3687      -            187 90238at7898          -            303     1e-17   62.9   0.0   1   1   2.9e-19   1.3e-17   62.6   0.0    75   195    11   138     6   159 0.89 -
NODE_17525_length_12029_cov_42.756832:1563-2450    -            296 90238at7898          -            303   1.4e-17   62.5  21.2   1   2   1.3e-09   5.7e-08   30.9   7.0   125   238     6   122     1   127 0.55 -
NODE_17525_length_12029_cov_42.756832:1563-2450    -            296 90238at7898          -            303   1.4e-17   62.5  21.2   2   2     2e-11   8.9e-10   36.9   7.2    81   211   124   264   120   274 0.84 -
NODE_109262_length_3602_cov_35.996860:808-3078     -            757 90238at7898          -            303   1.5e-17   62.4  20.1   1   4       2.7   1.2e+02    0.3   0.1   213   250   388   425   348   439 0.70 -
NODE_109262_length_3602_cov_35.996860:808-3078     -            757 90238at7898          -            303   1.5e-17   62.4  20.1   2   4   1.2e-07   5.4e-06   24.4   8.7    85   243   418   586   404   592 0.75 -
NODE_109262_length_3602_cov_35.996860:808-3078     -            757 90238at7898          -            303   1.5e-17   62.4  20.1   3   4   1.9e-11   8.3e-10   37.0   0.9   127   237   588   697   583   698 0.86 -
NODE_109262_length_3602_cov_35.996860:808-3078     -            757 90238at7898          -            303   1.5e-17   62.4  20.1   4   4   0.00051     0.023   12.5   0.3   118   175   669   728   668   756 0.78 -
NODE_2564_length_21546_cov_176.328204:10545-11447  -            301 90238at7898          -            303     2e-17   62.0   6.5   1   2   4.4e-14     2e-12   45.6   0.1    97   203    18   131    10   140 0.83 -
NODE_2564_length_21546_cov_176.328204:10545-11447  -            301 90238at7898          -            303     2e-17   62.0   6.5   2   2   7.4e-08   3.3e-06   25.1   3.1    85   235    99   258    99   262 0.67 -
NODE_64037_length_5915_cov_232.078920:4308-4898    -            197 90238at7898          -            303   2.7e-17   61.5   2.6   1   2   0.00064     0.029   12.2   0.1   180   236     2    62     1    69 0.81 -
NODE_64037_length_5915_cov_232.078920:4308-4898    -            197 90238at7898          -            303   2.7e-17   61.5   2.6   2   2   3.3e-15   1.5e-13   49.3   0.6   155   257    88   196    63   197 0.82 -
NODE_75227_length_5195_cov_24.601452:902-2146      -            415 90238at7898          -            303   3.8e-17   61.1   7.7   1   3   0.00011    0.0051   14.7   1.3    13    59    18    64     7    65 0.86 -
NODE_75227_length_5195_cov_24.601452:902-2146      -            415 90238at7898          -            303   3.8e-17   61.1   7.7   2   3   8.2e-13   3.7e-11   41.4   0.3    97   203    35   148    26   158 0.83 -
NODE_75227_length_5195_cov_24.601452:902-2146      -            415 90238at7898          -            303   3.8e-17   61.1   7.7   3   3   6.8e-07   3.1e-05   22.0   0.3    79   179   159   264   150   278 0.77 -
NODE_19400_length_11530_cov_28.480448:5491-8699    -            678 90238at7898          -            303   4.5e-17   60.8   3.2   1   1   5.8e-17   2.6e-15   55.0   3.2     5   194    10   214     7   216 0.80 -
NODE_2597_length_21505_cov_44.728627:18079-19932   -            618 90238at7898          -            303   5.1e-17   60.6  30.6   1   6    0.0016     0.072   10.9   0.1   165   237     9    80     4    84 0.82 -
NODE_2597_length_21505_cov_44.728627:18079-19932   -            618 90238at7898          -            303   5.1e-17   60.6  30.6   2   6   0.00088      0.04   11.7   0.6   196   240    91   135    70   139 0.64 -
NODE_2597_length_21505_cov_44.728627:18079-19932   -            618 90238at7898          -            303   5.1e-17   60.6  30.6   3   6   2.1e-05   0.00094   17.1   3.9    81   190   135   249   133   264 0.84 -
NODE_2597_length_21505_cov_44.728627:18079-19932   -            618 90238at7898          -            303   5.1e-17   60.6  30.6   4   6   4.7e-06   0.00021   19.2   2.1   179   260   294   380   284   398 0.75 -
NODE_2597_length_21505_cov_44.728627:18079-19932   -            618 90238at7898          -            303   5.1e-17   60.6  30.6   5   6   1.5e-05   0.00068   17.5   1.3   106   265   334   492   327   493 0.72 -
NODE_2597_length_21505_cov_44.728627:18079-19932   -            618 90238at7898          -            303   5.1e-17   60.6  30.6   6   6    0.0003     0.014   13.3   0.6   108   189   469   553   465   573 0.83 -
NODE_472_length_30677_cov_40.568644:639-15077      -            901 90238at7898          -            303   1.9e-16   58.7   3.8   1   2   2.7e-06   0.00012   20.0   0.8   182   244     1    62     1    79 0.77 -
NODE_472_length_30677_cov_40.568644:639-15077      -            901 90238at7898          -            303   1.9e-16   58.7   3.8   2   2   1.4e-12   6.1e-11   40.7   0.2   112   267    68   238    60   252 0.81 -
NODE_27934_length_9766_cov_25.485466:8314-8898     -            195 90238at7898          -            303   2.2e-16   58.6   9.5   1   2   3.4e-13   1.5e-11   42.6   1.1   132   248     8   123     5   125 0.91 -
NODE_27934_length_9766_cov_25.485466:8314-8898     -            195 90238at7898          -            303   2.2e-16   58.6   9.5   2   2   7.8e-07   3.5e-05   21.8   2.1   130   195   121   188   118   194 0.91 -
NODE_96816_length_4108_cov_40.801696:1660-2439     -            260 90238at7898          -            303   3.1e-16   58.0   4.4   1   2       0.3        14    3.4   0.7    14    61    17    64    13    67 0.84 -
NODE_96816_length_4108_cov_40.801696:1660-2439     -            260 90238at7898          -            303   3.1e-16   58.0   4.4   2   2     7e-18   3.1e-16   58.0   4.4    85   223    65   205    62   221 0.88 -
NODE_70777_length_5472_cov_40.834543:1221-3503     -            761 90238at7898          -            303   3.3e-16   58.0  10.5   1   2   1.7e-05   0.00076   17.4   2.8   108   243   446   588   407   594 0.76 -
NODE_70777_length_5472_cov_40.834543:1221-3503     -            761 90238at7898          -            303   3.3e-16   58.0  10.5   2   2     5e-16   2.3e-14   52.0   3.0    87   250   567   735   564   749 0.85 -
NODE_7181_length_16326_cov_36.666913:8826-11273    -            816 90238at7898          -            303   4.7e-16   57.5  35.1   1   3   2.2e-05   0.00099   17.0   6.6   141   244   545   647   464   654 0.66 -
NODE_7181_length_16326_cov_36.666913:8826-11273    -            816 90238at7898          -            303   4.7e-16   57.5  35.1   2   3   7.9e-11   3.5e-09   34.9  12.1    70   245   537   719   529   725 0.79 -
NODE_7181_length_16326_cov_36.666913:8826-11273    -            816 90238at7898          -            303   4.7e-16   57.5  35.1   3   3   1.1e-10   5.1e-09   34.4   1.2    88   249   651   770   648   785 0.46 -
NODE_4527_length_18597_cov_26.274841:4154-5941     -            596 90238at7898          -            303   1.1e-15   56.2  17.9   1   3   1.1e-11   4.8e-10   37.7   3.0   102   213    33   151    25   158 0.85 -
NODE_4527_length_18597_cov_26.274841:4154-5941     -            596 90238at7898          -            303   1.1e-15   56.2  17.9   2   3   7.5e-05    0.0034   15.3   0.1   129   194   111   180   108   200 0.64 -
NODE_4527_length_18597_cov_26.274841:4154-5941     -            596 90238at7898          -            303   1.1e-15   56.2  17.9   3   3   3.4e-07   1.5e-05   23.0   6.6    81   211   201   343   175   349 0.82 -
NODE_75688_length_5169_cov_32.140237:3526-4203     -            226 90238at7898          -            303   1.1e-15   56.2  14.8   1   2   6.9e-13   3.1e-11   41.6   6.2    86   213    36   168    21   170 0.74 -
NODE_75688_length_5169_cov_32.140237:3526-4203     -            226 90238at7898          -            303   1.1e-15   56.2  14.8   2   2   2.3e-08     1e-06   26.8   1.3    89   174   131   220   129   226 0.70 -
NODE_11485_length_14070_cov_116.437621:11425-13731 -            769 90238at7898          -            303   1.2e-15   56.1  10.4   1   4   1.8e-09   7.9e-08   30.5   0.7   160   264     9   113     2   135 0.86 -
NODE_11485_length_14070_cov_116.437621:11425-13731 -            769 90238at7898          -            303   1.2e-15   56.1  10.4   2   4     0.031       1.4    6.7   0.1   178   246   313   385   302   391 0.73 -
NODE_11485_length_14070_cov_116.437621:11425-13731 -            769 90238at7898          -            303   1.2e-15   56.1  10.4   3   4      0.25        11    3.7   0.0   199   238   363   403   358   409 0.83 -
NODE_11485_length_14070_cov_116.437621:11425-13731 -            769 90238at7898          -            303   1.2e-15   56.1  10.4   4   4   5.2e-07   2.3e-05   22.4   0.8    90   213   390   517   382   546 0.79 -
NODE_60216_length_6194_cov_28.437736:2466-3578     -            371 90238at7898          -            303   1.3e-15   56.1   5.9   1   2   1.9e-07   8.6e-06   23.8   0.6    13   144     2   141     1   142 0.79 -
NODE_60216_length_6194_cov_28.437736:2466-3578     -            371 90238at7898          -            303   1.3e-15   56.1   5.9   2   2   3.4e-10   1.5e-08   32.8   0.7    81   252   144   326   134   333 0.76 -
NODE_23704_length_10549_cov_26.026699:2008-3384    -            459 90238at7898          -            303   1.9e-15   55.5   3.1   1   2   1.9e-11   8.7e-10   36.9   0.1    11   137    17   149     9   153 0.84 -
NODE_23704_length_10549_cov_26.026699:2008-3384    -            459 90238at7898          -            303   1.9e-15   55.5   3.1   2   2     2e-08   8.9e-07   27.0   0.7   130   214   122   211   120   227 0.62 -
NODE_30609_length_9330_cov_35.070198:5037-7505     -            823 90238at7898          -            303   2.5e-15   55.1  17.0   1   3       0.5        22    2.7   0.4    80   125   501   549   469   584 0.54 -
NODE_30609_length_9330_cov_35.070198:5037-7505     -            823 90238at7898          -            303   2.5e-15   55.1  17.0   2   3     1e-12   4.7e-11   41.1  10.3    70   257   540   739   505   743 0.75 -
NODE_30609_length_9330_cov_35.070198:5037-7505     -            823 90238at7898          -            303   2.5e-15   55.1  17.0   3   3   9.1e-06   0.00041   18.3   0.2   113   252   729   800   721   821 0.52 -
NODE_26843_length_9960_cov_36.810364:6277-6864     -            196 90238at7898          -            303   4.6e-15   54.2   2.5   1   1   2.7e-16   1.2e-14   52.8   2.5     4   165    11   181     8   185 0.83 -
NODE_23326_length_10621_cov_27.924824:4985-6169    -            395 90238at7898          -            303   5.4e-15   54.0  25.0   1   2   1.6e-11   7.3e-10   37.1   7.8   119   241    41   165    26   171 0.85 -
NODE_23326_length_10621_cov_27.924824:4985-6169    -            395 90238at7898          -            303   5.4e-15   54.0  25.0   2   2     8e-08   3.6e-06   25.0   5.7    49   213   178   356   170   371 0.77 -
NODE_17231_length_12114_cov_37.368373:4588-10096   -            821 90238at7898          -            303   5.5e-15   54.0  10.1   1   3   8.1e-10   3.6e-08   31.6   0.8    84   175   605   702   574   707 0.81 -
NODE_17231_length_12114_cov_37.368373:4588-10096   -            821 90238at7898          -            303   5.5e-15   54.0  10.1   2   3   4.2e-06   0.00019   19.4   0.8   132   191   705   767   703   768 0.87 -
NODE_17231_length_12114_cov_37.368373:4588-10096   -            821 90238at7898          -            303   5.5e-15   54.0  10.1   3   3   0.00072     0.032   12.0   0.3   132   174   752   794   748   798 0.94 -
NODE_2678_length_21349_cov_75.292329:16965-17528   -            188 90238at7898          -            303   1.2e-14   52.8  10.3   1   1   5.7e-16   2.6e-14   51.8  10.4   135   266    15   147     8   164 0.87 -
NODE_142113_length_2532_cov_2.099055:995-1654      -            220 90238at7898          -            303   1.4e-14   52.6   8.2   1   3       7.1   3.2e+02   -1.1   0.0    47    61     1    15     1    23 0.74 -
NODE_142113_length_2532_cov_2.099055:995-1654      -            220 90238at7898          -            303   1.4e-14   52.6   8.2   2   3   5.8e-10   2.6e-08   32.0   0.4    94   186    24   122    17   130 0.82 -
NODE_142113_length_2532_cov_2.099055:995-1654      -            220 90238at7898          -            303   1.4e-14   52.6   8.2   3   3   1.6e-07   7.4e-06   24.0   3.6   113   214   114   218   109   220 0.75 -
NODE_6879_length_16520_cov_33.048414:3919-5280     -            454 90238at7898          -            303   1.6e-14   52.5   5.6   1   2   8.9e-10     4e-08   31.4   1.0     6   128    11   140     7   146 0.80 -
NODE_6879_length_16520_cov_33.048414:3919-5280     -            454 90238at7898          -            303   1.6e-14   52.5   5.6   2   2   4.9e-09   2.2e-07   29.0   1.0   127   218   118   212   113   218 0.84 -
NODE_5354_length_17792_cov_28.765614:4533-5237     -            235 90238at7898          -            303   1.6e-14   52.4   8.0   1   3      0.34        15    3.2   0.3     8    40    13    44     6    47 0.77 -
NODE_5354_length_17792_cov_28.765614:4533-5237     -            235 90238at7898          -            303   1.6e-14   52.4   8.0   2   3   2.2e-09   9.7e-08   30.2   0.4   133   212    50   129    43   130 0.94 -
NODE_5354_length_17792_cov_28.765614:4533-5237     -            235 90238at7898          -            303   1.6e-14   52.4   8.0   3   3   7.9e-09   3.5e-07   28.3   0.6    59   165   107   219   103   223 0.84 -
NODE_72215_length_5380_cov_24.431547:1178-1768     -            197 90238at7898          -            303   2.5e-14   51.8   5.2   1   2   1.7e-05   0.00075   17.4   0.1     6    61    10    65     6    71 0.80 -
NODE_72215_length_5380_cov_24.431547:1178-1768     -            197 90238at7898          -            303   2.5e-14   51.8   5.2   2   2   4.1e-11   1.8e-09   35.8   1.7   113   210    74   178    68   184 0.87 -
NODE_93207_length_4266_cov_34.529158:1000-3222     -            741 90238at7898          -            303   2.7e-14   51.7  10.9   1   3   3.8e-08   1.7e-06   26.1   1.1   175   273     2   101     1   127 0.81 -
NODE_93207_length_4266_cov_34.529158:1000-3222     -            741 90238at7898          -            303   2.7e-14   51.7  10.9   2   3     0.058       2.6    5.8   0.9   191   250   303   368   284   370 0.74 -
NODE_93207_length_4266_cov_34.529158:1000-3222     -            741 90238at7898          -            303   2.7e-14   51.7  10.9   3   3   4.9e-09   2.2e-07   29.0   2.5    60   212   338   491   312   504 0.87 -
NODE_63204_length_5977_cov_35.460020:2244-4499     -            752 90238at7898          -            303   3.1e-14   51.5  15.6   1   4   8.5e-05    0.0038   15.1   0.5   174   240     2    67     1    70 0.91 -
NODE_63204_length_5977_cov_35.460020:2244-4499     -            752 90238at7898          -            303   3.1e-14   51.5  15.6   2   4    0.0014     0.061   11.1   0.6   193   267    70   147    66   155 0.85 -
NODE_63204_length_5977_cov_35.460020:2244-4499     -            752 90238at7898          -            303   3.1e-14   51.5  15.6   3   4   7.5e-06   0.00034   18.5   0.8   179   257   333   415   293   416 0.80 -
NODE_63204_length_5977_cov_35.460020:2244-4499     -            752 90238at7898          -            303   3.1e-14   51.5  15.6   4   4     4e-09   1.8e-07   29.3   3.0    91   210   357   482   329   489 0.53 -
NODE_8508_length_15535_cov_32.503239:10536-11672   -            379 90238at7898          -            303   3.2e-14   51.4   8.8   1   3   5.2e-11   2.4e-09   35.5   1.9     8   181    10   192     5   193 0.85 -
NODE_8508_length_15535_cov_32.503239:10536-11672   -            379 90238at7898          -            303   3.2e-14   51.4   8.8   2   3   2.1e-06   9.4e-05   20.4   0.1    81   206   157   292   150   298 0.78 -
NODE_8508_length_15535_cov_32.503239:10536-11672   -            379 90238at7898          -            303   3.2e-14   51.4   8.8   3   3   3.9e-05    0.0018   16.2   0.2    92   174   240   329   226   347 0.77 -
NODE_36243_length_8543_cov_22.646850:2132-2953     -            274 90238at7898          -            303   3.3e-14   51.4   2.6   1   2     8e-09   3.6e-07   28.3   0.1   131   265     9   149     1   149 0.82 -
NODE_36243_length_8543_cov_22.646850:2132-2953     -            274 90238at7898          -            303   3.3e-14   51.4   2.6   2   2   7.3e-09   3.3e-07   28.4   0.7    79   181    96   203    89   214 0.87 -
NODE_1714_length_23768_cov_39.758334:21151-22290   -            380 90238at7898          -            303   4.8e-14   50.9   1.8   1   1   1.7e-15   7.7e-14   50.2   1.8   101   243    22   172    12   201 0.84 -
NODE_59022_length_6286_cov_28.615646:4902-5474     -            191 90238at7898          -            303   1.1e-13   49.7   7.0   1   2   1.4e-09   6.3e-08   30.8   2.8    11   109    12   112     3   114 0.79 -
NODE_59022_length_6286_cov_28.615646:4902-5474     -            191 90238at7898          -            303   1.1e-13   49.7   7.0   2   2   1.2e-08   5.3e-07   27.7   0.1   131   210    92   175    88   181 0.89 -
NODE_29263_length_9547_cov_43.281541:4709-5542     -            278 90238at7898          -            303   1.8e-13   49.0   7.1   1   2   7.5e-14   3.4e-12   44.8   4.6    80   255     3   186     1   188 0.79 -
NODE_29263_length_9547_cov_43.281541:4709-5542     -            278 90238at7898          -            303   1.8e-13   49.0   7.1   2   2   0.00014    0.0063   14.4   0.2   150   225   148   223   128   245 0.82 -
NODE_65317_length_5829_cov_77.366667:3162-4547     -            462 90238at7898          -            303     2e-13   48.8   2.2   1   1   1.5e-13   6.9e-12   43.8   2.2    73   213    40   190     1   205 0.76 -
NODE_62363_length_6038_cov_30.612224:1897-2451     -            185 90238at7898          -            303   2.2e-13   48.7   0.7   1   1     3e-14   1.3e-12   46.1   0.7    49   210     3   177     1   180 0.81 -
NODE_7848_length_15929_cov_27.782059:13884-15419   -            512 90238at7898          -            303   2.7e-13   48.4  13.1   1   2   1.2e-06   5.2e-05   21.2   1.0    90   203    23   122     2   134 0.46 -
NODE_7848_length_15929_cov_27.782059:13884-15419   -            512 90238at7898          -            303   2.7e-13   48.4  13.1   2   2   1.2e-09   5.5e-08   31.0   5.2    11   167   247   417   240   440 0.79 -
NODE_3505_length_20007_cov_36.410137:146-1787      -            388 90238at7898          -            303     6e-13   47.3   5.3   1   2   7.6e-10   3.4e-08   31.7   0.5   131   212    71   153    63   162 0.88 -
NODE_3505_length_20007_cov_36.410137:146-1787      -            388 90238at7898          -            303     6e-13   47.3   5.3   2   2   2.4e-05    0.0011   16.9   0.5   132   187   166   223   158   255 0.76 -
NODE_50787_length_6979_cov_28.579651:1023-2540     -            506 90238at7898          -            303   9.7e-13   46.6  21.0   1   3   1.4e-06   6.4e-05   20.9   3.3    97   212    33   155     9   157 0.72 -
NODE_50787_length_6979_cov_28.579651:1023-2540     -            506 90238at7898          -            303   9.7e-13   46.6  21.0   2   3   4.2e-09   1.9e-07   29.2   5.9    81   209   158   296   151   308 0.79 -
NODE_50787_length_6979_cov_28.579651:1023-2540     -            506 90238at7898          -            303   9.7e-13   46.6  21.0   3   3      0.27        12    3.6   0.1   151   201   307   336   300   349 0.58 -
NODE_16824_length_12219_cov_33.576073:8880-10370   -            497 90238at7898          -            303   1.1e-12   46.4  11.9   1   3   1.6e-07     7e-06   24.1   2.3    95   193     5   113     1   116 0.60 -
NODE_16824_length_12219_cov_33.576073:8880-10370   -            497 90238at7898          -            303   1.1e-12   46.4  11.9   2   3   1.4e-07   6.4e-06   24.2   1.6    81   193    63   180    62   196 0.78 -
NODE_16824_length_12219_cov_33.576073:8880-10370   -            497 90238at7898          -            303   1.1e-12   46.4  11.9   3   3   0.00071     0.032   12.0   0.3    62   117   190   245   181   270 0.80 -
NODE_18680_length_11719_cov_33.542427:9886-10491   -            202 90238at7898          -            303   1.1e-12   46.4   7.9   1   2   5.8e-09   2.6e-07   28.8   2.5   134   212    19   101     1   112 0.83 -
NODE_18680_length_11719_cov_33.542427:9886-10491   -            202 90238at7898          -            303   1.1e-12   46.4   7.9   2   2     3e-09   1.4e-07   29.7   3.6   136   213    69   150    67   190 0.84 -
NODE_12434_length_13686_cov_41.918378:9647-10264   -            206 90238at7898          -            303   1.4e-12   46.0   2.2   1   1     4e-14   1.8e-12   45.7   2.2    14   187     4   191     1   198 0.79 -
NODE_56018_length_6526_cov_31.414813:2924-4300     -            459 90238at7898          -            303   1.6e-12   45.9   7.1   1   2      0.58        26    2.5   0.2    14    66    20    74     7    79 0.60 -
NODE_56018_length_6526_cov_31.414813:2924-4300     -            459 90238at7898          -            303   1.6e-12   45.9   7.1   2   2   5.6e-14   2.5e-12   45.2   3.2    86   241    72   213    67   217 0.46 -
NODE_88901_length_4471_cov_28.353385:1553-2941     -            463 90238at7898          -            303   1.8e-12   45.7   3.7   1   2   1.5e-08   6.9e-07   27.4   0.3    15   133     2   127     1   130 0.85 -
NODE_88901_length_4471_cov_28.353385:1553-2941     -            463 90238at7898          -            303   1.8e-12   45.7   3.7   2   2     1e-08   4.6e-07   27.9   1.3    86   171   101   194    96   201 0.65 -
NODE_51076_length_6952_cov_32.154677:4684-6237     -            518 90238at7898          -            303   2.2e-12   45.4  21.5   1   2   1.5e-10   6.5e-09   34.0  14.7    56   240    36   229     6   237 0.84 -
NODE_51076_length_6952_cov_32.154677:4684-6237     -            518 90238at7898          -            303   2.2e-12   45.4  21.5   2   2    0.0012     0.056   11.2   0.7   122   213   225   322   213   331 0.72 -
NODE_25361_length_10231_cov_40.693348:593-1309     -            239 90238at7898          -            303   2.3e-12   45.3   5.1   1   1   6.8e-14   3.1e-12   44.9   5.1    44   187    59   217    45   236 0.82 -
NODE_66729_length_5730_cov_38.914580:4740-5600     -            287 90238at7898          -            303   3.2e-12   44.9   4.3   1   1   1.2e-13   5.3e-12   44.2   4.3    89   243    51   208    24   220 0.82 -
NODE_3340_length_20239_cov_21.254916:10086-10808   -            241 90238at7898          -            303     7e-12   43.8   2.2   1   1     2e-13     9e-12   43.4   2.2    15   171     1   169     1   197 0.67 -
NODE_6978_length_16453_cov_32.169255:1139-2245     -            369 90238at7898          -            303   7.7e-12   43.6  22.3   1   3   9.4e-06   0.00042   18.2   5.5   135   212    21   101    12   103 0.87 -
NODE_6978_length_16453_cov_32.169255:1139-2245     -            369 90238at7898          -            303   7.7e-12   43.6  22.3   2   3   2.1e-08   9.5e-07   26.9   4.3    81   202   104   235   100   261 0.76 -
NODE_6978_length_16453_cov_32.169255:1139-2245     -            369 90238at7898          -            303   7.7e-12   43.6  22.3   3   3      0.03       1.4    6.7   0.5    63   164   256   316   228   324 0.55 -
NODE_2888_length_21008_cov_46.372758:6387-7217     -            277 90238at7898          -            303   8.8e-12   43.4  10.6   1   3   2.7e-08   1.2e-06   26.6   0.1   133   269     3   145     1   148 0.81 -
NODE_2888_length_21008_cov_46.372758:6387-7217     -            277 90238at7898          -            303   8.8e-12   43.4  10.6   2   3   7.7e-06   0.00035   18.5   0.4   122   212    89   181    72   183 0.84 -
NODE_2888_length_21008_cov_46.372758:6387-7217     -            277 90238at7898          -            303   8.8e-12   43.4  10.6   3   3   1.2e-05   0.00056   17.8   1.2    69   121   151   203   142   208 0.82 -
NODE_369_length_32292_cov_41.417948:14072-14779    -            236 90238at7898          -            303   9.9e-12   43.3   0.7   1   1   3.2e-13   1.4e-11   42.7   0.7    35   180     8   162     1   195 0.65 -
NODE_22719_length_10748_cov_61.839422:7186-8842    -            364 90238at7898          -            303   1.1e-11   43.1   9.6   1   3      0.71        32    2.2   1.0    10    41    13    43     7    43 0.82 -
NODE_22719_length_10748_cov_61.839422:7186-8842    -            364 90238at7898          -            303   1.1e-11   43.1   9.6   2   3   8.1e-10   3.6e-08   31.6   0.1   100   173    36   114    30   130 0.86 -
NODE_22719_length_10748_cov_61.839422:7186-8842    -            364 90238at7898          -            303   1.1e-11   43.1   9.6   3   3   2.9e-05    0.0013   16.6   0.7   142   213   135   211   122   230 0.83 -
NODE_14506_length_12924_cov_27.558830:10985-11569  -            195 90238at7898          -            303   1.1e-11   43.1   0.1   1   1   3.2e-13   1.4e-11   42.7   0.1   101   213     5   124     2   133 0.87 -
NODE_57438_length_6408_cov_33.156602:2163-3638     -            492 90238at7898          -            303   1.4e-11   42.8   7.3   1   1   6.6e-13     3e-11   41.7   7.2    29   191    42   223    24   241 0.78 -
NODE_55003_length_6611_cov_26.792230:4218-5390     -            391 90238at7898          -            303   1.9e-11   42.3  15.2   1   3    0.0088       0.4    8.5   0.2    12    61     9    58     3    64 0.84 -
NODE_55003_length_6611_cov_26.792230:4218-5390     -            391 90238at7898          -            303   1.9e-11   42.3  15.2   2   3   3.5e-05    0.0016   16.4   0.8   113   181    67   139    61   149 0.67 -
NODE_55003_length_6611_cov_26.792230:4218-5390     -            391 90238at7898          -            303   1.9e-11   42.3  15.2   3   3   1.4e-07   6.2e-06   24.2   2.9    81   241   152   321   147   342 0.75 -
NODE_135862_length_2708_cov_33.136451:1668-2414    -            249 90238at7898          -            303   2.3e-11   42.1   9.9   1   3     1e-06   4.7e-05   21.4   1.6   128   212    18   106     1   108 0.81 -
NODE_135862_length_2708_cov_33.136451:1668-2414    -            249 90238at7898          -            303   2.3e-11   42.1   9.9   2   3   9.6e-10   4.3e-08   31.3   3.2    79   170    83   181    71   199 0.83 -
NODE_135862_length_2708_cov_33.136451:1668-2414    -            249 90238at7898          -            303   2.3e-11   42.1   9.9   3   3       1.1        50    1.6   0.0    83   119   210   244   190   248 0.78 -
NODE_12184_length_13784_cov_22.998100:9596-10129   -            178 90238at7898          -            303   2.7e-11   41.9   0.7   1   2   8.7e-11   3.9e-09   34.7   0.2   157   242    10    94     1   113 0.87 -
NODE_12184_length_13784_cov_22.998100:9596-10129   -            178 90238at7898          -            303   2.7e-11   41.9   0.7   2   2   0.00062     0.028   12.2   0.0    44   121    77   160    73   164 0.68 -
NODE_149636_length_2333_cov_33.026410:1101-1427    -            109 90238at7898          -            303   4.1e-11   41.2   0.0   1   1   9.8e-13   4.4e-11   41.1   0.0    80   171    11   109     2   109 0.83 -
NODE_61703_length_6085_cov_30.489977:2499-3275     -            259 90238at7898          -            303   5.7e-11   40.8   7.2   1   1   3.1e-12   1.4e-10   39.5   7.2    19   189     5   190     1   206 0.72 -
NODE_5516_length_17646_cov_35.718527:939-1661      -            241 90238at7898          -            303   7.7e-11   40.4   1.2   1   1   2.4e-12   1.1e-10   39.8   1.2   105   250     9   160     2   197 0.79 -
NODE_83529_length_4740_cov_29.106658:1552-2676     -            375 90238at7898          -            303   7.7e-11   40.3  14.3   1   2   2.1e-09   9.3e-08   30.2   0.1    98   177    49   134    44   143 0.84 -
NODE_83529_length_4740_cov_29.106658:1552-2676     -            375 90238at7898          -            303   7.7e-11   40.3  14.3   2   2   8.2e-05    0.0037   15.1   6.2   152   242   144   228   134   251 0.78 -
NODE_34559_length_8757_cov_41.208247:4718-5356     -            213 90238at7898          -            303   8.4e-11   40.2   3.3   1   2   0.00027     0.012   13.4   0.0   139   212     3    81     1    84 0.78 -
NODE_34559_length_8757_cov_41.208247:4718-5356     -            213 90238at7898          -            303   8.4e-11   40.2   3.3   2   2   2.5e-08   1.1e-06   26.7   1.3    84   166    87   176    83   186 0.76 -
NODE_94071_length_4226_cov_26.956142:1845-2261     -            139 90238at7898          -            303   8.5e-11   40.2   1.4   1   1   2.3e-12     1e-10   39.9   1.4   137   248     6   118     3   135 0.89 -
NODE_35237_length_8671_cov_20.707886:3021-3897     -            252 90238at7898          -            303   8.5e-11   40.2   0.1   1   1   6.4e-12   2.9e-10   38.5   0.1   101   214    10   130     2   139 0.73 -
NODE_15558_length_12603_cov_34.738244:6985-7692    -            236 90238at7898          -            303   1.3e-10   39.6   0.2   1   1   3.5e-12   1.6e-10   39.3   0.2    15   178     1   177     1   211 0.69 -
NODE_93163_length_4268_cov_39.309187:544-2643      -            700 90238at7898          -            303   1.4e-10   39.5  12.4   1   1   4.1e-12   1.8e-10   39.1  11.5    44   252   473   692   463   700 0.75 -
NODE_46786_length_7360_cov_27.506129:2984-3622     -            213 90238at7898          -            303   3.8e-10   38.1   1.0   1   1   1.2e-11   5.6e-10   37.5   1.0    48   173     4   137     2   163 0.73 -
NODE_2645_length_21408_cov_40.042799:14613-16445   -            328 90238at7898          -            303   4.8e-10   37.8   3.5   1   1   1.9e-11   8.7e-10   36.9   3.5    91   233    63   210    55   232 0.81 -
NODE_1020_length_26550_cov_31.093683:4676-6073     -            466 90238at7898          -            303   1.2e-09   36.5  13.8   1   4   0.00067      0.03   12.1   3.4    15   106     4    97     1    97 0.53 -
NODE_1020_length_26550_cov_31.093683:4676-6073     -            466 90238at7898          -            303   1.2e-09   36.5  13.8   2   4   1.5e-05   0.00069   17.5   0.9   112   181    58   131    50   142 0.82 -
NODE_1020_length_26550_cov_31.093683:4676-6073     -            466 90238at7898          -            303   1.2e-09   36.5  13.8   3   4     0.067         3    5.6   0.0    81   129   144   195   138   204 0.77 -
NODE_1020_length_26550_cov_31.093683:4676-6073     -            466 90238at7898          -            303   1.2e-09   36.5  13.8   4   4   0.00012    0.0053   14.6   0.4    66   173   226   315   215   336 0.46 -
NODE_8001_length_15836_cov_76.978649:8731-9399     -            223 90238at7898          -            303     2e-09   35.7   2.8   1   2   5.3e-07   2.4e-05   22.3   1.0   136   242    24   136    19   147 0.78 -
NODE_8001_length_15836_cov_76.978649:8731-9399     -            223 90238at7898          -            303     2e-09   35.7   2.8   2   2   1.9e-05   0.00086   17.2   0.2    71   165   125   223   114   223 0.87 -
NODE_44703_length_7571_cov_24.610680:2765-6682     -            144 90238at7898          -            303   2.7e-09   35.3   1.3   1   1   6.8e-11   3.1e-09   35.1   1.3   125   248    17   141     5   144 0.81 -
NODE_4435_length_18700_cov_43.314661:16215-16607   -            131 90238at7898          -            303   3.2e-09   35.1   1.1   1   1   8.3e-11   3.7e-09   34.8   0.4   162   240    28   106    24   112 0.88 -
NODE_10844_length_14343_cov_34.362117:8860-11001   -            714 90238at7898          -            303   3.5e-09   34.9   4.7   1   1   7.7e-11   3.5e-09   34.9   4.7   100   214    52   173    44   195 0.84 -
NODE_2889_length_21008_cov_29.426945:10055-10594   -            180 90238at7898          -            303   9.3e-09   33.5   4.7   1   2     0.011      0.48    8.2   0.9     3    40     5    43     3    44 0.85 -
NODE_2889_length_21008_cov_29.426945:10055-10594   -            180 90238at7898          -            303   9.3e-09   33.5   4.7   2   2   2.2e-10   9.9e-09   33.4   1.8   156   242    28   114    20   126 0.75 -
NODE_49120_length_7134_cov_29.715423:3653-4258     -            202 90238at7898          -            303   1.3e-08   33.1   7.2   1   3       2.4   1.1e+02    0.5   0.1    13    40    26    51    23    52 0.77 -
NODE_49120_length_7134_cov_29.715423:3653-4258     -            202 90238at7898          -            303   1.3e-08   33.1   7.2   2   3   1.1e-09   4.8e-08   31.2   0.2   160   240    40   119    35   125 0.91 -
NODE_49120_length_7134_cov_29.715423:3653-4258     -            202 90238at7898          -            303   1.3e-08   33.1   7.2   3   3     0.056       2.5    5.8   0.2    65   116   128   179   124   188 0.76 -
NODE_19150_length_11592_cov_110.845036:3990-4439   -            150 90238at7898          -            303   2.8e-08   31.9   0.1   1   1   9.1e-10   4.1e-08   31.4   0.1   136   211     5    86     2    92 0.85 -
NODE_7848_length_15929_cov_27.782059:14760-15485   -            242 90238at7898          -            303   3.5e-08   31.6   2.8   1   2   5.1e-07   2.3e-05   22.4   0.2   139   212     1    78     1    80 0.86 -
NODE_7848_length_15929_cov_27.782059:14760-15485   -            242 90238at7898          -            303   3.5e-08   31.6   2.8   2   2    0.0038      0.17    9.7   0.2    83   135    83   138    77   151 0.80 -
NODE_42241_length_7828_cov_37.574072:102-3256      -            222 90238at7898          -            303   2.2e-07   29.0   6.9   1   2   2.8e-07   1.2e-05   23.2   1.9    71   167    31   127     6   149 0.68 -
NODE_42241_length_7828_cov_37.574072:102-3256      -            222 90238at7898          -            303   2.2e-07   29.0   6.9   2   2    0.0056      0.25    9.1   0.2   115   168   149   206   133   215 0.72 -
NODE_4004_length_19302_cov_39.595324:1946-6064     -            289 90238at7898          -            303   2.7e-07   28.7   6.5   1   3   3.5e-05    0.0016   16.3   1.0    30   144    32   151    13   167 0.55 -
NODE_4004_length_19302_cov_39.595324:1946-6064     -            289 90238at7898          -            303   2.7e-07   28.7   6.5   2   3     7e-05    0.0031   15.4   0.8    85   164   134   214   120   232 0.80 -
NODE_4004_length_19302_cov_39.595324:1946-6064     -            289 90238at7898          -            303   2.7e-07   28.7   6.5   3   3       3.5   1.6e+02   -0.1   0.1   140   180   227   267   216   278 0.69 -
NODE_45040_length_7535_cov_30.964094:737-1831      -            365 90238at7898          -            303   4.9e-06   24.6   3.7   1   2    0.0068      0.31    8.8   0.0    81   137     7    66     2    77 0.82 -
NODE_45040_length_7535_cov_30.964094:737-1831      -            365 90238at7898          -            303   4.9e-06   24.6   3.7   2   2   6.9e-05    0.0031   15.4   1.3    65   167    88   196    80   198 0.74 -
NODE_189051_length_1461_cov_47.423642:230-1081     -            284 90238at7898          -            303   5.7e-06   24.4  10.3   1   3      0.26        12    3.6   0.1   161   226     9    73     1    85 0.57 -
NODE_189051_length_1461_cov_47.423642:230-1081     -            284 90238at7898          -            303   5.7e-06   24.4  10.3   2   3     0.017      0.74    7.6   0.4   220   293    91   164    74   168 0.70 -
NODE_189051_length_1461_cov_47.423642:230-1081     -            284 90238at7898          -            303   5.7e-06   24.4  10.3   3   3   1.4e-05   0.00063   17.7   1.7    74   135   179   243   168   275 0.75 -
NODE_53491_length_6737_cov_25.155167:29-1282       -            418 90238at7898          -            303   7.1e-06   24.0   9.7   1   3       1.1        48    1.6   0.2   153   179     3    29     1    42 0.69 -
NODE_53491_length_6737_cov_25.155167:29-1282       -            418 90238at7898          -            303   7.1e-06   24.0   9.7   2   3   2.4e-07   1.1e-05   23.5   2.7    81   207    44   180    36   187 0.73 -
NODE_53491_length_6737_cov_25.155167:29-1282       -            418 90238at7898          -            303   7.1e-06   24.0   9.7   3   3     0.012      0.55    8.0   0.8    92   174   127   216   126   234 0.68 -
NODE_68371_length_5625_cov_25.447521:3260-4434     -            162 90238at7898          -            303   1.1e-05   23.5   1.3   1   1   4.1e-07   1.8e-05   22.7   1.3    82   168    12    99     1   127 0.84 -
NODE_4675_length_18444_cov_59.282529:7171-7803     -            211 90238at7898          -            303   0.00022   19.2   0.3   1   1   8.6e-06   0.00039   18.3   0.3    44   210    14    96     1   102 0.50 -
NODE_5598_length_17581_cov_39.288411:6054-6764     -            237 90238at7898          -            303    0.0006   17.7   0.0   1   1     2e-05   0.00091   17.1   0.0   155   211    31    86     8   110 0.81 -
NODE_8928_length_15306_cov_29.526797:4104-4484     -            127 90238at7898          -            303    0.0043   14.9   0.0   1   1   0.00011    0.0048   14.8   0.0   191   250     5    64     1    85 0.72 -
#
# Program:         hmmsearch
# Version:         3.1b2 (February 2015)
# Pipeline mode:   SEARCH
# Query file:      /home/e1garcia/shotgun_PIRE/abyss/busco_downloads/lineages/actinopterygii_odb10/hmms/90238at7898.hmm
# Target file:     /home/e1garcia/shotgun_PIRE/pire_ssl_data_processing/plotosus_lineatus/busco_contigs_results-SPAdes_contam_R1R2_noIsolate/run_actinopterygii_odb10/metaeuk_output/initial_results/contigs.modified.fasta.modified.fas
# Option settings: hmmsearch --domtblout /home/e1garcia/shotgun_PIRE/pire_ssl_data_processing/plotosus_lineatus/busco_contigs_results-SPAdes_contam_R1R2_noIsolate/run_actinopterygii_odb10/hmmer_output/initial_run_results/90238at7898.out --cpu 1 /home/e1garcia/shotgun_PIRE/abyss/busco_downloads/lineages/actinopterygii_odb10/hmms/90238at7898.hmm /home/e1garcia/shotgun_PIRE/pire_ssl_data_processing/plotosus_lineatus/busco_contigs_results-SPAdes_contam_R1R2_noIsolate/run_actinopterygii_odb10/metaeuk_output/initial_results/contigs.modified.fasta.modified.fas 
# Current dir:     /home/e1garcia/shotgun_PIRE/pire_ssl_data_processing/plotosus_lineatus
# Date:            Fri Aug 20 13:39:15 2021
# [ok]
