#                                                                                                         --- full sequence --- -------------- this domain -------------   hmm coord   ali coord   env coord
# target name                                     accession   tlen query name           accession   qlen   E-value  score  bias   #  of  c-Evalue  i-Evalue  score  bias  from    to  from    to  from    to  acc description of target
#                             ------------------- ---------- ----- -------------------- ---------- ----- --------- ------ ----- --- --- --------- --------- ------ ----- ----- ----- ----- ----- ----- ----- ---- ---------------------
NODE_83321_length_4751_cov_32.012038:3204-4120    -            130 93403at7898          -            183   5.7e-68  226.5   0.4   1   1   1.1e-69   6.3e-68  226.3   0.4     1   128     1   130     1   130 0.97 -
NODE_6143_length_17119_cov_38.440893:11775-13002  -            202 93403at7898          -            183   5.7e-30  102.6   1.5   1   2   1.8e-28   1.1e-26   92.0   0.8    79   145     6    72     1    82 0.92 -
NODE_6143_length_17119_cov_38.440893:11775-13002  -            202 93403at7898          -            183   5.7e-30  102.6   1.5   2   2    0.0043      0.25    9.3   0.0   157   177   177   197   164   201 0.79 -
NODE_6391_length_16922_cov_36.677703:13294-13792  -             93 93403at7898          -            183   2.2e-29  100.7   0.5   1   1     4e-31   2.3e-29  100.6   0.5    67   140    18    91     4    93 0.92 -
NODE_121269_length_3173_cov_25.566363:318-1576    -            213 93403at7898          -            183   2.3e-28   97.4   0.3   1   1   5.4e-30   3.1e-28   97.0   0.3    80   147    16    83     7   112 0.86 -
NODE_181_length_36810_cov_34.859334:1775-3731     -            285 93403at7898          -            183   2.4e-28   97.3   0.7   1   1   6.2e-30   3.6e-28   96.8   0.7    80   155    96   171    77   191 0.85 -
NODE_5424_length_17724_cov_202.434383:7894-8665   -            199 93403at7898          -            183   3.7e-28   96.7   5.3   1   2     4e-28   2.3e-26   90.9   3.2    75   145     1    72     1    79 0.92 -
NODE_5424_length_17724_cov_202.434383:7894-8665   -            199 93403at7898          -            183   3.7e-28   96.7   5.3   2   2     0.049       2.8    5.8   0.0   158   177   175   194   166   198 0.82 -
NODE_26101_length_10097_cov_52.834467:53-4620     -            173 93403at7898          -            183   8.8e-28   95.5   1.4   1   1   2.2e-29   1.3e-27   95.0   1.4    75   140   101   166    83   172 0.91 -
NODE_6443_length_16882_cov_30.023476:14816-15737  -            157 93403at7898          -            183   1.3e-27   94.9   4.9   1   1   2.9e-29   1.6e-27   94.6   4.9    56   156    31   132    16   142 0.82 -
NODE_5077_length_18064_cov_28.251044:12177-15409  -            215 93403at7898          -            183   1.2e-26   91.8   3.4   1   2   2.4e-26   1.4e-24   85.1   2.8    81   142     1    62     1    68 0.96 -
NODE_5077_length_18064_cov_28.251044:12177-15409  -            215 93403at7898          -            183   1.2e-26   91.8   3.4   2   2     0.066       3.8    5.4   0.0   156   177   190   211   182   215 0.84 -
NODE_75490_length_5180_cov_40.892738:189-2250     -            212 93403at7898          -            183   8.4e-25   85.8   0.8   1   1   2.2e-26   1.3e-24   85.2   0.8    79   141    24    86     4   113 0.86 -
NODE_6010_length_17230_cov_25.525772:4720-13884   -             80 93403at7898          -            183     2e-24   84.5   2.8   1   1   3.7e-26   2.2e-24   84.4   2.8    81   141    10    70     2    79 0.94 -
NODE_117256_length_3311_cov_44.198319:2168-3180   -            142 93403at7898          -            183   4.4e-24   83.4   0.9   1   1   9.3e-26   5.3e-24   83.2   0.9    78   148     5    75     2    96 0.90 -
NODE_85470_length_4642_cov_62.523002:1253-2679    -            259 93403at7898          -            183   1.3e-20   72.1   0.2   1   1   3.4e-22     2e-20   71.5   0.2    79   143    23    87     7    94 0.90 -
NODE_7458_length_16157_cov_32.981069:14995-15132  -             46 93403at7898          -            183   8.8e-20   69.4   0.3   1   1   1.6e-21   9.4e-20   69.3   0.3    83   128     1    46     1    46 0.99 -
NODE_29596_length_9491_cov_23.427811:6654-8465    -             99 93403at7898          -            183   4.8e-19   67.0   0.3   1   1     9e-21   5.2e-19   66.9   0.3    70   128    41    99    14    99 0.94 -
NODE_61797_length_6079_cov_18.753177:3200-3514    -            105 93403at7898          -            183   6.9e-19   66.5   0.9   1   1   1.3e-20   7.7e-19   66.3   0.9    73   130    34    91    16   100 0.93 -
NODE_150913_length_2302_cov_19.150250:1115-1252   -             46 93403at7898          -            183   7.7e-18   63.1   0.3   1   1   1.4e-19   8.2e-18   63.0   0.3    83   128     1    46     1    46 0.99 -
NODE_7150_length_16343_cov_30.627432:6707-6847    -             47 93403at7898          -            183   1.2e-17   62.5   0.1   1   1   2.2e-19   1.3e-17   62.4   0.1    83   129     1    47     1    47 0.99 -
NODE_68370_length_5625_cov_25.891784:1953-4696    -            274 93403at7898          -            183   1.3e-17   62.4   8.9   1   2   7.5e-18   4.3e-16   57.4   5.6    75   144    80   149    70   169 0.89 -
NODE_68370_length_5625_cov_25.891784:1953-4696    -            274 93403at7898          -            183   1.3e-17   62.4   8.9   2   2     0.057       3.3    5.6   0.0   157   178   249   270   240   273 0.81 -
NODE_6881_length_16519_cov_32.449635:2186-2323    -             46 93403at7898          -            183   2.8e-17   61.3   0.5   1   1   5.2e-19     3e-17   61.2   0.5    83   128     1    46     1    46 0.99 -
NODE_35391_length_8650_cov_25.006549:2519-2656    -             46 93403at7898          -            183   1.6e-16   58.8   0.8   1   1   2.9e-18   1.7e-16   58.7   0.8    83   128     1    46     1    46 0.99 -
NODE_51209_length_6938_cov_17.733294:3458-5783    -            105 93403at7898          -            183   1.8e-16   58.6   4.0   1   1   3.5e-18     2e-16   58.5   4.0    75   149    11    87     2    94 0.86 -
NODE_15063_length_12749_cov_27.055968:3837-4025   -             63 93403at7898          -            183   5.5e-15   53.8   0.5   1   1   9.9e-17   5.7e-15   53.7   0.5    81   140     3    62     1    63 0.97 -
NODE_67378_length_5687_cov_23.466535:982-2474     -            228 93403at7898          -            183   1.8e-14   52.1   0.0   1   1   3.7e-16   2.1e-14   51.9   0.0    79   170   102   192    34   199 0.87 -
NODE_54743_length_6632_cov_21.481096:2294-2689    -            132 93403at7898          -            183   3.8e-14   51.0   1.5   1   1   8.1e-16   4.7e-14   50.8   1.5    69   143     3    77     1    91 0.93 -
NODE_99551_length_3989_cov_24.927506:754-1017     -             88 93403at7898          -            183   4.7e-14   50.7   0.3   1   1   8.7e-16     5e-14   50.7   0.3    81   140     3    62     1    76 0.96 -
NODE_64386_length_5894_cov_22.258154:881-1108     -             76 93403at7898          -            183   6.4e-14   50.3   0.5   1   1   1.2e-15   6.8e-14   50.2   0.5    81   139     2    60     1    73 0.95 -
NODE_4279_length_18896_cov_32.434005:12613-14459  -            286 93403at7898          -            183   1.1e-13   49.5   0.0   1   1     3e-15   1.7e-13   48.9   0.0    77   161   134   218   124   225 0.91 -
NODE_791_length_27930_cov_121.548741:25938-26141  -             68 93403at7898          -            183   1.1e-13   49.5   1.0   1   1   2.2e-15   1.3e-13   49.3   1.0    81   139     2    60     1    65 0.97 -
NODE_62023_length_6063_cov_23.666331:603-3597     -            264 93403at7898          -            183   1.9e-13   48.7   0.1   1   1   4.8e-15   2.8e-13   48.2   0.1    76   161   125   209   112   213 0.87 -
NODE_32216_length_9096_cov_29.138046:5648-7060    -            273 93403at7898          -            183   2.3e-13   48.5   0.1   1   1   6.8e-15   3.9e-13   47.7   0.1    77   142   116   181   103   201 0.87 -
NODE_79103_length_4976_cov_30.621079:3826-4194    -            123 93403at7898          -            183   2.5e-13   48.4   1.5   1   1   5.1e-15   2.9e-13   48.2   1.5    80   150    11    81     5   101 0.91 -
NODE_17213_length_12119_cov_24.484609:6370-7882   -            269 93403at7898          -            183   3.3e-13   48.0   0.1   1   1   7.6e-15   4.4e-13   47.6   0.1    20   143    62   186    50   216 0.76 -
NODE_12586_length_13629_cov_29.018477:1114-1587   -            158 93403at7898          -            183   5.1e-13   47.4   1.4   1   1   1.2e-14   6.7e-13   47.0   1.4    76   142    10    76     4   111 0.89 -
NODE_35940_length_8581_cov_18.857817:3077-5656    -            365 93403at7898          -            183   5.7e-13   47.2   2.2   1   1   1.8e-14     1e-12   46.4   2.2    62   145   189   277   161   293 0.85 -
NODE_26957_length_9939_cov_22.624085:7206-8611    -            247 93403at7898          -            183     1e-12   46.4   0.0   1   1   2.3e-14   1.3e-12   46.0   0.0    77   144   121   188    44   201 0.77 -
NODE_2473_length_21779_cov_31.282472:10027-11819  -            278 93403at7898          -            183   1.4e-12   45.9   1.2   1   1     4e-14   2.3e-12   45.2   1.2    79   162   148   231    75   236 0.86 -
NODE_54916_length_6618_cov_32.290996:2386-3931    -            245 93403at7898          -            183   1.9e-12   45.5   0.0   1   1     5e-14   2.9e-12   44.9   0.0    80   148   121   189    96   197 0.92 -
NODE_114087_length_3423_cov_22.160349:1302-1526   -             75 93403at7898          -            183   2.9e-12   44.9   0.6   1   1   5.3e-14     3e-12   44.8   0.6    83   142     2    61     1    73 0.93 -
NODE_157760_length_2129_cov_17.778818:1188-1772   -            195 93403at7898          -            183   4.1e-12   44.4   0.5   1   1   9.5e-14   5.4e-12   44.0   0.5    76   144    78   146    54   163 0.88 -
NODE_46807_length_7358_cov_23.895165:659-1120     -            154 93403at7898          -            183   7.6e-12   43.5   1.3   1   1   1.7e-13   9.7e-12   43.2   1.3    78   143    14    79     4   100 0.87 -
NODE_15500_length_12620_cov_33.536459:6123-8029   -            416 93403at7898          -            183   1.4e-11   42.7   0.0   1   1   3.7e-13   2.1e-11   42.1   0.0    80   146   177   243   145   251 0.88 -
NODE_162418_length_2020_cov_30.351900:449-787     -            113 93403at7898          -            183   1.5e-11   42.5   0.3   1   1   3.4e-13     2e-11   42.2   0.3    68   112    69   113    63   113 0.89 -
NODE_89323_length_4450_cov_28.231441:168-377      -             70 93403at7898          -            183   3.6e-11   41.3   0.7   1   1   7.5e-13   4.3e-11   41.1   0.7    82   140     3    61     2    66 0.93 -
NODE_110683_length_3546_cov_23.107920:2287-2742   -            152 93403at7898          -            183   3.9e-11   41.2   1.4   1   1   8.4e-13   4.8e-11   40.9   1.3    74   142    17    86     8   119 0.88 -
NODE_125982_length_3016_cov_12.499143:939-1136    -             66 93403at7898          -            183   4.4e-11   41.0   1.0   1   1   7.8e-13   4.5e-11   41.0   1.0    82   142     4    64     1    66 0.95 -
NODE_26951_length_9939_cov_162.469512:116-532     -            139 93403at7898          -            183     6e-11   40.6   0.2   1   1   1.3e-12   7.3e-11   40.3   0.2    81   143    62   124    40   135 0.90 -
NODE_130106_length_2883_cov_35.905532:1169-2620   -            394 93403at7898          -            183   6.4e-11   40.5   0.0   1   1   1.7e-12   9.8e-11   39.9   0.0    67   145   142   222   128   232 0.87 -
NODE_148802_length_2355_cov_21.008865:1141-1641   -            167 93403at7898          -            183   8.3e-11   40.2   2.4   1   1   1.9e-12   1.1e-10   39.7   2.4    82   152    20    90     4   107 0.83 -
NODE_100526_length_3947_cov_14.275728:1440-1631   -             64 93403at7898          -            183   8.8e-11   40.1   2.0   1   1   1.6e-12   9.1e-11   40.0   2.0    82   142     2    62     1    64 0.95 -
NODE_162117_length_2027_cov_32.274896:780-1385    -            202 93403at7898          -            183     1e-10   39.8   2.8   1   1   2.7e-12   1.5e-10   39.3   2.8    71   145    12    86     6    94 0.88 -
NODE_122422_length_3134_cov_28.820099:895-1437    -            181 93403at7898          -            183   1.5e-10   39.3   2.2   1   1   3.5e-12     2e-10   38.9   2.2    80   142    14    77     3    86 0.86 -
NODE_68257_length_5633_cov_21.435128:1943-2200    -             86 93403at7898          -            183   1.6e-10   39.2   0.3   1   1   3.1e-12   1.8e-10   39.1   0.3    83   142     1    60     1    73 0.92 -
NODE_23505_length_10586_cov_38.694956:498-722     -             75 93403at7898          -            183   3.1e-10   38.3   2.2   1   1     6e-12   3.5e-10   38.1   2.2    83   146     1    64     1    71 0.95 -
NODE_3015_length_20771_cov_65.228231:7459-7827    -            123 93403at7898          -            183   3.7e-10   38.0   1.2   1   1     8e-12   4.6e-10   37.7   1.2    81   140    14    73     7    87 0.90 -
NODE_55555_length_6566_cov_21.344054:373-846      -            158 93403at7898          -            183   7.1e-10   37.1   0.2   1   1   1.6e-11   9.2e-10   36.8   0.2    81   140    50   109    34   127 0.88 -
NODE_170205_length_1843_cov_22.071101:945-1520    -            192 93403at7898          -            183   8.2e-10   36.9   3.9   1   1   2.1e-11   1.2e-09   36.3   3.9    82   149     5    72     1    83 0.87 -
NODE_26267_length_10064_cov_90.406924:765-1739    -            281 93403at7898          -            183   8.2e-10   36.9   0.2   1   1   2.5e-11   1.5e-09   36.1   0.2    82   139   202   259   192   270 0.92 -
NODE_98048_length_4055_cov_29.302073:3593-3844    -             84 93403at7898          -            183   8.2e-10   36.9   0.9   1   1   1.5e-11   8.7e-10   36.8   0.9    86   149     1    64     1    82 0.87 -
NODE_72014_length_5393_cov_28.209294:4604-5056    -            151 93403at7898          -            183   9.3e-10   36.7   1.1   1   1     2e-11   1.2e-09   36.4   1.1    72   140    28    94     9   104 0.82 -
NODE_16203_length_12408_cov_26.503940:6703-7251   -            183 93403at7898          -            183   1.2e-09   36.4   4.7   1   1   2.6e-11   1.5e-09   36.0   4.7    88   154     3    70     1    85 0.83 -
NODE_134766_length_2741_cov_26.931491:2436-2630   -             65 93403at7898          -            183   1.7e-09   35.9   1.1   1   1   3.7e-11   2.1e-09   35.6   1.1    82   139     6    63     3    64 0.95 -
NODE_75255_length_5193_cov_31.332155:2459-2710    -             84 93403at7898          -            183   2.4e-09   35.4   2.3   1   1   4.3e-11   2.5e-09   35.4   2.3    83   146     2    65     1    81 0.91 -
NODE_52617_length_6812_cov_27.697006:2578-3631    -            322 93403at7898          -            183     5e-09   34.3   0.0   1   1   1.4e-10   7.8e-09   33.7   0.0    85   141   222   278   205   316 0.92 -
NODE_41298_length_7937_cov_36.062771:1393-1986    -            198 93403at7898          -            183   5.7e-09   34.2   2.5   1   2   2.6e-07   1.5e-05   23.0   0.0    77   131    13    67     4    88 0.90 -
NODE_41298_length_7937_cov_36.062771:1393-1986    -            198 93403at7898          -            183   5.7e-09   34.2   2.5   2   2    0.0012     0.071   11.0   0.6   124   141    90   107    78   118 0.86 -
NODE_39398_length_8150_cov_42.320333:7691-7885    -             65 93403at7898          -            183   7.7e-09   33.7   2.2   1   1   1.5e-10   8.6e-09   33.6   2.2    83   140     3    60     1    64 0.94 -
NODE_14199_length_13036_cov_22.798253:11022-11213 -             64 93403at7898          -            183   8.2e-09   33.7   3.3   1   1   1.6e-10   9.3e-09   33.5   3.3    81   139     3    61     1    63 0.97 -
NODE_27075_length_9914_cov_35.524605:502-747      -             82 93403at7898          -            183   1.3e-08   33.0   2.0   1   1   2.6e-10   1.5e-08   32.8   2.0    82   143    16    77     8    81 0.93 -
NODE_59560_length_6247_cov_28.024398:4796-5837    -            247 93403at7898          -            183   1.5e-08   32.8   1.8   1   1   4.4e-10   2.5e-08   32.1   1.8    82   140    29    87    24    96 0.94 -
NODE_88087_length_4509_cov_41.760317:1006-2689    -            253 93403at7898          -            183   2.3e-08   32.2   1.6   1   1   6.9e-10     4e-08   31.4   1.6    82   140   192   250   174   253 0.93 -
NODE_74229_length_5257_cov_35.792168:1777-2912    -            268 93403at7898          -            183   2.8e-08   31.9   2.4   1   1   7.7e-10   4.4e-08   31.3   2.4    82   142   200   260   177   267 0.90 -
NODE_193735_length_1377_cov_24.974961:902-1066    -             55 93403at7898          -            183   3.6e-08   31.6   1.1   1   1   6.7e-10   3.8e-08   31.5   1.1    83   136     2    55     1    55 0.97 -
NODE_8021_length_15824_cov_37.500477:12030-12224  -             65 93403at7898          -            183     1e-07   30.1   2.8   1   1   1.8e-09   1.1e-07   30.0   2.8    86   146     1    61     1    65 0.93 -
NODE_57052_length_6439_cov_33.975237:674-895      -             74 93403at7898          -            183   1.4e-07   29.7   2.6   1   1   2.6e-09   1.5e-07   29.6   2.6    86   154     1    69     1    73 0.91 -
NODE_874_length_27370_cov_28.493381:17774-23135   -            281 93403at7898          -            183   1.5e-07   29.6   0.1   1   1     4e-09   2.3e-07   29.0   0.1    71   140   162   229   147   241 0.87 -
NODE_25071_length_10284_cov_28.054197:8035-8178   -             48 93403at7898          -            183   2.9e-07   28.6   0.2   1   1   5.3e-09   3.1e-07   28.5   0.2    90   136     2    48     1    48 0.95 -
NODE_39_length_47181_cov_75.747908:17998-18159    -             54 93403at7898          -            183   5.2e-07   27.8   0.0   1   1   9.8e-09   5.6e-07   27.7   0.0    83   136     1    54     1    54 0.98 -
NODE_10258_length_14627_cov_24.459939:4632-7321   -            124 93403at7898          -            183   6.5e-07   27.5   0.1   1   1   1.6e-08   9.2e-07   27.0   0.1    73   137    58   122    44   124 0.91 -
NODE_73007_length_5330_cov_41.358631:2900-3091    -             64 93403at7898          -            183   9.6e-07   26.9   1.9   1   1   1.8e-08   1.1e-06   26.8   1.9    86   139     1    54     1    60 0.94 -
NODE_6226_length_17045_cov_38.531984:159-1209     -            224 93403at7898          -            183   2.1e-06   25.8   0.0   1   1     5e-08   2.9e-06   25.4   0.0    74   140    87   153    59   168 0.88 -
NODE_377_length_32170_cov_42.635839:24414-24608   -             65 93403at7898          -            183   2.7e-06   25.4   0.0   1   1   5.3e-08   3.1e-06   25.3   0.0    79   136     9    65     4    65 0.93 -
NODE_39_length_47181_cov_75.747908:19705-20181    -            159 93403at7898          -            183   3.9e-06   24.9   0.4   1   1     1e-07     6e-06   24.3   0.4    83   153     1    73     1    99 0.80 -
NODE_1935_length_23132_cov_36.882733:2386-3223    -            235 93403at7898          -            183   4.5e-06   24.7   0.9   1   1   1.1e-07   6.6e-06   24.2   0.9    82   139    32    89    21    95 0.93 -
NODE_65777_length_5797_cov_26.544577:2544-3860    -            204 93403at7898          -            183   8.8e-06   23.8   1.1   1   2    0.0001    0.0059   14.6   0.1   127   143     1    17     1    54 0.80 -
NODE_65777_length_5797_cov_26.544577:2544-3860    -            204 93403at7898          -            183   8.8e-06   23.8   1.1   2   2    0.0092      0.53    8.2   0.1   158   178   121   141   117   146 0.78 -
NODE_48080_length_7233_cov_38.152229:1638-1976    -            113 93403at7898          -            183   9.4e-06   23.7   0.0   1   1   1.8e-07     1e-05   23.6   0.0    78   137    52   111    34   113 0.88 -
NODE_41547_length_7907_cov_37.814677:5299-7212    -            327 93403at7898          -            183     1e-05   23.5   0.6   1   1   3.5e-07     2e-05   22.6   0.6    82   139   253   310   238   323 0.89 -
NODE_1900_length_23218_cov_32.092046:11695-11856  -             54 93403at7898          -            183   1.1e-05   23.5   0.0   1   1     2e-07   1.1e-05   23.4   0.0    84   136     2    54     1    54 0.96 -
NODE_50242_length_7026_cov_37.795727:4684-6419    -            290 93403at7898          -            183   2.5e-05   22.3   1.4   1   1     7e-07     4e-05   21.6   1.4    82   140   216   274   198   285 0.88 -
NODE_171153_length_1822_cov_25.420197:618-1115    -            166 93403at7898          -            183   4.5e-05   21.5   0.8   1   1     1e-06     6e-05   21.1   0.8   125   169     2    43     1    48 0.87 -
NODE_20818_length_11175_cov_26.205309:6687-8859   -            190 93403at7898          -            183   8.4e-05   20.6   0.0   1   1   1.9e-06   0.00011   20.2   0.0    84   137   135   188   111   190 0.89 -
NODE_98328_length_4041_cov_43.026129:3052-3438    -            129 93403at7898          -            183   0.00028   18.9   1.1   1   1   8.8e-06   0.00051   18.0   1.1   127   146     2    21     1    31 0.83 -
NODE_150156_length_2321_cov_20.388839:584-811     -             76 93403at7898          -            183   0.00028   18.9   0.8   1   1   5.7e-06   0.00032   18.7   0.8   124   163     8    47     2    52 0.79 -
NODE_51731_length_6892_cov_22.369204:648-1142     -            165 93403at7898          -            183   0.00063   17.7   0.6   1   2   1.1e-05   0.00063   17.7   0.6   126   168     2    41     1    46 0.87 -
NODE_51731_length_6892_cov_22.369204:648-1142     -            165 93403at7898          -            183   0.00063   17.7   0.6   2   2       8.7     5e+02   -1.5   0.1    10    42   100   132    92   146 0.74 -
NODE_70990_length_5459_cov_29.702799:4029-4268    -             80 93403at7898          -            183   0.00097   17.1   0.2   1   1     2e-05    0.0012   16.8   0.2   126   146     4    24     1    47 0.67 -
NODE_3817_length_19553_cov_52.169117:17769-18290  -            174 93403at7898          -            183     0.001   17.1   4.8   1   2    0.0016     0.092   10.7   2.8   127   142     1    16     1    23 0.87 -
NODE_3817_length_19553_cov_52.169117:17769-18290  -            174 93403at7898          -            183     0.001   17.1   4.8   2   2     0.037       2.1    6.2   0.0   153   177   146   170   136   174 0.79 -
NODE_27276_length_9880_cov_29.095696:6497-7478    -            146 93403at7898          -            183    0.0012   16.8   0.1   1   1   2.3e-05    0.0013   16.7   0.1    80   139    86   145    36   146 0.85 -
NODE_166485_length_1926_cov_24.180624:275-463     -             63 93403at7898          -            183    0.0013   16.7   0.1   1   1   2.4e-05    0.0014   16.6   0.1    86   130     1    43     1    58 0.85 -
NODE_91370_length_4352_cov_14.861510:768-1232     -            155 93403at7898          -            183    0.0018   16.2   0.3   1   1   3.7e-05    0.0022   16.0   0.3    79   139    94   154    48   155 0.82 -
NODE_40351_length_8043_cov_20.149673:811-1263     -            151 93403at7898          -            183    0.0025   15.8   0.3   1   1   5.5e-05    0.0032   15.5   0.3    82   139    93   150    50   151 0.84 -
NODE_45665_length_7473_cov_24.975454:4876-5367    -            164 93403at7898          -            183    0.0036   15.3   0.2   1   1   7.7e-05    0.0044   15.0   0.2    82   139   106   163    69   164 0.84 -
NODE_20406_length_11276_cov_29.668426:2650-3141   -            164 93403at7898          -            183    0.0041   15.1   3.3   1   2    0.0002     0.011   13.6   1.5   126   148     1    23     1    30 0.84 -
NODE_20406_length_11276_cov_29.668426:2650-3141   -            164 93403at7898          -            183    0.0041   15.1   3.3   2   2       1.6        93    0.9   0.0   158   174   148   164   139   164 0.86 -
NODE_113269_length_3450_cov_24.284990:1135-1611   -            159 93403at7898          -            183     0.005   14.8   0.3   1   1   0.00011    0.0063   14.5   0.3    84   139   103   158    67   159 0.83 -
NODE_13429_length_13319_cov_41.170726:1156-12514  -            309 93403at7898          -            183     0.005   14.8   0.2   1   1   0.00015    0.0087   14.0   0.2    76   141   140   208   121   225 0.83 -
NODE_12851_length_13528_cov_38.657160:91-1365     -            237 93403at7898          -            183    0.0063   14.5   0.0   1   1   0.00017    0.0098   13.8   0.0    80   128   189   237   178   237 0.92 -
NODE_17_length_57580_cov_40.385762:17025-18448    -            185 93403at7898          -            183    0.0097   13.9   0.1   1   2     0.029       1.6    6.6   0.0    35    70    24    59    13    66 0.83 -
NODE_17_length_57580_cov_40.385762:17025-18448    -            185 93403at7898          -            183    0.0097   13.9   0.1   2   2     0.078       4.5    5.2   0.0   113   138   158   183   144   185 0.80 -
NODE_10639_length_14431_cov_27.609754:8644-9684   -            347 93403at7898          -            183     0.018   13.0   1.2   1   1   0.00064     0.037   12.0   0.0    96   139   282   325   249   338 0.80 -
NODE_61215_length_6120_cov_28.882079:3037-5071    -            251 93403at7898          -            183     0.021   12.8   0.3   1   1   0.00036     0.021   12.8   0.3    76   145   145   218   127   239 0.81 -
NODE_64061_length_5914_cov_33.147377:1334-1933    -            200 93403at7898          -            183     0.026   12.5   0.1   1   1    0.0006     0.035   12.1   0.1    78   136   140   198   119   200 0.90 -
NODE_79818_length_4937_cov_17.339396:2498-3652    -            385 93403at7898          -            183     0.033   12.1   0.0   1   1    0.0011     0.065   11.2   0.0    96   139   316   359   277   365 0.80 -
NODE_54661_length_6638_cov_30.987460:5054-6055    -            334 93403at7898          -            183     0.038   11.9   0.0   1   1    0.0011     0.065   11.2   0.0   114   150   291   327   242   334 0.74 -
NODE_41652_length_7896_cov_22.062332:5026-6138    -            371 93403at7898          -            183     0.042   11.8   0.0   1   1    0.0013     0.075   11.0   0.0    96   140   296   340   253   357 0.82 -
#
# Program:         hmmsearch
# Version:         3.1b2 (February 2015)
# Pipeline mode:   SEARCH
# Query file:      /home/e1garcia/shotgun_PIRE/abyss/busco_downloads/lineages/actinopterygii_odb10/hmms/93403at7898.hmm
# Target file:     /home/e1garcia/shotgun_PIRE/pire_ssl_data_processing/plotosus_lineatus/busco_contigs_results-SPAdes_contam_R1R2_noIsolate/run_actinopterygii_odb10/metaeuk_output/initial_results/contigs.modified.fasta.modified.fas
# Option settings: hmmsearch --domtblout /home/e1garcia/shotgun_PIRE/pire_ssl_data_processing/plotosus_lineatus/busco_contigs_results-SPAdes_contam_R1R2_noIsolate/run_actinopterygii_odb10/hmmer_output/initial_run_results/93403at7898.out --cpu 1 /home/e1garcia/shotgun_PIRE/abyss/busco_downloads/lineages/actinopterygii_odb10/hmms/93403at7898.hmm /home/e1garcia/shotgun_PIRE/pire_ssl_data_processing/plotosus_lineatus/busco_contigs_results-SPAdes_contam_R1R2_noIsolate/run_actinopterygii_odb10/metaeuk_output/initial_results/contigs.modified.fasta.modified.fas 
# Current dir:     /home/e1garcia/shotgun_PIRE/pire_ssl_data_processing/plotosus_lineatus
# Date:            Fri Aug 20 13:33:30 2021
# [ok]
