#                                                                                                         --- full sequence --- -------------- this domain -------------   hmm coord   ali coord   env coord
# target name                                     accession   tlen query name           accession   qlen   E-value  score  bias   #  of  c-Evalue  i-Evalue  score  bias  from    to  from    to  from    to  acc description of target
#                             ------------------- ---------- ----- -------------------- ---------- ----- --------- ------ ----- --- --- --------- --------- ------ ----- ----- ----- ----- ----- ----- ----- ---- ---------------------
NODE_4944_length_18180_cov_38.750290:10114-10977  -            288 94567at7898          -            278     5e-79  264.3  24.4   1   1     3e-80   6.2e-79  264.0  24.4     7   267     1   280     1   287 0.91 -
NODE_65600_length_5810_cov_31.091227:2993-3592    -            200 94567at7898          -            278   5.3e-61  205.2  11.5   1   2   1.5e-08   3.1e-07   28.8   0.1   110   144     1    35     1    40 0.95 -
NODE_65600_length_5810_cov_31.091227:2993-3592    -            200 94567at7898          -            278   5.3e-61  205.2  11.5   2   2   2.8e-54   5.7e-53  178.8   7.1   143   278    52   200    45   200 0.88 -
NODE_12193_length_13780_cov_34.625466:2539-3144   -            202 94567at7898          -            278   1.4e-60  203.8  13.3   1   2     6e-09   1.2e-07   30.1   0.2   110   144     1    35     1    42 0.93 -
NODE_12193_length_13780_cov_34.625466:2539-3144   -            202 94567at7898          -            278   1.4e-60  203.8  13.3   2   2   1.1e-53   2.3e-52  176.8   8.3   144   278    53   194    49   194 0.93 -
NODE_23346_length_10617_cov_35.376402:4842-5486   -            215 94567at7898          -            278   2.4e-51  173.5  13.9   1   1   8.1e-51   1.7e-49  167.5  13.9   109   275     1   200     1   203 0.84 -
NODE_231_length_35147_cov_39.852288:5869-6612     -            248 94567at7898          -            278     7e-49  165.4  10.9   1   2   1.2e-06   2.4e-05   22.6   0.1   109   143     1    35     1    42 0.95 -
NODE_231_length_35147_cov_39.852288:5869-6612     -            248 94567at7898          -            278     7e-49  165.4  10.9   2   2   1.1e-43   2.2e-42  144.1   7.4   144   277    73   221    67   222 0.85 -
NODE_12264_length_13748_cov_29.256283:11351-12394 -            348 94567at7898          -            278   3.6e-35  120.5  11.2   1   2   3.8e-28   7.8e-27   93.1   7.8    12   188    12   196     4   204 0.84 -
NODE_12264_length_13748_cov_29.256283:11351-12394 -            348 94567at7898          -            278   3.6e-35  120.5  11.2   2   2   1.6e-08   3.2e-07   28.8   0.1   184   272   252   346   245   348 0.80 -
NODE_5257_length_17901_cov_37.627738:4597-5547    -            317 94567at7898          -            278   2.8e-34  117.5  17.4   1   2   1.7e-27   3.4e-26   91.0  13.7    12   198    19   216    10   227 0.78 -
NODE_5257_length_17901_cov_37.627738:4597-5547    -            317 94567at7898          -            278   2.8e-34  117.5  17.4   2   2   3.5e-08   7.2e-07   27.6   0.1   201   257   244   304   238   316 0.79 -
NODE_112467_length_3479_cov_24.937574:897-1799    -            301 94567at7898          -            278   3.1e-34  117.4  21.1   1   1   2.6e-35   5.3e-34  116.6  21.1    16   273     6   289     2   293 0.82 -
NODE_46045_length_7434_cov_29.421813:5405-6334    -            310 94567at7898          -            278   5.3e-34  116.6  19.2   1   1   6.4e-33   1.3e-31  108.8  19.2    16   265    14   302     7   308 0.72 -
NODE_54646_length_6639_cov_32.798318:2404-3258    -            285 94567at7898          -            278   9.7e-34  115.7  11.7   1   2   2.4e-31   4.9e-30  103.6   8.0    14   198    30   221    24   231 0.82 -
NODE_54646_length_6639_cov_32.798318:2404-3258    -            285 94567at7898          -            278   9.7e-34  115.7  11.7   2   2   0.00052     0.011   13.9   0.1   193   223   254   284   246   285 0.84 -
NODE_13270_length_13378_cov_36.103396:4200-5117   -            306 94567at7898          -            278   2.3e-32  111.3  22.9   1   1   1.3e-33   2.7e-32  111.0  22.9     6   266    19   301    14   306 0.83 -
NODE_110262_length_3562_cov_30.888247:702-1625    -            308 94567at7898          -            278   2.8e-32  110.9  22.0   1   1   2.5e-33   5.2e-32  110.1  22.0     6   266    17   303    12   308 0.80 -
NODE_11168_length_14198_cov_27.998652:2099-2890   -            264 94567at7898          -            278   5.4e-32  110.0  11.3   1   2   4.7e-29   9.8e-28   96.1   8.7    15   188    13   193     2   214 0.82 -
NODE_11168_length_14198_cov_27.998652:2099-2890   -            264 94567at7898          -            278   5.4e-32  110.0  11.3   2   2   0.00028    0.0059   14.8   0.0   189   223   229   263   220   264 0.88 -
NODE_20306_length_11303_cov_31.609693:6055-7032   -            326 94567at7898          -            278   9.2e-32  109.3  24.0   1   2   1.3e-23   2.7e-22   78.2  18.5    14   190    10   201     3   210 0.75 -
NODE_20306_length_11303_cov_31.609693:6055-7032   -            326 94567at7898          -            278   9.2e-32  109.3  24.0   2   2     5e-10     1e-08   33.7   0.2   188   270   223   308   218   314 0.78 -
NODE_39615_length_8128_cov_28.948935:1396-2379    -            328 94567at7898          -            278   1.2e-31  108.9  18.7   1   1   1.4e-32   2.9e-31  107.6  18.7    13   272    11   302     2   307 0.74 -
NODE_24317_length_10424_cov_50.910993:8761-9720   -            320 94567at7898          -            278   1.8e-31  108.3  20.6   1   1   2.5e-32   5.2e-31  106.8  20.6    16   271    23   308    11   314 0.77 -
NODE_84708_length_4679_cov_33.573144:3160-4068    -            303 94567at7898          -            278   2.3e-31  108.0  15.4   1   1     2e-32   4.1e-31  107.2  15.4    17   272     7   290     2   295 0.77 -
NODE_66260_length_5762_cov_29.069751:1498-2439    -            314 94567at7898          -            278   2.5e-31  107.8  18.7   1   2   2.2e-23   4.6e-22   77.5  16.2    15   188     2   189     1   201 0.82 -
NODE_66260_length_5762_cov_29.069751:1498-2439    -            314 94567at7898          -            278   2.5e-31  107.8  18.7   2   2   3.6e-09   7.4e-08   30.8   0.0   200   266   236   305   223   311 0.89 -
NODE_32655_length_9031_cov_43.043439:4933-7166    -            309 94567at7898          -            278     5e-31  106.8  10.7   1   2   1.1e-24   2.3e-23   81.7   3.2    19   186     1   175     1   186 0.84 -
NODE_32655_length_9031_cov_43.043439:4933-7166    -            309 94567at7898          -            278     5e-31  106.8  10.7   2   2   6.8e-09   1.4e-07   29.9   0.8   199   270   229   306   216   309 0.77 -
NODE_25851_length_10143_cov_25.413182:2208-3059   -            284 94567at7898          -            278   5.9e-31  106.6  15.7   1   1   3.4e-32     7e-31  106.4  15.7    15   265     6   282     1   284 0.79 -
NODE_80889_length_4877_cov_33.430096:2411-3340    -            310 94567at7898          -            278   1.3e-30  105.5  21.4   1   1     1e-31   2.1e-30  104.8  21.4     6   266    19   305    14   310 0.80 -
NODE_113340_length_3447_cov_28.310633:1984-2826   -            281 94567at7898          -            278   1.3e-30  105.5  19.1   1   2   2.8e-27   5.7e-26   90.3  15.1    12   188    23   205    11   223 0.79 -
NODE_113340_length_3447_cov_28.310633:1984-2826   -            281 94567at7898          -            278   1.3e-30  105.5  19.1   2   2   4.6e-05   0.00095   17.4   0.1   198   223   255   280   241   281 0.89 -
NODE_20590_length_11232_cov_26.654541:6528-7496   -            323 94567at7898          -            278   2.8e-30  104.4  22.8   1   1   1.4e-28   2.8e-27   94.6  22.8    14   263    12   309     7   318 0.72 -
NODE_22995_length_10689_cov_22.305760:3825-4949   -            375 94567at7898          -            278   3.1e-30  104.3  17.7   1   2   4.1e-23   8.4e-22   76.6  11.7    13   193    13   206     3   213 0.79 -
NODE_22995_length_10689_cov_22.305760:3825-4949   -            375 94567at7898          -            278   3.1e-30  104.3  17.7   2   2   3.7e-09   7.7e-08   30.8   0.3   198   270   297   374   282   375 0.78 -
NODE_2973_length_20845_cov_36.224284:14998-15843  -            282 94567at7898          -            278     7e-30  103.1  15.1   1   1   4.6e-31   9.5e-30  102.7  15.1    13   265     2   281     1   282 0.81 -
NODE_90036_length_4417_cov_26.040528:1350-2246    -            299 94567at7898          -            278   7.5e-30  103.0  17.1   1   1   6.7e-31   1.4e-29  102.1  17.1    18   271     8   289     2   294 0.79 -
NODE_163885_length_1986_cov_24.910970:363-1409    -            349 94567at7898          -            278   7.6e-30  103.0  22.3   1   4   7.7e-22   1.6e-20   72.4   7.9    13   144    10   144     4   152 0.90 -
NODE_163885_length_1986_cov_24.910970:363-1409    -            349 94567at7898          -            278   7.6e-30  103.0  22.3   2   4     0.026      0.53    8.4   0.4   163   191   188   216   164   226 0.79 -
NODE_163885_length_1986_cov_24.910970:363-1409    -            349 94567at7898          -            278   7.6e-30  103.0  22.3   3   4   2.1e-06   4.4e-05   21.8   0.8   198   235   246   283   231   289 0.86 -
NODE_163885_length_1986_cov_24.910970:363-1409    -            349 94567at7898          -            278   7.6e-30  103.0  22.3   4   4     0.024       0.5    8.5   0.0   236   266   302   331   296   343 0.75 -
NODE_2973_length_20845_cov_36.224284:1366-2211    -            282 94567at7898          -            278   1.1e-29  102.5  20.5   1   1   7.7e-31   1.6e-29  101.9  20.5    18   267     2   278     1   282 0.79 -
NODE_92442_length_4302_cov_29.999524:576-1553     -            326 94567at7898          -            278   2.4e-29  101.4   7.6   1   2   7.4e-27   1.5e-25   88.9   6.8    16   185    16   192     9   212 0.83 -
NODE_92442_length_4302_cov_29.999524:576-1553     -            326 94567at7898          -            278   2.4e-29  101.4   7.6   2   2    0.0032     0.066   11.3   0.0   189   232   229   272   222   291 0.83 -
NODE_6154_length_17110_cov_30.697372:2558-3445    -            296 94567at7898          -            278   6.2e-29  100.0  21.8   1   1     4e-30   8.2e-29   99.6  21.8     6   266     6   291     3   296 0.78 -
NODE_2973_length_20845_cov_36.224284:4216-5106    -            297 94567at7898          -            278   1.6e-28   98.7  17.4   1   1   1.9e-29   3.9e-28   97.4  17.4    12   267     9   291     2   296 0.78 -
NODE_72697_length_5350_cov_41.683870:2843-4222    -            460 94567at7898          -            278   1.7e-28   98.6  15.9   1   2   8.2e-19   1.7e-17   62.5   9.8     8   185     6   194     1   204 0.84 -
NODE_72697_length_5350_cov_41.683870:2843-4222    -            460 94567at7898          -            278   1.7e-28   98.6  15.9   2   2   6.7e-12   1.4e-10   39.8   0.3   200   268   381   451   366   458 0.88 -
NODE_16519_length_12315_cov_63.675835:3010-3837   -            276 94567at7898          -            278   9.2e-28   96.2  19.8   1   1   2.5e-28   5.1e-27   93.7  19.8    14   265     2   275     1   276 0.83 -
NODE_59280_length_6268_cov_33.115416:3897-4907    -            337 94567at7898          -            278   1.3e-27   95.7  22.2   1   2   7.4e-22   1.5e-20   72.5  14.7    13   185     9   187     2   198 0.81 -
NODE_59280_length_6268_cov_33.115416:3897-4907    -            337 94567at7898          -            278   1.3e-27   95.7  22.2   2   2   2.6e-08   5.4e-07   28.0   0.7   201   271   259   334   247   337 0.82 -
NODE_12880_length_13518_cov_29.882629:490-1563    -            358 94567at7898          -            278   1.3e-27   95.7  18.9   1   2   2.5e-23   5.2e-22   77.3  10.4    19   185     2   179     1   185 0.84 -
NODE_12880_length_13518_cov_29.882629:490-1563    -            358 94567at7898          -            278   1.3e-27   95.7  18.9   2   2   5.5e-07   1.1e-05   23.7   1.3   190   269   271   356   263   358 0.80 -
NODE_7180_length_16327_cov_32.923897:1492-2925    -            478 94567at7898          -            278   1.6e-27   95.4  18.2   1   2   2.2e-19   4.6e-18   64.3   9.5     8   190    25   219    17   226 0.79 -
NODE_7180_length_16327_cov_32.923897:1492-2925    -            478 94567at7898          -            278   1.6e-27   95.4  18.2   2   2   1.1e-10   2.2e-09   35.9   1.4   199   267   394   466   380   473 0.87 -
NODE_61753_length_6082_cov_25.256226:2371-3231    -            287 94567at7898          -            278     4e-27   94.1  28.9   1   1   2.4e-28     5e-27   93.7  28.9     6   265     2   279     1   287 0.81 -
NODE_641_length_28919_cov_27.554233:21072-22274   -            401 94567at7898          -            278   4.2e-27   94.0  11.8   1   2   8.5e-24   1.7e-22   78.8   5.6    13   188    21   205    13   216 0.80 -
NODE_641_length_28919_cov_27.554233:21072-22274   -            401 94567at7898          -            278   4.2e-27   94.0  11.8   2   2   1.5e-05   0.00031   19.0   0.4   189   270   313   400   303   401 0.74 -
NODE_19565_length_11486_cov_119.009660:3936-7683  -            344 94567at7898          -            278   4.3e-27   94.0  16.7   1   2   1.1e-20   2.4e-19   68.6  12.3    11   183    10   189     4   199 0.77 -
NODE_19565_length_11486_cov_119.009660:3936-7683  -            344 94567at7898          -            278   4.3e-27   94.0  16.7   2   2   3.4e-08   7.1e-07   27.6   0.1   196   266   257   335   235   342 0.75 -
NODE_16419_length_12343_cov_172.351927:7909-8907  -            333 94567at7898          -            278   4.3e-27   93.9  17.3   1   2   1.7e-22   3.6e-21   74.5  13.7    11   191     9   195     2   202 0.83 -
NODE_16419_length_12343_cov_172.351927:7909-8907  -            333 94567at7898          -            278   4.3e-27   93.9  17.3   2   2   3.7e-06   7.7e-05   21.0   0.1   201   267   258   329   252   333 0.77 -
NODE_75106_length_5202_cov_29.681952:2824-3723    -            300 94567at7898          -            278     5e-27   93.8  18.3   1   1   4.7e-28   9.6e-27   92.8  18.3    17   271     7   289     2   294 0.77 -
NODE_66450_length_5750_cov_31.339940:3082-3951    -            290 94567at7898          -            278   2.1e-26   91.7  21.6   1   1   7.5e-27   1.5e-25   88.9  21.6    18   272     5   288     1   290 0.68 -
NODE_27927_length_9766_cov_57.923244:1321-2505    -            395 94567at7898          -            278   2.8e-26   91.3  26.1   1   2   7.4e-23   1.5e-21   75.7  17.6     8   186    24   205    18   217 0.84 -
NODE_27927_length_9766_cov_57.923244:1321-2505    -            395 94567at7898          -            278   2.8e-26   91.3  26.1   2   2   4.6e-06   9.4e-05   20.7   1.2   201   271   312   388   292   391 0.80 -
NODE_5256_length_17902_cov_27.890075:4468-6072    -            535 94567at7898          -            278     3e-26   91.2  21.1   1   2   4.1e-17   8.5e-16   56.9  12.2    13   180    40   219    30   229 0.78 -
NODE_5256_length_17902_cov_27.890075:4468-6072    -            535 94567at7898          -            278     3e-26   91.2  21.1   2   2   9.3e-12   1.9e-10   39.3   1.5   190   270   440   525   428   530 0.83 -
NODE_138381_length_2637_cov_27.105595:121-1566    -            482 94567at7898          -            278     4e-26   90.8  18.2   1   2     1e-22   2.1e-21   75.3   9.8    12   185    22   206    13   210 0.81 -
NODE_138381_length_2637_cov_27.105595:121-1566    -            482 94567at7898          -            278     4e-26   90.8  18.2   2   2   5.3e-06   0.00011   20.5   1.2   199   270   404   481   394   482 0.78 -
NODE_11629_length_14008_cov_34.234740:5470-6597   -            376 94567at7898          -            278   4.1e-26   90.7  14.5   1   2   1.3e-21   2.6e-20   71.7   7.1    12   191     9   197     1   211 0.80 -
NODE_11629_length_14008_cov_34.234740:5470-6597   -            376 94567at7898          -            278   4.1e-26   90.7  14.5   2   2   4.8e-07     1e-05   23.9   0.8   200   270   295   370   279   374 0.82 -
NODE_60705_length_6156_cov_38.717352:1635-2702    -            356 94567at7898          -            278   5.4e-26   90.4  24.4   1   1   3.3e-27   6.8e-26   90.0  24.4    13   272    34   307    28   314 0.77 -
NODE_9209_length_15144_cov_49.092655:5737-7185    -            483 94567at7898          -            278   5.7e-26   90.3  20.6   1   2   3.1e-21   6.3e-20   70.4  12.3    13   187     5   192     1   207 0.78 -
NODE_9209_length_15144_cov_49.092655:5737-7185    -            483 94567at7898          -            278   5.7e-26   90.3  20.6   2   2   2.6e-07   5.3e-06   24.8   1.1   189   265   400   480   386   482 0.78 -
NODE_4133_length_19101_cov_32.764235:7578-8804    -            409 94567at7898          -            278   7.6e-26   89.9  17.7   1   2     2e-22   4.2e-21   74.3  11.9    15   186     4   178     1   187 0.84 -
NODE_4133_length_19101_cov_32.764235:7578-8804    -            409 94567at7898          -            278   7.6e-26   89.9  17.7   2   2   1.2e-05   0.00025   19.3   0.3   200   270   331   407   311   409 0.78 -
NODE_107236_length_3681_cov_38.369626:246-1160    -            305 94567at7898          -            278   1.4e-25   89.0  32.1   1   1   1.7e-26   3.5e-25   87.7  32.1     6   271    21   296    17   301 0.73 -
NODE_5189_length_17952_cov_40.230886:16270-17112  -            281 94567at7898          -            278   1.5e-25   88.9  17.2   1   1   8.7e-27   1.8e-25   88.6  17.2    20   269    23   278    10   281 0.81 -
NODE_1427_length_24760_cov_37.930214:3925-7409    -            459 94567at7898          -            278   4.4e-25   87.4  10.7   1   2   1.1e-19   2.3e-18   65.3   8.0    10   143    33   169    28   176 0.89 -
NODE_1427_length_24760_cov_37.930214:3925-7409    -            459 94567at7898          -            278   4.4e-25   87.4  10.7   2   2   1.4e-06     3e-05   22.3   0.0   197   270   308   384   293   391 0.82 -
NODE_28869_length_9606_cov_86.230988:6275-7756    -            494 94567at7898          -            278   4.9e-25   87.2  19.9   1   2   2.1e-15   4.2e-14   51.3  12.0     9   184    21   208    14   222 0.79 -
NODE_28869_length_9606_cov_86.230988:6275-7756    -            494 94567at7898          -            278   4.9e-25   87.2  19.9   2   2   3.8e-12   7.8e-11   40.6   1.0   196   270   410   489   394   493 0.85 -
NODE_12935_length_13497_cov_26.692044:7823-8686   -            288 94567at7898          -            278   6.5e-25   86.8  25.4   1   1   4.1e-26   8.5e-25   86.4  25.4    21   262    36   278    22   285 0.84 -
NODE_20139_length_11344_cov_23.378213:8613-9587   -            325 94567at7898          -            278   6.5e-25   86.8  12.9   1   2   4.3e-20   8.9e-19   66.7   7.4    12   189     4   188     1   202 0.82 -
NODE_20139_length_11344_cov_23.378213:8613-9587   -            325 94567at7898          -            278   6.5e-25   86.8  12.9   2   2   6.1e-07   1.3e-05   23.5   0.2   201   269   247   320   235   324 0.85 -
NODE_26959_length_9938_cov_36.713081:2360-4423    -            314 94567at7898          -            278   8.6e-25   86.4  21.8   1   1   2.4e-25     5e-24   83.9  21.8    12   267    12   299     3   307 0.76 -
NODE_13358_length_13345_cov_27.506040:6923-8305   -            461 94567at7898          -            278   1.4e-24   85.7  19.0   1   2   2.2e-18   4.5e-17   61.1   9.4     2   189     5   205     4   225 0.77 -
NODE_13358_length_13345_cov_27.506040:6923-8305   -            461 94567at7898          -            278   1.4e-24   85.7  19.0   2   2   6.8e-09   1.4e-07   29.9   2.0   189   269   368   452   356   458 0.82 -
NODE_91687_length_4337_cov_218.970977:3025-3810   -            262 94567at7898          -            278   2.4e-24   85.0   2.1   1   1   1.5e-25   3.2e-24   84.5   2.1    21   268     6   257     2   261 0.79 -
NODE_137761_length_2653_cov_41.064213:1108-2151   -            348 94567at7898          -            278   3.1e-24   84.6  20.7   1   1   1.9e-25   3.9e-24   84.3  20.7    13   275    30   306    25   309 0.79 -
NODE_19130_length_11598_cov_30.693278:1148-2092   -            315 94567at7898          -            278   3.4e-24   84.5  28.3   1   1   2.7e-25   5.6e-24   83.7  28.3     7   265    30   306    24   314 0.79 -
NODE_49486_length_7094_cov_116.688063:3786-4649   -            288 94567at7898          -            278   4.1e-24   84.2  29.6   1   1     4e-25   8.2e-24   83.2  29.6     7   268    16   286    12   288 0.73 -
NODE_40026_length_8080_cov_49.955645:5851-6780    -            310 94567at7898          -            278   5.9e-24   83.7  11.1   1   2   3.7e-19   7.6e-18   63.6   7.9    12   190    11   195     2   212 0.82 -
NODE_40026_length_8080_cov_49.955645:5851-6780    -            310 94567at7898          -            278   5.9e-24   83.7  11.1   2   2   2.8e-06   5.8e-05   21.4   0.0   200   265   235   304   222   310 0.75 -
NODE_140002_length_2589_cov_23.243373:367-1392    -            342 94567at7898          -            278   9.6e-24   83.0  18.6   1   2   8.5e-20   1.8e-18   65.7  11.6    12   188     6   190     1   208 0.79 -
NODE_140002_length_2589_cov_23.243373:367-1392    -            342 94567at7898          -            278   9.6e-24   83.0  18.6   2   2   2.1e-06   4.4e-05   21.8   0.6   200   271   262   338   246   341 0.74 -
NODE_18708_length_11712_cov_38.848446:4630-5715   -            362 94567at7898          -            278   1.3e-23   82.5  23.2   1   1   9.1e-25   1.9e-23   82.0  23.2    13   271    54   315    46   321 0.76 -
NODE_61753_length_6082_cov_25.256226:3952-4764    -            271 94567at7898          -            278   1.5e-23   82.3  24.9   1   1   9.4e-25   1.9e-23   82.0  24.9    16   261     3   267     1   271 0.81 -
NODE_522_length_30087_cov_181.363712:1402-2601    -            400 94567at7898          -            278   1.5e-23   82.3  16.6   1   2     7e-20   1.4e-18   66.0   9.9    14   187     8   192     2   202 0.78 -
NODE_522_length_30087_cov_181.363712:1402-2601    -            400 94567at7898          -            278   1.5e-23   82.3  16.6   2   2     8e-06   0.00016   19.9   0.5   201   270   324   399   307   400 0.82 -
NODE_102636_length_3862_cov_27.430508:2013-3026   -            338 94567at7898          -            278   1.8e-23   82.0  11.7   1   2   7.1e-19   1.5e-17   62.7   5.3    14   189     7   190     2   204 0.81 -
NODE_102636_length_3862_cov_27.430508:2013-3026   -            338 94567at7898          -            278   1.8e-23   82.0  11.7   2   2   6.5e-07   1.3e-05   23.4   0.4   200   272   257   334   237   338 0.82 -
NODE_111742_length_3505_cov_31.368467:2041-2892   -            284 94567at7898          -            278   3.2e-23   81.2  35.6   1   1   3.4e-24     7e-23   80.1  35.6    13   271    13   278     4   283 0.77 -
NODE_69469_length_5551_cov_28.723588:1734-2567    -            278 94567at7898          -            278   3.8e-23   81.0  17.0   1   1   2.2e-24   4.6e-23   80.7  17.0    20   262    21   268     9   277 0.84 -
NODE_12139_length_13802_cov_31.952857:8597-11751  -            270 94567at7898          -            278   3.9e-23   81.0   9.7   1   1   2.5e-24   5.1e-23   80.6   9.7    14   260     4   260     2   269 0.84 -
NODE_1451_length_24666_cov_27.878048:1564-11440   -            281 94567at7898          -            278     4e-23   81.0  14.9   1   1   2.4e-24   4.9e-23   80.7  14.9     9   260     8   271     2   280 0.83 -
NODE_10754_length_14380_cov_37.748477:12016-12885 -            290 94567at7898          -            278   6.7e-23   80.2  24.4   1   1   5.3e-24   1.1e-22   79.5  24.4    10   263    15   288     7   290 0.75 -
NODE_157909_length_2125_cov_24.468411:581-1408    -            276 94567at7898          -            278     1e-22   79.6  30.7   1   1   9.2e-24   1.9e-22   78.7  30.7    14   267     2   270     1   276 0.80 -
NODE_27814_length_9785_cov_35.190378:5020-7308    -            405 94567at7898          -            278   1.1e-22   79.6  20.6   1   2   1.1e-16   2.3e-15   55.5  11.7     5   191    19   218    15   228 0.79 -
NODE_27814_length_9785_cov_35.190378:5020-7308    -            405 94567at7898          -            278   1.1e-22   79.6  20.6   2   2   1.1e-08   2.3e-07   29.3   1.5   200   270   319   393   310   399 0.89 -
NODE_21698_length_10977_cov_32.920849:1331-2848   -            506 94567at7898          -            278   1.2e-22   79.4  20.2   1   2   8.9e-17   1.8e-15   55.8  12.3     3   187    46   243    44   255 0.76 -
NODE_21698_length_10977_cov_32.920849:1331-2848   -            506 94567at7898          -            278   1.2e-22   79.4  20.2   2   2     2e-08     4e-07   28.4   1.0   200   270   420   494   398   500 0.87 -
NODE_24687_length_10350_cov_27.626866:2709-3536   -            276 94567at7898          -            278   1.4e-22   79.1  27.2   1   1   8.7e-24   1.8e-22   78.8  27.2    14   266     2   269     1   276 0.79 -
NODE_127936_length_2953_cov_37.700070:1758-2606   -            283 94567at7898          -            278   2.4e-22   78.4  23.5   1   1   1.6e-23   3.2e-22   78.0  23.5    10   263     8   281     1   283 0.77 -
NODE_60749_length_6153_cov_72.371160:3983-5017    -            345 94567at7898          -            278   2.5e-22   78.3  21.8   1   1   1.7e-23   3.5e-22   77.9  21.8     9   271    34   315    25   323 0.73 -
NODE_24687_length_10350_cov_27.626866:7449-8279   -            277 94567at7898          -            278   3.9e-22   77.7  24.2   1   1   2.8e-23   5.9e-22   77.1  24.2    14   265     2   268     1   276 0.79 -
NODE_34387_length_8779_cov_204.095737:2951-3742   -            264 94567at7898          -            278   6.4e-22   77.0  25.1   1   1   3.9e-23     8e-22   76.7  25.1    14   257     2   264     1   264 0.81 -
NODE_21786_length_10958_cov_19.342205:6832-7659   -            276 94567at7898          -            278   7.3e-22   76.8  24.8   1   1   5.2e-23   1.1e-21   76.3  24.8    14   264     2   267     1   275 0.78 -
NODE_30949_length_9280_cov_36.461497:1976-3079    -            368 94567at7898          -            278   1.9e-21   75.5  23.4   1   1   1.2e-22   2.4e-21   75.1  23.4    14   275    39   317    32   320 0.75 -
NODE_54425_length_6658_cov_38.132642:2264-3115    -            284 94567at7898          -            278   2.6e-21   75.0  12.7   1   1   2.1e-22   4.2e-21   74.3  12.7     9   262     5   282     1   284 0.79 -
NODE_71957_length_5397_cov_32.305965:1722-2768    -            349 94567at7898          -            278   3.4e-21   74.6  17.4   1   1   2.1e-22   4.4e-21   74.2  17.4    12   266    45   312    34   323 0.79 -
NODE_11081_length_14237_cov_68.634248:251-1150    -            300 94567at7898          -            278   3.8e-21   74.4  15.8   1   1   2.9e-22     6e-21   73.8  15.8     8   264    15   298     9   300 0.79 -
NODE_10754_length_14380_cov_37.748477:446-1246    -            267 94567at7898          -            278   4.2e-21   74.3  28.0   1   1   2.3e-22   4.8e-21   74.1  28.0     7   257     4   267     1   267 0.83 -
NODE_167922_length_1893_cov_29.592531:714-1580    -            289 94567at7898          -            278   5.4e-21   74.0  30.7   1   1     4e-22   8.1e-21   73.4  30.7    14   270    14   283     2   287 0.69 -
NODE_101767_length_3897_cov_29.509215:1362-2501   -            380 94567at7898          -            278   7.2e-21   73.5  27.4   1   1   4.5e-22   9.2e-21   73.2  27.4    12   268    52   316    43   324 0.78 -
NODE_18484_length_11766_cov_31.299134:4213-5037   -            275 94567at7898          -            278   2.4e-20   71.8  26.5   1   1   1.4e-21   2.9e-20   71.6  26.5    14   264     2   272     1   275 0.75 -
NODE_7234_length_16292_cov_27.950349:5874-6914    -            347 94567at7898          -            278   2.6e-20   71.7  20.3   1   1   1.7e-21   3.4e-20   71.3  20.3    14   268    39   300    33   309 0.74 -
NODE_18484_length_11766_cov_31.299134:9856-10674  -            273 94567at7898          -            278   3.4e-20   71.3  25.9   1   1   2.4e-21     5e-20   70.8  25.9     7   257     4   273     1   273 0.75 -
NODE_11081_length_14237_cov_68.634248:6639-7487   -            283 94567at7898          -            278   4.1e-20   71.0  19.5   1   1   1.4e-20   2.8e-19   68.3  19.5    12   265     2   277     1   282 0.72 -
NODE_69596_length_5543_cov_27.354151:1962-2858    -            299 94567at7898          -            278     6e-20   70.5  20.0   1   1   4.3e-21   8.9e-20   70.0  20.0    12   266    15   284     7   296 0.78 -
NODE_13981_length_13106_cov_35.481126:6216-11132  -            482 94567at7898          -            278   1.4e-19   69.3  17.3   1   1   1.1e-20   2.4e-19   68.6  16.6    12   185    28   211    19   219 0.86 -
NODE_1586_length_24163_cov_30.557680:13355-14588  -            286 94567at7898          -            278   2.9e-19   68.3  18.9   1   1     4e-20   8.2e-19   66.8  18.9    12   268     9   281     2   285 0.75 -
NODE_7810_length_15950_cov_49.691250:1116-2493    -            367 94567at7898          -            278   3.3e-19   68.1  11.6   1   2   9.2e-15   1.9e-13   49.2   4.9    14   135    54   178    45   189 0.89 -
NODE_7810_length_15950_cov_49.691250:1116-2493    -            367 94567at7898          -            278   3.3e-19   68.1  11.6   2   2   9.4e-07   1.9e-05   22.9   0.5   201   271   269   348   211   354 0.61 -
NODE_54450_length_6657_cov_28.546051:2214-3098    -            295 94567at7898          -            278   3.7e-19   67.9  19.6   1   1   2.5e-20   5.2e-19   67.4  19.6    12   265    21   288    12   294 0.79 -
NODE_129119_length_2915_cov_23.086648:1066-1878   -            271 94567at7898          -            278   4.3e-19   67.7  12.8   1   1   2.7e-20   5.6e-19   67.3  12.8    21   266    13   265     3   270 0.77 -
NODE_2955_length_20877_cov_41.690057:4608-5501    -            298 94567at7898          -            278   4.5e-19   67.6  11.9   1   1     3e-20   6.1e-19   67.2  11.9    12   268    17   296     7   298 0.76 -
NODE_88413_length_4493_cov_27.310878:2925-3794    -            290 94567at7898          -            278   1.4e-18   66.0  29.2   1   1   1.1e-19   2.2e-18   65.4  29.2    13   271    24   287    13   290 0.73 -
NODE_98390_length_4039_cov_30.560660:1896-2898    -            238 94567at7898          -            278   1.5e-18   65.9  15.6   1   1   8.7e-20   1.8e-18   65.7  15.6     4   208    23   232    20   237 0.85 -
NODE_16869_length_12207_cov_34.829204:5757-6689   -            311 94567at7898          -            278   6.7e-18   63.8  24.9   1   1   9.6e-19     2e-17   62.3  24.9    11   269    25   290    17   300 0.73 -
NODE_30772_length_9304_cov_39.267572:912-1649     -            246 94567at7898          -            278     1e-17   63.2  18.7   1   1   6.9e-19   1.4e-17   62.7  18.7    11   212    37   244    28   245 0.79 -
NODE_185839_length_1523_cov_23.900983:234-1094    -            287 94567at7898          -            278   1.4e-17   62.7  22.5   1   1   8.6e-19   1.8e-17   62.4  22.5     9   268    11   284     3   287 0.75 -
NODE_24712_length_10345_cov_26.194125:7611-8336   -            242 94567at7898          -            278   3.9e-17   61.3  15.0   1   1   2.2e-18   4.5e-17   61.1  15.0    41   264     2   239     1   242 0.79 -
NODE_32044_length_9120_cov_26.076488:3223-4068    -            282 94567at7898          -            278     1e-16   59.9  17.9   1   1   6.8e-18   1.4e-16   59.5  17.9    13   258     3   277     1   282 0.74 -
NODE_32044_length_9120_cov_26.076488:5051-5896    -            282 94567at7898          -            278     1e-16   59.9  17.9   1   1   6.8e-18   1.4e-16   59.5  17.9    13   258     3   277     1   282 0.74 -
NODE_25146_length_10269_cov_28.347984:7953-8750   -            266 94567at7898          -            278   2.6e-16   58.6  23.1   1   1   1.5e-17   3.1e-16   58.3  23.1    41   273     2   250     1   255 0.84 -
NODE_112857_length_3465_cov_29.396910:2100-2936   -            279 94567at7898          -            278   4.3e-16   57.9  21.3   1   1   2.9e-17     6e-16   57.4  21.3     9   270     5   277     1   279 0.73 -
NODE_77040_length_5096_cov_28.886532:932-1894     -            321 94567at7898          -            278   5.2e-16   57.6  22.8   1   2   3.2e-13   6.7e-12   44.1  20.3    13   184    11   197     6   203 0.77 -
NODE_77040_length_5096_cov_28.886532:932-1894     -            321 94567at7898          -            278   5.2e-16   57.6  22.8   2   2   0.00075     0.015   13.4   0.0   206   271   249   319   244   321 0.79 -
NODE_14694_length_12868_cov_37.508027:4288-5136   -            283 94567at7898          -            278   1.1e-15   56.5  25.4   1   1   7.4e-17   1.5e-15   56.1  25.4    14   268     5   276     1   281 0.71 -
NODE_45374_length_7501_cov_26.654688:4461-5456    -            332 94567at7898          -            278     2e-15   55.7  20.1   1   2   9.5e-08     2e-06   26.2  11.0    14   134    33   153    23   162 0.80 -
NODE_45374_length_7501_cov_26.654688:4461-5456    -            332 94567at7898          -            278     2e-15   55.7  20.1   2   2     2e-10     4e-09   35.0   1.7   160   274   202   323   183   326 0.70 -
NODE_21661_length_10986_cov_29.854873:7285-8031   -            249 94567at7898          -            278   3.9e-15   54.7  25.3   1   1   2.3e-16   4.6e-15   54.5  25.3    41   267     2   243     1   249 0.79 -
NODE_28511_length_9665_cov_26.089484:4307-7828    -            317 94567at7898          -            278   4.8e-15   54.4  16.0   1   1   9.8e-16     2e-14   52.4  16.0    15   264    40   317    28   317 0.72 -
NODE_32677_length_9028_cov_36.861687:7477-8319    -            281 94567at7898          -            278   5.3e-15   54.3  26.4   1   1     4e-16   8.2e-15   53.7  26.4    10   270     6   279     1   281 0.74 -
NODE_15417_length_12644_cov_36.888242:6343-7320   -            326 94567at7898          -            278   8.2e-15   53.7  17.6   1   2   3.4e-10     7e-09   34.2  11.2    13   187     6   185     1   195 0.74 -
NODE_15417_length_12644_cov_36.888242:6343-7320   -            326 94567at7898          -            278   8.2e-15   53.7  17.6   2   2   6.5e-07   1.3e-05   23.4   0.4   211   267   227   292   214   301 0.71 -
NODE_66753_length_5728_cov_58.108723:2129-5135    -            302 94567at7898          -            278   9.6e-15   53.4  17.5   1   1   1.5e-15   3.1e-14   51.8  17.5    17   270    11   290     1   297 0.70 -
NODE_22195_length_10867_cov_30.097047:3023-4309   -            429 94567at7898          -            278   1.2e-14   53.1   9.9   1   2   5.8e-16   1.2e-14   53.1   9.9    12   186    31   215    22   225 0.84 -
NODE_22195_length_10867_cov_30.097047:3023-4309   -            429 94567at7898          -            278   1.2e-14   53.1   9.9   2   2       9.2   1.9e+02   -0.0   0.2   207   256   313   331   260   346 0.56 -
NODE_31130_length_9250_cov_39.349470:6910-8037    -            376 94567at7898          -            278   1.3e-14   53.1  19.0   1   2   4.1e-10   8.4e-09   34.0  13.6    18   204    46   253    34   259 0.65 -
NODE_31130_length_9250_cov_39.349470:6910-8037    -            376 94567at7898          -            278   1.3e-14   53.1  19.0   2   2   1.5e-06   3.1e-05   22.3   0.2   206   266   310   375   286   376 0.73 -
NODE_5691_length_17505_cov_37.954384:1663-2517    -            285 94567at7898          -            278   1.3e-14   53.0  17.7   1   2   1.3e-09   2.6e-08   32.4   9.2    18   139    10   132     3   145 0.83 -
NODE_5691_length_17505_cov_37.954384:1663-2517    -            285 94567at7898          -            278   1.3e-14   53.0  17.7   2   2   1.2e-07   2.5e-06   25.8   1.3   209   267   210   275   172   284 0.82 -
NODE_56652_length_6473_cov_22.950580:2832-3581    -            250 94567at7898          -            278   2.1e-14   52.3  12.8   1   1   1.3e-15   2.7e-14   52.0  12.8    41   265     2   242     1   249 0.80 -
NODE_75777_length_5164_cov_25.209872:3728-4453    -            242 94567at7898          -            278   2.7e-14   51.9   3.0   1   2   6.5e-07   1.3e-05   23.5   0.4    82   186    10   118     2   129 0.73 -
NODE_75777_length_5164_cov_25.209872:3728-4453    -            242 94567at7898          -            278   2.7e-14   51.9   3.0   2   2   1.3e-08   2.6e-07   29.1   0.1   197   271   157   239   145   242 0.77 -
NODE_75777_length_5164_cov_25.209872:710-1435     -            242 94567at7898          -            278   2.7e-14   51.9   3.0   1   2   6.5e-07   1.3e-05   23.5   0.4    82   186    10   118     2   129 0.73 -
NODE_75777_length_5164_cov_25.209872:710-1435     -            242 94567at7898          -            278   2.7e-14   51.9   3.0   2   2   1.3e-08   2.6e-07   29.1   0.1   197   271   157   239   145   242 0.77 -
NODE_99051_length_4011_cov_25.636247:621-1697     -            359 94567at7898          -            278   4.5e-14   51.2  16.5   1   2   2.2e-05   0.00046   18.4   8.1    14   135    45   170    31   183 0.78 -
NODE_99051_length_4011_cov_25.636247:621-1697     -            359 94567at7898          -            278   4.5e-14   51.2  16.5   2   2   3.7e-11   7.7e-10   37.4   1.2   164   272   215   338   206   343 0.74 -
NODE_20917_length_11150_cov_30.347208:3550-7205   -            254 94567at7898          -            278   5.1e-14   51.1  35.0   1   2   4.7e-10   9.6e-09   33.8  22.8    17   178     6   181     2   183 0.77 -
NODE_20917_length_11150_cov_30.347208:3550-7205   -            254 94567at7898          -            278   5.1e-14   51.1  35.0   2   2   5.5e-07   1.1e-05   23.7   4.8   205   270   182   252   179   254 0.74 -
NODE_52982_length_6780_cov_23.786858:2343-3215    -            291 94567at7898          -            278   5.5e-14   51.0  14.6   1   1   3.4e-15   7.1e-14   50.6  14.6    14   272    18   289    10   291 0.74 -
NODE_59570_length_6246_cov_32.728811:789-1244     -            152 94567at7898          -            278   9.4e-14   50.2   1.0   1   1   6.7e-15   1.4e-13   49.6   1.0   164   270    25   149     6   151 0.73 -
NODE_63229_length_5975_cov_31.607556:1321-2282    -            249 94567at7898          -            278   1.4e-13   49.6  14.1   1   1   8.1e-15   1.7e-13   49.4  14.1    35   265     2   247     1   249 0.74 -
NODE_11590_length_14023_cov_27.427822:1231-1956   -            242 94567at7898          -            278   1.4e-13   49.6  16.2   1   1   8.3e-15   1.7e-13   49.3  16.2    19   213    41   241    25   242 0.83 -
NODE_65487_length_5818_cov_22.802238:4958-5548    -            197 94567at7898          -            278   2.1e-13   49.1   2.2   1   1   1.6e-14   3.2e-13   48.5   2.2   163   270    44   170     6   176 0.77 -
NODE_20869_length_11161_cov_33.687398:2098-3036   -            313 94567at7898          -            278   2.2e-13   49.0  17.5   1   1   2.6e-14   5.4e-13   47.7  17.5    13   266    28   309    14   313 0.69 -
NODE_38581_length_8248_cov_25.637379:6848-7864    -            339 94567at7898          -            278   2.3e-13   48.9  18.9   1   2   2.5e-08   5.2e-07   28.1   8.0    14   133    59   180    47   208 0.85 -
NODE_38581_length_8248_cov_25.637379:6848-7864    -            339 94567at7898          -            278   2.3e-13   48.9  18.9   2   2   9.7e-08     2e-06   26.2   3.1   165   264   231   339   223   339 0.69 -
NODE_1614_length_24083_cov_34.891678:17782-18603  -            274 94567at7898          -            278   2.8e-13   48.7  18.3   1   1   1.7e-14   3.5e-13   48.3  18.3    11   264     3   273     1   274 0.72 -
NODE_130567_length_2868_cov_34.385699:393-1277    -            295 94567at7898          -            278   3.5e-13   48.3  18.8   1   1   1.4e-13   2.9e-12   45.3  18.8    18   268     9   272     3   280 0.69 -
NODE_120836_length_3187_cov_42.890544:1749-2912   -            388 94567at7898          -            278   4.9e-13   47.8  25.5   1   1   2.5e-13   5.2e-12   44.5  25.5     4   271    65   353    62   357 0.68 -
NODE_143215_length_2502_cov_31.047857:1145-2062   -            306 94567at7898          -            278   5.6e-13   47.7  22.5   1   1   1.8e-13   3.8e-12   44.9  22.5    14   267    28   293    19   300 0.68 -
NODE_7454_length_16160_cov_28.158832:3752-8261    -            349 94567at7898          -            278   1.6e-12   46.1  14.0   1   1   2.4e-13   4.9e-12   44.6  14.0     8   274    21   303    16   307 0.74 -
NODE_7169_length_16333_cov_67.142664:3106-3963    -            286 94567at7898          -            278   3.3e-12   45.1  10.7   1   1   2.1e-13   4.4e-12   44.7  10.7    16   228    13   236     6   284 0.74 -
NODE_22751_length_10744_cov_73.399248:7456-8001   -            182 94567at7898          -            278   3.6e-12   45.0  14.5   1   1   3.3e-13   6.7e-12   44.1  14.5    14   176     3   180     1   182 0.73 -
NODE_19105_length_11605_cov_32.153311:5174-6459   -            258 94567at7898          -            278   5.1e-12   44.5  18.9   1   1   8.3e-13   1.7e-11   42.8  18.9    35   266     2   250     1   256 0.65 -
NODE_3126_length_20573_cov_61.282212:8070-9407    -            446 94567at7898          -            278   5.3e-12   44.5  21.3   1   1   4.2e-13   8.6e-12   43.8  21.3    13   260    69   341    63   350 0.70 -
NODE_101696_length_3900_cov_27.085504:841-2034    -            398 94567at7898          -            278   5.6e-12   44.4  14.3   1   2   5.9e-05    0.0012   17.0   4.1     7   110    50   156    45   197 0.80 -
NODE_101696_length_3900_cov_27.085504:841-2034    -            398 94567at7898          -            278   5.6e-12   44.4  14.3   2   2     9e-10   1.8e-08   32.8   2.6   165   270   226   338   208   344 0.74 -
NODE_48185_length_7223_cov_36.896968:2037-2741    -            235 94567at7898          -            278   5.9e-12   44.3  14.7   1   1   3.4e-13   7.1e-12   44.0  14.7     3   210    19   231    17   234 0.76 -
NODE_54157_length_6681_cov_31.881647:3076-6134    -            279 94567at7898          -            278   9.2e-12   43.7  21.1   1   1   8.7e-13   1.8e-11   42.7  21.1    34   265    23   271    12   277 0.68 -
NODE_229471_length_836_cov_21.427408:4-555        -            184 94567at7898          -            278   1.1e-11   43.5   7.8   1   1   7.4e-13   1.5e-11   42.9   7.8   161   267    58   175     2   183 0.69 -
NODE_9242_length_15131_cov_32.591405:6686-7471    -            262 94567at7898          -            278   1.2e-11   43.3   6.6   1   2   7.8e-10   1.6e-08   33.0   6.0    83   183     9   122     1   130 0.74 -
NODE_9242_length_15131_cov_32.591405:6686-7471    -            262 94567at7898          -            278   1.2e-11   43.3   6.6   2   2     0.024       0.5    8.4   0.0   204   266   181   248   153   258 0.63 -
NODE_166661_length_1922_cov_28.749314:761-1348    -            196 94567at7898          -            278   1.9e-11   42.6   8.1   1   1   1.3e-12   2.6e-11   42.2   8.1    13   134    14   139     4   163 0.85 -
NODE_139308_length_2609_cov_35.195219:1254-2144   -            297 94567at7898          -            278   2.7e-11   42.1   9.4   1   1   8.2e-12   1.7e-10   39.5   9.4    16   266     5   292     1   297 0.71 -
NODE_80398_length_4906_cov_36.332848:767-1702     -            312 94567at7898          -            278   4.5e-11   41.4  18.2   1   1   4.4e-10   9.1e-09   33.8  18.2    16   259    11   298     2   308 0.62 -
NODE_103642_length_3819_cov_33.151075:1523-2086   -            188 94567at7898          -            278   6.4e-11   40.9  18.1   1   1   5.7e-12   1.2e-10   40.0  18.1    13   176     8   186     3   188 0.75 -
NODE_15501_length_12620_cov_29.515214:6001-7005   -            335 94567at7898          -            278   7.5e-11   40.7  22.6   1   2   2.9e-06     6e-05   21.3  12.2    10   134    51   178    42   187 0.74 -
NODE_15501_length_12620_cov_29.515214:6001-7005   -            335 94567at7898          -            278   7.5e-11   40.7  22.6   2   2   1.9e-07     4e-06   25.2   2.7   165   269   224   331   211   335 0.67 -
NODE_8647_length_15464_cov_29.621998:3084-13404   -            309 94567at7898          -            278     1e-10   40.2   4.4   1   2     0.015      0.31    9.1   0.4    84   148    33    98    16   150 0.78 -
NODE_8647_length_15464_cov_29.621998:3084-13404   -            309 94567at7898          -            278     1e-10   40.2   4.4   2   2   8.5e-10   1.8e-08   32.9   0.4   201   271   215   290   199   295 0.81 -
NODE_35884_length_8588_cov_25.917894:812-1759     -            316 94567at7898          -            278   1.1e-10   40.1  17.4   1   2   0.00019     0.004   15.3   5.8    11   135    16   144     7   153 0.77 -
NODE_35884_length_8588_cov_25.917894:812-1759     -            316 94567at7898          -            278   1.1e-10   40.1  17.4   2   2   7.1e-09   1.5e-07   29.9   3.8   165   271   191   312   181   316 0.75 -
NODE_20598_length_11231_cov_26.818451:8894-9961   -            356 94567at7898          -            278   1.8e-10   39.4  12.3   1   2   5.6e-07   1.2e-05   23.7   7.9    21   154     1   144     1   186 0.69 -
NODE_20598_length_11231_cov_26.818451:8894-9961   -            356 94567at7898          -            278   1.8e-10   39.4  12.3   2   2   2.7e-05   0.00055   18.1   0.1   202   267   272   340   261   348 0.78 -
NODE_21135_length_11099_cov_38.659182:8394-10988  -            372 94567at7898          -            278     2e-10   39.3  10.4   1   2   0.00019    0.0039   15.3   3.0    82   166    54   142    14   187 0.68 -
NODE_21135_length_11099_cov_38.659182:8394-10988  -            372 94567at7898          -            278     2e-10   39.3  10.4   2   2   1.8e-08   3.8e-07   28.5   0.8   192   267   283   364   272   369 0.74 -
NODE_155361_length_2187_cov_37.636015:176-1120    -            315 94567at7898          -            278   2.3e-10   39.1  21.9   1   1   2.5e-11   5.2e-10   37.9  21.9    13   273    14   295     4   299 0.75 -
NODE_20013_length_11378_cov_35.702722:2373-3299   -            309 94567at7898          -            278   2.3e-10   39.1  25.1   1   1   2.2e-11   4.4e-10   38.1  25.1    16   276    24   303    13   305 0.74 -
NODE_80824_length_4880_cov_36.396988:1998-3011    -            338 94567at7898          -            278   2.9e-10   38.7  19.9   1   2   3.4e-09     7e-08   30.9  13.6    16   146     3   136     1   177 0.83 -
NODE_80824_length_4880_cov_36.396988:1998-3011    -            338 94567at7898          -            278   2.9e-10   38.7  19.9   2   2    0.0027     0.055   11.6   0.4   183   268   231   321   227   330 0.76 -
NODE_135181_length_2728_cov_34.429441:398-1165    -            256 94567at7898          -            278   3.4e-10   38.5  19.7   1   1   1.5e-10     3e-09   35.4  19.7    19   267     3   255     1   256 0.72 -
NODE_104122_length_3801_cov_24.537007:240-1139    -            253 94567at7898          -            278   3.8e-10   38.4  18.7   1   1   5.7e-11   1.2e-09   36.8  18.7    36   265     3   250     1   252 0.62 -
NODE_8381_length_15605_cov_32.158777:11219-12061  -            281 94567at7898          -            278   4.5e-10   38.1   3.5   1   2   2.2e-11   4.5e-10   38.1   3.5    88   188     2   110     1   121 0.83 -
NODE_8381_length_15605_cov_32.158777:11219-12061  -            281 94567at7898          -            278   4.5e-10   38.1   3.5   2   2       2.1        43    2.1   0.7   215   257   225   277   216   281 0.58 -
NODE_3381_length_20182_cov_39.433401:12540-13307  -            256 94567at7898          -            278   4.7e-10   38.1  19.8   1   1   1.2e-10   2.5e-09   35.7  19.8    19   267     3   255     1   256 0.74 -
NODE_69061_length_5579_cov_27.594343:3750-4628    -            293 94567at7898          -            278   5.1e-10   38.0   7.4   1   1   4.3e-11   8.9e-10   37.2   7.4    14   135    70   194    63   267 0.87 -
NODE_73770_length_5286_cov_29.649701:597-1526     -            310 94567at7898          -            278   6.5e-10   37.6  22.3   1   1   7.8e-10   1.6e-08   33.0  22.3    16   269    32   309    17   310 0.73 -
NODE_9201_length_15149_cov_32.893023:11915-12901  -            329 94567at7898          -            278   6.7e-10   37.6  28.1   1   1   4.1e-10   8.5e-09   33.9  28.1    13   269    42   319    29   326 0.77 -
NODE_150824_length_2304_cov_24.656689:1028-1969   -            314 94567at7898          -            278   6.9e-10   37.5  20.6   1   2     3e-05   0.00062   18.0   9.5    12   137    31   158    22   168 0.73 -
NODE_150824_length_2304_cov_24.656689:1028-1969   -            314 94567at7898          -            278   6.9e-10   37.5  20.6   2   2   1.6e-07   3.2e-06   25.5   3.2   170   269   209   310   188   314 0.65 -
NODE_37545_length_8375_cov_49.751450:3506-4432    -            309 94567at7898          -            278   7.2e-10   37.4  22.8   1   1   1.6e-10   3.4e-09   35.3  22.8     6   267    19   302    14   308 0.69 -
NODE_67056_length_5708_cov_27.814762:2632-3477    -            282 94567at7898          -            278   7.7e-10   37.4  28.9   1   1   1.9e-10   3.9e-09   35.0  28.9    14   267    14   281     2   282 0.68 -
NODE_103740_length_3816_cov_27.690073:1160-2104   -            315 94567at7898          -            278   8.8e-10   37.2  16.7   1   2     4e-06   8.3e-05   20.9   5.6    16   131    32   150    22   179 0.83 -
NODE_103740_length_3816_cov_27.690073:1160-2104   -            315 94567at7898          -            278   8.8e-10   37.2  16.7   2   2   3.2e-06   6.6e-05   21.2   3.3   200   265   233   312   202   315 0.68 -
NODE_14267_length_13008_cov_30.039740:7141-8420   -            261 94567at7898          -            278   1.6e-09   36.3  16.8   1   1   1.8e-10   3.8e-09   35.1  16.8    33   265     8   258     1   260 0.65 -
NODE_77404_length_5074_cov_24.388744:876-1637     -            254 94567at7898          -            278   1.8e-09   36.1  12.1   1   1   1.5e-09     3e-08   32.1  12.1    14   226     7   246     1   252 0.72 -
NODE_23291_length_10627_cov_34.894947:803-4910    -            252 94567at7898          -            278   1.8e-09   36.1  11.5   1   2   2.6e-07   5.3e-06   24.8   3.5    14   138     6   135     2   143 0.80 -
NODE_23291_length_10627_cov_34.894947:803-4910    -            252 94567at7898          -            278   1.8e-09   36.1  11.5   2   2   0.00015    0.0032   15.7   1.0   208   270   174   248   159   251 0.77 -
NODE_83096_length_4761_cov_41.654011:1042-1839    -            266 94567at7898          -            278   1.9e-09   36.1  23.1   1   1   1.7e-10   3.4e-09   35.2  23.1    14   264     1   263     1   266 0.75 -
NODE_20037_length_11371_cov_30.039656:2277-2735   -            153 94567at7898          -            278   2.2e-09   35.9  11.7   1   1   1.2e-10   2.4e-09   35.7  11.7    16   138     4   128     1   148 0.83 -
NODE_106313_length_3715_cov_40.080752:1076-2092   -            339 94567at7898          -            278   2.2e-09   35.9  23.1   1   1   5.5e-09   1.1e-07   30.2  23.1    13   273    38   315    25   320 0.66 -
NODE_8677_length_15447_cov_29.074603:1606-2397    -            264 94567at7898          -            278   3.1e-09   35.4  10.8   1   1   5.2e-10   1.1e-08   33.6  10.8    19   264    10   263     2   264 0.77 -
NODE_7753_length_15981_cov_34.252739:1502-2389    -            296 94567at7898          -            278   6.1e-09   34.4  19.4   1   1   4.9e-10     1e-08   33.7  19.4     7   272    31   295    26   296 0.76 -
NODE_58706_length_6309_cov_30.291465:1850-2734    -            295 94567at7898          -            278   6.6e-09   34.3  17.4   1   1   1.6e-09   3.2e-08   32.0  17.4    14   270    10   293     3   295 0.64 -
NODE_140992_length_2562_cov_32.200568:594-1412    -            273 94567at7898          -            278   7.2e-09   34.2  17.2   1   1   6.2e-10   1.3e-08   33.4  17.2    13   265     5   271     1   273 0.73 -
NODE_24683_length_10350_cov_38.052190:3964-6841   -            301 94567at7898          -            278   1.2e-08   33.4   1.1   1   2     6e-10   1.2e-08   33.4   1.1    13   141     4   136     1   149 0.84 -
NODE_24683_length_10350_cov_38.052190:3964-6841   -            301 94567at7898          -            278   1.2e-08   33.4   1.1   2   2       2.3        48    2.0   0.7   202   274   228   297   165   301 0.75 -
NODE_119530_length_3232_cov_26.464730:1237-2220   -            328 94567at7898          -            278   1.3e-08   33.4  17.4   1   1   1.4e-08   2.8e-07   29.0  17.4    12   271    14   294     5   299 0.68 -
NODE_17357_length_12076_cov_54.078066:5716-6633   -            306 94567at7898          -            278   1.4e-08   33.2  24.8   1   1   3.5e-09   7.1e-08   30.9  21.6    18   183     2   183     1   188 0.79 -
NODE_118502_length_3268_cov_38.141685:454-1467    -            338 94567at7898          -            278   1.4e-08   33.2  13.2   1   2   2.2e-06   4.5e-05   21.7   2.9    35   132    54   152    49   163 0.80 -
NODE_118502_length_3268_cov_38.141685:454-1467    -            338 94567at7898          -            278   1.4e-08   33.2  13.2   2   2   0.00019    0.0038   15.4   2.7   166   264   227   334   220   337 0.61 -
NODE_6358_length_16947_cov_142.465990:14151-15059 -            303 94567at7898          -            278   1.6e-08   33.1  11.9   1   1   3.8e-09   7.8e-08   30.8  11.9    17   265    28   301    16   303 0.70 -
NODE_65192_length_5839_cov_20.113066:852-1703     -            284 94567at7898          -            278   1.7e-08   33.0  19.2   1   1   1.7e-09   3.4e-08   32.0  19.2    13   266     8   282     2   284 0.75 -
NODE_103154_length_3840_cov_30.586207:1130-2110   -            327 94567at7898          -            278   1.7e-08   33.0  28.6   1   1   7.5e-09   1.5e-07   29.8  28.6    11   272    31   308    25   313 0.66 -
NODE_25202_length_10258_cov_30.893297:783-1676    -            298 94567at7898          -            278     2e-08   32.7  19.5   1   1   1.8e-09   3.6e-08   31.9  19.5    13   271    18   291     9   297 0.77 -
NODE_39124_length_8184_cov_38.808163:2509-3510    -            334 94567at7898          -            278     2e-08   32.7  22.7   1   1   2.5e-09   5.1e-08   31.4  22.7     9   269    32   323    25   328 0.69 -
NODE_61527_length_6098_cov_30.980997:2000-2830    -            277 94567at7898          -            278     3e-08   32.1  17.3   1   1   2.5e-09   5.1e-08   31.4  17.3    16   265     6   275     2   277 0.67 -
NODE_104656_length_3780_cov_31.475958:2092-2919   -            276 94567at7898          -            278     3e-08   32.1  15.2   1   1   2.7e-09   5.5e-08   31.3  15.2    33   273    18   272     1   275 0.72 -
NODE_1996_length_22965_cov_46.919794:19101-19847  -            249 94567at7898          -            278   3.3e-08   32.0   1.1   1   1   1.6e-09   3.3e-08   32.0   1.1   160   271    82   206    65   213 0.73 -
NODE_88646_length_4483_cov_22.481068:1989-2870    -            294 94567at7898          -            278   3.9e-08   31.8   9.2   1   2   7.4e-06   0.00015   20.0   1.8    45   133    36   126    12   141 0.79 -
NODE_88646_length_4483_cov_22.481068:1989-2870    -            294 94567at7898          -            278   3.9e-08   31.8   9.2   2   2   0.00013    0.0026   15.9   0.9   206   272   205   274   169   279 0.84 -
NODE_61069_length_6130_cov_24.211739:3421-4341    -            307 94567at7898          -            278   4.7e-08   31.5  14.0   1   1   7.6e-09   1.6e-07   29.8  14.0    12   265    29   305    18   307 0.69 -
NODE_28784_length_9621_cov_35.749317:4059-4955    -            299 94567at7898          -            278   4.7e-08   31.5  12.1   1   1   3.7e-09   7.7e-08   30.8  12.1    14   271     9   281     1   286 0.69 -
NODE_650_length_28861_cov_35.210382:18744-19583   -            280 94567at7898          -            278   5.1e-08   31.4   3.6   1   2   2.5e-09   5.1e-08   31.4   3.6    11   142    26   167    22   185 0.75 -
NODE_650_length_28861_cov_35.210382:18744-19583   -            280 94567at7898          -            278   5.1e-08   31.4   3.6   2   2       7.1   1.5e+02    0.4   0.5   202   224   257   279   188   280 0.55 -
NODE_88364_length_4495_cov_33.785487:3229-4050    -            274 94567at7898          -            278   6.1e-08   31.1  18.5   1   1   4.3e-09   8.9e-08   30.6  18.5    19   260    13   271     5   274 0.66 -
NODE_24237_length_10438_cov_55.341039:2673-3467   -            265 94567at7898          -            278   7.7e-08   30.8  13.9   1   1   1.5e-08   3.1e-07   28.8  13.4    19   194    11   210     2   216 0.72 -
NODE_91507_length_4345_cov_34.785916:870-1673     -            268 94567at7898          -            278   8.1e-08   30.7   4.8   1   1   3.9e-09   8.1e-08   30.7   4.8    18   141     9   132     2   147 0.84 -
NODE_48627_length_7182_cov_32.801920:4859-5563    -            235 94567at7898          -            278   8.9e-08   30.6  16.5   1   1   2.7e-08   5.6e-07   28.0  16.5    15   223    17   229     5   233 0.72 -
NODE_10215_length_14652_cov_33.674638:3084-4004   -            307 94567at7898          -            278   9.9e-08   30.4   1.8   1   1   5.5e-09   1.1e-07   30.2   0.2   199   271   214   291   197   296 0.81 -
NODE_66949_length_5715_cov_33.485043:3965-4873    -            303 94567at7898          -            278     1e-07   30.4  13.2   1   1   9.6e-09     2e-07   29.5  13.2    73   274    87   299    46   302 0.71 -
NODE_41908_length_7867_cov_30.254248:4073-4966    -            298 94567at7898          -            278   1.1e-07   30.3  12.3   1   1   5.6e-08   1.2e-06   26.9  12.3    14   264     3   296     1   298 0.62 -
NODE_16617_length_12286_cov_34.434808:2683-3531   -            283 94567at7898          -            278   1.1e-07   30.3  15.0   1   1   1.9e-08     4e-07   28.5  15.0    11   267     5   281     1   283 0.66 -
NODE_1149_length_25908_cov_38.208764:13774-14712  -            313 94567at7898          -            278   1.4e-07   30.0  20.9   1   1   1.1e-08   2.2e-07   29.3  20.9    12   277     8   285     2   286 0.72 -
NODE_126806_length_2988_cov_401.227068:1607-2152  -            182 94567at7898          -            278   1.6e-07   29.7   8.6   1   1   8.8e-09   1.8e-07   29.6   8.6    18   132     6   124     1   181 0.85 -
NODE_128406_length_2938_cov_19.733709:1715-2554   -            280 94567at7898          -            278   1.8e-07   29.6  11.4   1   1   3.3e-08   6.8e-07   27.7  11.4    29   268    26   275     2   279 0.74 -
NODE_49182_length_7127_cov_30.779880:1525-2415    -            297 94567at7898          -            278     2e-07   29.5  25.4   1   1   1.2e-07   2.5e-06   25.8  25.4    16   265    29   292    24   297 0.76 -
NODE_51391_length_6922_cov_34.332991:1215-2144    -            310 94567at7898          -            278   2.1e-07   29.4  14.8   1   1   2.1e-07   4.3e-06   25.1  14.8    12   265    26   301    23   309 0.67 -
NODE_29585_length_9492_cov_74.846162:2091-2945    -            285 94567at7898          -            278   2.2e-07   29.3  12.3   1   1   2.5e-08   5.1e-07   28.1  12.3    22   269    17   281     8   284 0.72 -
NODE_18504_length_11760_cov_259.146986:4043-4867  -            275 94567at7898          -            278   3.1e-07   28.8  22.9   1   1   6.3e-07   1.3e-05   23.5  22.9    16   270     3   273     1   275 0.71 -
NODE_117134_length_3315_cov_36.898010:1626-2504   -            293 94567at7898          -            278   3.6e-07   28.6  23.2   1   1   3.5e-08   7.3e-07   27.6  23.2    16   236    12   240     2   291 0.63 -
NODE_59884_length_6220_cov_27.803137:5495-6067    -            191 94567at7898          -            278     4e-07   28.5   1.2   1   1   2.7e-08   5.6e-07   28.0   1.2   156   264    74   191    61   191 0.71 -
NODE_3643_length_19815_cov_25.972611:1371-2210    -            280 94567at7898          -            278   4.9e-07   28.1  20.1   1   1   2.7e-06   5.5e-05   21.4  20.1    13   259    14   275     4   280 0.63 -
NODE_12083_length_13823_cov_28.439522:6351-7262   -            304 94567at7898          -            278   5.5e-07   28.0  19.9   1   1   8.9e-08   1.8e-06   26.3  19.9    11   274     4   291     2   295 0.71 -
NODE_140063_length_2587_cov_34.155145:818-1690    -            291 94567at7898          -            278     6e-07   27.9  22.4   1   1   9.7e-07     2e-05   22.9  22.4    20   227    55   287    38   290 0.61 -
NODE_27004_length_9930_cov_36.756383:5843-6751    -            303 94567at7898          -            278   8.5e-07   27.4  22.3   1   1     1e-07   2.1e-06   26.1  22.3    14   268    16   282     9   292 0.72 -
NODE_34129_length_8819_cov_35.242317:5260-5865    -            202 94567at7898          -            278   9.3e-07   27.3   6.8   1   1   4.5e-08   9.3e-07   27.3   6.8    12   135    13   136     4   147 0.82 -
NODE_109217_length_3604_cov_35.578317:544-1671    -            376 94567at7898          -            278   1.1e-06   27.0  23.2   1   2   9.4e-08   1.9e-06   26.2   9.5     8   137    33   164    26   187 0.76 -
NODE_109217_length_3604_cov_35.578317:544-1671    -            376 94567at7898          -            278   1.1e-06   27.0  23.2   2   2       0.1       2.1    6.4   5.7   204   271   264   343   231   349 0.67 -
NODE_11242_length_14167_cov_29.302104:4640-5194   -            185 94567at7898          -            278   1.3e-06   26.8  12.1   1   1   9.2e-08   1.9e-06   26.2  12.1    17   141     7   134     2   184 0.83 -
NODE_102287_length_3876_cov_31.365105:1041-2021   -            327 94567at7898          -            278   2.1e-06   26.1  22.3   1   2   6.3e-06   0.00013   20.2   8.6    10   132    34   158    27   171 0.75 -
NODE_102287_length_3876_cov_31.365105:1041-2021   -            327 94567at7898          -            278   2.1e-06   26.1  22.3   2   2     0.004     0.083   11.0   5.7   201   272   234   316   202   321 0.70 -
NODE_14975_length_12778_cov_28.993454:5061-5930   -            290 94567at7898          -            278   2.2e-06   26.0  16.2   1   2    0.0034      0.07   11.3   3.3    17   108     8   100     2   126 0.77 -
NODE_14975_length_12778_cov_28.993454:5061-5930   -            290 94567at7898          -            278   2.2e-06   26.0  16.2   2   2   9.7e-06    0.0002   19.6   5.1   150   266   168   287   160   290 0.70 -
NODE_3804_length_19576_cov_29.327515:9167-9949    -            261 94567at7898          -            278   2.5e-06   25.9  17.9   1   1   2.9e-07     6e-06   24.6  17.9    29   269     2   258     1   261 0.69 -
NODE_6061_length_17180_cov_106.874656:15050-15835 -            262 94567at7898          -            278   2.6e-06   25.8   3.6   1   1   1.3e-07   2.6e-06   25.8   3.6    14   145    19   154    13   166 0.83 -
NODE_20696_length_11207_cov_42.145031:1516-2553   -            346 94567at7898          -            278   2.9e-06   25.6  17.4   1   2   5.9e-05    0.0012   17.0   8.6    15   133    32   152    19   162 0.80 -
NODE_20696_length_11207_cov_42.145031:1516-2553   -            346 94567at7898          -            278   2.9e-06   25.6  17.4   2   2   0.00039     0.008   14.3   0.2   197   234   270   307   260   341 0.84 -
NODE_44830_length_7559_cov_28.515818:7009-7554    -            182 94567at7898          -            278   3.2e-06   25.5  11.6   1   1   4.5e-07   9.3e-06   24.0  11.6    88   258     4   182     2   182 0.76 -
NODE_5520_length_17644_cov_32.583186:6949-7842    -            298 94567at7898          -            278   3.5e-06   25.4   7.4   1   1   4.4e-06   9.2e-05   20.7   7.4    14   266    29   295    19   298 0.68 -
NODE_4861_length_18261_cov_33.821606:14617-15516  -            300 94567at7898          -            278     4e-06   25.2  16.5   1   1   5.9e-07   1.2e-05   23.6  16.5     9   270    20   297    13   300 0.71 -
NODE_9343_length_15073_cov_35.328102:13091-14002  -            304 94567at7898          -            278   4.3e-06   25.1  19.3   1   1   7.9e-07   1.6e-05   23.2  19.3    13   266    30   303    20   304 0.62 -
NODE_78241_length_5026_cov_30.128070:897-1982     -            362 94567at7898          -            278   4.8e-06   24.9  22.4   1   1   1.9e-06   3.9e-05   21.9  22.4    10   273    33   320    26   325 0.61 -
NODE_8033_length_15816_cov_49.645416:7257-8018    -            254 94567at7898          -            278   5.3e-06   24.8  14.0   1   2   1.6e-05   0.00032   18.9   3.4    40   131    28   118     3   131 0.77 -
NODE_8033_length_15816_cov_49.645416:7257-8018    -            254 94567at7898          -            278   5.3e-06   24.8  14.0   2   2    0.0028     0.058   11.5   2.9   203   258   188   254   146   254 0.76 -
NODE_134533_length_2748_cov_26.603624:1908-2723   -            272 94567at7898          -            278     6e-06   24.6  19.5   1   1     9e-07   1.9e-05   23.0  19.5    59   264    38   259     9   268 0.67 -
NODE_14241_length_13017_cov_29.440625:8193-8948   -            252 94567at7898          -            278   6.1e-06   24.6  22.2   1   1   4.5e-07   9.2e-06   24.0  22.2    33   265     4   251     1   252 0.71 -
NODE_161686_length_2037_cov_24.345201:791-1687    -            299 94567at7898          -            278   6.2e-06   24.5  22.0   1   1   2.3e-06   4.8e-05   21.6  22.0    13   265    39   297    35   299 0.78 -
NODE_14241_length_13017_cov_29.440625:3462-4217   -            252 94567at7898          -            278     7e-06   24.4  19.8   1   1   4.1e-07   8.5e-06   24.1  19.8    33   265     4   251     1   252 0.69 -
NODE_155843_length_2175_cov_38.221580:796-1674    -            293 94567at7898          -            278   8.1e-06   24.2  17.5   1   1     8e-07   1.7e-05   23.1  17.5    21   270    15   281     9   286 0.65 -
NODE_182682_length_1585_cov_33.876851:305-1111    -            269 94567at7898          -            278   8.5e-06   24.1  14.7   1   1   4.1e-07   8.5e-06   24.1  14.7    79   267    63   269    26   269 0.79 -
NODE_158199_length_2118_cov_26.793462:740-1501    -            254 94567at7898          -            278   8.5e-06   24.1  15.6   1   1   2.4e-06     5e-05   21.6  15.6    40   258    28   254     3   254 0.74 -
NODE_142187_length_2530_cov_25.668038:1868-2443   -            192 94567at7898          -            278   8.8e-06   24.0  12.5   1   2   1.9e-06   3.8e-05   21.9   0.8    91   146     1    56     1    68 0.88 -
NODE_142187_length_2530_cov_25.668038:1868-2443   -            192 94567at7898          -            278   8.8e-06   24.0  12.5   2   2     0.079       1.6    6.8   5.0   197   268   122   191    75   192 0.66 -
NODE_6090_length_17156_cov_31.170487:12717-13298  -            194 94567at7898          -            278   9.3e-06   24.0   6.6   1   1   5.2e-07   1.1e-05   23.8   6.6    89   267     1   191     1   194 0.71 -
NODE_189900_length_1445_cov_33.150074:848-1399    -            184 94567at7898          -            278     1e-05   23.8   3.2   1   1   7.2e-07   1.5e-05   23.3   3.1    63   133    23    93     2   162 0.85 -
NODE_13917_length_13128_cov_38.969530:9832-10698  -            289 94567at7898          -            278   1.1e-05   23.8  24.1   1   1   1.2e-06   2.6e-05   22.5  24.1     7   256     2   261     1   286 0.71 -
NODE_1289_length_25309_cov_28.326299:23102-23818  -            239 94567at7898          -            278   1.1e-05   23.7  20.1   1   1   7.5e-07   1.6e-05   23.2  20.1    37   259     2   239     1   239 0.77 -
NODE_3921_length_19421_cov_32.948090:6914-7744    -            277 94567at7898          -            278   1.2e-05   23.6  18.1   1   1   9.1e-07   1.9e-05   23.0  18.1    22   258    33   277     8   277 0.62 -
NODE_1289_length_25309_cov_28.326299:13902-14657  -            252 94567at7898          -            278   1.4e-05   23.4  19.5   1   1   8.3e-07   1.7e-05   23.1  19.5    33   265     4   251     1   252 0.71 -
NODE_19628_length_11472_cov_33.107360:7155-7910   -            252 94567at7898          -            278   1.4e-05   23.4  15.9   1   1   2.2e-06   4.5e-05   21.7  15.9    33   265     4   251     1   252 0.68 -
NODE_90788_length_4379_cov_41.499299:604-1335     -            244 94567at7898          -            278   2.1e-05   22.8  13.3   1   1   1.7e-06   3.6e-05   22.0  13.3    70   264    37   243     2   244 0.77 -
NODE_65878_length_5790_cov_30.737832:838-1770     -            311 94567at7898          -            278   2.1e-05   22.8  18.1   1   1   7.9e-05    0.0016   16.6  18.1    16   269    38   310    32   311 0.69 -
NODE_17233_length_12114_cov_34.651103:6046-6954   -            303 94567at7898          -            278   2.1e-05   22.8  26.4   1   1   3.4e-06     7e-05   21.1  26.4    10   270    35   302    30   303 0.71 -
NODE_501_length_30366_cov_35.766049:14969-15826   -            286 94567at7898          -            278   2.2e-05   22.7  11.2   1   1   7.8e-06   0.00016   19.9  11.2    22   264    21   286     3   286 0.61 -
NODE_100649_length_3942_cov_31.544106:1534-2457   -            308 94567at7898          -            278   2.5e-05   22.5   9.9   1   2   7.3e-06   0.00015   20.0   1.1    65   133    59   127    10   141 0.86 -
NODE_100649_length_3942_cov_31.544106:1534-2457   -            308 94567at7898          -            278   2.5e-05   22.5   9.9   2   2      0.13       2.6    6.1   2.1   165   266   185   279   152   288 0.70 -
NODE_34807_length_8727_cov_27.209898:6022-6777    -            252 94567at7898          -            278   2.6e-05   22.5  19.3   1   1   9.5e-06    0.0002   19.6  19.3    33   265     4   251     1   252 0.69 -
NODE_65496_length_5817_cov_29.346275:3694-4686    -            331 94567at7898          -            278   2.7e-05   22.4  10.1   1   2   2.3e-06   4.7e-05   21.7   1.7    13   108    24   119    13   158 0.87 -
NODE_65496_length_5817_cov_29.346275:3694-4686    -            331 94567at7898          -            278   2.7e-05   22.4  10.1   2   2      0.35       7.1    4.7   1.5   200   265   215   293   186   300 0.62 -
NODE_36200_length_8547_cov_118.512192:3459-4256   -            266 94567at7898          -            278   3.5e-05   22.1  11.5   1   1   2.9e-06   5.9e-05   21.3  11.5    35   224    51   265    14   266 0.62 -
NODE_56423_length_6493_cov_29.068815:1642-2331    -            230 94567at7898          -            278   3.5e-05   22.1  16.8   1   1   1.1e-05   0.00023   19.4  16.8    72   268    20   229     3   230 0.69 -
NODE_9597_length_14946_cov_36.608069:4258-5121    -            288 94567at7898          -            278   3.6e-05   22.0  30.8   1   1   7.4e-06   0.00015   20.0  30.8    39   266    44   287     6   288 0.65 -
NODE_107648_length_3667_cov_27.552410:2001-2867   -            289 94567at7898          -            278   4.4e-05   21.8  24.9   1   1   3.7e-06   7.6e-05   21.0  24.9    13   259    20   283     8   289 0.62 -
NODE_5157_length_17986_cov_47.064348:14213-14890  -            226 94567at7898          -            278   4.6e-05   21.7   8.5   1   1   2.2e-06   4.6e-05   21.7   8.5    21   165     6   146     1   156 0.75 -
NODE_90747_length_4382_cov_26.151763:837-1673     -            279 94567at7898          -            278   4.7e-05   21.7  18.2   1   1   1.7e-05   0.00036   18.8  18.2    12   262     9   276     2   279 0.70 -
NODE_114629_length_3403_cov_24.246973:1621-2896   -            329 94567at7898          -            278   5.8e-05   21.4  21.6   1   1     2e-05   0.00041   18.6  21.6     2   267    17   305    16   314 0.67 -
NODE_84772_length_4676_cov_34.072318:2071-3198    -            376 94567at7898          -            278   6.5e-05   21.2  13.2   1   1   5.9e-06   0.00012   20.3  13.2    35   258    59   299    26   317 0.64 -
NODE_13203_length_13397_cov_37.327643:10798-11820 -            341 94567at7898          -            278   6.8e-05   21.1  15.0   1   2   0.00025     0.005   15.0   5.1    32   137    37   143     7   153 0.69 -
NODE_13203_length_13397_cov_37.327643:10798-11820 -            341 94567at7898          -            278   6.8e-05   21.1  15.0   2   2    0.0013     0.026   12.6   0.4   195   234   262   301   257   326 0.82 -
NODE_22877_length_10715_cov_31.003862:322-1125    -            268 94567at7898          -            278     7e-05   21.1  14.0   1   1   9.8e-06    0.0002   19.6  14.0    39   264    32   265     9   268 0.66 -
NODE_57237_length_6424_cov_32.491383:2659-3672    -            338 94567at7898          -            278     7e-05   21.1  18.6   1   1   2.1e-05   0.00042   18.5  18.6    17   273    28   304    14   308 0.63 -
NODE_179980_length_1639_cov_33.866883:288-1037    -            250 94567at7898          -            278   7.3e-05   21.0  14.3   1   1   4.1e-06   8.5e-05   20.8  14.3    22   259     8   247     2   250 0.67 -
NODE_1289_length_25309_cov_28.326299:1441-2175    -            245 94567at7898          -            278   8.3e-05   20.9  24.5   1   1   6.3e-06   0.00013   20.2  24.5    37   263     2   244     1   245 0.71 -
NODE_96888_length_4105_cov_34.204443:1333-2109    -            259 94567at7898          -            278     9e-05   20.7  17.0   1   1   5.7e-06   0.00012   20.4  17.0    33   228    23   222     4   249 0.73 -
NODE_60265_length_6189_cov_30.064860:497-1267     -            257 94567at7898          -            278     9e-05   20.7   5.4   1   1   1.1e-05   0.00022   19.5   5.4    19   141    23   156    15   256 0.78 -
NODE_56_length_44990_cov_37.791785:43507-44238    -            244 94567at7898          -            278   9.9e-05   20.6  17.0   1   1   2.7e-05   0.00056   18.1  17.0    43   264     8   243     1   244 0.66 -
NODE_27165_length_9899_cov_31.518265:2214-2843    -            210 94567at7898          -            278   0.00011   20.4   8.9   1   1   1.9e-05    0.0004   18.6   8.9    74   264     7   209     2   210 0.75 -
NODE_21721_length_10973_cov_27.374287:9305-9886   -            194 94567at7898          -            278   0.00016   19.9  12.8   1   1     1e-05   0.00021   19.5  12.8    98   259    17   187     2   194 0.61 -
NODE_225332_length_888_cov_78.642586:18-869       -            284 94567at7898          -            278   0.00021   19.6  14.8   1   1   3.5e-05   0.00072   17.8  14.4    66   263    66   276    29   283 0.69 -
NODE_25470_length_10213_cov_27.653747:880-1698    -            273 94567at7898          -            278   0.00021   19.5  22.4   1   1   1.8e-05   0.00037   18.7  22.4    20   276     3   272     1   273 0.67 -
NODE_13881_length_13141_cov_37.549226:12144-12869 -            242 94567at7898          -            278   0.00032   18.9   4.9   1   2   1.5e-05   0.00032   18.9   4.9    43   145     8   114     1   124 0.74 -
NODE_13881_length_13141_cov_37.549226:12144-12869 -            242 94567at7898          -            278   0.00032   18.9   4.9   2   2       5.8   1.2e+02    0.6   0.3   212   264   189   241   147   242 0.75 -
NODE_141952_length_2536_cov_25.734920:813-1532    -            240 94567at7898          -            278   0.00035   18.8   8.8   1   2   1.7e-05   0.00035   18.8   8.8    18   135     5   121     1   191 0.77 -
NODE_141952_length_2536_cov_25.734920:813-1532    -            240 94567at7898          -            278   0.00035   18.8   8.8   2   2       6.3   1.3e+02    0.5   0.1   205   222   223   240   204   240 0.76 -
NODE_58985_length_6288_cov_30.939085:4215-5198    -            328 94567at7898          -            278   0.00041   18.6  29.1   1   1    0.0011     0.022   12.9  29.1    21   273    42   309    31   314 0.71 -
NODE_70877_length_5466_cov_27.962735:2678-3505    -            276 94567at7898          -            278   0.00044   18.5  15.4   1   1   0.00012    0.0025   16.0  15.4    45   241    52   249    38   273 0.64 -
NODE_68646_length_5608_cov_32.775821:1052-2017    -            322 94567at7898          -            278    0.0006   18.0  25.8   1   1   6.1e-05    0.0013   17.0  25.8     7   254    35   291    31   318 0.62 -
NODE_82347_length_4800_cov_27.902148:1166-1921    -            252 94567at7898          -            278    0.0007   17.8  15.7   1   1   0.00028    0.0057   14.8  15.7    33   264     4   250     1   252 0.64 -
NODE_210963_length_1089_cov_23.149495:539-1084    -            182 94567at7898          -            278   0.00071   17.8  10.3   1   1   7.2e-05    0.0015   16.7  10.3    88   258     4   182     2   182 0.73 -
NODE_9245_length_15129_cov_42.056221:13982-14932  -            317 94567at7898          -            278   0.00072   17.8  11.3   1   1     5e-05     0.001   17.3  11.3    11   223    79   315    71   317 0.59 -
NODE_55583_length_6563_cov_29.469059:5379-6113    -            245 94567at7898          -            278    0.0009   17.5  24.0   1   1   7.1e-05    0.0015   16.8  24.0    37   263     2   244     1   245 0.67 -
NODE_221337_length_939_cov_107.984524:12-887      -            292 94567at7898          -            278    0.0011   17.2  23.3   1   1    0.0004    0.0082   14.3  23.3    21   271    27   291    16   292 0.71 -
NODE_259944_length_555_cov_75.627193:21-554       -            178 94567at7898          -            278    0.0013   17.0   2.6   1   1   6.1e-05    0.0013   17.0   2.6    21   130     3   115     1   134 0.83 -
NODE_162895_length_2009_cov_26.786911:721-1566    -            282 94567at7898          -            278    0.0014   16.8  18.8   1   1   0.00017    0.0034   15.5  18.8    74   263    83   280    19   282 0.71 -
NODE_39400_length_8150_cov_28.624146:130-861      -            244 94567at7898          -            278    0.0018   16.5  14.4   1   1   0.00046    0.0095   14.1  14.4    47   264    12   243     1   244 0.54 -
NODE_138890_length_2622_cov_28.402695:1428-2159   -            244 94567at7898          -            278     0.002   16.3  11.8   1   1   0.00028    0.0057   14.8  11.8    43   264     8   243     1   244 0.62 -
NODE_77901_length_5045_cov_91.471694:706-1623     -            306 94567at7898          -            278    0.0021   16.2  26.5   1   1   0.00027    0.0056   14.8  26.5    13   264    43   305    31   306 0.75 -
NODE_230927_length_816_cov_32.262204:128-802      -            225 94567at7898          -            278    0.0022   16.2  13.7   1   1   0.00028    0.0057   14.8  13.7    71   271     2   222     1   224 0.59 -
NODE_18772_length_11692_cov_38.105063:4344-5219   -            292 94567at7898          -            278    0.0026   15.9  15.6   1   1   0.00044     0.009   14.2  15.6    21   260    33   289    23   292 0.65 -
NODE_74122_length_5265_cov_26.024584:506-1495     -            330 94567at7898          -            278    0.0042   15.2  22.0   1   1    0.0043     0.089   10.9  22.0    21   274    45   312    33   316 0.71 -
NODE_36663_length_8491_cov_54.116420:1993-2922    -            310 94567at7898          -            278    0.0054   14.9  22.1   1   1    0.0019     0.039   12.1  22.1    13   270    40   308    31   310 0.66 -
NODE_20128_length_11347_cov_37.345217:8767-9711   -            315 94567at7898          -            278    0.0057   14.8  25.3   1   1   0.00072     0.015   13.5  25.3    37   230    65   265    32   315 0.74 -
NODE_13881_length_13141_cov_37.549226:3563-4291   -            243 94567at7898          -            278    0.0057   14.8  12.9   1   1    0.0027     0.056   11.6  12.9    46   263    10   241     1   243 0.54 -
NODE_27165_length_9899_cov_31.518265:8019-8750    -            244 94567at7898          -            278    0.0066   14.6  18.8   1   1   0.00097      0.02   13.0  18.8    39   263     4   242     1   244 0.68 -
NODE_10436_length_14532_cov_35.347121:3794-4750   -            319 94567at7898          -            278    0.0074   14.4  19.6   1   1    0.0027     0.056   11.6  19.6    11   272    17   300     8   304 0.67 -
NODE_279_length_34080_cov_31.602778:31923-32654   -            244 94567at7898          -            278    0.0076   14.4  13.0   1   1    0.0012     0.024   12.8  13.0    70   264    37   243     1   244 0.60 -
NODE_35455_length_8641_cov_31.542028:6407-7204    -            266 94567at7898          -            278    0.0078   14.4  18.3   1   1   0.00082     0.017   13.3  18.3    22   270     1   262     1   265 0.65 -
NODE_39400_length_8150_cov_28.624146:3601-4332    -            244 94567at7898          -            278    0.0089   14.2  13.9   1   1    0.0015      0.03   12.5  13.9    40   142     5   110     1   244 0.69 -
NODE_155386_length_2187_cov_23.408046:112-1074    -            321 94567at7898          -            278     0.009   14.2  22.1   1   1     0.022      0.46    8.6  22.1    21   271    36   300    25   307 0.71 -
NODE_36299_length_8535_cov_30.785088:6849-7604    -            252 94567at7898          -            278    0.0094   14.1   6.8   1   1    0.0045     0.093   10.8   6.8    43   257     8   235     2   251 0.63 -
NODE_87821_length_4522_cov_33.039340:1903-2976    -            358 94567at7898          -            278     0.012   13.8  19.4   1   1    0.0046     0.095   10.8  19.4    36   272    70   333    40   336 0.70 -
NODE_84779_length_4676_cov_27.418833:1976-2575    -            200 94567at7898          -            278     0.012   13.8  14.4   1   1    0.0011     0.023   12.8  14.4    37   132     2    99     1   198 0.72 -
NODE_159751_length_2082_cov_32.994453:592-1542    -            317 94567at7898          -            278     0.014   13.5  22.3   1   2    0.0021     0.044   11.9  18.1    30   231    22   226     6   250 0.71 -
NODE_159751_length_2082_cov_32.994453:592-1542    -            317 94567at7898          -            278     0.014   13.5  22.3   2   2       2.9        60    1.6   0.1   239   266   259   286   239   293 0.83 -
NODE_69095_length_5577_cov_29.759036:2067-2921    -            285 94567at7898          -            278     0.014   13.5  21.3   1   1    0.0023     0.047   11.8  21.3    18   264    17   282    10   285 0.65 -
NODE_60367_length_6183_cov_30.160914:472-1284     -            271 94567at7898          -            278     0.016   13.4  19.1   1   1    0.0019      0.04   12.1  19.1    58   264    32   256    26   267 0.59 -
NODE_64347_length_5896_cov_25.662929:1302-2243    -            314 94567at7898          -            278     0.022   12.9  17.6   1   2     0.099         2    6.4   4.6    21   133    49   161    35   177 0.79 -
NODE_64347_length_5896_cov_25.662929:1302-2243    -            314 94567at7898          -            278     0.022   12.9  17.6   2   2    0.0038     0.078   11.1   5.1   203   271   230   313   201   314 0.69 -
NODE_22819_length_10727_cov_34.141513:1117-2028   -            304 94567at7898          -            278     0.034   12.3  21.9   1   2     0.049         1    7.4   7.6    21   134    40   153    28   172 0.77 -
NODE_22819_length_10727_cov_34.141513:1117-2028   -            304 94567at7898          -            278     0.034   12.3  21.9   2   2     0.012      0.24    9.5   6.3   203   270   221   303   187   304 0.71 -
NODE_70596_length_5483_cov_28.195394:320-1186     -            289 94567at7898          -            278      0.15   10.2  26.8   1   1     0.013      0.26    9.4  26.8    11   264    15   281     6   285 0.62 -
NODE_72739_length_5347_cov_34.346418:2890-3621    -            244 94567at7898          -            278      0.22    9.6  21.2   1   1     0.017      0.34    9.0  21.2    41   264     6   243     1   244 0.61 -
NODE_49333_length_7111_cov_31.756988:586-1461     -            292 94567at7898          -            278      0.28    9.3  23.9   1   1      0.31       6.3    4.8  23.9     9   270    16   290    10   292 0.62 -
#
# Program:         hmmsearch
# Version:         3.1b2 (February 2015)
# Pipeline mode:   SEARCH
# Query file:      /home/e1garcia/shotgun_PIRE/abyss/busco_downloads/lineages/actinopterygii_odb10/hmms/94567at7898.hmm
# Target file:     /home/e1garcia/shotgun_PIRE/pire_ssl_data_processing/plotosus_lineatus/busco_contigs_results-SPAdes_contam_R1R2_noIsolate/run_actinopterygii_odb10/metaeuk_output/initial_results/contigs.modified.fasta.modified.fas
# Option settings: hmmsearch --domtblout /home/e1garcia/shotgun_PIRE/pire_ssl_data_processing/plotosus_lineatus/busco_contigs_results-SPAdes_contam_R1R2_noIsolate/run_actinopterygii_odb10/hmmer_output/initial_run_results/94567at7898.out --cpu 1 /home/e1garcia/shotgun_PIRE/abyss/busco_downloads/lineages/actinopterygii_odb10/hmms/94567at7898.hmm /home/e1garcia/shotgun_PIRE/pire_ssl_data_processing/plotosus_lineatus/busco_contigs_results-SPAdes_contam_R1R2_noIsolate/run_actinopterygii_odb10/metaeuk_output/initial_results/contigs.modified.fasta.modified.fas 
# Current dir:     /home/e1garcia/shotgun_PIRE/pire_ssl_data_processing/plotosus_lineatus
# Date:            Fri Aug 20 13:36:56 2021
# [ok]
