[2022-05-05 11:02:40,923] multiqc                                            [DEBUG  ]  No MultiQC config found: /opt/conda/lib/python3.7/site-packages/multiqc_config.yaml
[2022-05-05 11:02:40,924] multiqc                                            [DEBUG  ]  No MultiQC config found: /home/breid/.multiqc_config.yaml
[2022-05-05 11:02:40,925] multiqc                                            [DEBUG  ]  No MultiQC config found: multiqc_config.yaml
[2022-05-05 11:02:40,925] multiqc                                            [DEBUG  ]  Command used: /opt/conda/bin/multiqc /home/e1garcia/shotgun_PIRE/pire_ssl_data_processing/encrasicholina_pseudoheteroloba/fq_fp1_clmp_fp2 -n /home/e1garcia/shotgun_PIRE/pire_ssl_data_processing/encrasicholina_pseudoheteroloba/fq_fp1_clmp_fp2/2nd_fastp_report
[2022-05-05 11:02:41,540] multiqc                                            [WARNING]  MultiQC Version v1.12 now available!
[2022-05-05 11:02:41,540] multiqc                                            [INFO   ]  This is MultiQC v1.9
[2022-05-05 11:02:41,541] multiqc                                            [DEBUG  ]  Command     : /opt/conda/bin/multiqc /home/e1garcia/shotgun_PIRE/pire_ssl_data_processing/encrasicholina_pseudoheteroloba/fq_fp1_clmp_fp2 -n /home/e1garcia/shotgun_PIRE/pire_ssl_data_processing/encrasicholina_pseudoheteroloba/fq_fp1_clmp_fp2/2nd_fastp_report
[2022-05-05 11:02:41,541] multiqc                                            [DEBUG  ]  Working dir : /home/e1garcia/shotgun_PIRE/pire_fq_gz_processing
[2022-05-05 11:02:41,541] multiqc                                            [INFO   ]  Template    : default
[2022-05-05 11:02:41,541] multiqc                                            [DEBUG  ]  Running Python 3.7.7 (default, Jun 26 2020, 05:10:03)  [GCC 7.3.0]
[2022-05-05 11:02:41,541] multiqc                                            [INFO   ]  Searching   : /home/e1garcia/shotgun_PIRE/pire_ssl_data_processing/encrasicholina_pseudoheteroloba/fq_fp1_clmp_fp2
[2022-05-05 11:02:41,542] multiqc                                            [DEBUG  ]  Analysing modules: custom_content, conpair, peddy, somalier, methylQA, mosdepth, phantompeakqualtools, qualimap, preseq, quast, qorts, rna_seqc, rockhopper, rsem, rseqc, busco, goleft_indexcov, disambiguate, supernova, deeptools, sargasso, verifybamid, mirtrace, happy, mirtop, homer, macs2, theta2, snpeff, gatk, htseq, bcftools, featureCounts, fgbio, dragen, dedup, damageprofiler, biobambam2, mtnucratio, picard, prokka, samblaster, samtools, sexdeterrmine, bamtools, jellyfish, vcftools, longranger, stacks, varscan2, bbmap, bismark, biscuit, hicexplorer, hicup, hicpro, salmon, kallisto, slamdunk, star, hisat2, tophat, bowtie2, bowtie1, snpsplit, kat, leehom, adapterRemoval, clipandmerge, cutadapt, flexbar, kaiju, kraken, malt, trimmomatic, sickle, skewer, sortmerna, biobloomtools, fastq_screen, afterqc, fastp, fastqc, pycoqc, minionqc, multivcfanalyzer, clusterflow, bcl2fastq, interop, ivar, flash, seqyclean
[2022-05-05 11:02:41,542] multiqc                                            [DEBUG  ]  Using temporary directory for creating report: /tmp/tmpzdnbgr76
[2022-05-05 11:02:41,760] multiqc                                            [DEBUG  ]  Ignoring file as matched an ignore pattern: Eps-CBai_043_Ex1-2H_L4_clmp.r1r2_fastp.html
[2022-05-05 11:02:41,760] multiqc                                            [DEBUG  ]  Ignoring file as matched an ignore pattern: Eps-CBai_043_Ex1-1B_L4_clmp.r1r2_fastp.html
[2022-05-05 11:02:41,760] multiqc                                            [DEBUG  ]  Ignoring file as matched an ignore pattern: Eps-CBai_043_Ex1-1B_L4_clmp.fp2_r1.fq.gz
[2022-05-05 11:02:41,760] multiqc                                            [DEBUG  ]  Ignoring file as matched an ignore pattern: Eps-CBai_043_Ex1-1B_L4_clmp.fp2_r2.fq.gz
[2022-05-05 11:02:41,760] multiqc                                            [DEBUG  ]  Ignoring file as matched an ignore pattern: Eps-CBai_043_Ex1-2H_L4_clmp.fp2_r2.fq.gz
[2022-05-05 11:02:41,767] multiqc                                            [DEBUG  ]  Ignoring file as matched an ignore pattern: Eps-CBai_043_Ex1-2A_L4_clmp.fp2_r1.fq.gz
[2022-05-05 11:02:41,768] multiqc                                            [DEBUG  ]  Ignoring file as matched an ignore pattern: Eps-CBai_043_Ex1-2A_L4_clmp.r1r2_fastp.html
[2022-05-05 11:02:41,769] multiqc                                            [DEBUG  ]  Ignoring file as matched an ignore pattern: Eps-CBai_043_Ex1-2A_L4_clmp.fp2_r2.fq.gz
[2022-05-05 11:02:41,769] multiqc                                            [DEBUG  ]  Ignoring file as matched an ignore pattern: Eps-CBai_043_Ex1-2H_L4_clmp.fp2_r1.fq.gz
[2022-05-05 11:02:41,769] multiqc                                            [DEBUG  ]  Ignoring file as matched an ignore pattern: Eps-CBai_043_Ex1-2H_L4_clmp.fp2_fail.fq.gz
[2022-05-05 11:02:41,769] multiqc                                            [DEBUG  ]  Ignoring file as matched an ignore pattern: Eps-CBai_043_Ex1-2A_L4_clmp.fp2_unprd.fq.gz
[2022-05-05 11:02:41,769] multiqc                                            [DEBUG  ]  Ignoring file as matched an ignore pattern: Eps-CBai_043_Ex1-2A_L4_clmp.fp2_fail.fq.gz
[2022-05-05 11:02:41,769] multiqc                                            [DEBUG  ]  Ignoring file as matched an ignore pattern: Eps-CBai_043_Ex1-1B_L4_clmp.fp2_fail.fq.gz
[2022-05-05 11:02:41,769] multiqc                                            [DEBUG  ]  Ignoring file as matched an ignore pattern: Eps-CBai_043_Ex1-2H_L4_clmp.fp2_unprd.fq.gz
[2022-05-05 11:02:41,769] multiqc                                            [DEBUG  ]  Ignoring file as matched an ignore pattern: Eps-CBai_043_Ex1-1B_L4_clmp.fp2_unprd.fq.gz
[2022-05-05 11:02:42,316] multiqc.plots.bargraph                             [DEBUG  ]  Using matplotlib version 3.1.2
[2022-05-05 11:02:42,317] multiqc.plots.linegraph                            [DEBUG  ]  Using matplotlib version 3.1.2
[2022-05-05 11:02:42,318] multiqc                                            [DEBUG  ]  No samples found: custom_content
[2022-05-05 11:02:42,323] multiqc                                            [DEBUG  ]  No samples found: conpair
[2022-05-05 11:02:42,327] multiqc                                            [DEBUG  ]  No samples found: peddy
[2022-05-05 11:02:42,332] multiqc                                            [DEBUG  ]  No samples found: somalier
[2022-05-05 11:02:42,336] multiqc                                            [DEBUG  ]  No samples found: methylQA
[2022-05-05 11:02:42,343] multiqc                                            [DEBUG  ]  No samples found: mosdepth
[2022-05-05 11:02:42,347] multiqc                                            [DEBUG  ]  No samples found: phantompeakqualtools
[2022-05-05 11:02:42,350] multiqc                                            [DEBUG  ]  No samples found: qualimap
[2022-05-05 11:02:42,354] multiqc                                            [DEBUG  ]  No samples found: preseq
[2022-05-05 11:02:42,358] multiqc                                            [DEBUG  ]  No samples found: quast
[2022-05-05 11:02:42,363] multiqc                                            [DEBUG  ]  No samples found: qorts
[2022-05-05 11:02:42,366] multiqc                                            [DEBUG  ]  No samples found: rna_seqc
[2022-05-05 11:02:42,370] multiqc                                            [DEBUG  ]  No samples found: rockhopper
[2022-05-05 11:02:42,373] multiqc                                            [DEBUG  ]  No samples found: rsem
[2022-05-05 11:02:42,378] multiqc                                            [DEBUG  ]  No samples found: rseqc
[2022-05-05 11:02:42,383] multiqc                                            [DEBUG  ]  No samples found: busco
[2022-05-05 11:02:42,387] multiqc                                            [DEBUG  ]  No samples found: goleft_indexcov
[2022-05-05 11:02:42,392] multiqc                                            [DEBUG  ]  No samples found: disambiguate
[2022-05-05 11:02:42,397] multiqc                                            [DEBUG  ]  No samples found: supernova
[2022-05-05 11:02:42,403] multiqc                                            [DEBUG  ]  No samples found: deeptools
[2022-05-05 11:02:42,408] multiqc                                            [DEBUG  ]  No samples found: sargasso
[2022-05-05 11:02:42,412] multiqc                                            [DEBUG  ]  No samples found: verifybamid
[2022-05-05 11:02:42,416] multiqc                                            [DEBUG  ]  No samples found: mirtrace
[2022-05-05 11:02:42,421] multiqc                                            [DEBUG  ]  No samples found: happy
[2022-05-05 11:02:42,426] multiqc                                            [DEBUG  ]  No samples found: mirtop
[2022-05-05 11:02:42,430] multiqc                                            [DEBUG  ]  No samples found: homer
[2022-05-05 11:02:42,434] multiqc                                            [DEBUG  ]  No samples found: macs2
[2022-05-05 11:02:42,438] multiqc                                            [DEBUG  ]  No samples found: theta2
[2022-05-05 11:02:42,442] multiqc                                            [DEBUG  ]  No samples found: snpeff
[2022-05-05 11:02:42,447] multiqc                                            [DEBUG  ]  No samples found: gatk
[2022-05-05 11:02:42,451] multiqc                                            [DEBUG  ]  No samples found: htseq
[2022-05-05 11:02:42,455] multiqc                                            [DEBUG  ]  No samples found: bcftools
[2022-05-05 11:02:42,460] multiqc                                            [DEBUG  ]  No samples found: featureCounts
[2022-05-05 11:02:42,463] multiqc                                            [DEBUG  ]  No samples found: fgbio
[2022-05-05 11:02:42,471] multiqc                                            [DEBUG  ]  No samples found: dragen
[2022-05-05 11:02:42,475] multiqc                                            [DEBUG  ]  No samples found: dedup
[2022-05-05 11:02:42,478] multiqc                                            [DEBUG  ]  No samples found: damageprofiler
[2022-05-05 11:02:42,489] multiqc                                            [DEBUG  ]  No samples found: biobambam2
[2022-05-05 11:02:42,493] multiqc                                            [DEBUG  ]  No samples found: mtnucratio
[2022-05-05 11:02:42,496] multiqc                                            [DEBUG  ]  No samples found: picard
[2022-05-05 11:02:42,500] multiqc                                            [DEBUG  ]  No samples found: prokka
[2022-05-05 11:02:42,504] multiqc                                            [DEBUG  ]  No samples found: samblaster
[2022-05-05 11:02:42,508] multiqc                                            [DEBUG  ]  No samples found: samtools
[2022-05-05 11:02:42,512] multiqc                                            [DEBUG  ]  No samples found: sexdeterrmine
[2022-05-05 11:02:42,517] multiqc                                            [DEBUG  ]  No samples found: bamtools
[2022-05-05 11:02:42,521] multiqc                                            [DEBUG  ]  No samples found: jellyfish
[2022-05-05 11:02:42,526] multiqc                                            [DEBUG  ]  No samples found: vcftools
[2022-05-05 11:02:42,530] multiqc                                            [DEBUG  ]  No samples found: longranger
[2022-05-05 11:02:42,535] multiqc                                            [DEBUG  ]  No samples found: stacks
[2022-05-05 11:02:42,539] multiqc                                            [DEBUG  ]  No samples found: varscan2
[2022-05-05 11:02:42,545] multiqc                                            [DEBUG  ]  No samples found: bbmap
[2022-05-05 11:02:42,550] multiqc                                            [DEBUG  ]  No samples found: bismark
[2022-05-05 11:02:42,554] multiqc                                            [DEBUG  ]  No samples found: biscuit
[2022-05-05 11:02:42,558] multiqc                                            [DEBUG  ]  No samples found: hicexplorer
[2022-05-05 11:02:42,562] multiqc                                            [DEBUG  ]  No samples found: hicup
[2022-05-05 11:02:42,565] multiqc                                            [DEBUG  ]  No samples found: hicpro
[2022-05-05 11:02:42,570] multiqc                                            [DEBUG  ]  No samples found: salmon
[2022-05-05 11:02:42,574] multiqc                                            [DEBUG  ]  No samples found: kallisto
[2022-05-05 11:02:42,578] multiqc                                            [DEBUG  ]  No samples found: slamdunk
[2022-05-05 11:02:42,581] multiqc                                            [DEBUG  ]  No samples found: star
[2022-05-05 11:02:42,585] multiqc                                            [DEBUG  ]  No samples found: hisat2
[2022-05-05 11:02:42,589] multiqc                                            [DEBUG  ]  No samples found: tophat
[2022-05-05 11:02:42,593] multiqc                                            [DEBUG  ]  No samples found: bowtie2
[2022-05-05 11:02:42,597] multiqc                                            [DEBUG  ]  No samples found: bowtie1
[2022-05-05 11:02:42,601] multiqc                                            [DEBUG  ]  No samples found: snpsplit
[2022-05-05 11:02:42,605] multiqc                                            [DEBUG  ]  No samples found: kat
[2022-05-05 11:02:42,608] multiqc                                            [DEBUG  ]  No samples found: leehom
[2022-05-05 11:02:42,612] multiqc                                            [DEBUG  ]  No samples found: adapterRemoval
[2022-05-05 11:02:42,616] multiqc                                            [DEBUG  ]  No samples found: clipandmerge
[2022-05-05 11:02:42,621] multiqc                                            [DEBUG  ]  No samples found: cutadapt
[2022-05-05 11:02:42,625] multiqc                                            [DEBUG  ]  No samples found: flexbar
[2022-05-05 11:02:42,630] multiqc                                            [DEBUG  ]  No samples found: kaiju
[2022-05-05 11:02:42,633] multiqc                                            [DEBUG  ]  No samples found: kraken
[2022-05-05 11:02:42,637] multiqc                                            [DEBUG  ]  No samples found: malt
[2022-05-05 11:02:42,641] multiqc                                            [DEBUG  ]  No samples found: trimmomatic
[2022-05-05 11:02:42,645] multiqc                                            [DEBUG  ]  No samples found: sickle
[2022-05-05 11:02:42,648] multiqc                                            [DEBUG  ]  No samples found: skewer
[2022-05-05 11:02:42,652] multiqc                                            [DEBUG  ]  No samples found: sortmerna
[2022-05-05 11:02:42,656] multiqc                                            [DEBUG  ]  No samples found: biobloomtools
[2022-05-05 11:02:42,661] multiqc                                            [DEBUG  ]  No samples found: fastq_screen
[2022-05-05 11:02:42,665] multiqc                                            [DEBUG  ]  No samples found: afterqc
[2022-05-05 11:02:42,683] multiqc.modules.fastp.fastp                        [INFO   ]  Found 3 reports
[2022-05-05 11:02:42,707] multiqc                                            [DEBUG  ]  No samples found: fastqc
[2022-05-05 11:02:42,711] multiqc                                            [DEBUG  ]  No samples found: pycoqc
[2022-05-05 11:02:42,715] multiqc                                            [DEBUG  ]  No samples found: minionqc
[2022-05-05 11:02:42,720] multiqc                                            [DEBUG  ]  No samples found: multivcfanalyzer
[2022-05-05 11:02:42,725] multiqc                                            [DEBUG  ]  No samples found: clusterflow
[2022-05-05 11:02:42,729] multiqc                                            [DEBUG  ]  No samples found: bcl2fastq
[2022-05-05 11:02:42,733] multiqc                                            [DEBUG  ]  No samples found: interop
[2022-05-05 11:02:42,736] multiqc                                            [DEBUG  ]  No samples found: ivar
[2022-05-05 11:02:42,740] multiqc                                            [DEBUG  ]  No samples found: flash
[2022-05-05 11:02:42,744] multiqc                                            [DEBUG  ]  No samples found: seqyclean
[2022-05-05 11:02:42,751] multiqc                                            [INFO   ]  Compressing plot data
[2022-05-05 11:02:43,023] multiqc                                            [INFO   ]  Report      : ../pire_ssl_data_processing/encrasicholina_pseudoheteroloba/fq_fp1_clmp_fp2/2nd_fastp_report.html
[2022-05-05 11:02:43,023] multiqc                                            [INFO   ]  Data        : ../pire_ssl_data_processing/encrasicholina_pseudoheteroloba/fq_fp1_clmp_fp2/2nd_fastp_report_data
[2022-05-05 11:02:43,023] multiqc                                            [DEBUG  ]  Moving data file from '/tmp/tmpzdnbgr76/multiqc_data' to '/home/e1garcia/shotgun_PIRE/pire_ssl_data_processing/encrasicholina_pseudoheteroloba/fq_fp1_clmp_fp2/2nd_fastp_report_data'
[2022-05-05 11:02:43,275] multiqc                                            [INFO   ]  MultiQC complete
