INFO:	***** Start a BUSCO v5.0.0 analysis, current time: 09/28/2021 15:26:41 *****
INFO:	Configuring BUSCO with local environment
INFO:	Mode is genome
INFO:	Input file is /home/ilope002/shotgun_PIRE/pire_ssl_data_processing/halichoeres_miniatus/SPAdes_HmC0451A_contam_R1R2_noIsolate/scaffolds.fasta
INFO:	Downloading information on latest versions of BUSCO data...
INFO:	Using local lineages directory /home/e1garcia/shotgun_PIRE/abyss/busco_downloads/lineages/actinopterygii_odb10
INFO:	Running BUSCO using lineage dataset actinopterygii_odb10 (eukaryota, 2021-02-19)
INFO:	Running 1 job(s) on metaeuk, starting at 09/28/2021 15:26:54
INFO:	[metaeuk]	1 of 1 task(s) completed
INFO:	***** Run HMMER on gene sequences *****
INFO:	Running 3640 job(s) on hmmsearch, starting at 09/28/2021 15:41:19
INFO:	[hmmsearch]	364 of 3640 task(s) completed
INFO:	[hmmsearch]	728 of 3640 task(s) completed
INFO:	[hmmsearch]	1092 of 3640 task(s) completed
INFO:	[hmmsearch]	1092 of 3640 task(s) completed
INFO:	[hmmsearch]	1456 of 3640 task(s) completed
INFO:	[hmmsearch]	1820 of 3640 task(s) completed
INFO:	[hmmsearch]	1820 of 3640 task(s) completed
INFO:	[hmmsearch]	2184 of 3640 task(s) completed
INFO:	[hmmsearch]	2548 of 3640 task(s) completed
INFO:	[hmmsearch]	2912 of 3640 task(s) completed
INFO:	[hmmsearch]	3276 of 3640 task(s) completed
INFO:	[hmmsearch]	3640 of 3640 task(s) completed
INFO:	Extracting missing and fragmented buscos from the file refseq_db.faa...
INFO:	Running 1 job(s) on metaeuk, starting at 09/28/2021 15:42:36
INFO:	[metaeuk]	1 of 1 task(s) completed
INFO:	***** Run HMMER on gene sequences *****
INFO:	Running 1457 job(s) on hmmsearch, starting at 09/28/2021 16:16:12
INFO:	[hmmsearch]	146 of 1457 task(s) completed
INFO:	[hmmsearch]	292 of 1457 task(s) completed
INFO:	[hmmsearch]	438 of 1457 task(s) completed
INFO:	[hmmsearch]	583 of 1457 task(s) completed
INFO:	[hmmsearch]	729 of 1457 task(s) completed
INFO:	[hmmsearch]	1020 of 1457 task(s) completed
INFO:	[hmmsearch]	1166 of 1457 task(s) completed
INFO:	[hmmsearch]	1312 of 1457 task(s) completed
INFO:	[hmmsearch]	1457 of 1457 task(s) completed
INFO:	Validating exons and removing overlapping matches
INFO:	Results:	C:61.1%[S:60.1%,D:1.0%],F:13.5%,M:25.4%,n:3640	   

INFO:	

	--------------------------------------------------
	|Results from dataset actinopterygii_odb10        |
	--------------------------------------------------
	|C:61.1%[S:60.1%,D:1.0%],F:13.5%,M:25.4%,n:3640   |
	|2224	Complete BUSCOs (C)                       |
	|2186	Complete and single-copy BUSCOs (S)       |
	|38	Complete and duplicated BUSCOs (D)        |
	|490	Fragmented BUSCOs (F)                     |
	|926	Missing BUSCOs (M)                        |
	|3640	Total BUSCO groups searched               |
	--------------------------------------------------
INFO:	BUSCO analysis done. Total running time: 3124 seconds
INFO:	Results written in /home/ilope002/shotgun_PIRE/pire_ssl_data_processing/halichoeres_miniatus/busco_scaffolds_results-SPAdes_HmC0451A_contam_R1R2_noIsolate
INFO:	For assistance with interpreting the results, please consult the userguide: https://busco.ezlab.org/busco_userguide.html

