#                                                                                                        --- full sequence --- -------------- this domain -------------   hmm coord   ali coord   env coord
# target name                                    accession   tlen query name           accession   qlen   E-value  score  bias   #  of  c-Evalue  i-Evalue  score  bias  from    to  from    to  from    to  acc description of target
#                            ------------------- ---------- ----- -------------------- ---------- ----- --------- ------ ----- --- --- --------- --------- ------ ----- ----- ----- ----- ----- ----- ----- ---- ---------------------
NODE_135987_length_2652_cov_32.585586:417-1202   -            262 102378at7898         -            203  2.3e-114  378.7  26.2   1   2   9.7e-32   2.6e-29  101.0   0.1     1    61     1    66     1    70 0.92 -
NODE_135987_length_2652_cov_32.585586:417-1202   -            262 102378at7898         -            203  2.3e-114  378.7  26.2   2   2   6.2e-86   1.7e-83  277.9  21.6    60   203    99   262    89   262 0.94 -
NODE_69505_length_5574_cov_38.566575:1009-1776   -            256 102378at7898         -            203   3.3e-07   28.8   0.6   1   2   1.2e-09   3.3e-07   28.8   0.6    94   156    10    75     2    94 0.77 -
NODE_69505_length_5574_cov_38.566575:1009-1776   -            256 102378at7898         -            203   3.3e-07   28.8   0.6   2   2      0.62   1.6e+02    0.4   1.7    92   123   130   161   123   179 0.87 -
NODE_23473_length_10772_cov_36.712171:4195-4989  -            265 102378at7898         -            203   1.6e-06   26.6   2.2   1   1   5.9e-09   1.6e-06   26.6   2.2    93   150     8    66     1   101 0.77 -
NODE_74580_length_5250_cov_35.989517:3436-4650   -            405 102378at7898         -            203   1.8e-06   26.4   5.6   1   1   1.3e-08   3.6e-06   25.4   5.6    93   166     6    75     4   105 0.83 -
NODE_10759_length_14709_cov_32.072005:5432-13984 -            427 102378at7898         -            203   4.8e-06   25.0   5.1   1   2   1.8e-08   4.8e-06   25.0   5.1   110   174    32    94    18   119 0.76 -
NODE_10759_length_14709_cov_32.072005:5432-13984 -            427 102378at7898         -            203   4.8e-06   25.0   5.1   2   2      0.71   1.9e+02    0.2   0.5    80   117   103   140    97   147 0.70 -
NODE_35928_length_8692_cov_34.183172:2416-4428   -            671 102378at7898         -            203   8.5e-06   24.2  15.0   1   1   6.9e-08   1.8e-05   23.1  15.0    93   195    14   116     4   124 0.78 -
NODE_17860_length_12148_cov_55.329488:1559-11858 -            734 102378at7898         -            203     1e-05   24.0   1.1   1   1   8.7e-08   2.3e-05   22.8   1.1    92   133     9    51     3    60 0.87 -
NODE_113404_length_3411_cov_36.103865:2170-2763  -            198 102378at7898         -            203   0.00019   19.8   2.7   1   2     7e-07   0.00019   19.8   2.7   109   145    16    52     3    68 0.87 -
NODE_113404_length_3411_cov_36.103865:2170-2763  -            198 102378at7898         -            203   0.00019   19.8   2.7   2   2      0.14        36    2.5   1.1    93   130    91   126    62   140 0.71 -
NODE_68591_length_5635_cov_29.144147:389-739     -            117 102378at7898         -            203   0.00058   18.2   6.2   1   1   2.2e-06   0.00058   18.2   6.2    93   147     2    49     1    54 0.89 -
NODE_92602_length_4283_cov_31.839149:1519-1827   -            103 102378at7898         -            203   0.00067   18.0   6.4   1   1   5.8e-06    0.0016   16.8   6.4   110   146    10    46     1   103 0.77 -
NODE_62957_length_6030_cov_36.731748:4459-4806   -            116 102378at7898         -            203    0.0017   16.7   4.0   1   2   6.3e-06    0.0017   16.7   4.0    96   145     1    46     1    53 0.89 -
NODE_62957_length_6030_cov_36.731748:4459-4806   -            116 102378at7898         -            203    0.0017   16.7   4.0   2   2      0.18        49    2.1   2.1    87   124    74   112    53   116 0.57 -
NODE_2434_length_22473_cov_35.825244:19286-19870 -            195 102378at7898         -            203    0.0035   15.7   2.8   1   2   1.3e-05    0.0035   15.7   2.8    95   146     9    62     2    72 0.73 -
NODE_2434_length_22473_cov_35.825244:19286-19870 -            195 102378at7898         -            203    0.0035   15.7   2.8   2   2       4.5   1.2e+03   -2.4   0.0    50    64   124   138   106   175 0.56 -
NODE_39922_length_8188_cov_37.531833:4438-4617   -             60 102378at7898         -            203    0.0036   15.6   3.7   1   1   1.4e-05    0.0039   15.5   3.7   108   144    24    60     2    60 0.80 -
NODE_10420_length_14869_cov_27.584563:1881-2267  -            129 102378at7898         -            203    0.0039   15.5   6.3   1   2   1.5e-05    0.0039   15.5   6.3    96   147     3    47     1    58 0.88 -
NODE_10420_length_14869_cov_27.584563:1881-2267  -            129 102378at7898         -            203    0.0039   15.5   6.3   2   2       1.5   4.1e+02   -0.9   0.1    74    93    63    82    53   109 0.73 -
NODE_243435_length_633_cov_65.876404:201-515     -            105 102378at7898         -            203    0.0077   14.5   2.2   1   1   2.9e-05    0.0077   14.5   2.2   109   145     9    45     1    62 0.88 -
NODE_103383_length_3806_cov_229.490154:2445-3029 -            195 102378at7898         -            203    0.0099   14.2   2.5   1   2   3.7e-05    0.0099   14.2   2.5   109   145    28    64     7    71 0.87 -
NODE_103383_length_3806_cov_229.490154:2445-3029 -            195 102378at7898         -            203    0.0099   14.2   2.5   2   2       0.1        27    3.0   2.3    88   136    99   145    81   166 0.80 -
NODE_79428_length_4964_cov_32.185200:2665-2850   -             62 102378at7898         -            203     0.012   13.9   4.8   1   1   5.1e-05     0.014   13.7   4.8    88   145     6    59     1    61 0.82 -
NODE_13567_length_13528_cov_30.437263:8645-9241  -            199 102378at7898         -            203     0.013   13.8   0.9   1   2   4.7e-05     0.013   13.8   0.9   109   145     9    45     6    63 0.89 -
NODE_13567_length_13528_cov_30.437263:8645-9241  -            199 102378at7898         -            203     0.013   13.8   0.9   2   2     0.079        21    3.3   2.2    86   125    78   115    52   130 0.68 -
NODE_24148_length_10632_cov_28.731416:5210-5560  -            117 102378at7898         -            203     0.015   13.6  11.1   1   2   3.7e-05    0.0098   14.2   9.2    95   148     2    48     1    82 0.88 -
NODE_24148_length_10632_cov_28.731416:5210-5560  -            117 102378at7898         -            203     0.015   13.6  11.1   2   2      0.23        63    1.8   1.6    96   150    39    91    37   107 0.77 -
NODE_191889_length_1338_cov_74.525424:520-906    -            129 102378at7898         -            203     0.023   13.0  11.1   1   2   6.8e-05     0.018   13.3   9.5    96   147     3    47     1    81 0.88 -
NODE_191889_length_1338_cov_74.525424:520-906    -            129 102378at7898         -            203     0.023   13.0  11.1   2   2       1.5     4e+02   -0.9   0.1    74    93    63    82    54   111 0.72 -
NODE_54567_length_6703_cov_35.096457:4630-5889   -            420 102378at7898         -            203      0.13   10.5   9.8   1   1   0.00079      0.21    9.8   9.8    94   196     7   113     2   120 0.65 -
NODE_13567_length_13528_cov_30.437263:3799-4251  -            151 102378at7898         -            203      0.13   10.5  11.7   1   2    0.0036      0.95    7.7  11.7   109   146     9    46     1   112 0.77 -
NODE_13567_length_13528_cov_30.437263:3799-4251  -            151 102378at7898         -            203      0.13   10.5  11.7   2   2      0.49   1.3e+02    0.7   1.4    94   124    79   113    54   128 0.53 -
NODE_34525_length_8890_cov_31.926174:1621-2013   -            131 102378at7898         -            203      0.67    8.2   9.9   1   2    0.0025      0.68    8.2   1.8   109   145    11    47     1    65 0.84 -
NODE_34525_length_8890_cov_31.926174:1621-2013   -            131 102378at7898         -            203      0.67    8.2   9.9   2   2     0.019       5.1    5.3   1.3   107   132   103   126    67   130 0.72 -
NODE_33187_length_9084_cov_25.437618:4753-7619   -            348 102378at7898         -            203       1.1    7.5  10.9   1   2   0.00015      0.04   12.2   4.1    84   145     6    63     1    66 0.84 -
NODE_33187_length_9084_cov_25.437618:4753-7619   -            348 102378at7898         -            203       1.1    7.5  10.9   2   2       3.2   8.7e+02   -2.0   0.5   118   127   162   171   152   175 0.81 -
#
# Program:         hmmsearch
# Version:         3.1b2 (February 2015)
# Pipeline mode:   SEARCH
# Query file:      /home/e1garcia/shotgun_PIRE/abyss/busco_downloads/lineages/actinopterygii_odb10/hmms/102378at7898.hmm
# Target file:     /home/e1garcia/shotgun_PIRE/pire_ssl_data_processing/plotosus_lineatus/busco_scaffolds_results-SPAdes_contam_R1R2_noIsolate/run_actinopterygii_odb10/metaeuk_output/initial_results/scaffolds.modified.fasta.modified.fas
# Option settings: hmmsearch --domtblout /home/e1garcia/shotgun_PIRE/pire_ssl_data_processing/plotosus_lineatus/busco_scaffolds_results-SPAdes_contam_R1R2_noIsolate/run_actinopterygii_odb10/hmmer_output/initial_run_results/102378at7898.out --cpu 1 /home/e1garcia/shotgun_PIRE/abyss/busco_downloads/lineages/actinopterygii_odb10/hmms/102378at7898.hmm /home/e1garcia/shotgun_PIRE/pire_ssl_data_processing/plotosus_lineatus/busco_scaffolds_results-SPAdes_contam_R1R2_noIsolate/run_actinopterygii_odb10/metaeuk_output/initial_results/scaffolds.modified.fasta.modified.fas 
# Current dir:     /home/e1garcia/shotgun_PIRE/pire_ssl_data_processing/plotosus_lineatus
# Date:            Fri Aug 20 13:17:16 2021
# [ok]
