#                                                                                                          --- full sequence --- -------------- this domain -------------   hmm coord   ali coord   env coord
# target name                                      accession   tlen query name           accession   qlen   E-value  score  bias   #  of  c-Evalue  i-Evalue  score  bias  from    to  from    to  from    to  acc description of target
#                              ------------------- ---------- ----- -------------------- ---------- ----- --------- ------ ----- --- --- --------- --------- ------ ----- ----- ----- ----- ----- ----- ----- ---- ---------------------
NODE_67147_length_5730_cov_38.914580:4740-5600     -            287 104965at7898         -            248  2.3e-131  435.4   5.0   1   1  5.2e-133  2.8e-131  435.1   5.0     1   248     1   250     1   250 0.98 -
NODE_40087_length_8169_cov_21.181537:4666-5298     -            211 104965at7898         -            248     4e-64  215.1   3.0   1   1   8.3e-66   4.4e-64  215.0   3.0    31   237     1   209     1   211 0.97 -
NODE_63668_length_5978_cov_41.282191:1813-2979     -            389 104965at7898         -            248   3.4e-47  159.7  18.7   1   3   4.8e-18   2.6e-16   58.5   1.7    95   205     8   119     1   130 0.69 -
NODE_63668_length_5978_cov_41.282191:1813-2979     -            389 104965at7898         -            248   3.4e-47  159.7  18.7   2   3   2.3e-16   1.2e-14   53.0   0.6    72   162   100   190    99   193 0.97 -
NODE_63668_length_5978_cov_41.282191:1813-2979     -            389 104965at7898         -            248   3.4e-47  159.7  18.7   3   3   1.6e-22   8.6e-21   73.2   2.8    57   179   176   300   176   336 0.89 -
NODE_27607_length_9989_cov_33.616582:799-8176      -            383 104965at7898         -            248   3.3e-34  117.1  12.9   1   2   7.4e-16   3.9e-14   51.4   1.9    32   163     3   135     1   150 0.95 -
NODE_27607_length_9989_cov_33.616582:799-8176      -            383 104965at7898         -            248   3.3e-34  117.1  12.9   2   2   8.3e-21   4.4e-19   67.6   4.0    32   199   183   357   174   360 0.88 -
NODE_11664_length_14284_cov_39.009165:314-2719     -            269 104965at7898         -            248   1.7e-29  101.7   5.7   1   1   4.6e-31   2.5e-29  101.2   5.7    36   218    53   236    30   253 0.93 -
NODE_75892_length_5169_cov_32.140237:3526-4203     -            226 104965at7898         -            248   2.6e-29  101.1  23.0   1   2   3.1e-16   1.7e-14   52.6   6.3    59   163    24   129     8   131 0.93 -
NODE_75892_length_5169_cov_32.140237:3526-4203     -            226 104965at7898         -            248   2.6e-29  101.1  23.0   2   2   6.1e-19   3.3e-17   61.5   8.7    58   163   115   221   114   226 0.96 -
NODE_28854_length_9766_cov_25.485466:8314-8898     -            195 104965at7898         -            248     4e-29  100.5  16.9   1   2   7.6e-17     4e-15   54.6   3.0    91   206     2   118     1   123 0.87 -
NODE_28854_length_9766_cov_25.485466:8314-8898     -            195 104965at7898         -            248     4e-29  100.5  16.9   2   2   5.3e-18   2.8e-16   58.4   6.1    56   164    81   190    77   195 0.91 -
NODE_12406_length_13978_cov_35.882052:1352-4210    -            953 104965at7898         -            248     2e-28   98.2  37.6   1   4   4.6e-15   2.5e-13   48.8   6.6    31   199    62   239    43   266 0.83 -
NODE_12406_length_13978_cov_35.882052:1352-4210    -            953 104965at7898         -            248     2e-28   98.2  37.6   2   4      0.17         9    4.3   1.4    74   158   309   396   292   402 0.65 -
NODE_12406_length_13978_cov_35.882052:1352-4210    -            953 104965at7898         -            248     2e-28   98.2  37.6   3   4   5.9e-11   3.2e-09   35.3   4.5    75   205   406   543   400   560 0.79 -
NODE_12406_length_13978_cov_35.882052:1352-4210    -            953 104965at7898         -            248     2e-28   98.2  37.6   4   4     4e-08   2.1e-06   26.0   2.2    52   150   580   685   563   701 0.85 -
NODE_38344_length_8385_cov_86.056360:241-6717      -            726 104965at7898         -            248   7.2e-27   93.1  26.3   1   2     1e-14   5.5e-13   47.6  12.3    45   202    15   178     6   180 0.87 -
NODE_38344_length_8385_cov_86.056360:241-6717      -            726 104965at7898         -            248   7.2e-27   93.1  26.3   2   2   1.6e-18   8.7e-17   60.1   6.0    15   167   127   283   124   303 0.89 -
NODE_39278_length_8266_cov_40.419126:1407-4037     -            877 104965at7898         -            248   1.8e-23   82.0  31.9   1   4   3.3e-06   0.00017   19.8   3.3    93   222    20   158     1   167 0.56 -
NODE_39278_length_8266_cov_40.419126:1407-4037     -            877 104965at7898         -            248   1.8e-23   82.0  31.9   2   4   4.1e-13   2.2e-11   42.4   8.6    34   202   206   380   199   386 0.85 -
NODE_39278_length_8266_cov_40.419126:1407-4037     -            877 104965at7898         -            248   1.8e-23   82.0  31.9   3   4   6.5e-08   3.4e-06   25.4   0.4    70   162   386   484   383   516 0.86 -
NODE_39278_length_8266_cov_40.419126:1407-4037     -            877 104965at7898         -            248   1.8e-23   82.0  31.9   4   4    0.0092      0.49    8.5   0.3    86   199   507   629   479   641 0.55 -
NODE_103697_length_3794_cov_27.098241:1209-2522    -            438 104965at7898         -            248   3.4e-23   81.0  29.4   1   4   5.2e-11   2.7e-09   35.5   5.4    82   180    60   161    31   166 0.85 -
NODE_103697_length_3794_cov_27.098241:1209-2522    -            438 104965at7898         -            248   3.4e-23   81.0  29.4   2   4   3.6e-10   1.9e-08   32.7  10.0    96   202   145   256   139   274 0.61 -
NODE_103697_length_3794_cov_27.098241:1209-2522    -            438 104965at7898         -            248   3.4e-23   81.0  29.4   3   4   7.7e-06   0.00041   18.6   3.0    53   156   219   302   214   307 0.49 -
NODE_103697_length_3794_cov_27.098241:1209-2522    -            438 104965at7898         -            248   3.4e-23   81.0  29.4   4   4   4.5e-08   2.4e-06   25.9   2.4    85   197   276   393   267   402 0.80 -
NODE_31523_length_9330_cov_35.070198:5037-7505     -            823 104965at7898         -            248   3.6e-23   81.0  24.2   1   4   0.00018    0.0097   14.0   3.5   107   219   452   572   404   574 0.71 -
NODE_31523_length_9330_cov_35.070198:5037-7505     -            823 104965at7898         -            248   3.6e-23   81.0  24.2   2   4     0.003      0.16   10.1   1.3    74   143   512   585   495   613 0.71 -
NODE_31523_length_9330_cov_35.070198:5037-7505     -            823 104965at7898         -            248   3.6e-23   81.0  24.2   3   4   7.9e-18   4.2e-16   57.8   6.2    53   192   611   754   606   754 0.92 -
NODE_31523_length_9330_cov_35.070198:5037-7505     -            823 104965at7898         -            248   3.6e-23   81.0  24.2   4   4   1.5e-08   7.8e-07   27.5   0.4    53   121   728   797   724   819 0.48 -
NODE_140139_length_2532_cov_2.099055:995-1654      -            220 104965at7898         -            248   1.2e-22   79.3   5.9   1   2     6e-12   3.2e-10   38.6   0.2   102   205     3   106     1   111 0.94 -
NODE_140139_length_2532_cov_2.099055:995-1654      -            220 104965at7898         -            248   1.2e-22   79.3   5.9   2   2   5.7e-15     3e-13   48.5   2.9    62   178    99   217    98   219 0.93 -
NODE_7733_length_16326_cov_36.666913:8826-11273    -            816 104965at7898         -            248   1.2e-22   79.2  15.0   1   4      0.31        16    3.5   0.2    70   151   410   491   388   502 0.78 -
NODE_7733_length_16326_cov_36.666913:8826-11273    -            816 104965at7898         -            248   1.2e-22   79.2  15.0   2   4   0.00059     0.032   12.4   1.4    56   143   489   580   477   590 0.80 -
NODE_7733_length_16326_cov_36.666913:8826-11273    -            816 104965at7898         -            248   1.2e-22   79.2  15.0   3   4   3.7e-12   1.9e-10   39.3   3.7    95   204   603   715   595   715 0.88 -
NODE_7733_length_16326_cov_36.666913:8826-11273    -            816 104965at7898         -            248   1.2e-22   79.2  15.0   4   4     8e-17   4.3e-15   54.5   3.6    40   163   664   788   657   813 0.66 -
NODE_71114_length_5472_cov_40.834543:1221-3503     -            761 104965at7898         -            248   3.4e-21   74.5  23.3   1   4     0.026       1.4    7.0   1.5    83   178   388   485   346   497 0.66 -
NODE_71114_length_5472_cov_40.834543:1221-3503     -            761 104965at7898         -            248   3.4e-21   74.5  23.3   2   4    0.0042      0.22    9.6   2.1    74   143   449   522   425   532 0.72 -
NODE_71114_length_5472_cov_40.834543:1221-3503     -            761 104965at7898         -            248   3.4e-21   74.5  23.3   3   4   1.5e-11   7.9e-10   37.3   7.0    27   162   498   637   492   644 0.85 -
NODE_71114_length_5472_cov_40.834543:1221-3503     -            761 104965at7898         -            248   3.4e-21   74.5  23.3   4   4   3.8e-12     2e-10   39.2   0.9    32   140   644   755   640   759 0.91 -
NODE_78466_length_5022_cov_27.111111:2261-3067     -            269 104965at7898         -            248   5.1e-21   73.9  12.2   1   2   2.7e-12   1.5e-10   39.7   1.6    83   204    30   157     6   164 0.87 -
NODE_78466_length_5022_cov_27.111111:2261-3067     -            269 104965at7898         -            248   5.1e-21   73.9  12.2   2   2   1.9e-14     1e-12   46.7   3.4    52   183   117   255   113   265 0.87 -
NODE_108458_length_3602_cov_35.996860:808-3078     -            757 104965at7898         -            248   7.7e-21   73.3  26.3   1   4    0.0029      0.15   10.1   6.0    63   176   366   481   339   503 0.63 -
NODE_108458_length_3602_cov_35.996860:808-3078     -            757 104965at7898         -            248   7.7e-21   73.3  26.3   2   4   0.00075      0.04   12.0   1.6    45   148   416   526   415   531 0.72 -
NODE_108458_length_3602_cov_35.996860:808-3078     -            757 104965at7898         -            248   7.7e-21   73.3  26.3   3   4     1e-10   5.6e-09   34.5   6.3    32   164   501   637   483   642 0.74 -
NODE_108458_length_3602_cov_35.996860:808-3078     -            757 104965at7898         -            248   7.7e-21   73.3  26.3   4   4   2.2e-11   1.2e-09   36.7   0.9    32   139   642   752   640   756 0.73 -
NODE_21383_length_11245_cov_114.029786:8636-10216  -            527 104965at7898         -            248   2.7e-20   71.6  22.0   1   3   1.2e-12   6.5e-11   40.8   2.2    79   203    44   174    26   180 0.60 -
NODE_21383_length_11245_cov_114.029786:8636-10216  -            527 104965at7898         -            248   2.7e-20   71.6  22.0   2   3   1.4e-11   7.4e-10   37.4   3.4    73   202   134   269   127   282 0.88 -
NODE_21383_length_11245_cov_114.029786:8636-10216  -            527 104965at7898         -            248   2.7e-20   71.6  22.0   3   3   1.9e-06   9.9e-05   20.6   1.5    73   175   182   289   177   324 0.60 -
NODE_69939_length_5544_cov_33.513682:1645-4587     -            981 104965at7898         -            248   3.4e-20   71.2  35.8   1   6    0.0021      0.11   10.6   0.3    85   130    19    64     9    81 0.76 -
NODE_69939_length_5544_cov_33.513682:1645-4587     -            981 104965at7898         -            248   3.4e-20   71.2  35.8   2   6   1.6e-07   8.4e-06   24.1   1.4    72   163    83   182    67   215 0.79 -
NODE_69939_length_5544_cov_33.513682:1645-4587     -            981 104965at7898         -            248   3.4e-20   71.2  35.8   3   6    0.0013     0.069   11.3   1.0    72   151   245   337   237   348 0.70 -
NODE_69939_length_5544_cov_33.513682:1645-4587     -            981 104965at7898         -            248   3.4e-20   71.2  35.8   4   6     0.032       1.7    6.7   0.2    65   113   347   396   337   407 0.79 -
NODE_69939_length_5544_cov_33.513682:1645-4587     -            981 104965at7898         -            248   3.4e-20   71.2  35.8   5   6    0.0008     0.042   12.0   0.1   101   159   436   497   419   527 0.76 -
NODE_69939_length_5544_cov_33.513682:1645-4587     -            981 104965at7898         -            248   3.4e-20   71.2  35.8   6   6   1.1e-07     6e-06   24.6   4.9    25   164   531   683   526   708 0.80 -
NODE_18859_length_11878_cov_23.012650:2165-3667    -            501 104965at7898         -            248   4.3e-20   70.9  10.6   1   2   5.4e-12   2.9e-10   38.7   1.2    63   202    25   169    11   171 0.85 -
NODE_18859_length_11878_cov_23.012650:2165-3667    -            501 104965at7898         -            248   4.3e-20   70.9  10.6   2   2   5.9e-14   3.1e-12   45.1   2.6    73   203   130   266   123   297 0.86 -
NODE_209873_length_1035_cov_95.955128:116-802      -            229 104965at7898         -            248   1.4e-19   69.2  16.3   1   2   6.2e-13   3.3e-11   41.8   1.6    87   203     9   131     1   135 0.63 -
NODE_209873_length_1035_cov_95.955128:116-802      -            229 104965at7898         -            248   1.4e-19   69.2  16.3   2   2   2.5e-12   1.3e-10   39.8   7.3    49   178    86   225    82   228 0.86 -
NODE_2508_length_22302_cov_38.346214:14776-20284   -            821 104965at7898         -            248   3.6e-19   67.9  16.7   1   3     0.002       0.1   10.7   0.1    85   178   452   547   432   551 0.67 -
NODE_2508_length_22302_cov_38.346214:14776-20284   -            821 104965at7898         -            248   3.6e-19   67.9  16.7   2   3   8.3e-15   4.4e-13   47.9   8.0    25   160   607   745   553   749 0.50 -
NODE_2508_length_22302_cov_38.346214:14776-20284   -            821 104965at7898         -            248   3.6e-19   67.9  16.7   3   3     2e-08     1e-06   27.0   0.8    42   134   718   814   717   820 0.66 -
NODE_3876_length_20007_cov_36.410137:146-1787      -            388 104965at7898         -            248   5.2e-19   67.4   8.6   1   2   4.8e-14   2.6e-12   45.4   2.3    85   163    60   138    41   146 0.89 -
NODE_3876_length_20007_cov_36.410137:146-1787      -            388 104965at7898         -            248   5.2e-19   67.4   8.6   2   2   1.8e-08   9.8e-07   27.1   0.4    93   179   137   226   134   244 0.88 -
NODE_93765_length_4226_cov_26.956142:1845-2261     -            139 104965at7898         -            248   2.7e-18   65.0   5.9   1   1     6e-20   3.2e-18   64.8   5.9    32   160     4   135     2   139 0.94 -
NODE_52592_length_6877_cov_27.199616:979-2391      -            471 104965at7898         -            248   6.4e-18   63.8  11.6   1   3   3.9e-08   2.1e-06   26.1   0.6   120   216     2   101     1   115 0.84 -
NODE_52592_length_6877_cov_27.199616:979-2391      -            471 104965at7898         -            248   6.4e-18   63.8  11.6   2   3     4e-05    0.0021   16.2   0.2   127   184   275   335   268   342 0.73 -
NODE_52592_length_6877_cov_27.199616:979-2391      -            471 104965at7898         -            248   6.4e-18   63.8  11.6   3   3   1.5e-11     8e-10   37.3   4.3    51   150   315   419   311   441 0.84 -
NODE_50924_length_7031_cov_31.070254:1368-2540     -            391 104965at7898         -            248   1.1e-17   63.0   7.7   1   3     1e-05   0.00055   18.1   0.0    24   134    16   127     7   132 0.70 -
NODE_50924_length_7031_cov_31.070254:1368-2540     -            391 104965at7898         -            248   1.1e-17   63.0   7.7   2   3   1.6e-07   8.6e-06   24.1   0.2    72   162   135   229   121   235 0.85 -
NODE_50924_length_7031_cov_31.070254:1368-2540     -            391 104965at7898         -            248   1.1e-17   63.0   7.7   3   3     0.063       3.3    5.7   0.0    28    65   305   343   300   356 0.82 -
NODE_48098_length_7304_cov_33.887856:3399-5219     -            607 104965at7898         -            248   2.3e-17   62.0  33.1   1   3   4.1e-05    0.0022   16.2   4.9    51   207    54   212    33   219 0.73 -
NODE_48098_length_7304_cov_33.887856:3399-5219     -            607 104965at7898         -            248   2.3e-17   62.0  33.1   2   3   1.2e-09   6.2e-08   31.1  10.0    34   193   198   362   197   373 0.82 -
NODE_48098_length_7304_cov_33.887856:3399-5219     -            607 104965at7898         -            248   2.3e-17   62.0  33.1   3   3   8.4e-09   4.4e-07   28.3   4.4    53   196   390   538   375   547 0.79 -
NODE_42504_length_7892_cov_35.921340:544-2643      -            700 104965at7898         -            248   4.5e-17   61.0  19.7   1   3   2.2e-05    0.0012   17.1   4.4    53   179   381   510   362   516 0.85 -
NODE_42504_length_7892_cov_35.921340:544-2643      -            700 104965at7898         -            248   4.5e-17   61.0  19.7   2   3   5.3e-05    0.0028   15.8   0.6    75   143   474   546   471   557 0.81 -
NODE_42504_length_7892_cov_35.921340:544-2643      -            700 104965at7898         -            248   4.5e-17   61.0  19.7   3   3   7.3e-14   3.9e-12   44.8   5.4    15   154   557   699   552   700 0.90 -
NODE_46260_length_7490_cov_33.389934:3873-6807     -            339 104965at7898         -            248   7.7e-17   60.2   3.4   1   2   6.2e-11   3.3e-09   35.2   0.2    54   184    71   205    52   207 0.81 -
NODE_46260_length_7490_cov_33.389934:3873-6807     -            339 104965at7898         -            248   7.7e-17   60.2   3.4   2   2     5e-08   2.7e-06   25.7   0.4    54   156   209   319   205   336 0.76 -
NODE_2985_length_21349_cov_75.292329:16965-17528   -            188 104965at7898         -            248   7.9e-17   60.2  11.4   1   1     2e-18   1.1e-16   59.8  11.4    53   216    13   178     7   184 0.95 -
NODE_167359_length_1838_cov_86.915469:12-1829      -            606 104965at7898         -            248   2.8e-16   58.4  27.1   1   4   0.00031     0.016   13.3   2.0    79   214    45   192    32   207 0.77 -
NODE_167359_length_1838_cov_86.915469:12-1829      -            606 104965at7898         -            248   2.8e-16   58.4  27.1   2   4   2.3e-06   0.00012   20.3   1.8   129   217   294   384   276   384 0.82 -
NODE_167359_length_1838_cov_86.915469:12-1829      -            606 104965at7898         -            248   2.8e-16   58.4  27.1   3   4   3.2e-05    0.0017   16.5   0.3    97   159   380   441   375   468 0.52 -
NODE_167359_length_1838_cov_86.915469:12-1829      -            606 104965at7898         -            248   2.8e-16   58.4  27.1   4   4   1.4e-07   7.3e-06   24.3   3.1    69   176   483   585   467   603 0.79 -
NODE_2950_length_21408_cov_40.042799:14613-16445   -            328 104965at7898         -            248   4.9e-16   57.6   7.5   1   1   1.6e-17   8.4e-16   56.8   7.1    31   150    87   209    77   266 0.82 -
NODE_18293_length_12029_cov_42.756832:1563-2450    -            296 104965at7898         -            248   5.4e-16   57.5  21.0   1   3   1.2e-13   6.2e-12   44.2  10.7    51   203    12   172     1   179 0.84 -
NODE_18293_length_12029_cov_42.756832:1563-2450    -            296 104965at7898         -            248   5.4e-16   57.5  21.0   2   3   3.1e-08   1.7e-06   26.4   2.6    96   203   108   220   104   224 0.87 -
NODE_18293_length_12029_cov_42.756832:1563-2450    -            296 104965at7898         -            248   5.4e-16   57.5  21.0   3   3    0.0014     0.076   11.1   1.6    54   130   183   263   174   273 0.50 -
NODE_47540_length_7360_cov_27.506129:2150-3589     -            480 104965at7898         -            248   2.2e-15   55.5  14.8   1   3   3.2e-08   1.7e-06   26.4   2.5    54   153     4   108     1   151 0.76 -
NODE_47540_length_7360_cov_27.506129:2150-3589     -            480 104965at7898         -            248   2.2e-15   55.5  14.8   2   3   7.6e-06    0.0004   18.6   0.2    98   158   303   365   296   369 0.87 -
NODE_47540_length_7360_cov_27.506129:2150-3589     -            480 104965at7898         -            248   2.2e-15   55.5  14.8   3   3   1.7e-05    0.0009   17.4   0.6    75   170   375   475   371   478 0.81 -
NODE_37441_length_8505_cov_37.884368:925-4068      -           1048 104965at7898         -            248   2.7e-15   55.2  43.0   1   5   3.9e-05    0.0021   16.3   0.4    96   155   113   171   104   179 0.57 -
NODE_37441_length_8505_cov_37.884368:925-4068      -           1048 104965at7898         -            248   2.7e-15   55.2  43.0   2   5   1.1e-05   0.00057   18.1   1.4    70   140   187   260   177   269 0.82 -
NODE_37441_length_8505_cov_37.884368:925-4068      -           1048 104965at7898         -            248   2.7e-15   55.2  43.0   3   5    0.0056       0.3    9.2   3.3    94   214   274   409   268   430 0.73 -
NODE_37441_length_8505_cov_37.884368:925-4068      -           1048 104965at7898         -            248   2.7e-15   55.2  43.0   4   5     0.003      0.16   10.1   4.3    32   121   495   588   487   635 0.70 -
NODE_37441_length_8505_cov_37.884368:925-4068      -           1048 104965at7898         -            248   2.7e-15   55.2  43.0   5   5   7.2e-07   3.8e-05   21.9   5.0    55   160   651   762   640   787 0.74 -
NODE_909_length_27902_cov_35.740639:18197-18994    -            266 104965at7898         -            248   4.3e-15   54.5   2.7   1   2   1.5e-06   7.9e-05   20.9   0.1    99   161    29    91    17    97 0.89 -
NODE_909_length_27902_cov_35.740639:18197-18994    -            266 104965at7898         -            248   4.3e-15   54.5   2.7   2   2   1.6e-10   8.3e-09   33.9   0.3    54   204    99   256    90   265 0.86 -
NODE_19469_length_11719_cov_33.542427:9886-10491   -            202 104965at7898         -            248   4.8e-15   54.4   6.6   1   1   1.1e-16   5.8e-15   54.1   6.6    36   186     1   158     1   173 0.88 -
NODE_5298_length_18301_cov_46.187891:4999-5760     -            254 104965at7898         -            248   6.4e-15   54.0   7.3   1   2   7.4e-10   3.9e-08   31.7   0.6    75   179    38   144    19   148 0.80 -
NODE_5298_length_18301_cov_46.187891:4999-5760     -            254 104965at7898         -            248   6.4e-15   54.0   7.3   2   2   7.8e-08   4.1e-06   25.1   1.2    51   135   155   239   148   253 0.56 -
NODE_80578_length_4900_cov_35.026869:1476-3035     -            520 104965at7898         -            248   7.9e-15   53.7  12.0   1   3     2e-07   1.1e-05   23.7   1.6    88   165    52   127    38   132 0.80 -
NODE_80578_length_4900_cov_35.026869:1476-3035     -            520 104965at7898         -            248   7.9e-15   53.7  12.0   2   3   8.1e-08   4.3e-06   25.0   0.4    95   224   128   264   124   269 0.85 -
NODE_80578_length_4900_cov_35.026869:1476-3035     -            520 104965at7898         -            248   7.9e-15   53.7  12.0   3   3    0.0019     0.099   10.8   0.2    81   156   279   361   269   406 0.76 -
NODE_30251_length_9538_cov_74.901155:7628-8512     -            295 104965at7898         -            248   1.5e-14   52.7   6.5   1   2   0.00011    0.0057   14.8   0.4   101   161     2    62     1    67 0.86 -
NODE_30251_length_9538_cov_74.901155:7628-8512     -            295 104965at7898         -            248   1.5e-14   52.7   6.5   2   2   2.2e-13   1.2e-11   43.3   2.6    36   220    51   245    48   251 0.82 -
NODE_4976_length_18597_cov_26.274841:4154-5941     -            596 104965at7898         -            248   2.2e-14   52.2  12.2   1   3   6.8e-05    0.0036   15.5   0.2   100   160    45   107    26   111 0.84 -
NODE_4976_length_18597_cov_26.274841:4154-5941     -            596 104965at7898         -            248   2.2e-14   52.2  12.2   2   3   5.2e-09   2.8e-07   28.9   0.8    92   221   109   245   107   251 0.86 -
NODE_4976_length_18597_cov_26.274841:4154-5941     -            596 104965at7898         -            248   2.2e-14   52.2  12.2   3   3   0.00013    0.0067   14.6   0.9    76   156   258   345   246   349 0.80 -
NODE_82958_length_4770_cov_26.614215:569-1405      -            279 104965at7898         -            248   6.6e-14   50.6   5.1   1   3       1.3        69    1.4   0.1    65   112     2    49     1    54 0.63 -
NODE_82958_length_4770_cov_26.614215:569-1405      -            279 104965at7898         -            248   6.6e-14   50.6   5.1   2   3   1.4e-07   7.4e-06   24.3   0.0   138   201    57   120    46   124 0.88 -
NODE_82958_length_4770_cov_26.614215:569-1405      -            279 104965at7898         -            248   6.6e-14   50.6   5.1   3   3   1.7e-08   8.9e-07   27.3   1.3    75   205   108   240   107   253 0.82 -
NODE_4797_length_18783_cov_37.856080:16340-17434   -            338 104965at7898         -            248     9e-14   50.2   8.9   1   2   5.4e-07   2.9e-05   22.3   1.0    99   216    70   191    40   192 0.80 -
NODE_4797_length_18783_cov_37.856080:16340-17434   -            338 104965at7898         -            248     9e-14   50.2   8.9   2   2   1.1e-10   6.1e-09   34.4   1.4    25   156   184   320   177   330 0.54 -
NODE_42052_length_7945_cov_31.453989:2316-4087     -            226 104965at7898         -            248   1.1e-13   50.0   3.2   1   1   2.9e-15   1.5e-13   49.4   2.9    49   190    28   171    10   198 0.86 -
NODE_14438_length_13214_cov_36.348761:8793-9374    -            194 104965at7898         -            248   1.2e-13   49.8   6.4   1   2   2.1e-14   1.1e-12   46.6   1.0    57   213     1   154     1   154 0.91 -
NODE_14438_length_13214_cov_36.348761:8793-9374    -            194 104965at7898         -            248   1.2e-13   49.8   6.4   2   2    0.0019       0.1   10.7   0.5   103   159   136   194   130   194 0.74 -
NODE_57899_length_6418_cov_38.664504:4461-5792     -            444 104965at7898         -            248   1.2e-13   49.8  14.0   1   3      0.12       6.2    4.9   0.1    93   158    21    85    10   109 0.67 -
NODE_57899_length_6418_cov_38.664504:4461-5792     -            444 104965at7898         -            248   1.2e-13   49.8  14.0   2   3   6.6e-07   3.5e-05   22.1   0.9    40   133   106   203    86   207 0.77 -
NODE_57899_length_6418_cov_38.664504:4461-5792     -            444 104965at7898         -            248   1.2e-13   49.8  14.0   3   3   4.7e-09   2.5e-07   29.1   6.5    54   158   192   301   184   306 0.87 -
NODE_62216_length_6085_cov_30.489977:1776-3233     -            486 104965at7898         -            248   1.3e-13   49.7  19.0   1   2   6.4e-08   3.4e-06   25.4   1.5    67   194     5   137     2   162 0.83 -
NODE_62216_length_6085_cov_30.489977:1776-3233     -            486 104965at7898         -            248   1.3e-13   49.7  19.0   2   2   1.3e-08   6.7e-07   27.7  10.2    34   157   303   432   278   471 0.75 -
NODE_429_length_32292_cov_41.417948:14072-14779    -            236 104965at7898         -            248   2.7e-13   48.6   5.3   1   2   0.00026     0.014   13.5   0.1   123   181    20    81     6    86 0.70 -
NODE_429_length_32292_cov_41.417948:14072-14779    -            236 104965at7898         -            248   2.7e-13   48.6   5.3   2   2   1.4e-13   7.7e-12   43.9   1.4    52   184    65   206    59   216 0.88 -
NODE_1238_length_26208_cov_34.987590:15705-24749   -            288 104965at7898         -            248   3.4e-13   48.3   9.3   1   2   2.8e-06   0.00015   20.0   0.5    63   141    62   141    39   159 0.73 -
NODE_1238_length_26208_cov_34.987590:15705-24749   -            288 104965at7898         -            248   3.4e-13   48.3   9.3   2   2   3.1e-12   1.7e-10   39.5   2.9    58   202    78   234    74   238 0.82 -
NODE_54484_length_6712_cov_21.270830:884-2455      -            524 104965at7898         -            248   4.4e-13   47.9   9.4   1   2   1.5e-11     8e-10   37.3   2.9    51   177    90   223    58   226 0.80 -
NODE_54484_length_6712_cov_21.270830:884-2455      -            524 104965at7898         -            248   4.4e-13   47.9   9.4   2   2   0.00015    0.0079   14.3   1.5    74   176   211   318   208   340 0.85 -
NODE_14048_length_13361_cov_36.080531:10214-11107  -            298 104965at7898         -            248   5.1e-13   47.7  11.9   1   2   1.7e-07     9e-06   24.0   0.7    87   176    43   132     4   136 0.72 -
NODE_14048_length_13361_cov_36.080531:10214-11107  -            298 104965at7898         -            248   5.1e-13   47.7  11.9   2   2   7.8e-09   4.2e-07   28.4   6.0    25   186   117   285   114   298 0.82 -
NODE_18728_length_11911_cov_33.908229:3553-4491    -            313 104965at7898         -            248   6.3e-13   47.4   9.8   1   3   1.7e-06   9.2e-05   20.7   0.8   100   159     1    60     1    65 0.90 -
NODE_18728_length_11911_cov_33.908229:3553-4491    -            313 104965at7898         -            248   6.3e-13   47.4   9.8   2   3    0.0038       0.2    9.7   0.1   141   220    66   149    58   160 0.52 -
NODE_18728_length_11911_cov_33.908229:3553-4491    -            313 104965at7898         -            248   6.3e-13   47.4   9.8   3   3   5.8e-07   3.1e-05   22.2   0.3    52   131   165   246   156   264 0.87 -
NODE_15344_length_12894_cov_37.093396:6111-6842    -            244 104965at7898         -            248     1e-12   46.7   0.4   1   1   2.7e-14   1.5e-12   46.2   0.4    53   227    39   221    11   238 0.77 -
NODE_2896_length_21505_cov_44.728627:18079-19932   -            618 104965at7898         -            248   1.2e-12   46.5  27.9   1   3   4.5e-09   2.4e-07   29.2  10.1    72   220    93   245    43   251 0.85 -
NODE_2896_length_21505_cov_44.728627:18079-19932   -            618 104965at7898         -            248   1.2e-12   46.5  27.9   2   3   0.00061     0.032   12.3   2.0    16   110   302   402   296   458 0.66 -
NODE_2896_length_21505_cov_44.728627:18079-19932   -            618 104965at7898         -            248   1.2e-12   46.5  27.9   3   3   0.00017    0.0089   14.2   0.8    33   108   476   551   461   572 0.84 -
NODE_37129_length_8543_cov_22.646850:2132-2953     -            274 104965at7898         -            248   1.3e-12   46.4   6.3   1   2   6.4e-08   3.4e-06   25.4   0.2    72   151     8    90     4    99 0.88 -
NODE_37129_length_8543_cov_22.646850:2132-2953     -            274 104965at7898         -            248   1.3e-12   46.4   6.3   2   2   2.7e-07   1.4e-05   23.3   1.5    72   175   105   211    95   221 0.86 -
NODE_116848_length_3288_cov_31.103481:735-1658     -            308 104965at7898         -            248   2.6e-12   45.4   8.4   1   2   1.3e-05   0.00067   17.8   0.5   101   160     2    61     1    73 0.79 -
NODE_116848_length_3288_cov_31.103481:735-1658     -            308 104965at7898         -            248   2.6e-12   45.4   8.4   2   2   1.2e-09   6.2e-08   31.1   2.7    52   203    68   226    59   245 0.82 -
NODE_14563_length_13160_cov_39.476993:2741-5425    -            341 104965at7898         -            248   3.5e-12   45.0   6.1   1   2   9.4e-07     5e-05   21.5   2.5    49   163    80   195    68   203 0.78 -
NODE_14563_length_13160_cov_39.476993:2741-5425    -            341 104965at7898         -            248   3.5e-12   45.0   6.1   2   2   7.7e-08   4.1e-06   25.1   0.1    54   192   198   341   196   341 0.84 -
NODE_1167_length_26550_cov_31.093683:4676-6073     -            466 104965at7898         -            248   3.8e-12   44.9  12.2   1   3   3.8e-08     2e-06   26.1   3.0    26   150    29   160    16   171 0.80 -
NODE_1167_length_26550_cov_31.093683:4676-6073     -            466 104965at7898         -            248   3.8e-12   44.9  12.2   2   3      0.01      0.55    8.3   0.1    95   161   127   195   121   216 0.83 -
NODE_1167_length_26550_cov_31.093683:4676-6073     -            466 104965at7898         -            248   3.8e-12   44.9  12.2   3   3   8.4e-07   4.5e-05   21.7   1.8    96   224   224   359   176   376 0.75 -
NODE_1709_length_24426_cov_30.329510:22381-23916   -            512 104965at7898         -            248   3.8e-12   44.9  11.8   1   2   1.7e-07   9.3e-06   23.9   0.9    54   153    25   129     3   169 0.79 -
NODE_1709_length_24426_cov_30.329510:22381-23916   -            512 104965at7898         -            248   3.8e-12   44.9  11.8   2   2   2.7e-07   1.4e-05   23.3   4.0    34   133   315   418   279   433 0.56 -
NODE_17593_length_12219_cov_33.576073:8880-10370   -            497 104965at7898         -            248   4.4e-12   44.6  11.0   1   2   4.8e-11   2.5e-09   35.6   6.3    54   204     2   160     1   177 0.85 -
NODE_17593_length_12219_cov_33.576073:8880-10370   -            497 104965at7898         -            248   4.4e-12   44.6  11.0   2   2   0.00077     0.041   12.0   0.2    91   156   187   255   163   268 0.77 -
NODE_17767_length_12175_cov_27.800679:5531-6754    -            408 104965at7898         -            248   9.1e-12   43.6   7.9   1   2     1e-09   5.5e-08   31.2   0.4    40   152    32   147    24   156 0.81 -
NODE_17767_length_12175_cov_27.800679:5531-6754    -            408 104965at7898         -            248   9.1e-12   43.6   7.9   2   2   6.1e-05    0.0033   15.6   1.8    73   175   162   267   153   278 0.84 -
NODE_24204_length_10621_cov_27.924824:4985-6169    -            395 104965at7898         -            248   9.9e-12   43.5  18.4   1   3   2.4e-07   1.3e-05   23.5   1.5    99   167    56   124    33   126 0.88 -
NODE_24204_length_10621_cov_27.924824:4985-6169    -            395 104965at7898         -            248   9.9e-12   43.5  18.4   2   3   2.9e-07   1.6e-05   23.2   4.5    95   222   123   257   119   261 0.84 -
NODE_24204_length_10621_cov_27.924824:4985-6169    -            395 104965at7898         -            248   9.9e-12   43.5  18.4   3   3     0.066       3.5    5.7   0.5    76   156   269   356   260   360 0.76 -
NODE_45485_length_7571_cov_24.610680:2765-6682     -            144 104965at7898         -            248     1e-11   43.5   0.9   1   1     2e-12   1.1e-10   40.1   0.8    98   202    25   132     1   135 0.63 -
NODE_96448_length_4108_cov_40.801696:1660-2439     -            260 104965at7898         -            248     1e-11   43.4   6.5   1   2   8.2e-06   0.00043   18.5   0.2   123   202    50   129    21   131 0.82 -
NODE_96448_length_4108_cov_40.801696:1660-2439     -            260 104965at7898         -            248     1e-11   43.4   6.5   2   2   5.5e-09   2.9e-07   28.9   4.3    57   176    96   219    91   236 0.79 -
NODE_3224_length_20987_cov_42.613702:14862-15584   -            241 104965at7898         -            248   1.8e-11   42.7   4.4   1   2   0.00013    0.0069   14.5   0.1   113   162    39    86    16   111 0.55 -
NODE_3224_length_20987_cov_42.613702:14862-15584   -            241 104965at7898         -            248   1.8e-11   42.7   4.4   2   2     5e-09   2.7e-07   29.0   1.3    33   130   116   214   112   229 0.89 -
NODE_75444_length_5195_cov_24.601452:902-2146      -            415 104965at7898         -            248   2.1e-11   42.4   2.8   1   2   1.7e-07   9.1e-06   24.0   0.1    56   151    53   153    32   164 0.83 -
NODE_75444_length_5195_cov_24.601452:902-2146      -            415 104965at7898         -            248   2.1e-11   42.4   2.8   2   2   8.2e-06   0.00043   18.5   0.5    73   163   169   260   164   334 0.82 -
NODE_62152_length_6091_cov_28.720127:2228-3451     -            408 104965at7898         -            248   2.2e-11   42.4   7.3   1   2   1.1e-08   6.1e-07   27.8   0.2    57   152    47   147    22   156 0.78 -
NODE_62152_length_6091_cov_28.720127:2228-3451     -            408 104965at7898         -            248   2.2e-11   42.4   7.3   2   2   2.6e-05    0.0014   16.8   2.5    73   175   162   267   150   283 0.85 -
NODE_117917_length_3248_cov_38.231820:914-1858     -            315 104965at7898         -            248   2.9e-11   42.0  12.0   1   2   2.2e-08   1.2e-06   26.9   1.0    97   202    92   199    77   211 0.85 -
NODE_117917_length_3248_cov_38.231820:914-1858     -            315 104965at7898         -            248   2.9e-11   42.0  12.0   2   2   2.3e-06   0.00012   20.3   7.0    29   155   185   313   182   315 0.60 -
NODE_43253_length_7807_cov_41.142839:3562-4269     -            236 104965at7898         -            248   4.4e-11   41.4   2.6   1   2       6.8   3.6e+02   -0.9   0.0   118   140    21    43    13    55 0.53 -
NODE_43253_length_7807_cov_41.142839:3562-4269     -            236 104965at7898         -            248   4.4e-11   41.4   2.6   2   2   2.5e-12   1.3e-10   39.8   2.0    51   161    62   177    35   196 0.71 -
NODE_13138_length_13686_cov_41.918378:9647-10264   -            206 104965at7898         -            248   4.6e-11   41.3   6.6   1   1   1.1e-12   5.8e-11   41.0   6.6    33   177    40   192    23   199 0.86 -
NODE_3211_length_21008_cov_46.372758:6387-7217     -            277 104965at7898         -            248   6.8e-11   40.8   6.7   1   2   1.7e-06   9.1e-05   20.7   0.1    73   153     1    84     1    98 0.84 -
NODE_3211_length_21008_cov_46.372758:6387-7217     -            277 104965at7898         -            248   6.8e-11   40.8   6.7   2   2   5.3e-07   2.8e-05   22.4   2.4    73   176    98   204    86   216 0.85 -
NODE_5849_length_17792_cov_28.765614:4533-5237     -            235 104965at7898         -            248   9.4e-11   40.3   3.2   1   2   6.8e-06   0.00036   18.7   0.0   127   206    12    90     4    98 0.86 -
NODE_5849_length_17792_cov_28.765614:4533-5237     -            235 104965at7898         -            248   9.4e-11   40.3   3.2   2   2   1.7e-06   9.2e-05   20.7   0.9    32   114   120   202   112   223 0.77 -
NODE_16841_length_12443_cov_40.389663:1719-3116    -            466 104965at7898         -            248   1.1e-10   40.0   0.7   1   1   4.2e-12   2.2e-10   39.1   0.7    50   182    76   215    54   228 0.87 -
NODE_47540_length_7360_cov_27.506129:2984-3622     -            213 104965at7898         -            248   1.5e-10   39.6   4.9   1   2     2e-06   0.00011   20.5   0.3    98   158    25    87    18    92 0.87 -
NODE_47540_length_7360_cov_27.506129:2984-3622     -            213 104965at7898         -            248   1.5e-10   39.6   4.9   2   2   1.3e-06     7e-05   21.1   0.5    75   173    97   199    91   212 0.80 -
NODE_56656_length_6526_cov_31.414813:2924-4300     -            459 104965at7898         -            248   2.1e-10   39.1   4.1   1   2     2e-05    0.0011   17.2   0.3    48   112    72   139    53   144 0.65 -
NODE_56656_length_6526_cov_31.414813:2924-4300     -            459 104965at7898         -            248   2.1e-10   39.1   4.1   2   2     1e-07   5.3e-06   24.7   0.9    38   114   133   214   131   229 0.82 -
NODE_38774_length_8330_cov_35.407727:1186-3033     -            364 104965at7898         -            248   2.4e-10   38.9  10.2   1   2   8.8e-06   0.00047   18.4   1.1    92   179   101   191    67   202 0.79 -
NODE_38774_length_8330_cov_35.407727:1186-3033     -            364 104965at7898         -            248   2.4e-10   38.9  10.2   2   2   8.2e-08   4.4e-06   25.0   2.4    52   160   203   310   195   340 0.84 -
NODE_33907_length_8981_cov_37.450236:3914-5302     -            463 104965at7898         -            248   4.9e-10   38.0   3.9   1   2   1.2e-05   0.00063   17.9   0.2   103   179    57   137    45   143 0.81 -
NODE_33907_length_8981_cov_37.450236:3914-5302     -            463 104965at7898         -            248   4.9e-10   38.0   3.9   2   2   1.6e-06   8.3e-05   20.8   0.5    50   114   142   212   138   224 0.79 -
NODE_6021_length_17646_cov_35.718527:939-1661      -            241 104965at7898         -            248   5.6e-10   37.8   5.0   1   2   6.4e-05    0.0034   15.6   0.1   123   182    20    82     6    86 0.79 -
NODE_6021_length_17646_cov_35.718527:939-1661      -            241 104965at7898         -            248   5.6e-10   37.8   5.0   2   2   2.1e-09   1.1e-07   30.2   3.1    53   182    66   204    63   217 0.85 -
NODE_30193_length_9547_cov_43.281541:4709-5542     -            278 104965at7898         -            248   6.3e-10   37.6   4.1   1   2   3.2e-11   1.7e-09   36.2   2.2    55   221    16   187     5   191 0.88 -
NODE_30193_length_9547_cov_43.281541:4709-5542     -            278 104965at7898         -            248   6.3e-10   37.6   4.1   2   2       2.1   1.1e+02    0.8   0.0    26    62   197   234   191   243 0.67 -
NODE_3711_length_20239_cov_21.254916:10086-10808   -            241 104965at7898         -            248   8.2e-10   37.2   3.2   1   1   2.4e-11   1.3e-09   36.6   3.2    79   221    39   189    19   199 0.84 -
NODE_24596_length_10549_cov_26.026699:2008-3384    -            459 104965at7898         -            248     1e-09   36.9   3.2   1   1   4.1e-11   2.2e-09   35.8   3.2    49   182    73   214    50   226 0.86 -
NODE_147398_length_2333_cov_33.026410:1101-1427    -            109 104965at7898         -            248   1.4e-09   36.4   0.2   1   2   0.00013    0.0068   14.6   0.0   164   204    20    61     6    63 0.60 -
NODE_147398_length_2333_cov_33.026410:1101-1427    -            109 104965at7898         -            248   1.4e-09   36.4   0.2   2   2   2.2e-06   0.00012   20.3   0.1    25    68    65   109    62   109 0.90 -
NODE_552_length_30677_cov_40.568644:639-15077      -            901 104965at7898         -            248   1.6e-09   36.3   5.6   1   2   6.9e-07   3.7e-05   22.0   2.1    52   157    20   129     1   135 0.47 -
NODE_552_length_30677_cov_40.568644:639-15077      -            901 104965at7898         -            248   1.6e-09   36.3   5.6   2   2     2e-05    0.0011   17.2   0.1    74   179   115   230   112   247 0.75 -
NODE_12174_length_14070_cov_116.437621:11425-13731 -            769 104965at7898         -            248   1.8e-09   36.1   5.2   1   3   5.9e-05    0.0032   15.7   0.1    14   150     5   147     2   158 0.75 -
NODE_12174_length_14070_cov_116.437621:11425-13731 -            769 104965at7898         -            248   1.8e-09   36.1   5.2   2   3       1.1        61    1.6   0.3    48   122   360   392   293   424 0.47 -
NODE_12174_length_14070_cov_116.437621:11425-13731 -            769 104965at7898         -            248   1.8e-09   36.1   5.2   3   3   2.1e-06   0.00011   20.4   0.5    25   155   386   516   379   524 0.78 -
NODE_62859_length_6038_cov_30.612224:1897-2451     -            185 104965at7898         -            248   1.9e-09   36.0   3.0   1   2   5.5e-08   2.9e-06   25.6   0.6    73   158    46   134    13   139 0.75 -
NODE_62859_length_6038_cov_30.612224:1897-2451     -            185 104965at7898         -            248   1.9e-09   36.0   3.0   2   2   0.00064     0.034   12.3   0.2    77   130   122   177   117   181 0.74 -
NODE_5371_length_18222_cov_67.341224:9144-10517    -            458 104965at7898         -            248   2.1e-09   35.9   1.3   1   1     2e-10   1.1e-08   33.6   1.3    51   185    74   216    48   224 0.82 -
NODE_35445_length_8757_cov_41.208247:4718-5356     -            213 104965at7898         -            248   2.1e-09   35.9   3.0   1   1   1.2e-10   6.4e-09   34.3   3.0    52   191    20   168     3   178 0.80 -
NODE_20215_length_11530_cov_28.480448:5491-8699    -            678 104965at7898         -            248   2.4e-09   35.7   2.2   1   2   1.1e-05   0.00059   18.0   0.2   105   186    59   144    46   155 0.80 -
NODE_20215_length_11530_cov_28.480448:5491-8699    -            678 104965at7898         -            248   2.4e-09   35.7   2.2   2   2   1.7e-05   0.00091   17.4   0.2    56   159   152   212   142   220 0.52 -
NODE_60762_length_6194_cov_28.437736:2466-3578     -            371 104965at7898         -            248   3.3e-09   35.2   8.6   1   2   3.6e-09   1.9e-07   29.4   2.2    31   197    35   210    15   227 0.80 -
NODE_60762_length_6194_cov_28.437736:2466-3578     -            371 104965at7898         -            248   3.3e-09   35.2   8.6   2   2    0.0059      0.32    9.1   2.1   120   201   225   308   179   334 0.60 -
NODE_2862_length_21546_cov_176.328204:10545-11447  -            301 104965at7898         -            248   5.2e-09   34.6   6.1   1   2   3.9e-08   2.1e-06   26.1   1.4    56   161    36   147    19   186 0.77 -
NODE_2862_length_21546_cov_176.328204:10545-11447  -            301 104965at7898         -            248   5.2e-09   34.6   6.1   2   2    0.0046      0.24    9.5   2.7    75   163   154   244   130   267 0.69 -
NODE_43058_length_7828_cov_37.574072:102-3256      -            222 104965at7898         -            248   5.3e-09   34.6   7.2   1   2   3.5e-10   1.8e-08   32.8   2.5    80   194    33   144     6   149 0.79 -
NODE_43058_length_7828_cov_37.574072:102-3256      -            222 104965at7898         -            248   5.3e-09   34.6   7.2   2   2      0.12       6.1    4.9   0.1   148   204   150   209   137   215 0.61 -
NODE_16298_length_12603_cov_34.738244:6985-7692    -            236 104965at7898         -            248   5.9e-09   34.4   4.1   1   1   1.8e-09   9.5e-08   30.5   4.1    50   183    80   222    29   234 0.64 -
NODE_36114_length_8671_cov_20.707886:3021-3897     -            252 104965at7898         -            248   6.6e-09   34.3   0.1   1   1   1.8e-10   9.3e-09   33.8   0.1    61   185     8   136     3   146 0.83 -
NODE_72509_length_5380_cov_24.431547:1178-1768     -            197 104965at7898         -            248   7.2e-09   34.1   1.4   1   1   8.8e-10   4.7e-08   31.5   1.4    64   198    39   178    23   193 0.59 -
NODE_73599_length_5310_cov_31.431971:1301-2593     -            431 104965at7898         -            248   9.8e-09   33.7   2.9   1   1   5.8e-10   3.1e-08   32.1   2.7    65   205    16   163     7   181 0.80 -
NODE_59604_length_6286_cov_28.615646:4902-5474     -            191 104965at7898         -            248   1.4e-08   33.2   3.1   1   1     6e-10   3.2e-08   32.0   3.0    39   160    32   158    22   178 0.59 -
NODE_27754_length_9960_cov_36.810364:6277-6864     -            196 104965at7898         -            248   1.8e-08   32.9   0.3   1   1   8.5e-10   4.5e-08   31.5   0.3    27   151    47   179    40   186 0.83 -
NODE_58040_length_6408_cov_33.156602:2163-3638     -            492 104965at7898         -            248   2.6e-08   32.3   6.8   1   1   9.8e-10   5.2e-08   31.3   6.8    32   167    61   205    36   232 0.71 -
NODE_27631_length_9985_cov_39.320453:8007-8609     -            201 104965at7898         -            248   3.2e-08   32.0   6.6   1   2   6.7e-05    0.0036   15.5   0.6    61   138     1    81     1   102 0.73 -
NODE_27631_length_9985_cov_39.320453:8007-8609     -            201 104965at7898         -            248   3.2e-08   32.0   6.6   2   2     3e-06   0.00016   19.9   0.9    73   156   107   192    84   196 0.74 -
NODE_11526_length_14343_cov_34.362117:8860-11001   -            714 104965at7898         -            248   3.4e-08   31.9   3.5   1   1     4e-09   2.1e-07   29.3   3.5    78   209    67   203    49   219 0.80 -
NODE_7421_length_16520_cov_33.048414:3919-5280     -            454 104965at7898         -            248   4.8e-08   31.4   4.3   1   1   2.9e-09   1.5e-07   29.8   4.3    50   183    73   214    45   221 0.78 -
NODE_26276_length_10231_cov_40.693348:593-1309     -            239 104965at7898         -            248   6.7e-08   31.0   6.3   1   2   8.2e-08   4.3e-06   25.0   1.4    95   202    57   173    47   179 0.79 -
NODE_26276_length_10231_cov_40.693348:593-1309     -            239 104965at7898         -            248   6.7e-08   31.0   6.3   2   2    0.0021      0.11   10.6   0.4    76   131   161   217   154   237 0.41 -
NODE_62216_length_6085_cov_30.489977:2499-3275     -            259 104965at7898         -            248   9.3e-08   30.5  10.7   1   1   4.1e-09   2.2e-07   29.3  10.7    34   158    62   192    40   231 0.75 -
NODE_92933_length_4266_cov_34.529158:1000-3222     -            741 104965at7898         -            248   1.2e-07   30.1  15.7   1   2    0.0019       0.1   10.7   1.1   101   181     7    91     3    99 0.57 -
NODE_92933_length_4266_cov_34.529158:1000-3222     -            741 104965at7898         -            248   1.2e-07   30.1  15.7   2   2     2e-07   1.1e-05   23.7   6.2    51   200   342   491   294   505 0.80 -
NODE_1709_length_24426_cov_30.329510:23257-23982   -            242 104965at7898         -            248   4.5e-07   28.3   4.1   1   1   7.1e-08   3.8e-06   25.2   3.9    34   134    23   127    12   141 0.57 -
NODE_65762_length_5829_cov_77.366667:3162-4547     -            462 104965at7898         -            248   1.3e-06   26.8   1.1   1   1   6.1e-08   3.3e-06   25.4   1.1    71   204    53   193    23   199 0.59 -
NODE_1939_length_23768_cov_39.758334:21151-22290   -            380 104965at7898         -            248   1.6e-06   26.4   4.6   1   2   7.5e-08     4e-06   25.1   3.0    32   161    35   172    29   194 0.71 -
NODE_1939_length_23768_cov_39.758334:21151-22290   -            380 104965at7898         -            248   1.6e-06   26.4   4.6   2   2       9.3   4.9e+02   -1.4   0.0    27    58   302   333   278   377 0.69 -
NODE_63685_length_5977_cov_35.460020:2244-4499     -            752 104965at7898         -            248   2.4e-06   25.9  18.8   1   3     0.012      0.63    8.1   5.0    57   136     9    93     5   116 0.71 -
NODE_63685_length_5977_cov_35.460020:2244-4499     -            752 104965at7898         -            248   2.4e-06   25.9  18.8   2   3      0.06       3.2    5.8   3.9    29   150    52   179    51   216 0.77 -
NODE_63685_length_5977_cov_35.460020:2244-4499     -            752 104965at7898         -            248   2.4e-06   25.9  18.8   3   3   3.4e-07   1.8e-05   23.0   3.3    54   198   332   482   300   501 0.56 -
NODE_5134_length_18451_cov_39.278553:2108-8860     -            829 104965at7898         -            248   4.3e-06   25.0  16.6   1   3     0.002       0.1   10.7   0.3    74   154    40   125     8   138 0.78 -
NODE_5134_length_18451_cov_39.278553:2108-8860     -            829 104965at7898         -            248   4.3e-06   25.0  16.6   2   3     0.002      0.11   10.6   1.1    54   136   301   387   270   411 0.70 -
NODE_5134_length_18451_cov_39.278553:2108-8860     -            829 104965at7898         -            248   4.3e-06   25.0  16.6   3   3   0.00051     0.027   12.6   1.3    71   150   518   599   503   610 0.82 -
NODE_15235_length_12924_cov_27.558830:10985-11569  -            195 104965at7898         -            248   5.6e-06   24.7   0.3   1   1   1.5e-07   7.7e-06   24.2   0.3    53   164    16   132     4   138 0.71 -
NODE_49865_length_7134_cov_29.715423:3653-4258     -            202 104965at7898         -            248   8.4e-06   24.1   2.0   1   1   5.9e-07   3.1e-05   22.2   1.8    32   151    59   185    45   195 0.54 -
NODE_37870_length_8446_cov_41.148916:723-3687      -            187 104965at7898         -            248     1e-05   23.8   0.0   1   1   2.7e-07   1.4e-05   23.3   0.0    59   158    33   133     3   139 0.54 -
NODE_83534_length_4740_cov_29.106658:1552-2676     -            375 104965at7898         -            248   2.5e-05   22.5   9.2   1   2    0.0065      0.35    9.0   0.8    59   130    69   145    62   160 0.52 -
NODE_83534_length_4740_cov_29.106658:1552-2676     -            375 104965at7898         -            248   2.5e-05   22.5   9.2   2   2   7.3e-05    0.0039   15.4   4.2    95   161   162   229   137   249 0.83 -
NODE_79829_length_4941_cov_45.509500:1334-4826     -            438 104965at7898         -            248   2.5e-05   22.5   0.7   1   1   7.2e-07   3.8e-05   21.9   0.7    59   179    67   192    45   219 0.69 -
NODE_12773_length_13829_cov_24.966788:884-9702     -            545 104965at7898         -            248   6.1e-05   21.3   2.7   1   1     2e-06   0.00011   20.5   2.7    14   221   401   497   299   538 0.55 -
NODE_64509_length_5915_cov_232.078920:4308-4898    -            197 104965at7898         -            248   6.2e-05   21.2   0.6   1   2       9.1   4.8e+02   -1.3   0.0    81   108     5    33     1    40 0.37 -
NODE_64509_length_5915_cov_232.078920:4308-4898    -            197 104965at7898         -            248   6.2e-05   21.2   0.6   2   2   2.4e-06   0.00013   20.2   0.1    49   156    85   197    72   197 0.79 -
NODE_45822_length_7535_cov_30.964094:737-1831      -            365 104965at7898         -            248   0.00079   17.6   4.0   1   2       1.2        63    1.6   0.4   117   174    37    95     9   129 0.47 -
NODE_45822_length_7535_cov_30.964094:737-1831      -            365 104965at7898         -            248   0.00079   17.6   4.0   2   2   1.5e-05    0.0008   17.6   1.0    50   150   107   214    93   239 0.73 -
NODE_68755_length_5625_cov_25.447521:3260-4434     -            162 104965at7898         -            248    0.0009   17.4   0.8   1   1     3e-05    0.0016   16.6   0.8    59   179     3   126     1   151 0.60 -
NODE_4408_length_19302_cov_39.595324:1946-6064     -            289 104965at7898         -            248     0.001   17.3   6.8   1   2   0.00036     0.019   13.1   1.7    33   172    30   167    25   169 0.83 -
NODE_4408_length_19302_cov_39.595324:1946-6064     -            289 104965at7898         -            248     0.001   17.3   6.8   2   2    0.0087      0.46    8.6   0.4   114   195   133   212   113   225 0.66 -
NODE_19951_length_11592_cov_110.845036:3990-4439   -            150 104965at7898         -            248    0.0042   15.3   0.1   1   1   0.00018    0.0098   14.0   0.1    81   137     8    68     2    91 0.58 -
NODE_6500_length_17255_cov_36.076883:135-2476      -            152 104965at7898         -            248    0.0053   14.9   1.2   1   1   0.00012    0.0064   14.6   1.2    31   148    21   144    12   152 0.62 -
#
# Program:         hmmsearch
# Version:         3.1b2 (February 2015)
# Pipeline mode:   SEARCH
# Query file:      /home/e1garcia/shotgun_PIRE/abyss/busco_downloads/lineages/actinopterygii_odb10/hmms/104965at7898.hmm
# Target file:     /home/e1garcia/shotgun_PIRE/pire_ssl_data_processing/plotosus_lineatus/busco_scaffolds_results-SPAdes_contam_R1R2_noIsolate/run_actinopterygii_odb10/metaeuk_output/initial_results/scaffolds.modified.fasta.modified.fas
# Option settings: hmmsearch --domtblout /home/e1garcia/shotgun_PIRE/pire_ssl_data_processing/plotosus_lineatus/busco_scaffolds_results-SPAdes_contam_R1R2_noIsolate/run_actinopterygii_odb10/hmmer_output/initial_run_results/104965at7898.out --cpu 1 /home/e1garcia/shotgun_PIRE/abyss/busco_downloads/lineages/actinopterygii_odb10/hmms/104965at7898.hmm /home/e1garcia/shotgun_PIRE/pire_ssl_data_processing/plotosus_lineatus/busco_scaffolds_results-SPAdes_contam_R1R2_noIsolate/run_actinopterygii_odb10/metaeuk_output/initial_results/scaffolds.modified.fasta.modified.fas 
# Current dir:     /home/e1garcia/shotgun_PIRE/pire_ssl_data_processing/plotosus_lineatus
# Date:            Fri Aug 20 13:18:01 2021
# [ok]
