#                                                                                                         --- full sequence --- -------------- this domain -------------   hmm coord   ali coord   env coord
# target name                                     accession   tlen query name           accession   qlen   E-value  score  bias   #  of  c-Evalue  i-Evalue  score  bias  from    to  from    to  from    to  acc description of target
#                             ------------------- ---------- ----- -------------------- ---------- ----- --------- ------ ----- --- --- --------- --------- ------ ----- ----- ----- ----- ----- ----- ----- ---- ---------------------
NODE_6629_length_17144_cov_36.191786:11537-12319  -            261 16543at7898          -            728   7.6e-86  287.3   0.0   1   2   1.3e-11   9.6e-10   35.7   0.0     7    39    66   102    61   109 0.89 -
NODE_6629_length_17144_cov_36.191786:11537-12319  -            261 16543at7898          -            728   7.6e-86  287.3   0.0   2   2   2.4e-76   1.7e-74  249.8   0.0    42   178   125   261   112   261 0.98 -
NODE_21423_length_11235_cov_41.957435:1316-1825   -            170 16543at7898          -            728   5.2e-72  241.6   0.2   1   2       1.7   1.2e+02   -1.0   0.0    29    38     1    10     1    13 0.89 -
NODE_21423_length_11235_cov_41.957435:1316-1825   -            170 16543at7898          -            728   5.2e-72  241.6   0.2   2   2   1.9e-73   1.4e-71  240.2   0.0    44   178    36   170    28   170 0.99 -
NODE_1860_length_24014_cov_33.227849:2232-8087    -            638 16543at7898          -            728     6e-39  132.3   0.0   1   3   1.7e-15   1.2e-13   48.6   0.0    48   263   131   348   113   354 0.79 -
NODE_1860_length_24014_cov_33.227849:2232-8087    -            638 16543at7898          -            728     6e-39  132.3   0.0   2   3      0.27        19    1.7   0.0   282   329   401   449   394   454 0.81 -
NODE_1860_length_24014_cov_33.227849:2232-8087    -            638 16543at7898          -            728     6e-39  132.3   0.0   3   3   1.1e-24   8.1e-23   78.9   0.0    75   249   452   624   430   628 0.82 -
NODE_25164_length_10433_cov_35.185794:1925-9737   -            611 16543at7898          -            728   1.5e-37  127.7   0.0   1   2   3.6e-15   2.6e-13   47.5   0.0    56   315   141   393   129   404 0.80 -
NODE_25164_length_10433_cov_35.185794:1925-9737   -            611 16543at7898          -            728   1.5e-37  127.7   0.0   2   2   2.2e-24   1.6e-22   78.0   0.0    83   249   435   598   424   604 0.82 -
NODE_15695_length_12783_cov_47.549432:3465-11752  -            420 16543at7898          -            728   6.5e-34  115.6   0.0   1   1   1.2e-35     9e-34  115.2   0.0    45   306    65   326    57   352 0.86 -
NODE_118823_length_3216_cov_38.258261:683-1519    -            279 16543at7898          -            728   6.9e-34  115.5   0.0   1   1   4.8e-35   3.5e-33  113.2   0.0    45   302     2   273     1   278 0.80 -
NODE_112864_length_3431_cov_35.704682:1036-1908   -            291 16543at7898          -            728   9.2e-32  108.5   0.0   1   1   1.6e-32   1.2e-30  104.9   0.0    46   304     8   280     2   289 0.78 -
NODE_8215_length_16050_cov_35.501724:3002-10500   -            234 16543at7898          -            728   9.5e-32  108.5   0.0   1   1   1.5e-33   1.1e-31  108.2   0.0    68   306     6   225     1   233 0.85 -
NODE_437_length_32175_cov_34.975433:23213-24409   -            248 16543at7898          -            728   2.6e-31  107.0   0.5   1   2   2.6e-10   1.9e-08   31.4   0.1    82   139     7    64     1    75 0.84 -
NODE_437_length_32175_cov_34.975433:23213-24409   -            248 16543at7898          -            728   2.6e-31  107.0   0.5   2   2     3e-23   2.2e-21   74.2   0.0   151   302   102   246    90   248 0.86 -
NODE_26074_length_10266_cov_35.585227:1379-9469   -            525 16543at7898          -            728   7.9e-31  105.4   0.0   1   2     3e-09   2.2e-07   27.9   0.0    48   141   134   231   128   241 0.80 -
NODE_26074_length_10266_cov_35.585227:1379-9469   -            525 16543at7898          -            728   7.9e-31  105.4   0.0   2   2   1.3e-23   9.5e-22   75.4   0.0   146   304   261   412   253   431 0.84 -
NODE_18757_length_11904_cov_43.740025:577-11735   -            300 16543at7898          -            728   1.8e-27   94.4   0.0   1   1   3.1e-29   2.2e-27   94.0   0.0    43   253    92   298    83   300 0.84 -
NODE_64246_length_5936_cov_45.879904:3252-5670    -            284 16543at7898          -            728     9e-27   92.0   0.4   1   2     0.011      0.79    6.3   0.1    43    77    67   103    54   108 0.83 -
NODE_64246_length_5936_cov_45.879904:3252-5670    -            284 16543at7898          -            728     9e-27   92.0   0.4   2   2   2.8e-26     2e-24   84.2   0.0   111   290   110   284   106   284 0.91 -
NODE_1006_length_27322_cov_37.278772:1529-16152   -            666 16543at7898          -            728   3.1e-26   90.2   0.2   1   2   1.7e-07   1.2e-05   22.1   0.0    48   138   283   378   275   388 0.75 -
NODE_1006_length_27322_cov_37.278772:1529-16152   -            666 16543at7898          -            728   3.1e-26   90.2   0.2   2   2   9.5e-21   6.8e-19   66.0   0.0   150   306   453   603   446   608 0.86 -
NODE_86314_length_4593_cov_31.857588:2460-3452    -            331 16543at7898          -            728   8.3e-26   88.8   0.0   1   1   1.9e-27   1.4e-25   88.1   0.0    44   301    56   321    48   330 0.74 -
NODE_62797_length_6043_cov_32.415713:4534-5223    -            230 16543at7898          -            728   8.4e-26   88.8   0.0   1   1   1.2e-27   8.7e-26   88.8   0.0    69   266     8   205     1   230 0.84 -
NODE_110_length_41441_cov_35.373083:630-9308      -            234 16543at7898          -            728   8.8e-26   88.7   0.0   1   1   1.7e-27   1.2e-25   88.3   0.0    93   306    38   227     7   231 0.86 -
NODE_7534_length_16448_cov_28.749465:5573-7391    -            389 16543at7898          -            728   2.1e-25   87.5  22.2   1   3   3.7e-07   2.6e-05   21.0   0.0   528   559    47    78    42   111 0.87 -
NODE_7534_length_16448_cov_28.749465:5573-7391    -            389 16543at7898          -            728   2.1e-25   87.5  22.2   2   3   1.7e-19   1.2e-17   61.8   3.2   577   647   142   227   139   234 0.81 -
NODE_7534_length_16448_cov_28.749465:5573-7391    -            389 16543at7898          -            728   2.1e-25   87.5  22.2   3   3   0.00075     0.054   10.1   9.1   642   728   260   374   231   374 0.59 -
NODE_5048_length_18525_cov_38.399870:1863-15196   -            779 16543at7898          -            728   3.2e-24   83.6   0.0   1   1   7.4e-26   5.3e-24   82.8   0.0    45   258   489   694   485   701 0.86 -
NODE_50204_length_7097_cov_34.072449:3103-3924    -            274 16543at7898          -            728   6.5e-24   82.6   0.0   1   1   1.1e-25   7.8e-24   82.3   0.0    55   302    10   254     2   267 0.79 -
NODE_11426_length_14383_cov_33.780874:3123-7355   -            401 16543at7898          -            728     3e-23   80.4   0.0   1   2      0.02       1.4    5.4   0.0    42    77   149   186   134   190 0.81 -
NODE_11426_length_14383_cov_33.780874:3123-7355   -            401 16543at7898          -            728     3e-23   80.4   0.0   2   2   6.7e-23   4.8e-21   73.1   0.0   117   296   221   395   208   401 0.87 -
NODE_1468_length_25305_cov_43.640482:1536-23652   -            823 16543at7898          -            728   1.3e-22   78.3   1.9   1   4     9e-05    0.0065   13.1   0.0    49   139   282   376   275   380 0.78 -
NODE_1468_length_25305_cov_43.640482:1536-23652   -            823 16543at7898          -            728   1.3e-22   78.3   1.9   2   4   1.2e-05   0.00087   16.0   0.0   144   212   477   534   464   558 0.82 -
NODE_1468_length_25305_cov_43.640482:1536-23652   -            823 16543at7898          -            728   1.3e-22   78.3   1.9   3   4   8.6e-15   6.2e-13   46.3   0.1   219   306   595   683   583   698 0.90 -
NODE_1468_length_25305_cov_43.640482:1536-23652   -            823 16543at7898          -            728   1.3e-22   78.3   1.9   4   4       6.1   4.4e+02   -2.8   0.1   674   715   767   809   763   811 0.85 -
NODE_2823_length_21641_cov_39.219571:5604-15162   -            462 16543at7898          -            728   4.6e-22   76.4   0.0   1   1   8.4e-24     6e-22   76.1   0.0    51   305     6   253     1   259 0.84 -
NODE_16920_length_12420_cov_42.429186:357-3367    -            300 16543at7898          -            728   1.1e-21   75.2   1.0   1   1     1e-21   7.5e-20   69.1   1.0    47   305    92   297    85   300 0.82 -
NODE_16920_length_12420_cov_42.429186:9052-12062  -            300 16543at7898          -            728   1.1e-21   75.2   1.0   1   1     1e-21   7.5e-20   69.1   1.0    47   305    92   297    85   300 0.82 -
NODE_2625_length_22063_cov_45.313650:12431-19410  -            980 16543at7898          -            728   4.9e-20   69.8   0.1   1   2      0.16        12    2.4   0.0    49   116    36   105    23   111 0.79 -
NODE_2625_length_22063_cov_45.313650:12431-19410  -            980 16543at7898          -            728   4.9e-20   69.8   0.1   2   2   1.4e-20     1e-18   65.4   0.1    87   302   117   322    90   338 0.80 -
NODE_231545_length_749_cov_1.407692:16-663        -            216 16543at7898          -            728   8.8e-20   68.9   0.0   1   1   1.6e-21   1.2e-19   68.5   0.0    55   256     7   206     2   211 0.79 -
NODE_13198_length_13664_cov_106.615260:3911-11188 -            319 16543at7898          -            728   1.3e-19   68.4   0.1   1   3       7.8   5.6e+02   -3.2   0.0    27    38    10    21     5    32 0.85 -
NODE_13198_length_13664_cov_106.615260:3911-11188 -            319 16543at7898          -            728   1.3e-19   68.4   0.1   2   3      0.32        23    1.4   0.0   234   295    72   135    58   137 0.72 -
NODE_13198_length_13664_cov_106.615260:3911-11188 -            319 16543at7898          -            728   1.3e-19   68.4   0.1   3   3   8.2e-20   5.9e-18   62.9   0.1    42   255   131   318   112   319 0.85 -
NODE_42_length_48725_cov_44.556266:10843-15459    -            315 16543at7898          -            728   1.3e-17   61.7   0.0   1   1   2.3e-19   1.6e-17   61.4   0.0    91   254    59   225    19   235 0.84 -
NODE_5713_length_17928_cov_41.533849:7141-16694   -            417 16543at7898          -            728   2.1e-17   61.0   0.0   1   1   2.9e-19   2.1e-17   61.0   0.0    50   255    92   291    84   305 0.84 -
NODE_28413_length_9841_cov_39.984500:1549-9149    -            492 16543at7898          -            728   2.2e-17   61.0   0.0   1   1   4.3e-19   3.1e-17   60.5   0.0    55   254    45   237    39   254 0.83 -
NODE_218204_length_919_cov_1.091463:227-784       -            186 16543at7898          -            728   3.3e-16   57.1   0.0   1   1   5.2e-18   3.8e-16   56.9   0.0   100   265     5   162     1   179 0.80 -
NODE_5359_length_18231_cov_37.877730:1716-4768    -            334 16543at7898          -            728   6.7e-16   56.1   0.9   1   2   0.00052     0.038   10.6   0.1    55   117     7    69     2    84 0.81 -
NODE_5359_length_18231_cov_37.877730:1716-4768    -            334 16543at7898          -            728   6.7e-16   56.1   0.9   2   2   3.2e-13   2.3e-11   41.1   0.1   121   248   113   251   107   260 0.74 -
NODE_3210_length_21008_cov_67.764742:2004-13081   -            551 16543at7898          -            728     2e-15   54.5   0.0   1   1   2.8e-17     2e-15   54.5   0.0    93   302     5   205     2   220 0.83 -
NODE_58568_length_6362_cov_36.513013:2742-3833    -            221 16543at7898          -            728   2.9e-15   54.0   0.0   1   1   5.3e-17   3.8e-15   53.6   0.0    54   256     6   193     2   196 0.83 -
NODE_12376_length_13989_cov_40.813751:1561-9122   -            414 16543at7898          -            728   9.1e-15   52.3   0.0   1   1   1.6e-16   1.2e-14   52.0   0.0   108   306     4   196     1   251 0.86 -
NODE_30314_length_9529_cov_37.750795:1019-7595    -            346 16543at7898          -            728   1.9e-14   51.3   0.0   1   3    0.0015      0.11    9.1   0.2    55   119     7    71     1    87 0.76 -
NODE_30314_length_9529_cov_37.750795:1019-7595    -            346 16543at7898          -            728   1.9e-14   51.3   0.0   2   3   1.1e-10     8e-09   32.7   0.0   117   204   121   200    84   203 0.83 -
NODE_30314_length_9529_cov_37.750795:1019-7595    -            346 16543at7898          -            728   1.9e-14   51.3   0.0   3   3     0.012      0.83    6.2   0.0   213   248   232   266   224   340 0.90 -
NODE_507_length_31223_cov_40.552532:3254-9641     -            455 16543at7898          -            728   2.7e-14   50.7   0.0   1   1   6.8e-16   4.9e-14   49.9   0.0    53   241    17   204     9   220 0.84 -
NODE_14471_length_13197_cov_37.773706:761-1285    -            175 16543at7898          -            728   4.7e-14   50.0   0.0   1   1   7.3e-16   5.3e-14   49.8   0.0    61   226     9   165     1   172 0.83 -
NODE_24310_length_10600_cov_39.744024:3035-9470   -            354 16543at7898          -            728   6.5e-14   49.5   0.0   1   1   1.6e-15   1.2e-13   48.6   0.0   120   248   136   264   123   269 0.84 -
NODE_26584_length_10179_cov_32.959921:342-8671    -            422 16543at7898          -            728   8.6e-14   49.1   0.0   1   1   1.6e-15   1.1e-13   48.7   0.0   122   254    27   156     1   159 0.75 -
NODE_1786_length_24199_cov_40.651286:1967-5623    -            280 16543at7898          -            728   1.8e-13   48.1   0.0   1   1   3.1e-15   2.3e-13   47.7   0.0    58   251     1   187     1   197 0.81 -
NODE_10810_length_14680_cov_44.868116:10035-10553 -            173 16543at7898          -            728   2.9e-13   47.4   0.0   1   1   4.5e-15   3.3e-13   47.2   0.0    61   226     9   165     1   171 0.82 -
NODE_10810_length_14680_cov_44.868116:4126-4644   -            173 16543at7898          -            728   2.9e-13   47.4   0.0   1   1   4.5e-15   3.3e-13   47.2   0.0    61   226     9   165     1   171 0.82 -
NODE_75428_length_5195_cov_39.378532:2238-5021    -            817 16543at7898          -            728   1.5e-12   45.0   0.0   1   2   2.4e-08   1.7e-06   25.0   0.0    40   208   547   706   512   720 0.80 -
NODE_75428_length_5195_cov_39.378532:2238-5021    -            817 16543at7898          -            728   1.5e-12   45.0   0.0   2   2   3.8e-06   0.00027   17.7   0.0   203   254   750   805   739   809 0.86 -
NODE_18409_length_12001_cov_38.171568:6692-8973   -            172 16543at7898          -            728   2.5e-12   44.3   0.1   1   1   5.2e-14   3.7e-12   43.7   0.1    93   247    31   167    13   170 0.86 -
NODE_97296_length_4070_cov_43.343238:2356-3112    -            148 16543at7898          -            728   3.7e-12   43.7   0.0   1   1   6.8e-14   4.9e-12   43.3   0.0    91   226    16   140     7   146 0.83 -
NODE_7045_length_16817_cov_48.607549:9141-9668    -            176 16543at7898          -            728   4.1e-12   43.6   0.0   1   1   7.1e-14   5.1e-12   43.2   0.0   152   255    12   110     2   118 0.84 -
NODE_37382_length_8512_cov_31.961845:1647-2950    -            205 16543at7898          -            728   7.2e-12   42.7   0.0   1   1   1.3e-13   9.5e-12   42.3   0.0   123   248     3   126     1   201 0.83 -
NODE_11386_length_14402_cov_34.692372:4476-7064   -            244 16543at7898          -            728   1.1e-11   42.2   0.0   1   1   2.1e-13   1.5e-11   41.7   0.0    90   254    30   185     1   197 0.88 -
NODE_31440_length_9345_cov_37.724421:3584-6220    -            195 16543at7898          -            728   3.7e-11   40.4   0.0   1   1   5.4e-13   3.9e-11   40.3   0.0    54   209    15   163     6   195 0.71 -
NODE_32418_length_9195_cov_76.284301:3380-6437    -            177 16543at7898          -            728   5.4e-11   39.9   0.0   1   1     1e-11   7.3e-10   36.1   0.0    55   246     8   176     3   177 0.79 -
NODE_1322_length_25862_cov_38.864146:13010-15164  -            190 16543at7898          -            728   2.2e-10   37.9   0.0   1   1   3.4e-12   2.5e-10   37.7   0.0    53   241     7   190     3   190 0.73 -
NODE_2351_length_22682_cov_61.670947:21730-22227  -            166 16543at7898          -            728   2.2e-10   37.9   0.0   1   1   3.6e-12   2.6e-10   37.6   0.0   147   255     5   109     1   115 0.80 -
NODE_37410_length_8508_cov_36.003211:696-1374     -            170 16543at7898          -            728   2.2e-10   37.8   0.0   1   1   3.6e-12   2.6e-10   37.6   0.0   120   247    35   170    25   170 0.82 -
NODE_7229_length_16677_cov_47.119797:6768-10096   -            636 16543at7898          -            728   4.6e-10   36.8   0.0   1   1   1.1e-11   7.8e-10   36.0   0.0    40   250    62   278    46   289 0.71 -
NODE_113439_length_3410_cov_35.278466:496-2085    -            530 16543at7898          -            728   1.3e-09   35.3   0.0   1   1   3.3e-11   2.4e-09   34.4   0.0    53   251   155   348   142   361 0.75 -
NODE_14177_length_13312_cov_42.251419:7147-7971   -            275 16543at7898          -            728   2.7e-09   34.2   0.0   1   1   4.7e-11   3.4e-09   33.9   0.0    52   255     4   198     1   210 0.82 -
NODE_63703_length_5975_cov_36.349387:4940-5455    -            172 16543at7898          -            728   4.9e-09   33.4   0.0   1   1   8.2e-11   5.9e-09   33.1   0.0    49   182    15   159     3   171 0.77 -
NODE_3854_length_20032_cov_44.094767:235-4552     -            337 16543at7898          -            728   8.3e-09   32.6   0.0   1   1   1.6e-10   1.1e-08   32.2   0.0    48   258    81   289    67   305 0.76 -
NODE_92917_length_4267_cov_31.683301:1376-3938    -            121 16543at7898          -            728   9.4e-09   32.4   0.0   1   1   1.6e-10   1.1e-08   32.2   0.0    95   206    11   110     2   117 0.89 -
NODE_96339_length_4113_cov_37.603886:218-3329     -            254 16543at7898          -            728   1.6e-08   31.6   0.0   1   1     3e-10   2.1e-08   31.3   0.0    54   223    13   184     7   187 0.69 -
NODE_39759_length_8208_cov_52.333457:1279-7344    -            505 16543at7898          -            728   2.9e-08   30.8   0.0   1   2   3.8e-08   2.7e-06   24.3   0.0   104   213     6   106     1   132 0.80 -
NODE_39759_length_8208_cov_52.333457:1279-7344    -            505 16543at7898          -            728   2.9e-08   30.8   0.0   2   2     0.039       2.8    4.4   0.0   231   259   164   192   161   213 0.80 -
NODE_8433_length_15926_cov_43.097934:9131-10717   -            529 16543at7898          -            728     7e-08   29.6   0.0   1   1   1.5e-09   1.1e-07   28.9   0.0   107   256   209   350   145   361 0.63 -
NODE_62416_length_6071_cov_26.762559:4230-4796    -            189 16543at7898          -            728   1.3e-07   28.7   0.0   1   2     0.051       3.7    4.0   0.0   122   167    11    57     4    79 0.83 -
NODE_62416_length_6071_cov_26.762559:4230-4796    -            189 16543at7898          -            728   1.3e-07   28.7   0.0   2   2   8.7e-08   6.3e-06   23.1   0.0   145   230    83   166    70   176 0.79 -
NODE_31603_length_9317_cov_69.966479:299-8961     -            147 16543at7898          -            728   2.3e-07   27.9   0.0   1   1   3.7e-09   2.7e-07   27.6   0.0   153   254     4    95     1   104 0.81 -
NODE_7418_length_16520_cov_41.307533:2212-9342    -            279 16543at7898          -            728   2.3e-07   27.8   0.0   1   1   5.1e-09   3.7e-07   27.2   0.0    47   179     7   142     2   157 0.76 -
NODE_7718_length_16335_cov_233.584688:5135-10269  -            148 16543at7898          -            728   3.6e-07   27.2   0.0   1   1   2.4e-08   1.7e-06   24.9   0.0   147   239    29   113     3   120 0.77 -
NODE_9768_length_15185_cov_47.128994:2925-14862   -            320 16543at7898          -            728   6.1e-07   26.5   0.0   1   1   8.9e-09   6.4e-07   26.4   0.0   140   310    53   217    22   280 0.77 -
NODE_5355_length_18236_cov_43.715719:2529-17495   -            349 16543at7898          -            728   7.2e-07   26.2   0.0   1   1   1.3e-08   9.6e-07   25.8   0.0    96   260    79   246    71   267 0.81 -
NODE_19270_length_11768_cov_48.497386:370-7930    -            196 16543at7898          -            728     8e-07   26.1   0.0   1   1   1.3e-08   9.6e-07   25.8   0.0   168   260    56   140    33   148 0.79 -
NODE_91363_length_4340_cov_47.026880:861-3884     -            693 16543at7898          -            728   1.9e-06   24.8   0.0   1   1   4.2e-08     3e-06   24.2   0.0    40   207   524   682   501   693 0.81 -
NODE_557_length_30620_cov_48.590380:8986-9960     -            325 16543at7898          -            728   2.5e-06   24.4   0.0   1   1   4.9e-08   3.5e-06   23.9   0.0    52   255    10   203     6   211 0.81 -
NODE_34004_length_8965_cov_238.108843:6430-6903   -            158 16543at7898          -            728   5.1e-06   23.4   0.1   1   1     3e-07   2.2e-05   21.3   0.1    55   204     8   158     5   158 0.71 -
NODE_45619_length_7557_cov_34.841110:2010-6419    -            200 16543at7898          -            728   1.4e-05   21.9   0.3   1   3    0.0075      0.54    6.8   0.0    14    40    24    54    12    58 0.76 -
NODE_45619_length_7557_cov_34.841110:2010-6419    -            200 16543at7898          -            728   1.4e-05   21.9   0.3   2   3     0.011      0.82    6.2   0.0    16    41   106   135    92   141 0.70 -
NODE_45619_length_7557_cov_34.841110:2010-6419    -            200 16543at7898          -            728   1.4e-05   21.9   0.3   3   3     0.015       1.1    5.7   0.0    19    39   173   197   149   199 0.64 -
NODE_139421_length_2552_cov_26.229107:1476-1979   -            168 16543at7898          -            728   1.7e-05   21.7   0.0   1   1   3.8e-07   2.8e-05   21.0   0.0   155   255     2   105     1   117 0.71 -
NODE_14154_length_13321_cov_38.281501:10295-10858 -            188 16543at7898          -            728   2.8e-05   21.0   0.0   1   1   4.8e-07   3.5e-05   20.6   0.0    56   205    13   160     8   173 0.70 -
NODE_87_length_43873_cov_41.135012:20187-25288    -            120 16543at7898          -            728   4.2e-05   20.4   0.1   1   2    0.0039      0.28    7.7   0.0    55   110     7    67     2    73 0.68 -
NODE_87_length_43873_cov_41.135012:20187-25288    -            120 16543at7898          -            728   4.2e-05   20.4   0.1   2   2   0.00018     0.013   12.2   0.0   153   207    68   111    64   117 0.82 -
NODE_6773_length_17035_cov_42.084258:4512-11598   -            178 16543at7898          -            728   0.00011   19.0   0.2   1   2   0.00097      0.07    9.7   0.1    99   175     2    77     1    80 0.84 -
NODE_6773_length_17035_cov_42.084258:4512-11598   -            178 16543at7898          -            728   0.00011   19.0   0.2   2   2    0.0031      0.22    8.1   0.0   215   254   100   140    76   146 0.72 -
NODE_215517_length_955_cov_0.804907:129-575       -            149 16543at7898          -            728   0.00014   18.6   0.0   1   1   2.4e-06   0.00017   18.3   0.0   151   285     4   136     1   149 0.65 -
NODE_777_length_28667_cov_34.112749:639-27623     -           1227 16543at7898          -            728   0.00026   17.8   0.0   1   1     8e-06   0.00058   16.6   0.0   146   300   131   289    15   304 0.76 -
NODE_24022_length_10659_cov_39.140814:5413-9548   -            544 16543at7898          -            728   0.00029   17.6   0.0   1   1   7.3e-06   0.00053   16.7   0.0   148   250   385   475   365   482 0.84 -
NODE_27104_length_10080_cov_40.282437:684-3161    -            418 16543at7898          -            728   0.00038   17.2   0.0   1   2      0.16        11    2.4   0.0   149   203    72   116    25   123 0.65 -
NODE_27104_length_10080_cov_40.282437:684-3161    -            418 16543at7898          -            728   0.00038   17.2   0.0   2   2   0.00013    0.0096   12.6   0.0   214   255   248   290   228   303 0.79 -
NODE_1839_length_24054_cov_39.286370:4203-22307   -            224 16543at7898          -            728    0.0007   16.3   0.0   1   1     1e-05   0.00072   16.3   0.0   171   257   144   223    26   224 0.61 -
NODE_12655_length_13874_cov_41.038185:2428-2952   -            175 16543at7898          -            728   0.00075   16.2   0.0   1   2     0.024       1.7    5.1   0.0   152   181     5    31     2    46 0.82 -
NODE_12655_length_13874_cov_41.038185:2428-2952   -            175 16543at7898          -            728   0.00075   16.2   0.0   2   2    0.0013     0.094    9.3   0.0   219   256   125   163   106   172 0.82 -
NODE_25508_length_10367_cov_61.084437:6448-10341  -            417 16543at7898          -            728   0.00084   16.1   0.3   1   2   2.3e-05    0.0017   15.1   0.0   196   258     3    67     1    76 0.86 -
NODE_25508_length_10367_cov_61.084437:6448-10341  -            417 16543at7898          -            728   0.00084   16.1   0.3   2   2         6   4.3e+02   -2.8   0.9   424   495   258   331   195   339 0.74 -
NODE_24224_length_10617_cov_35.328865:2312-6839   -            284 16543at7898          -            728    0.0027   14.4   0.1   1   2       7.8   5.6e+02   -3.2   0.0    16    39    56    85    40    88 0.60 -
NODE_24224_length_10617_cov_35.328865:2312-6839   -            284 16543at7898          -            728    0.0027   14.4   0.1   2   2   7.1e-05    0.0052   13.5   0.0    44   129   202   282   197   284 0.89 -
NODE_1627_length_24720_cov_53.487348:20144-24290  -            149 16543at7898          -            728    0.0047   13.6   0.2   1   1   0.00018     0.013   12.1   0.2    55   181     7   137     2   148 0.64 -
NODE_1627_length_24720_cov_53.487348:429-4575     -            149 16543at7898          -            728    0.0047   13.6   0.2   1   1   0.00018     0.013   12.1   0.2    55   181     7   137     2   148 0.64 -
NODE_10646_length_14762_cov_37.571779:2029-2220   -             64 16543at7898          -            728    0.0054   13.4   0.0   1   1   8.2e-05    0.0059   13.3   0.0    55   108     7    63     3    64 0.79 -
#
# Program:         hmmsearch
# Version:         3.1b2 (February 2015)
# Pipeline mode:   SEARCH
# Query file:      /home/e1garcia/shotgun_PIRE/abyss/busco_downloads/lineages/actinopterygii_odb10/hmms/16543at7898.hmm
# Target file:     /home/e1garcia/shotgun_PIRE/pire_ssl_data_processing/plotosus_lineatus/busco_scaffolds_results-SPAdes_contam_R1R2_noIsolate/run_actinopterygii_odb10/metaeuk_output/initial_results/scaffolds.modified.fasta.modified.fas
# Option settings: hmmsearch --domtblout /home/e1garcia/shotgun_PIRE/pire_ssl_data_processing/plotosus_lineatus/busco_scaffolds_results-SPAdes_contam_R1R2_noIsolate/run_actinopterygii_odb10/hmmer_output/initial_run_results/16543at7898.out --cpu 1 /home/e1garcia/shotgun_PIRE/abyss/busco_downloads/lineages/actinopterygii_odb10/hmms/16543at7898.hmm /home/e1garcia/shotgun_PIRE/pire_ssl_data_processing/plotosus_lineatus/busco_scaffolds_results-SPAdes_contam_R1R2_noIsolate/run_actinopterygii_odb10/metaeuk_output/initial_results/scaffolds.modified.fasta.modified.fas 
# Current dir:     /home/e1garcia/shotgun_PIRE/pire_ssl_data_processing/plotosus_lineatus
# Date:            Fri Aug 20 13:27:38 2021
# [ok]
