#                                                                                                         --- full sequence --- -------------- this domain -------------   hmm coord   ali coord   env coord
# target name                                     accession   tlen query name           accession   qlen   E-value  score  bias   #  of  c-Evalue  i-Evalue  score  bias  from    to  from    to  from    to  acc description of target
#                             ------------------- ---------- ----- -------------------- ---------- ----- --------- ------ ----- --- --- --------- --------- ------ ----- ----- ----- ----- ----- ----- ----- ---- ---------------------
NODE_22235_length_11051_cov_41.632396:1955-8311   -            400 21496at7898          -            654  1.1e-210  699.7  23.4   1   1  1.5e-212  1.3e-210  699.6  23.4   271   654     1   400     1   400 0.95 -
NODE_22864_length_10904_cov_36.816289:5006-9401   -            325 21496at7898          -            654   1.6e-67  226.7  13.3   1   2     0.003      0.25    8.0   0.1   320   349    11    43     5    53 0.76 -
NODE_22864_length_10904_cov_36.816289:5006-9401   -            325 21496at7898          -            654   1.6e-67  226.7  13.3   2   2   8.1e-68   6.6e-66  221.4   8.6   419   651    96   323    73   325 0.90 -
NODE_60817_length_6188_cov_37.851371:2537-4915    -            256 21496at7898          -            654   3.3e-66  222.4   4.3   1   1   4.9e-68     4e-66  222.1   4.3   420   647    26   256    19   256 0.89 -
NODE_37748_length_8463_cov_29.032281:3218-5419    -            211 21496at7898          -            654   2.6e-51  173.2   0.2   1   1   3.5e-53   2.8e-51  173.0   0.2   454   652     1   209     1   211 0.87 -
NODE_13596_length_13518_cov_26.791639:8196-13025  -            421 21496at7898          -            654   1.3e-49  167.6   0.1   1   2       4.4   3.5e+02   -2.4   1.9   425   444   148   168    33   195 0.64 -
NODE_13596_length_13518_cov_26.791639:8196-13025  -            421 21496at7898          -            654   1.3e-49  167.6   0.1   2   2   1.6e-51   1.3e-49  167.6   0.1   452   652   204   410   194   412 0.86 -
NODE_19651_length_11667_cov_37.933005:370-10558   -            294 21496at7898          -            654   1.9e-49  167.0   1.1   1   1   2.8e-51   2.3e-49  166.7   1.1   420   652    39   291    18   293 0.83 -
NODE_138054_length_2590_cov_63.515456:663-1964    -            282 21496at7898          -            654   6.9e-47  158.5   1.5   1   2     6e-18   4.8e-16   56.6   0.4   421   476     6    64     3    87 0.82 -
NODE_138054_length_2590_cov_63.515456:663-1964    -            282 21496at7898          -            654   6.9e-47  158.5   1.5   2   2   1.7e-31   1.4e-29  101.3   0.0   472   653    92   280    81   281 0.90 -
NODE_42662_length_7875_cov_79.890175:6850-7335    -            162 21496at7898          -            654   9.1e-45  151.5   0.4   1   1   1.3e-46   1.1e-44  151.3   0.4   503   649     6   162     2   162 0.90 -
NODE_40232_length_8151_cov_29.210507:4040-5067    -            219 21496at7898          -            654   1.6e-42  144.1   0.1   1   1   2.1e-44   1.7e-42  144.0   0.1   453   651     5   216     1   219 0.85 -
NODE_21055_length_11324_cov_35.431893:6750-8309   -            185 21496at7898          -            654   2.9e-42  143.2   0.8   1   2   7.4e-29     6e-27   92.6   0.0   421   552     1   134     1   135 0.89 -
NODE_21055_length_11324_cov_35.431893:6750-8309   -            185 21496at7898          -            654   2.9e-42  143.2   0.8   2   2   3.7e-16     3e-14   50.7   0.3   602   651   135   184   134   185 0.96 -
NODE_75321_length_5202_cov_327.707623:3185-3952   -            256 21496at7898          -            654   5.8e-42  142.3   0.6   1   1     9e-44   7.3e-42  141.9   0.6   428   653     8   254     5   255 0.84 -
NODE_90421_length_4386_cov_35.168183:810-1361     -            184 21496at7898          -            654   4.7e-39  132.6   0.0   1   1   6.9e-41   5.6e-39  132.4   0.0   495   653    10   179     3   180 0.87 -
NODE_54062_length_6747_cov_22.741877:1834-2637    -            268 21496at7898          -            654   1.3e-38  131.2   0.3   1   1     2e-40   1.6e-38  130.8   0.3   429   648     1   268     1   268 0.78 -
NODE_81513_length_4848_cov_35.371236:2310-4339    -            254 21496at7898          -            654   3.1e-38  129.9   7.9   1   3   0.00032     0.026   11.2   0.0   427   449    14    37     6    52 0.82 -
NODE_81513_length_4848_cov_35.371236:2310-4339    -            254 21496at7898          -            654   3.1e-38  129.9   7.9   2   3   2.7e-06   0.00022   18.1   0.4   448   472    72    96    66   103 0.86 -
NODE_81513_length_4848_cov_35.371236:2310-4339    -            254 21496at7898          -            654   3.1e-38  129.9   7.9   3   3   2.1e-32   1.7e-30  104.4   0.6   503   654   102   253    96   253 0.89 -
NODE_60157_length_6244_cov_26.549390:2863-5188    -            247 21496at7898          -            654   4.9e-37  126.0   5.3   1   2   3.8e-21   3.1e-19   67.1   0.0   424   559     3   172     1   173 0.72 -
NODE_60157_length_6244_cov_26.549390:2863-5188    -            247 21496at7898          -            654   4.9e-37  126.0   5.3   2   2   4.5e-18   3.6e-16   57.0   2.4   577   652   167   241   165   243 0.96 -
NODE_31840_length_9282_cov_31.431558:7761-8315    -            185 21496at7898          -            654   1.2e-36  124.7   0.0   1   1   1.6e-38   1.3e-36  124.6   0.0   503   650    28   184     3   185 0.83 -
NODE_19899_length_11606_cov_26.209785:9827-10363  -            179 21496at7898          -            654   2.4e-36  123.7   0.2   1   1   3.4e-38   2.8e-36  123.5   0.2   496   648    14   179     6   179 0.85 -
NODE_30769_length_9450_cov_31.361031:4020-4553    -            178 21496at7898          -            654   2.4e-35  120.4   0.0   1   1   3.4e-37   2.8e-35  120.2   0.0   501   648    18   177     5   178 0.87 -
NODE_44836_length_7638_cov_30.673962:6878-7411    -            178 21496at7898          -            654     7e-34  115.5   0.0   1   1     1e-35   8.1e-34  115.3   0.0   503   648    20   177     6   178 0.86 -
NODE_48026_length_7311_cov_32.221991:860-4413     -            227 21496at7898          -            654   5.9e-33  112.5   0.0   1   1   8.6e-35     7e-33  112.2   0.0   432   652     6   225     2   227 0.78 -
NODE_27790_length_9952_cov_29.908048:2848-3375    -            176 21496at7898          -            654   7.9e-33  112.1   0.0   1   1   1.1e-34   8.8e-33  111.9   0.0   503   651     7   174     1   176 0.85 -
NODE_10710_length_14732_cov_32.222511:12342-13030 -            134 21496at7898          -            654   5.7e-31  105.9   0.6   1   1   8.2e-33   6.7e-31  105.7   0.6   421   553     1   133     1   134 0.84 -
NODE_8049_length_16143_cov_62.270818:3468-3704    -             79 21496at7898          -            654   5.3e-30  102.7   4.5   1   1     7e-32   5.7e-30  102.6   4.5   576   650     2    79     1    79 0.93 -
NODE_24486_length_10568_cov_53.377400:1438-10190  -            305 21496at7898          -            654   2.4e-28   97.3   0.2   1   1   3.6e-30   2.9e-28   97.0   0.2   417   602   103   305    83   305 0.77 -
NODE_4011_length_19832_cov_29.402068:1108-8572    -            289 21496at7898          -            654   1.6e-27   94.5   3.2   1   2    0.0026      0.21    8.2   0.4   329   348    87   106    68   135 0.81 -
NODE_4011_length_19832_cov_29.402068:1108-8572    -            289 21496at7898          -            654   1.6e-27   94.5   3.2   2   2   3.6e-27     3e-25   87.0   0.1   416   527   174   283   159   285 0.89 -
NODE_30613_length_9475_cov_28.092044:6953-7639    -            117 21496at7898          -            654   2.6e-27   93.9   6.1   1   1   1.1e-27   9.1e-26   88.7   6.1   429   552     1   117     1   117 0.82 -
NODE_29811_length_9605_cov_32.156954:6144-6757    -            155 21496at7898          -            654   5.6e-27   92.7   0.1   1   1   9.1e-29   7.4e-27   92.3   0.1   505   652     7   153     2   155 0.87 -
NODE_34794_length_8850_cov_32.240087:2445-2687    -             81 21496at7898          -            654   1.3e-26   91.5   2.1   1   1   1.7e-28   1.4e-26   91.4   2.1   576   650     1    81     1    81 0.88 -
NODE_2143_length_23212_cov_30.723619:19603-20301  -            233 21496at7898          -            654     3e-26   90.3   0.0   1   1   4.2e-28   3.4e-26   90.1   0.0   429   651     1   232     1   233 0.75 -
NODE_15058_length_12987_cov_38.902855:1636-1833   -             66 21496at7898          -            654   2.9e-25   87.1   2.5   1   1   3.8e-27   3.1e-25   87.0   2.5   588   651     1    65     1    66 0.96 -
NODE_129385_length_2857_cov_34.872009:965-2065    -            163 21496at7898          -            654   7.8e-25   85.6   0.1   1   1   1.1e-26   8.8e-25   85.5   0.1   429   553    31   159    17   163 0.82 -
NODE_31232_length_9380_cov_27.254175:4612-4851    -             80 21496at7898          -            654   4.6e-23   79.8   3.9   1   1   6.1e-25   4.9e-23   79.7   3.9   572   648     2    80     1    80 0.92 -
NODE_131043_length_2805_cov_23.606430:1439-1600   -             54 21496at7898          -            654   5.8e-23   79.5   0.8   1   1   7.6e-25   6.2e-23   79.4   0.8   602   653     1    54     1    54 0.97 -
NODE_19161_length_11797_cov_32.197555:6782-7841   -            174 21496at7898          -            654   2.6e-22   77.3   5.3   1   2     1e-17   8.2e-16   55.8   0.2   429   554     2   128     1   135 0.76 -
NODE_19161_length_11797_cov_32.197555:6782-7841   -            174 21496at7898          -            654   2.6e-22   77.3   5.3   2   2   4.8e-08   3.9e-06   23.9   1.1   602   641   139   174   132   174 0.91 -
NODE_64358_length_5927_cov_33.019389:3514-3663    -             50 21496at7898          -            654   4.2e-21   73.3   1.0   1   1   5.5e-23   4.5e-21   73.2   1.0   602   650     1    50     1    50 0.96 -
NODE_6989_length_16872_cov_37.301973:15749-16203  -             83 21496at7898          -            654   2.6e-20   70.7   5.7   1   1   3.4e-22   2.7e-20   70.6   5.7   572   652     2    80     1    82 0.93 -
NODE_44853_length_7636_cov_56.890938:753-2295     -            153 21496at7898          -            654     3e-20   70.5   0.3   1   2   6.8e-09   5.5e-07   26.7   0.0   480   553    16    97     4   101 0.76 -
NODE_44853_length_7636_cov_56.890938:753-2295     -            153 21496at7898          -            654     3e-20   70.5   0.3   2   2   1.1e-13   9.1e-12   42.5   0.2   601   650   101   151    97   153 0.90 -
NODE_17852_length_12151_cov_22.697892:1357-1773   -            139 21496at7898          -            654   7.6e-20   69.2   7.0   1   2   4.3e-08   3.5e-06   24.0   0.3   559   603     3    49     1    70 0.87 -
NODE_17852_length_12151_cov_22.697892:1357-1773   -            139 21496at7898          -            654   7.6e-20   69.2   7.0   2   2   1.7e-15   1.4e-13   48.5   1.8   600   648    92   139    89   139 0.94 -
NODE_14034_length_13366_cov_35.744705:1211-12989  -            580 21496at7898          -            654   2.3e-19   67.6   0.2   1   1   4.4e-21   3.5e-19   67.0   0.2   422   601   399   579   365   580 0.78 -
NODE_11136_length_14516_cov_29.030797:11224-11376 -             51 21496at7898          -            654   8.5e-18   62.4   0.1   1   1   1.1e-19   8.9e-18   62.3   0.1   602   650     1    50     1    51 0.93 -
NODE_190237_length_1368_cov_118.868400:432-602    -             57 21496at7898          -            654   8.6e-18   62.4   0.1   1   1   1.1e-19     9e-18   62.3   0.1   601   653     3    55     1    56 0.96 -
NODE_130055_length_2836_cov_31.977347:2269-2409   -             47 21496at7898          -            654   9.3e-18   62.3   0.5   1   1   1.2e-19     1e-17   62.2   0.5   602   648     1    47     1    47 0.99 -
NODE_67725_length_5690_cov_40.408335:2426-2578    -             51 21496at7898          -            654   2.2e-17   61.0   0.6   1   1   2.8e-19   2.3e-17   61.0   0.6   601   650     2    51     1    51 0.97 -
NODE_26154_length_10251_cov_34.609535:4146-4307   -             54 21496at7898          -            654   2.2e-16   57.7   2.8   1   1   2.8e-18   2.3e-16   57.7   2.8   599   650     2    54     1    54 0.95 -
NODE_2225_length_23015_cov_54.279368:18356-18505  -             50 21496at7898          -            654   4.4e-16   56.7   0.2   1   1   5.7e-18   4.6e-16   56.7   0.2   602   648     3    50     1    50 0.94 -
NODE_42603_length_7882_cov_28.700244:6642-7400    -            136 21496at7898          -            654   7.7e-16   55.9   0.2   1   2   6.6e-11   5.4e-09   33.3   0.0   427   477     2    53     1    57 0.87 -
NODE_42603_length_7882_cov_28.700244:6642-7400    -            136 21496at7898          -            654   7.7e-16   55.9   0.2   2   2   2.7e-07   2.2e-05   21.4   0.1   523   601    57   136    54   136 0.87 -
NODE_69489_length_5575_cov_156.270818:5409-5567   -             53 21496at7898          -            654   9.6e-16   55.6   0.4   1   1   1.2e-17     1e-15   55.6   0.4   602   652     1    51     1    53 0.97 -
NODE_108632_length_3595_cov_28.893593:474-626     -             51 21496at7898          -            654   1.5e-15   55.0   0.4   1   1   1.9e-17   1.6e-15   54.9   0.4   602   652     1    51     1    51 0.97 -
NODE_76118_length_5156_cov_31.082658:309-449      -             47 21496at7898          -            654   1.5e-15   55.0   0.1   1   1     2e-17   1.6e-15   54.9   0.1   602   648     1    47     1    47 0.99 -
NODE_46415_length_7475_cov_29.416079:543-7047     -            445 21496at7898          -            654   2.5e-15   54.2   0.1   1   1   4.2e-17   3.4e-15   53.8   0.1   445   650   212   443   201   445 0.72 -
NODE_30480_length_9500_cov_45.824061:212-6345     -            876 21496at7898          -            654     5e-15   53.2   0.0   1   1     1e-16   8.5e-15   52.5   0.0   451   649   634   872   623   876 0.71 -
NODE_15719_length_12776_cov_33.652994:3871-4032   -             54 21496at7898          -            654   5.8e-15   53.0   0.2   1   1   7.6e-17   6.2e-15   52.9   0.2   602   652     1    51     1    53 0.96 -
NODE_3558_length_20452_cov_31.656513:17262-17414  -             51 21496at7898          -            654   1.6e-14   51.6   0.2   1   1   2.1e-16   1.7e-14   51.5   0.2   603   651     1    50     1    51 0.93 -
NODE_77393_length_5084_cov_32.348044:322-456      -             45 21496at7898          -            654   2.2e-14   51.1   0.5   1   1   2.9e-16   2.4e-14   51.0   0.5   602   650     1    45     1    45 0.96 -
NODE_74070_length_5282_cov_31.124252:752-913      -             54 21496at7898          -            654   2.1e-13   47.9   0.9   1   1   2.7e-15   2.2e-13   47.8   0.9   602   653     1    52     1    53 0.97 -
NODE_15044_length_12991_cov_32.669485:2397-3145   -            130 21496at7898          -            654   7.8e-13   46.0   0.2   1   2   2.2e-10   1.8e-08   31.6   0.0   430   492     1    62     1    71 0.83 -
NODE_15044_length_12991_cov_32.669485:2397-3145   -            130 21496at7898          -            654   7.8e-13   46.0   0.2   2   2   4.8e-05    0.0039   14.0   0.1   533   601    61   130    56   130 0.78 -
NODE_12748_length_13836_cov_33.387785:1411-1539   -             43 21496at7898          -            654   8.1e-13   45.9   1.3   1   1   1.1e-14   8.7e-13   45.8   1.3   602   648     1    43     1    43 0.97 -
NODE_26152_length_10252_cov_23.956072:9961-10116  -             52 21496at7898          -            654   9.2e-13   45.8   0.6   1   1   1.2e-14   9.8e-13   45.7   0.6   603   652     1    52     1    52 0.91 -
NODE_12211_length_14052_cov_38.336558:4083-4716   -            134 21496at7898          -            654   1.1e-12   45.5   0.7   1   1   3.3e-14   2.7e-12   44.2   0.7   429   562     2   132     1   134 0.75 -
NODE_12296_length_14020_cov_33.425472:1207-1353   -             49 21496at7898          -            654     2e-12   44.7   0.8   1   1   2.6e-14   2.1e-12   44.6   0.8   603   651     1    48     1    49 0.96 -
NODE_60575_length_6208_cov_35.641185:5922-6107    -             62 21496at7898          -            654     2e-09   34.7   0.4   1   1   2.5e-11     2e-09   34.7   0.4   602   634     1    34     1    62 0.77 -
NODE_71213_length_5466_cov_30.589715:2484-2648    -             55 21496at7898          -            654   2.9e-09   34.2   0.1   1   1   3.6e-11   2.9e-09   34.2   0.1   600   648     5    55     1    55 0.85 -
NODE_431_length_32281_cov_31.471817:24567-28586   -            150 21496at7898          -            654   7.6e-09   32.8   2.4   1   2   4.2e-06   0.00034   17.4   0.8   435   471    37    73    31    76 0.89 -
NODE_431_length_32281_cov_31.471817:24567-28586   -            150 21496at7898          -            654   7.6e-09   32.8   2.4   2   2   1.3e-05    0.0011   15.8   0.0   503   559    75   135    73   143 0.73 -
NODE_28660_length_9801_cov_42.676665:3692-9356    -            512 21496at7898          -            654     1e-08   32.4   0.7   1   3     0.012      0.99    6.0   0.1   218   241    13    36     8    52 0.88 -
NODE_28660_length_9801_cov_42.676665:3692-9356    -            512 21496at7898          -            654     1e-08   32.4   0.7   2   3   0.00087      0.07    9.8   0.0   152   242    56   152    38   231 0.73 -
NODE_28660_length_9801_cov_42.676665:3692-9356    -            512 21496at7898          -            654     1e-08   32.4   0.7   3   3   5.7e-05    0.0047   13.7   0.0   210   242   234   266   184   292 0.73 -
NODE_87775_length_4518_cov_30.678887:3873-4025    -             51 21496at7898          -            654   2.3e-08   31.2   0.1   1   1     3e-10   2.4e-08   31.2   0.1   603   649     1    49     1    51 0.92 -
NODE_1332_length_25842_cov_33.451035:18058-18774  -            239 21496at7898          -            654   8.2e-08   29.4  30.5   1   1   6.1e-09     5e-07   26.8  30.5   215   419    16   239     8   239 0.73 -
NODE_60666_length_6201_cov_40.020157:2394-2534    -             47 21496at7898          -            654   1.2e-07   28.9   2.6   1   1   1.5e-09   1.2e-07   28.8   2.6   600   650     1    46     1    47 0.91 -
NODE_48788_length_7237_cov_36.890025:916-4300     -            495 21496at7898          -            654   1.8e-07   28.3  20.3   1   2   4.9e-06   0.00039   17.2  10.7   251   379   276   414    99   419 0.67 -
NODE_48788_length_7237_cov_36.890025:916-4300     -            495 21496at7898          -            654   1.8e-07   28.3  20.3   2   2   0.00011    0.0093   12.7   2.8   388   420   462   493   451   495 0.89 -
NODE_69647_length_5565_cov_33.880534:2334-2480    -             49 21496at7898          -            654   3.6e-07   27.3   0.0   1   1   4.7e-09   3.8e-07   27.2   0.0   602   651     1    48     1    49 0.89 -
NODE_77561_length_5074_cov_25.716985:2508-2654    -             49 21496at7898          -            654   5.3e-07   26.7   0.0   1   1   6.8e-09   5.5e-07   26.7   0.0   602   651     1    48     1    49 0.89 -
NODE_62408_length_6072_cov_27.261343:480-626      -             49 21496at7898          -            654   1.1e-06   25.7   0.0   1   1   1.4e-08   1.2e-06   25.6   0.0   602   652     1    49     1    49 0.88 -
NODE_112707_length_3437_cov_23.024566:793-948     -             52 21496at7898          -            654   3.2e-06   24.2   0.4   1   1   4.4e-08   3.5e-06   24.0   0.4   602   650     1    47     1    50 0.88 -
NODE_229124_length_777_cov_35.588496:26-172       -             49 21496at7898          -            654   6.8e-06   23.1   0.0   1   1   8.8e-08   7.2e-06   23.0   0.0   602   650     1    47     1    49 0.90 -
NODE_140428_length_2524_cov_31.611546:2341-2487   -             49 21496at7898          -            654   7.1e-06   23.0   0.0   1   1   9.2e-08   7.5e-06   22.9   0.0   602   651     1    48     1    49 0.89 -
NODE_32066_length_9246_cov_24.215808:8475-8612    -             46 21496at7898          -            654   0.00011   19.0   0.1   1   1   1.5e-06   0.00012   18.9   0.1   602   649     1    46     1    46 0.82 -
NODE_2481_length_22367_cov_38.804114:2173-15324   -            519 21496at7898          -            654   0.00068   16.5   5.8   1   1   1.3e-05     0.001   15.8   5.8   383   439   266   322   247   327 0.82 -
NODE_14480_length_13193_cov_38.972812:6450-7526   -            359 21496at7898          -            654    0.0007   16.4   0.0   1   1   1.3e-05     0.001   15.9   0.0   441   529   134   236   117   267 0.64 -
NODE_74621_length_5247_cov_39.762044:1192-2331    -            380 21496at7898          -            654   0.00082   16.2   0.0   1   1   1.6e-05    0.0013   15.5   0.0   442   496   156   208   145   272 0.66 -
NODE_104519_length_3760_cov_25.386506:1495-2601   -            369 21496at7898          -            654    0.0042   13.9   0.0   1   2    0.0002     0.017   11.9   0.0   439   481   106   146    94   160 0.79 -
NODE_104519_length_3760_cov_25.386506:1495-2601   -            369 21496at7898          -            654    0.0042   13.9   0.0   2   2       3.9   3.1e+02   -2.3   0.0   511   529   228   246   223   251 0.83 -
#
# Program:         hmmsearch
# Version:         3.1b2 (February 2015)
# Pipeline mode:   SEARCH
# Query file:      /home/e1garcia/shotgun_PIRE/abyss/busco_downloads/lineages/actinopterygii_odb10/hmms/21496at7898.hmm
# Target file:     /home/e1garcia/shotgun_PIRE/pire_ssl_data_processing/plotosus_lineatus/busco_scaffolds_results-SPAdes_contam_R1R2_noIsolate/run_actinopterygii_odb10/metaeuk_output/initial_results/scaffolds.modified.fasta.modified.fas
# Option settings: hmmsearch --domtblout /home/e1garcia/shotgun_PIRE/pire_ssl_data_processing/plotosus_lineatus/busco_scaffolds_results-SPAdes_contam_R1R2_noIsolate/run_actinopterygii_odb10/hmmer_output/initial_run_results/21496at7898.out --cpu 1 /home/e1garcia/shotgun_PIRE/abyss/busco_downloads/lineages/actinopterygii_odb10/hmms/21496at7898.hmm /home/e1garcia/shotgun_PIRE/pire_ssl_data_processing/plotosus_lineatus/busco_scaffolds_results-SPAdes_contam_R1R2_noIsolate/run_actinopterygii_odb10/metaeuk_output/initial_results/scaffolds.modified.fasta.modified.fas 
# Current dir:     /home/e1garcia/shotgun_PIRE/pire_ssl_data_processing/plotosus_lineatus
# Date:            Fri Aug 20 13:20:29 2021
# [ok]
