#                                                                                                        --- full sequence --- -------------- this domain -------------   hmm coord   ali coord   env coord
# target name                                    accession   tlen query name           accession   qlen   E-value  score  bias   #  of  c-Evalue  i-Evalue  score  bias  from    to  from    to  from    to  acc description of target
#                            ------------------- ---------- ----- -------------------- ---------- ----- --------- ------ ----- --- --- --------- --------- ------ ----- ----- ----- ----- ----- ----- ----- ---- ---------------------
NODE_757_length_28787_cov_112.339794:15766-25283 -            425 24164at7898          -            552    9e-103  343.0  39.1   1   3   5.1e-62   4.1e-60  202.2  23.4     7   176     2   192     1   199 0.88 -
NODE_757_length_28787_cov_112.339794:15766-25283 -            425 24164at7898          -            552    9e-103  343.0  39.1   2   3   5.1e-07   4.1e-05   20.6   4.3   209   275   197   266   191   268 0.85 -
NODE_757_length_28787_cov_112.339794:15766-25283 -            425 24164at7898          -            552    9e-103  343.0  39.1   3   3   5.1e-40     4e-38  129.6   0.1   378   523   267   425   265   425 0.89 -
NODE_28411_length_9841_cov_44.362964:4369-7753   -            444 24164at7898          -            552     1e-97  326.3  39.2   1   2   1.9e-65   1.5e-63  213.5  34.8     8   275     3   272     1   274 0.87 -
NODE_28411_length_9841_cov_44.362964:4369-7753   -            444 24164at7898          -            552     1e-97  326.3  39.2   2   2   4.1e-35   3.3e-33  113.4   0.1   373   525   269   433   269   441 0.87 -
NODE_50600_length_7061_cov_50.187159:1362-6747   -            394 24164at7898          -            552   7.9e-91  303.5  28.8   1   3   1.3e-46   1.1e-44  151.3  18.9     9   175     5   188     1   191 0.84 -
NODE_50600_length_7061_cov_50.187159:1362-6747   -            394 24164at7898          -            552   7.9e-91  303.5  28.8   2   3   5.3e-09   4.2e-07   27.2   0.6   237   276   189   228   187   229 0.94 -
NODE_50600_length_7061_cov_50.187159:1362-6747   -            394 24164at7898          -            552   7.9e-91  303.5  28.8   3   3   2.5e-41     2e-39  133.9   0.1   379   529   227   391   226   394 0.87 -
NODE_12413_length_13973_cov_36.357143:886-7161   -            351 24164at7898          -            552   1.6e-83  279.5  22.3   1   2   2.7e-53   2.2e-51  173.4  17.6    11   174     2   186     1   188 0.90 -
NODE_12413_length_13973_cov_36.357143:886-7161   -            351 24164at7898          -            552   1.6e-83  279.5  22.3   2   2   5.9e-34   4.7e-32  109.6   0.2   378   527   188   343   185   346 0.86 -
NODE_18600_length_11951_cov_27.074165:591-3724   -            352 24164at7898          -            552   1.2e-63  213.9  29.5   1   1   7.5e-65     6e-63  211.5  29.5    10   321     5   350     2   352 0.84 -
NODE_18874_length_11874_cov_103.510913:9037-9690 -            218 24164at7898          -            552   5.4e-61  205.1  17.9   1   1   8.8e-63     7e-61  204.7  17.9    11   175     1   185     1   198 0.88 -
NODE_47436_length_7370_cov_41.440792:4234-4830   -            199 24164at7898          -            552   6.8e-59  198.1  19.6   1   1   1.1e-60   8.4e-59  197.8  19.6     8   176     9   197     3   199 0.89 -
NODE_76871_length_5113_cov_33.923215:3840-4430   -            197 24164at7898          -            552   1.2e-58  197.3  22.2   1   1   1.8e-60   1.4e-58  197.1  22.2    13   185     1   191     1   196 0.89 -
NODE_113404_length_3411_cov_36.103865:2170-2763  -            198 24164at7898          -            552   1.6e-58  196.9  17.9   1   1   2.7e-60   2.1e-58  196.5  17.9     9   175     4   191     2   196 0.88 -
NODE_120304_length_3164_cov_41.712887:759-1337   -            193 24164at7898          -            552   3.3e-57  192.6  18.2   1   1     1e-58   8.3e-57  191.3  18.2    13   175     1   188     1   192 0.87 -
NODE_13567_length_13528_cov_30.437263:8645-9241  -            199 24164at7898          -            552   8.6e-55  184.6  18.8   1   1   1.5e-56   1.2e-54  184.2  18.8    13   176     1   186     1   194 0.88 -
NODE_47423_length_7371_cov_37.374450:2821-3393   -            191 24164at7898          -            552   2.4e-54  183.1  20.3   1   1   3.7e-56     3e-54  182.8  20.3    13   175     2   184     1   189 0.88 -
NODE_33187_length_9084_cov_25.437618:4753-7619   -            348 24164at7898          -            552   1.4e-49  167.4   0.9   1   1   2.2e-51   1.7e-49  167.1   0.9     9   323    15   348     7   348 0.82 -
NODE_103383_length_3806_cov_229.490154:2445-3029 -            195 24164at7898          -            552   7.6e-46  155.1  18.9   1   1   1.3e-47   1.1e-45  154.6  18.9     8   164    15   193    10   195 0.85 -
NODE_22361_length_11020_cov_80.014559:2297-2866  -            190 24164at7898          -            552     1e-43  148.0  23.2   1   1     2e-45   1.6e-43  147.4  23.2     9   174     1   185     1   189 0.88 -
NODE_13567_length_13528_cov_30.437263:3799-4251  -            151 24164at7898          -            552   1.1e-43  147.9  15.8   1   1   1.8e-45   1.4e-43  147.6  15.8    13   142     1   151     1   151 0.87 -
NODE_99190_length_3985_cov_31.575914:929-1492    -            188 24164at7898          -            552   3.4e-42  143.0  25.9   1   1   5.7e-44   4.5e-42  142.6  25.9     4   163    10   188     7   188 0.83 -
NODE_29839_length_9601_cov_34.283835:3688-4278   -            197 24164at7898          -            552   2.8e-40  136.7  12.6   1   2   7.6e-21     6e-19   66.3   2.0    11    79     3    71     1    74 0.95 -
NODE_29839_length_9601_cov_34.283835:3688-4278   -            197 24164at7898          -            552   2.8e-40  136.7  12.6   2   2   7.4e-24   5.9e-22   76.2   3.2    75   167    98   197    77   197 0.90 -
NODE_95989_length_4129_cov_19.032258:601-1155    -            185 24164at7898          -            552   5.5e-39  132.4  22.7   1   1     8e-41   6.4e-39  132.2  22.7    10   173     1   173     1   182 0.91 -
NODE_37914_length_8440_cov_48.911282:6902-7438   -            179 24164at7898          -            552   6.4e-39  132.2  23.3   1   1   9.5e-41   7.6e-39  132.0  23.3     9   173     1   174     1   178 0.91 -
NODE_21641_length_11179_cov_38.197924:6288-6800  -            171 24164at7898          -            552   2.5e-37  126.9  17.2   1   1   4.4e-39   3.5e-37  126.5  17.2    13   162     1   171     1   171 0.87 -
NODE_149106_length_2287_cov_71.175503:227-721    -            165 24164at7898          -            552   2.4e-36  123.7  24.1   1   1   3.4e-38   2.7e-36  123.6  24.1     9   164     1   165     1   165 0.92 -
NODE_121789_length_3112_cov_112.603053:742-1191  -            150 24164at7898          -            552   1.6e-35  121.0  24.1   1   1   2.2e-37   1.7e-35  120.9  24.1    13   153     1   150     1   150 0.94 -
NODE_125437_length_2988_cov_27.573901:425-907    -            161 24164at7898          -            552   4.7e-35  119.4  22.1   1   1   6.4e-37   5.1e-35  119.3  22.1     7   153     6   161     1   161 0.91 -
NODE_36031_length_8679_cov_72.442890:2663-3121   -            153 24164at7898          -            552   6.6e-35  119.0  21.5   1   1   9.2e-37   7.3e-35  118.8  21.5    10   153     1   153     1   153 0.93 -
NODE_186410_length_1440_cov_20.793438:615-1064   -            150 24164at7898          -            552     2e-34  117.4  22.3   1   1   2.8e-36   2.2e-34  117.2  22.3    13   153     1   150     1   150 0.93 -
NODE_95430_length_4153_cov_64.374692:2191-2655   -            155 24164at7898          -            552   1.3e-33  114.7  26.7   1   1   1.8e-35   1.4e-33  114.6  26.7     9   153     1   154     1   155 0.93 -
NODE_76468_length_5135_cov_91.666005:3792-4250   -            153 24164at7898          -            552   5.3e-33  112.7  25.0   1   1   7.3e-35   5.8e-33  112.5  25.0    10   153     1   153     1   153 0.92 -
NODE_73674_length_5306_cov_25.521029:3694-4152   -            153 24164at7898          -            552   7.3e-33  112.2  24.8   1   1     1e-34   8.1e-33  112.1  24.8    10   153     1   153     1   153 0.92 -
NODE_149099_length_2288_cov_18.716766:1108-1557  -            150 24164at7898          -            552     3e-32  110.2  24.9   1   1   4.2e-34   3.4e-32  110.0  24.9    13   153     1   150     1   150 0.93 -
NODE_34525_length_8890_cov_31.926174:1621-2013   -            131 24164at7898          -            552   3.7e-32  109.9   9.9   1   1   8.6e-34   6.8e-32  109.0   9.9    11   113     1   124     1   131 0.80 -
NODE_243435_length_633_cov_65.876404:201-515     -            105 24164at7898          -            552   4.6e-31  106.3   9.8   1   1   7.4e-33   5.8e-31  105.9   9.8    13    99     1   105     1   105 0.82 -
NODE_62957_length_6030_cov_36.731748:4459-4806   -            116 24164at7898          -            552   1.4e-30  104.7  14.5   1   1   2.5e-32     2e-30  104.2  14.5    12   108     1   116     1   116 0.84 -
NODE_92602_length_4283_cov_31.839149:1519-1827   -            103 24164at7898          -            552   1.3e-29  101.4  12.3   1   1     2e-31   1.6e-29  101.2  12.3    13    99     1   103     1   103 0.83 -
NODE_165125_length_1890_cov_13.812395:1492-1887  -            132 24164at7898          -            552   3.5e-29  100.1  15.9   1   1   4.8e-31   3.8e-29   99.9  15.9     9   131     1   132     1   132 0.91 -
NODE_57070_length_6491_cov_35.195244:3854-4252   -            133 24164at7898          -            552   1.6e-27   94.6  10.9   1   2     4e-22   3.1e-20   70.5   2.8    12    77     3    68     1    81 0.95 -
NODE_57070_length_6491_cov_35.195244:3854-4252   -            133 24164at7898          -            552   1.6e-27   94.6  10.9   2   2   1.1e-09   8.4e-08   29.5   1.1    84   111   100   129    84   132 0.87 -
NODE_113556_length_3406_cov_31.920169:2172-2756  -            195 24164at7898          -            552   3.2e-25   87.0   7.4   1   2   3.9e-23   3.1e-21   73.8   3.2     9    81     1    74     1    79 0.94 -
NODE_113556_length_3406_cov_31.920169:2172-2756  -            195 24164at7898          -            552   3.2e-25   87.0   7.4   2   2   1.8e-05    0.0015   15.5   0.1   130   165   158   193   126   195 0.92 -
NODE_4594_length_19034_cov_37.418696:10854-11474 -            207 24164at7898          -            552   1.7e-24   84.6   9.3   1   2   9.5e-25   7.5e-23   79.2   3.0    10    80     2    72     1    75 0.97 -
NODE_4594_length_19034_cov_37.418696:10854-11474 -            207 24164at7898          -            552   1.7e-24   84.6   9.3   2   2    0.0012     0.095    9.5   0.4   113   166   152   205   143   207 0.84 -
NODE_113579_length_3405_cov_30.704174:433-1002   -            190 24164at7898          -            552   2.3e-23   80.8  22.5   1   1   3.7e-25   2.9e-23   80.5  22.5     7   160    12   178     5   188 0.84 -
NODE_79428_length_4964_cov_32.185200:2665-2850   -             62 24164at7898          -            552   8.6e-22   75.7   6.2   1   1   1.2e-23   9.6e-22   75.5   6.2     8    57    10    62     4    62 0.89 -
NODE_5937_length_17714_cov_33.311326:929-1447    -            173 24164at7898          -            552   8.2e-21   72.4   0.0   1   1   1.1e-22     9e-21   72.3   0.0   380   533     2   173     1   173 0.85 -
NODE_39857_length_8195_cov_95.404274:1657-3087   -            477 24164at7898          -            552   1.5e-19   68.3  14.6   1   2   7.9e-13   6.2e-11   39.8   3.2     8    75    11    81     6    95 0.85 -
NODE_39857_length_8195_cov_95.404274:1657-3087   -            477 24164at7898          -            552   1.5e-19   68.3  14.6   2   2   7.4e-11   5.9e-09   33.3   3.7   209   474   145   419   121   471 0.70 -
NODE_39922_length_8188_cov_37.531833:4438-4617   -             60 24164at7898          -            552   2.6e-18   64.2   7.0   1   1   3.4e-20   2.7e-18   64.1   7.0     7    53    11    60     5    60 0.89 -
NODE_74097_length_5281_cov_32.187572:1441-2130   -            230 24164at7898          -            552   4.9e-18   63.3  13.3   1   2     1e-10   8.2e-09   32.8   0.8     8    79     5    90     3    93 0.73 -
NODE_74097_length_5281_cov_32.187572:1441-2130   -            230 24164at7898          -            552   4.9e-18   63.3  13.3   2   2   2.1e-11   1.6e-09   35.1   5.9    80   170   125   227   115   230 0.79 -
NODE_34793_length_8850_cov_38.355845:1067-1573   -            169 24164at7898          -            552   5.8e-15   53.1   0.1   1   1   8.2e-17   6.5e-15   53.0   0.1   382   515     1   149     1   164 0.76 -
NODE_6570_length_17189_cov_27.737975:8461-9117   -            219 24164at7898          -            552   9.7e-15   52.4  18.1   1   2   2.5e-11   1.9e-09   34.9   1.6     8    82     5    94     3   102 0.75 -
NODE_6570_length_17189_cov_27.737975:8461-9117   -            219 24164at7898          -            552   9.7e-15   52.4  18.1   2   2     1e-07     8e-06   23.0   9.1    84   162   127   218   121   219 0.76 -
NODE_13747_length_13458_cov_41.728498:795-8231   -            229 24164at7898          -            552   4.5e-14   50.2   8.3   1   1   5.7e-16   4.5e-14   50.2   8.3     7   143    11   147     6   169 0.84 -
NODE_24148_length_10632_cov_28.731416:5210-5560  -            117 24164at7898          -            552     4e-12   43.7   6.6   1   2   5.1e-14     4e-12   43.7   6.6    11    79     2    72     1    77 0.80 -
NODE_24148_length_10632_cov_28.731416:5210-5560  -            117 24164at7898          -            552     4e-12   43.7   6.6   2   2      0.11         9    3.0   2.6   127   162    77   113    73   116 0.87 -
NODE_68591_length_5635_cov_29.144147:389-739     -            117 24164at7898          -            552     6e-12   43.2   6.1   1   2   7.6e-14     6e-12   43.2   6.1     8    64     1    58     1    78 0.78 -
NODE_68591_length_5635_cov_29.144147:389-739     -            117 24164at7898          -            552     6e-12   43.2   6.1   2   2      0.09       7.1    3.3   3.2   127   162    79   115    64   117 0.86 -
NODE_10420_length_14869_cov_27.584563:1881-2267  -            129 24164at7898          -            552   8.2e-12   42.7   7.5   1   2     1e-13   8.2e-12   42.7   7.5    11    76     2    69     1    75 0.77 -
NODE_10420_length_14869_cov_27.584563:1881-2267  -            129 24164at7898          -            552   8.2e-12   42.7   7.5   2   2     0.026       2.1    5.1   3.6   126   163    76   114    67   125 0.86 -
NODE_10759_length_14709_cov_32.072005:5432-13984 -            427 24164at7898          -            552   1.2e-11   42.2  11.0   1   2   5.2e-09   4.1e-07   27.2   3.6     9    78    18    93    14   100 0.77 -
NODE_10759_length_14709_cov_32.072005:5432-13984 -            427 24164at7898          -            552   1.2e-11   42.2  11.0   2   2   1.1e-06   8.7e-05   19.5   0.8   127   182   115   171   100   209 0.78 -
NODE_191889_length_1338_cov_74.525424:520-906    -            129 24164at7898          -            552   2.7e-11   41.0   7.4   1   2   3.4e-13   2.7e-11   41.0   7.4    11    76     2    69     1    75 0.77 -
NODE_191889_length_1338_cov_74.525424:520-906    -            129 24164at7898          -            552   2.7e-11   41.0   7.4   2   2     0.021       1.6    5.4   3.5   126   163    76   114    63   125 0.86 -
NODE_95948_length_4130_cov_25.865542:774-977     -             68 24164at7898          -            552   5.4e-11   40.0   3.1   1   1   7.5e-13     6e-11   39.9   3.1    10    53    21    68    14    68 0.89 -
NODE_5365_length_18228_cov_33.700590:2043-2396   -            118 24164at7898          -            552     9e-11   39.3   6.3   1   2   1.1e-12     9e-11   39.3   6.3    11    76     2    69     1    79 0.80 -
NODE_5365_length_18228_cov_33.700590:2043-2396   -            118 24164at7898          -            552     9e-11   39.3   6.3   2   2      0.52        41    0.8   2.2   128   165    78   116    73   118 0.83 -
NODE_685_length_29241_cov_35.713335:3864-15960   -            646 24164at7898          -            552     9e-11   39.3   4.3   1   1   2.5e-12     2e-10   38.2   4.3     5    57    40    91    36   121 0.85 -
NODE_69505_length_5574_cov_38.566575:1009-1776   -            256 24164at7898          -            552   1.2e-10   38.9  16.8   1   2   2.7e-11   2.2e-09   34.7   0.8     8    55     8    63     5    92 0.76 -
NODE_69505_length_5574_cov_38.566575:1009-1776   -            256 24164at7898          -            552   1.2e-10   38.9  16.8   2   2    0.0017      0.14    9.0   9.3   125   243   112   242   105   255 0.59 -
NODE_23473_length_10772_cov_36.712171:4195-4989  -            265 24164at7898          -            552   1.4e-10   38.7   9.6   1   2   2.3e-11   1.8e-09   35.0   1.0     8    79     7    90     3   105 0.72 -
NODE_23473_length_10772_cov_36.712171:4195-4989  -            265 24164at7898          -            552   1.4e-10   38.7   9.6   2   2    0.0026       0.2    8.4   2.1   127   224   106   202    96   258 0.62 -
NODE_2411_length_22533_cov_33.708790:5403-6254   -            284 24164at7898          -            552   1.6e-10   38.5  19.3   1   2   1.9e-07   1.5e-05   22.1   0.6     8    52     5    49     3    59 0.83 -
NODE_2411_length_22533_cov_33.708790:5403-6254   -            284 24164at7898          -            552   1.6e-10   38.5  19.3   2   2   4.8e-07   3.8e-05   20.7  12.5    45   164   130   270   127   280 0.72 -
NODE_74580_length_5250_cov_35.989517:3436-4650   -            405 24164at7898          -            552   2.1e-07   28.2   6.5   1   2   2.7e-09   2.1e-07   28.2   6.5     8    84     5    89     3   100 0.80 -
NODE_74580_length_5250_cov_35.989517:3436-4650   -            405 24164at7898          -            552   2.1e-07   28.2   6.5   2   2      0.24        19    1.9   2.9   139   233   101   190    91   276 0.54 -
NODE_74432_length_5260_cov_35.837435:1005-1502   -            166 24164at7898          -            552   2.6e-07   27.9   0.0   1   1   3.3e-09   2.6e-07   27.9   0.0   380   460     3    91     1   149 0.87 -
NODE_85588_length_4633_cov_12.234671:1472-1969   -            166 24164at7898          -            552   6.7e-07   26.5   0.0   1   1   1.1e-08   8.7e-07   26.1   0.0   380   460     3    91     1    96 0.82 -
NODE_154324_length_2152_cov_24.287871:27-524     -            166 24164at7898          -            552   1.3e-06   25.5   0.0   1   1   2.3e-08   1.8e-06   25.1   0.0   380   460     3    91     1    96 0.80 -
NODE_54567_length_6703_cov_35.096457:4630-5889   -            420 24164at7898          -            552   3.2e-06   24.3  17.3   1   2   5.9e-07   4.7e-05   20.4   4.5     8    54     5    61     3    85 0.78 -
NODE_54567_length_6703_cov_35.096457:4630-5889   -            420 24164at7898          -            552   3.2e-06   24.3  17.3   2   2    0.0013       0.1    9.4   4.8   131   235    97   200    84   266 0.59 -
NODE_43532_length_7777_cov_38.847747:275-721     -            149 24164at7898          -            552   3.7e-06   24.1   5.2   1   2   0.00016     0.013   12.4   0.5    85   119     5    44     1    54 0.82 -
NODE_43532_length_7777_cov_38.847747:275-721     -            149 24164at7898          -            552   3.7e-06   24.1   5.2   2   2   4.4e-05    0.0035   14.2   0.4   128   165   102   140    94   147 0.83 -
NODE_13581_length_13523_cov_34.939884:5479-5988  -            170 24164at7898          -            552   5.4e-06   23.5   0.0   1   1   8.3e-08   6.6e-06   23.2   0.0   380   451     3    81     1    95 0.84 -
NODE_75271_length_5205_cov_112.719546:1266-1766  -            167 24164at7898          -            552   5.6e-06   23.5   0.0   1   1   7.5e-08     6e-06   23.4   0.0   381   471     3    98     1   162 0.66 -
NODE_128998_length_2870_cov_32.313244:715-1218   -            168 24164at7898          -            552   1.3e-05   22.2   0.0   1   1   1.8e-07   1.4e-05   22.1   0.0   381   506     2   134     1   160 0.66 -
NODE_89391_length_4438_cov_25.528232:2439-2942   -            168 24164at7898          -            552   2.5e-05   21.3   0.0   1   1   3.2e-07   2.5e-05   21.3   0.0   380   445     3    75     1   164 0.85 -
NODE_108841_length_3585_cov_35.718302:343-726    -            128 24164at7898          -            552   3.4e-05   20.9   6.5   1   1   4.3e-07   3.4e-05   20.9   6.5    11    58     8    54     4    89 0.88 -
NODE_6555_length_17200_cov_37.243261:1281-14816  -            526 24164at7898          -            552   3.5e-05   20.9   7.7   1   2     0.089       7.1    3.3   0.2    35    83     4    57     1    71 0.68 -
NODE_6555_length_17200_cov_37.243261:1281-14816  -            526 24164at7898          -            552   3.5e-05   20.9   7.7   2   2     6e-07   4.8e-05   20.4   2.5   131   207    78   156    64   165 0.76 -
NODE_150067_length_2262_cov_61.621359:807-1304   -            166 24164at7898          -            552   4.4e-05   20.5   0.0   1   1   5.6e-07   4.4e-05   20.5   0.0   380   460     3    91     1   160 0.77 -
NODE_32178_length_9231_cov_36.614104:4006-4509   -            168 24164at7898          -            552   4.4e-05   20.5   0.0   1   1   5.6e-07   4.4e-05   20.5   0.0   381   454     2    82     1   144 0.83 -
NODE_3174_length_21063_cov_35.267840:18274-18774 -            167 24164at7898          -            552   0.00011   19.3   0.0   1   1   1.7e-06   0.00013   18.9   0.0   380   452     3    82     1    97 0.79 -
NODE_18688_length_11924_cov_32.650486:5175-9963  -           1062 24164at7898          -            552   0.00024   18.1   6.2   1   1   6.5e-06   0.00051   17.0   6.2    12    58   303   348   299   359 0.91 -
NODE_6766_length_17041_cov_41.737457:1284-9501   -            372 24164at7898          -            552    0.0025   14.7   3.0   1   1   3.2e-05    0.0025   14.7   3.0     8    75   287   349   280   362 0.81 -
NODE_2434_length_22473_cov_35.825244:19286-19870 -            195 24164at7898          -            552    0.0026   14.6   1.8   1   1   4.7e-05    0.0037   14.2   1.8    12    55    10    62     2    71 0.76 -
NODE_30685_length_9463_cov_33.497330:5317-5811   -            165 24164at7898          -            552    0.0028   14.5   0.0   1   1     4e-05    0.0032   14.4   0.0   381   446     1    73     1   104 0.81 -
NODE_9049_length_15576_cov_34.087614:5884-7759   -            590 24164at7898          -            552     0.025   11.4   0.9   1   1   0.00052     0.041   10.7   0.9    13    55   536   579   526   586 0.73 -
NODE_48847_length_7231_cov_34.012479:1019-3441   -            235 24164at7898          -            552     0.031   11.1   0.4   1   1   0.00055     0.044   10.6   0.4    27    57    58    91    55    97 0.81 -
NODE_7978_length_16184_cov_102.855766:8116-10554 -            633 24164at7898          -            552     0.037   10.8   1.1   1   1   0.00068     0.054   10.3   1.1     9    55   579   626   572   631 0.73 -
NODE_54021_length_6751_cov_43.069603:1251-4348   -            167 24164at7898          -            552     0.078    9.8   0.2   1   1    0.0012     0.098    9.5   0.2     9    32    33    56    26    76 0.89 -
#
# Program:         hmmsearch
# Version:         3.1b2 (February 2015)
# Pipeline mode:   SEARCH
# Query file:      /home/e1garcia/shotgun_PIRE/abyss/busco_downloads/lineages/actinopterygii_odb10/hmms/24164at7898.hmm
# Target file:     /home/e1garcia/shotgun_PIRE/pire_ssl_data_processing/plotosus_lineatus/busco_scaffolds_results-SPAdes_contam_R1R2_noIsolate/run_actinopterygii_odb10/metaeuk_output/initial_results/scaffolds.modified.fasta.modified.fas
# Option settings: hmmsearch --domtblout /home/e1garcia/shotgun_PIRE/pire_ssl_data_processing/plotosus_lineatus/busco_scaffolds_results-SPAdes_contam_R1R2_noIsolate/run_actinopterygii_odb10/hmmer_output/initial_run_results/24164at7898.out --cpu 1 /home/e1garcia/shotgun_PIRE/abyss/busco_downloads/lineages/actinopterygii_odb10/hmms/24164at7898.hmm /home/e1garcia/shotgun_PIRE/pire_ssl_data_processing/plotosus_lineatus/busco_scaffolds_results-SPAdes_contam_R1R2_noIsolate/run_actinopterygii_odb10/metaeuk_output/initial_results/scaffolds.modified.fasta.modified.fas 
# Current dir:     /home/e1garcia/shotgun_PIRE/pire_ssl_data_processing/plotosus_lineatus
# Date:            Fri Aug 20 13:18:08 2021
# [ok]
