#                                                                                                        --- full sequence --- -------------- this domain -------------   hmm coord   ali coord   env coord
# target name                                    accession   tlen query name           accession   qlen   E-value  score  bias   #  of  c-Evalue  i-Evalue  score  bias  from    to  from    to  from    to  acc description of target
#                            ------------------- ---------- ----- -------------------- ---------- ----- --------- ------ ----- --- --- --------- --------- ------ ----- ----- ----- ----- ----- ----- ----- ---- ---------------------
NODE_6555_length_17200_cov_37.243261:1281-14816  -            526 24888at7898          -            647  4.6e-189  628.4  30.4   1   2   1.8e-53   1.5e-51  174.1   8.5    35   146     1   136     1   136 0.93 -
NODE_6555_length_17200_cov_37.243261:1281-14816  -            526 24888at7898          -            647  4.6e-189  628.4  30.4   2   2  2.1e-135  1.8e-133  444.8  13.6   202   527   132   526   131   526 0.87 -
NODE_10759_length_14709_cov_32.072005:5432-13984 -            427 24888at7898          -            647  4.1e-132  440.3  27.4   1   4   5.3e-53   4.4e-51  172.5   6.1     2    88     9    96     8   110 0.92 -
NODE_10759_length_14709_cov_32.072005:5432-13984 -            427 24888at7898          -            647  4.1e-132  440.3  27.4   2   4   1.1e-30   9.4e-29   98.8   1.4    81   146   112   177   101   181 0.93 -
NODE_10759_length_14709_cov_32.072005:5432-13984 -            427 24888at7898          -            647  4.1e-132  440.3  27.4   3   4   3.3e-36   2.7e-34  117.1   0.9   205   317   181   306   177   309 0.89 -
NODE_10759_length_14709_cov_32.072005:5432-13984 -            427 24888at7898          -            647  4.1e-132  440.3  27.4   4   4   1.6e-19   1.3e-17   62.0   0.2   298   386   306   427   301   427 0.76 -
NODE_81667_length_4841_cov_27.230072:987-4698    -            381 24888at7898          -            647   2.4e-98  328.7  15.8   1   2   7.6e-73   6.3e-71  238.1  10.2   139   398     3   323     1   325 0.85 -
NODE_81667_length_4841_cov_27.230072:987-4698    -            381 24888at7898          -            647   2.4e-98  328.7  15.8   2   2   5.5e-27   4.6e-25   86.6   0.3   417   472   322   380   318   381 0.93 -
NODE_55832_length_6596_cov_28.165307:1545-2960   -            472 24888at7898          -            647     2e-62  210.1   8.5   1   3   1.3e-07   1.1e-05   22.5   0.1   218   350    22   192     1   197 0.69 -
NODE_55832_length_6596_cov_28.165307:1545-2960   -            472 24888at7898          -            647     2e-62  210.1   8.5   2   3   4.9e-32   4.1e-30  103.3   0.4   474   606   211   343   204   346 0.98 -
NODE_55832_length_6596_cov_28.165307:1545-2960   -            472 24888at7898          -            647     2e-62  210.1   8.5   3   3   3.7e-27   3.1e-25   87.2   0.8   505   637   336   471   335   472 0.94 -
NODE_35928_length_8692_cov_34.183172:2416-4428   -            671 24888at7898          -            647   7.7e-32  109.0  21.0   1   3   1.4e-14   1.2e-12   45.6  12.6    11   244    13   258     3   331 0.75 -
NODE_35928_length_8692_cov_34.183172:2416-4428   -            671 24888at7898          -            647   7.7e-32  109.0  21.0   2   3     2e-08   1.7e-06   25.2   0.0   557   643   373   472   369   474 0.69 -
NODE_35928_length_8692_cov_34.183172:2416-4428   -            671 24888at7898          -            647   7.7e-32  109.0  21.0   3   3   1.2e-13   9.8e-12   42.6   0.8   439   647   448   664   443   664 0.72 -
NODE_229189_length_777_cov_0.750737:179-769      -            197 24888at7898          -            647   5.3e-23   79.8   0.0   1   1   7.6e-25   6.3e-23   79.5   0.0   440   630     4   194     2   197 0.92 -
NODE_74580_length_5250_cov_35.989517:3436-4650   -            405 24888at7898          -            647   1.9e-19   68.0   2.2   1   1     3e-21   2.5e-19   67.6   2.2    14   209     8   212     3   239 0.87 -
NODE_54567_length_6703_cov_35.096457:4630-5889   -            420 24888at7898          -            647   1.5e-16   58.5   5.2   1   1   2.3e-18   1.9e-16   58.1   5.2    14   197     8   208     4   278 0.73 -
NODE_69505_length_5574_cov_38.566575:1009-1776   -            256 24888at7898          -            647   3.7e-16   57.2  15.3   1   2   3.3e-13   2.7e-11   41.1   1.8    10   112     8   122     3   125 0.70 -
NODE_69505_length_5574_cov_38.566575:1009-1776   -            256 24888at7898          -            647   3.7e-16   57.2  15.3   2   2   9.9e-08   8.3e-06   23.0   8.0    87   208   117   239   109   250 0.90 -
NODE_23473_length_10772_cov_36.712171:4195-4989  -            265 24888at7898          -            647   1.2e-15   55.5   8.8   1   1   1.4e-16   1.2e-14   52.2   8.8    10   228     7   256     2   265 0.76 -
NODE_37914_length_8440_cov_48.911282:6902-7438   -            179 24888at7898          -            647   3.6e-12   44.0  19.2   1   2   5.1e-08   4.3e-06   23.9   9.5    14    91     3    75     1    83 0.83 -
NODE_37914_length_8440_cov_48.911282:6902-7438   -            179 24888at7898          -            647   3.6e-12   44.0  19.2   2   2   1.5e-08   1.3e-06   25.7   3.9    34   132    78   175    64   178 0.84 -
NODE_21641_length_11179_cov_38.197924:6288-6800  -            171 24888at7898          -            647     4e-12   43.8  13.8   1   2   4.6e-11   3.8e-09   34.0   0.9    16    88     1    73     1    84 0.72 -
NODE_21641_length_11179_cov_38.197924:6288-6800  -            171 24888at7898          -            647     4e-12   43.8  13.8   2   2   2.4e-05     0.002   15.1   6.1    34   119    86   170    76   171 0.87 -
NODE_33187_length_9084_cov_25.437618:4753-7619   -            348 24888at7898          -            647   3.8e-11   40.6  10.5   1   2   4.6e-08   3.8e-06   24.1   2.0    15    59    18    64    15    77 0.88 -
NODE_33187_length_9084_cov_25.437618:4753-7619   -            348 24888at7898          -            647   3.8e-11   40.6  10.5   2   2   2.8e-07   2.4e-05   21.5   1.5    88   172   146   226   138   279 0.72 -
NODE_18874_length_11874_cov_103.510913:9037-9690 -            218 24888at7898          -            647     4e-10   37.2  14.0   1   2   1.6e-08   1.3e-06   25.6   5.5    16    84     3    68     1   115 0.71 -
NODE_18874_length_11874_cov_103.510913:9037-9690 -            218 24888at7898          -            647     4e-10   37.2  14.0   2   2     8e-05    0.0067   13.4   5.4    81   126   134   178    89   189 0.75 -
NODE_74097_length_5281_cov_32.187572:1441-2130   -            230 24888at7898          -            647     4e-10   37.2  13.8   1   3   4.9e-11   4.1e-09   33.9   1.0    14    89     8    92     4   115 0.85 -
NODE_74097_length_5281_cov_32.187572:1441-2130   -            230 24888at7898          -            647     4e-10   37.2  13.8   2   3      0.68        57    0.4   1.1    29    46   147   164   129   176 0.70 -
NODE_74097_length_5281_cov_32.187572:1441-2130   -            230 24888at7898          -            647     4e-10   37.2  13.8   3   3   0.00044     0.037   10.9   0.2    83   125   182   225   178   230 0.89 -
NODE_95989_length_4129_cov_19.032258:601-1155    -            185 24888at7898          -            647   5.5e-10   36.8  20.1   1   2   7.9e-06   0.00066   16.7   7.5    14    59     2    46     1    75 0.83 -
NODE_95989_length_4129_cov_19.032258:601-1155    -            185 24888at7898          -            647   5.5e-10   36.8  20.1   2   2   7.6e-09   6.4e-07   26.7   4.6    34   133    77   175    62   184 0.85 -
NODE_6570_length_17189_cov_27.737975:8461-9117   -            219 24888at7898          -            647   6.7e-10   36.5   4.2   1   3     8e-12   6.7e-10   36.5   4.2    14    88     8    92     4    97 0.82 -
NODE_6570_length_17189_cov_27.737975:8461-9117   -            219 24888at7898          -            647   6.7e-10   36.5   4.2   2   3      0.94        78   -0.1   3.9    98   119   142   163   123   174 0.79 -
NODE_6570_length_17189_cov_27.737975:8461-9117   -            219 24888at7898          -            647   6.7e-10   36.5   4.2   3   3     0.011      0.95    6.3   0.5    83   120   180   218   169   219 0.89 -
NODE_13567_length_13528_cov_30.437263:8645-9241  -            199 24888at7898          -            647   6.8e-10   36.5  14.5   1   2   1.6e-08   1.4e-06   25.6   2.7    16   114     1    95     1   100 0.76 -
NODE_13567_length_13528_cov_30.437263:8645-9241  -            199 24888at7898          -            647   6.8e-10   36.5  14.5   2   2   2.1e-05    0.0018   15.3   6.3    50   125   100   177    88   194 0.81 -
NODE_103383_length_3806_cov_229.490154:2445-3029 -            195 24888at7898          -            647   3.2e-09   34.2  16.3   1   2   1.9e-08   1.6e-06   25.3   3.4     8    60    12    66     7   116 0.81 -
NODE_103383_length_3806_cov_229.490154:2445-3029 -            195 24888at7898          -            647   3.2e-09   34.2  16.3   2   2   5.3e-05    0.0044   14.0   6.6    36   124   108   195    97   195 0.77 -
NODE_113556_length_3406_cov_31.920169:2172-2756  -            195 24888at7898          -            647   3.7e-09   34.1  14.0   1   2   1.6e-09   1.3e-07   28.9   3.6    15    58     4    47     1    71 0.93 -
NODE_113556_length_3406_cov_31.920169:2172-2756  -            195 24888at7898          -            647   3.7e-09   34.1  14.0   2   2    0.0004     0.034   11.1   2.7    88   124   159   194   155   195 0.90 -
NODE_29839_length_9601_cov_34.283835:3688-4278   -            197 24888at7898          -            647   4.9e-09   33.6  18.5   1   2   1.9e-09   1.6e-07   28.7   2.8    12    58     1    46     1    60 0.90 -
NODE_29839_length_9601_cov_34.283835:3688-4278   -            197 24888at7898          -            647   4.9e-09   33.6  18.5   2   2   0.00044     0.037   10.9   7.9    36   124   109   196   103   197 0.81 -
NODE_120304_length_3164_cov_41.712887:759-1337   -            193 24888at7898          -            647   7.2e-09   33.1  13.5   1   2   3.2e-09   2.7e-07   27.9   0.8    16    86     1    69     1    81 0.76 -
NODE_120304_length_3164_cov_41.712887:759-1337   -            193 24888at7898          -            647   7.2e-09   33.1  13.5   2   2   0.00089     0.074    9.9   7.1    17   129    73   185    58   191 0.74 -
NODE_50600_length_7061_cov_50.187159:1362-6747   -            394 24888at7898          -            647   1.6e-08   31.9  11.3   1   2   6.4e-06   0.00054   17.0   2.8    12    59     6    54     2    61 0.85 -
NODE_50600_length_7061_cov_50.187159:1362-6747   -            394 24888at7898          -            647   1.6e-08   31.9  11.3   2   2   8.2e-07   6.8e-05   20.0   1.4    52   131   105   186    86   238 0.67 -
NODE_26865_length_10124_cov_43.434115:3047-8759  -            258 24888at7898          -            647   8.6e-08   29.5   0.1   1   1   1.7e-09   1.4e-07   28.9   0.1   500   606    58   161    32   194 0.72 -
NODE_22361_length_11020_cov_80.014559:2297-2866  -            190 24888at7898          -            647     1e-07   29.3  18.1   1   2   1.2e-06    0.0001   19.4   6.9    14    80     3    64     1    96 0.72 -
NODE_22361_length_11020_cov_80.014559:2297-2866  -            190 24888at7898          -            647     1e-07   29.3  18.1   2   2   4.3e-05    0.0035   14.3   5.6    35   125    89   178    78   188 0.88 -
NODE_757_length_28787_cov_112.339794:15766-25283 -            425 24888at7898          -            647     1e-07   29.2  18.8   1   2     2e-05    0.0017   15.3   5.6    14    85     6    75     1   107 0.67 -
NODE_757_length_28787_cov_112.339794:15766-25283 -            425 24888at7898          -            647     1e-07   29.2  18.8   2   2   2.6e-06   0.00022   18.3   7.1    48   173   104   229    95   251 0.66 -
NODE_149106_length_2287_cov_71.175503:227-721    -            165 24888at7898          -            647   2.8e-07   27.8  22.1   1   2     1e-06   8.4e-05   19.7   7.9    14    58     3    46     1    62 0.86 -
NODE_149106_length_2287_cov_71.175503:227-721    -            165 24888at7898          -            647   2.8e-07   27.8  22.1   2   2   3.7e-05    0.0031   14.5   6.2    34   122    78   165    63   165 0.85 -
NODE_79428_length_4964_cov_32.185200:2665-2850   -             62 24888at7898          -            647   2.8e-07   27.8   2.3   1   1   3.6e-09     3e-07   27.7   2.3     8    58     7    59     1    61 0.89 -
NODE_18600_length_11951_cov_27.074165:591-3724   -            352 24888at7898          -            647   5.8e-07   26.8  20.8   1   2   3.3e-06   0.00027   18.0   2.1    15    58     7    52     3    63 0.87 -
NODE_18600_length_11951_cov_27.074165:591-3724   -            352 24888at7898          -            647   5.8e-07   26.8  20.8   2   2     9e-05    0.0075   13.2  11.1    36   169    96   223    92   263 0.63 -
NODE_95948_length_4130_cov_25.865542:774-977     -             68 24888at7898          -            647   6.3e-07   26.7   0.5   1   1   7.9e-09   6.6e-07   26.6   0.5    13    57    21    68    11    68 0.80 -
NODE_5365_length_18228_cov_33.700590:2043-2396   -            118 24888at7898          -            647   6.7e-07   26.6  13.7   1   1   9.4e-09   7.8e-07   26.4  13.7    16   122     4   115     2   118 0.83 -
NODE_113404_length_3411_cov_36.103865:2170-2763  -            198 24888at7898          -            647   8.9e-07   26.2  17.9   1   3   1.4e-06   0.00012   19.1   5.3    12    85     5    75     1   104 0.72 -
NODE_113404_length_3411_cov_36.103865:2170-2763  -            198 24888at7898          -            647   8.9e-07   26.2  17.9   2   3       1.4   1.1e+02   -0.6   0.6    16    41    95   122    81   128 0.79 -
NODE_113404_length_3411_cov_36.103865:2170-2763  -            198 24888at7898          -            647   8.9e-07   26.2  17.9   3   3   0.00032     0.027   11.4   6.4    49   126   108   184    92   195 0.75 -
NODE_135987_length_2652_cov_32.585586:417-1202   -            262 24888at7898          -            647   1.3e-06   25.7   2.0   1   1   1.5e-08   1.3e-06   25.7   2.0    24    76   159   214   142   244 0.78 -
NODE_12413_length_13973_cov_36.357143:886-7161   -            351 24888at7898          -            647   1.6e-06   25.3  11.5   1   2   8.4e-07     7e-05   19.9   5.4    14   114     2    97     1   119 0.80 -
NODE_12413_length_13973_cov_36.357143:886-7161   -            351 24888at7898          -            647   1.6e-06   25.3  11.5   2   2    0.0054      0.45    7.3   2.1    72   125   128   179   100   193 0.79 -
NODE_57070_length_6491_cov_35.195244:3854-4252   -            133 24888at7898          -            647     2e-06   25.0   6.0   1   2   2.4e-08     2e-06   25.0   6.0    14    59     2    46     1    74 0.86 -
NODE_57070_length_6491_cov_35.195244:3854-4252   -            133 24888at7898          -            647     2e-06   25.0   6.0   2   2       1.9   1.6e+02   -1.1   0.9    14    38   100   124    94   130 0.84 -
NODE_4594_length_19034_cov_37.418696:10854-11474 -            207 24888at7898          -            647   2.1e-06   25.0   2.4   1   2   2.5e-08   2.1e-06   25.0   2.4    12    59     2    47     1    62 0.87 -
NODE_4594_length_19034_cov_37.418696:10854-11474 -            207 24888at7898          -            647   2.1e-06   25.0   2.4   2   2      0.24        20    1.9   1.6    88   121   170   202   161   206 0.85 -
NODE_191889_length_1338_cov_74.525424:520-906    -            129 24888at7898          -            647   2.3e-06   24.8  13.3   1   1   3.4e-08   2.9e-06   24.5  13.3    16   132     4   125     2   128 0.85 -
NODE_113579_length_3405_cov_30.704174:433-1002   -            190 24888at7898          -            647     3e-06   24.4   5.9   1   2   3.6e-08     3e-06   24.4   5.9    13    86    15    84     8   100 0.87 -
NODE_113579_length_3405_cov_30.704174:433-1002   -            190 24888at7898          -            647     3e-06   24.4   5.9   2   2       6.5   5.4e+02   -2.8   7.7    44   114   104   173    69   187 0.69 -
NODE_10420_length_14869_cov_27.584563:1881-2267  -            129 24888at7898          -            647     9e-06   22.9  12.7   1   1   1.3e-07   1.1e-05   22.6  12.7    16   132     4   125     2   128 0.85 -
NODE_68591_length_5635_cov_29.144147:389-739     -            117 24888at7898          -            647   9.5e-06   22.8   9.5   1   1   1.2e-07   9.8e-06   22.7   9.5    14   119     4   114     1   117 0.82 -
NODE_24148_length_10632_cov_28.731416:5210-5560  -            117 24888at7898          -            647   9.5e-06   22.8  11.0   1   1   1.2e-07     1e-05   22.7  11.0    14   123     2   116     1   117 0.77 -
NODE_243435_length_633_cov_65.876404:201-515     -            105 24888at7898          -            647   9.9e-06   22.7   4.8   1   1   1.2e-07   9.9e-06   22.7   4.8    16    86     1    69     1   102 0.70 -
NODE_95430_length_4153_cov_64.374692:2191-2655   -            155 24888at7898          -            647   1.8e-05   21.8   8.7   1   2   2.2e-07   1.8e-05   21.8   8.7    14    58     3    46     1    57 0.88 -
NODE_95430_length_4153_cov_64.374692:2191-2655   -            155 24888at7898          -            647   1.8e-05   21.8   8.7   2   2     0.017       1.4    5.7   7.8    29   111    73   154    54   155 0.80 -
NODE_28411_length_9841_cov_44.362964:4369-7753   -            444 24888at7898          -            647   2.1e-05   21.7  21.7   1   2     0.001     0.087    9.7   7.9    14    75     6    65     2   106 0.66 -
NODE_28411_length_9841_cov_44.362964:4369-7753   -            444 24888at7898          -            647   2.1e-05   21.7  21.7   2   2   9.1e-06   0.00076   16.5   7.5    52   175   108   226    94   258 0.69 -
NODE_92602_length_4283_cov_31.839149:1519-1827   -            103 24888at7898          -            647   2.3e-05   21.5   4.0   1   1   2.9e-07   2.4e-05   21.4   4.0    16   108     1    89     1    99 0.77 -
NODE_751_length_28824_cov_40.734064:920-24338    -           2384 24888at7898          -            647   2.6e-05   21.3   0.1   1   7       2.5   2.1e+02   -1.5   0.0   300   330   575   605   558   609 0.84 -
NODE_751_length_28824_cov_40.734064:920-24338    -           2384 24888at7898          -            647   2.6e-05   21.3   0.1   2   7      0.16        13    2.5   0.0   304   345  1210  1251  1194  1265 0.80 -
NODE_751_length_28824_cov_40.734064:920-24338    -           2384 24888at7898          -            647   2.6e-05   21.3   0.1   3   7       1.7   1.4e+02   -0.9   0.0   282   329  1465  1512  1436  1535 0.89 -
NODE_751_length_28824_cov_40.734064:920-24338    -           2384 24888at7898          -            647   2.6e-05   21.3   0.1   4   7       9.9   8.3e+02   -3.5   0.0   322   355  1602  1635  1575  1637 0.69 -
NODE_751_length_28824_cov_40.734064:920-24338    -           2384 24888at7898          -            647   2.6e-05   21.3   0.1   5   7     0.087       7.3    3.3   0.0   298   356  1670  1730  1641  1736 0.76 -
NODE_751_length_28824_cov_40.734064:920-24338    -           2384 24888at7898          -            647   2.6e-05   21.3   0.1   6   7      0.17        14    2.4   0.0   299   342  1852  1895  1841  1899 0.92 -
NODE_751_length_28824_cov_40.734064:920-24338    -           2384 24888at7898          -            647   2.6e-05   21.3   0.1   7   7      0.16        13    2.5   0.0   320   351  2130  2161  2116  2165 0.87 -
NODE_99190_length_3985_cov_31.575914:929-1492    -            188 24888at7898          -            647   3.2e-05   21.1  20.7   1   2   1.1e-05   0.00095   16.2   9.9     9   117    12   113     5   117 0.77 -
NODE_99190_length_3985_cov_31.575914:929-1492    -            188 24888at7898          -            647   3.2e-05   21.1  20.7   2   2    0.0018      0.15    8.9   7.8    33   121   101   188    89   188 0.77 -
NODE_47436_length_7370_cov_41.440792:4234-4830   -            199 24888at7898          -            647   4.4e-05   20.6  19.2   1   2   1.3e-05    0.0011   16.0   9.4    12    84    11    80     4   132 0.70 -
NODE_47436_length_7370_cov_41.440792:4234-4830   -            199 24888at7898          -            647   4.4e-05   20.6  19.2   2   2     0.024         2    5.2   7.9    68   123   128   186    98   195 0.68 -
NODE_2411_length_22533_cov_33.708790:5403-6254   -            284 24888at7898          -            647   5.3e-05   20.3  17.2   1   3    0.0006      0.05   10.5   0.7    14    44     8    38     4    47 0.91 -
NODE_2411_length_22533_cov_33.708790:5403-6254   -            284 24888at7898          -            647   5.3e-05   20.3  17.2   2   3    0.0031      0.26    8.1   1.8    49   112   130   192   124   201 0.90 -
NODE_2411_length_22533_cov_33.708790:5403-6254   -            284 24888at7898          -            647   5.3e-05   20.3  17.2   3   3   0.00032     0.026   11.4   1.3    86   132   233   280   225   283 0.86 -
NODE_39922_length_8188_cov_37.531833:4438-4617   -             60 24888at7898          -            647   5.6e-05   20.2   3.7   1   1   6.8e-07   5.7e-05   20.2   3.7    15    57    16    60     4    60 0.86 -
NODE_186410_length_1440_cov_20.793438:615-1064   -            150 24888at7898          -            647   7.3e-05   19.8   4.9   1   2   8.8e-07   7.3e-05   19.8   4.9    16    58     1    42     1    70 0.87 -
NODE_186410_length_1440_cov_20.793438:615-1064   -            150 24888at7898          -            647   7.3e-05   19.8   4.9   2   2      0.41        34    1.1   3.7    34   111    74   150    59   150 0.81 -
NODE_76871_length_5113_cov_33.923215:3840-4430   -            197 24888at7898          -            647   0.00012   19.2  19.0   1   2   5.6e-06   0.00046   17.2   6.6    16   112     1    89     1    95 0.73 -
NODE_76871_length_5113_cov_33.923215:3840-4430   -            197 24888at7898          -            647   0.00012   19.2  19.0   2   2      0.01      0.83    6.4   6.5    57   125   107   173    83   193 0.73 -
NODE_36031_length_8679_cov_72.442890:2663-3121   -            153 24888at7898          -            647   0.00012   19.1   6.1   1   2   1.5e-06   0.00012   19.1   6.1    14    58     2    45     1    60 0.88 -
NODE_36031_length_8679_cov_72.442890:2663-3121   -            153 24888at7898          -            647   0.00012   19.1   6.1   2   2     0.071         6    3.6   4.3    34   111    77   153    62   153 0.81 -
NODE_125437_length_2988_cov_27.573901:425-907    -            161 24888at7898          -            647   0.00013   19.0  12.1   1   2   1.6e-06   0.00013   19.0  12.1    11    59     7    54     3   120 0.75 -
NODE_125437_length_2988_cov_27.573901:425-907    -            161 24888at7898          -            647   0.00013   19.0  12.1   2   2       4.6   3.8e+02   -2.4   1.9    35   111    86   161    70   161 0.66 -
NODE_13747_length_13458_cov_41.728498:795-8231   -            229 24888at7898          -            647   0.00018   18.5  11.8   1   2   5.4e-06   0.00045   17.2  10.9    14    88    15    84    10   179 0.86 -
NODE_13747_length_13458_cov_41.728498:795-8231   -            229 24888at7898          -            647   0.00018   18.5  11.8   2   2       2.1   1.8e+02   -1.2   0.3   132   157   164   189   135   218 0.68 -
NODE_165125_length_1890_cov_13.812395:1492-1887  -            132 24888at7898          -            647    0.0002   18.4   8.7   1   1   2.4e-06    0.0002   18.4   8.7    14    67     3    56     1   122 0.68 -
NODE_149099_length_2288_cov_18.716766:1108-1557  -            150 24888at7898          -            647   0.00032   17.7   6.6   1   2   3.9e-06   0.00032   17.7   6.6    16    58     1    42     1    57 0.88 -
NODE_149099_length_2288_cov_18.716766:1108-1557  -            150 24888at7898          -            647   0.00032   17.7   6.6   2   2      0.57        48    0.6   5.5    34   111    74   150    58   150 0.87 -
NODE_13567_length_13528_cov_30.437263:3799-4251  -            151 24888at7898          -            647   0.00033   17.7   9.9   1   1   4.1e-06   0.00034   17.6   9.9    16   119     1    99     1   141 0.80 -
NODE_2434_length_22473_cov_35.825244:19286-19870 -            195 24888at7898          -            647   0.00061   16.8   1.1   1   1     1e-05   0.00086   16.3   1.1    16    63    11    66     7    89 0.77 -
NODE_76468_length_5135_cov_91.666005:3792-4250   -            153 24888at7898          -            647   0.00079   16.4  12.5   1   2   9.4e-06   0.00079   16.4  12.5    14    59     2    46     1   102 0.84 -
NODE_76468_length_5135_cov_91.666005:3792-4250   -            153 24888at7898          -            647   0.00079   16.4  12.5   2   2       5.7   4.8e+02   -2.7   3.4    34   111    77   153    54   153 0.71 -
NODE_73674_length_5306_cov_25.521029:3694-4152   -            153 24888at7898          -            647   0.00079   16.4   7.6   1   2   9.5e-06   0.00079   16.4   7.6    14    59     2    46     1    74 0.86 -
NODE_73674_length_5306_cov_25.521029:3694-4152   -            153 24888at7898          -            647   0.00079   16.4   7.6   2   2         2   1.7e+02   -1.2   4.6    35   111    78   153    62   153 0.74 -
NODE_121789_length_3112_cov_112.603053:742-1191  -            150 24888at7898          -            647    0.0012   15.9   7.4   1   2   1.4e-05    0.0012   15.9   7.4    16    59     1    43     1    58 0.87 -
NODE_121789_length_3112_cov_112.603053:742-1191  -            150 24888at7898          -            647    0.0012   15.9   7.4   2   2     0.042       3.5    4.4   5.3    20   111    60   150    52   150 0.83 -
NODE_62957_length_6030_cov_36.731748:4459-4806   -            116 24888at7898          -            647    0.0021   15.0   6.9   1   1   2.4e-05     0.002   15.1   6.9    16    84     2    68     1   114 0.69 -
NODE_34525_length_8890_cov_31.926174:1621-2013   -            131 24888at7898          -            647    0.0024   14.8   2.3   1   2   2.9e-05    0.0024   14.8   2.3    15    59     2    48     1    71 0.87 -
NODE_34525_length_8890_cov_31.926174:1621-2013   -            131 24888at7898          -            647    0.0024   14.8   2.3   2   2         2   1.7e+02   -1.2   0.2    27    41   106   120    87   127 0.72 -
NODE_13335_length_13611_cov_38.496226:6108-6335  -             76 24888at7898          -            647    0.0031   14.5   0.8   1   1   3.9e-05    0.0032   14.4   0.8    15    61    22    66     9    73 0.84 -
NODE_39857_length_8195_cov_95.404274:1657-3087   -            477 24888at7898          -            647    0.0039   14.2  11.2   1   1   6.3e-05    0.0053   13.7  11.2     9   274     9   289     1   298 0.59 -
NODE_7978_length_16184_cov_102.855766:8116-10554 -            633 24888at7898          -            647    0.0066   13.4   1.2   1   1   0.00011    0.0094   12.9   1.2    14    59   581   626   576   632 0.80 -
NODE_9049_length_15576_cov_34.087614:5884-7759   -            590 24888at7898          -            647    0.0075   13.2   0.8   1   1   0.00014     0.012   12.6   0.8    12    62   532   582   527   588 0.82 -
NODE_47423_length_7371_cov_37.374450:2821-3393   -            191 24888at7898          -            647     0.011   12.6  15.4   1   2   0.00045     0.038   10.9   4.0    16    59     2    47     1    95 0.84 -
NODE_47423_length_7371_cov_37.374450:2821-3393   -            191 24888at7898          -            647     0.011   12.6  15.4   2   2    0.0089      0.74    6.6   4.9    52   123   101   174    86   187 0.69 -
NODE_2075_length_23359_cov_44.808383:5549-13026  -            105 24888at7898          -            647     0.015   12.3   1.3   1   1   0.00018     0.015   12.2   1.3    15    57    33    75    20    95 0.78 -
NODE_75_length_44524_cov_38.581429:18116-42801   -           1448 24888at7898          -            647     0.032   11.1   0.1   1   2      0.19        16    2.2   0.1   293   330  1049  1086  1032  1094 0.82 -
NODE_75_length_44524_cov_38.581429:18116-42801   -           1448 24888at7898          -            647     0.032   11.1   0.1   2   2      0.02       1.7    5.5   0.0   302   349  1263  1310  1242  1321 0.85 -
NODE_685_length_29241_cov_35.713335:3864-15960   -            646 24888at7898          -            647     0.043   10.7   3.8   1   1   0.00073     0.061   10.2   3.8    16    84    48   114    39   167 0.74 -
NODE_18688_length_11924_cov_32.650486:5175-9963  -           1062 24888at7898          -            647     0.043   10.7   3.8   1   1    0.0008     0.067   10.1   3.8    14    56   302   342   293   346 0.88 -
NODE_2702_length_21899_cov_39.842569:14634-15086 -            151 24888at7898          -            647     0.058   10.3   1.8   1   1   0.00094     0.079    9.8   1.8    16    60    93   137    88   144 0.87 -
NODE_17860_length_12148_cov_55.329488:1559-11858 -            734 24888at7898          -            647     0.066   10.1   0.6   1   1    0.0011     0.093    9.6   0.6    11    42     9    44     1    61 0.82 -
NODE_108841_length_3585_cov_35.718302:343-726    -            128 24888at7898          -            647      0.21    8.5   4.6   1   1    0.0021      0.18    8.7   4.6    14    58     8    50     4   114 0.87 -
NODE_91693_length_4326_cov_40.177667:658-2274    -            170 24888at7898          -            647       1.2    6.0   5.7   1   1     0.018       1.5    5.6   5.7     8    57   102   150    96   155 0.75 -
#
# Program:         hmmsearch
# Version:         3.1b2 (February 2015)
# Pipeline mode:   SEARCH
# Query file:      /home/e1garcia/shotgun_PIRE/abyss/busco_downloads/lineages/actinopterygii_odb10/hmms/24888at7898.hmm
# Target file:     /home/e1garcia/shotgun_PIRE/pire_ssl_data_processing/plotosus_lineatus/busco_scaffolds_results-SPAdes_contam_R1R2_noIsolate/run_actinopterygii_odb10/metaeuk_output/initial_results/scaffolds.modified.fasta.modified.fas
# Option settings: hmmsearch --domtblout /home/e1garcia/shotgun_PIRE/pire_ssl_data_processing/plotosus_lineatus/busco_scaffolds_results-SPAdes_contam_R1R2_noIsolate/run_actinopterygii_odb10/hmmer_output/initial_run_results/24888at7898.out --cpu 1 /home/e1garcia/shotgun_PIRE/abyss/busco_downloads/lineages/actinopterygii_odb10/hmms/24888at7898.hmm /home/e1garcia/shotgun_PIRE/pire_ssl_data_processing/plotosus_lineatus/busco_scaffolds_results-SPAdes_contam_R1R2_noIsolate/run_actinopterygii_odb10/metaeuk_output/initial_results/scaffolds.modified.fasta.modified.fas 
# Current dir:     /home/e1garcia/shotgun_PIRE/pire_ssl_data_processing/plotosus_lineatus
# Date:            Fri Aug 20 13:31:13 2021
# [ok]
