#                                                                                                        --- full sequence --- -------------- this domain -------------   hmm coord   ali coord   env coord
# target name                                    accession   tlen query name           accession   qlen   E-value  score  bias   #  of  c-Evalue  i-Evalue  score  bias  from    to  from    to  from    to  acc description of target
#                            ------------------- ---------- ----- -------------------- ---------- ----- --------- ------ ----- --- --- --------- --------- ------ ----- ----- ----- ----- ----- ----- ----- ---- ---------------------
NODE_37381_length_8512_cov_34.863188:386-6246    -            535 27329at7898          -            588  3.4e-158  526.6  95.0   1   2  1.7e-153  4.3e-151  503.1  78.1    14   432     3   428     1   431 0.93 -
NODE_37381_length_8512_cov_34.863188:386-6246    -            535 27329at7898          -            588  3.4e-158  526.6  95.0   2   2   1.5e-12   3.9e-10   37.7   8.9   382   484   416   520   415   533 0.79 -
NODE_65039_length_5881_cov_30.510031:1264-5409   -            654 27329at7898          -            588  3.7e-149  496.7  87.9   1   4   9.5e-59   2.4e-56  190.2   9.2    15   202     1   209     1   211 0.87 -
NODE_65039_length_5881_cov_30.510031:1264-5409   -            654 27329at7898          -            588  3.7e-149  496.7  87.9   2   4   1.3e-56   3.4e-54  183.1  44.4   247   432   210   401   209   403 0.92 -
NODE_65039_length_5881_cov_30.510031:1264-5409   -            654 27329at7898          -            588  3.7e-149  496.7  87.9   3   4   5.3e-17   1.4e-14   52.4  11.3   384   432   391   439   391   443 0.96 -
NODE_65039_length_5881_cov_30.510031:1264-5409   -            654 27329at7898          -            588  3.7e-149  496.7  87.9   4   4   5.8e-33   1.5e-30  105.1   6.7   389   588   434   654   434   654 0.77 -
NODE_67749_length_5688_cov_37.238862:3707-5536   -            384 27329at7898          -            588  5.1e-120  400.5 101.7   1   2   1.3e-94   3.4e-92  308.6  71.1   204   432     1   234     1   238 0.96 -
NODE_67749_length_5688_cov_37.238862:3707-5536   -            384 27329at7898          -            588  5.1e-120  400.5 101.7   2   2   3.9e-33     1e-30  105.6  22.7   343   517   180   353   177   384 0.70 -
NODE_44997_length_7622_cov_43.392131:1445-5980   -            843 27329at7898          -            588   7.8e-39  132.4  71.0   1   5   8.2e-12   2.1e-09   35.2   4.8   386   426     4    44     2    49 0.91 -
NODE_44997_length_7622_cov_43.392131:1445-5980   -            843 27329at7898          -            588   7.8e-39  132.4  71.0   2   5   1.6e-07   4.1e-05   21.1   4.0   389   433    51    99    47   112 0.84 -
NODE_44997_length_7622_cov_43.392131:1445-5980   -            843 27329at7898          -            588   7.8e-39  132.4  71.0   3   5   0.00032     0.083   10.1   2.0   400   433   282   315   276   330 0.90 -
NODE_44997_length_7622_cov_43.392131:1445-5980   -            843 27329at7898          -            588   7.8e-39  132.4  71.0   4   5   1.2e-09   3.1e-07   28.1   2.8   362   442   492   576   463   630 0.78 -
NODE_44997_length_7622_cov_43.392131:1445-5980   -            843 27329at7898          -            588   7.8e-39  132.4  71.0   5   5   5.2e-20   1.3e-17   62.3  26.1   324   432   735   843   708   843 0.89 -
NODE_10843_length_14667_cov_42.361683:940-10021  -            946 27329at7898          -            588   3.6e-31  107.1 106.2   1   6   3.5e-06    0.0009   16.6  20.7   251   322     8    91     1   109 0.50 -
NODE_10843_length_14667_cov_42.361683:940-10021  -            946 27329at7898          -            588   3.6e-31  107.1 106.2   2   6   7.6e-05      0.02   12.2   8.7   240   287    41    90    38   138 0.72 -
NODE_10843_length_14667_cov_42.361683:940-10021  -            946 27329at7898          -            588   3.6e-31  107.1 106.2   3   6    0.0069       1.8    5.8   3.6   324   359   277   311   264   317 0.79 -
NODE_10843_length_14667_cov_42.361683:940-10021  -            946 27329at7898          -            588   3.6e-31  107.1 106.2   4   6   2.8e-05    0.0073   13.6   9.8   251   311   495   551   485   560 0.65 -
NODE_10843_length_14667_cov_42.361683:940-10021  -            946 27329at7898          -            588   3.6e-31  107.1 106.2   5   6   6.4e-17   1.6e-14   52.1  27.3   324   433   733   842   727   852 0.88 -
NODE_10843_length_14667_cov_42.361683:940-10021  -            946 27329at7898          -            588   3.6e-31  107.1 106.2   6   6   1.4e-13   3.5e-11   41.1  14.1   367   432   854   919   845   931 0.90 -
NODE_7652_length_16366_cov_35.783242:10103-10636 -            178 27329at7898          -            588   7.2e-30  102.8  48.6   1   1   4.1e-32     1e-29  102.3  48.6   262   422    10   177     1   178 0.89 -
NODE_3016_length_21299_cov_39.818208:19610-20843 -            180 27329at7898          -            588   1.3e-29  101.9  49.4   1   1   1.2e-30   3.2e-28   97.4  49.5   256   423     5   179     4   180 0.87 -
NODE_14745_length_13098_cov_84.272790:9666-10058 -            131 27329at7898          -            588   7.7e-29   99.4  22.9   1   2   2.8e-18   7.3e-16   56.6  10.2   370   432     1    69     1    70 0.87 -
NODE_14745_length_13098_cov_84.272790:9666-10058 -            131 27329at7898          -            588   7.7e-29   99.4  22.9   2   2   8.4e-18   2.2e-15   55.0   4.8   387   435    62   110    61   121 0.94 -
NODE_9021_length_15588_cov_43.960875:5823-7793   -            180 27329at7898          -            588     2e-28   98.1  50.8   1   1     7e-29   1.8e-26   91.6  50.8   256   423     5   179     4   180 0.86 -
NODE_19565_length_11692_cov_32.825067:7412-9163  -            584 27329at7898          -            588     3e-21   74.3 162.8   1   5   8.6e-07   0.00022   18.7  15.8   380   446     2    70     1    79 0.88 -
NODE_19565_length_11692_cov_32.825067:7412-9163  -            584 27329at7898          -            588     3e-21   74.3 162.8   2   5   0.00052      0.13    9.5  14.6   378   429    85   137    70   141 0.80 -
NODE_19565_length_11692_cov_32.825067:7412-9163  -            584 27329at7898          -            588     3e-21   74.3 162.8   3   5   5.6e-13   1.4e-10   39.1  58.7   231   441   126   350   125   353 0.78 -
NODE_19565_length_11692_cov_32.825067:7412-9163  -            584 27329at7898          -            588     3e-21   74.3 162.8   4   5   0.00092      0.24    8.6   3.3   246   282   344   380   342   390 0.77 -
NODE_19565_length_11692_cov_32.825067:7412-9163  -            584 27329at7898          -            588     3e-21   74.3 162.8   5   5   2.1e-09   5.4e-07   27.3  50.2   247   428   388   581   384   584 0.74 -
NODE_36600_length_8609_cov_29.141951:4382-4774   -            131 27329at7898          -            588   4.5e-19   67.1  30.2   1   3   7.7e-12     2e-09   35.3   4.9   397   434     2    39     1    57 0.88 -
NODE_36600_length_8609_cov_29.141951:4382-4774   -            131 27329at7898          -            588   4.5e-19   67.1  30.2   2   3   3.1e-12     8e-10   36.6   6.5   395   433    65   103    54   108 0.92 -
NODE_36600_length_8609_cov_29.141951:4382-4774   -            131 27329at7898          -            588   4.5e-19   67.1  30.2   3   3     0.004         1    6.5   4.8   399   422   107   130   104   131 0.92 -
NODE_2409_length_22538_cov_37.318775:8532-8900   -            123 27329at7898          -            588   1.4e-18   65.5  22.3   1   2    0.0043       1.1    6.4   0.2   400   415     3    18     1    27 0.81 -
NODE_2409_length_22538_cov_37.318775:8532-8900   -            123 27329at7898          -            588   1.4e-18   65.5  22.3   2   2   6.6e-20   1.7e-17   62.0  17.4   230   420    42   121    36   123 0.53 -
NODE_36147_length_8666_cov_35.886191:725-1099    -            125 27329at7898          -            588   5.1e-15   53.8  27.1   1   1   1.5e-16   3.8e-14   50.9  26.5   314   423    10   124     7   125 0.89 -
NODE_19565_length_11692_cov_32.825067:5138-6769  -            544 27329at7898          -            588   9.8e-14   49.5 149.8   1   4    0.0039         1    6.6  39.0   260   401     4   160     1   163 0.53 -
NODE_19565_length_11692_cov_32.825067:5138-6769  -            544 27329at7898          -            588   9.8e-14   49.5 149.8   2   4     2e-10   5.1e-08   30.7  59.9   250   453   160   380   154   386 0.76 -
NODE_19565_length_11692_cov_32.825067:5138-6769  -            544 27329at7898          -            588   9.8e-14   49.5 149.8   3   4     5e-07   0.00013   19.4  27.4   330   441   375   491   370   494 0.78 -
NODE_19565_length_11692_cov_32.825067:5138-6769  -            544 27329at7898          -            588   9.8e-14   49.5 149.8   4   4      0.01       2.7    5.2  10.4   396   449   486   539   482   544 0.78 -
NODE_99401_length_3975_cov_31.024252:2891-3196   -            102 27329at7898          -            588   4.4e-11   40.8  20.5   1   1   9.9e-13   2.6e-10   38.3  20.5   257   358     1   102     1   102 0.80 -
NODE_92005_length_4310_cov_42.621705:2563-2835   -             91 27329at7898          -            588   2.9e-09   34.8  12.2   1   1   1.5e-11   3.8e-09   34.4  12.2   348   428     3    91     1    91 0.84 -
NODE_24295_length_10602_cov_36.721794:1138-5527  -            256 27329at7898          -            588   2.8e-08   31.5   5.7   1   2   1.1e-10   2.8e-08   31.5   5.7   397   433     2    38     1    45 0.94 -
NODE_24295_length_10602_cov_36.721794:1138-5527  -            256 27329at7898          -            588   2.8e-08   31.5   5.7   2   2       2.9   7.5e+02   -2.9  17.8   261   345    66   160    43   169 0.49 -
NODE_1811_length_24133_cov_39.194474:3796-21454  -            578 27329at7898          -            588   4.7e-06   24.2  36.7   1   1   5.6e-08   1.5e-05   22.6  36.7   259   386    84   223    71   247 0.67 -
NODE_40081_length_8170_cov_23.554454:7038-7313   -             92 27329at7898          -            588   7.2e-06   23.6  15.7   1   1   3.2e-08   8.3e-06   23.4  15.7   202   292     1    88     1    91 0.85 -
NODE_36343_length_8640_cov_54.699450:3317-4180   -            218 27329at7898          -            588   1.9e-05   22.2   8.5   1   2   7.4e-08   1.9e-05   22.2   8.5   398   440    69   111    30   125 0.82 -
NODE_36343_length_8640_cov_54.699450:3317-4180   -            218 27329at7898          -            588   1.9e-05   22.2   8.5   2   2      0.04        10    3.2   2.1   389   439   143   187   114   205 0.74 -
NODE_610_length_30031_cov_35.459842:2721-18342   -            576 27329at7898          -            588   2.5e-05   21.8 103.1   1   3      0.58   1.5e+02   -0.6  11.4   383   432    63   119    52   137 0.65 -
NODE_610_length_30031_cov_35.459842:2721-18342   -            576 27329at7898          -            588   2.5e-05   21.8 103.1   2   3    0.0011      0.27    8.4  31.2   330   430   135   245   118   282 0.73 -
NODE_610_length_30031_cov_35.459842:2721-18342   -            576 27329at7898          -            588   2.5e-05   21.8 103.1   3   3   1.1e-07   2.8e-05   21.6  49.4   234   432   306   511   299   538 0.77 -
NODE_5228_length_18364_cov_28.671393:9757-10362  -            202 27329at7898          -            588     3e-05   21.5  71.8   1   2   0.00042      0.11    9.8  42.1   166   288     3   114     1   125 0.53 -
NODE_5228_length_18364_cov_28.671393:9757-10362  -            202 27329at7898          -            588     3e-05   21.5  71.8   2   2     5e-06    0.0013   16.1  33.9   138   241    99   200    97   201 0.90 -
NODE_22264_length_11046_cov_28.220608:2844-10187 -            329 27329at7898          -            588   3.9e-05   21.1  21.2   1   2   2.7e-07   6.9e-05   20.3  12.2   398   434     3    39     1    59 0.80 -
NODE_22264_length_11046_cov_28.220608:2844-10187 -            329 27329at7898          -            588   3.9e-05   21.1  21.2   2   2      0.44   1.1e+02   -0.2   9.0   189   394    51   113    35   148 0.46 -
NODE_1424_length_25473_cov_27.726689:10268-17140 -            131 27329at7898          -            588     0.017   12.4   5.1   1   1   0.00013     0.033   11.5   4.7   406   490    25   103    13   126 0.69 -
NODE_167947_length_1825_cov_32.136153:235-1025   -            170 27329at7898          -            588      0.55    7.4   7.8   1   1    0.0026      0.66    7.2   7.8   251   304     6    62     1    72 0.73 -
#
# Program:         hmmsearch
# Version:         3.1b2 (February 2015)
# Pipeline mode:   SEARCH
# Query file:      /home/e1garcia/shotgun_PIRE/abyss/busco_downloads/lineages/actinopterygii_odb10/hmms/27329at7898.hmm
# Target file:     /home/e1garcia/shotgun_PIRE/pire_ssl_data_processing/plotosus_lineatus/busco_scaffolds_results-SPAdes_contam_R1R2_noIsolate/run_actinopterygii_odb10/metaeuk_output/initial_results/scaffolds.modified.fasta.modified.fas
# Option settings: hmmsearch --domtblout /home/e1garcia/shotgun_PIRE/pire_ssl_data_processing/plotosus_lineatus/busco_scaffolds_results-SPAdes_contam_R1R2_noIsolate/run_actinopterygii_odb10/hmmer_output/initial_run_results/27329at7898.out --cpu 1 /home/e1garcia/shotgun_PIRE/abyss/busco_downloads/lineages/actinopterygii_odb10/hmms/27329at7898.hmm /home/e1garcia/shotgun_PIRE/pire_ssl_data_processing/plotosus_lineatus/busco_scaffolds_results-SPAdes_contam_R1R2_noIsolate/run_actinopterygii_odb10/metaeuk_output/initial_results/scaffolds.modified.fasta.modified.fas 
# Current dir:     /home/e1garcia/shotgun_PIRE/pire_ssl_data_processing/plotosus_lineatus
# Date:            Fri Aug 20 13:26:09 2021
# [ok]
