#                                                                                                        --- full sequence --- -------------- this domain -------------   hmm coord   ali coord   env coord
# target name                                    accession   tlen query name           accession   qlen   E-value  score  bias   #  of  c-Evalue  i-Evalue  score  bias  from    to  from    to  from    to  acc description of target
#                            ------------------- ---------- ----- -------------------- ---------- ----- --------- ------ ----- --- --- --------- --------- ------ ----- ----- ----- ----- ----- ----- ----- ---- ---------------------
NODE_1203_length_26376_cov_47.985463:10211-22845 -            705 33798at7898          -            547    2e-290  962.8   8.6   1   1  6.2e-293  2.7e-290  962.4   8.6     1   546   117   696   117   697 0.96 -
NODE_61406_length_6144_cov_43.246319:1357-4813   -            471 33798at7898          -            547    4e-120  400.7   0.6   1   1  1.2e-122  5.1e-120  400.4   0.6    91   542     1   465     1   469 0.89 -
NODE_5_length_211341_cov_5.135854:144100-145554  -            485 33798at7898          -            547   2.9e-84  282.3   3.5   1   1   8.1e-87   3.5e-84  282.1   3.5    78   542     2   485     1   485 0.84 -
NODE_5_length_211341_cov_5.135854:48204-49670    -            489 33798at7898          -            547   2.8e-71  239.5   4.4   1   1   7.8e-74   3.3e-71  239.3   4.4    74   542     1   483     1   487 0.84 -
NODE_6_length_175601_cov_5.006028:174028-175599  -            524 33798at7898          -            547   1.4e-62  210.8   5.8   1   1     4e-65   1.7e-62  210.5   5.8    83   529    56   514    18   522 0.85 -
NODE_9_length_99323_cov_4.279801:42454-43938     -            495 33798at7898          -            547     6e-62  208.7   4.1   1   1     2e-64   8.5e-62  208.2   4.1    77   544     8   484     2   491 0.88 -
NODE_1230_length_26235_cov_29.308770:1393-23150  -            493 33798at7898          -            547   3.3e-49  166.7   3.1   1   1   9.8e-52   4.2e-49  166.3   3.1    41   483    34   490     7   493 0.77 -
NODE_1_length_1070312_cov_4.967607:383837-384952 -            372 33798at7898          -            547   4.6e-46  156.3   0.2   1   1   1.4e-48     6e-46  155.9   0.2   185   528    12   352     4   371 0.80 -
NODE_5604_length_18020_cov_3.615367:12505-13824  -            440 33798at7898          -            547   2.3e-24   84.7   3.4   1   1   7.3e-27   3.1e-24   84.2   3.4   104   525     1   431     1   435 0.80 -
NODE_14558_length_13164_cov_35.828856:509-12318  -            758 33798at7898          -            547   2.7e-18   64.6   0.3   1   3     0.047        20    2.3   0.0   462   521     1    61     1    73 0.87 -
NODE_14558_length_13164_cov_35.828856:509-12318  -            758 33798at7898          -            547   2.7e-18   64.6   0.3   2   3   3.3e-06    0.0014   16.0   0.2    77   203   382   512   375   534 0.81 -
NODE_14558_length_13164_cov_35.828856:509-12318  -            758 33798at7898          -            547   2.7e-18   64.6   0.3   3   3   3.3e-14   1.4e-11   42.5   0.0   292   410   629   748   621   757 0.88 -
NODE_4_length_242253_cov_5.074378:235270-236841  -            524 33798at7898          -            547   2.7e-15   54.7   0.0   1   4   0.00038      0.16    9.2   0.0   311   364     2    53     1    89 0.84 -
NODE_4_length_242253_cov_5.074378:235270-236841  -            524 33798at7898          -            547   2.7e-15   54.7   0.0   2   4   6.9e-05      0.03   11.7   0.0   450   507   159   214   157   237 0.75 -
NODE_4_length_242253_cov_5.074378:235270-236841  -            524 33798at7898          -            547   2.7e-15   54.7   0.0   3   4      0.14        61    0.8   0.0   333   357   344   368   323   388 0.81 -
NODE_4_length_242253_cov_5.074378:235270-236841  -            524 33798at7898          -            547   2.7e-15   54.7   0.0   4   4   1.2e-09   5.1e-07   27.4   0.0   444   515   434   504   429   516 0.82 -
NODE_2_length_385651_cov_5.006209:223867-225519  -            551 33798at7898          -            547   7.2e-12   43.4   0.0   1   4     0.011       4.7    4.4   0.0   313   363    16    64     6    81 0.75 -
NODE_2_length_385651_cov_5.006209:223867-225519  -            551 33798at7898          -            547   7.2e-12   43.4   0.0   2   4   6.3e-06    0.0027   15.1   0.0   455   525   172   241   167   262 0.78 -
NODE_2_length_385651_cov_5.006209:223867-225519  -            551 33798at7898          -            547   7.2e-12   43.4   0.0   3   4      0.66   2.8e+02   -1.5   0.0   392   416   347   371   331   392 0.79 -
NODE_2_length_385651_cov_5.006209:223867-225519  -            551 33798at7898          -            547   7.2e-12   43.4   0.0   4   4   4.7e-07    0.0002   18.8   0.0   445   529   448   531   430   543 0.76 -
NODE_2_length_385651_cov_5.006209:258172-259749  -            526 33798at7898          -            547   1.8e-09   35.5   0.0   1   3   5.4e-06    0.0023   15.3   0.0   327   540    19   243    13   250 0.54 -
NODE_2_length_385651_cov_5.006209:258172-259749  -            526 33798at7898          -            547   1.8e-09   35.5   0.0   2   3     0.064        27    1.9   0.0   336   369   342   376   312   382 0.82 -
NODE_2_length_385651_cov_5.006209:258172-259749  -            526 33798at7898          -            547   1.8e-09   35.5   0.0   3   3   3.6e-05     0.015   12.6   0.0   450   489   440   479   435   521 0.80 -
NODE_6337_length_17390_cov_38.313053:1118-5305   -            401 33798at7898          -            547    0.0014   16.1   0.0   1   1   5.3e-06    0.0023   15.4   0.0   312   364   343   395   338   400 0.91 -
NODE_8_length_108099_cov_5.136676:86894-87700    -            269 33798at7898          -            547     0.021   12.2   0.0   1   1     7e-05      0.03   11.7   0.0   326   423    33   138    25   148 0.68 -
#
# Program:         hmmsearch
# Version:         3.1b2 (February 2015)
# Pipeline mode:   SEARCH
# Query file:      /home/e1garcia/shotgun_PIRE/abyss/busco_downloads/lineages/actinopterygii_odb10/hmms/33798at7898.hmm
# Target file:     /home/e1garcia/shotgun_PIRE/pire_ssl_data_processing/plotosus_lineatus/busco_scaffolds_results-SPAdes_contam_R1R2_noIsolate/run_actinopterygii_odb10/metaeuk_output/initial_results/scaffolds.modified.fasta.modified.fas
# Option settings: hmmsearch --domtblout /home/e1garcia/shotgun_PIRE/pire_ssl_data_processing/plotosus_lineatus/busco_scaffolds_results-SPAdes_contam_R1R2_noIsolate/run_actinopterygii_odb10/hmmer_output/initial_run_results/33798at7898.out --cpu 1 /home/e1garcia/shotgun_PIRE/abyss/busco_downloads/lineages/actinopterygii_odb10/hmms/33798at7898.hmm /home/e1garcia/shotgun_PIRE/pire_ssl_data_processing/plotosus_lineatus/busco_scaffolds_results-SPAdes_contam_R1R2_noIsolate/run_actinopterygii_odb10/metaeuk_output/initial_results/scaffolds.modified.fasta.modified.fas 
# Current dir:     /home/e1garcia/shotgun_PIRE/pire_ssl_data_processing/plotosus_lineatus
# Date:            Fri Aug 20 13:27:56 2021
# [ok]
