#                                                                                                        --- full sequence --- -------------- this domain -------------   hmm coord   ali coord   env coord
# target name                                    accession   tlen query name           accession   qlen   E-value  score  bias   #  of  c-Evalue  i-Evalue  score  bias  from    to  from    to  from    to  acc description of target
#                            ------------------- ---------- ----- -------------------- ---------- ----- --------- ------ ----- --- --- --------- --------- ------ ----- ----- ----- ----- ----- ----- ----- ---- ---------------------
NODE_1811_length_24133_cov_39.194474:3796-21454  -            578 37811at7898          -            564  5.6e-217  720.3  20.2   1   1  1.6e-218  3.6e-216  717.6  20.2     5   517     4   577     1   578 0.91 -
NODE_19565_length_11692_cov_32.825067:5138-6769  -            544 37811at7898          -            564   2.4e-63  213.1 157.4   1   9   3.7e-08   8.4e-06   23.1   2.4   164   211     1    46     1    49 0.91 -
NODE_19565_length_11692_cov_32.825067:5138-6769  -            544 37811at7898          -            564   2.4e-63  213.1 157.4   2   9   1.1e-08   2.6e-06   24.8  22.5   137   213    53   132    45   133 0.89 -
NODE_19565_length_11692_cov_32.825067:5138-6769  -            544 37811at7898          -            564   2.4e-63  213.1 157.4   3   9   3.3e-06   0.00077   16.7  21.8   131   189   126   192   119   194 0.85 -
NODE_19565_length_11692_cov_32.825067:5138-6769  -            544 37811at7898          -            564   2.4e-63  213.1 157.4   4   9   2.5e-11   5.8e-09   33.6   7.3   150   203   194   245   190   247 0.92 -
NODE_19565_length_11692_cov_32.825067:5138-6769  -            544 37811at7898          -            564   2.4e-63  213.1 157.4   5   9   2.5e-10   5.8e-08   30.3   8.2   148   204   233   287   231   288 0.92 -
NODE_19565_length_11692_cov_32.825067:5138-6769  -            544 37811at7898          -            564   2.4e-63  213.1 157.4   6   9     1e-11   2.3e-09   34.9  18.7   137   207   257   333   253   339 0.85 -
NODE_19565_length_11692_cov_32.825067:5138-6769  -            544 37811at7898          -            564   2.4e-63  213.1 157.4   7   9   5.3e-15   1.2e-12   45.7  15.8   119   189   322   400   322   402 0.90 -
NODE_19565_length_11692_cov_32.825067:5138-6769  -            544 37811at7898          -            564   2.4e-63  213.1 157.4   8   9   1.2e-11   2.8e-09   34.7   8.1   150   202   402   452   398   459 0.91 -
NODE_19565_length_11692_cov_32.825067:5138-6769  -            544 37811at7898          -            564   2.4e-63  213.1 157.4   9   9   1.3e-13   3.1e-11   41.1  19.5   133   215   459   543   452   544 0.84 -
NODE_19565_length_11692_cov_32.825067:7412-9163  -            584 37811at7898          -            564   2.7e-58  196.5 166.5   1  11   3.6e-06   0.00084   16.6  14.4   144   202     4    66     1    75 0.83 -
NODE_19565_length_11692_cov_32.825067:7412-9163  -            584 37811at7898          -            564   2.7e-58  196.5 166.5   2  11   2.2e-11   5.2e-09   33.8  17.7   133   200    78   147    69   147 0.89 -
NODE_19565_length_11692_cov_32.825067:7412-9163  -            584 37811at7898          -            564   2.7e-58  196.5 166.5   3  11   2.4e-12   5.5e-10   37.0  16.4   136   204   120   191   119   192 0.90 -
NODE_19565_length_11692_cov_32.825067:7412-9163  -            584 37811at7898          -            564   2.7e-58  196.5 166.5   4  11   2.8e-08   6.5e-06   23.5  14.5   150   209   180   236   175   240 0.87 -
NODE_19565_length_11692_cov_32.825067:7412-9163  -            584 37811at7898          -            564   2.7e-58  196.5 166.5   5  11   1.3e-12     3e-10   37.8  16.1   135   203   238   310   230   310 0.86 -
NODE_19565_length_11692_cov_32.825067:7412-9163  -            584 37811at7898          -            564   2.7e-58  196.5 166.5   6  11   6.5e-16   1.5e-13   48.8  13.0   137   201   280   350   280   351 0.95 -
NODE_19565_length_11692_cov_32.825067:7412-9163  -            584 37811at7898          -            564   2.7e-58  196.5 166.5   7  11   5.2e-11   1.2e-08   32.6  11.1   147   203   339   395   336   404 0.91 -
NODE_19565_length_11692_cov_32.825067:7412-9163  -            584 37811at7898          -            564   2.7e-58  196.5 166.5   8  11     1e-09   2.3e-07   28.3  12.4   149   206   384   438   378   445 0.85 -
NODE_19565_length_11692_cov_32.825067:7412-9163  -            584 37811at7898          -            564   2.7e-58  196.5 166.5   9  11   2.5e-11   5.7e-09   33.6  17.2   136   202   405   474   395   477 0.85 -
NODE_19565_length_11692_cov_32.825067:7412-9163  -            584 37811at7898          -            564   2.7e-58  196.5 166.5  10  11   1.8e-08     4e-06   24.2  13.8   137   190   446   506   441   519 0.87 -
NODE_19565_length_11692_cov_32.825067:7412-9163  -            584 37811at7898          -            564   2.7e-58  196.5 166.5  11  11   2.5e-06   0.00058   17.1  10.9   139   186   528   580   511   584 0.60 -
NODE_610_length_30031_cov_35.459842:2721-18342   -            576 37811at7898          -            564   4.3e-17   60.4  98.8   1   4   2.7e-14   6.2e-12   43.4  20.2   109   203    68   174    41   186 0.82 -
NODE_610_length_30031_cov_35.459842:2721-18342   -            576 37811at7898          -            564   4.3e-17   60.4  98.8   2   4   6.6e-05     0.015   12.4  15.0   137   190   187   246   181   254 0.83 -
NODE_610_length_30031_cov_35.459842:2721-18342   -            576 37811at7898          -            564   4.3e-17   60.4  98.8   3   4   2.7e-06   0.00062   17.0   7.4   152   200   318   363   302   364 0.87 -
NODE_610_length_30031_cov_35.459842:2721-18342   -            576 37811at7898          -            564   4.3e-17   60.4  98.8   4   4   4.5e-09     1e-06   26.2  20.0   119   211   319   415   317   419 0.86 -
NODE_67835_length_5683_cov_30.241046:3551-4159   -            203 37811at7898          -            564   4.5e-15   53.8  52.7   1   2   1.6e-07   3.6e-05   21.1  19.7   129   211     5    93     1    95 0.85 -
NODE_67835_length_5683_cov_30.241046:3551-4159   -            203 37811at7898          -            564   4.5e-15   53.8  52.7   2   2   5.7e-13   1.3e-10   39.0  25.1   137   226    94   191    93   197 0.87 -
NODE_14476_length_13195_cov_48.496411:3275-4135  -            287 37811at7898          -            564   5.1e-15   53.6  51.9   1   2   1.2e-12   2.9e-10   37.9  34.3    96   202   102   215    66   223 0.77 -
NODE_14476_length_13195_cov_48.496411:3275-4135  -            287 37811at7898          -            564   5.1e-15   53.6  51.9   2   2     5e-07   0.00012   19.4  13.3   131   194   217   287   214   287 0.84 -
NODE_55164_length_6653_cov_29.154410:4190-5086   -            299 37811at7898          -            564   7.8e-15   53.0  82.4   1   4    0.0003     0.069   10.2  22.8   118   202    83   173    48   176 0.68 -
NODE_55164_length_6653_cov_29.154410:4190-5086   -            299 37811at7898          -            564   7.8e-15   53.0  82.4   2   4   1.3e-10     3e-08   31.2  41.2    97   213    99   230    81   232 0.83 -
NODE_55164_length_6653_cov_29.154410:4190-5086   -            299 37811at7898          -            564   7.8e-15   53.0  82.4   3   4   2.1e-11   4.9e-09   33.8  16.9   131   202   175   251   173   254 0.85 -
NODE_55164_length_6653_cov_29.154410:4190-5086   -            299 37811at7898          -            564   7.8e-15   53.0  82.4   4   4   1.4e-05    0.0032   14.7   8.3   117   159   243   285   237   293 0.63 -
NODE_26502_length_10194_cov_47.940961:668-9656   -            246 37811at7898          -            564   3.8e-14   50.7  29.2   1   3   5.2e-05     0.012   12.8   5.9   132   185     4    55     1    70 0.65 -
NODE_26502_length_10194_cov_47.940961:668-9656   -            246 37811at7898          -            564   3.8e-14   50.7  29.2   2   3     9e-09   2.1e-06   25.2   5.7   145   186   117   158   108   167 0.90 -
NODE_26502_length_10194_cov_47.940961:668-9656   -            246 37811at7898          -            564   3.8e-14   50.7  29.2   3   3   1.4e-08   3.2e-06   24.5   2.1   151   195   200   242   172   244 0.81 -
NODE_147676_length_2326_cov_33.018859:1212-1901  -            230 37811at7898          -            564   2.2e-12   44.9  59.6   1   2     7e-12   1.6e-09   35.4  36.6    98   229     4   153     1   159 0.83 -
NODE_147676_length_2326_cov_33.018859:1212-1901  -            230 37811at7898          -            564   2.2e-12   44.9  59.6   2   2   2.5e-06   0.00058   17.1  27.5   131   218   122   223   119   230 0.83 -
NODE_36343_length_8640_cov_54.699450:3317-4180   -            218 37811at7898          -            564   2.5e-11   41.4  25.3   1   1   1.3e-11   3.1e-09   34.5  25.3     6   186     7   175     3   185 0.71 -
NODE_3016_length_21299_cov_39.818208:19610-20843 -            180 37811at7898          -            564   1.1e-10   39.2  43.8   1   2   3.7e-06   0.00084   16.5  12.5   160   217     2    67     1    70 0.62 -
NODE_3016_length_21299_cov_39.818208:19610-20843 -            180 37811at7898          -            564   1.1e-10   39.2  43.8   2   2   6.5e-10   1.5e-07   28.9  29.0    98   212    48   178    45   180 0.76 -
NODE_44997_length_7622_cov_43.392131:1445-5980   -            843 37811at7898          -            564   1.8e-10   38.6  17.7   1   7       1.4   3.2e+02   -1.9  11.0   153   365    14   234     1   250 0.54 -
NODE_44997_length_7622_cov_43.392131:1445-5980   -            843 37811at7898          -            564   1.8e-10   38.6  17.7   2   7     0.097        22    2.0   0.0   509   542   225   257   220   273 0.77 -
NODE_44997_length_7622_cov_43.392131:1445-5980   -            843 37811at7898          -            564   1.8e-10   38.6  17.7   3   7       0.1        24    1.9   1.2   161   186   284   309   275   320 0.83 -
NODE_44997_length_7622_cov_43.392131:1445-5980   -            843 37811at7898          -            564   1.8e-10   38.6  17.7   4   7     0.036       8.4    3.4   0.0   255   310   339   400   326   407 0.71 -
NODE_44997_length_7622_cov_43.392131:1445-5980   -            843 37811at7898          -            564   1.8e-10   38.6  17.7   5   7       2.3   5.2e+02   -2.6   0.0   510   543   435   467   424   479 0.81 -
NODE_44997_length_7622_cov_43.392131:1445-5980   -            843 37811at7898          -            564   1.8e-10   38.6  17.7   6   7      0.15        34    1.3   0.0   265   321   584   643   565   652 0.71 -
NODE_44997_length_7622_cov_43.392131:1445-5980   -            843 37811at7898          -            564   1.8e-10   38.6  17.7   7   7   7.7e-13   1.8e-10   38.6  17.7    87   185   736   837   680   841 0.86 -
NODE_2409_length_22538_cov_37.318775:8532-8900   -            123 37811at7898          -            564   1.2e-08   32.5  11.6   1   1   6.1e-11   1.4e-08   32.3  11.6   106   181    42   123    21   123 0.85 -
NODE_22936_length_10889_cov_32.339203:5041-8182  -            210 37811at7898          -            564   6.7e-08   30.1  16.2   1   2   3.7e-10   8.4e-08   29.8  13.0   153   205     1    56     1    78 0.79 -
NODE_22936_length_10889_cov_32.339203:5041-8182  -            210 37811at7898          -            564   6.7e-08   30.1  16.2   2   2      0.41        95   -0.1   3.3   164   194    58    93    55   111 0.62 -
NODE_59063_length_6325_cov_32.936075:78-3488     -            187 37811at7898          -            564     2e-07   28.5  30.8   1   1     5e-09   1.2e-06   26.0  28.7    94   193     8   121     6   133 0.80 -
NODE_9021_length_15588_cov_43.960875:5823-7793   -            180 37811at7898          -            564   2.8e-07   28.0  45.3   1   2   3.1e-05    0.0071   13.5  25.8    89   204     3   120     1   121 0.75 -
NODE_9021_length_15588_cov_43.960875:5823-7793   -            180 37811at7898          -            564   2.8e-07   28.0  45.3   2   2     7e-07   0.00016   18.9  24.1    90   181    79   178    76   180 0.50 -
NODE_24295_length_10602_cov_36.721794:1138-5527  -            256 37811at7898          -            564   6.3e-07   26.9  25.6   1   1   1.4e-08   3.3e-06   24.5  25.6    85   189     3   133     1   161 0.79 -
NODE_1973_length_23660_cov_34.256186:593-22594   -            863 37811at7898          -            564   8.9e-07   26.4  31.3   1   2   4.1e-06   0.00095   16.4  18.1   122   186     8    78     4    85 0.86 -
NODE_1973_length_23660_cov_34.256186:593-22594   -            863 37811at7898          -            564   8.9e-07   26.4  31.3   2   2   9.2e-06    0.0021   15.2   5.4   147   186    89   127    80   132 0.89 -
NODE_36147_length_8666_cov_35.886191:725-1099    -            125 37811at7898          -            564   0.00047   17.4  16.7   1   1   2.2e-06    0.0005   17.3  16.7   141   212    42   123     9   125 0.66 -
NODE_67749_length_5688_cov_37.238862:3707-5536   -            384 37811at7898          -            564    0.0016   15.6  71.7   1   3     0.015       3.6    4.6  23.9   111   203     1    91     1    99 0.79 -
NODE_67749_length_5688_cov_37.238862:3707-5536   -            384 37811at7898          -            564    0.0016   15.6  71.7   2   3   0.00011     0.025   11.7  27.5    84   186    85   191    79   198 0.82 -
NODE_67749_length_5688_cov_37.238862:3707-5536   -            384 37811at7898          -            564    0.0016   15.6  71.7   3   3     0.003      0.68    7.0  12.9    81   151   196   267   192   276 0.76 -
NODE_36600_length_8609_cov_29.141951:4382-4774   -            131 37811at7898          -            564     0.004   14.3  23.4   1   1   2.5e-05    0.0056   13.8  23.4    85   208     3   120     1   131 0.74 -
NODE_167947_length_1825_cov_32.136153:235-1025   -            170 37811at7898          -            564    0.0048   14.1   2.4   1   1   2.3e-05    0.0053   13.9   2.4   153   210     1    60     1    85 0.73 -
NODE_14745_length_13098_cov_84.272790:9666-10058 -            131 37811at7898          -            564     0.011   12.9  15.7   1   2   0.00068      0.16    9.1  10.6   132   198     7    76     2    83 0.75 -
NODE_14745_length_13098_cov_84.272790:9666-10058 -            131 37811at7898          -            564     0.011   12.9  15.7   2   2    0.0013      0.29    8.2   2.2    85   118    73   104    66   119 0.73 -
NODE_54457_length_6714_cov_35.908239:249-3999    -            252 37811at7898          -            564     0.018   12.2   1.9   1   1    0.0001     0.024   11.7   1.9   156   194   215   251   175   252 0.62 -
NODE_22264_length_11046_cov_28.220608:2844-10187 -            329 37811at7898          -            564     0.019   12.1  18.9   1   2   6.4e-05     0.015   12.5  17.0    85   169     3    91     1   129 0.72 -
NODE_22264_length_11046_cov_28.220608:2844-10187 -            329 37811at7898          -            564     0.019   12.1  18.9   2   2      0.98   2.2e+02   -1.4   0.0    72    90   247   265   238   282 0.78 -
NODE_29099_length_9719_cov_35.747921:7461-7892   -            144 37811at7898          -            564      0.02   12.0  30.1   1   2       6.8   1.6e+03   -4.2  16.5    87   185     2   105     1   108 0.55 -
NODE_29099_length_9719_cov_35.747921:7461-7892   -            144 37811at7898          -            564      0.02   12.0  30.1   2   2   9.3e-06    0.0021   15.2  25.2    87   185    49   144    37   144 0.70 -
NODE_7652_length_16366_cov_35.783242:10103-10636 -            178 37811at7898          -            564     0.027   11.6  49.1   1   2   0.00043     0.098    9.7  30.1    92   201     3   118     1   124 0.74 -
NODE_7652_length_16366_cov_35.783242:10103-10636 -            178 37811at7898          -            564     0.027   11.6  49.1   2   2    0.0019      0.44    7.6  27.6    86   181    78   177    77   178 0.72 -
NODE_92005_length_4310_cov_42.621705:2563-2835   -             91 37811at7898          -            564      0.29    8.2   7.8   1   1    0.0039       0.9    6.6   7.8    82   150    14    89    10    91 0.72 -
#
# Program:         hmmsearch
# Version:         3.1b2 (February 2015)
# Pipeline mode:   SEARCH
# Query file:      /home/e1garcia/shotgun_PIRE/abyss/busco_downloads/lineages/actinopterygii_odb10/hmms/37811at7898.hmm
# Target file:     /home/e1garcia/shotgun_PIRE/pire_ssl_data_processing/plotosus_lineatus/busco_scaffolds_results-SPAdes_contam_R1R2_noIsolate/run_actinopterygii_odb10/metaeuk_output/initial_results/scaffolds.modified.fasta.modified.fas
# Option settings: hmmsearch --domtblout /home/e1garcia/shotgun_PIRE/pire_ssl_data_processing/plotosus_lineatus/busco_scaffolds_results-SPAdes_contam_R1R2_noIsolate/run_actinopterygii_odb10/hmmer_output/initial_run_results/37811at7898.out --cpu 1 /home/e1garcia/shotgun_PIRE/abyss/busco_downloads/lineages/actinopterygii_odb10/hmms/37811at7898.hmm /home/e1garcia/shotgun_PIRE/pire_ssl_data_processing/plotosus_lineatus/busco_scaffolds_results-SPAdes_contam_R1R2_noIsolate/run_actinopterygii_odb10/metaeuk_output/initial_results/scaffolds.modified.fasta.modified.fas 
# Current dir:     /home/e1garcia/shotgun_PIRE/pire_ssl_data_processing/plotosus_lineatus
# Date:            Fri Aug 20 13:20:25 2021
# [ok]
