#                                                                                                         --- full sequence --- -------------- this domain -------------   hmm coord   ali coord   env coord
# target name                                     accession   tlen query name           accession   qlen   E-value  score  bias   #  of  c-Evalue  i-Evalue  score  bias  from    to  from    to  from    to  acc description of target
#                             ------------------- ---------- ----- -------------------- ---------- ----- --------- ------ ----- --- --- --------- --------- ------ ----- ----- ----- ----- ----- ----- ----- ---- ---------------------
NODE_49635_length_7158_cov_45.951835:3816-5110    -            349 38061at7898          -            527  1.8e-147  490.5   6.2   1   1  5.9e-148  3.6e-146  486.3   6.2     1   298     1   349     1   349 0.87 -
NODE_28601_length_9810_cov_41.379364:2948-7079    -            465 38061at7898          -            527     6e-79  264.4   3.5   1   2   4.7e-47   2.8e-45  153.3   0.3    11   188     4   183     1   220 0.91 -
NODE_28601_length_9810_cov_41.379364:2948-7079    -            465 38061at7898          -            527     6e-79  264.4   3.5   2   2   1.2e-34   7.5e-33  112.3   0.2   234   436   274   465   269   465 0.88 -
NODE_127108_length_2933_cov_33.962950:400-2166    -            589 38061at7898          -            527   2.3e-70  236.1   7.6   1   2   3.1e-49   1.9e-47  160.5   1.0    10   214    23   241    18   270 0.88 -
NODE_127108_length_2933_cov_33.962950:400-2166    -            589 38061at7898          -            527   2.3e-70  236.1   7.6   2   2   2.9e-23   1.8e-21   74.8   0.7   276   507   325   572   308   574 0.80 -
NODE_1767_length_24271_cov_115.856859:7196-22897  -            580 38061at7898          -            527   2.5e-61  206.3  14.5   1   2   5.1e-46   3.1e-44  149.9   8.0     7   227     3   233     1   258 0.85 -
NODE_1767_length_24271_cov_115.856859:7196-22897  -            580 38061at7898          -            527   2.5e-61  206.3  14.5   2   2   1.2e-18   7.2e-17   59.6   0.4   264   510   298   555   284   567 0.78 -
NODE_8960_length_15614_cov_37.012891:2234-4000    -            589 38061at7898          -            527   3.3e-61  205.9  12.1   1   3   5.5e-45   3.4e-43  146.5   1.9    10   233    23   266    18   282 0.87 -
NODE_8960_length_15614_cov_37.012891:2234-4000    -            589 38061at7898          -            527   3.3e-61  205.9  12.1   2   3   4.5e-17   2.8e-15   54.4   0.2   275   455   324   520   307   525 0.79 -
NODE_8960_length_15614_cov_37.012891:2234-4000    -            589 38061at7898          -            527   3.3e-61  205.9  12.1   3   3   0.00012    0.0073   13.4   0.9   338   421   487   575   483   584 0.66 -
NODE_71404_length_5454_cov_35.819234:2331-4253    -            448 38061at7898          -            527   1.2e-50  171.0   8.8   1   3   8.9e-40   5.4e-38  129.3   5.4    14   201    17   209     8   245 0.85 -
NODE_71404_length_5454_cov_35.819234:2331-4253    -            448 38061at7898          -            527   1.2e-50  171.0   8.8   2   3     3e-06   0.00018   18.7   0.0   307   390   295   393   246   399 0.72 -
NODE_71404_length_5454_cov_35.819234:2331-4253    -            448 38061at7898          -            527   1.2e-50  171.0   8.8   3   3   7.5e-08   4.5e-06   23.9   0.1   285   351   380   442   365   448 0.84 -
NODE_85954_length_4611_cov_190.749557:1224-2378   -            385 38061at7898          -            527   3.7e-49  166.1  13.0   1   1   3.9e-50   2.3e-48  163.5  13.0     9   365     2   382     1   384 0.82 -
NODE_766_length_28741_cov_45.159172:3819-24415    -            338 38061at7898          -            527   9.2e-49  164.8   3.4   1   2   3.5e-43   2.1e-41  140.5   2.3     9   203    10   207     6   237 0.87 -
NODE_766_length_28741_cov_45.159172:3819-24415    -            338 38061at7898          -            527   9.2e-49  164.8   3.4   2   2   9.9e-08     6e-06   23.5   0.0   278   350   270   338   250   338 0.86 -
NODE_15665_length_12792_cov_36.781297:6823-11175  -            623 38061at7898          -            527   5.9e-46  155.6   1.7   1   3   2.1e-37   1.3e-35  121.4   0.2    14   203     6   200     2   225 0.92 -
NODE_15665_length_12792_cov_36.781297:6823-11175  -            623 38061at7898          -            527   5.9e-46  155.6   1.7   2   3   1.4e-05   0.00086   16.4   0.0   259   354   354   451   348   466 0.80 -
NODE_15665_length_12792_cov_36.781297:6823-11175  -            623 38061at7898          -            527   5.9e-46  155.6   1.7   3   3   3.9e-05    0.0024   15.0   0.0   316   357   469   510   458   516 0.89 -
NODE_138062_length_2590_cov_35.278603:1137-1913   -            259 38061at7898          -            527   8.1e-44  148.5   1.0   1   1   1.5e-45   9.3e-44  148.3   1.0    15   214     1   213     1   235 0.85 -
NODE_21842_length_11132_cov_37.161697:7225-8817   -            531 38061at7898          -            527   1.3e-43  147.8  13.0   1   3   1.8e-25   1.1e-23   82.1   3.8    82   236    38   209    32   227 0.87 -
NODE_21842_length_11132_cov_37.161697:7225-8817   -            531 38061at7898          -            527   1.3e-43  147.8  13.0   2   3   7.1e-19   4.3e-17   60.3   0.2   276   457   267   464   251   471 0.81 -
NODE_21842_length_11132_cov_37.161697:7225-8817   -            531 38061at7898          -            527   1.3e-43  147.8  13.0   3   3   3.6e-05    0.0022   15.1   0.7   337   421   428   517   422   525 0.67 -
NODE_32691_length_9154_cov_36.655439:2542-3861    -            440 38061at7898          -            527   2.1e-43  147.1   5.4   1   2   1.3e-33   7.9e-32  108.9   1.3    16   201    12   201     2   220 0.90 -
NODE_32691_length_9154_cov_36.655439:2542-3861    -            440 38061at7898          -            527   2.1e-43  147.1   5.4   2   2   1.4e-12   8.4e-11   39.6   0.2   230   366   273   406   237   435 0.76 -
NODE_129994_length_2838_cov_34.998540:1699-2283   -            195 38061at7898          -            527     4e-43  146.2   3.4   1   1   7.2e-45   4.4e-43  146.1   3.4    15   203     1   194     1   195 0.92 -
NODE_15435_length_12865_cov_35.498433:1127-4324   -            438 38061at7898          -            527   1.7e-42  144.1   0.3   1   2   1.8e-42   1.1e-40  138.2   0.6    13   201    31   224    25   233 0.93 -
NODE_15435_length_12865_cov_35.498433:1127-4324   -            438 38061at7898          -            527   1.7e-42  144.1   0.3   2   2      0.11       6.8    3.6   0.0   441   478   387   427   360   435 0.60 -
NODE_13217_length_13659_cov_31.669690:6859-8773   -            411 38061at7898          -            527   8.8e-42  141.8   0.0   1   3   1.7e-32     1e-30  105.3   0.1    23   204     1   188     1   213 0.91 -
NODE_13217_length_13659_cov_31.669690:6859-8773   -            411 38061at7898          -            527   8.8e-42  141.8   0.0   2   3   7.9e-09   4.8e-07   27.2   0.0   267   352   273   362   253   367 0.83 -
NODE_13217_length_13659_cov_31.669690:6859-8773   -            411 38061at7898          -            527   8.8e-42  141.8   0.0   3   3     0.025       1.5    5.7   0.0   316   350   377   411   368   411 0.90 -
NODE_8554_length_15852_cov_43.684758:8915-11830   -            565 38061at7898          -            527   2.5e-41  140.3   7.5   1   3   3.3e-27     2e-25   87.8   1.4    15   203     1   194     1   235 0.86 -
NODE_8554_length_15852_cov_43.684758:8915-11830   -            565 38061at7898          -            527   2.5e-41  140.3   7.5   2   3   3.8e-11   2.3e-09   34.8   0.1   258   413   284   446   258   458 0.74 -
NODE_8554_length_15852_cov_43.684758:8915-11830   -            565 38061at7898          -            527   2.5e-41  140.3   7.5   3   3     9e-07   5.5e-05   20.4   0.0   284   358   456   530   449   560 0.88 -
NODE_4848_length_18727_cov_32.482661:3219-5029    -            565 38061at7898          -            527   8.2e-41  138.6   8.4   1   2   3.7e-25   2.2e-23   81.1   1.4    18   208    11   203     6   228 0.87 -
NODE_4848_length_18727_cov_32.482661:3219-5029    -            565 38061at7898          -            527   8.2e-41  138.6   8.4   2   2   1.2e-18   7.2e-17   59.6   1.1   230   518   263   562   219   564 0.81 -
NODE_36537_length_8617_cov_34.175980:5636-6949    -            438 38061at7898          -            527   9.4e-41  138.4   7.8   1   2   3.6e-32   2.2e-30  104.2   4.9    19   202    19   206    10   269 0.87 -
NODE_36537_length_8617_cov_34.175980:5636-6949    -            438 38061at7898          -            527   9.4e-41  138.4   7.8   2   2   3.3e-11     2e-09   35.0   0.0   230   390   277   437   269   438 0.77 -
NODE_31211_length_9382_cov_40.038781:6797-7861    -            355 38061at7898          -            527   3.6e-39  133.2   2.5   1   1   9.6e-41   5.8e-39  132.5   2.5    17   236    18   249    14   260 0.86 -
NODE_11003_length_14589_cov_39.558178:6049-11530  -            553 38061at7898          -            527   4.2e-38  129.6   0.4   1   3   2.9e-24   1.7e-22   78.1   0.1    33   182    30   180    16   237 0.91 -
NODE_11003_length_14589_cov_39.558178:6049-11530  -            553 38061at7898          -            527   4.2e-38  129.6   0.4   2   3   2.5e-13   1.5e-11   42.0   0.0   257   441   281   472   261   480 0.77 -
NODE_11003_length_14589_cov_39.558178:6049-11530  -            553 38061at7898          -            527   4.2e-38  129.6   0.4   3   3   3.1e-05    0.0019   15.3   0.0   287   412   409   530   406   546 0.85 -
NODE_99210_length_3984_cov_34.108366:260-1267     -            336 38061at7898          -            527   1.5e-37  127.8   1.4   1   1   3.3e-39     2e-37  127.4   1.4    21   204     3   191     1   224 0.90 -
NODE_7570_length_16422_cov_37.973044:2364-4113    -            415 38061at7898          -            527   3.6e-37  126.6   3.6   1   2   1.3e-32   7.8e-31  105.7   3.6     8   201    29   231    23   250 0.87 -
NODE_7570_length_16422_cov_37.973044:2364-4113    -            415 38061at7898          -            527   3.6e-37  126.6   3.6   2   2   3.3e-06    0.0002   18.5   0.0   345   439   301   404   296   414 0.76 -
NODE_76791_length_5118_cov_31.843196:3945-4949    -            335 38061at7898          -            527   1.4e-36  124.6   0.1   1   2   2.6e-37   1.6e-35  121.1   0.0    19   204     6   199     1   241 0.83 -
NODE_76791_length_5118_cov_31.843196:3945-4949    -            335 38061at7898          -            527   1.4e-36  124.6   0.1   2   2      0.49        30    1.4   0.0   280   299   312   331   266   333 0.76 -
NODE_50214_length_7096_cov_33.991425:1428-2465    -            346 38061at7898          -            527   2.2e-36  124.0   0.1   1   2   9.5e-37   5.7e-35  119.3   0.1    21   241     1   237     1   278 0.78 -
NODE_50214_length_7096_cov_33.991425:1428-2465    -            346 38061at7898          -            527   2.2e-36  124.0   0.1   2   2      0.18        11    2.9   0.0   334   355   312   334   287   342 0.71 -
NODE_23554_length_10754_cov_36.101455:7639-9267   -            543 38061at7898          -            527   1.5e-35  121.3  11.0   1   4   7.8e-18   4.7e-16   56.9   2.4    27   203     9   191     3   227 0.87 -
NODE_23554_length_10754_cov_36.101455:7639-9267   -            543 38061at7898          -            527   1.5e-35  121.3  11.0   2   4    0.0013     0.081    9.9   0.0   316   365   282   334   276   336 0.80 -
NODE_23554_length_10754_cov_36.101455:7639-9267   -            543 38061at7898          -            527   1.5e-35  121.3  11.0   3   4   4.6e-05    0.0028   14.7   0.0   322   366   336   382   333   383 0.87 -
NODE_23554_length_10754_cov_36.101455:7639-9267   -            543 38061at7898          -            527   1.5e-35  121.3  11.0   4   4   9.5e-14   5.7e-12   43.4   0.5   320   460   381   532   380   539 0.78 -
NODE_6089_length_17594_cov_37.468191:5747-7354    -            536 38061at7898          -            527   1.6e-35  121.1   8.6   1   2   2.5e-23   1.5e-21   75.0   2.5    28   202    24   204     8   224 0.87 -
NODE_6089_length_17594_cov_37.468191:5747-7354    -            536 38061at7898          -            527   1.6e-35  121.1   8.6   2   2     2e-15   1.2e-13   48.9   0.4   262   478   287   517   273   528 0.80 -
NODE_8824_length_15690_cov_40.056571:11693-13261  -            523 38061at7898          -            527   9.8e-35  118.5  11.9   1   3     4e-24   2.4e-22   77.6   3.7    26   252     8   248     4   257 0.84 -
NODE_8824_length_15690_cov_40.056571:11693-13261  -            523 38061at7898          -            527   9.8e-35  118.5  11.9   2   3    0.0087      0.53    7.2   0.1   311   368   275   335   255   346 0.73 -
NODE_8824_length_15690_cov_40.056571:11693-13261  -            523 38061at7898          -            527   9.8e-35  118.5  11.9   3   3   3.2e-12   1.9e-10   38.4   0.4   267   453   331   523   323   523 0.72 -
NODE_54379_length_6720_cov_38.808639:2592-4508    -            462 38061at7898          -            527     3e-34  116.9   6.0   1   2   1.8e-11   1.1e-09   35.9   0.4   114   237     1   135     1   155 0.78 -
NODE_54379_length_6720_cov_38.808639:2592-4508    -            462 38061at7898          -            527     3e-34  116.9   6.0   2   2   5.6e-26   3.4e-24   83.8   0.8   279   517   209   449   147   454 0.86 -
NODE_7838_length_16264_cov_48.342468:1637-12712   -            523 38061at7898          -            527   2.3e-33  114.0   2.6   1   3   2.9e-29   1.8e-27   94.6   0.4    10   202    26   221    20   261 0.91 -
NODE_7838_length_16264_cov_48.342468:1637-12712   -            523 38061at7898          -            527   2.3e-33  114.0   2.6   2   3     0.019       1.2    6.1   0.0   312   354   302   346   289   356 0.83 -
NODE_7838_length_16264_cov_48.342468:1637-12712   -            523 38061at7898          -            527   2.3e-33  114.0   2.6   3   3   0.00052     0.031   11.3   0.1   316   443   356   491   347   522 0.67 -
NODE_2481_length_22367_cov_38.804114:18661-20223  -            521 38061at7898          -            527   3.2e-33  113.5  12.5   1   3   1.5e-24   9.4e-23   79.0   6.8    34   367     2   361     1   368 0.75 -
NODE_2481_length_22367_cov_38.804114:18661-20223  -            521 38061at7898          -            527   3.2e-33  113.5  12.5   2   3   1.6e-11   9.8e-10   36.0   0.5   265   391   355   486   352   488 0.79 -
NODE_2481_length_22367_cov_38.804114:18661-20223  -            521 38061at7898          -            527   3.2e-33  113.5  12.5   3   3     0.027       1.6    5.6   0.0   316   362   452   500   444   507 0.81 -
NODE_16942_length_12413_cov_123.734043:6066-7589  -            508 38061at7898          -            527   6.6e-32  109.2  12.1   1   1   1.2e-30   7.4e-29   99.1  12.1    31   500     2   508     1   508 0.75 -
NODE_1026_length_27183_cov_35.086952:14662-16248  -            529 38061at7898          -            527   6.7e-32  109.2  11.1   1   3   1.9e-18   1.1e-16   58.9   2.6    30   203     5   184     2   204 0.90 -
NODE_1026_length_27183_cov_35.086952:14662-16248  -            529 38061at7898          -            527   6.7e-32  109.2  11.1   2   3     2e-06   0.00012   19.3   0.2   318   411   276   376   265   378 0.78 -
NODE_1026_length_27183_cov_35.086952:14662-16248  -            529 38061at7898          -            527   6.7e-32  109.2  11.1   3   3   3.3e-14     2e-12   44.9   0.2   287   459   344   523   339   528 0.46 -
NODE_26427_length_10205_cov_40.129428:1375-4075   -            474 38061at7898          -            527   8.2e-32  108.9   0.1   1   3   1.4e-21   8.4e-20   69.3   0.7    46   201     4   164     1   189 0.89 -
NODE_26427_length_10205_cov_40.129428:1375-4075   -            474 38061at7898          -            527   8.2e-32  108.9   0.1   2   3    0.0036      0.22    8.5   0.0   260   300   263   303   231   308 0.83 -
NODE_26427_length_10205_cov_40.129428:1375-4075   -            474 38061at7898          -            527   8.2e-32  108.9   0.1   3   3   1.4e-08   8.3e-07   26.4   0.0   285   364   364   447   345   467 0.85 -
NODE_109017_length_3577_cov_31.554629:1437-3461   -            359 38061at7898          -            527   1.4e-31  108.2   1.3   1   1   4.2e-33   2.6e-31  107.3   1.3    18   204    45   236    30   276 0.86 -
NODE_74795_length_5236_cov_35.121277:1850-3484    -            545 38061at7898          -            527     8e-31  105.6   0.2   1   3   1.5e-19   9.4e-18   62.5   0.5    13   141     5   133     1   156 0.92 -
NODE_74795_length_5236_cov_35.121277:1850-3484    -            545 38061at7898          -            527     8e-31  105.6   0.2   2   3   1.6e-07   9.9e-06   22.8   0.0   255   353   285   391   247   410 0.72 -
NODE_74795_length_5236_cov_35.121277:1850-3484    -            545 38061at7898          -            527     8e-31  105.6   0.2   3   3   1.2e-05   0.00071   16.7   0.0   277   372   416   509   398   519 0.83 -
NODE_1026_length_27183_cov_35.086952:17102-18694  -            531 38061at7898          -            527   1.3e-29  101.6  10.2   1   3   2.2e-20   1.4e-18   65.3   2.7    27   222    10   218     3   242 0.81 -
NODE_1026_length_27183_cov_35.086952:17102-18694  -            531 38061at7898          -            527   1.3e-29  101.6  10.2   2   3     0.092       5.6    3.8   0.0   403   461   277   334   263   344 0.72 -
NODE_1026_length_27183_cov_35.086952:17102-18694  -            531 38061at7898          -            527   1.3e-29  101.6  10.2   3   3   5.6e-11   3.4e-09   34.3   0.1   290   415   344   470   338   521 0.76 -
NODE_167057_length_1845_cov_94.479954:181-1746    -            522 38061at7898          -            527   1.8e-29  101.1  13.5   1   4   2.7e-16   1.6e-14   51.8   1.6    31   202     1   176     1   224 0.84 -
NODE_167057_length_1845_cov_94.479954:181-1746    -            522 38061at7898          -            527   1.8e-29  101.1  13.5   2   4   1.4e-05   0.00087   16.4   0.5   391   502   247   362   240   362 0.82 -
NODE_167057_length_1845_cov_94.479954:181-1746    -            522 38061at7898          -            527   1.8e-29  101.1  13.5   3   4   2.5e-12   1.5e-10   38.7   0.7   287   412   327   456   310   459 0.71 -
NODE_167057_length_1845_cov_94.479954:181-1746    -            522 38061at7898          -            527   1.8e-29  101.1  13.5   4   4    0.0037      0.22    8.5   0.1   320   377   452   511   447   520 0.84 -
NODE_124723_length_3013_cov_23.970144:314-1750    -            479 38061at7898          -            527   2.6e-27   94.1   6.9   1   1   2.7e-28   1.6e-26   91.4   6.9   113   507     1   452     1   468 0.72 -
NODE_29903_length_9590_cov_33.099252:4181-8755    -            443 38061at7898          -            527   4.2e-25   86.7   6.6   1   3   6.6e-12     4e-10   37.3   0.4    59   193     1   137     1   184 0.88 -
NODE_29903_length_9590_cov_33.099252:4181-8755    -            443 38061at7898          -            527   4.2e-25   86.7   6.6   2   3   2.1e-16   1.3e-14   52.1   0.4   256   412   239   400   236   407 0.82 -
NODE_29903_length_9590_cov_33.099252:4181-8755    -            443 38061at7898          -            527   4.2e-25   86.7   6.6   3   3       0.3        18    2.1   0.0   316   352   392   428   387   432 0.74 -
NODE_75916_length_5167_cov_47.989740:204-3102     -            161 38061at7898          -            527   6.1e-24   82.9   1.1   1   1   1.1e-25   6.7e-24   82.8   1.1    10   165     1   161     1   161 0.94 -
NODE_65569_length_5842_cov_40.530211:1943-2989    -            349 38061at7898          -            527   7.1e-24   82.7   3.5   1   2     8e-24   4.8e-22   76.6   0.9    20   221     2   209     1   221 0.90 -
NODE_65569_length_5842_cov_40.530211:1943-2989    -            349 38061at7898          -            527   7.1e-24   82.7   3.5   2   2     0.021       1.3    6.0   0.1   304   367   276   345   263   349 0.65 -
NODE_53433_length_6801_cov_34.981946:2544-6130    -            366 38061at7898          -            527     1e-23   82.2   5.2   1   3   6.4e-12   3.9e-10   37.4   0.3    97   201     4   113     1   134 0.86 -
NODE_53433_length_6801_cov_34.981946:2544-6130    -            366 38061at7898          -            527     1e-23   82.2   5.2   2   3    0.0027      0.16    8.9   0.1   299   352   169   220   147   246 0.72 -
NODE_53433_length_6801_cov_34.981946:2544-6130    -            366 38061at7898          -            527     1e-23   82.2   5.2   3   3   7.5e-12   4.5e-10   37.1   0.1   265   384   240   361   228   366 0.73 -
NODE_39751_length_8209_cov_51.176326:1144-2046    -            301 38061at7898          -            527   1.5e-22   78.3   0.4   1   2   8.7e-23   5.3e-21   73.2   0.7    47   202     1   161     1   197 0.87 -
NODE_39751_length_8209_cov_51.176326:1144-2046    -            301 38061at7898          -            527   1.5e-22   78.3   0.4   2   2      0.15       9.1    3.1   0.0   267   299   269   301   211   301 0.72 -
NODE_15531_length_12834_cov_40.989007:7146-8599   -            424 38061at7898          -            527   8.1e-22   75.9   0.0   1   3   6.6e-21     4e-19   67.0   0.0    46   204    12   174     1   193 0.86 -
NODE_15531_length_12834_cov_40.989007:7146-8599   -            424 38061at7898          -            527   8.1e-22   75.9   0.0   2   3      0.62        38    1.1   0.0   443   500   248   305   239   318 0.58 -
NODE_15531_length_12834_cov_40.989007:7146-8599   -            424 38061at7898          -            527   8.1e-22   75.9   0.0   3   3     0.093       5.7    3.8   0.0   287   355   320   384   296   391 0.62 -
NODE_44990_length_7623_cov_46.723684:6566-7615    -            350 38061at7898          -            527   8.1e-22   75.9   6.0   1   2   8.4e-20   5.1e-18   63.4   2.7    34   204     2   178     1   213 0.85 -
NODE_44990_length_7623_cov_46.723684:6566-7615    -            350 38061at7898          -            527   8.1e-22   75.9   6.0   2   2   0.00018     0.011   12.8   0.1   315   369   259   316   249   343 0.68 -
NODE_12502_length_13931_cov_35.955755:10617-12090 -            474 38061at7898          -            527     1e-21   75.6  13.4   1   4   3.5e-09   2.1e-07   28.3   6.6    31   215     2   173     1   182 0.84 -
NODE_12502_length_13931_cov_35.955755:10617-12090 -            474 38061at7898          -            527     1e-21   75.6  13.4   2   4   5.2e-06   0.00032   17.9   0.1   331   411   267   353   239   355 0.77 -
NODE_12502_length_13931_cov_35.955755:10617-12090 -            474 38061at7898          -            527     1e-21   75.6  13.4   3   4   1.8e-07   1.1e-05   22.7   0.1   285   353   319   383   317   395 0.82 -
NODE_12502_length_13931_cov_35.955755:10617-12090 -            474 38061at7898          -            527     1e-21   75.6  13.4   4   4   0.00094     0.057   10.4   0.0   316   371   393   450   385   474 0.71 -
NODE_14266_length_13279_cov_26.434825:4400-4759   -            120 38061at7898          -            527   2.5e-21   74.3   0.3   1   1   4.5e-23   2.7e-21   74.2   0.3    13   125     7   119     2   120 0.96 -
NODE_38531_length_8360_cov_38.035710:4105-8055    -            238 38061at7898          -            527   8.7e-21   72.5   0.2   1   1   1.9e-22   1.1e-20   72.1   0.2    14   202    34   232    27   237 0.87 -
NODE_4168_length_19611_cov_36.264709:1150-12505   -            346 38061at7898          -            527   3.2e-20   70.7   1.4   1   2   1.1e-14   6.4e-13   46.5   0.2    13    66    26    79    14    86 0.91 -
NODE_4168_length_19611_cov_36.264709:1150-12505   -            346 38061at7898          -            527   3.2e-20   70.7   1.4   2   2     1e-07   6.3e-06   23.5   0.1    84   177   125   217   111   271 0.86 -
NODE_147586_length_2328_cov_46.762225:1271-2320   -            350 38061at7898          -            527   1.3e-19   68.6   5.4   1   2   2.5e-19   1.5e-17   61.8   2.9    34   204     2   178     1   230 0.85 -
NODE_147586_length_2328_cov_46.762225:1271-2320   -            350 38061at7898          -            527   1.3e-19   68.6   5.4   2   2    0.0099       0.6    7.0   0.0   286   351   282   343   252   348 0.74 -
NODE_11444_length_14374_cov_38.109772:3820-4998   -            393 38061at7898          -            527   2.3e-19   67.8   4.3   1   2      0.21        12    2.7   0.1   123   166    19    62     2    68 0.83 -
NODE_11444_length_14374_cov_38.109772:3820-4998   -            393 38061at7898          -            527   2.3e-19   67.8   4.3   2   2     2e-20   1.2e-18   65.4   1.6   255   456   122   328   110   334 0.85 -
NODE_10576_length_14794_cov_33.848248:5543-13156  -            449 38061at7898          -            527   2.5e-19   67.7   4.5   1   3     0.011      0.64    6.9   0.0   129   200     1    77     1   118 0.77 -
NODE_10576_length_14794_cov_33.848248:5543-13156  -            449 38061at7898          -            527   2.5e-19   67.7   4.5   2   3     7e-10   4.3e-08   30.6   0.0   266   366   175   277   166   278 0.83 -
NODE_10576_length_14794_cov_33.848248:5543-13156  -            449 38061at7898          -            527   2.5e-19   67.7   4.5   3   3   0.00015    0.0088   13.1   0.0   322   366   377   425   368   431 0.82 -
NODE_159819_length_2016_cov_50.733959:1101-1637   -            179 38061at7898          -            527   3.1e-19   67.4   0.3   1   1   5.5e-21   3.3e-19   67.3   0.3    31   201     2   176     1   179 0.89 -
NODE_29934_length_9585_cov_32.777672:1373-6611    -            451 38061at7898          -            527   1.8e-18   64.9   0.2   1   4       1.1        67    0.3   0.0   150   190    14    56    11    84 0.73 -
NODE_29934_length_9585_cov_32.777672:1373-6611    -            451 38061at7898          -            527   1.8e-18   64.9   0.2   2   4     4e-06   0.00024   18.2   0.0   268   352   183   267   174   278 0.76 -
NODE_29934_length_9585_cov_32.777672:1373-6611    -            451 38061at7898          -            527   1.8e-18   64.9   0.2   3   4    0.0013      0.08    9.9   0.0   325   366   287   330   276   334 0.86 -
NODE_29934_length_9585_cov_32.777672:1373-6611    -            451 38061at7898          -            527   1.8e-18   64.9   0.2   4   4     7e-09   4.2e-07   27.3   0.1   286   366   346   431   332   440 0.84 -
NODE_28848_length_9766_cov_45.644978:6963-8910    -            120 38061at7898          -            527   2.5e-18   64.4   3.6   1   2     8e-08   4.9e-06   23.8   0.1    32    66     1    35     1    37 0.94 -
NODE_28848_length_9766_cov_45.644978:6963-8910    -            120 38061at7898          -            527   2.5e-18   64.4   3.6   2   2   2.4e-13   1.4e-11   42.1   1.0   106   182    36   106    34   120 0.71 -
NODE_68156_length_5662_cov_35.971598:2083-3171    -            363 38061at7898          -            527   7.2e-18   62.9   0.4   1   1   1.6e-19   9.7e-18   62.4   0.4    14   128     5   121     1   131 0.89 -
NODE_686_length_29236_cov_75.179360:4250-5788     -            513 38061at7898          -            527   1.3e-17   62.0   1.2   1   3   7.8e-07   4.7e-05   20.6   1.1   117   201     6    95     2   123 0.78 -
NODE_686_length_29236_cov_75.179360:4250-5788     -            513 38061at7898          -            527   1.3e-17   62.0   1.2   2   3     1e-08   6.4e-07   26.8   0.0   255   356   209   312   196   320 0.82 -
NODE_686_length_29236_cov_75.179360:4250-5788     -            513 38061at7898          -            527   1.3e-17   62.0   1.2   3   3   0.00044     0.027   11.5   0.0   398   507   319   433   313   446 0.69 -
NODE_706_length_29116_cov_31.424406:27229-28305   -            359 38061at7898          -            527   4.4e-17   60.3   0.1   1   1   9.2e-19   5.6e-17   59.9   0.1    13   127     2   118     1   135 0.90 -
NODE_4651_length_18965_cov_38.752995:2731-17400   -            658 38061at7898          -            527   1.2e-16   58.9   0.2   1   1   2.8e-18   1.7e-16   58.3   0.2    13   130    12   135     3   171 0.86 -
NODE_1604_length_24830_cov_38.114472:11572-12960  -            463 38061at7898          -            527   5.1e-15   53.5   1.9   1   2   4.9e-11     3e-09   34.4   3.3   121   462     3   354     1   373 0.72 -
NODE_1604_length_24830_cov_38.114472:11572-12960  -            463 38061at7898          -            527   5.1e-15   53.5   1.9   2   2    0.0011     0.067   10.2   0.0   284   333   413   463   399   463 0.86 -
NODE_10075_length_15031_cov_39.900281:11856-13185 -            327 38061at7898          -            527   6.3e-15   53.2   0.1   1   1    0.0017       0.1    9.6   0.0   315   352   149   187   144   203 0.86 -
NODE_39284_length_8266_cov_29.623485:3584-4939    -            452 38061at7898          -            527   1.6e-14   51.8   0.1   1   1   2.7e-16   1.6e-14   51.8   0.1    11   123    22   137    12   142 0.90 -
NODE_258028_length_540_cov_103.539683:14-457      -            148 38061at7898          -            527   1.7e-14   51.7   0.2   1   1   1.4e-14   8.6e-13   46.1   0.2   286   411     5   131     2   131 0.82 -
NODE_8868_length_15657_cov_31.147127:8459-9949    -            497 38061at7898          -            527   1.8e-14   51.7   0.1   1   1   4.4e-16   2.7e-14   51.1   0.1    13   132     4   123     1   132 0.94 -
NODE_52631_length_6874_cov_23.622435:2145-3632    -            496 38061at7898          -            527   2.9e-14   51.0   0.4   1   1   6.2e-16   3.8e-14   50.6   0.4    13   128     4   119     1   127 0.92 -
NODE_2124_length_23247_cov_49.558234:1963-7320    -            430 38061at7898          -            527   3.1e-14   50.9   0.2   1   1   7.7e-16   4.6e-14   50.3   0.2    14   131    34   152    27   157 0.92 -
NODE_13988_length_13381_cov_34.466948:5289-5959   -            121 38061at7898          -            527   8.8e-14   49.4   1.1   1   2   8.8e-07   5.3e-05   20.4   0.1    40    82     2    44     1    47 0.93 -
NODE_13988_length_13381_cov_34.466948:5289-5959   -            121 38061at7898          -            527   8.8e-14   49.4   1.1   2   2   7.7e-10   4.7e-08   30.5   0.2   116   189    39   114    34   119 0.81 -
NODE_89986_length_4409_cov_22.892343:631-990      -            120 38061at7898          -            527   1.2e-13   49.0   0.1   1   1   2.2e-15   1.3e-13   48.8   0.1    19   119     2   103     1   114 0.92 -
NODE_63820_length_5967_cov_33.817655:3170-4684    -            505 38061at7898          -            527   1.3e-13   48.8   0.1   1   1     3e-15   1.8e-13   48.3   0.1     9   127     9   124     3   131 0.93 -
NODE_43212_length_7812_cov_25.360301:6114-7013    -            300 38061at7898          -            527     2e-13   48.2   0.0   1   1   4.2e-15   2.5e-13   47.9   0.0    15   126     2   119     1   129 0.87 -
NODE_2435_length_22467_cov_53.690495:17614-17907  -             98 38061at7898          -            527   2.4e-13   48.0   0.2   1   1   3.9e-15   2.4e-13   48.0   0.2    29   117    11    96     1    98 0.88 -
NODE_72177_length_5401_cov_33.677480:297-1088     -            264 38061at7898          -            527   9.5e-13   46.0   1.1   1   1     2e-14   1.2e-12   45.6   1.1    13   126     6   116     1   126 0.89 -
NODE_56176_length_6568_cov_27.976194:465-3603     -            422 38061at7898          -            527   1.4e-12   45.4   0.3   1   1   3.2e-14     2e-12   44.9   0.3    14   127    11   123     6   135 0.90 -
NODE_6359_length_17371_cov_30.431797:774-2504     -            577 38061at7898          -            527   1.8e-12   45.0   0.0   1   1     4e-14   2.4e-12   44.6   0.0    13   128     4   130     1   146 0.84 -
NODE_29_length_53597_cov_34.862518:3085-4755      -            557 38061at7898          -            527   4.5e-12   43.7   0.2   1   1     1e-13   6.2e-12   43.3   0.2    12   129     3   120     1   125 0.90 -
NODE_9471_length_15352_cov_39.080705:8806-9873    -            356 38061at7898          -            527   6.1e-12   43.3   0.0   1   2   3.5e-05    0.0021   15.1   0.0   288   363    76   154    56   157 0.84 -
NODE_9471_length_15352_cov_39.080705:8806-9873    -            356 38061at7898          -            527   6.1e-12   43.3   0.0   2   2   0.00011    0.0064   13.5   0.0   279   354   228   306   216   328 0.73 -
NODE_52648_length_6872_cov_30.738816:3934-4227    -             98 38061at7898          -            527   6.2e-12   43.3   0.3   1   1     1e-13   6.4e-12   43.3   0.3    29   118    11    97     1    98 0.87 -
NODE_74641_length_5246_cov_35.285603:3741-5077    -            412 38061at7898          -            527   8.5e-12   42.8   0.1   1   1   2.2e-13   1.3e-11   42.2   0.1    14   134    10   132     4   142 0.87 -
NODE_2730_length_21851_cov_40.315419:2580-3815    -            412 38061at7898          -            527   1.6e-11   42.0   0.2   1   1   3.6e-13   2.2e-11   41.5   0.2    13   123    19   128    10   140 0.85 -
NODE_39303_length_8263_cov_42.614527:906-4181     -           1092 38061at7898          -            527   2.4e-11   41.4   0.0   1   1     7e-13   4.3e-11   40.5   0.0    15   114     4   104     2   124 0.93 -
NODE_2216_length_23032_cov_49.155671:7621-18437   -            689 38061at7898          -            527     3e-11   41.0   0.3   1   1     5e-13     3e-11   41.0   0.3    12   146   185   318   179   323 0.87 -
NODE_11761_length_14240_cov_31.967824:10624-11079 -            152 38061at7898          -            527   6.4e-11   39.9   0.6   1   1   1.2e-12   7.3e-11   39.8   0.6    14   132     1   121     1   137 0.92 -
NODE_14011_length_13373_cov_29.288986:10240-12276 -            679 38061at7898          -            527   1.1e-10   39.2   3.0   1   1   3.3e-12     2e-10   38.3   3.0   258   456   406   607   370   631 0.82 -
NODE_62601_length_6058_cov_26.112938:634-2925     -            287 38061at7898          -            527   2.3e-10   38.1   0.1   1   1     5e-12     3e-10   37.7   0.1    29   180    77   235    72   275 0.87 -
NODE_41570_length_8000_cov_56.324642:1249-4809    -            659 38061at7898          -            527   3.5e-10   37.5   0.4   1   1     8e-12   4.8e-10   37.1   0.4     8   116    20   127    18   148 0.90 -
NODE_20273_length_11515_cov_35.987036:3271-6249   -            993 38061at7898          -            527   1.3e-09   35.6   0.1   1   1   3.3e-11     2e-09   35.0   0.1    10   101     7    97     3   108 0.90 -
NODE_5238_length_18357_cov_31.834593:927-2336     -            470 38061at7898          -            527   2.5e-09   34.7   0.4   1   1   5.8e-11   3.5e-09   34.2   0.4    13   135    17   139    10   151 0.81 -
NODE_743_length_28852_cov_40.423330:20423-25736   -            531 38061at7898          -            527     3e-09   34.4   1.7   1   1   8.2e-11   4.9e-09   33.7   1.7    15   130   255   372   251   377 0.85 -
NODE_5872_length_17771_cov_39.137223:724-14351    -            785 38061at7898          -            527     6e-09   33.4   0.1   1   2   9.9e-11     6e-09   33.4   0.1    19   108    44   131    31   145 0.85 -
NODE_5872_length_17771_cov_39.137223:724-14351    -            785 38061at7898          -            527     6e-09   33.4   0.1   2   2       3.8   2.3e+02   -1.5   2.6   245   262   260   276   221   291 0.67 -
NODE_14224_length_13297_cov_34.240188:1333-3267   -            645 38061at7898          -            527   8.9e-09   32.9   0.1   1   1   2.3e-10   1.4e-08   32.3   0.1    14   115     2   103     1   109 0.93 -
NODE_43170_length_7816_cov_36.243748:1356-2738    -            461 38061at7898          -            527   1.1e-08   32.6   0.3   1   1   2.4e-10   1.4e-08   32.2   0.3    16   127     2   109     1   119 0.87 -
NODE_5032_length_18539_cov_39.672993:2816-5403    -            476 38061at7898          -            527   1.3e-08   32.4   0.1   1   1   2.7e-10   1.7e-08   32.0   0.1    13   124     2   114     1   155 0.87 -
NODE_24714_length_10525_cov_29.330712:1898-9984   -            337 38061at7898          -            527   1.6e-08   32.1   0.0   1   1   4.3e-10   2.6e-08   31.3   0.0    28   139   218   329   200   333 0.91 -
NODE_42761_length_7863_cov_70.297785:2464-4353    -            630 38061at7898          -            527   1.2e-07   29.1   0.1   1   1     2e-09   1.2e-07   29.1   0.1    12   127     3   120     1   125 0.87 -
NODE_26465_length_10199_cov_37.157921:6460-8094   -            545 38061at7898          -            527   1.4e-07   28.9   0.0   1   1   3.3e-09     2e-07   28.4   0.0    22   116     4    94     1   105 0.85 -
NODE_37430_length_8506_cov_40.938979:2075-3172    -            366 38061at7898          -            527   3.4e-07   27.6   6.6   1   2    0.0037      0.23    8.4   0.1    44   171     1   126     1   139 0.78 -
NODE_37430_length_8506_cov_40.938979:2075-3172    -            366 38061at7898          -            527   3.4e-07   27.6   6.6   2   2   1.1e-06   6.6e-05   20.1   3.4   262   436   162   342   130   347 0.77 -
NODE_17544_length_12234_cov_35.781129:4050-5282   -            411 38061at7898          -            527   4.1e-06   24.1   0.1   1   1   1.1e-07   6.7e-06   23.4   0.1     8   130    13   132     6   139 0.88 -
NODE_87981_length_4507_cov_42.383167:2395-3672    -            426 38061at7898          -            527   2.3e-05   21.6  10.9   1   2     0.042       2.5    5.0   0.4    55   167     9   117     2   126 0.90 -
NODE_87981_length_4507_cov_42.383167:2395-3672    -            426 38061at7898          -            527   2.3e-05   21.6  10.9   2   2   1.5e-06   9.4e-05   19.6   4.1   289   467   132   325   122   372 0.75 -
NODE_12746_length_13836_cov_41.601369:361-9151    -            459 38061at7898          -            527   2.7e-05   21.4   0.2   1   1   6.2e-07   3.8e-05   20.9   0.2    24   172    13   169     6   209 0.80 -
NODE_29794_length_9607_cov_43.878418:647-6599     -            495 38061at7898          -            527    0.0044   14.1   0.0   1   2   0.00056     0.034   11.1   0.0   280   354   192   272   158   318 0.75 -
NODE_29794_length_9607_cov_43.878418:647-6599     -            495 38061at7898          -            527    0.0044   14.1   0.0   2   2       1.9   1.2e+02   -0.5   0.0   332   351   355   374   335   381 0.90 -
NODE_13217_length_13659_cov_31.669690:5653-6009   -            119 38061at7898          -            527    0.0045   14.1   0.0   1   2   0.00015     0.009   13.1   0.0   319   390     5    79     2    94 0.83 -
NODE_13217_length_13659_cov_31.669690:5653-6009   -            119 38061at7898          -            527    0.0045   14.1   0.0   2   2       7.2   4.4e+02   -2.4   0.0   441   456   104   119    87   119 0.75 -
NODE_22279_length_11041_cov_39.278194:2650-7974   -            484 38061at7898          -            527    0.0046   14.0   1.6   1   1   0.00012    0.0071   13.4   1.6   163   253   347   439   328   462 0.76 -
NODE_911_length_27900_cov_40.361750:26613-26819   -             69 38061at7898          -            527    0.0064   13.6   0.0   1   1   0.00013    0.0076   13.3   0.0   384   437    11    64     3    67 0.65 -
NODE_60849_length_6186_cov_37.425168:5413-5568    -             52 38061at7898          -            527    0.0086   13.1   0.0   1   1   0.00015    0.0089   13.1   0.0   329   368     1    42     1    49 0.84 -
NODE_12715_length_13846_cov_40.610242:3217-3396   -             60 38061at7898          -            527     0.012   12.6   0.0   1   1    0.0002     0.012   12.6   0.0   335   369     4    40     1    55 0.76 -
NODE_290664_length_432_cov_75.162162:3-251        -             83 38061at7898          -            527     0.038   11.0   0.1   1   2    0.0019      0.12    9.4   0.1   332   390     4    68     1    72 0.67 -
NODE_290664_length_432_cov_75.162162:3-251        -             83 38061at7898          -            527     0.038   11.0   0.1   2   2     0.069       4.2    4.3   0.0   320   362    39    83    34    83 0.74 -
#
# Program:         hmmsearch
# Version:         3.1b2 (February 2015)
# Pipeline mode:   SEARCH
# Query file:      /home/e1garcia/shotgun_PIRE/abyss/busco_downloads/lineages/actinopterygii_odb10/hmms/38061at7898.hmm
# Target file:     /home/e1garcia/shotgun_PIRE/pire_ssl_data_processing/plotosus_lineatus/busco_scaffolds_results-SPAdes_contam_R1R2_noIsolate/run_actinopterygii_odb10/metaeuk_output/initial_results/scaffolds.modified.fasta.modified.fas
# Option settings: hmmsearch --domtblout /home/e1garcia/shotgun_PIRE/pire_ssl_data_processing/plotosus_lineatus/busco_scaffolds_results-SPAdes_contam_R1R2_noIsolate/run_actinopterygii_odb10/hmmer_output/initial_run_results/38061at7898.out --cpu 1 /home/e1garcia/shotgun_PIRE/abyss/busco_downloads/lineages/actinopterygii_odb10/hmms/38061at7898.hmm /home/e1garcia/shotgun_PIRE/pire_ssl_data_processing/plotosus_lineatus/busco_scaffolds_results-SPAdes_contam_R1R2_noIsolate/run_actinopterygii_odb10/metaeuk_output/initial_results/scaffolds.modified.fasta.modified.fas 
# Current dir:     /home/e1garcia/shotgun_PIRE/pire_ssl_data_processing/plotosus_lineatus
# Date:            Fri Aug 20 13:21:48 2021
# [ok]
