#                                                                                                        --- full sequence --- -------------- this domain -------------   hmm coord   ali coord   env coord
# target name                                    accession   tlen query name           accession   qlen   E-value  score  bias   #  of  c-Evalue  i-Evalue  score  bias  from    to  from    to  from    to  acc description of target
#                            ------------------- ---------- ----- -------------------- ---------- ----- --------- ------ ----- --- --- --------- --------- ------ ----- ----- ----- ----- ----- ----- ----- ---- ---------------------
NODE_27387_length_10031_cov_30.411800:2457-8007  -            500 43081at7898          -            520  6.9e-157  521.7  10.1   1   4   3.4e-88   5.9e-86  287.7   2.6   163   322     1   161     1   173 0.93 -
NODE_27387_length_10031_cov_30.411800:2457-8007  -            500 43081at7898          -            520  6.9e-157  521.7  10.1   2   4   2.3e-07     4e-05   21.0   0.0   316   360   207   258   175   262 0.74 -
NODE_27387_length_10031_cov_30.411800:2457-8007  -            500 43081at7898          -            520  6.9e-157  521.7  10.1   3   4   7.2e-14   1.3e-11   42.4   0.0   322   401   252   341   245   354 0.72 -
NODE_27387_length_10031_cov_30.411800:2457-8007  -            500 43081at7898          -            520  6.9e-157  521.7  10.1   4   4   2.7e-54   4.8e-52  175.8   0.1   378   520   358   500   347   500 0.78 -
NODE_46790_length_7435_cov_42.310115:2240-6761   -            295 43081at7898          -            520   1.3e-14   52.3   0.6   1   3   9.8e-09   1.7e-06   25.5   0.1    86   147    10    71     6    87 0.91 -
NODE_46790_length_7435_cov_42.310115:2240-6761   -            295 43081at7898          -            520   1.3e-14   52.3   0.6   2   3   4.3e-06   0.00075   16.8   0.1    85   130    99   144    95   162 0.87 -
NODE_46790_length_7435_cov_42.310115:2240-6761   -            295 43081at7898          -            520   1.3e-14   52.3   0.6   3   3    0.0045      0.79    6.8   0.0   180   236   232   287   218   294 0.81 -
NODE_14711_length_13110_cov_36.445008:5141-12494 -            296 43081at7898          -            520   6.8e-14   49.9   2.8   1   2   3.5e-06    0.0006   17.1   0.2    82   281    13   210     3   218 0.81 -
NODE_14711_length_13110_cov_36.445008:5141-12494 -            296 43081at7898          -            520   6.8e-14   49.9   2.8   2   2   7.8e-09   1.4e-06   25.8   0.2    77   147   223   294   217   296 0.94 -
NODE_2807_length_21672_cov_37.948361:4456-5247   -            264 43081at7898          -            520   1.1e-13   49.2   7.3   1   2    0.0073       1.3    6.1   0.1    87   136    38    87    20    87 0.86 -
NODE_2807_length_21672_cov_37.948361:4456-5247   -            264 43081at7898          -            520   1.1e-13   49.2   7.3   2   2   6.7e-15   1.2e-12   45.8   7.1    82   272    75   261    44   264 0.85 -
NODE_48480_length_7267_cov_39.386858:3933-6888   -            558 43081at7898          -            520   4.6e-12   43.8   0.1   1   3      0.98   1.7e+02   -0.9   0.0   114   171   304   360   299   364 0.63 -
NODE_48480_length_7267_cov_39.386858:3933-6888   -            558 43081at7898          -            520   4.6e-12   43.8   0.1   2   3   8.6e-07   0.00015   19.1   0.0    90   170   364   443   355   445 0.82 -
NODE_48480_length_7267_cov_39.386858:3933-6888   -            558 43081at7898          -            520   4.6e-12   43.8   0.1   3   3   1.5e-07   2.7e-05   21.5   0.0    86   143   444   501   439   509 0.89 -
NODE_4868_length_18712_cov_35.507656:4645-7222   -            293 43081at7898          -            520   2.2e-10   38.3   6.0   1   3   1.4e-05    0.0024   15.1   0.1    46   113    21    87    13    90 0.78 -
NODE_4868_length_18712_cov_35.507656:4645-7222   -            293 43081at7898          -            520   2.2e-10   38.3   6.0   2   3    0.0021      0.36    7.9   0.2   100   137    90   127    87   129 0.90 -
NODE_4868_length_18712_cov_35.507656:4645-7222   -            293 43081at7898          -            520   2.2e-10   38.3   6.0   3   3   3.3e-06   0.00057   17.1   0.2    91   203   123   231   116   276 0.74 -
NODE_2517_length_22270_cov_32.114384:597-7582    -            322 43081at7898          -            520   4.4e-10   37.3   0.7   1   3       1.1     2e+02   -1.1   0.0   113   141    20    48    12    71 0.60 -
NODE_2517_length_22270_cov_32.114384:597-7582    -            322 43081at7898          -            520   4.4e-10   37.3   0.7   2   3   1.3e-05    0.0023   15.2   0.1    34   131    70   165    57   173 0.72 -
NODE_2517_length_22270_cov_32.114384:597-7582    -            322 43081at7898          -            520   4.4e-10   37.3   0.7   3   3     5e-07   8.6e-05   19.9   0.0    98   223   174   295   163   310 0.87 -
NODE_66357_length_5787_cov_60.501934:837-2876    -            317 43081at7898          -            520   2.1e-08   31.8   1.9   1   2    0.0048      0.83    6.7   0.0    79   137    18    79    11    82 0.67 -
NODE_66357_length_5787_cov_60.501934:837-2876    -            317 43081at7898          -            520   2.1e-08   31.8   1.9   2   2   4.4e-08   7.7e-06   23.3   0.6    31   224    57   256    50   259 0.76 -
NODE_2470_length_22397_cov_93.662257:7018-12065  -            338 43081at7898          -            520   2.2e-08   31.7   2.5   1   1   6.5e-09   1.1e-06   26.1   2.1    81   232   154   329   148   336 0.65 -
NODE_3536_length_20491_cov_37.352638:5190-8572   -            440 43081at7898          -            520   3.7e-08   31.0   5.6   1   2       4.6   7.9e+02   -3.1   0.1   305   345    46    86    14   108 0.54 -
NODE_3536_length_20491_cov_37.352638:5190-8572   -            440 43081at7898          -            520   3.7e-08   31.0   5.6   2   2   2.1e-10   3.7e-08   31.0   5.6    82   267   231   417   215   429 0.85 -
NODE_13638_length_13501_cov_43.049918:2529-11436 -            661 43081at7898          -            520     1e-07   29.5   4.2   1   5    0.0026      0.44    7.6   0.1    95   274   159   340   138   358 0.71 -
NODE_13638_length_13501_cov_43.049918:2529-11436 -            661 43081at7898          -            520     1e-07   29.5   4.2   2   5   3.4e-05    0.0058   13.8   0.0   216   276   365   424   351   432 0.87 -
NODE_13638_length_13501_cov_43.049918:2529-11436 -            661 43081at7898          -            520     1e-07   29.5   4.2   3   5    0.0059         1    6.4   0.0   248   279   438   469   419   488 0.74 -
NODE_13638_length_13501_cov_43.049918:2529-11436 -            661 43081at7898          -            520     1e-07   29.5   4.2   4   5       1.1     2e+02   -1.1   0.1    35    55   520   540   514   570 0.79 -
NODE_13638_length_13501_cov_43.049918:2529-11436 -            661 43081at7898          -            520     1e-07   29.5   4.2   5   5       1.8   3.1e+02   -1.8   0.0   118   138   629   649   624   660 0.71 -
NODE_58897_length_6337_cov_40.857326:1398-5896   -            295 43081at7898          -            520   3.3e-07   27.8   1.0   1   3     0.029         5    4.1   0.0    89   109    31    51     1    70 0.72 -
NODE_58897_length_6337_cov_40.857326:1398-5896   -            295 43081at7898          -            520   3.3e-07   27.8   1.0   2   3     0.001      0.18    8.9   0.0    84   114    76   106    67   130 0.80 -
NODE_58897_length_6337_cov_40.857326:1398-5896   -            295 43081at7898          -            520   3.3e-07   27.8   1.0   3   3   7.9e-05     0.014   12.6   0.0    82   116   154   188   138   242 0.85 -
NODE_8357_length_15967_cov_88.538379:1169-12305  -            319 43081at7898          -            520   8.1e-07   26.6   1.1   1   3    0.0006       0.1    9.7   0.1   184   231    98   144    78   162 0.70 -
NODE_8357_length_15967_cov_88.538379:1169-12305  -            319 43081at7898          -            520   8.1e-07   26.6   1.1   2   3   0.00019     0.032   11.4   0.0   213   270   170   229   162   234 0.83 -
NODE_8357_length_15967_cov_88.538379:1169-12305  -            319 43081at7898          -            520   8.1e-07   26.6   1.1   3   3     0.085        15    2.6   0.0   100   137   282   319   278   319 0.92 -
NODE_84135_length_4707_cov_28.536241:897-1097    -             67 43081at7898          -            520     1e-06   26.2   0.5   1   2   0.00026     0.046   10.9   0.1    92   120     1    29     1    36 0.91 -
NODE_84135_length_4707_cov_28.536241:897-1097    -             67 43081at7898          -            520     1e-06   26.2   0.5   2   2   2.3e-05     0.004   14.4   0.1    90   116    39    65    29    66 0.87 -
NODE_39911_length_8189_cov_41.447342:2022-7397   -            297 43081at7898          -            520   1.1e-06   26.1   2.5   1   3   1.8e-07   3.1e-05   21.3   0.3    40   142    22   128     3   142 0.77 -
NODE_39911_length_8189_cov_41.447342:2022-7397   -            297 43081at7898          -            520   1.1e-06   26.1   2.5   2   3      0.95   1.6e+02   -0.9   0.1    90   140   134   186   127   195 0.74 -
NODE_39911_length_8189_cov_41.447342:2022-7397   -            297 43081at7898          -            520   1.1e-06   26.1   2.5   3   3     0.039       6.7    3.7   0.0   116   145   261   291   254   296 0.83 -
NODE_11368_length_14405_cov_36.855725:3703-11031 -            260 43081at7898          -            520   1.3e-06   25.9   1.7   1   3      0.29        51    0.8   0.0    89   130    98   148    95   153 0.65 -
NODE_11368_length_14405_cov_36.855725:3703-11031 -            260 43081at7898          -            520   1.3e-06   25.9   1.7   2   3   0.00011      0.02   12.1   0.3    89   134   150   194   142   198 0.85 -
NODE_11368_length_14405_cov_36.855725:3703-11031 -            260 43081at7898          -            520   1.3e-06   25.9   1.7   3   3     5e-05    0.0087   13.2   0.1    89   147   191   249   188   256 0.89 -
NODE_8989_length_15600_cov_30.742726:572-13487   -            332 43081at7898          -            520   1.7e-06   25.5   0.6   1   3       1.6   2.7e+02   -1.6   0.0   195   233    36    74    35    86 0.76 -
NODE_8989_length_15600_cov_30.742726:572-13487   -            332 43081at7898          -            520   1.7e-06   25.5   0.6   2   3     0.039       6.8    3.7   0.0   213   257   133   180   120   202 0.57 -
NODE_8989_length_15600_cov_30.742726:572-13487   -            332 43081at7898          -            520   1.7e-06   25.5   0.6   3   3     7e-07   0.00012   19.4   0.4    82   143   266   328   180   332 0.66 -
NODE_1003_length_27366_cov_35.344959:12305-21986 -            271 43081at7898          -            520     4e-06   24.3   0.1   1   1   3.6e-08   6.3e-06   23.6   0.1    91   296    33   247    24   254 0.75 -
NODE_11219_length_14472_cov_27.836012:4571-14392 -            444 43081at7898          -            520   5.9e-06   23.7  12.2   1   5   0.00045     0.079   10.1   0.3   110   201    55   147    18   148 0.67 -
NODE_11219_length_14472_cov_27.836012:4571-14392 -            444 43081at7898          -            520   5.9e-06   23.7  12.2   2   5   0.00021     0.036   11.2   1.2   186   317    87   221    86   243 0.56 -
NODE_11219_length_14472_cov_27.836012:4571-14392 -            444 43081at7898          -            520   5.9e-06   23.7  12.2   3   5     0.049       8.5    3.4   0.1    79   111   242   273   233   282 0.85 -
NODE_11219_length_14472_cov_27.836012:4571-14392 -            444 43081at7898          -            520   5.9e-06   23.7  12.2   4   5    0.0018      0.31    8.1   0.2   223   299   335   414   330   420 0.85 -
NODE_11219_length_14472_cov_27.836012:4571-14392 -            444 43081at7898          -            520   5.9e-06   23.7  12.2   5   5      0.89   1.5e+02   -0.8   0.0    90   106   419   435   414   441 0.85 -
NODE_104408_length_3764_cov_27.099864:310-2732   -            337 43081at7898          -            520   6.5e-06   23.6   0.3   1   3      0.19        34    1.4   0.0    95   136     3    43     2    45 0.83 -
NODE_104408_length_3764_cov_27.099864:310-2732   -            337 43081at7898          -            520   6.5e-06   23.6   0.3   2   3   2.5e-07   4.4e-05   20.8   0.0    71   146    20    95    17   104 0.87 -
NODE_104408_length_3764_cov_27.099864:310-2732   -            337 43081at7898          -            520   6.5e-06   23.6   0.3   3   3      0.05       8.7    3.3   0.0   223   272    84   132    83   192 0.87 -
NODE_22665_length_10951_cov_31.888500:191-7337   -            194 43081at7898          -            520   6.5e-06   23.6   3.4   1   3    0.0048      0.84    6.7   0.4    89   137    19    69    14    70 0.78 -
NODE_22665_length_10951_cov_31.888500:191-7337   -            194 43081at7898          -            520   6.5e-06   23.6   3.4   2   3   1.4e-05    0.0025   15.0   0.1    84   148    58   122    47   131 0.86 -
NODE_22665_length_10951_cov_31.888500:191-7337   -            194 43081at7898          -            520   6.5e-06   23.6   3.4   3   3     0.016       2.9    4.9   0.0   205   276   164   193   147   194 0.59 -
NODE_124898_length_3006_cov_44.421741:970-2430   -            487 43081at7898          -            520   6.7e-06   23.5   0.6   1   1   1.1e-07     2e-05   22.0   0.5   160   311   246   397   238   406 0.69 -
NODE_40843_length_8082_cov_41.248653:2016-5415   -            290 43081at7898          -            520   7.4e-06   23.4   0.2   1   1   2.9e-06   0.00051   17.3   0.2   178   281     8   118     2   125 0.74 -
NODE_240412_length_660_cov_0.909091:10-354       -            115 43081at7898          -            520   3.1e-05   21.3   0.0   1   1   2.2e-07   3.8e-05   21.0   0.0   180   272    19   110     9   114 0.85 -
NODE_12731_length_13842_cov_41.787455:739-4274   -            318 43081at7898          -            520   4.2e-05   20.9   0.3   1   1   4.6e-07     8e-05   20.0   0.3    61   152    28   122    11   129 0.80 -
NODE_75828_length_5172_cov_77.311256:1087-3494   -            222 43081at7898          -            520   4.5e-05   20.8   1.3   1   3   1.5e-05    0.0026   15.0   0.1    84   147    19    81     9    91 0.87 -
NODE_75828_length_5172_cov_77.311256:1087-3494   -            222 43081at7898          -            520   4.5e-05   20.8   1.3   2   3      0.01       1.8    5.6   0.0   184   232    74   120    72   126 0.85 -
NODE_75828_length_5172_cov_77.311256:1087-3494   -            222 43081at7898          -            520   4.5e-05   20.8   1.3   3   3      0.59     1e+02   -0.2   0.0   212   256   178   220   173   222 0.72 -
NODE_120547_length_3155_cov_30.982003:355-2413   -            194 43081at7898          -            520   0.00022   18.5   0.1   1   2   6.8e-05     0.012   12.8   0.0   234   282    36    86    18   101 0.83 -
NODE_120547_length_3155_cov_30.982003:355-2413   -            194 43081at7898          -            520   0.00022   18.5   0.1   2   2     0.034         6    3.9   0.2    91   134   107   149    98   174 0.84 -
NODE_18856_length_11878_cov_43.443246:191-4655   -            767 43081at7898          -            520   0.00031   18.0   0.0   1   1   8.2e-06    0.0014   15.8   0.0   114   315   109   312    77   333 0.78 -
NODE_23304_length_10811_cov_30.112397:3236-8939  -            146 43081at7898          -            520    0.0015   15.8   0.1   1   1   9.5e-06    0.0017   15.6   0.1    90   198     3   123     1   140 0.79 -
NODE_279334_length_464_cov_0.978082:64-408       -            115 43081at7898          -            520    0.0015   15.8   0.0   1   1   9.5e-05     0.016   12.3   0.0   188   278    27   114    21   115 0.83 -
NODE_94255_length_4204_cov_28.373691:262-759     -            166 43081at7898          -            520    0.0016   15.6   1.0   1   2     0.021       3.7    4.6   0.1    17   123     2   103     1   110 0.54 -
NODE_94255_length_4204_cov_28.373691:262-759     -            166 43081at7898          -            520    0.0016   15.6   1.0   2   2   0.00076      0.13    9.4   0.1    91   140   111   161   103   165 0.82 -
NODE_283196_length_453_cov_0.864407:57-272       -             72 43081at7898          -            520    0.0017   15.6   0.0   1   1   1.1e-05    0.0019   15.5   0.0    92   139    13    60     5    69 0.93 -
NODE_40611_length_8109_cov_52.598627:1641-7060   -            255 43081at7898          -            520     0.003   14.7   1.5   1   2      0.59     1e+02   -0.2   0.1    87   111    40    64    15    70 0.76 -
NODE_40611_length_8109_cov_52.598627:1641-7060   -            255 43081at7898          -            520     0.003   14.7   1.5   2   2   6.2e-05     0.011   12.9   0.2    89   217    82   216    75   238 0.72 -
NODE_3213_length_21005_cov_47.448866:1693-6779   -            474 43081at7898          -            520    0.0076   13.4   0.1   1   2   0.00022     0.038   11.1   0.1    84   210   257   385   252   408 0.75 -
NODE_3213_length_21005_cov_47.448866:1693-6779   -            474 43081at7898          -            520    0.0076   13.4   0.1   2   2       1.4   2.5e+02   -1.4   0.0    91   115   396   420   386   424 0.87 -
NODE_116172_length_3312_cov_16.148148:940-3244   -            228 43081at7898          -            520    0.0079   13.4   1.5   1   2       3.5     6e+02   -2.7   0.0    89   106     8    25     6    51 0.77 -
NODE_116172_length_3312_cov_16.148148:940-3244   -            228 43081at7898          -            520    0.0079   13.4   1.5   2   2   5.6e-05    0.0098   13.1   0.7     9   108    68   174    61   182 0.74 -
NODE_114_length_41198_cov_30.790384:18527-37014  -            470 43081at7898          -            520     0.019   12.1   0.3   1   2     0.015       2.7    5.0   0.0    82   138   197   253   189   254 0.88 -
NODE_114_length_41198_cov_30.790384:18527-37014  -            470 43081at7898          -            520     0.019   12.1   0.3   2   2   0.00062      0.11    9.6   0.1    90   146   247   302   237   324 0.80 -
NODE_63827_length_5967_cov_29.965406:1648-4734   -            215 43081at7898          -            520      0.02   12.0   0.1   1   2   0.00085      0.15    9.2   0.0   114   151    61    99    49   129 0.59 -
NODE_63827_length_5967_cov_29.965406:1648-4734   -            215 43081at7898          -            520      0.02   12.0   0.1   2   2      0.34        60    0.6   0.0    99   129   176   206   168   211 0.84 -
#
# Program:         hmmsearch
# Version:         3.1b2 (February 2015)
# Pipeline mode:   SEARCH
# Query file:      /home/e1garcia/shotgun_PIRE/abyss/busco_downloads/lineages/actinopterygii_odb10/hmms/43081at7898.hmm
# Target file:     /home/e1garcia/shotgun_PIRE/pire_ssl_data_processing/plotosus_lineatus/busco_scaffolds_results-SPAdes_contam_R1R2_noIsolate/run_actinopterygii_odb10/metaeuk_output/initial_results/scaffolds.modified.fasta.modified.fas
# Option settings: hmmsearch --domtblout /home/e1garcia/shotgun_PIRE/pire_ssl_data_processing/plotosus_lineatus/busco_scaffolds_results-SPAdes_contam_R1R2_noIsolate/run_actinopterygii_odb10/hmmer_output/initial_run_results/43081at7898.out --cpu 1 /home/e1garcia/shotgun_PIRE/abyss/busco_downloads/lineages/actinopterygii_odb10/hmms/43081at7898.hmm /home/e1garcia/shotgun_PIRE/pire_ssl_data_processing/plotosus_lineatus/busco_scaffolds_results-SPAdes_contam_R1R2_noIsolate/run_actinopterygii_odb10/metaeuk_output/initial_results/scaffolds.modified.fasta.modified.fas 
# Current dir:     /home/e1garcia/shotgun_PIRE/pire_ssl_data_processing/plotosus_lineatus
# Date:            Fri Aug 20 13:23:10 2021
# [ok]
