#                                                                                                        --- full sequence --- -------------- this domain -------------   hmm coord   ali coord   env coord
# target name                                    accession   tlen query name           accession   qlen   E-value  score  bias   #  of  c-Evalue  i-Evalue  score  bias  from    to  from    to  from    to  acc description of target
#                            ------------------- ---------- ----- -------------------- ---------- ----- --------- ------ ----- --- --- --------- --------- ------ ----- ----- ----- ----- ----- ----- ----- ---- ---------------------
NODE_21_length_56633_cov_43.312573:8104-26039    -            613 48412at7898          -            676  2.5e-163  543.9 125.2   1   5   3.9e-47   1.2e-43  148.3   5.6     1   113     4   124     4   135 0.90 -
NODE_21_length_56633_cov_43.312573:8104-26039    -            613 48412at7898          -            676  2.5e-163  543.9 125.2   2   5   1.3e-27   4.3e-24   83.7  15.8   100   184   159   243   128   260 0.68 -
NODE_21_length_56633_cov_43.312573:8104-26039    -            613 48412at7898          -            676  2.5e-163  543.9 125.2   3   5   1.4e-78   4.6e-75  252.2  30.1   159   339   249   434   241   439 0.88 -
NODE_21_length_56633_cov_43.312573:8104-26039    -            613 48412at7898          -            676  2.5e-163  543.9 125.2   4   5   0.00065       2.1    5.5  33.1   305   391   437   571   432   571 0.59 -
NODE_21_length_56633_cov_43.312573:8104-26039    -            613 48412at7898          -            676  2.5e-163  543.9 125.2   5   5   1.1e-20   3.7e-17   60.8  18.9   445   486   571   612   570   613 0.97 -
NODE_1776_length_24242_cov_29.837883:10133-22032 -            302 48412at7898          -            676   2.7e-06   24.9   0.1   1   2   0.00025       0.8    6.8   0.0   231   275    12    57     7    67 0.83 -
NODE_1776_length_24242_cov_29.837883:10133-22032 -            302 48412at7898          -            676   2.7e-06   24.9   0.1   2   2   3.8e-07    0.0012   16.1   0.0   215   306    89   181    78   209 0.86 -
#
# Program:         hmmsearch
# Version:         3.1b2 (February 2015)
# Pipeline mode:   SEARCH
# Query file:      /home/e1garcia/shotgun_PIRE/abyss/busco_downloads/lineages/actinopterygii_odb10/hmms/48412at7898.hmm
# Target file:     /home/e1garcia/shotgun_PIRE/pire_ssl_data_processing/plotosus_lineatus/busco_scaffolds_results-SPAdes_contam_R1R2_noIsolate/run_actinopterygii_odb10/metaeuk_output/initial_results/scaffolds.modified.fasta.modified.fas
# Option settings: hmmsearch --domtblout /home/e1garcia/shotgun_PIRE/pire_ssl_data_processing/plotosus_lineatus/busco_scaffolds_results-SPAdes_contam_R1R2_noIsolate/run_actinopterygii_odb10/hmmer_output/initial_run_results/48412at7898.out --cpu 1 /home/e1garcia/shotgun_PIRE/abyss/busco_downloads/lineages/actinopterygii_odb10/hmms/48412at7898.hmm /home/e1garcia/shotgun_PIRE/pire_ssl_data_processing/plotosus_lineatus/busco_scaffolds_results-SPAdes_contam_R1R2_noIsolate/run_actinopterygii_odb10/metaeuk_output/initial_results/scaffolds.modified.fasta.modified.fas 
# Current dir:     /home/e1garcia/shotgun_PIRE/pire_ssl_data_processing/plotosus_lineatus
# Date:            Fri Aug 20 13:24:00 2021
# [ok]
