#                                                                                                         --- full sequence --- -------------- this domain -------------   hmm coord   ali coord   env coord
# target name                                     accession   tlen query name           accession   qlen   E-value  score  bias   #  of  c-Evalue  i-Evalue  score  bias  from    to  from    to  from    to  acc description of target
#                             ------------------- ---------- ----- -------------------- ---------- ----- --------- ------ ----- --- --- --------- --------- ------ ----- ----- ----- ----- ----- ----- ----- ---- ---------------------
NODE_2061_length_23395_cov_44.668355:9845-22265   -            767 50407at7898          -            739  1.7e-169  563.9  27.0   1   2  3.4e-115  4.4e-113  377.4  15.0    41   506    59   622    53   626 0.82 -
NODE_2061_length_23395_cov_44.668355:9845-22265   -            767 50407at7898          -            739  1.7e-169  563.9  27.0   2   2   4.9e-59   6.2e-57  191.8   4.5   597   739   625   767   620   767 0.97 -
NODE_53606_length_6785_cov_42.302872:2476-4026    -            517 50407at7898          -            739   1.2e-32  111.5  11.1   1   3   5.1e-32   6.5e-30  102.4   0.1    39   248    25   288     7   298 0.74 -
NODE_53606_length_6785_cov_42.302872:2476-4026    -            517 50407at7898          -            739   1.2e-32  111.5  11.1   2   3      0.29        37    0.8   0.2   260   291   325   356   306   376 0.79 -
NODE_53606_length_6785_cov_42.302872:2476-4026    -            517 50407at7898          -            739   1.2e-32  111.5  11.1   3   3   5.1e-05    0.0066   13.2   1.8   275   402   371   516   362   517 0.78 -
NODE_79195_length_4977_cov_40.939319:1866-3425    -            520 50407at7898          -            739   4.7e-32  109.5   8.4   1   3   2.6e-29   3.3e-27   93.5   0.5    39   234     6   245     2   281 0.73 -
NODE_79195_length_4977_cov_40.939319:1866-3425    -            520 50407at7898          -            739   4.7e-32  109.5   8.4   2   3      0.31        40    0.7   0.2   260   304   314   358   276   368 0.79 -
NODE_79195_length_4977_cov_40.939319:1866-3425    -            520 50407at7898          -            739   4.7e-32  109.5   8.4   3   3     3e-06   0.00039   17.2   0.2   275   403   364   505   360   512 0.84 -
NODE_58019_length_6409_cov_59.949287:3536-4933    -            466 50407at7898          -            739   1.1e-31  108.4   7.1   1   2   4.3e-28   5.5e-26   89.4   4.9    35   281    19   350    11   362 0.68 -
NODE_58019_length_6409_cov_59.949287:3536-4933    -            466 50407at7898          -            739   1.1e-31  108.4   7.1   2   2   7.6e-05    0.0098   12.6   0.0   266   356   368   462   362   465 0.86 -
NODE_117952_length_3247_cov_32.419632:1414-3024   -            537 50407at7898          -            739   1.1e-31  108.2   8.2   1   2   2.5e-27   3.2e-25   86.9   4.7    35   281    25   356    17   369 0.69 -
NODE_117952_length_3247_cov_32.419632:1414-3024   -            537 50407at7898          -            739   1.1e-31  108.2   8.2   2   2   3.1e-06   0.00039   17.2   0.1   263   358   375   474   360   537 0.74 -
NODE_70910_length_5484_cov_203.935190:1605-3068   -            488 50407at7898          -            739   2.4e-31  107.2   8.9   1   3   8.8e-29   1.1e-26   91.7   0.1    35   244    39   308    27   324 0.73 -
NODE_70910_length_5484_cov_203.935190:1605-3068   -            488 50407at7898          -            739   2.4e-31  107.2   8.9   2   3     0.017       2.1    4.8   1.4   258   283   347   372   332   387 0.81 -
NODE_70910_length_5484_cov_203.935190:1605-3068   -            488 50407at7898          -            739   2.4e-31  107.2   8.9   3   3   3.4e-05    0.0043   13.8   0.1   264   356   390   486   380   488 0.86 -
NODE_105303_length_3728_cov_44.754478:1328-2830   -            501 50407at7898          -            739     1e-30  105.1  12.0   1   3   8.4e-30   1.1e-27   95.1   0.2    39   245     7   267     3   276 0.72 -
NODE_105303_length_3728_cov_44.754478:1328-2830   -            501 50407at7898          -            739     1e-30  105.1  12.0   2   3       3.7   4.8e+02   -2.9   0.2   260   289   307   336   293   339 0.82 -
NODE_105303_length_3728_cov_44.754478:1328-2830   -            501 50407at7898          -            739     1e-30  105.1  12.0   3   3   5.2e-06   0.00066   16.4   2.0   275   403   353   498   348   501 0.73 -
NODE_13096_length_13700_cov_38.116756:4697-6148   -            484 50407at7898          -            739   1.5e-30  104.5   6.1   1   3   3.6e-30   4.6e-28   96.3   0.1    34   241    14   281     7   291 0.72 -
NODE_13096_length_13700_cov_38.116756:4697-6148   -            484 50407at7898          -            739   1.5e-30  104.5   6.1   2   3     0.081        10    2.6   0.5   235   286   302   351   286   367 0.72 -
NODE_13096_length_13700_cov_38.116756:4697-6148   -            484 50407at7898          -            739   1.5e-30  104.5   6.1   3   3    0.0061      0.78    6.3   0.1   264   355   363   458   358   470 0.74 -
NODE_24635_length_10541_cov_46.305976:4911-6479   -            523 50407at7898          -            739   1.6e-30  104.4   5.5   1   2   3.9e-27     5e-25   86.3   4.7    35   307    18   374    10   380 0.69 -
NODE_24635_length_10541_cov_46.305976:4911-6479   -            523 50407at7898          -            739   1.6e-30  104.4   5.5   2   2   7.2e-05    0.0092   12.7   0.0   266   402   366   521   360   522 0.80 -
NODE_35612_length_8738_cov_38.712814:462-2015     -            518 50407at7898          -            739     2e-30  104.1  12.4   1   3   4.7e-30     6e-28   95.9   1.0    39   224    15   245    10   255 0.74 -
NODE_35612_length_8738_cov_38.712814:462-2015     -            518 50407at7898          -            739     2e-30  104.1  12.4   2   3      0.27        35    0.8   0.9   260   290   325   355   307   360 0.85 -
NODE_35612_length_8738_cov_38.712814:462-2015     -            518 50407at7898          -            739     2e-30  104.1  12.4   3   3   7.8e-05      0.01   12.5   0.1   281   400   383   518   366   518 0.75 -
NODE_67878_length_5680_cov_61.122559:1447-2946    -            500 50407at7898          -            739   2.7e-30  103.7   9.2   1   2   3.3e-27   4.2e-25   86.5   5.4    40   282     1   326     1   345 0.70 -
NODE_67878_length_5680_cov_61.122559:1447-2946    -            500 50407at7898          -            739   2.7e-30  103.7   9.2   2   2     5e-05    0.0064   13.2   0.1   267   357   344   438   340   499 0.81 -
NODE_69180_length_5596_cov_39.079498:565-2139     -            525 50407at7898          -            739   6.2e-30  102.5   8.0   1   3   4.4e-27   5.7e-25   86.1   0.2    35   226    19   257    11   294 0.76 -
NODE_69180_length_5596_cov_39.079498:565-2139     -            525 50407at7898          -            739   6.2e-30  102.5   8.0   2   3    0.0027      0.35    7.4   1.7   258   312   327   381   314   386 0.83 -
NODE_69180_length_5596_cov_39.079498:565-2139     -            525 50407at7898          -            739   6.2e-30  102.5   8.0   3   3   7.6e-05    0.0097   12.6   0.0   267   357   369   463   363   524 0.78 -
NODE_22794_length_10918_cov_38.373232:6217-7725   -            503 50407at7898          -            739   9.4e-30  101.9   7.3   1   2   2.7e-30   3.5e-28   96.7   0.1    40   247    24   285    18   295 0.75 -
NODE_22794_length_10918_cov_38.373232:6217-7725   -            503 50407at7898          -            739   9.4e-30  101.9   7.3   2   2    0.0062       0.8    6.3   3.3   275   392   369   498   319   503 0.82 -
NODE_86754_length_4569_cov_44.752125:1006-2442    -            479 50407at7898          -            739   1.8e-29  101.0   7.0   1   3   7.3e-26   9.3e-24   82.1   0.2    35   227    32   271    24   312 0.74 -
NODE_86754_length_4569_cov_44.752125:1006-2442    -            479 50407at7898          -            739   1.8e-29  101.0   7.0   2   3   0.00077     0.099    9.3   1.2   258   311   340   393   327   397 0.88 -
NODE_86754_length_4569_cov_44.752125:1006-2442    -            479 50407at7898          -            739   1.8e-29  101.0   7.0   3   3   3.9e-05     0.005   13.6   0.0   266   356   381   475   374   478 0.91 -
NODE_100441_length_3930_cov_61.349256:1538-3145   -            536 50407at7898          -            739   1.9e-29  100.9   5.4   1   3   1.8e-28   2.3e-26   90.7   0.1    35   227    26   265    18   312 0.73 -
NODE_100441_length_3930_cov_61.349256:1538-3145   -            536 50407at7898          -            739   1.9e-29  100.9   5.4   2   3     0.078        10    2.6   1.5   258   280   334   356   315   371 0.84 -
NODE_100441_length_3930_cov_61.349256:1538-3145   -            536 50407at7898          -            739   1.9e-29  100.9   5.4   3   3    0.0038      0.49    7.0   0.0   269   357   382   474   373   535 0.81 -
NODE_61787_length_6116_cov_119.461526:3318-4889   -            524 50407at7898          -            739     2e-29  100.8   8.4   1   2   2.1e-26   2.7e-24   83.9   6.5    35   289    18   357    10   381 0.68 -
NODE_61787_length_6116_cov_119.461526:3318-4889   -            524 50407at7898          -            739     2e-29  100.8   8.4   2   2   0.00019     0.024   11.3   0.0   266   357   367   462   361   523 0.80 -
NODE_19312_length_11758_cov_41.050433:1597-3165   -            523 50407at7898          -            739   3.4e-29  100.1   7.3   1   2   4.5e-28   5.8e-26   89.4   1.0    39   245    68   330    59   415 0.70 -
NODE_19312_length_11758_cov_41.050433:1597-3165   -            523 50407at7898          -            739   3.4e-29  100.1   7.3   2   2     0.002      0.26    7.9   0.8   275   364   421   514   410   520 0.80 -
NODE_37328_length_8517_cov_38.376099:2563-4293    -            577 50407at7898          -            739   4.4e-29   99.7   9.1   1   3   2.4e-29   3.1e-27   93.6   0.0    35   246    72   343    64   356 0.73 -
NODE_37328_length_8517_cov_38.376099:2563-4293    -            577 50407at7898          -            739   4.4e-29   99.7   9.1   2   3      0.29        37    0.7   2.3   256   280   378   403   367   422 0.72 -
NODE_37328_length_8517_cov_38.376099:2563-4293    -            577 50407at7898          -            739   4.4e-29   99.7   9.1   3   3    0.0024       0.3    7.6   0.2   264   357   418   515   414   576 0.73 -
NODE_43453_length_7784_cov_58.953806:438-2051     -            538 50407at7898          -            739   4.9e-29   99.5  10.8   1   2   2.4e-26   3.1e-24   83.7   5.6    35   288    32   370    24   394 0.67 -
NODE_43453_length_7784_cov_58.953806:438-2051     -            538 50407at7898          -            739   4.9e-29   99.5  10.8   2   2   3.8e-05    0.0049   13.6   0.2   266   357   381   476   374   537 0.77 -
NODE_43453_length_7784_cov_58.953806:5732-7345    -            538 50407at7898          -            739   4.9e-29   99.5  10.8   1   2   2.4e-26   3.1e-24   83.7   5.6    35   288    32   370    24   394 0.67 -
NODE_43453_length_7784_cov_58.953806:5732-7345    -            538 50407at7898          -            739   4.9e-29   99.5  10.8   2   2   3.8e-05    0.0049   13.6   0.2   266   357   381   476   374   537 0.77 -
NODE_55417_length_6631_cov_40.418708:2856-4337    -            494 50407at7898          -            739   5.5e-29   99.4  10.0   1   3   1.2e-27   1.6e-25   87.9   0.3    40   244     1   259     1   268 0.73 -
NODE_55417_length_6631_cov_40.418708:2856-4337    -            494 50407at7898          -            739   5.5e-29   99.4  10.0   2   3       3.6   4.7e+02   -2.9   0.0   260   290   300   330   291   332 0.84 -
NODE_55417_length_6631_cov_40.418708:2856-4337    -            494 50407at7898          -            739   5.5e-29   99.4  10.0   3   3     6e-06   0.00078   16.2   1.6   275   403   346   491   339   494 0.80 -
NODE_64784_length_5897_cov_44.506726:3875-5428    -            518 50407at7898          -            739   5.9e-29   99.3   7.8   1   2   3.6e-26   4.6e-24   83.1   4.9    35   290    19   359    12   381 0.67 -
NODE_64784_length_5897_cov_44.506726:3875-5428    -            518 50407at7898          -            739   5.9e-29   99.3   7.8   2   2   0.00017     0.022   11.4   0.1   266   357   368   463   362   518 0.81 -
NODE_84234_length_4702_cov_28.265914:2883-4331    -            483 50407at7898          -            739   6.4e-29   99.1   8.4   1   3   1.4e-26   1.8e-24   84.4   0.1    35   227    32   271    23   308 0.73 -
NODE_84234_length_4702_cov_28.265914:2883-4331    -            483 50407at7898          -            739   6.4e-29   99.1   8.4   2   3     0.051       6.5    3.3   1.9   258   281   340   363   328   378 0.83 -
NODE_84234_length_4702_cov_28.265914:2883-4331    -            483 50407at7898          -            739   6.4e-29   99.1   8.4   3   3     5e-05    0.0064   13.2   0.0   263   356   382   479   375   482 0.89 -
NODE_110890_length_3503_cov_40.903937:1180-2685   -            502 50407at7898          -            739   7.7e-29   98.9   6.1   1   3   1.5e-25   1.9e-23   81.1   0.1    41   227     2   235     1   281 0.73 -
NODE_110890_length_3503_cov_40.903937:1180-2685   -            502 50407at7898          -            739   7.7e-29   98.9   6.1   2   3     0.019       2.4    4.7   1.3   258   282   304   328   286   343 0.82 -
NODE_110890_length_3503_cov_40.903937:1180-2685   -            502 50407at7898          -            739   7.7e-29   98.9   6.1   3   3   4.1e-05    0.0053   13.5   0.0   266   357   345   440   339   501 0.88 -
NODE_120808_length_3146_cov_37.857893:652-2175    -            508 50407at7898          -            739     9e-29   98.7   8.2   1   3   3.2e-26   4.2e-24   83.2   0.1    40   244     1   265     1   281 0.72 -
NODE_120808_length_3146_cov_37.857893:652-2175    -            508 50407at7898          -            739     9e-29   98.7   8.2   2   3     0.013       1.7    5.2   1.1   258   282   304   328   292   339 0.82 -
NODE_120808_length_3146_cov_37.857893:652-2175    -            508 50407at7898          -            739     9e-29   98.7   8.2   3   3   8.8e-05     0.011   12.4   0.1   264   357   347   444   341   506 0.79 -
NODE_7385_length_16551_cov_32.292183:11401-12939  -            513 50407at7898          -            739   1.1e-28   98.4   6.3   1   2   1.7e-29   2.2e-27   94.1   0.5    40   243    77   334    65   342 0.73 -
NODE_7385_length_16551_cov_32.292183:11401-12939  -            513 50407at7898          -            739   1.1e-28   98.4   6.3   2   2    0.0055      0.71    6.4   0.7   275   356   427   511   419   513 0.81 -
NODE_28623_length_9808_cov_20.919456:6921-8423    -            501 50407at7898          -            739   2.7e-28   97.1  11.7   1   3   2.2e-26   2.8e-24   83.8   0.4    40   227     2   232     1   269 0.75 -
NODE_28623_length_9808_cov_20.919456:6921-8423    -            501 50407at7898          -            739   2.7e-28   97.1  11.7   2   3     0.018       2.3    4.7   1.3   250   286   295   329   265   336 0.75 -
NODE_28623_length_9808_cov_20.919456:6921-8423    -            501 50407at7898          -            739   2.7e-28   97.1  11.7   3   3   3.2e-05    0.0041   13.8   0.2   264   358   342   440   338   500 0.82 -
NODE_52221_length_6912_cov_35.208132:916-2430     -            505 50407at7898          -            739     3e-28   96.9   7.0   1   2   6.9e-28   8.8e-26   88.8   0.1    40   245     2   261     1   275 0.74 -
NODE_52221_length_6912_cov_35.208132:916-2430     -            505 50407at7898          -            739     3e-28   96.9   7.0   2   2   0.00048     0.062    9.9   2.6   275   403   359   504   294   505 0.79 -
NODE_38808_length_8325_cov_43.592512:5569-7074    -            502 50407at7898          -            739     3e-28   96.9   7.7   1   3   5.7e-26   7.4e-24   82.4   0.1    40   227     1   235     1   280 0.73 -
NODE_38808_length_8325_cov_43.592512:5569-7074    -            502 50407at7898          -            739     3e-28   96.9   7.7   2   3      0.02       2.6    4.6   1.5   258   282   304   328   286   344 0.82 -
NODE_38808_length_8325_cov_43.592512:5569-7074    -            502 50407at7898          -            739     3e-28   96.9   7.7   3   3   0.00018     0.024   11.3   0.0   266   401   345   499   336   501 0.74 -
NODE_24412_length_10582_cov_37.177621:5991-7556   -            522 50407at7898          -            739   3.3e-27   93.5   8.0   1   3   8.9e-29   1.1e-26   91.7   0.5    38   223    16   248    12   285 0.76 -
NODE_24412_length_10582_cov_37.177621:5991-7556   -            522 50407at7898          -            739   3.3e-27   93.5   8.0   2   3      0.54        69   -0.1   0.1   260   292   322   354   305   365 0.86 -
NODE_24412_length_10582_cov_37.177621:5991-7556   -            522 50407at7898          -            739   3.3e-27   93.5   8.0   3   3     0.031         4    3.9   0.3   275   361   376   466   360   521 0.78 -
NODE_28231_length_9872_cov_25.113476:4641-6251    -            537 50407at7898          -            739   4.3e-27   93.1   4.7   1   4   3.9e-28     5e-26   89.6   0.2    40   244    20   278     8   289 0.74 -
NODE_28231_length_9872_cov_25.113476:4641-6251    -            537 50407at7898          -            739   4.3e-27   93.1   4.7   2   4       2.8   3.7e+02   -2.5   0.0   260   291   319   350   305   372 0.83 -
NODE_28231_length_9872_cov_25.113476:4641-6251    -            537 50407at7898          -            739   4.3e-27   93.1   4.7   3   4      0.19        25    1.3   0.0   275   317   365   407   354   414 0.86 -
NODE_28231_length_9872_cov_25.113476:4641-6251    -            537 50407at7898          -            739   4.3e-27   93.1   4.7   4   4      0.19        24    1.4   0.0   315   398   432   529   421   536 0.68 -
NODE_64573_length_5911_cov_35.051445:346-1866     -            507 50407at7898          -            739   1.5e-25   88.0   6.5   1   4     3e-05    0.0038   13.9   0.1    43    92     2    50     1    59 0.80 -
NODE_64573_length_5911_cov_35.051445:346-1866     -            507 50407at7898          -            739   1.5e-25   88.0   6.5   2   4   1.1e-21   1.4e-19   68.3   0.3    86   226    69   232    66   265 0.84 -
NODE_64573_length_5911_cov_35.051445:346-1866     -            507 50407at7898          -            739   1.5e-25   88.0   6.5   3   4     0.027       3.4    4.2   0.0   260   299   302   341   291   405 0.78 -
NODE_64573_length_5911_cov_35.051445:346-1866     -            507 50407at7898          -            739   1.5e-25   88.0   6.5   4   4      0.11        14    2.1   0.0   598   646   459   506   432   507 0.85 -
NODE_11119_length_14522_cov_40.935936:4326-6011   -            562 50407at7898          -            739     2e-25   87.6   5.1   1   3   2.1e-25   2.7e-23   80.6   0.1    40   228    54   288    49   321 0.76 -
NODE_11119_length_14522_cov_40.935936:4326-6011   -            562 50407at7898          -            739     2e-25   87.6   5.1   2   3      0.37        47    0.4   0.1   256   286   352   383   340   412 0.78 -
NODE_11119_length_14522_cov_40.935936:4326-6011   -            562 50407at7898          -            739     2e-25   87.6   5.1   3   3     0.018       2.3    4.7   0.3   275   357   408   499   392   559 0.81 -
NODE_53008_length_6840_cov_35.521139:1261-2856    -            532 50407at7898          -            739   3.2e-24   83.6  13.9   1   3   1.3e-23   1.7e-21   74.6   2.9    36   223    26   260    19   282 0.72 -
NODE_53008_length_6840_cov_35.521139:1261-2856    -            532 50407at7898          -            739   3.2e-24   83.6  13.9   2   3    0.0096       1.2    5.6   1.3   253   294   332   373   324   386 0.88 -
NODE_53008_length_6840_cov_35.521139:1261-2856    -            532 50407at7898          -            739   3.2e-24   83.6  13.9   3   3    0.0022      0.28    7.8   0.0   283   399   398   531   388   532 0.73 -
NODE_32938_length_9119_cov_43.327384:3284-7296    -            677 50407at7898          -            739   7.6e-17   59.2   7.0   1   3       3.1     4e+02   -2.6   0.0   224   251    41    68    31    85 0.77 -
NODE_32938_length_9119_cov_43.327384:3284-7296    -            677 50407at7898          -            739   7.6e-17   59.2   7.0   2   3     1e-18   1.3e-16   58.4   3.2    40   230    91   331    73   358 0.73 -
NODE_32938_length_9119_cov_43.327384:3284-7296    -            677 50407at7898          -            739   7.6e-17   59.2   7.0   3   3       1.1   1.4e+02   -1.2   0.1   651   687   639   675   628   677 0.56 -
NODE_13748_length_13458_cov_39.047010:1710-8529   -            388 50407at7898          -            739   7.5e-14   49.3  11.3   1   2     0.013       1.7    5.2   0.3   355   398   216   259   181   262 0.77 -
NODE_13748_length_13458_cov_39.047010:1710-8529   -            388 50407at7898          -            739   7.5e-14   49.3  11.3   2   2   2.7e-15   3.5e-13   47.1  10.6   540   696   235   387   222   388 0.88 -
NODE_91010_length_4358_cov_41.034046:1639-3759    -            557 50407at7898          -            739   2.2e-05   21.3   8.0   1   3      0.74        96   -0.6   2.2   492   689    88   129    78   140 0.53 -
NODE_91010_length_4358_cov_41.034046:1639-3759    -            557 50407at7898          -            739   2.2e-05   21.3   8.0   2   3      0.97   1.3e+02   -1.0   1.5   570   612   281   322   253   392 0.72 -
NODE_91010_length_4358_cov_41.034046:1639-3759    -            557 50407at7898          -            739   2.2e-05   21.3   8.0   3   3   1.7e-07   2.2e-05   21.3   8.0   566   643   393   469   357   478 0.77 -
NODE_93765_length_4226_cov_26.956142:1845-2261    -            139 50407at7898          -            739     0.001   15.8   0.3   1   2       4.4   5.7e+02   -3.2   0.1   568   582    23    37    17    39 0.74 -
NODE_93765_length_4226_cov_26.956142:1845-2261    -            139 50407at7898          -            739     0.001   15.8   0.3   2   2   8.1e-06     0.001   15.8   0.3   662   719    48   102    44   108 0.88 -
NODE_69253_length_5591_cov_40.808631:2540-5542    -            621 50407at7898          -            739    0.0033   14.2   0.7   1   1   3.9e-05    0.0051   13.5   0.7   564   663    86   182    31   190 0.84 -
NODE_4046_length_19779_cov_33.253303:8279-8470    -             64 50407at7898          -            739    0.0042   13.8   0.1   1   1   3.3e-05    0.0042   13.8   0.1    32    62     6    35     1    52 0.81 -
NODE_16841_length_12443_cov_40.389663:1719-3116   -            466 50407at7898          -            739    0.0052   13.5   0.3   1   1   5.7e-05    0.0074   13.0   0.3   369   463    96   188    76   212 0.85 -
NODE_48574_length_7258_cov_34.161894:5484-6220    -            217 50407at7898          -            739    0.0094   12.6   0.1   1   1     9e-05     0.012   12.3   0.1   598   728     7   138     1   146 0.74 -
NODE_10505_length_14827_cov_39.206817:1257-1496   -             80 50407at7898          -            739     0.016   11.9   0.0   1   1   0.00013     0.017   11.8   0.0    38    68    20    50     7    59 0.78 -
NODE_7421_length_16520_cov_33.048414:3919-5280    -            454 50407at7898          -            739     0.021   11.5   0.9   1   1   0.00022     0.028   11.1   0.9   366   481    90   203    66   209 0.84 -
NODE_65762_length_5829_cov_77.366667:3162-4547    -            462 50407at7898          -            739     0.024   11.3   0.3   1   1   0.00025     0.033   10.9   0.3   374   462    79   166    61   184 0.86 -
NODE_45779_length_7539_cov_33.763038:5610-6024    -             83 50407at7898          -            739     0.029   11.0   0.0   1   1   0.00023     0.029   11.0   0.0    40    62    19    41     4    71 0.82 -
NODE_120871_length_3144_cov_105.161905:2839-3021  -             61 50407at7898          -            739      0.05   10.3   0.0   1   1   0.00039      0.05   10.3   0.0    40    63    22    45     8    60 0.79 -
NODE_24024_length_10659_cov_30.770549:2068-2295   -             76 50407at7898          -            739     0.052   10.2   0.0   1   1   0.00048     0.062    9.9   0.0    40    63    10    33     3    40 0.89 -
NODE_123386_length_3059_cov_40.091554:1357-1533   -             59 50407at7898          -            739     0.062    9.9   0.0   1   1   0.00048     0.062    9.9   0.0    20    59    14    54     1    58 0.72 -
NODE_14048_length_13361_cov_36.080531:10214-11107 -            298 50407at7898          -            739     0.081    9.5   3.4   1   2      0.36        46    0.4   0.2   378   442   100   161    94   200 0.64 -
NODE_14048_length_13361_cov_36.080531:10214-11107 -            298 50407at7898          -            739     0.081    9.5   3.4   2   2   0.00058     0.075    9.7   0.4   375   449   218   289   203   297 0.83 -
#
# Program:         hmmsearch
# Version:         3.1b2 (February 2015)
# Pipeline mode:   SEARCH
# Query file:      /home/e1garcia/shotgun_PIRE/abyss/busco_downloads/lineages/actinopterygii_odb10/hmms/50407at7898.hmm
# Target file:     /home/e1garcia/shotgun_PIRE/pire_ssl_data_processing/plotosus_lineatus/busco_scaffolds_results-SPAdes_contam_R1R2_noIsolate/run_actinopterygii_odb10/metaeuk_output/initial_results/scaffolds.modified.fasta.modified.fas
# Option settings: hmmsearch --domtblout /home/e1garcia/shotgun_PIRE/pire_ssl_data_processing/plotosus_lineatus/busco_scaffolds_results-SPAdes_contam_R1R2_noIsolate/run_actinopterygii_odb10/hmmer_output/initial_run_results/50407at7898.out --cpu 1 /home/e1garcia/shotgun_PIRE/abyss/busco_downloads/lineages/actinopterygii_odb10/hmms/50407at7898.hmm /home/e1garcia/shotgun_PIRE/pire_ssl_data_processing/plotosus_lineatus/busco_scaffolds_results-SPAdes_contam_R1R2_noIsolate/run_actinopterygii_odb10/metaeuk_output/initial_results/scaffolds.modified.fasta.modified.fas 
# Current dir:     /home/e1garcia/shotgun_PIRE/pire_ssl_data_processing/plotosus_lineatus
# Date:            Fri Aug 20 13:31:55 2021
# [ok]
