#                                                                                                        --- full sequence --- -------------- this domain -------------   hmm coord   ali coord   env coord
# target name                                    accession   tlen query name           accession   qlen   E-value  score  bias   #  of  c-Evalue  i-Evalue  score  bias  from    to  from    to  from    to  acc description of target
#                            ------------------- ---------- ----- -------------------- ---------- ----- --------- ------ ----- --- --- --------- --------- ------ ----- ----- ----- ----- ----- ----- ----- ---- ---------------------
NODE_69420_length_5580_cov_30.633826:3284-4729   -            259 51032at7898          -            411  4.3e-136  452.4   2.5   1   1    3e-138  4.8e-136  452.2   2.5    72   318     1   259     1   259 0.97 -
NODE_103275_length_3811_cov_32.015086:1331-3187  -            353 51032at7898          -            411  7.2e-107  356.1   2.2   1   1    5e-109    8e-107  356.0   2.2    72   406     1   348     1   353 0.92 -
NODE_6635_length_17142_cov_48.400634:10590-16166 -            342 51032at7898          -            411   3.9e-57  192.3   6.7   1   2     0.052       8.4    3.5   0.0     1    24     3    26     3    42 0.75 -
NODE_6635_length_17142_cov_48.400634:10590-16166 -            342 51032at7898          -            411   3.9e-57  192.3   6.7   2   2     2e-58   3.3e-56  189.3   4.4    29   289    68   341    55   342 0.91 -
NODE_7627_length_16382_cov_44.257753:13103-14260 -            386 51032at7898          -            411   3.3e-40  136.6  11.6   1   3   1.2e-11   1.9e-09   35.2   0.1   178   270    33   124    11   130 0.74 -
NODE_7627_length_16382_cov_44.257753:13103-14260 -            386 51032at7898          -            411   3.3e-40  136.6  11.6   2   3   1.2e-15   1.9e-13   48.5   1.6    79   205   131   259   125   267 0.88 -
NODE_7627_length_16382_cov_44.257753:13103-14260 -            386 51032at7898          -            411   3.3e-40  136.6  11.6   3   3   6.9e-19   1.1e-16   59.1   0.5    83   190   268   376   262   385 0.90 -
NODE_5089_length_18489_cov_45.591898:3473-4573   -            367 51032at7898          -            411   3.8e-36  123.2  19.3   1   4   4.5e-08   7.2e-06   23.5   0.2   100   208    19   127     9   130 0.78 -
NODE_5089_length_18489_cov_45.591898:3473-4573   -            367 51032at7898          -            411   3.8e-36  123.2  19.3   2   4   5.5e-15   8.8e-13   46.2   1.5    81   191    98   211    94   211 0.87 -
NODE_5089_length_18489_cov_45.591898:3473-4573   -            367 51032at7898          -            411   3.8e-36  123.2  19.3   3   4   7.1e-20   1.1e-17   62.3   0.9    84   207   134   261   134   266 0.90 -
NODE_5089_length_18489_cov_45.591898:3473-4573   -            367 51032at7898          -            411   3.8e-36  123.2  19.3   4   4   2.1e-08   3.4e-06   24.5   0.2    83   168   268   356   264   363 0.70 -
NODE_45352_length_7584_cov_39.605077:4884-6136   -            289 51032at7898          -            411   2.7e-31  107.2   6.1   1   3     1e-07   1.7e-05   22.3   0.1    88   142    26    82     4    86 0.85 -
NODE_45352_length_7584_cov_39.605077:4884-6136   -            289 51032at7898          -            411   2.7e-31  107.2   6.1   2   3   2.1e-25   3.3e-23   80.6   0.8    84   215    55   189    53   216 0.92 -
NODE_45352_length_7584_cov_39.605077:4884-6136   -            289 51032at7898          -            411   2.7e-31  107.2   6.1   3   3   4.5e-07   7.2e-05   20.2   0.0   349   405   230   287   202   289 0.85 -
NODE_5511_length_18100_cov_37.897672:3020-4018   -            333 51032at7898          -            411   3.5e-27   93.7   7.0   1   3   1.3e-08   2.1e-06   25.2   0.4   203   283     1    87     1   107 0.78 -
NODE_5511_length_18100_cov_37.897672:3020-4018   -            333 51032at7898          -            411   3.5e-27   93.7   7.0   2   3   5.6e-16   9.1e-14   49.5   0.2    81   207   114   241   108   251 0.90 -
NODE_5511_length_18100_cov_37.897672:3020-4018   -            333 51032at7898          -            411   3.5e-27   93.7   7.0   3   3   5.7e-07   9.2e-05   19.8   0.1   121   196   255   329   242   333 0.65 -
NODE_30721_length_9456_cov_34.877311:5742-6806   -            355 51032at7898          -            411   9.3e-25   85.7   4.6   1   4   0.00022     0.036   11.3   0.0   229   272     4    48     1    59 0.69 -
NODE_30721_length_9456_cov_34.877311:5742-6806   -            355 51032at7898          -            411   9.3e-25   85.7   4.6   2   4   3.5e-07   5.7e-05   20.5   0.2    83   155    60   134    53   149 0.85 -
NODE_30721_length_9456_cov_34.877311:5742-6806   -            355 51032at7898          -            411   9.3e-25   85.7   4.6   3   4   2.2e-13   3.5e-11   41.0   0.1    81   208   159   288   155   297 0.87 -
NODE_30721_length_9456_cov_34.877311:5742-6806   -            355 51032at7898          -            411   9.3e-25   85.7   4.6   4   4   8.1e-05     0.013   12.7   0.1    83   138   294   353   288   355 0.83 -
NODE_30721_length_9456_cov_34.877311:5394-6422   -            343 51032at7898          -            411   5.3e-23   79.9   8.1   1   3   1.2e-06   0.00019   18.8   0.1    88   151     5    70     1    74 0.83 -
NODE_30721_length_9456_cov_34.877311:5394-6422   -            343 51032at7898          -            411   5.3e-23   79.9   8.1   2   3   3.1e-16     5e-14   50.3   2.2    83   267    66   261    63   271 0.83 -
NODE_30721_length_9456_cov_34.877311:5394-6422   -            343 51032at7898          -            411   5.3e-23   79.9   8.1   3   3   8.1e-06    0.0013   16.0   0.1    81   146   275   342   269   343 0.87 -
NODE_18924_length_11862_cov_29.614639:5962-6945  -            328 51032at7898          -            411   7.5e-23   79.4   0.4   1   2   1.5e-12   2.4e-10   38.2   0.0    83   208    27   154    22   159 0.92 -
NODE_18924_length_11862_cov_29.614639:5962-6945  -            328 51032at7898          -            411   7.5e-23   79.4   0.4   2   2   7.1e-13   1.1e-10   39.3   0.1    83   216   160   294   155   328 0.85 -
NODE_701_length_29143_cov_41.699353:19109-21163  -            610 51032at7898          -            411   3.7e-22   77.1   4.3   1   3   0.00013      0.02   12.1   0.1   146   218    35   118    24   122 0.48 -
NODE_701_length_29143_cov_41.699353:19109-21163  -            610 51032at7898          -            411   3.7e-22   77.1   4.3   2   3   1.9e-15     3e-13   47.8   0.4    83   213   111   241   107   254 0.87 -
NODE_701_length_29143_cov_41.699353:19109-21163  -            610 51032at7898          -            411   3.7e-22   77.1   4.3   3   3   1.5e-07   2.5e-05   21.7   0.0   228   268   502   543   474   572 0.82 -
NODE_14748_length_13098_cov_32.515886:2239-4071  -            611 51032at7898          -            411   1.8e-20   71.6   5.4   1   3   5.5e-05    0.0088   13.3   0.1   148   218    37   118    24   121 0.56 -
NODE_14748_length_13098_cov_32.515886:2239-4071  -            611 51032at7898          -            411   1.8e-20   71.6   5.4   2   3   8.6e-13   1.4e-10   39.0   1.1    83   208   111   236   109   254 0.85 -
NODE_14748_length_13098_cov_32.515886:2239-4071  -            611 51032at7898          -            411   1.8e-20   71.6   5.4   3   3     3e-08   4.8e-06   24.1   0.0   157   208   501   551   469   562 0.82 -
NODE_22002_length_11098_cov_37.332121:2666-10140 -            319 51032at7898          -            411   3.3e-20   70.7   5.8   1   3   8.9e-18   1.4e-15   55.4   0.1    30   173    21   157     4   161 0.86 -
NODE_22002_length_11098_cov_37.332121:2666-10140 -            319 51032at7898          -            411   3.3e-20   70.7   5.8   2   3    0.0046      0.73    7.0   0.1    82   128   177   223   164   255 0.66 -
NODE_22002_length_11098_cov_37.332121:2666-10140 -            319 51032at7898          -            411   3.3e-20   70.7   5.8   3   3   0.00067      0.11    9.7   0.1   365   404   277   316   266   319 0.89 -
NODE_2642_length_22032_cov_48.962157:10999-11541 -            181 51032at7898          -            411   6.1e-18   63.2   0.2   1   2   1.2e-05    0.0019   15.5   0.0   114   173     1    64     1    70 0.55 -
NODE_2642_length_22032_cov_48.962157:10999-11541 -            181 51032at7898          -            411   6.1e-18   63.2   0.2   2   2   5.5e-15   8.9e-13   46.2   0.1    82   189    70   176    66   180 0.87 -
NODE_29764_length_9612_cov_28.439819:5657-8487   -            633 51032at7898          -            411   3.5e-15   54.1  11.2   1   4    0.0096       1.5    5.9   0.0   144   202    20    74     9    88 0.76 -
NODE_29764_length_9612_cov_28.439819:5657-8487   -            633 51032at7898          -            411   3.5e-15   54.1  11.2   2   4   1.2e-13   1.9e-11   41.8   5.7    81   269    51   247    42   258 0.81 -
NODE_29764_length_9612_cov_28.439819:5657-8487   -            633 51032at7898          -            411   3.5e-15   54.1  11.2   3   4   0.00035     0.057   10.6   0.0   125   155   517   547   491   553 0.75 -
NODE_29764_length_9612_cov_28.439819:5657-8487   -            633 51032at7898          -            411   3.5e-15   54.1  11.2   4   4      0.98   1.6e+02   -0.7   0.0   230   258   561   590   553   608 0.73 -
NODE_61549_length_6133_cov_32.954093:1695-4460   -            179 51032at7898          -            411   1.2e-12   45.8   0.2   1   1     2e-12   3.2e-10   37.8   0.2    78   170    36   132    11   173 0.71 -
NODE_8397_length_15945_cov_60.929698:6486-13522  -            206 51032at7898          -            411   2.8e-11   41.3   4.9   1   2   1.2e-05     0.002   15.4   0.2   149   200     4    54     1    86 0.62 -
NODE_8397_length_15945_cov_60.929698:6486-13522  -            206 51032at7898          -            411   2.8e-11   41.3   4.9   2   2   1.7e-09   2.7e-07   28.2   1.3    84   187    75   180    51   187 0.83 -
NODE_68157_length_5662_cov_35.241417:435-4740    -            204 51032at7898          -            411   1.4e-10   39.0   3.0   1   2     4e-05    0.0065   13.7   0.0   213   267     2    52     1    58 0.81 -
NODE_68157_length_5662_cov_35.241417:435-4740    -            204 51032at7898          -            411   1.4e-10   39.0   3.0   2   2   1.5e-08   2.3e-06   25.1   1.8    77   208    61   197    50   202 0.84 -
NODE_19850_length_11618_cov_34.144631:8457-9472  -            322 51032at7898          -            411   4.6e-10   37.3   6.4   1   3   1.2e-10     2e-08   31.9   1.3    83   175    68   162    66   179 0.89 -
NODE_19850_length_11618_cov_34.144631:8457-9472  -            322 51032at7898          -            411   4.6e-10   37.3   6.4   2   3    0.0084       1.3    6.1   0.1    87   112   180   205   168   252 0.52 -
NODE_19850_length_11618_cov_34.144631:8457-9472  -            322 51032at7898          -            411   4.6e-10   37.3   6.4   3   3      0.57        91    0.1   0.0   388   403   303   318   288   321 0.84 -
NODE_17821_length_12161_cov_32.859725:3604-3981  -            126 51032at7898          -            411   6.8e-09   33.4   0.3   1   1   4.7e-11   7.6e-09   33.3   0.3   115   228     3   117     1   124 0.85 -
NODE_27453_length_10018_cov_35.592701:477-845    -            123 51032at7898          -            411   1.6e-08   32.2   0.0   1   1   1.1e-10   1.8e-08   32.0   0.0   196   285    10   108     1   112 0.76 -
NODE_2005_length_23558_cov_40.164670:742-20735   -            505 51032at7898          -            411   6.7e-08   30.2   0.6   1   1     7e-10   1.1e-07   29.4   0.6   113   202   412   503   405   505 0.88 -
NODE_9662_length_15243_cov_35.488378:199-631     -            117 51032at7898          -            411   8.6e-08   29.8   0.8   1   1   5.8e-10   9.4e-08   29.7   0.8    95   168     9    84     1   110 0.77 -
NODE_47927_length_7321_cov_39.319994:4582-5034   -            151 51032at7898          -            411   1.2e-07   29.3   1.0   1   2   0.00026     0.041   11.1   0.0   179   209    27    57     7    69 0.62 -
NODE_47927_length_7321_cov_39.319994:4582-5034   -            151 51032at7898          -            411   1.2e-07   29.3   1.0   2   2   4.1e-06   0.00066   17.0   0.2   109   167    90   149    84   151 0.73 -
NODE_14748_length_13098_cov_32.515886:3472-3945  -            158 51032at7898          -            411   1.6e-07   29.0   0.0   1   2      0.62        99   -0.0   0.0   245   256    64    75    35    86 0.60 -
NODE_14748_length_13098_cov_32.515886:3472-3945  -            158 51032at7898          -            411   1.6e-07   29.0   0.0   2   2     3e-09   4.8e-07   27.4   0.0   157   208    90   140    58   148 0.81 -
NODE_18402_length_12002_cov_41.978829:5108-5524  -            139 51032at7898          -            411   1.6e-07   28.9   0.1   1   1   4.3e-09   6.9e-07   26.8   0.1    84   197     6   126     1   139 0.42 -
NODE_122155_length_3100_cov_32.456181:636-2013   -            225 51032at7898          -            411     7e-07   26.8   0.1   1   1   5.2e-09   8.4e-07   26.5   0.1   142   228    94   182    66   216 0.73 -
NODE_21330_length_11255_cov_44.313912:1108-8184  -            873 51032at7898          -            411   7.1e-06   23.5   3.1   1   1   8.3e-08   1.3e-05   22.6   3.1   108   272   694   864   666   871 0.75 -
NODE_105819_length_3708_cov_121.924356:820-1092  -             91 51032at7898          -            411   8.1e-06   23.3   0.8   1   1   5.4e-08   8.7e-06   23.2   0.8   179   264     5    89     1    91 0.47 -
NODE_701_length_29143_cov_41.699353:19949-21022  -            358 51032at7898          -            411   8.4e-06   23.3   0.0   1   1   8.5e-08   1.4e-05   22.6   0.0   228   268   297   338   268   347 0.84 -
NODE_3504_length_20547_cov_34.122164:3533-3883   -            117 51032at7898          -            411   1.1e-05   22.8   0.1   1   1   1.2e-07     2e-05   22.0   0.1   198   269     6    85     2   110 0.70 -
NODE_1757_length_24301_cov_43.780721:13474-21409 -            584 51032at7898          -            411   1.2e-05   22.7   0.1   1   1   1.2e-07   1.9e-05   22.1   0.1    84   180    36   135    25   163 0.79 -
NODE_23233_length_10826_cov_33.259812:5244-5600  -            119 51032at7898          -            411   0.00017   19.0   0.1   1   1   1.2e-06   0.00019   18.8   0.1   207   269    26    88    11   108 0.70 -
NODE_14795_length_13080_cov_45.166782:3206-3613  -            136 51032at7898          -            411   0.00028   18.2   0.0   1   1     2e-06   0.00032   18.0   0.0    84   213    39   106    16   126 0.54 -
NODE_88810_length_4468_cov_31.640192:1585-3028   -            120 51032at7898          -            411    0.0004   17.7   0.0   1   1   2.5e-06    0.0004   17.7   0.0   210   285    34   107     1   120 0.67 -
NODE_20496_length_11461_cov_36.285337:8515-11055 -            116 51032at7898          -            411    0.0016   15.8   0.0   1   1   1.1e-05    0.0017   15.6   0.0    80   140    51   112    10   115 0.54 -
NODE_11185_length_14490_cov_29.459106:3715-9467  -            576 51032at7898          -            411    0.0029   14.9   0.0   1   1   2.9e-05    0.0046   14.2   0.0    84   136    41    95    21   120 0.57 -
NODE_14423_length_13217_cov_38.950526:9496-12973 -            479 51032at7898          -            411    0.0087   13.3   0.8   1   1   9.7e-05     0.016   12.5   0.8   113   179   323   390   302   398 0.87 -
NODE_25733_length_10325_cov_34.575689:7022-7483  -            154 51032at7898          -            411     0.015   12.5   0.0   1   1   0.00012     0.018   12.2   0.0   247   285    75   116    32   126 0.77 -
NODE_16114_length_12657_cov_33.839545:1091-9640  -            413 51032at7898          -            411     0.024   11.9   0.0   1   1   0.00033     0.053   10.7   0.0    81   110    24    54    19    89 0.74 -
#
# Program:         hmmsearch
# Version:         3.1b2 (February 2015)
# Pipeline mode:   SEARCH
# Query file:      /home/e1garcia/shotgun_PIRE/abyss/busco_downloads/lineages/actinopterygii_odb10/hmms/51032at7898.hmm
# Target file:     /home/e1garcia/shotgun_PIRE/pire_ssl_data_processing/plotosus_lineatus/busco_scaffolds_results-SPAdes_contam_R1R2_noIsolate/run_actinopterygii_odb10/metaeuk_output/initial_results/scaffolds.modified.fasta.modified.fas
# Option settings: hmmsearch --domtblout /home/e1garcia/shotgun_PIRE/pire_ssl_data_processing/plotosus_lineatus/busco_scaffolds_results-SPAdes_contam_R1R2_noIsolate/run_actinopterygii_odb10/hmmer_output/initial_run_results/51032at7898.out --cpu 1 /home/e1garcia/shotgun_PIRE/abyss/busco_downloads/lineages/actinopterygii_odb10/hmms/51032at7898.hmm /home/e1garcia/shotgun_PIRE/pire_ssl_data_processing/plotosus_lineatus/busco_scaffolds_results-SPAdes_contam_R1R2_noIsolate/run_actinopterygii_odb10/metaeuk_output/initial_results/scaffolds.modified.fasta.modified.fas 
# Current dir:     /home/e1garcia/shotgun_PIRE/pire_ssl_data_processing/plotosus_lineatus
# Date:            Fri Aug 20 13:24:29 2021
# [ok]
