#                                                                                                         --- full sequence --- -------------- this domain -------------   hmm coord   ali coord   env coord
# target name                                     accession   tlen query name           accession   qlen   E-value  score  bias   #  of  c-Evalue  i-Evalue  score  bias  from    to  from    to  from    to  acc description of target
#                             ------------------- ---------- ----- -------------------- ---------- ----- --------- ------ ----- --- --- --------- --------- ------ ----- ----- ----- ----- ----- ----- ----- ---- ---------------------
NODE_12376_length_13989_cov_40.813751:1561-9122   -            414 59187at7898          -            383  4.6e-199  659.2  12.3   1   1    2e-196  1.2e-194  644.7  12.3    64   378     1   368     1   377 0.90 -
NODE_3210_length_21008_cov_67.764742:2004-13081   -            551 59187at7898          -            383   1.5e-59  200.0   0.0   1   1   4.6e-61   2.8e-59  199.1   0.0    60   278    13   229     3   247 0.92 -
NODE_62797_length_6043_cov_32.415713:4534-5223    -            230 59187at7898          -            383   3.1e-34  116.7   0.0   1   1   7.8e-36   4.8e-34  116.1   0.0    50   225    32   212    17   230 0.86 -
NODE_2625_length_22063_cov_45.313650:12431-19410  -            980 59187at7898          -            383     8e-31  105.4   0.0   1   2    0.0024      0.15    9.1   0.0    18    55    33    70    19   106 0.77 -
NODE_2625_length_22063_cov_45.313650:12431-19410  -            980 59187at7898          -            383     8e-31  105.4   0.0   2   2     3e-29   1.8e-27   94.4   0.0    35   265   105   333    84   340 0.86 -
NODE_50204_length_7097_cov_34.072449:3103-3924    -            274 59187at7898          -            383   6.8e-28   95.8   0.1   1   1   1.7e-29     1e-27   95.2   0.1    26   264     9   264     2   272 0.79 -
NODE_2823_length_21641_cov_39.219571:5604-15162   -            462 59187at7898          -            383   1.2e-25   88.4   0.0   1   1   2.9e-27   1.8e-25   87.8   0.0    21   274     4   269     2   328 0.75 -
NODE_5713_length_17928_cov_41.533849:7141-16694   -            417 59187at7898          -            383   6.1e-25   86.1   0.0   1   1   1.4e-26   8.4e-25   85.6   0.0    22   284    92   373    79   398 0.79 -
NODE_28413_length_9841_cov_39.984500:1549-9149    -            492 59187at7898          -            383   3.7e-23   80.2   0.3   1   1   2.9e-24   1.8e-22   78.0   0.3    51   199    82   230    59   299 0.93 -
NODE_1860_length_24014_cov_33.227849:2232-8087    -            638 59187at7898          -            383     2e-22   77.8   0.0   1   2   8.6e-05    0.0053   13.9   0.0    23   202   134   334   120   378 0.62 -
NODE_1860_length_24014_cov_33.227849:2232-8087    -            638 59187at7898          -            383     2e-22   77.8   0.0   2   2   6.3e-19   3.9e-17   60.4   0.0    20   199   423   622   413   629 0.80 -
NODE_5048_length_18525_cov_38.399870:1863-15196   -            779 59187at7898          -            383   2.4e-22   77.5   0.0   1   1   6.3e-24   3.8e-22   76.9   0.0    24   264   496   750   479   772 0.80 -
NODE_5355_length_18236_cov_43.715719:2529-17495   -            349 59187at7898          -            383     7e-21   72.7   0.0   1   2   2.6e-21   1.6e-19   68.2   0.0    62   211    86   245    75   259 0.82 -
NODE_5355_length_18236_cov_43.715719:2529-17495   -            349 59187at7898          -            383     7e-21   72.7   0.0   2   2       0.3        18    2.2   0.0   231   254   307   330   295   342 0.73 -
NODE_96339_length_4113_cov_37.603886:218-3329     -            254 59187at7898          -            383   3.5e-20   70.4   0.0   1   1     9e-22   5.5e-20   69.8   0.0    19   176     6   185     2   218 0.80 -
NODE_218204_length_919_cov_1.091463:227-784       -            186 59187at7898          -            383   1.5e-19   68.4   0.0   1   1   2.8e-21   1.7e-19   68.1   0.0    58   227     4   172     1   185 0.86 -
NODE_25164_length_10433_cov_35.185794:1925-9737   -            611 59187at7898          -            383   1.8e-19   68.1   0.0   1   2   0.00023     0.014   12.5   0.0    25   247   138   372   133   388 0.67 -
NODE_25164_length_10433_cov_35.185794:1925-9737   -            611 59187at7898          -            383   1.8e-19   68.1   0.0   2   2   8.7e-17   5.3e-15   53.4   0.0    41   199   423   596   390   602 0.78 -
NODE_1786_length_24199_cov_40.651286:1967-5623    -            280 59187at7898          -            383     2e-19   67.9   0.0   1   1   1.9e-19   1.2e-17   62.1   0.0    30   218     1   206     1   279 0.82 -
NODE_1322_length_25862_cov_38.864146:13010-15164  -            190 59187at7898          -            383   2.6e-19   67.5   0.1   1   1   1.6e-20     1e-18   65.6   0.1    20   193     5   190     2   190 0.72 -
NODE_26074_length_10266_cov_35.585227:1379-9469   -            525 59187at7898          -            383     4e-19   66.9   0.0   1   2   1.8e-05    0.0011   16.1   0.0    28   100   159   231   118   235 0.72 -
NODE_26074_length_10266_cov_35.585227:1379-9469   -            525 59187at7898          -            383     4e-19   66.9   0.0   2   2   2.9e-15   1.8e-13   48.3   0.0   101   256   255   412   237   429 0.86 -
NODE_231545_length_749_cov_1.407692:16-663        -            216 59187at7898          -            383   5.3e-19   66.5   0.0   1   1   1.1e-19   6.6e-18   62.9   0.0    46   206    44   204     1   210 0.89 -
NODE_507_length_31223_cov_40.552532:3254-9641     -            455 59187at7898          -            383   6.8e-19   66.2   0.0   1   1   3.2e-20     2e-18   64.6   0.0    24   267    27   280     8   288 0.74 -
NODE_7229_length_16677_cov_47.119797:6768-10096   -            636 59187at7898          -            383   9.2e-19   65.7   0.0   1   2   1.5e-05   0.00093   16.4   0.0    17    55    70   108    54   138 0.83 -
NODE_7229_length_16677_cov_47.119797:6768-10096   -            636 59187at7898          -            383   9.2e-19   65.7   0.0   2   2   6.6e-15   4.1e-13   47.2   0.0    93   224   164   303   144   319 0.80 -
NODE_7418_length_16520_cov_41.307533:2212-9342    -            279 59187at7898          -            383   6.4e-18   63.0   0.0   1   1   7.3e-19   4.5e-17   60.2   0.0    21   263     9   253     2   273 0.75 -
NODE_58568_length_6362_cov_36.513013:2742-3833    -            221 59187at7898          -            383   5.4e-17   59.9   0.0   1   1   9.5e-19   5.8e-17   59.8   0.0    52   207    44   192     1   219 0.84 -
NODE_32418_length_9195_cov_76.284301:3380-6437    -            177 59187at7898          -            383   8.4e-17   59.3   0.0   1   1   2.3e-18   1.4e-16   58.6   0.0    25   199     6   177     2   177 0.78 -
NODE_75428_length_5195_cov_39.378532:2238-5021    -            817 59187at7898          -            383   1.5e-16   58.4   0.1   1   2     4e-13   2.4e-11   41.3   0.0    47   154   596   702   542   715 0.74 -
NODE_75428_length_5195_cov_39.378532:2238-5021    -            817 59187at7898          -            383   1.5e-16   58.4   0.1   2   2   4.7e-05    0.0029   14.7   0.0   165   208   760   807   749   815 0.80 -
NODE_1006_length_27322_cov_37.278772:1529-16152   -            666 59187at7898          -            383   1.9e-16   58.1   0.0   1   2       3.7   2.3e+02   -1.4   0.0    66    98   347   379   280   390 0.59 -
NODE_1006_length_27322_cov_37.278772:1529-16152   -            666 59187at7898          -            383   1.9e-16   58.1   0.0   2   2   1.4e-17   8.4e-16   56.0   0.0   113   232   455   581   437   603 0.74 -
NODE_86314_length_4593_cov_31.857588:2460-3452    -            331 59187at7898          -            383   2.2e-16   57.9   0.0   1   2      0.16       9.6    3.1   0.0    24    54    64    92    54   105 0.85 -
NODE_86314_length_4593_cov_31.857588:2460-3452    -            331 59187at7898          -            383   2.2e-16   57.9   0.0   2   2   1.4e-16   8.7e-15   52.7   0.0    82   258   145   326   139   329 0.90 -
NODE_113439_length_3410_cov_35.278466:496-2085    -            530 59187at7898          -            383   5.1e-16   56.7   0.0   1   3   0.00062     0.038   11.1   0.0    21    56   151   186   142   197 0.90 -
NODE_113439_length_3410_cov_35.278466:496-2085    -            530 59187at7898          -            383   5.1e-16   56.7   0.0   2   3   5.2e-11   3.2e-09   34.3   0.0   113   204   259   349   247   355 0.89 -
NODE_113439_length_3410_cov_35.278466:496-2085    -            530 59187at7898          -            383   5.1e-16   56.7   0.0   3   3    0.0082       0.5    7.4   0.0   235   264   437   466   428   480 0.90 -
NODE_30314_length_9529_cov_37.750795:1019-7595    -            346 59187at7898          -            383   6.1e-16   56.5   0.0   1   3   2.4e-05    0.0015   15.7   0.0    24    54     4    34     1    45 0.87 -
NODE_30314_length_9529_cov_37.750795:1019-7595    -            346 59187at7898          -            383   6.1e-16   56.5   0.0   2   3   1.2e-08   7.6e-07   26.5   0.0    75   153   120   199   110   207 0.86 -
NODE_30314_length_9529_cov_37.750795:1019-7595    -            346 59187at7898          -            383   6.1e-16   56.5   0.0   3   3     0.001     0.061   10.4   0.1   166   201   233   267   224   275 0.88 -
NODE_24310_length_10600_cov_39.744024:3035-9470   -            354 59187at7898          -            383   1.1e-15   55.6   0.0   1   2      0.02       1.2    6.1   0.0    18    56     1    45     1    57 0.78 -
NODE_24310_length_10600_cov_39.744024:3035-9470   -            354 59187at7898          -            383   1.1e-15   55.6   0.0   2   2   5.3e-15   3.2e-13   47.5   0.0    79   195   136   259   124   267 0.81 -
NODE_14177_length_13312_cov_42.251419:7147-7971   -            275 59187at7898          -            383   3.8e-15   53.8   0.1   1   1   7.6e-17   4.7e-15   53.5   0.1    23   264     3   257     1   271 0.83 -
NODE_8215_length_16050_cov_35.501724:3002-10500   -            234 59187at7898          -            383   5.1e-15   53.4   0.0   1   1   9.8e-17     6e-15   53.2   0.0    62   211    35   184     2   207 0.80 -
NODE_18409_length_12001_cov_38.171568:6692-8973   -            172 59187at7898          -            383   5.5e-15   53.3   0.2   1   1   2.9e-16   1.8e-14   51.6   0.2    55   201    34   169     6   172 0.87 -
NODE_11386_length_14402_cov_34.692372:4476-7064   -            244 59187at7898          -            383   8.9e-15   52.6   0.0   1   1   2.3e-16   1.4e-14   51.9   0.0   101   261    78   242    16   244 0.82 -
NODE_39759_length_8208_cov_52.333457:1279-7344    -            505 59187at7898          -            383   1.6e-14   51.8   1.0   1   2   2.2e-12   1.3e-10   38.9   0.0    59   177     2   125     1   145 0.75 -
NODE_39759_length_8208_cov_52.333457:1279-7344    -            505 59187at7898          -            383   1.6e-14   51.8   1.0   2   2    0.0011     0.065   10.3   0.2   213   265   215   267   161   285 0.83 -
NODE_91363_length_4340_cov_47.026880:861-3884     -            693 59187at7898          -            383   4.8e-14   50.2   0.1   1   1   1.6e-15   9.7e-14   49.2   0.1    15   154   527   679   517   688 0.74 -
NODE_9768_length_15185_cov_47.128994:2925-14862   -            320 59187at7898          -            383   7.8e-14   49.5   0.0   1   1   1.4e-15   8.8e-14   49.3   0.0    98   259    50   213    31   291 0.88 -
NODE_13198_length_13664_cov_106.615260:3911-11188 -            319 59187at7898          -            383   8.3e-14   49.4   0.0   1   1   1.9e-13   1.2e-11   42.4   0.0    24   207   141   318   125   319 0.70 -
NODE_5359_length_18231_cov_37.877730:1716-4768    -            334 59187at7898          -            383   1.4e-13   48.7   0.1   1   2   6.7e-05    0.0041   14.2   0.0    22    54     2    34     1    44 0.89 -
NODE_5359_length_18231_cov_37.877730:1716-4768    -            334 59187at7898          -            383   1.4e-13   48.7   0.1   2   2   1.5e-09   9.1e-08   29.6   0.0    80   201   113   252   108   266 0.69 -
NODE_31440_length_9345_cov_37.724421:3584-6220    -            195 59187at7898          -            383   1.8e-13   48.3   0.0   1   1     5e-15   3.1e-13   47.6   0.0    20   177     9   181     4   195 0.77 -
NODE_15695_length_12783_cov_47.549432:3465-11752  -            420 59187at7898          -            383   2.1e-13   48.1   0.0   1   1   1.2e-14   7.4e-13   46.3   0.0    22   257    70   325    55   344 0.72 -
NODE_8433_length_15926_cov_43.097934:9131-10717   -            529 59187at7898          -            383     3e-13   47.6   0.0   1   3      0.28        17    2.3   0.0    21    56   148   183   143   194 0.88 -
NODE_8433_length_15926_cov_43.097934:9131-10717   -            529 59187at7898          -            383     3e-13   47.6   0.0   2   3   2.5e-10   1.5e-08   32.1   0.0   112   206   255   348   236   381 0.88 -
NODE_8433_length_15926_cov_43.097934:9131-10717   -            529 59187at7898          -            383     3e-13   47.6   0.0   3   3    0.0022      0.13    9.2   0.0   234   266   433   465   419   484 0.85 -
NODE_557_length_30620_cov_48.590380:8986-9960     -            325 59187at7898          -            383   4.1e-13   47.2   0.0   1   1   7.7e-15   4.7e-13   46.9   0.0    97   264    91   262     4   291 0.79 -
NODE_97296_length_4070_cov_43.343238:2356-3112    -            148 59187at7898          -            383   5.8e-13   46.7   0.0   1   1   1.3e-14   7.9e-13   46.2   0.0    55   184    21   146    10   148 0.83 -
NODE_64246_length_5936_cov_45.879904:3252-5670    -            284 59187at7898          -            383   7.9e-13   46.2   0.2   1   1   7.4e-14   4.5e-12   43.7   0.2    24   209    76   252    64   259 0.84 -
NODE_87_length_43873_cov_41.135012:20187-25288    -            120 59187at7898          -            383   9.3e-13   46.0   0.3   1   2     8e-05    0.0049   14.0   0.1    21    58     1    39     1    60 0.84 -
NODE_87_length_43873_cov_41.135012:20187-25288    -            120 59187at7898          -            383   9.3e-13   46.0   0.3   2   2   5.5e-10   3.4e-08   31.0   0.0   110   161    64   115    49   120 0.92 -
NODE_26584_length_10179_cov_32.959921:342-8671    -            422 59187at7898          -            383   1.1e-12   45.7   0.0   1   1   2.8e-14   1.7e-12   45.1   0.0    82   206    28   156    19   162 0.85 -
NODE_18757_length_11904_cov_43.740025:577-11735   -            300 59187at7898          -            383   1.3e-12   45.5   0.0   1   1   2.9e-14   1.8e-12   45.0   0.0    19   206    96   299    88   300 0.75 -
NODE_16920_length_12420_cov_42.429186:357-3367    -            300 59187at7898          -            383   1.7e-12   45.1   0.4   1   1   3.8e-13   2.4e-11   41.4   0.4   113   257   168   297    90   300 0.85 -
NODE_16920_length_12420_cov_42.429186:9052-12062  -            300 59187at7898          -            383   1.7e-12   45.1   0.4   1   1   3.8e-13   2.4e-11   41.4   0.4   113   257   168   297    90   300 0.85 -
NODE_1627_length_24720_cov_53.487348:20144-24290  -            149 59187at7898          -            383   2.1e-12   44.8   0.2   1   2     2e-06   0.00012   19.2   0.0    24    55     4    35     1    42 0.91 -
NODE_1627_length_24720_cov_53.487348:20144-24290  -            149 59187at7898          -            383   2.1e-12   44.8   0.2   2   2   6.1e-08   3.7e-06   24.2   0.1   112   151   110   149    58   149 0.79 -
NODE_1627_length_24720_cov_53.487348:429-4575     -            149 59187at7898          -            383   2.1e-12   44.8   0.2   1   2     2e-06   0.00012   19.2   0.0    24    55     4    35     1    42 0.91 -
NODE_1627_length_24720_cov_53.487348:429-4575     -            149 59187at7898          -            383   2.1e-12   44.8   0.2   2   2   6.1e-08   3.7e-06   24.2   0.1   112   151   110   149    58   149 0.79 -
NODE_42_length_48725_cov_44.556266:10843-15459    -            315 59187at7898          -            383   2.3e-12   44.7   0.0   1   1   5.1e-14   3.1e-12   44.3   0.0    77   207    87   226    53   233 0.82 -
NODE_11426_length_14383_cov_33.780874:3123-7355   -            401 59187at7898          -            383   2.4e-12   44.6   0.0   1   2     0.027       1.6    5.7   0.0    23    54   158   189   147   196 0.88 -
NODE_11426_length_14383_cov_33.780874:3123-7355   -            401 59187at7898          -            383   2.4e-12   44.6   0.0   2   2   8.8e-12   5.4e-10   36.9   0.0    80   209   225   357   216   366 0.83 -
NODE_118823_length_3216_cov_38.258261:683-1519    -            279 59187at7898          -            383   4.8e-12   43.6   0.0   1   1   6.2e-13   3.8e-11   40.7   0.0    23   218     8   238     4   266 0.73 -
NODE_14471_length_13197_cov_37.773706:761-1285    -            175 59187at7898          -            383     1e-11   42.5   0.0   1   1     2e-13   1.2e-11   42.3   0.0    35   179    22   166     3   174 0.89 -
NODE_426_length_32306_cov_40.190487:11508-27134   -            538 59187at7898          -            383   2.7e-11   41.2   0.0   1   2   8.6e-12   5.3e-10   36.9   0.0    18   139   186   322   174   341 0.81 -
NODE_426_length_32306_cov_40.190487:11508-27134   -            538 59187at7898          -            383   2.7e-11   41.2   0.0   2   2      0.35        21    2.0   0.0   172   295   373   493   347   519 0.69 -
NODE_3854_length_20032_cov_44.094767:235-4552     -            337 59187at7898          -            383   7.9e-11   39.6   0.0   1   1   2.6e-12   1.6e-10   38.6   0.0    25   223    86   305    65   321 0.66 -
NODE_10810_length_14680_cov_44.868116:10035-10553 -            173 59187at7898          -            383     1e-10   39.2   0.0   1   1   2.2e-12   1.4e-10   38.8   0.0    27   178     1   165     1   172 0.76 -
NODE_10810_length_14680_cov_44.868116:4126-4644   -            173 59187at7898          -            383     1e-10   39.2   0.0   1   1   2.2e-12   1.4e-10   38.8   0.0    27   178     1   165     1   172 0.76 -
NODE_19270_length_11768_cov_48.497386:370-7930    -            196 59187at7898          -            383   1.2e-10   39.1   0.0   1   2   6.1e-10   3.7e-08   30.8   0.0   125   204    55   132    20   139 0.84 -
NODE_19270_length_11768_cov_48.497386:370-7930    -            196 59187at7898          -            383   1.2e-10   39.1   0.0   2   2     0.014      0.86    6.6   0.0   234   264   138   168   135   173 0.91 -
NODE_7045_length_16817_cov_48.607549:9141-9668    -            176 59187at7898          -            383   1.8e-10   38.4   0.0   1   1   3.5e-12   2.2e-10   38.2   0.0   118   258    17   167     4   171 0.76 -
NODE_37382_length_8512_cov_31.961845:1647-2950    -            205 59187at7898          -            383   2.6e-10   37.9   0.0   1   1   5.5e-12   3.4e-10   37.6   0.0    80   201     1   127     1   134 0.78 -
NODE_31603_length_9317_cov_69.966479:299-8961     -            147 59187at7898          -            383   3.1e-10   37.7   0.0   1   1   5.4e-12   3.3e-10   37.6   0.0   115   207     5    96     1   133 0.73 -
NODE_27104_length_10080_cov_40.282437:684-3161    -            418 59187at7898          -            383   4.5e-10   37.1   0.1   1   3   1.3e-07   7.8e-06   23.2   0.0    74   160    40   123    29   133 0.87 -
NODE_27104_length_10080_cov_40.282437:684-3161    -            418 59187at7898          -            383   4.5e-10   37.1   0.1   2   3    0.0028      0.17    8.9   0.0   167   208   249   291   235   314 0.79 -
NODE_27104_length_10080_cov_40.282437:684-3161    -            418 59187at7898          -            383   4.5e-10   37.1   0.1   3   3      0.74        46    0.9   0.0   232   262   385   415   367   417 0.81 -
NODE_1468_length_25305_cov_43.640482:1536-23652   -            823 59187at7898          -            383   4.6e-10   37.1   0.3   1   3       3.3     2e+02   -1.2   0.0    67    94   345   372   299   385 0.82 -
NODE_1468_length_25305_cov_43.640482:1536-23652   -            823 59187at7898          -            383   4.6e-10   37.1   0.3   2   3   6.3e-06   0.00039   17.6   0.0    42   156   415   528   372   547 0.78 -
NODE_1468_length_25305_cov_43.640482:1536-23652   -            823 59187at7898          -            383   4.6e-10   37.1   0.3   3   3   1.5e-05   0.00091   16.4   0.0   171   252   595   677   581   685 0.85 -
NODE_37410_length_8508_cov_36.003211:696-1374     -            170 59187at7898          -            383   8.4e-10   36.2   0.1   1   1   1.7e-11     1e-09   36.0   0.1    78   199    34   170    27   170 0.80 -
NODE_5343_length_18254_cov_31.328505:9696-17441   -            486 59187at7898          -            383   2.1e-09   35.0   0.0   1   1   4.8e-11   2.9e-09   34.5   0.0    16    97   391   483   386   486 0.81 -
NODE_14154_length_13321_cov_38.281501:10295-10858 -            188 59187at7898          -            383   2.6e-09   34.6   0.0   1   2    0.0018      0.11    9.6   0.0    21    53     6    38     3    69 0.88 -
NODE_14154_length_13321_cov_38.281501:10295-10858 -            188 59187at7898          -            383   2.6e-09   34.6   0.0   2   2   1.1e-07   6.7e-06   23.4   0.0    94   154    97   159    79   171 0.76 -
NODE_104637_length_3755_cov_40.069748:1224-3628   -            395 59187at7898          -            383     3e-09   34.4   0.0   1   1   1.2e-10   7.2e-09   33.2   0.0    60   261   158   364   101   383 0.67 -
NODE_2351_length_22682_cov_61.670947:21730-22227  -            166 59187at7898          -            383     4e-09   34.0   0.0   1   1     7e-11   4.3e-09   33.9   0.0   113   237    11   143     1   165 0.68 -
NODE_7718_length_16335_cov_233.584688:5135-10269  -            148 59187at7898          -            383   6.7e-09   33.3   0.0   1   1   1.3e-10   7.7e-09   33.1   0.0   114   190    35   112     8   119 0.75 -
NODE_1839_length_24054_cov_39.286370:4203-22307   -            224 59187at7898          -            383   1.5e-08   32.1   0.2   1   1   2.5e-09   1.5e-07   28.8   0.2    21   204    25   218    12   222 0.60 -
NODE_112864_length_3431_cov_35.704682:1036-1908   -            291 59187at7898          -            383   1.5e-08   32.1   0.0   1   1   7.7e-10   4.7e-08   30.5   0.0   110   218   132   243     3   269 0.81 -
NODE_110_length_41441_cov_35.373083:630-9308      -            234 59187at7898          -            383   1.6e-08   32.1   0.1   1   1     1e-09   6.2e-08   30.1   0.1   109   209    85   175    72   195 0.87 -
NODE_777_length_28667_cov_34.112749:639-27623     -           1227 59187at7898          -            383   1.8e-08   31.9   0.0   1   1   4.6e-10   2.8e-08   31.2   0.0    26   268    43   306    30   316 0.74 -
NODE_75159_length_5212_cov_42.257579:284-1809     -            381 59187at7898          -            383   2.5e-08   31.4   0.0   1   1   5.5e-10   3.4e-08   31.0   0.0    17    97   287   378   281   381 0.79 -
NODE_34004_length_8965_cov_238.108843:6430-6903   -            158 59187at7898          -            383   4.3e-08   30.6   0.0   1   2     0.028       1.7    5.6   0.0    24    60     5    40     2    54 0.82 -
NODE_34004_length_8965_cov_238.108843:6430-6903   -            158 59187at7898          -            383   4.3e-08   30.6   0.0   2   2   1.2e-07   7.2e-06   23.3   0.0    78   153    84   157    73   158 0.78 -
NODE_92917_length_4267_cov_31.683301:1376-3938    -            121 59187at7898          -            383   5.4e-08   30.3   0.0   1   1     1e-09   6.2e-08   30.1   0.0    63   154    20   108     6   115 0.74 -
NODE_25580_length_10352_cov_31.351507:2985-3296   -            104 59187at7898          -            383   5.9e-08   30.2   0.0   1   1     1e-09   6.3e-08   30.1   0.0    79   159    13    95     1   102 0.88 -
NODE_437_length_32175_cov_34.975433:23213-24409   -            248 59187at7898          -            383   7.5e-08   29.8   0.0   1   1   1.8e-09   1.1e-07   29.3   0.0   111   216   101   209    95   242 0.83 -
NODE_13992_length_13380_cov_40.686093:2673-11133  -            259 59187at7898          -            383   1.2e-06   25.8   0.0   1   1   2.4e-08   1.5e-06   25.6   0.0    54   206    64   235    11   254 0.71 -
NODE_139421_length_2552_cov_26.229107:1476-1979   -            168 59187at7898          -            383   1.5e-06   25.6   0.2   1   2   4.4e-08   2.7e-06   24.7   0.0   118   177     4    62     1    72 0.74 -
NODE_139421_length_2552_cov_26.229107:1476-1979   -            168 59187at7898          -            383   1.5e-06   25.6   0.2   2   2       7.3   4.5e+02   -2.4   0.1   228   253   129   158   120   162 0.70 -
NODE_62416_length_6071_cov_26.762559:4230-4796    -            189 59187at7898          -            383   8.3e-06   23.1   0.0   1   2    0.0059      0.36    7.8   0.1    80   124    10    53     2    72 0.81 -
NODE_62416_length_6071_cov_26.762559:4230-4796    -            189 59187at7898          -            383   8.3e-06   23.1   0.0   2   2   0.00012    0.0072   13.4   0.0   123   178   103   162    91   175 0.82 -
NODE_92087_length_4307_cov_40.393298:2371-2580    -             70 59187at7898          -            383   7.9e-05   19.9   0.0   1   1   1.3e-06   8.2e-05   19.8   0.0    19    57     8    46     3    62 0.91 -
NODE_38758_length_8333_cov_23.502308:3440-3697    -             86 59187at7898          -            383     8e-05   19.9   0.0   1   1   1.4e-06   8.3e-05   19.8   0.0    69   151     3    86     1    86 0.74 -
NODE_28729_length_9787_cov_23.959538:5849-9040    -            467 59187at7898          -            383   8.3e-05   19.8   0.0   1   2   1.7e-05     0.001   16.2   0.0   167   207     7    47     3    89 0.84 -
NODE_28729_length_9787_cov_23.959538:5849-9040    -            467 59187at7898          -            383   8.3e-05   19.8   0.0   2   2      0.58        35    1.3   0.0   232   265   145   178   110   184 0.88 -
NODE_12655_length_13874_cov_41.038185:2428-2952   -            175 59187at7898          -            383   0.00012   19.2   0.0   1   2   0.00094     0.057   10.5   0.0   116   152     8    45     3    65 0.85 -
NODE_12655_length_13874_cov_41.038185:2428-2952   -            175 59187at7898          -            383   0.00012   19.2   0.0   2   2     0.011      0.69    6.9   0.0   166   206   120   161   105   169 0.85 -
NODE_10646_length_14762_cov_37.571779:2029-2220   -             64 59187at7898          -            383   0.00015   18.9   0.0   1   1   2.5e-06   0.00015   18.9   0.0    25    57     5    37     1    58 0.88 -
NODE_59037_length_6327_cov_30.067919:627-893      -             89 59187at7898          -            383   0.00033   17.8   0.0   1   1   5.4e-06   0.00033   17.8   0.0    65   151     1    89     1    89 0.69 -
NODE_25508_length_10367_cov_61.084437:6448-10341  -            417 59187at7898          -            383   0.00049   17.3   0.0   1   1   1.1e-05   0.00068   16.8   0.0   146   263     3   117     1   130 0.87 -
NODE_6121_length_17573_cov_35.594655:363-9677     -            291 59187at7898          -            383   0.00087   16.5   0.0   1   1     2e-05    0.0012   15.9   0.0    95   152    96   155    85   161 0.82 -
NODE_6629_length_17144_cov_36.191786:11537-12319  -            261 59187at7898          -            383    0.0019   15.3   0.0   1   1   5.2e-05    0.0032   14.6   0.0    27   136   138   261   121   261 0.69 -
NODE_24022_length_10659_cov_39.140814:5413-9548   -            544 59187at7898          -            383    0.0021   15.2   0.0   1   1     6e-05    0.0036   14.4   0.0   108   206   384   479   376   493 0.78 -
NODE_21423_length_11235_cov_41.957435:1316-1825   -            170 59187at7898          -            383     0.003   14.7   0.0   1   1   7.2e-05    0.0044   14.1   0.0    46   136    79   170    29   170 0.80 -
NODE_172146_length_1732_cov_26.319045:1384-1659   -             92 59187at7898          -            383    0.0043   14.2   0.0   1   1     8e-05    0.0049   14.0   0.0   127   154    49    76    33    84 0.83 -
NODE_63703_length_5975_cov_36.349387:4940-5455    -            172 59187at7898          -            383    0.0048   14.0   0.0   1   1    0.0001    0.0062   13.6   0.0    26   152    20   171     7   172 0.66 -
NODE_68540_length_5638_cov_91.665644:4803-5060    -             86 59187at7898          -            383    0.0088   13.1   0.0   1   1   0.00016    0.0097   13.0   0.0   111   151    45    86    36    86 0.76 -
NODE_4698_length_18905_cov_49.228438:1170-1430    -             87 59187at7898          -            383      0.01   12.9   0.0   1   1   0.00018     0.011   12.8   0.0   103   151    38    87    28    87 0.80 -
NODE_38984_length_8303_cov_101.589347:7187-7513   -            109 59187at7898          -            383     0.012   12.7   0.0   1   1   0.00023     0.014   12.5   0.0   111   151    68   109    52   109 0.78 -
NODE_30669_length_9465_cov_43.651612:2646-2978    -            111 59187at7898          -            383     0.027   11.6   0.0   1   1   0.00043     0.027   11.6   0.0   122   151    81   111    30   111 0.75 -
NODE_6773_length_17035_cov_42.084258:4512-11598   -            178 59187at7898          -            383     0.027   11.5   0.0   1   1    0.0014     0.088    9.9   0.0   102   204    46   138     2   147 0.68 -
NODE_15907_length_12716_cov_42.325038:1383-6989   -            288 59187at7898          -            383     0.032   11.3   0.0   1   1    0.0014     0.087    9.9   0.0   144   263    17   128     4   144 0.68 -
NODE_6493_length_17259_cov_39.119814:5360-16768   -            353 59187at7898          -            383     0.033   11.2   0.0   1   1    0.0011     0.066   10.3   0.0   151   207   141   199   103   210 0.82 -
NODE_20160_length_11542_cov_247.816919:2128-2382  -             85 59187at7898          -            383     0.052   10.6   0.0   1   2      0.22        13    2.7   0.0   117   135     7    25     2    34 0.83 -
NODE_20160_length_11542_cov_247.816919:2128-2382  -             85 59187at7898          -            383     0.052   10.6   0.0   2   2     0.019       1.2    6.2   0.0   132   157    53    78    47    83 0.88 -
NODE_5392_length_18209_cov_34.080232:16264-16566  -            101 59187at7898          -            383     0.055   10.5   0.0   1   1     0.001     0.063   10.3   0.0   128   151    77   101    59   101 0.85 -
#
# Program:         hmmsearch
# Version:         3.1b2 (February 2015)
# Pipeline mode:   SEARCH
# Query file:      /home/e1garcia/shotgun_PIRE/abyss/busco_downloads/lineages/actinopterygii_odb10/hmms/59187at7898.hmm
# Target file:     /home/e1garcia/shotgun_PIRE/pire_ssl_data_processing/plotosus_lineatus/busco_scaffolds_results-SPAdes_contam_R1R2_noIsolate/run_actinopterygii_odb10/metaeuk_output/initial_results/scaffolds.modified.fasta.modified.fas
# Option settings: hmmsearch --domtblout /home/e1garcia/shotgun_PIRE/pire_ssl_data_processing/plotosus_lineatus/busco_scaffolds_results-SPAdes_contam_R1R2_noIsolate/run_actinopterygii_odb10/hmmer_output/initial_run_results/59187at7898.out --cpu 1 /home/e1garcia/shotgun_PIRE/abyss/busco_downloads/lineages/actinopterygii_odb10/hmms/59187at7898.hmm /home/e1garcia/shotgun_PIRE/pire_ssl_data_processing/plotosus_lineatus/busco_scaffolds_results-SPAdes_contam_R1R2_noIsolate/run_actinopterygii_odb10/metaeuk_output/initial_results/scaffolds.modified.fasta.modified.fas 
# Current dir:     /home/e1garcia/shotgun_PIRE/pire_ssl_data_processing/plotosus_lineatus
# Date:            Fri Aug 20 13:33:36 2021
# [ok]
