#                                                                                                         --- full sequence --- -------------- this domain -------------   hmm coord   ali coord   env coord
# target name                                     accession   tlen query name           accession   qlen   E-value  score  bias   #  of  c-Evalue  i-Evalue  score  bias  from    to  from    to  from    to  acc description of target
#                             ------------------- ---------- ----- -------------------- ---------- ----- --------- ------ ----- --- --- --------- --------- ------ ----- ----- ----- ----- ----- ----- ----- ---- ---------------------
NODE_1786_length_24199_cov_40.651286:1967-5623    -            280 67838at7898          -            336   1.3e-51  174.2   0.0   1   1   3.4e-53   2.3e-51  173.4   0.0    23   287     5   274     2   280 0.84 -
NODE_1322_length_25862_cov_38.864146:13010-15164  -            190 67838at7898          -            336   1.4e-51  174.0   2.5   1   1   1.9e-52   1.3e-50  170.9   2.5    23   187    19   190     8   190 0.89 -
NODE_31440_length_9345_cov_37.724421:3584-6220    -            195 67838at7898          -            336   3.5e-38  130.0   0.1   1   1   1.8e-39   1.2e-37  128.2   0.1    26   184    27   195    18   195 0.87 -
NODE_31603_length_9317_cov_69.966479:299-8961     -            147 67838at7898          -            336     4e-37  126.5   0.0   1   1   6.7e-39   4.5e-37  126.4   0.0   103   237     4   131     1   139 0.92 -
NODE_7229_length_16677_cov_47.119797:6768-10096   -            636 67838at7898          -            336   5.8e-36  122.7   0.1   1   1   2.1e-36   1.4e-34  118.2   0.1    24   291    88   371    64   384 0.82 -
NODE_32418_length_9195_cov_76.284301:3380-6437    -            177 67838at7898          -            336   5.2e-31  106.4   0.3   1   1   4.8e-32   3.2e-30  103.8   0.3    23   193    15   177    11   177 0.84 -
NODE_7718_length_16335_cov_233.584688:5135-10269  -            148 67838at7898          -            336   3.4e-28   97.2   0.0   1   1     6e-30     4e-28   96.9   0.0   100   186    32   114    11   128 0.92 -
NODE_39759_length_8208_cov_52.333457:1279-7344    -            505 67838at7898          -            336   4.8e-25   86.8   3.2   1   2   3.7e-20   2.5e-18   64.7   0.1    58   174    11   129     8   137 0.85 -
NODE_39759_length_8208_cov_52.333457:1279-7344    -            505 67838at7898          -            336   4.8e-25   86.8   3.2   2   2   1.9e-06   0.00013   19.7   0.4   174   287   161   264   146   272 0.77 -
NODE_113439_length_3410_cov_35.278466:496-2085    -            530 67838at7898          -            336   8.4e-23   79.5   0.4   1   2   1.7e-22   1.2e-20   72.4   1.0    28   218   188   369   154   388 0.78 -
NODE_113439_length_3410_cov_35.278466:496-2085    -            530 67838at7898          -            336   8.4e-23   79.5   0.4   2   2       1.1        73    0.7   0.0   255   286   432   463   413   474 0.83 -
NODE_6773_length_17035_cov_42.084258:4512-11598   -            178 67838at7898          -            336   7.3e-21   73.1   0.3   1   1   2.6e-21   1.7e-19   68.5   0.3    68   206    24   146     9   151 0.88 -
NODE_8433_length_15926_cov_43.097934:9131-10717   -            529 67838at7898          -            336   1.4e-20   72.1   0.0   1   1     5e-22   3.3e-20   70.9   0.1    28   217   185   365   166   376 0.83 -
NODE_12655_length_13874_cov_41.038185:2428-2952   -            175 67838at7898          -            336   1.3e-17   62.4   0.0   1   2   5.4e-07   3.6e-05   21.5   0.0   101   141     4    45     1    65 0.86 -
NODE_12655_length_13874_cov_41.038185:2428-2952   -            175 67838at7898          -            336   1.3e-17   62.4   0.0   2   2     2e-12   1.3e-10   39.3   0.0   142   212   102   173    89   175 0.85 -
NODE_19270_length_11768_cov_48.497386:370-7930    -            196 67838at7898          -            336   1.5e-17   62.2   0.9   1   2   3.5e-15   2.3e-13   48.4   0.2    84   203    28   137    13   139 0.78 -
NODE_19270_length_11768_cov_48.497386:370-7930    -            196 67838at7898          -            336   1.5e-17   62.2   0.9   2   2   0.00015    0.0099   13.5   0.1   259   293   138   172   128   178 0.84 -
NODE_3854_length_20032_cov_44.094767:235-4552     -            337 67838at7898          -            336   2.8e-17   61.3   0.1   1   1   5.4e-19   3.6e-17   60.9   0.1    62   249   150   334    97   337 0.86 -
NODE_34004_length_8965_cov_238.108843:6430-6903   -            158 67838at7898          -            336   1.5e-15   55.6   0.3   1   2   0.00061     0.041   11.4   0.0    24    62    16    52    12    67 0.83 -
NODE_34004_length_8965_cov_238.108843:6430-6903   -            158 67838at7898          -            336   1.5e-15   55.6   0.3   2   2   2.2e-13   1.4e-11   42.5   0.0    68   143    84   158    81   158 0.89 -
NODE_92917_length_4267_cov_31.683301:1376-3938    -            121 67838at7898          -            336   2.1e-15   55.1   0.0   1   1   8.5e-17   5.7e-15   53.7   0.0    46   147     1   112     1   119 0.77 -
NODE_62797_length_6043_cov_32.415713:4534-5223    -            230 67838at7898          -            336   8.4e-15   53.1   0.0   1   1     2e-16   1.3e-14   52.5   0.0   102   201    94   194    17   212 0.82 -
NODE_50204_length_7097_cov_34.072449:3103-3924    -            274 67838at7898          -            336   1.7e-14   52.1   0.4   1   1     5e-16   3.4e-14   51.2   0.4    28   202    22   209    16   250 0.68 -
NODE_2625_length_22063_cov_45.313650:12431-19410  -            980 67838at7898          -            336   1.8e-14   52.1   0.0   1   1   5.9e-16     4e-14   50.9   0.0    55   212   133   288   104   305 0.80 -
NODE_18409_length_12001_cov_38.171568:6692-8973   -            172 67838at7898          -            336   4.9e-14   50.6   0.2   1   1   8.3e-16   5.5e-14   50.5   0.2    28   193     5   167     1   171 0.84 -
NODE_1627_length_24720_cov_53.487348:20144-24290  -            149 67838at7898          -            336   6.1e-14   50.3   0.2   1   1   1.8e-15   1.2e-13   49.4   0.2    20   140    11   149     3   149 0.73 -
NODE_1627_length_24720_cov_53.487348:429-4575     -            149 67838at7898          -            336   6.1e-14   50.3   0.2   1   1   1.8e-15   1.2e-13   49.4   0.2    20   140    11   149     3   149 0.73 -
NODE_12376_length_13989_cov_40.813751:1561-9122   -            414 67838at7898          -            336   6.6e-14   50.2   0.2   1   2   1.2e-13   8.1e-12   43.3   0.0    69   195    16   138     4   145 0.81 -
NODE_12376_length_13989_cov_40.813751:1561-9122   -            414 67838at7898          -            336   6.6e-14   50.2   0.2   2   2     0.062       4.1    4.8   0.0   261   300   174   213   168   246 0.76 -
NODE_5713_length_17928_cov_41.533849:7141-16694   -            417 67838at7898          -            336     1e-13   49.6   0.1   1   2   1.4e-10   9.1e-09   33.3   0.0    70   227   161   317   101   320 0.67 -
NODE_5713_length_17928_cov_41.533849:7141-16694   -            417 67838at7898          -            336     1e-13   49.6   0.1   2   2   6.4e-05    0.0043   14.7   0.0   259   307   320   368   316   393 0.84 -
NODE_2823_length_21641_cov_39.219571:5604-15162   -            462 67838at7898          -            336   2.1e-13   48.6   0.0   1   1   4.7e-15   3.1e-13   48.0   0.0    46   195    48   197    22   216 0.77 -
NODE_3210_length_21008_cov_67.764742:2004-13081   -            551 67838at7898          -            336   2.3e-13   48.4   0.1   1   2   1.5e-14     1e-12   46.3   0.0    70   202    33   159     9   185 0.82 -
NODE_3210_length_21008_cov_67.764742:2004-13081   -            551 67838at7898          -            336   2.3e-13   48.4   0.1   2   2       4.1   2.8e+02   -1.2   0.0   265   307   191   233   180   254 0.58 -
NODE_27104_length_10080_cov_40.282437:684-3161    -            418 67838at7898          -            336   3.1e-13   48.0   1.2   1   3   5.7e-06   0.00038   18.1   0.0    95   143    68   117    38   125 0.82 -
NODE_27104_length_10080_cov_40.282437:684-3161    -            418 67838at7898          -            336   3.1e-13   48.0   1.2   2   3   2.5e-06   0.00016   19.3   0.0   157   219   246   309   235   344 0.79 -
NODE_27104_length_10080_cov_40.282437:684-3161    -            418 67838at7898          -            336   3.1e-13   48.0   1.2   3   3    0.0079      0.53    7.8   0.2   261   287   389   415   381   417 0.89 -
NODE_14154_length_13321_cov_38.281501:10295-10858 -            188 67838at7898          -            336   3.8e-13   47.7   0.2   1   2     0.058       3.9    4.9   0.0    24    61    20    55    16    85 0.78 -
NODE_14154_length_13321_cov_38.281501:10295-10858 -            188 67838at7898          -            336   3.8e-13   47.7   0.2   2   2   5.1e-13   3.4e-11   41.3   0.0    68   145    85   161    77   180 0.86 -
NODE_28413_length_9841_cov_39.984500:1549-9149    -            492 67838at7898          -            336     1e-11   43.0   0.1   1   1   2.2e-13   1.5e-11   42.5   0.1   100   197   142   234    81   247 0.77 -
NODE_87_length_43873_cov_41.135012:20187-25288    -            120 67838at7898          -            336   1.3e-11   42.7   0.2   1   2       0.1       6.9    4.1   0.0    23    62    14    55     7    62 0.75 -
NODE_87_length_43873_cov_41.135012:20187-25288    -            120 67838at7898          -            336   1.3e-11   42.7   0.2   2   2   9.4e-12   6.3e-10   37.1   0.1    99   146    64   111    56   115 0.93 -
NODE_1839_length_24054_cov_39.286370:4203-22307   -            224 67838at7898          -            336   2.7e-11   41.6   0.5   1   1   1.3e-12   8.4e-11   40.0   0.5    91   200   121   220    34   224 0.72 -
NODE_14471_length_13197_cov_37.773706:761-1285    -            175 67838at7898          -            336     1e-10   39.7   0.2   1   1   2.2e-12   1.5e-10   39.2   0.2    25   179     9   173     4   175 0.78 -
NODE_92087_length_4307_cov_40.393298:2371-2580    -             70 67838at7898          -            336   1.9e-10   38.8   0.1   1   1   3.1e-12   2.1e-10   38.7   0.1    23    61    23    61     7    67 0.86 -
NODE_30314_length_9529_cov_37.750795:1019-7595    -            346 67838at7898          -            336   5.6e-10   37.3   0.0   1   1   3.4e-11   2.3e-09   35.3   0.0    70   212   125   284   121   335 0.71 -
NODE_96339_length_4113_cov_37.603886:218-3329     -            254 67838at7898          -            336   1.2e-09   36.2   0.1   1   1   2.1e-11   1.4e-09   35.9   0.1    64   153    76   177    19   198 0.74 -
NODE_37382_length_8512_cov_31.961845:1647-2950    -            205 67838at7898          -            336   1.4e-09   35.9   0.0   1   1   3.3e-11   2.2e-09   35.3   0.0    72   207     3   139     1   153 0.77 -
NODE_86314_length_4593_cov_31.857588:2460-3452    -            331 67838at7898          -            336   1.5e-09   35.9   0.0   1   1   3.3e-11   2.2e-09   35.3   0.0   107   209   181   277   173   289 0.86 -
NODE_437_length_32175_cov_34.975433:23213-24409   -            248 67838at7898          -            336   1.5e-09   35.9   0.0   1   1   3.5e-11   2.3e-09   35.3   0.0   102   196   103   194    95   206 0.88 -
NODE_15695_length_12783_cov_47.549432:3465-11752  -            420 67838at7898          -            336   1.8e-09   35.6   0.0   1   1     4e-11   2.7e-09   35.1   0.0    90   196   165   269   153   286 0.81 -
NODE_5359_length_18231_cov_37.877730:1716-4768    -            334 67838at7898          -            336   2.2e-09   35.3   0.1   1   2       4.2   2.8e+02   -1.2   0.0    24    44    15    35    10    53 0.82 -
NODE_5359_length_18231_cov_37.877730:1716-4768    -            334 67838at7898          -            336   2.2e-09   35.3   0.1   2   2   1.5e-10     1e-08   33.2   0.0    98   205   140   262   106   277 0.72 -
NODE_13198_length_13664_cov_106.615260:3911-11188 -            319 67838at7898          -            336   2.7e-09   35.1   0.0   1   1     6e-11     4e-09   34.5   0.0   104   197   224   313   209   317 0.86 -
NODE_1860_length_24014_cov_33.227849:2232-8087    -            638 67838at7898          -            336   4.7e-09   34.3   0.0   1   2      0.66        44    1.5   0.0    99   132   237   270   196   337 0.81 -
NODE_1860_length_24014_cov_33.227849:2232-8087    -            638 67838at7898          -            336   4.7e-09   34.3   0.0   2   2   9.8e-10   6.6e-08   30.5   0.0    70   197   500   626   433   631 0.79 -
NODE_8215_length_16050_cov_35.501724:3002-10500   -            234 67838at7898          -            336   6.8e-09   33.7   0.0   1   1   1.3e-10     9e-09   33.3   0.0    52   195    32   173     4   181 0.69 -
NODE_28729_length_9787_cov_23.959538:5849-9040    -            467 67838at7898          -            336     1e-08   33.1   0.0   1   2   1.2e-08   8.2e-07   26.9   0.0   162   208     9    54     2   109 0.84 -
NODE_28729_length_9787_cov_23.959538:5849-9040    -            467 67838at7898          -            336     1e-08   33.1   0.0   2   2       0.1       6.9    4.1   0.0   261   289   149   177   133   205 0.87 -
NODE_1006_length_27322_cov_37.278772:1529-16152   -            666 67838at7898          -            336   2.8e-08   31.7   0.0   1   1   8.4e-10   5.6e-08   30.7   0.0   105   195   458   545   443   554 0.82 -
NODE_11426_length_14383_cov_33.780874:3123-7355   -            401 67838at7898          -            336   2.8e-08   31.7   0.1   1   2     0.064       4.3    4.8   0.0   192   235   138   182   128   190 0.83 -
NODE_11426_length_14383_cov_33.780874:3123-7355   -            401 67838at7898          -            336   2.8e-08   31.7   0.1   2   2   5.3e-08   3.6e-06   24.8   0.0    70   195   225   348   212   362 0.66 -
NODE_10810_length_14680_cov_44.868116:10035-10553 -            173 67838at7898          -            336   3.3e-08   31.5   0.0   1   1   7.4e-10     5e-08   30.9   0.0    69   175    66   169     4   173 0.64 -
NODE_10810_length_14680_cov_44.868116:4126-4644   -            173 67838at7898          -            336   3.3e-08   31.5   0.0   1   1   7.4e-10     5e-08   30.9   0.0    69   175    66   169     4   173 0.64 -
NODE_24310_length_10600_cov_39.744024:3035-9470   -            354 67838at7898          -            336   3.5e-08   31.4   0.0   1   1   7.2e-10   4.8e-08   30.9   0.0    95   207   161   277   125   283 0.76 -
NODE_507_length_31223_cov_40.552532:3254-9641     -            455 67838at7898          -            336     4e-08   31.2   0.0   1   2     3e-08     2e-06   25.6   0.0    80   216   100   233    29   246 0.78 -
NODE_507_length_31223_cov_40.552532:3254-9641     -            455 67838at7898          -            336     4e-08   31.2   0.0   2   2      0.15        10    3.5   0.0   259   286   247   274   238   278 0.89 -
NODE_18757_length_11904_cov_43.740025:577-11735   -            300 67838at7898          -            336   5.2e-08   30.8   0.0   1   1     1e-09   6.8e-08   30.4   0.0   104   195   202   293   119   297 0.80 -
NODE_75428_length_5195_cov_39.378532:2238-5021    -            817 67838at7898          -            336   5.2e-08   30.8   0.0   1   2   1.4e-08   9.5e-07   26.7   0.0    68   159   627   718   590   729 0.78 -
NODE_75428_length_5195_cov_39.378532:2238-5021    -            817 67838at7898          -            336   5.2e-08   30.8   0.0   2   2      0.54        36    1.8   0.0   159   198   761   803   743   816 0.74 -
NODE_16920_length_12420_cov_42.429186:357-3367    -            300 67838at7898          -            336   6.3e-08   30.6   1.2   1   2   5.7e-09   3.8e-07   28.0   0.5    45   145   114   210   109   228 0.79 -
NODE_16920_length_12420_cov_42.429186:357-3367    -            300 67838at7898          -            336   6.3e-08   30.6   1.2   2   2      0.53        36    1.8   0.0   164   195   213   243   208   254 0.83 -
NODE_16920_length_12420_cov_42.429186:9052-12062  -            300 67838at7898          -            336   6.3e-08   30.6   1.2   1   2   5.7e-09   3.8e-07   28.0   0.5    45   145   114   210   109   228 0.79 -
NODE_16920_length_12420_cov_42.429186:9052-12062  -            300 67838at7898          -            336   6.3e-08   30.6   1.2   2   2      0.53        36    1.8   0.0   164   195   213   243   208   254 0.83 -
NODE_64246_length_5936_cov_45.879904:3252-5670    -            284 67838at7898          -            336     7e-08   30.4   0.3   1   2      0.16        11    3.4   0.0   203   235    67    99    55   109 0.85 -
NODE_64246_length_5936_cov_45.879904:3252-5670    -            284 67838at7898          -            336     7e-08   30.4   0.3   2   2   4.2e-08   2.8e-06   25.1   0.1    71   195   121   243   112   250 0.72 -
NODE_73662_length_5306_cov_38.721529:3263-3619    -             92 67838at7898          -            336   7.4e-08   30.3   0.0   1   1   1.1e-09   7.4e-08   30.3   0.0   185   273     3    88     1    92 0.78 -
NODE_58568_length_6362_cov_36.513013:2742-3833    -            221 67838at7898          -            336   1.3e-07   29.5   0.1   1   1   6.1e-09   4.1e-07   27.9   0.1    56   191    58   182    36   209 0.73 -
NODE_25164_length_10433_cov_35.185794:1925-9737   -            611 67838at7898          -            336   1.8e-07   29.0   0.0   1   2       6.9   4.6e+02   -1.9   0.0   100   132   238   270   223   279 0.81 -
NODE_25164_length_10433_cov_35.185794:1925-9737   -            611 67838at7898          -            336   1.8e-07   29.0   0.0   2   2   8.2e-09   5.5e-07   27.4   0.0    31   198   424   601   402   606 0.75 -
NODE_9768_length_15185_cov_47.128994:2925-14862   -            320 67838at7898          -            336   2.5e-07   28.6   0.3   1   2   1.5e-06    0.0001   20.0   0.1    58   193    11   153     5   163 0.71 -
NODE_9768_length_15185_cov_47.128994:2925-14862   -            320 67838at7898          -            336   2.5e-07   28.6   0.3   2   2      0.02       1.4    6.4   0.0   260   282   189   211   163   216 0.84 -
NODE_231545_length_749_cov_1.407692:16-663        -            216 67838at7898          -            336   2.9e-07   28.4   0.0   1   1   5.1e-09   3.4e-07   28.1   0.0   103   205   112   210    66   216 0.84 -
NODE_104637_length_3755_cov_40.069748:1224-3628   -            395 67838at7898          -            336   4.3e-07   27.8   0.0   1   1     9e-09     6e-07   27.3   0.0   104   209   212   321   190   347 0.80 -
NODE_26074_length_10266_cov_35.585227:1379-9469   -            525 67838at7898          -            336   4.8e-07   27.6   0.0   1   1   1.2e-08   8.3e-07   26.9   0.0   103   195   268   357   245   362 0.85 -
NODE_218204_length_919_cov_1.091463:227-784       -            186 67838at7898          -            336   6.7e-07   27.2   0.0   1   1   1.4e-08   9.3e-07   26.7   0.0   107   197    61   148    53   157 0.79 -
NODE_777_length_28667_cov_34.112749:639-27623     -           1227 67838at7898          -            336   7.1e-07   27.1   0.0   1   1   1.8e-08   1.2e-06   26.4   0.0    99   191   134   238   104   252 0.77 -
NODE_25580_length_10352_cov_31.351507:2985-3296   -            104 67838at7898          -            336   7.2e-07   27.1   0.0   1   1   1.1e-08   7.4e-07   27.0   0.0    59   146     3    93     1   103 0.87 -
NODE_26584_length_10179_cov_32.959921:342-8671    -            422 67838at7898          -            336   8.2e-07   26.9   0.0   1   1   1.8e-08   1.2e-06   26.3   0.0   104   195    63   151    39   157 0.84 -
NODE_97296_length_4070_cov_43.343238:2356-3112    -            148 67838at7898          -            336   8.8e-07   26.8   0.0   1   1   1.6e-08   1.1e-06   26.5   0.0    46   171    19   140     3   146 0.67 -
NODE_7045_length_16817_cov_48.607549:9141-9668    -            176 67838at7898          -            336   1.4e-06   26.1   0.0   1   1   2.9e-08   1.9e-06   25.7   0.0    98   167     8    72     3   108 0.68 -
NODE_5355_length_18236_cov_43.715719:2529-17495   -            349 67838at7898          -            336   1.4e-06   26.1   0.0   1   1   2.7e-08   1.8e-06   25.8   0.0    97   187   133   227    77   250 0.73 -
NODE_91363_length_4340_cov_47.026880:861-3884     -            693 67838at7898          -            336   1.5e-06   26.0   0.1   1   1   3.6e-08   2.4e-06   25.3   0.1    66   151   602   687   559   691 0.77 -
NODE_172146_length_1732_cov_26.319045:1384-1659   -             92 67838at7898          -            336   2.7e-06   25.2   0.0   1   1   4.3e-08   2.9e-06   25.1   0.0   109   147    43    80    31    92 0.78 -
NODE_2351_length_22682_cov_61.670947:21730-22227  -            166 67838at7898          -            336   3.3e-06   24.9   0.0   1   1   6.8e-08   4.6e-06   24.4   0.0    97   163     6    76     3   108 0.69 -
NODE_10646_length_14762_cov_37.571779:2029-2220   -             64 67838at7898          -            336   3.6e-06   24.8   0.0   1   1   5.8e-08   3.9e-06   24.7   0.0    23    62    14    53     5    60 0.90 -
NODE_1468_length_25305_cov_43.640482:1536-23652   -            823 67838at7898          -            336   4.9e-06   24.3   0.1   1   1   1.5e-07     1e-05   23.3   0.1    78   150   461   533   456   546 0.87 -
NODE_5048_length_18525_cov_38.399870:1863-15196   -            779 67838at7898          -            336   6.1e-06   24.0   0.1   1   2   1.4e-06   9.2e-05   20.1   0.1    91   146   583   642   531   679 0.85 -
NODE_5048_length_18525_cov_38.399870:1863-15196   -            779 67838at7898          -            336   6.1e-06   24.0   0.1   2   2      0.69        46    1.4   0.0   259   292   720   752   711   768 0.87 -
NODE_37410_length_8508_cov_36.003211:696-1374     -            170 67838at7898          -            336   7.2e-06   23.8   0.0   1   1   1.2e-07   8.1e-06   23.6   0.0   106   192    78   169    32   170 0.69 -
NODE_13992_length_13380_cov_40.686093:2673-11133  -            259 67838at7898          -            336   7.7e-06   23.7   0.0   1   1   1.7e-07   1.1e-05   23.1   0.0   101   194   129   229   116   238 0.77 -
NODE_27099_length_10081_cov_39.746343:7161-7424   -             88 67838at7898          -            336   4.4e-05   21.2   0.0   1   1   6.5e-07   4.4e-05   21.2   0.0    80   140    27    88     4    88 0.86 -
NODE_42_length_48725_cov_44.556266:10843-15459    -            315 67838at7898          -            336   4.8e-05   21.1   0.0   1   1   9.5e-07   6.4e-05   20.7   0.0    79   197   100   222    67   229 0.73 -
NODE_118823_length_3216_cov_38.258261:683-1519    -            279 67838at7898          -            336   5.6e-05   20.9   0.0   1   1   1.1e-06   7.1e-05   20.5   0.0    90   195   116   220    92   240 0.80 -
NODE_15810_length_12746_cov_34.478058:5517-5780   -             88 67838at7898          -            336   6.1e-05   20.7   0.0   1   1   9.1e-07   6.1e-05   20.7   0.0    96   140    43    88    15    88 0.86 -
NODE_136126_length_2649_cov_17.289804:1508-1792   -             95 67838at7898          -            336   0.00014   19.5   0.0   1   1   2.3e-06   0.00015   19.4   0.0    70   142     3    80     1    89 0.85 -
NODE_110_length_41441_cov_35.373083:630-9308      -            234 67838at7898          -            336   0.00018   19.2   0.0   1   1   3.9e-06   0.00026   18.7   0.0    94   144    81   131    57   166 0.87 -
NODE_139421_length_2552_cov_26.229107:1476-1979   -            168 67838at7898          -            336   0.00023   18.8   0.0   1   2   5.2e-05    0.0035   14.9   0.0   107   143     4    42     1    63 0.86 -
NODE_139421_length_2552_cov_26.229107:1476-1979   -            168 67838at7898          -            336   0.00023   18.8   0.0   2   2      0.37        25    2.3   0.0   258   279   138   159    86   164 0.82 -
NODE_38758_length_8333_cov_23.502308:3440-3697    -             86 67838at7898          -            336   0.00029   18.5   0.0   1   1   4.3e-06   0.00029   18.5   0.0   101   140    46    86     2    86 0.88 -
NODE_11386_length_14402_cov_34.692372:4476-7064   -            244 67838at7898          -            336   0.00033   18.3   0.0   1   1     6e-06    0.0004   18.0   0.0    94   210    82   196     2   233 0.68 -
NODE_59037_length_6327_cov_30.067919:627-893      -             89 67838at7898          -            336   0.00035   18.2   0.0   1   1   5.2e-06   0.00035   18.2   0.0    89   140    35    89     4    89 0.83 -
NODE_112864_length_3431_cov_35.704682:1036-1908   -            291 67838at7898          -            336   0.00046   17.8   0.0   1   1   9.3e-06   0.00062   17.4   0.0   100   195   133   225   108   245 0.81 -
NODE_14177_length_13312_cov_42.251419:7147-7971   -            275 67838at7898          -            336   0.00092   16.8   0.1   1   2    0.0077      0.52    7.8   0.0    70   214    70   211    15   223 0.70 -
NODE_14177_length_13312_cov_42.251419:7147-7971   -            275 67838at7898          -            336   0.00092   16.8   0.1   2   2    0.0088      0.59    7.6   0.0   259   287   227   255   215   271 0.83 -
NODE_4698_length_18905_cov_49.228438:1170-1430    -             87 67838at7898          -            336    0.0018   15.9   0.0   1   1   2.6e-05    0.0018   15.9   0.0    92   140    38    87    12    87 0.87 -
NODE_30669_length_9465_cov_43.651612:2646-2978    -            111 67838at7898          -            336    0.0021   15.7   0.0   1   1   3.3e-05    0.0022   15.6   0.0    89   140    59   111    32   111 0.86 -
NODE_20160_length_11542_cov_247.816919:2128-2382  -             85 67838at7898          -            336    0.0034   15.0   0.0   1   2      0.02       1.3    6.5   0.0   105   124     6    25     2    37 0.84 -
NODE_20160_length_11542_cov_247.816919:2128-2382  -             85 67838at7898          -            336    0.0034   15.0   0.0   2   2     0.014      0.91    7.0   0.0   120   147    52    79    42    84 0.88 -
NODE_6121_length_17573_cov_35.594655:363-9677     -            291 67838at7898          -            336    0.0091   13.6   0.0   1   1   0.00021     0.014   12.9   0.0   102   146   114   158    82   171 0.81 -
NODE_38984_length_8303_cov_101.589347:7187-7513   -            109 67838at7898          -            336     0.012   13.2   0.0   1   1   0.00018     0.012   13.2   0.0    95   140    63   109    19   109 0.74 -
NODE_68540_length_5638_cov_91.665644:4803-5060    -             86 67838at7898          -            336      0.02   12.4   0.0   1   1   0.00035     0.023   12.2   0.0    98   140    43    86    35    86 0.87 -
NODE_4_length_242253_cov_5.074378:93518-94051     -            178 67838at7898          -            336     0.035   11.7   0.0   1   1   0.00059      0.04   11.5   0.0    98   176    32   109     3   159 0.74 -
#
# Program:         hmmsearch
# Version:         3.1b2 (February 2015)
# Pipeline mode:   SEARCH
# Query file:      /home/e1garcia/shotgun_PIRE/abyss/busco_downloads/lineages/actinopterygii_odb10/hmms/67838at7898.hmm
# Target file:     /home/e1garcia/shotgun_PIRE/pire_ssl_data_processing/plotosus_lineatus/busco_scaffolds_results-SPAdes_contam_R1R2_noIsolate/run_actinopterygii_odb10/metaeuk_output/initial_results/scaffolds.modified.fasta.modified.fas
# Option settings: hmmsearch --domtblout /home/e1garcia/shotgun_PIRE/pire_ssl_data_processing/plotosus_lineatus/busco_scaffolds_results-SPAdes_contam_R1R2_noIsolate/run_actinopterygii_odb10/hmmer_output/initial_run_results/67838at7898.out --cpu 1 /home/e1garcia/shotgun_PIRE/abyss/busco_downloads/lineages/actinopterygii_odb10/hmms/67838at7898.hmm /home/e1garcia/shotgun_PIRE/pire_ssl_data_processing/plotosus_lineatus/busco_scaffolds_results-SPAdes_contam_R1R2_noIsolate/run_actinopterygii_odb10/metaeuk_output/initial_results/scaffolds.modified.fasta.modified.fas 
# Current dir:     /home/e1garcia/shotgun_PIRE/pire_ssl_data_processing/plotosus_lineatus
# Date:            Fri Aug 20 13:34:32 2021
# [ok]
