#                                                                                                        --- full sequence --- -------------- this domain -------------   hmm coord   ali coord   env coord
# target name                                    accession   tlen query name           accession   qlen   E-value  score  bias   #  of  c-Evalue  i-Evalue  score  bias  from    to  from    to  from    to  acc description of target
#                            ------------------- ---------- ----- -------------------- ---------- ----- --------- ------ ----- --- --- --------- --------- ------ ----- ----- ----- ----- ----- ----- ----- ---- ---------------------
NODE_12986_length_13739_cov_31.002933:4666-13396 -            314 78131at7898          -            228   4.3e-70  234.2  16.4   1   2     7e-65     2e-62  209.1  10.8     9   128    90   208    83   223 0.95 -
NODE_12986_length_13739_cov_31.002933:4666-13396 -            314 78131at7898          -            228   4.3e-70  234.2  16.4   2   2   1.3e-09   3.8e-07   28.3   0.2   144   176   276   308   246   314 0.77 -
NODE_63984_length_5955_cov_39.113730:1959-5881   -            319 78131at7898          -            228   1.1e-05   23.5   3.2   1   5       5.1   1.5e+03   -3.1   0.1    46    70     4    32     3    34 0.73 -
NODE_63984_length_5955_cov_39.113730:1959-5881   -            319 78131at7898          -            228   1.1e-05   23.5   3.2   2   5      0.33        96    0.8   0.3    24    48    72    96    62   101 0.86 -
NODE_63984_length_5955_cov_39.113730:1959-5881   -            319 78131at7898          -            228   1.1e-05   23.5   3.2   3   5     0.018       5.3    4.9   1.0    22    60   108   153    99   158 0.78 -
NODE_63984_length_5955_cov_39.113730:1959-5881   -            319 78131at7898          -            228   1.1e-05   23.5   3.2   4   5   3.7e-08   1.1e-05   23.5   3.2    13    70   158   217   154   221 0.79 -
NODE_63984_length_5955_cov_39.113730:1959-5881   -            319 78131at7898          -            228   1.1e-05   23.5   3.2   5   5    0.0069         2    6.3  10.9    22    70   222   276   213   295 0.78 -
NODE_11940_length_14161_cov_45.070474:4213-4980  -            256 78131at7898          -            228    0.0032   15.4   5.2   1   5      0.49   1.4e+02    0.2   1.2    27    60     1    39     1    69 0.56 -
NODE_11940_length_14161_cov_45.070474:4213-4980  -            256 78131at7898          -            228    0.0032   15.4   5.2   2   5   1.1e-05    0.0032   15.4   5.2    15    70    80   145    67   152 0.71 -
NODE_11940_length_14161_cov_45.070474:4213-4980  -            256 78131at7898          -            228    0.0032   15.4   5.2   3   5       3.7   1.1e+03   -2.6   9.5    27    70   156   200   143   211 0.59 -
NODE_11940_length_14161_cov_45.070474:4213-4980  -            256 78131at7898          -            228    0.0032   15.4   5.2   4   5      0.87   2.5e+02   -0.6   7.0    21    54   175   209   159   232 0.72 -
NODE_11940_length_14161_cov_45.070474:4213-4980  -            256 78131at7898          -            228    0.0032   15.4   5.2   5   5       1.4     4e+02   -1.2   1.7    48    64   235   252   207   254 0.68 -
NODE_8053_length_16141_cov_40.940282:5349-5879   -            177 78131at7898          -            228     0.021   12.8   0.6   1   3   7.2e-05     0.021   12.8   0.6    10    45    12    48     4    55 0.84 -
NODE_8053_length_16141_cov_40.940282:5349-5879   -            177 78131at7898          -            228     0.021   12.8   0.6   2   3      0.39   1.1e+02    0.6   4.3    21    54    52    85    48   105 0.78 -
NODE_8053_length_16141_cov_40.940282:5349-5879   -            177 78131at7898          -            228     0.021   12.8   0.6   3   3    0.0041       1.2    7.0   0.5    16    47   131   162   116   173 0.78 -
NODE_54369_length_6721_cov_30.481124:1632-2063   -            144 78131at7898          -            228      0.04   11.9  18.3   1   3   0.00031     0.091   10.7   4.3    13    53    23    63    11    83 0.74 -
NODE_54369_length_6721_cov_30.481124:1632-2063   -            144 78131at7898          -            228      0.04   11.9  18.3   2   3    0.0088       2.6    6.0   1.9    13    44    79   110    67   113 0.83 -
NODE_54369_length_6721_cov_30.481124:1632-2063   -            144 78131at7898          -            228      0.04   11.9  18.3   3   3     0.022       6.5    4.6   0.5    19    44   113   138   107   140 0.85 -
NODE_11959_length_14155_cov_46.092416:6734-7477  -            248 78131at7898          -            228     0.071   11.0   0.1   1   4   0.00024     0.071   11.0   0.1    22    51     2    31     1    56 0.86 -
NODE_11959_length_14155_cov_46.092416:6734-7477  -            248 78131at7898          -            228     0.071   11.0   0.1   2   4       2.2   6.3e+02   -1.9   0.0    25    44   107   126    87   134 0.75 -
NODE_11959_length_14155_cov_46.092416:6734-7477  -            248 78131at7898          -            228     0.071   11.0   0.1   3   4      0.73   2.1e+02   -0.3   3.8    22    46   143   167   124   191 0.82 -
NODE_11959_length_14155_cov_46.092416:6734-7477  -            248 78131at7898          -            228     0.071   11.0   0.1   4   4     0.045        13    3.6   3.2    17    58   195   241   181   248 0.78 -
NODE_270_length_35145_cov_41.844490:28739-29569  -            277 78131at7898          -            228      0.14   10.1  22.6   1   3    0.0091       2.7    5.9   3.3     5    48   107   150   103   176 0.73 -
NODE_270_length_35145_cov_41.844490:28739-29569  -            277 78131at7898          -            228      0.14   10.1  22.6   2   3   0.00022     0.065   11.2   4.4    14    45   173   204   160   219 0.77 -
NODE_270_length_35145_cov_41.844490:28739-29569  -            277 78131at7898          -            228      0.14   10.1  22.6   3   3      0.48   1.4e+02    0.3   4.4    22    45   209   232   204   265 0.68 -
NODE_12131_length_14087_cov_39.742923:1850-2452  -            201 78131at7898          -            228       0.3    9.0   4.4   1   1    0.0016      0.46    8.4   4.4    21    77   121   181   116   190 0.79 -
NODE_44476_length_7675_cov_35.933342:2535-2951   -            139 78131at7898          -            228      0.35    8.8  16.5   1   3    0.0024      0.71    7.8   1.2    10    52    20    62    10    71 0.78 -
NODE_44476_length_7675_cov_35.933342:2535-2951   -            139 78131at7898          -            228      0.35    8.8  16.5   2   3     0.022       6.6    4.6   3.5     6    44    72   110    67   114 0.85 -
NODE_44476_length_7675_cov_35.933342:2535-2951   -            139 78131at7898          -            228      0.35    8.8  16.5   3   3     0.013       3.7    5.4   0.4    19    45   113   139   107   139 0.86 -
NODE_16961_length_12409_cov_38.197644:6971-8596  -            542 78131at7898          -            228       0.4    8.6  28.9   1   5       2.2   6.4e+02   -1.9   0.4    24    45    32    53    17    90 0.61 -
NODE_16961_length_12409_cov_38.197644:6971-8596  -            542 78131at7898          -            228       0.4    8.6  28.9   2   5     0.038        11    3.9   5.4    20    52   232   264   211   271 0.78 -
NODE_16961_length_12409_cov_38.197644:6971-8596  -            542 78131at7898          -            228       0.4    8.6  28.9   3   5      0.13        37    2.1   0.1    16    52   404   440   398   453 0.82 -
NODE_16961_length_12409_cov_38.197644:6971-8596  -            542 78131at7898          -            228       0.4    8.6  28.9   4   5   0.00011     0.032   12.2   1.4    11    46   456   491   447   503 0.81 -
NODE_16961_length_12409_cov_38.197644:6971-8596  -            542 78131at7898          -            228       0.4    8.6  28.9   5   5     0.025       7.3    4.5   0.0     7    33   509   535   502   542 0.79 -
NODE_40779_length_8089_cov_28.346934:2189-3205   -            339 78131at7898          -            228       0.4    8.6   7.4   1   2    0.0015      0.44    8.4   0.5     8    45   236   273   229   283 0.82 -
NODE_40779_length_8089_cov_28.346934:2189-3205   -            339 78131at7898          -            228       0.4    8.6   7.4   2   2      0.11        31    2.4   0.7    18    46   302   330   288   335 0.83 -
NODE_45817_length_7535_cov_37.085395:947-6613    -            463 78131at7898          -            228      0.62    8.0  23.7   1   7      0.38   1.1e+02    0.6   1.4    13    47    27    61    15    74 0.74 -
NODE_45817_length_7535_cov_37.085395:947-6613    -            463 78131at7898          -            228      0.62    8.0  23.7   2   7      0.44   1.3e+02    0.4   0.2    18    44    60    86    47    88 0.74 -
NODE_45817_length_7535_cov_37.085395:947-6613    -            463 78131at7898          -            228      0.62    8.0  23.7   3   7    0.0075       2.2    6.2   2.1    13    47    83   117    71   132 0.77 -
NODE_45817_length_7535_cov_37.085395:947-6613    -            463 78131at7898          -            228      0.62    8.0  23.7   4   7      0.28        82    1.0   0.2    11    44   137   170   128   178 0.80 -
NODE_45817_length_7535_cov_37.085395:947-6613    -            463 78131at7898          -            228      0.62    8.0  23.7   5   7      0.67     2e+02   -0.2   0.0    23    45   177   199   171   210 0.87 -
NODE_45817_length_7535_cov_37.085395:947-6613    -            463 78131at7898          -            228      0.62    8.0  23.7   6   7    0.0042       1.2    7.0   0.0    21    42   233   254   228   265 0.87 -
NODE_45817_length_7535_cov_37.085395:947-6613    -            463 78131at7898          -            228      0.62    8.0  23.7   7   7     0.068        20    3.0   0.0     9    45   344   380   336   394 0.79 -
NODE_41264_length_8032_cov_40.676415:4619-5653   -            345 78131at7898          -            228      0.81    7.6  30.9   1   4    0.0012      0.34    8.8   0.9    17    70    36    93    26   120 0.84 -
NODE_41264_length_8032_cov_40.676415:4619-5653   -            345 78131at7898          -            228      0.81    7.6  30.9   2   4      0.16        46    1.9   0.7    15    42   140   167   128   172 0.76 -
NODE_41264_length_8032_cov_40.676415:4619-5653   -            345 78131at7898          -            228      0.81    7.6  30.9   3   4     0.013       3.9    5.4   5.8    18    72   172   230   168   258 0.67 -
NODE_41264_length_8032_cov_40.676415:4619-5653   -            345 78131at7898          -            228      0.81    7.6  30.9   4   4    0.0037       1.1    7.2   2.9    17    46   315   344   291   345 0.90 -
NODE_83377_length_4748_cov_36.358357:3019-3570   -            184 78131at7898          -            228      0.94    7.4  18.8   1   3      0.31        90    0.9   4.2    17    69    42    95    26    98 0.57 -
NODE_83377_length_4748_cov_36.358357:3019-3570   -            184 78131at7898          -            228      0.94    7.4  18.8   2   3   0.00034     0.099   10.6   3.9    14    60    97   148    91   150 0.77 -
NODE_83377_length_4748_cov_36.358357:3019-3570   -            184 78131at7898          -            228      0.94    7.4  18.8   3   3     0.042        12    3.7   2.3    19    45   130   156   121   181 0.82 -
NODE_45233_length_7597_cov_33.219525:2888-3754   -            289 78131at7898          -            228       1.7    6.5  13.4   1   5       0.1        30    2.5   0.1    24    54     1    36     1    45 0.75 -
NODE_45233_length_7597_cov_33.219525:2888-3754   -            289 78131at7898          -            228       1.7    6.5  13.4   2   5    0.0062       1.8    6.4   0.2    22    73    55   109    43   111 0.74 -
NODE_45233_length_7597_cov_33.219525:2888-3754   -            289 78131at7898          -            228       1.7    6.5  13.4   3   5       2.9   8.6e+02   -2.3   0.0    24    41   115   132   112   143 0.82 -
NODE_45233_length_7597_cov_33.219525:2888-3754   -            289 78131at7898          -            228       1.7    6.5  13.4   4   5      0.71   2.1e+02   -0.3   0.0    26    56   147   177   135   189 0.88 -
NODE_45233_length_7597_cov_33.219525:2888-3754   -            289 78131at7898          -            228       1.7    6.5  13.4   5   5     0.071        21    3.0   1.2    21    55   238   277   223   289 0.63 -
NODE_219148_length_906_cov_287.324659:171-788    -            206 78131at7898          -            228       1.8    6.5  26.1   1   4       3.7   1.1e+03   -2.6   0.2    24    44    16    38     9    52 0.56 -
NODE_219148_length_906_cov_287.324659:171-788    -            206 78131at7898          -            228       1.8    6.5  26.1   2   4      0.08        23    2.8   7.0    12    70    61   119    49   122 0.81 -
NODE_219148_length_906_cov_287.324659:171-788    -            206 78131at7898          -            228       1.8    6.5  26.1   3   4   0.00012     0.034   12.1   2.0     8    44   113   149   107   153 0.87 -
NODE_219148_length_906_cov_287.324659:171-788    -            206 78131at7898          -            228       1.8    6.5  26.1   4   4     0.009       2.6    5.9   2.0    21    45   154   178   149   203 0.83 -
NODE_42761_length_7863_cov_70.297785:2464-4353   -            630 78131at7898          -            228       2.3    6.1   6.4   1   3      0.05        15    3.5   0.0    21    45   439   463   423   470 0.88 -
NODE_42761_length_7863_cov_70.297785:2464-4353   -            630 78131at7898          -            228       2.3    6.1   6.4   2   3      0.57   1.7e+02    0.0   0.3    22    47   522   547   517   569 0.76 -
NODE_42761_length_7863_cov_70.297785:2464-4353   -            630 78131at7898          -            228       2.3    6.1   6.4   3   3     0.041        12    3.8   0.4    22    54   578   615   558   629 0.74 -
NODE_22168_length_11067_cov_24.886123:6568-8310  -            581 78131at7898          -            228         3    5.8  12.3   1   4         4   1.2e+03   -2.7   0.2    24    58    33    67    22   107 0.58 -
NODE_22168_length_11067_cov_24.886123:6568-8310  -            581 78131at7898          -            228         3    5.8  12.3   2   4       2.4     7e+02   -2.0   0.1   120   156    80   118    66   123 0.59 -
NODE_22168_length_11067_cov_24.886123:6568-8310  -            581 78131at7898          -            228         3    5.8  12.3   3   4     0.011       3.3    5.6   0.3    10    58   172   221   163   237 0.72 -
NODE_22168_length_11067_cov_24.886123:6568-8310  -            581 78131at7898          -            228         3    5.8  12.3   4   4     0.005       1.4    6.8   1.2    13    45   275   307   258   314 0.85 -
NODE_1153_length_26624_cov_50.391254:20839-21255 -            139 78131at7898          -            228       6.3    4.7  20.7   1   4      0.09        26    2.6   0.1    22    44     4    26     1    31 0.88 -
NODE_1153_length_26624_cov_50.391254:20839-21255 -            139 78131at7898          -            228       6.3    4.7  20.7   2   4     0.014       4.2    5.2   3.9    21    64    31    79    24    89 0.82 -
NODE_1153_length_26624_cov_50.391254:20839-21255 -            139 78131at7898          -            228       6.3    4.7  20.7   3   4      0.53   1.5e+02    0.1   2.8    15    53    81   119    74   124 0.76 -
NODE_1153_length_26624_cov_50.391254:20839-21255 -            139 78131at7898          -            228       6.3    4.7  20.7   4   4    0.0074       2.2    6.2   4.3    10    44   104   138    94   139 0.73 -
NODE_242847_length_638_cov_64.886827:136-567     -            144 78131at7898          -            228       9.1    4.2  19.2   1   4      0.17        51    1.7   0.7    10    44    20    54    10    58 0.77 -
NODE_242847_length_638_cov_64.886827:136-567     -            144 78131at7898          -            228       9.1    4.2  19.2   2   4    0.0037       1.1    7.2   0.8    13    41    51    79    38    84 0.73 -
NODE_242847_length_638_cov_64.886827:136-567     -            144 78131at7898          -            228       9.1    4.2  19.2   3   4    0.0032      0.92    7.4   2.4    18    44    84   110    76   119 0.84 -
NODE_242847_length_638_cov_64.886827:136-567     -            144 78131at7898          -            228       9.1    4.2  19.2   4   4      0.65   1.9e+02   -0.2   0.9    20    40   114   134   110   140 0.77 -
NODE_135086_length_2679_cov_35.937209:797-1474   -            226 78131at7898          -            228       9.7    4.1  15.2   1   4       1.1   3.3e+02   -0.9   0.1    24    52     5    33     2    39 0.80 -
NODE_135086_length_2679_cov_35.937209:797-1474   -            226 78131at7898          -            228       9.7    4.1  15.2   2   4     0.014       4.1    5.3   3.1    10    52    47    89    37   114 0.73 -
NODE_135086_length_2679_cov_35.937209:797-1474   -            226 78131at7898          -            228       9.7    4.1  15.2   3   4       1.5   4.3e+02   -1.3   0.1    10    33   104   127    95   140 0.71 -
NODE_135086_length_2679_cov_35.937209:797-1474   -            226 78131at7898          -            228       9.7    4.1  15.2   4   4    0.0078       2.3    6.1   0.2    21    52   171   202   154   211 0.84 -
NODE_54285_length_6727_cov_28.075890:2689-6132   -           1148 78131at7898          -            228       9.8    4.0  16.5   1   6      0.55   1.6e+02    0.1   1.2    13    55   393   440   383   457 0.74 -
NODE_54285_length_6727_cov_28.075890:2689-6132   -           1148 78131at7898          -            228       9.8    4.0  16.5   2   6       1.5   4.2e+02   -1.3   0.1    14    44   673   703   663   707 0.77 -
NODE_54285_length_6727_cov_28.075890:2689-6132   -           1148 78131at7898          -            228       9.8    4.0  16.5   3   6       0.2        58    1.5   0.0    21    54   712   745   705   748 0.89 -
NODE_54285_length_6727_cov_28.075890:2689-6132   -           1148 78131at7898          -            228       9.8    4.0  16.5   4   6       1.1   3.1e+02   -0.9   0.1    23    46   948   971   945   973 0.91 -
NODE_54285_length_6727_cov_28.075890:2689-6132   -           1148 78131at7898          -            228       9.8    4.0  16.5   5   6    0.0045       1.3    6.9   0.1    18    46   971   999   956  1013 0.82 -
NODE_54285_length_6727_cov_28.075890:2689-6132   -           1148 78131at7898          -            228       9.8    4.0  16.5   6   6      0.15        44    1.9   0.1    21    45  1074  1098  1063  1129 0.72 -
#
# Program:         hmmsearch
# Version:         3.1b2 (February 2015)
# Pipeline mode:   SEARCH
# Query file:      /home/e1garcia/shotgun_PIRE/abyss/busco_downloads/lineages/actinopterygii_odb10/hmms/78131at7898.hmm
# Target file:     /home/e1garcia/shotgun_PIRE/pire_ssl_data_processing/plotosus_lineatus/busco_scaffolds_results-SPAdes_contam_R1R2_noIsolate/run_actinopterygii_odb10/metaeuk_output/initial_results/scaffolds.modified.fasta.modified.fas
# Option settings: hmmsearch --domtblout /home/e1garcia/shotgun_PIRE/pire_ssl_data_processing/plotosus_lineatus/busco_scaffolds_results-SPAdes_contam_R1R2_noIsolate/run_actinopterygii_odb10/hmmer_output/initial_run_results/78131at7898.out --cpu 1 /home/e1garcia/shotgun_PIRE/abyss/busco_downloads/lineages/actinopterygii_odb10/hmms/78131at7898.hmm /home/e1garcia/shotgun_PIRE/pire_ssl_data_processing/plotosus_lineatus/busco_scaffolds_results-SPAdes_contam_R1R2_noIsolate/run_actinopterygii_odb10/metaeuk_output/initial_results/scaffolds.modified.fasta.modified.fas 
# Current dir:     /home/e1garcia/shotgun_PIRE/pire_ssl_data_processing/plotosus_lineatus
# Date:            Fri Aug 20 13:31:27 2021
# [ok]
