#                                                                                                        --- full sequence --- -------------- this domain -------------   hmm coord   ali coord   env coord
# target name                                    accession   tlen query name           accession   qlen   E-value  score  bias   #  of  c-Evalue  i-Evalue  score  bias  from    to  from    to  from    to  acc description of target
#                            ------------------- ---------- ----- -------------------- ---------- ----- --------- ------ ----- --- --- --------- --------- ------ ----- ----- ----- ----- ----- ----- ----- ---- ---------------------
NODE_22665_length_10951_cov_31.888500:191-7337   -            194 86423at7898          -             96   2.9e-48  160.7   7.5   1   3     2e-49   5.2e-47  156.7   6.8    14    96     1    94     1    94 0.94 -
NODE_22665_length_10951_cov_31.888500:191-7337   -            194 86423at7898          -             96   2.9e-48  160.7   7.5   2   3      0.46   1.2e+02    1.6   0.0    63    93   104   133    97   136 0.77 -
NODE_22665_length_10951_cov_31.888500:191-7337   -            194 86423at7898          -             96   2.9e-48  160.7   7.5   3   3       5.1   1.4e+03   -1.7   0.0    66    81   178   193   156   194 0.56 -
NODE_4868_length_18712_cov_35.507656:4645-7222   -            293 86423at7898          -             96   5.2e-11   41.3   0.3   1   4   2.6e-05    0.0071   15.2   0.0    27    86    24    84    19    89 0.83 -
NODE_4868_length_18712_cov_35.507656:4645-7222   -            293 86423at7898          -             96   5.2e-11   41.3   0.3   2   4   0.00037     0.099   11.6   0.0    44    87    97   143    85   151 0.74 -
NODE_4868_length_18712_cov_35.507656:4645-7222   -            293 86423at7898          -             96   5.2e-11   41.3   0.3   3   4    0.0019      0.52    9.3   0.0    28    93   167   231   155   234 0.78 -
NODE_4868_length_18712_cov_35.507656:4645-7222   -            293 86423at7898          -             96   5.2e-11   41.3   0.3   4   4       1.8   4.7e+02   -0.2   0.0    25    43   254   272   241   282 0.77 -
NODE_14711_length_13110_cov_36.445008:5141-12494 -            296 86423at7898          -             96   1.2e-10   40.2   0.0   1   4   7.3e-05      0.02   13.8   0.0    25    83    21    82     1    85 0.73 -
NODE_14711_length_13110_cov_36.445008:5141-12494 -            296 86423at7898          -             96   1.2e-10   40.2   0.0   2   4    0.0019      0.51    9.3   0.0    28    91    68   135    61   140 0.76 -
NODE_14711_length_13110_cov_36.445008:5141-12494 -            296 86423at7898          -             96   1.2e-10   40.2   0.0   3   4     0.015         4    6.4   0.0    26    84   112   167    94   177 0.62 -
NODE_14711_length_13110_cov_36.445008:5141-12494 -            296 86423at7898          -             96   1.2e-10   40.2   0.0   4   4   8.9e-05     0.024   13.6   0.0    27    94   192   264   186   266 0.80 -
NODE_46790_length_7435_cov_42.310115:2240-6761   -            295 86423at7898          -             96   1.3e-10   40.1   3.9   1   4   0.00034      0.09   11.7   0.2    27    90    16    80     7    86 0.83 -
NODE_46790_length_7435_cov_42.310115:2240-6761   -            295 86423at7898          -             96   1.3e-10   40.1   3.9   2   4     0.032       8.7    5.3   0.1    69    86   107   124   103   131 0.84 -
NODE_46790_length_7435_cov_42.310115:2240-6761   -            295 86423at7898          -             96   1.3e-10   40.1   3.9   3   4     0.056        15    4.6   0.2    15    44   132   164   125   179 0.76 -
NODE_46790_length_7435_cov_42.310115:2240-6761   -            295 86423at7898          -             96   1.3e-10   40.1   3.9   4   4     1e-05    0.0028   16.5   0.0    25    88   228   293   212   295 0.85 -
NODE_2807_length_21672_cov_37.948361:4456-5247   -            264 86423at7898          -             96   8.6e-09   34.2   5.0   1   5     0.039        10    5.1   0.1    33    84     7    59     1    68 0.67 -
NODE_2807_length_21672_cov_37.948361:4456-5247   -            264 86423at7898          -             96   8.6e-09   34.2   5.0   2   5   1.4e-05    0.0037   16.2   0.4    27    84    43   101    27   103 0.79 -
NODE_2807_length_21672_cov_37.948361:4456-5247   -            264 86423at7898          -             96   8.6e-09   34.2   5.0   3   5   1.9e-07     5e-05   22.1   0.1    15    85    69   144    58   150 0.78 -
NODE_2807_length_21672_cov_37.948361:4456-5247   -            264 86423at7898          -             96   8.6e-09   34.2   5.0   4   5    0.0068       1.8    7.5   0.0    51    95   149   196   145   197 0.78 -
NODE_2807_length_21672_cov_37.948361:4456-5247   -            264 86423at7898          -             96   8.6e-09   34.2   5.0   5   5       8.7   2.3e+03   -2.5   0.0    74    82   217   225   204   244 0.57 -
NODE_11047_length_14565_cov_43.997926:258-2387   -            282 86423at7898          -             96   1.1e-08   33.9  10.1   1   3      0.13        34    3.4   1.3    15    55    87   126    81   137 0.66 -
NODE_11047_length_14565_cov_43.997926:258-2387   -            282 86423at7898          -             96   1.1e-08   33.9  10.1   2   3   3.6e-07   9.8e-05   21.2   1.4    25    81   143   204   123   211 0.71 -
NODE_11047_length_14565_cov_43.997926:258-2387   -            282 86423at7898          -             96   1.1e-08   33.9  10.1   3   3   0.00012     0.031   13.2   0.1    50    87   238   277   224   281 0.81 -
NODE_84135_length_4707_cov_28.536241:897-1097    -             67 86423at7898          -             96   6.8e-07   28.1   0.2   1   1   3.4e-08   9.2e-06   24.5   0.2    27    93     1    66     1    67 0.88 -
NODE_11368_length_14405_cov_36.855725:3703-11031 -            260 86423at7898          -             96   2.2e-06   26.4   1.0   1   3         2   5.4e+02   -0.4   0.0    74    90   108   124    98   128 0.76 -
NODE_11368_length_14405_cov_36.855725:3703-11031 -            260 86423at7898          -             96   2.2e-06   26.4   1.0   2   3     0.091        24    3.9   0.0    65    84   150   169   143   176 0.78 -
NODE_11368_length_14405_cov_36.855725:3703-11031 -            260 86423at7898          -             96   2.2e-06   26.4   1.0   3   3   1.8e-06   0.00048   19.0   0.1    15    84   178   252   172   257 0.83 -
NODE_283196_length_453_cov_0.864407:57-272       -             72 86423at7898          -             96   1.3e-05   24.0   0.2   1   1   5.1e-08   1.4e-05   23.9   0.2    25    83    11    71     1    72 0.78 -
NODE_39911_length_8189_cov_41.447342:2022-7397   -            297 86423at7898          -             96   1.8e-05   23.5   9.5   1   4    0.0015      0.41    9.6   0.2    13    85    12    93     4   103 0.74 -
NODE_39911_length_8189_cov_41.447342:2022-7397   -            297 86423at7898          -             96   1.8e-05   23.5   9.5   2   4     0.012       3.3    6.7   0.3    20    81    69   133    58   135 0.76 -
NODE_39911_length_8189_cov_41.447342:2022-7397   -            297 86423at7898          -             96   1.8e-05   23.5   9.5   3   4   1.9e-05    0.0052   15.7   0.7    16    81   126   193   119   203 0.79 -
NODE_39911_length_8189_cov_41.447342:2022-7397   -            297 86423at7898          -             96   1.8e-05   23.5   9.5   4   4      0.41   1.1e+02    1.8   0.1    17    41   218   242   206   297 0.78 -
NODE_11219_length_14472_cov_27.836012:4571-14392 -            444 86423at7898          -             96   2.5e-05   23.1   7.5   1   4   0.00096      0.26   10.2   0.1    43    90    96   146    78   152 0.69 -
NODE_11219_length_14472_cov_27.836012:4571-14392 -            444 86423at7898          -             96   2.5e-05   23.1   7.5   2   4     0.004       1.1    8.3   0.1    53    86   192   230   186   239 0.78 -
NODE_11219_length_14472_cov_27.836012:4571-14392 -            444 86423at7898          -             96   2.5e-05   23.1   7.5   3   4      0.44   1.2e+02    1.7   0.0    60    84   246   270   232   286 0.65 -
NODE_11219_length_14472_cov_27.836012:4571-14392 -            444 86423at7898          -             96   2.5e-05   23.1   7.5   4   4     0.095        25    3.8   0.1    20    44   414   438   392   443 0.69 -
NODE_48480_length_7267_cov_39.386858:3933-6888   -            558 86423at7898          -             96   2.9e-05   22.9   2.2   1   4      0.45   1.2e+02    1.7   0.0    51    84   304   340   287   346 0.67 -
NODE_48480_length_7267_cov_39.386858:3933-6888   -            558 86423at7898          -             96   2.9e-05   22.9   2.2   2   4     0.029       7.8    5.5   0.0    29    90   368   430   346   438 0.64 -
NODE_48480_length_7267_cov_39.386858:3933-6888   -            558 86423at7898          -             96   2.9e-05   22.9   2.2   3   4    0.0011      0.29   10.1   0.0    26    90   407   472   395   476 0.78 -
NODE_48480_length_7267_cov_39.386858:3933-6888   -            558 86423at7898          -             96   2.9e-05   22.9   2.2   4   4    0.0078       2.1    7.3   0.2    52    84   473   508   469   512 0.76 -
NODE_240412_length_660_cov_0.909091:10-354       -            115 86423at7898          -             96   0.00015   20.6   0.6   1   2    0.0048       1.3    8.0   0.0    68    90    18    39     5    45 0.76 -
NODE_240412_length_660_cov_0.909091:10-354       -            115 86423at7898          -             96   0.00015   20.6   0.6   2   2    0.0004      0.11   11.4   0.1    24    81    56   114    41   115 0.59 -
NODE_2470_length_22397_cov_93.662257:7018-12065  -            338 86423at7898          -             96   0.00025   19.9   0.1   1   1   2.4e-06   0.00065   18.6   0.1    12    89   146   229   128   236 0.79 -
NODE_3536_length_20491_cov_37.352638:5190-8572   -            440 86423at7898          -             96   0.00037   19.3   4.1   1   2    0.0015      0.39    9.6   0.3    26    93   196   266   181   269 0.81 -
NODE_3536_length_20491_cov_37.352638:5190-8572   -            440 86423at7898          -             96   0.00037   19.3   4.1   2   2     0.001      0.28   10.1   0.3    29    93   326   397   306   400 0.61 -
NODE_58897_length_6337_cov_40.857326:1398-5896   -            295 86423at7898          -             96   0.00063   18.6   0.6   1   3      0.25        68    2.5   0.0    66    84    32    50     9    59 0.77 -
NODE_58897_length_6337_cov_40.857326:1398-5896   -            295 86423at7898          -             96   0.00063   18.6   0.6   2   3    0.0024      0.64    9.0   0.2    66    86    82   102    32   112 0.71 -
NODE_58897_length_6337_cov_40.857326:1398-5896   -            295 86423at7898          -             96   0.00063   18.6   0.6   3   3     0.096        26    3.8   0.0     9    55   144   192   139   209 0.74 -
NODE_114_length_41198_cov_30.790384:18527-37014  -            470 86423at7898          -             96   0.00074   18.4   0.5   1   2   1.3e-05    0.0033   16.3   0.3    25    89   205   270   188   275 0.75 -
NODE_114_length_41198_cov_30.790384:18527-37014  -            470 86423at7898          -             96   0.00074   18.4   0.5   2   2     0.012       3.3    6.7   0.1    24    56   246   276   227   293 0.77 -
NODE_26332_length_10222_cov_51.628272:444-9099   -            439 86423at7898          -             96    0.0019   17.1   2.3   1   4       4.7   1.3e+03   -1.6   0.0    26    60    34    66    31    70 0.70 -
NODE_26332_length_10222_cov_51.628272:444-9099   -            439 86423at7898          -             96    0.0019   17.1   2.3   2   4   9.1e-05     0.024   13.5   1.2    21    82    70   130    55   139 0.77 -
NODE_26332_length_10222_cov_51.628272:444-9099   -            439 86423at7898          -             96    0.0019   17.1   2.3   3   4     0.019         5    6.1   0.1    15    81   100   165    98   177 0.66 -
NODE_26332_length_10222_cov_51.628272:444-9099   -            439 86423at7898          -             96    0.0019   17.1   2.3   4   4         3   7.9e+02   -0.9   0.0    26    46   231   251   218   262 0.79 -
NODE_94255_length_4204_cov_28.373691:262-759     -            166 86423at7898          -             96    0.0023   16.8   0.1   1   2       0.2        53    2.8   0.0    57    88    61    92    10    97 0.62 -
NODE_94255_length_4204_cov_28.373691:262-759     -            166 86423at7898          -             96    0.0023   16.8   0.1   2   2   0.00044      0.12   11.3   0.0    15    75    98   162    91   166 0.72 -
NODE_124898_length_3006_cov_44.421741:970-2430   -            487 86423at7898          -             96     0.003   16.4   3.9   1   4     0.036       9.6    5.2   0.1    53    87   245   283   212   291 0.73 -
NODE_124898_length_3006_cov_44.421741:970-2430   -            487 86423at7898          -             96     0.003   16.4   3.9   2   4       1.1   2.8e+02    0.5   0.0    25    88   305   370   289   377 0.72 -
NODE_124898_length_3006_cov_44.421741:970-2430   -            487 86423at7898          -             96     0.003   16.4   3.9   3   4    0.0021      0.56    9.1   0.1    48    86   369   411   359   423 0.68 -
NODE_124898_length_3006_cov_44.421741:970-2430   -            487 86423at7898          -             96     0.003   16.4   3.9   4   4       2.9   7.7e+02   -0.9   0.0    57    72   445   460   433   486 0.53 -
NODE_40784_length_8088_cov_34.136312:657-7527    -            282 86423at7898          -             96    0.0036   16.2  11.6   1   4     0.001      0.27   10.2   0.4     9    86     5    91     1    97 0.77 -
NODE_40784_length_8088_cov_34.136312:657-7527    -            282 86423at7898          -             96    0.0036   16.2  11.6   2   4    0.0012      0.33    9.9   0.2     7    62    47   108    41   146 0.74 -
NODE_40784_length_8088_cov_34.136312:657-7527    -            282 86423at7898          -             96    0.0036   16.2  11.6   3   4    0.0031      0.83    8.6   0.5    27    81   179   240   174   249 0.64 -
NODE_40784_length_8088_cov_34.136312:657-7527    -            282 86423at7898          -             96    0.0036   16.2  11.6   4   4      0.62   1.7e+02    1.2   0.2    12    26   254   268   247   279 0.74 -
NODE_116172_length_3312_cov_16.148148:940-3244   -            228 86423at7898          -             96    0.0057   15.5   0.9   1   3      0.25        66    2.5   0.4    20    39    57    76     4    87 0.58 -
NODE_116172_length_3312_cov_16.148148:940-3244   -            228 86423at7898          -             96    0.0057   15.5   0.9   2   3      0.27        74    2.4   0.2    20    41    57    78    50   127 0.75 -
NODE_116172_length_3312_cov_16.148148:940-3244   -            228 86423at7898          -             96    0.0057   15.5   0.9   3   3    0.0023      0.61    9.0   0.0    64    90   154   180   142   188 0.86 -
NODE_8357_length_15967_cov_88.538379:1169-12305  -            319 86423at7898          -             96    0.0064   15.4   0.5   1   2     0.001      0.27   10.2   0.2    28    83    93   150    89   162 0.78 -
NODE_8357_length_15967_cov_88.538379:1169-12305  -            319 86423at7898          -             96    0.0064   15.4   0.5   2   2     0.035       9.2    5.2   0.0    26    89   134   200   124   207 0.73 -
NODE_63827_length_5967_cov_29.965406:1648-4734   -            215 86423at7898          -             96     0.057   12.3   0.0   1   2   0.00056      0.15   11.0   0.0    21    84    76   140    60   147 0.79 -
NODE_63827_length_5967_cov_29.965406:1648-4734   -            215 86423at7898          -             96     0.057   12.3   0.0   2   2       1.1   2.8e+02    0.5   0.0    41    63   127   149   121   165 0.76 -
#
# Program:         hmmsearch
# Version:         3.1b2 (February 2015)
# Pipeline mode:   SEARCH
# Query file:      /home/e1garcia/shotgun_PIRE/abyss/busco_downloads/lineages/actinopterygii_odb10/hmms/86423at7898.hmm
# Target file:     /home/e1garcia/shotgun_PIRE/pire_ssl_data_processing/plotosus_lineatus/busco_scaffolds_results-SPAdes_contam_R1R2_noIsolate/run_actinopterygii_odb10/metaeuk_output/initial_results/scaffolds.modified.fasta.modified.fas
# Option settings: hmmsearch --domtblout /home/e1garcia/shotgun_PIRE/pire_ssl_data_processing/plotosus_lineatus/busco_scaffolds_results-SPAdes_contam_R1R2_noIsolate/run_actinopterygii_odb10/hmmer_output/initial_run_results/86423at7898.out --cpu 1 /home/e1garcia/shotgun_PIRE/abyss/busco_downloads/lineages/actinopterygii_odb10/hmms/86423at7898.hmm /home/e1garcia/shotgun_PIRE/pire_ssl_data_processing/plotosus_lineatus/busco_scaffolds_results-SPAdes_contam_R1R2_noIsolate/run_actinopterygii_odb10/metaeuk_output/initial_results/scaffolds.modified.fasta.modified.fas 
# Current dir:     /home/e1garcia/shotgun_PIRE/pire_ssl_data_processing/plotosus_lineatus
# Date:            Fri Aug 20 13:35:21 2021
# [ok]
