#                                                                                                         --- full sequence --- -------------- this domain -------------   hmm coord   ali coord   env coord
# target name                                     accession   tlen query name           accession   qlen   E-value  score  bias   #  of  c-Evalue  i-Evalue  score  bias  from    to  from    to  from    to  acc description of target
#                             ------------------- ---------- ----- -------------------- ---------- ----- --------- ------ ----- --- --- --------- --------- ------ ----- ----- ----- ----- ----- ----- ----- ---- ---------------------
NODE_2769_length_21779_cov_31.282472:10027-11819  -            278 97622at7898          -            237  2.2e-144  477.6   3.9   1   2   2.5e-24   1.2e-22   79.1   0.1     1    46     1    46     1    58 0.95 -
NODE_2769_length_21779_cov_31.282472:10027-11819  -            278 97622at7898          -            237  2.2e-144  477.6   3.9   2   2  2.4e-122  1.2e-120  399.9   0.8    40   237    60   278    51   278 0.93 -
NODE_13564_length_13528_cov_38.657160:91-1365     -            237 97622at7898          -            237   2.4e-67  225.4   1.4   1   2   2.6e-13   1.3e-11   43.0   0.1     1    39     1    40     1    77 0.85 -
NODE_13564_length_13528_cov_38.657160:91-1365     -            237 97622at7898          -            237   2.4e-67  225.4   1.4   2   2   1.1e-55   5.6e-54  181.7   0.1    40   162    87   237    79   237 0.86 -
NODE_147897_length_2321_cov_20.388839:584-811     -             76 97622at7898          -            237     3e-36  123.6   3.1   1   1   6.3e-38   3.1e-36  123.6   3.1   157   224     7    76     1    76 0.91 -
NODE_55412_length_6632_cov_21.481096:2294-2689    -            132 97622at7898          -            237   1.8e-22   78.5   0.9   1   1   4.7e-24   2.3e-22   78.2   0.9   115   187    15    87     8    94 0.94 -
NODE_27863_length_9939_cov_162.469512:116-532     -            139 97622at7898          -            237   1.2e-21   75.9   0.6   1   1   2.7e-23   1.3e-21   75.7   0.6   113   186    60   133    14   137 0.92 -
NODE_93028_length_4262_cov_13.285852:1440-1631    -             64 97622at7898          -            237   1.5e-20   72.2   2.1   1   1   3.3e-22   1.6e-20   72.1   2.1   115   178     1    64     1    64 0.97 -
NODE_155226_length_2129_cov_17.778818:1188-1772   -            195 97622at7898          -            237   1.6e-20   72.1   0.3   1   1   4.6e-22   2.3e-20   71.6   0.3   115   183    83   151    67   159 0.92 -
NODE_36824_length_8581_cov_18.857817:3077-5656    -            365 97622at7898          -            237   4.9e-20   70.6   2.2   1   1     1e-21   4.9e-20   70.6   2.2   114   182   211   279   201   289 0.87 -
NODE_67778_length_5687_cov_23.466535:982-2474     -            228 97622at7898          -            237   6.5e-20   70.2   0.0   1   1   1.7e-21   8.1e-20   69.8   0.0    38   196    25   183    10   212 0.77 -
NODE_15801_length_12749_cov_27.055968:3837-4025   -             63 97622at7898          -            237   1.4e-19   69.0   0.6   1   1   3.1e-21   1.5e-19   69.0   0.6   114   174     2    62     1    63 0.97 -
NODE_124638_length_3016_cov_12.499143:939-1136    -             66 97622at7898          -            237   1.9e-19   68.6   1.7   1   1   4.1e-21     2e-19   68.6   1.7   115   178     3    66     1    66 0.96 -
NODE_113119_length_3423_cov_22.160349:1302-1526   -             75 97622at7898          -            237     2e-19   68.5   0.4   1   1   4.1e-21     2e-19   68.5   0.4   116   182     1    68     1    75 0.89 -
NODE_71320_length_5459_cov_29.702799:4029-4268    -             80 97622at7898          -            237   2.2e-19   68.4   1.4   1   1     5e-21   2.5e-19   68.3   1.4   158   225     2    67     1    72 0.84 -
NODE_109832_length_3546_cov_23.107920:2287-2742   -            152 97622at7898          -            237   3.6e-19   67.7   0.4   1   1   8.4e-21   4.1e-19   67.5   0.4   114   184    23    94    11   125 0.83 -
NODE_99106_length_3989_cov_24.927506:754-1017     -             88 97622at7898          -            237   3.5e-18   64.5   0.1   1   1   7.9e-20   3.9e-18   64.3   0.1   117   175     5    63     1    74 0.92 -
NODE_33110_length_9096_cov_29.138046:5648-7060    -            273 97622at7898          -            237   3.8e-18   64.4   0.2   1   1   1.1e-19   5.6e-18   63.8   0.2   107   174   112   179   104   195 0.89 -
NODE_55580_length_6618_cov_32.290996:2386-3931    -            245 97622at7898          -            237   8.2e-18   63.3   0.3   1   1   2.5e-19   1.2e-17   62.7   0.3   111   173   117   180   102   185 0.88 -
NODE_79232_length_4976_cov_30.621079:3826-4194    -            123 97622at7898          -            237   1.1e-17   62.8   1.4   1   1     3e-19   1.5e-17   62.4   1.4   114   175    11    72     3    85 0.92 -
NODE_62525_length_6063_cov_23.666331:603-3597     -            264 97622at7898          -            237   1.3e-17   62.6   0.1   1   1   3.9e-19   1.9e-17   62.1   0.1    99   174   114   189   108   201 0.92 -
NODE_27869_length_9939_cov_22.624085:7206-8611    -            247 97622at7898          -            237   1.6e-17   62.4   0.3   1   1   4.8e-19   2.4e-17   61.8   0.3   112   173   121   183   105   192 0.89 -
NODE_64849_length_5894_cov_22.258154:881-1108     -             76 97622at7898          -            237   2.4e-17   61.8   0.8   1   1   5.3e-19   2.6e-17   61.6   0.8   114   181     1    68     1    74 0.95 -
NODE_4704_length_18896_cov_32.434005:12613-14459  -            286 97622at7898          -            237   2.5e-17   61.7   0.0   1   1   7.3e-19   3.6e-17   61.2   0.0   106   173   129   196    51   202 0.79 -
NODE_6981_length_16882_cov_30.023476:14816-15737  -            157 97622at7898          -            237   3.8e-17   61.1   0.4   1   1   8.1e-19     4e-17   61.0   0.4   113   201    55   144    11   155 0.90 -
NODE_215_length_36810_cov_34.859334:1775-3731     -            285 97622at7898          -            237   5.3e-17   60.6   0.7   1   2   6.5e-18   3.2e-16   58.1   0.2   111   204    93   193    61   203 0.78 -
NODE_215_length_36810_cov_34.859334:1775-3731     -            285 97622at7898          -            237   5.3e-17   60.6   0.7   2   2       2.5   1.2e+02    0.5   0.0    41    72   249   279   240   283 0.81 -
NODE_903_length_27930_cov_121.548741:25938-26141  -             68 97622at7898          -            237   6.1e-17   60.4   0.9   1   1   1.3e-18   6.4e-17   60.4   0.9   114   179     1    66     1    68 0.95 -
NODE_56202_length_6566_cov_21.344054:373-846      -            158 97622at7898          -            237   7.6e-17   60.1   0.2   1   1     2e-18   9.7e-17   59.8   0.2   108   183    43   118    25   126 0.91 -
NODE_17983_length_12119_cov_24.484609:6370-7882   -            269 97622at7898          -            237   1.8e-16   58.9   0.1   1   1   8.2e-18     4e-16   57.7   0.1    42   183    34   195    29   216 0.68 -
NODE_159389_length_2027_cov_32.274896:780-1385    -            202 97622at7898          -            237     2e-16   58.8   1.1   1   1   6.6e-18   3.2e-16   58.1   1.1   114   175    21    82     9    94 0.83 -
NODE_27987_length_9914_cov_35.524605:502-747      -             82 97622at7898          -            237   3.5e-16   57.9   0.9   1   1   8.5e-18   4.2e-16   57.7   0.9   115   175    15    75    10    80 0.95 -
NODE_3353_length_20771_cov_65.228231:7459-7827    -            123 97622at7898          -            237     5e-16   57.4   0.3   1   1     1e-17     5e-16   57.4   0.3   112   181    11    80     4    87 0.89 -
NODE_167185_length_1843_cov_22.071101:945-1520    -            192 97622at7898          -            237     7e-16   57.0   2.1   1   1   1.9e-17   9.3e-16   56.6   2.1   116   186     5    78     1    83 0.83 -
NODE_6928_length_16922_cov_36.677703:13294-13792  -             93 97622at7898          -            237   1.1e-15   56.3   2.5   1   1   2.5e-17   1.2e-15   56.2   2.3   109   175    26    92     7    93 0.89 -
NODE_72313_length_5393_cov_28.209294:4604-5056    -            151 97622at7898          -            237     2e-15   55.5   0.7   1   1   5.2e-17   2.5e-15   55.1   0.7   103   174    23    94    14   101 0.91 -
NODE_121188_length_3134_cov_28.820099:895-1437    -            181 97622at7898          -            237   2.5e-15   55.1   0.9   1   1   7.1e-17   3.5e-15   54.7   0.9   116   175    17    76    10    85 0.89 -
NODE_47561_length_7358_cov_23.895165:659-1120     -            154 97622at7898          -            237   2.6e-15   55.1   0.2   1   1   6.6e-17   3.2e-15   54.8   0.2   114   196    16   101    11   122 0.75 -
NODE_42128_length_7937_cov_36.062771:1393-1986    -            198 97622at7898          -            237     1e-14   53.1   2.4   1   2   4.8e-12   2.4e-10   38.9   0.0   107   165     9    67     3    83 0.85 -
NODE_42128_length_7937_cov_36.062771:1393-1986    -            198 97622at7898          -            237     1e-14   53.1   2.4   2   2   0.00015    0.0074   14.3   0.6   158   174    90   106    73   113 0.83 -
NODE_2554_length_22195_cov_22.643827:20181-20372  -             64 97622at7898          -            237   1.6e-14   52.5   1.6   1   1   3.4e-16   1.7e-14   52.4   1.6   114   174     2    62     1    64 0.95 -
NODE_75704_length_5180_cov_40.892738:189-2250     -            212 97622at7898          -            237   1.8e-14   52.3   0.3   1   1   4.6e-16   2.3e-14   52.0   0.3   114   176    25    87     5   133 0.76 -
NODE_120068_length_3173_cov_25.566363:318-1576    -            213 97622at7898          -            237   3.3e-14   51.5   0.8   1   1   9.8e-16   4.8e-14   51.0   0.8   111   207    13   114     5   124 0.74 -
NODE_16964_length_12408_cov_26.503940:6703-7251   -            183 97622at7898          -            237   5.1e-14   50.9   0.8   1   1   1.3e-15   6.5e-14   50.5   0.8   121   190     2    71     1    96 0.86 -
NODE_6667_length_17119_cov_38.440893:11775-13002  -            202 97622at7898          -            237   6.1e-14   50.6   0.0   1   1   1.5e-15   7.5e-14   50.3   0.0   114   188     5    80     1   105 0.86 -
NODE_146597_length_2355_cov_21.008865:1141-1641   -            167 97622at7898          -            237   9.1e-14   50.0   1.1   1   1   3.1e-15   1.5e-13   49.3   1.0   115   177    19    80     2   128 0.86 -
NODE_24389_length_10586_cov_38.694956:498-722     -             75 97622at7898          -            237   1.1e-13   49.8   1.1   1   1   2.4e-15   1.2e-13   49.7   1.1   117   176     1    60     1    70 0.91 -
NODE_75470_length_5193_cov_31.332155:2459-2710    -             84 97622at7898          -            237   1.4e-13   49.5   1.2   1   1   2.8e-15   1.4e-13   49.5   1.2   118   179     3    62     1    84 0.84 -
NODE_89146_length_4450_cov_28.231441:168-377      -             70 97622at7898          -            237   1.4e-13   49.4   0.5   1   1   2.9e-15   1.4e-13   49.4   0.5   118   179     5    66     1    70 0.91 -
NODE_5924_length_17724_cov_202.434383:7894-8665   -            199 97622at7898          -            237   1.8e-13   49.1   1.7   1   1   4.1e-15     2e-13   48.9   1.4   114   184     5    76     1   109 0.87 -
NODE_13291_length_13629_cov_29.018477:1114-1587   -            158 97622at7898          -            237   2.1e-13   48.8   1.0   1   2   4.4e-15   2.1e-13   48.8   1.0   114   175    14    75     4   103 0.85 -
NODE_13291_length_13629_cov_29.018477:1114-1587   -            158 97622at7898          -            237   2.1e-13   48.8   1.0   2   2       5.6   2.7e+02   -0.6   0.1   163   199   117   154   102   158 0.61 -
NODE_8603_length_15824_cov_37.500477:12030-12224  -             65 97622at7898          -            237   2.3e-13   48.7   1.3   1   1   4.8e-15   2.4e-13   48.7   1.3   120   175     1    56     1    64 0.94 -
NODE_5556_length_18064_cov_28.251044:12177-15409  -            215 97622at7898          -            237   4.4e-13   47.8   2.0   1   1   1.5e-14   7.2e-13   47.1   2.0   115   176     1    62     1    69 0.94 -
NODE_5156_length_18432_cov_24.972945:4720-13884   -             80 97622at7898          -            237   4.5e-13   47.8   1.2   1   1   9.9e-15   4.8e-13   47.7   1.2   114   181     9    76     4    80 0.92 -
NODE_57659_length_6439_cov_33.975237:674-895      -             74 97622at7898          -            237   5.7e-13   47.4   1.1   1   1   1.2e-14   5.9e-13   47.4   1.1   120   177     1    58     1    73 0.86 -
NODE_53321_length_6812_cov_27.697006:2578-3631    -            322 97622at7898          -            237   7.7e-13   47.0   0.2   1   1   3.9e-14   1.9e-12   45.7   0.2   116   177   219   280   193   303 0.89 -
NODE_27173_length_10064_cov_90.406924:765-1739    -            281 97622at7898          -            237   8.7e-13   46.8   0.5   1   1   2.6e-14   1.3e-12   46.3   0.5    88   175   175   261   155   277 0.78 -
NODE_25979_length_10284_cov_28.054197:8035-8178   -             48 97622at7898          -            237   1.2e-12   46.3   0.2   1   1   2.7e-14   1.3e-12   46.2   0.2   123   170     1    48     1    48 0.98 -
NODE_73269_length_5330_cov_41.358631:2900-3091    -             64 97622at7898          -            237   1.5e-12   46.0   0.7   1   1   3.4e-14   1.7e-12   45.9   0.7   120   175     1    56     1    62 0.95 -
NODE_97646_length_4055_cov_29.302073:3593-3844    -             84 97622at7898          -            237     2e-12   45.6   1.0   1   1   4.1e-14     2e-12   45.6   1.0   120   177     1    58     1    78 0.91 -
NODE_128607_length_2883_cov_35.905532:1169-2620   -            394 97622at7898          -            237   2.3e-12   45.4   0.2   1   1   8.1e-14     4e-12   44.7   0.2   117   175   160   218   155   226 0.93 -
NODE_133090_length_2741_cov_26.931491:2436-2630   -             65 97622at7898          -            237   2.8e-12   45.2   0.7   1   1   5.7e-14   2.8e-12   45.2   0.7   116   173     6    63     1    65 0.91 -
NODE_27010_length_10097_cov_52.834467:53-4620     -            173 97622at7898          -            237   6.2e-12   44.0   0.3   1   1     3e-13   1.5e-11   42.8   0.3   114   175   106   167    78   171 0.92 -
NODE_16241_length_12620_cov_33.536459:6123-8029   -            416 97622at7898          -            237   6.5e-12   44.0   0.3   1   1   2.5e-13   1.2e-11   43.1   0.3   116   175   179   238   175   247 0.93 -
NODE_68646_length_5633_cov_21.435128:1943-2200    -             86 97622at7898          -            237   1.1e-11   43.2   0.2   1   1   2.3e-13   1.1e-11   43.2   0.2   117   179     1    63     1    86 0.84 -
NODE_85411_length_4642_cov_62.523002:1253-2679    -            259 97622at7898          -            237   2.4e-11   42.1   0.1   1   1   6.9e-13   3.4e-11   41.6   0.1   116   177    26    87     7    94 0.89 -
NODE_60121_length_6247_cov_28.024398:4796-5837    -            247 97622at7898          -            237   5.4e-11   41.0   0.4   1   1   1.6e-12     8e-11   40.4   0.4   118   176    31    89    25    95 0.90 -
NODE_51937_length_6938_cov_17.733294:3458-5783    -            105 97622at7898          -            237   1.3e-10   39.7   1.2   1   1   3.1e-12   1.5e-10   39.5   1.2   113   181    15    85     4    93 0.84 -
NODE_189801_length_1377_cov_24.974961:902-1066    -             55 97622at7898          -            237   1.4e-10   39.6   0.4   1   1   2.9e-12   1.4e-10   39.6   0.4   117   170     2    55     1    55 0.96 -
NODE_40235_length_8150_cov_42.320333:7691-7885    -             65 97622at7898          -            237     3e-10   38.5   0.7   1   1   6.2e-12   3.1e-10   38.5   0.7   118   174     4    60     1    64 0.92 -
NODE_163591_length_1926_cov_24.180624:275-463     -             63 97622at7898          -            237   2.9e-09   35.3   0.2   1   1   5.9e-11   2.9e-09   35.3   0.2   120   173     1    52     1    60 0.85 -
NODE_116176_length_3311_cov_44.198319:2168-3180   -            142 97622at7898          -            237   3.3e-09   35.1   0.2   1   1   8.3e-11   4.1e-09   34.8   0.2   115   178     8    71     3   104 0.86 -
NODE_50972_length_7026_cov_37.795727:4684-6419    -            290 97622at7898          -            237   4.5e-09   34.7   0.8   1   1   1.4e-10   6.7e-09   34.1   0.8   110   174   212   274   200   282 0.89 -
NODE_87944_length_4509_cov_41.760317:1006-2689    -            253 97622at7898          -            237   4.6e-09   34.6   1.0   1   1   1.5e-10   7.6e-09   33.9   1.0   118   174   194   250   183   252 0.91 -
NODE_42366_length_7907_cov_37.814677:5299-7212    -            327 97622at7898          -            237   5.7e-09   34.3   0.8   1   1   1.2e-10   5.7e-09   34.3   0.8   110   174   249   311   233   318 0.90 -
NODE_74462_length_5257_cov_35.792168:1777-2912    -            268 97622at7898          -            237   6.6e-09   34.1   1.1   1   1   1.3e-10   6.6e-09   34.1   1.1   118   174   202   258   183   263 0.90 -
NODE_2177_length_23132_cov_36.882733:2386-3223    -            235 97622at7898          -            237   2.7e-08   32.1   0.3   1   1   1.1e-09   5.2e-08   31.2   0.1   115   176    31    93    18    97 0.86 -
NODE_102501_length_3845_cov_16.078217:271-2103    -            239 97622at7898          -            237     5e-08   31.2   2.1   1   1     1e-09     5e-08   31.2   2.1   140   227   139   226   116   234 0.88 -
NODE_68754_length_5625_cov_25.891784:1953-4696    -            274 97622at7898          -            237   6.1e-08   31.0   0.6   1   1   1.9e-09   9.1e-08   30.4   0.6   111   181    80   152    69   166 0.83 -
NODE_7698_length_16343_cov_30.627432:6707-6847    -             47 97622at7898          -            237   8.4e-08   30.5   0.0   1   1   1.8e-09   8.9e-08   30.4   0.0   118   163     2    47     1    47 0.98 -
NODE_62311_length_6079_cov_18.753177:3200-3514    -            105 97622at7898          -            237   1.5e-07   29.7   0.0   1   1   3.1e-09   1.5e-07   29.7   0.0   102   166    27    93     4   104 0.84 -
NODE_144_length_39390_cov_52.448881:21838-28206   -            426 97622at7898          -            237     8e-06   24.0   0.1   1   1   2.3e-07   1.1e-05   23.5   0.1   136   218   142   226    50   241 0.78 -
NODE_56657_length_6526_cov_24.331881:1145-2578    -            320 97622at7898          -            237   2.7e-05   22.3   0.6   1   1   7.9e-07   3.9e-05   21.8   0.6   140   215   125   198    86   203 0.77 -
NODE_7423_length_16519_cov_32.449635:2186-2323    -             46 97622at7898          -            237   4.7e-05   21.5   0.1   1   1   9.9e-07   4.9e-05   21.5   0.1   118   162     2    46     1    46 0.96 -
NODE_64532_length_5914_cov_33.147377:1334-1933    -            200 97622at7898          -            237     6e-05   21.2   0.1   1   1   1.8e-06   8.8e-05   20.6   0.1   114   169   142   197   125   200 0.93 -
NODE_28189_length_9880_cov_29.095696:6497-7478    -            146 97622at7898          -            237   9.7e-05   20.5   0.0   1   1   2.7e-06   0.00013   20.1   0.0   109   172    81   144    60   146 0.90 -
NODE_36274_length_8650_cov_25.006549:2519-2656    -             46 97622at7898          -            237   0.00017   19.7   0.1   1   1   3.6e-06   0.00018   19.6   0.1   118   162     2    46     1    46 0.96 -
NODE_5772_length_17884_cov_26.896542:14336-15229  -            298 97622at7898          -            237   0.00028   19.0   0.0   1   1     1e-05   0.00051   18.1   0.0   112   174   214   276   209   296 0.87 -
NODE_54258_length_6730_cov_19.687377:1330-2001    -            224 97622at7898          -            237    0.0003   18.9   0.9   1   1   6.2e-06    0.0003   18.9   0.9   138   214    57   132    32   139 0.80 -
NODE_168085_length_1822_cov_25.420197:618-1115    -            166 97622at7898          -            237   0.00034   18.7   0.7   1   1     9e-06   0.00044   18.3   0.7   158   178     1    21     1    37 0.76 -
NODE_30529_length_9491_cov_23.427811:6654-8465    -             99 97622at7898          -            237   0.00041   18.4   0.4   1   1   1.2e-05   0.00061   17.9   0.4   112   162    47    99     7    99 0.81 -
NODE_8022_length_16157_cov_32.981069:14995-15132  -             46 97622at7898          -            237   0.00043   18.4   0.1   1   1   9.1e-06   0.00045   18.3   0.1   118   162     2    46     1    46 0.95 -
NODE_52449_length_6892_cov_22.369204:648-1142     -            165 97622at7898          -            237   0.00048   18.2   0.5   1   1   1.6e-05   0.00077   17.5   0.5   159   184     1    28     1    39 0.71 -
NODE_42027_length_7948_cov_30.732450:6022-7409    -            193 97622at7898          -            237   0.00052   18.1   0.4   1   1   1.4e-05   0.00067   17.7   0.4   116   202    25   107     3   123 0.67 -
NODE_1001_length_27370_cov_28.493381:17774-23135  -            281 97622at7898          -            237   0.00052   18.1   0.2   1   1   1.7e-05   0.00084   17.4   0.2   116   176   171   231   161   240 0.89 -
NODE_6755_length_17045_cov_38.531984:159-1209     -            224 97622at7898          -            237   0.00053   18.1   0.1   1   1   1.8e-05    0.0009   17.3   0.1   116   174    95   153    86   163 0.91 -
NODE_148265_length_2312_cov_20.502033:613-1038    -            142 97622at7898          -            237   0.00053   18.1   0.0   1   1   1.3e-05   0.00065   17.8   0.0    41    74    50    88    42   123 0.78 -
NODE_148623_length_2302_cov_19.150250:1115-1252   -             46 97622at7898          -            237   0.00057   18.0   0.1   1   1   1.2e-05   0.00059   17.9   0.1   119   162     3    46     1    46 0.95 -
NODE_26621_length_10171_cov_29.690826:6834-8593   -            211 97622at7898          -            237   0.00065   17.8   1.7   1   1   1.9e-05   0.00092   17.3   1.7   120   210    27   115    13   139 0.74 -
NODE_79924_length_4937_cov_17.339396:2498-3652    -            385 97622at7898          -            237   0.00069   17.7   0.0   1   1   2.8e-05    0.0014   16.7   0.0   112   173   298   359   285   366 0.90 -
NODE_77558_length_5074_cov_27.486834:3241-3777    -            179 97622at7898          -            237   0.00086   17.4   0.1   1   1   3.2e-05    0.0016   16.5   0.1   134   175   134   175   122   178 0.83 -
NODE_55330_length_6638_cov_30.987460:5054-6055    -            334 97622at7898          -            237    0.0011   17.0   0.0   1   1   4.5e-05    0.0022   16.0   0.0   112   173   255   316   243   324 0.90 -
NODE_21239_length_11276_cov_29.668426:2650-3141   -            164 97622at7898          -            237    0.0011   17.0   0.8   1   1   3.9e-05    0.0019   16.2   0.8   160   181     1    22     1    32 0.84 -
NODE_46_length_47181_cov_75.747908:19705-20181    -            159 97622at7898          -            237    0.0012   17.0   0.1   1   1   2.9e-05    0.0014   16.7   0.1   118   177     2    61     1    86 0.91 -
NODE_172382_length_1727_cov_32.935504:421-957     -            179 97622at7898          -            237    0.0016   16.5   0.2   1   1   4.4e-05    0.0022   16.1   0.2   134   176   134   176   117   179 0.81 -
NODE_56811_length_6513_cov_34.258341:280-1594     -            220 97622at7898          -            237    0.0021   16.1   0.0   1   1   6.9e-05    0.0034   15.4   0.0   117   162   175   220   167   220 0.92 -
NODE_66221_length_5797_cov_26.544577:2544-3860    -            204 97622at7898          -            237    0.0022   16.1   0.2   1   1   7.2e-05    0.0035   15.4   0.2   161   177     1    17     1    54 0.68 -
NODE_106263_length_3691_cov_24.461860:2056-2610   -            185 97622at7898          -            237    0.0025   15.9   0.2   1   1   6.5e-05    0.0032   15.5   0.2   139   176   145   182   125   185 0.83 -
NODE_63290_length_6006_cov_18.938547:3018-3572    -            185 97622at7898          -            237    0.0026   15.8   0.2   1   1   7.1e-05    0.0035   15.4   0.2   140   176   146   182   127   185 0.84 -
NODE_11311_length_14431_cov_27.609754:8644-9684   -            347 97622at7898          -            237    0.0028   15.7   0.0   1   1   0.00012    0.0061   14.6   0.0   112   173   264   325   251   341 0.84 -
NODE_18475_length_11985_cov_26.806411:6301-6975   -            225 97622at7898          -            237    0.0032   15.5   5.0   1   1   9.3e-05    0.0046   15.0   5.0   139   216    37   117    11   139 0.66 -
NODE_33080_length_9099_cov_29.346000:992-1516     -            175 97622at7898          -            237    0.0036   15.4   0.0   1   1   0.00012    0.0059   14.7   0.0   127   172   127   172   115   174 0.88 -
NODE_30495_length_9498_cov_27.089158:4092-4733    -            214 97622at7898          -            237     0.004   15.2   0.1   1   1   0.00013    0.0064   14.5   0.1   137   179   149   191   122   200 0.79 -
NODE_75658_length_5183_cov_22.555075:351-1148     -            266 97622at7898          -            237     0.004   15.2   1.7   1   1   0.00011    0.0056   14.7   1.7   139   213    38   110    14   142 0.74 -
NODE_46_length_47181_cov_75.747908:17998-18159    -             54 97622at7898          -            237    0.0047   15.0   0.0   1   1   9.8e-05    0.0048   14.9   0.0   120   170     4    54     1    54 0.93 -
NODE_149033_length_2290_cov_19.598813:818-1594    -            259 97622at7898          -            237    0.0054   14.8   0.0   1   1   0.00019    0.0094   14.0   0.0   112   173   172   233   159   237 0.89 -
NODE_439_length_32170_cov_42.635839:24414-24608   -             65 97622at7898          -            237    0.0057   14.7   0.0   1   1   0.00013    0.0065   14.5   0.0   117   170    12    65     6    65 0.91 -
NODE_125657_length_2981_cov_18.661693:1638-2210   -            191 97622at7898          -            237    0.0067   14.5   0.1   1   1   0.00024     0.012   13.6   0.1   135   174   147   186   125   190 0.77 -
NODE_77638_length_5070_cov_21.408771:2212-2784    -            191 97622at7898          -            237    0.0086   14.1   0.1   1   1   0.00028     0.014   13.4   0.1   138   174   150   186   122   190 0.80 -
NODE_83327_length_4751_cov_32.012038:3204-4120    -            130 97622at7898          -            237    0.0088   14.1   0.0   1   1   0.00022     0.011   13.8   0.0   114   162    82   130    64   130 0.92 -
NODE_42472_length_7896_cov_22.062332:5026-6138    -            371 97622at7898          -            237     0.009   14.0   0.0   1   1   0.00032     0.016   13.2   0.0   112   174   278   340   266   356 0.87 -
NODE_12277_length_14029_cov_26.659727:12730-13266 -            179 97622at7898          -            237    0.0095   14.0   0.0   1   1   0.00027     0.013   13.5   0.0   126   172   127   173   117   178 0.88 -
NODE_19_length_57580_cov_40.385762:17025-18448    -            185 97622at7898          -            237     0.011   13.8   0.1   1   1    0.0003     0.015   13.3   0.1   141   172   152   183   136   185 0.85 -
NODE_61739_length_6120_cov_28.882079:3037-5071    -            251 97622at7898          -            237     0.011   13.7   0.1   1   1    0.0003     0.015   13.3   0.1   144   212   182   249   141   251 0.75 -
NODE_48824_length_7233_cov_38.152229:1638-1976    -            113 97622at7898          -            237     0.015   13.4   0.0   1   1   0.00033     0.016   13.2   0.0   114   173    54   113    36   113 0.86 -
NODE_60077_length_6251_cov_24.010891:1286-1798    -            171 97622at7898          -            237     0.017   13.1   0.0   1   1   0.00051     0.025   12.6   0.0   123   170   122   169   114   171 0.88 -
NODE_4213_length_19553_cov_52.169117:17769-18290  -            174 97622at7898          -            237     0.024   12.6   3.4   1   1    0.0009     0.044   11.8   3.4   161   176     1    16     1    23 0.86 -
NODE_5842_length_17799_cov_60.433390:5650-14761   -            246 97622at7898          -            237     0.027   12.5   0.1   1   1   0.00076     0.037   12.0   0.1   144   177   177   210   136   245 0.68 -
NODE_112336_length_3450_cov_24.284990:1135-1611   -            159 97622at7898          -            237     0.027   12.5   0.1   1   1   0.00071     0.035   12.1   0.1   107   172    92   157    74   159 0.89 -
NODE_31932_length_9265_cov_30.150338:341-8809     -            337 97622at7898          -            237      0.03   12.3   0.1   1   1     0.001     0.051   11.6   0.1   130   174   273   317   263   334 0.82 -
NODE_21202_length_11285_cov_44.208117:3052-3438   -            129 97622at7898          -            237     0.031   12.3   0.7   1   1   0.00095     0.046   11.7   0.7   161   179     2    20     1    27 0.84 -
NODE_40775_length_8090_cov_32.739457:779-2882     -            257 97622at7898          -            237     0.034   12.2   0.7   1   1   0.00097     0.048   11.7   0.7   140   194   135   188   112   205 0.78 -
NODE_14161_length_13319_cov_41.170726:1156-12514  -            309 97622at7898          -            237     0.034   12.1   0.1   1   1    0.0011     0.052   11.6   0.1   119   174   149   207   130   234 0.77 -
NODE_62527_length_6063_cov_15.294936:3131-3817    -            229 97622at7898          -            237      0.05   11.6   2.3   1   1    0.0015     0.076   11.0   2.2   136   194    58   114    35   158 0.70 -
NODE_2140_length_23218_cov_32.092046:11695-11856  -             54 97622at7898          -            237     0.056   11.4   0.0   1   1    0.0011     0.056   11.4   0.0   120   170     4    54     1    54 0.81 -
#
# Program:         hmmsearch
# Version:         3.1b2 (February 2015)
# Pipeline mode:   SEARCH
# Query file:      /home/e1garcia/shotgun_PIRE/abyss/busco_downloads/lineages/actinopterygii_odb10/hmms/97622at7898.hmm
# Target file:     /home/e1garcia/shotgun_PIRE/pire_ssl_data_processing/plotosus_lineatus/busco_scaffolds_results-SPAdes_contam_R1R2_noIsolate/run_actinopterygii_odb10/metaeuk_output/initial_results/scaffolds.modified.fasta.modified.fas
# Option settings: hmmsearch --domtblout /home/e1garcia/shotgun_PIRE/pire_ssl_data_processing/plotosus_lineatus/busco_scaffolds_results-SPAdes_contam_R1R2_noIsolate/run_actinopterygii_odb10/hmmer_output/initial_run_results/97622at7898.out --cpu 1 /home/e1garcia/shotgun_PIRE/abyss/busco_downloads/lineages/actinopterygii_odb10/hmms/97622at7898.hmm /home/e1garcia/shotgun_PIRE/pire_ssl_data_processing/plotosus_lineatus/busco_scaffolds_results-SPAdes_contam_R1R2_noIsolate/run_actinopterygii_odb10/metaeuk_output/initial_results/scaffolds.modified.fasta.modified.fas 
# Current dir:     /home/e1garcia/shotgun_PIRE/pire_ssl_data_processing/plotosus_lineatus
# Date:            Fri Aug 20 13:40:39 2021
# [ok]
