  You are loading a legacy samtools module, please load a up to date module
instead:
  
    module load container_env samtools
  
  Please run samtools command with "crun.samtools" prepend to it, for example:
  
    crun.samtools samtools
  
  Otherwise you will get "command not found" error. 
  You are loading a legacy bedtools module, please load a up to date module
instead:
  
    module load container_env bedtools
  
  Please run bedtools command with "crun.bedtools" prepend to it, for example:
  
    crun.bedtools bedtools
  
  Otherwise you will get "command not found" error. 
/opt/conda/bin/quast.py redundans_fp2min140/scaffolds.fasta -o quast-reports --est-ref-size 830000000 -s --eukaryote --large

Version: 5.0.2

System information:
  OS: Linux-4.18.0-425.19.2.el8_7.x86_64-x86_64-with-fedora-32-Thirty_Two (linux_64)
  Python version: 3.7.9
  CPUs number: 40

Started: 2023-08-08 15:15:59

Logging to /home/e1garcia/shotgun_PIRE/pire_ssl_data_processing/spratelloides_delicatulus/assemblies_for_fp2min140/quast-reports/quast.log
NOTICE: Maximum number of threads is set to 10 (use --threads option to set it manually)

CWD: /home/e1garcia/shotgun_PIRE/pire_ssl_data_processing/spratelloides_delicatulus/assemblies_for_fp2min140
Main parameters: 
  MODE: large, threads: 10, eukaryotic: true, split scaffolds: true, minimum contig length: 3000, \
  minimum alignment length: 500, ambiguity: one, threshold for extensive misassembly size: 7000

Contigs:
  Pre-processing...
  redundans_fp2min140/scaffolds.fasta ==> scaffolds
    breaking scaffolds into contigs:
      73928 scaffolds (scaffolds) were broken into 74364 contigs (scaffolds_broken)

2023-08-08 15:17:11
Running Basic statistics processor...
  Estimated reference length = 830000000
  Contig files: 
    1  scaffolds
    2  scaffolds_broken
  Calculating N50 and L50...
    1  scaffolds, N50 = 6040, L50 = 22193, Total length = 428076144, GC % = 42.14, # N's per 100 kbp =  2.70
    2  scaffolds_broken, N50 = 6013, L50 = 22309, Total length = 427303303, GC % = 42.14, # N's per 100 kbp =  0.32
  Drawing Nx plot...
    saved to /home/e1garcia/shotgun_PIRE/pire_ssl_data_processing/spratelloides_delicatulus/assemblies_for_fp2min140/quast-reports/basic_stats/Nx_plot.pdf
  Drawing NGx plot...
    saved to /home/e1garcia/shotgun_PIRE/pire_ssl_data_processing/spratelloides_delicatulus/assemblies_for_fp2min140/quast-reports/basic_stats/NGx_plot.pdf
  Drawing cumulative plot...
    saved to /home/e1garcia/shotgun_PIRE/pire_ssl_data_processing/spratelloides_delicatulus/assemblies_for_fp2min140/quast-reports/basic_stats/cumulative_plot.pdf
  Drawing GC content plot...
    saved to /home/e1garcia/shotgun_PIRE/pire_ssl_data_processing/spratelloides_delicatulus/assemblies_for_fp2min140/quast-reports/basic_stats/GC_content_plot.pdf
  Drawing scaffolds GC content plot...
    saved to /home/e1garcia/shotgun_PIRE/pire_ssl_data_processing/spratelloides_delicatulus/assemblies_for_fp2min140/quast-reports/basic_stats/scaffolds_GC_content_plot.pdf
  Drawing scaffolds_broken GC content plot...
    saved to /home/e1garcia/shotgun_PIRE/pire_ssl_data_processing/spratelloides_delicatulus/assemblies_for_fp2min140/quast-reports/basic_stats/scaffolds_broken_GC_content_plot.pdf
Done.

NOTICE: Genes are not predicted by default. Use --gene-finding or --glimmer option to enable it.

2023-08-08 15:18:03
Creating large visual summaries...
This may take a while: press Ctrl-C to skip this step..
  1 of 2: Creating Icarus viewers...
  2 of 2: Creating PDF with all tables and plots...
Done

2023-08-08 15:18:16
RESULTS:
  Text versions of total report are saved to /home/e1garcia/shotgun_PIRE/pire_ssl_data_processing/spratelloides_delicatulus/assemblies_for_fp2min140/quast-reports/report.txt, report.tsv, and report.tex
  Text versions of transposed total report are saved to /home/e1garcia/shotgun_PIRE/pire_ssl_data_processing/spratelloides_delicatulus/assemblies_for_fp2min140/quast-reports/transposed_report.txt, transposed_report.tsv, and transposed_report.tex
  HTML version (interactive tables and plots) is saved to /home/e1garcia/shotgun_PIRE/pire_ssl_data_processing/spratelloides_delicatulus/assemblies_for_fp2min140/quast-reports/report.html
  PDF version (tables and plots) is saved to /home/e1garcia/shotgun_PIRE/pire_ssl_data_processing/spratelloides_delicatulus/assemblies_for_fp2min140/quast-reports/report.pdf
  Icarus (contig browser) is saved to /home/e1garcia/shotgun_PIRE/pire_ssl_data_processing/spratelloides_delicatulus/assemblies_for_fp2min140/quast-reports/icarus.html
  Log is saved to /home/e1garcia/shotgun_PIRE/pire_ssl_data_processing/spratelloides_delicatulus/assemblies_for_fp2min140/quast-reports/quast.log

Finished: 2023-08-08 15:18:16
Elapsed time: 0:02:16.771414
NOTICEs: 2; WARNINGs: 0; non-fatal ERRORs: 0

Thank you for using QUAST!
