fatal: could not read Username for 'https://github.com': No such device or address
[main cd55f79] insert message
 Committer: e1garcia <e1garcia@d5-w6420b-01.ib.cluster>
Your name and email address were configured automatically based
on your username and hostname. Please check that they are accurate.
You can suppress this message by setting them explicitly. Run the
following command and follow the instructions in your editor to edit
your configuration file:

    git config --global --edit

After doing this, you may fix the identity used for this commit with:

    git commit --amend --reset-author

 21 files changed, 1126 insertions(+), 2 deletions(-)
 create mode 100644 .gitignore
 rewrite README.md (100%)
 mode change 100644 => 100755
 create mode 100755 runGIT.bash
 create mode 100755 scripts/README.md
 create mode 100755 scripts/checkClumpify.R
 create mode 100755 scripts/dDocentHPC.sbatch
 create mode 100755 scripts/fltrVCF.sbatch
 create mode 100755 scripts/fltrVCFstats2.sbatch
 create mode 100755 scripts/mkNewFileNames.bash
 create mode 100755 scripts/runCLUMPIFY_r1r2.sbatch
 create mode 100755 scripts/runCLUMPIFY_r1r2_array.bash
 create mode 100755 scripts/runCLUMPIFY_r1r2_array.sbatch
 create mode 100755 scripts/runFASTP_1.sbatch
 create mode 100755 scripts/runFASTP_2.sbatch
 create mode 100755 scripts/runFQSCRN_6.bash
 create mode 100755 scripts/runFQSCRN_6.sbatch
 create mode 100755 scripts/runFQSCRN_6_nofish.conf
 create mode 100755 scripts/runGIT.bash
 create mode 100755 scripts/runMULTIQC.sbatch
 create mode 100755 scripts/runREPAIR.sbatch
 create mode 100755 slurm-275310.out
fatal: could not read Username for 'https://github.com': No such device or address
fatal: could not read Username for 'https://github.com': No such device or address
