
INFO:	***** Start a BUSCO v5.0.0 analysis, current time: 06/02/2022 14:00:50 *****
INFO:	Configuring BUSCO with local environment
INFO:	Mode is genome
INFO:	Input file is /home/e1garcia/shotgun_PIRE/pire_ssl_data_processing/pomacentrus_pavo/SPAdes_allLibs_decontam_R1R2_noIsolate/scaffolds.fasta
INFO:	Downloading information on latest versions of BUSCO data...
INFO:	Using local lineages directory /home/e1garcia/shotgun_PIRE/abyss/busco_downloads/lineages/actinopterygii_odb10
INFO:	Running BUSCO using lineage dataset actinopterygii_odb10 (eukaryota, 2021-02-19)
INFO:	Running 1 job(s) on metaeuk, starting at 06/02/2022 14:01:05
INFO:	[metaeuk]	1 of 1 task(s) completed
INFO:	***** Run HMMER on gene sequences *****
INFO:	Running 3640 job(s) on hmmsearch, starting at 06/02/2022 14:19:10
INFO:	[hmmsearch]	364 of 3640 task(s) completed
INFO:	[hmmsearch]	728 of 3640 task(s) completed
INFO:	[hmmsearch]	1092 of 3640 task(s) completed
INFO:	[hmmsearch]	1456 of 3640 task(s) completed
INFO:	[hmmsearch]	1456 of 3640 task(s) completed
INFO:	[hmmsearch]	2548 of 3640 task(s) completed
INFO:	[hmmsearch]	2912 of 3640 task(s) completed
INFO:	[hmmsearch]	3276 of 3640 task(s) completed
INFO:	[hmmsearch]	3640 of 3640 task(s) completed
INFO:	Extracting missing and fragmented buscos from the file refseq_db.faa...
INFO:	Running 1 job(s) on metaeuk, starting at 06/02/2022 14:20:28
INFO:	[metaeuk]	1 of 1 task(s) completed
INFO:	***** Run HMMER on gene sequences *****
INFO:	Running 2140 job(s) on hmmsearch, starting at 06/02/2022 15:06:37
INFO:	[hmmsearch]	214 of 2140 task(s) completed
INFO:	[hmmsearch]	428 of 2140 task(s) completed
INFO:	[hmmsearch]	642 of 2140 task(s) completed
INFO:	[hmmsearch]	856 of 2140 task(s) completed
INFO:	[hmmsearch]	1070 of 2140 task(s) completed
INFO:	[hmmsearch]	1284 of 2140 task(s) completed
INFO:	[hmmsearch]	1498 of 2140 task(s) completed
INFO:	[hmmsearch]	1712 of 2140 task(s) completed
INFO:	[hmmsearch]	1926 of 2140 task(s) completed
INFO:	[hmmsearch]	2140 of 2140 task(s) completed
INFO:	Validating exons and removing overlapping matches
INFO:	Results:	C:41.8%[S:40.5%,D:1.3%],F:16.2%,M:42.0%,n:3640	   

INFO:	

	--------------------------------------------------
	|Results from dataset actinopterygii_odb10        |
	--------------------------------------------------
	|C:41.8%[S:40.5%,D:1.3%],F:16.2%,M:42.0%,n:3640   |
	|1522	Complete BUSCOs (C)                       |
	|1475	Complete and single-copy BUSCOs (S)       |
	|47	Complete and duplicated BUSCOs (D)        |
	|589	Fragmented BUSCOs (F)                     |
	|1529	Missing BUSCOs (M)                        |
	|3640	Total BUSCO groups searched               |
	--------------------------------------------------
INFO:	BUSCO analysis done. Total running time: 4097 seconds
INFO:	Results written in /home/e1garcia/shotgun_PIRE/pire_ssl_data_processing/pomacentrus_pavo/busco_scaffolds_results-SPAdes_allLibs_decontam_R1R2_noIsolate
INFO:	For assistance with interpreting the results, please consult the userguide: https://busco.ezlab.org/busco_userguide.html

