
INFO:	***** Start a BUSCO v5.0.0 analysis, current time: 06/02/2022 13:57:08 *****
INFO:	Configuring BUSCO with local environment
INFO:	Mode is genome
INFO:	Input file is /home/e1garcia/shotgun_PIRE/pire_ssl_data_processing/pomacentrus_pavo/SPAdes_Ppa-CPnd-A_decontam_R1R2_noIsolate/scaffolds.fasta
INFO:	Downloading information on latest versions of BUSCO data...
INFO:	Using local lineages directory /home/e1garcia/shotgun_PIRE/abyss/busco_downloads/lineages/actinopterygii_odb10
INFO:	Running BUSCO using lineage dataset actinopterygii_odb10 (eukaryota, 2021-02-19)
INFO:	Running 1 job(s) on metaeuk, starting at 06/02/2022 13:57:20
INFO:	[metaeuk]	1 of 1 task(s) completed
INFO:	***** Run HMMER on gene sequences *****
INFO:	Running 3640 job(s) on hmmsearch, starting at 06/02/2022 14:14:10
INFO:	[hmmsearch]	364 of 3640 task(s) completed
INFO:	[hmmsearch]	728 of 3640 task(s) completed
INFO:	[hmmsearch]	1092 of 3640 task(s) completed
INFO:	[hmmsearch]	1456 of 3640 task(s) completed
INFO:	[hmmsearch]	1820 of 3640 task(s) completed
INFO:	[hmmsearch]	2184 of 3640 task(s) completed
INFO:	[hmmsearch]	2548 of 3640 task(s) completed
INFO:	[hmmsearch]	2912 of 3640 task(s) completed
INFO:	[hmmsearch]	3276 of 3640 task(s) completed
INFO:	[hmmsearch]	3640 of 3640 task(s) completed
INFO:	Extracting missing and fragmented buscos from the file refseq_db.faa...
INFO:	Running 1 job(s) on metaeuk, starting at 06/02/2022 14:15:20
INFO:	[metaeuk]	1 of 1 task(s) completed
INFO:	***** Run HMMER on gene sequences *****
INFO:	Running 1912 job(s) on hmmsearch, starting at 06/02/2022 14:54:39
INFO:	[hmmsearch]	192 of 1912 task(s) completed
INFO:	[hmmsearch]	383 of 1912 task(s) completed
INFO:	[hmmsearch]	574 of 1912 task(s) completed
INFO:	[hmmsearch]	765 of 1912 task(s) completed
INFO:	[hmmsearch]	956 of 1912 task(s) completed
INFO:	[hmmsearch]	1148 of 1912 task(s) completed
INFO:	[hmmsearch]	1339 of 1912 task(s) completed
INFO:	[hmmsearch]	1721 of 1912 task(s) completed
INFO:	[hmmsearch]	1721 of 1912 task(s) completed
INFO:	[hmmsearch]	1912 of 1912 task(s) completed
INFO:	Validating exons and removing overlapping matches
INFO:	Results:	C:48.1%[S:47.4%,D:0.7%],F:16.1%,M:35.8%,n:3640	   

INFO:	

	--------------------------------------------------
	|Results from dataset actinopterygii_odb10        |
	--------------------------------------------------
	|C:48.1%[S:47.4%,D:0.7%],F:16.1%,M:35.8%,n:3640   |
	|1753	Complete BUSCOs (C)                       |
	|1727	Complete and single-copy BUSCOs (S)       |
	|26	Complete and duplicated BUSCOs (D)        |
	|586	Fragmented BUSCOs (F)                     |
	|1301	Missing BUSCOs (M)                        |
	|3640	Total BUSCO groups searched               |
	--------------------------------------------------
INFO:	BUSCO analysis done. Total running time: 3578 seconds
INFO:	Results written in /home/e1garcia/shotgun_PIRE/pire_ssl_data_processing/pomacentrus_pavo/busco_scaffolds_results-SPAdes_Ppa-CPnd-A_decontam_R1R2_noIsolate
INFO:	For assistance with interpreting the results, please consult the userguide: https://busco.ezlab.org/busco_userguide.html

