#                                                                                                        --- full sequence --- -------------- this domain -------------   hmm coord   ali coord   env coord
# target name                                    accession   tlen query name           accession   qlen   E-value  score  bias   #  of  c-Evalue  i-Evalue  score  bias  from    to  from    to  from    to  acc description of target
#                            ------------------- ---------- ----- -------------------- ---------- ----- --------- ------ ----- --- --- --------- --------- ------ ----- ----- ----- ----- ----- ----- ----- ---- ---------------------
NODE_1864_length_19765_cov_34.560917:5946-18874  -            223 104416at7898         -            287   1.9e-95  317.8   0.0   1   1   8.7e-98   2.2e-95  317.5   0.0    72   278     2   221     1   223 0.95 -
NODE_6_length_64630_cov_4.005331:60194-61168     -            325 104416at7898         -            287   4.5e-61  205.0   0.1   1   1   3.8e-63   9.7e-61  203.9   0.1     1   282     3   325     3   325 0.85 -
NODE_50240_length_6253_cov_3.936952:2657-3628    -            324 104416at7898         -            287   1.6e-38  131.0   0.0   1   1   9.9e-41   2.5e-38  130.3   0.0     2   282    11   324    10   324 0.78 -
NODE_50240_length_6253_cov_3.936952:4400-5230    -            277 104416at7898         -            287   1.4e-31  108.2   0.1   1   1   2.4e-33   6.1e-31  106.1   0.1     3   279     2   275     1   277 0.81 -
NODE_16785_length_10546_cov_4.450177:554-1486    -            311 104416at7898         -            287   1.5e-31  108.1   0.0   1   1   7.3e-34   1.9e-31  107.8   0.0     4   284     1   310     1   311 0.82 -
NODE_274437_length_700_cov_1.016639:13-693       -            227 104416at7898         -            287   3.2e-31  107.0   0.0   1   1     4e-33     1e-30  105.3   0.0     2   205     2   226     1   227 0.80 -
NODE_202918_length_1495_cov_1.841691:630-1433    -            268 104416at7898         -            287   2.5e-26   90.9   0.3   1   1   2.9e-28   7.4e-26   89.4   0.3    50   229    36   220     1   267 0.82 -
NODE_284338_length_630_cov_2.305085:98-625       -            176 104416at7898         -            287   2.9e-20   71.0   0.0   1   1   1.3e-22   3.3e-20   70.8   0.0   124   282     2   176     1   176 0.76 -
NODE_6_length_64630_cov_4.005331:41854-42726     -            291 104416at7898         -            287   5.5e-20   70.1   0.0   1   1     4e-20     1e-17   62.7   0.0     3   225     6   276     4   289 0.71 -
NODE_123472_length_3048_cov_2.420482:7-708       -            234 104416at7898         -            287   6.2e-18   63.4   0.0   1   1   2.6e-20   6.7e-18   63.3   0.0    80   281    18   233     1   234 0.80 -
NODE_5110_length_15289_cov_4.642594:3288-4262    -            325 104416at7898         -            287   6.7e-18   63.3   0.0   1   1   4.2e-20   1.1e-17   62.6   0.0     1   285     8   323     8   325 0.74 -
NODE_529_length_25704_cov_5.055575:6428-7426     -            333 104416at7898         -            287   9.2e-18   62.8   0.7   1   2   1.2e-17   2.9e-15   54.6   0.3     3   159     4   180     2   190 0.75 -
NODE_529_length_25704_cov_5.055575:6428-7426     -            333 104416at7898         -            287   9.2e-18   62.8   0.7   2   2    0.0083       2.1    5.8   0.0   189   281   230   332   205   333 0.70 -
NODE_13038_length_11539_cov_36.071941:2720-10878 -            345 104416at7898         -            287   5.4e-17   60.3   0.0   1   2   1.2e-18   3.2e-16   57.8   0.0     4   206    13   222    10   250 0.80 -
NODE_13038_length_11539_cov_36.071941:2720-10878 -            345 104416at7898         -            287   5.4e-17   60.3   0.0   2   2      0.41   1.1e+02    0.3   0.0   260   282   316   338   281   342 0.81 -
NODE_873_length_23055_cov_5.183394:15163-16029   -            289 104416at7898         -            287   4.7e-14   50.7   0.1   1   1   1.2e-15     3e-13   48.0   0.1     3   276     1   287     1   288 0.68 -
NODE_9059_length_12968_cov_39.184397:691-10199   -            271 104416at7898         -            287   4.6e-13   47.4   0.0   1   2   1.8e-10   4.7e-08   31.0   0.0    59   144     4    93     1   114 0.85 -
NODE_9059_length_12968_cov_39.184397:691-10199   -            271 104416at7898         -            287   4.6e-13   47.4   0.0   2   2   1.6e-05    0.0042   14.7   0.0   175   285   145   262   136   264 0.76 -
NODE_5_length_68997_cov_5.073166:49319-50254     -            312 104416at7898         -            287   3.5e-12   44.5   0.0   1   2   2.7e-13     7e-11   40.2   0.0     4   141     1   148     1   167 0.80 -
NODE_5_length_68997_cov_5.073166:49319-50254     -            312 104416at7898         -            287   3.5e-12   44.5   0.0   2   2       0.1        26    2.2   0.0   193   218   197   222   190   248 0.77 -
NODE_6_length_64630_cov_4.005331:58095-59132     -            346 104416at7898         -            287   3.1e-10   38.1   0.0   1   1   1.8e-12   4.5e-10   37.6   0.0    44   150    61   175    26   267 0.77 -
NODE_3534_length_16895_cov_37.252977:9537-10667  -            377 104416at7898         -            287   2.2e-08   32.1   0.0   1   1   1.2e-10   3.1e-08   31.6   0.0    39   205    41   222    10   243 0.78 -
NODE_46198_length_6565_cov_35.092793:942-2296    -            100 104416at7898         -            287   5.9e-07   27.4   0.0   1   1   2.5e-09   6.4e-07   27.2   0.0    82   151     9    85     2    98 0.79 -
NODE_6_length_64630_cov_4.005331:39659-40255     -            199 104416at7898         -            287   1.4e-06   26.2   0.3   1   1   1.2e-07   3.1e-05   21.7   0.3     1   203     3   199     3   199 0.72 -
NODE_11669_length_11971_cov_4.371799:1958-2650   -            231 104416at7898         -            287   4.6e-06   24.4   0.2   1   1   6.1e-08   1.6e-05   22.7   0.2    51   163     5   120     3   231 0.69 -
NODE_335550_length_439_cov_0.900000:100-438      -            113 104416at7898         -            287   1.8e-05   22.5   0.0   1   1   7.1e-08   1.8e-05   22.5   0.0    83   150    10    82     1   106 0.83 -
NODE_224475_length_1207_cov_36.990072:163-933    -            257 104416at7898         -            287    0.0042   14.7   0.0   1   2    0.0014      0.35    8.4   0.0    87   143     1    65     1    90 0.75 -
NODE_224475_length_1207_cov_36.990072:163-933    -            257 104416at7898         -            287    0.0042   14.7   0.0   2   2     0.021       5.5    4.5   0.0   257   282   229   255   205   257 0.84 -
#
# Program:         hmmsearch
# Version:         3.1b2 (February 2015)
# Pipeline mode:   SEARCH
# Query file:      /home/e1garcia/shotgun_PIRE/abyss/busco_downloads/lineages/actinopterygii_odb10/hmms/104416at7898.hmm
# Target file:     /home/e1garcia/shotgun_PIRE/pire_ssl_data_processing/plotosus_lineatus/busco_scaffolds_results-SPAdes_decontam_R1R2_noIsolate/run_actinopterygii_odb10/metaeuk_output/initial_results/scaffolds.modified.fasta.modified.fas
# Option settings: hmmsearch --domtblout /home/e1garcia/shotgun_PIRE/pire_ssl_data_processing/plotosus_lineatus/busco_scaffolds_results-SPAdes_decontam_R1R2_noIsolate/run_actinopterygii_odb10/hmmer_output/initial_run_results/104416at7898.out --cpu 1 /home/e1garcia/shotgun_PIRE/abyss/busco_downloads/lineages/actinopterygii_odb10/hmms/104416at7898.hmm /home/e1garcia/shotgun_PIRE/pire_ssl_data_processing/plotosus_lineatus/busco_scaffolds_results-SPAdes_decontam_R1R2_noIsolate/run_actinopterygii_odb10/metaeuk_output/initial_results/scaffolds.modified.fasta.modified.fas 
# Current dir:     /home/e1garcia/shotgun_PIRE/pire_ssl_data_processing/plotosus_lineatus
# Date:            Fri Aug 20 13:17:24 2021
# [ok]
