#                                                                                                        --- full sequence --- -------------- this domain -------------   hmm coord   ali coord   env coord
# target name                                    accession   tlen query name           accession   qlen   E-value  score  bias   #  of  c-Evalue  i-Evalue  score  bias  from    to  from    to  from    to  acc description of target
#                            ------------------- ---------- ----- -------------------- ---------- ----- --------- ------ ----- --- --- --------- --------- ------ ----- ----- ----- ----- ----- ----- ----- ---- ---------------------
NODE_71489_length_4950_cov_37.433107:4029-4418   -            130 105792at7898         -            197   4.1e-35  119.7  13.3   1   1     6e-34   3.3e-32  110.2  13.3     1   101     1   130     1   130 0.84 -
NODE_133869_length_2780_cov_33.606490:1129-2580  -            394 105792at7898         -            197   4.7e-35  119.5   0.1   1   1   1.5e-36   8.2e-35  118.7   0.1    77   173   120   221    58   234 0.76 -
NODE_35064_length_7623_cov_24.168129:1273-3159   -            416 105792at7898         -            197   7.5e-32  109.1   0.1   1   1   1.4e-33   7.5e-32  109.1   0.1    79   172   137   240   120   252 0.75 -
NODE_17048_length_10487_cov_36.307181:433-657    -             75 105792at7898         -            197     2e-29  101.1   5.1   1   1     4e-31   2.2e-29  101.0   5.1   112   173     1    62     1    71 0.95 -
NODE_147862_length_2451_cov_23.971514:309-554    -             82 105792at7898         -            197   2.1e-29  101.1   4.2   1   1   4.3e-31   2.4e-29  100.9   4.2   109   170    14    75     6    80 0.94 -
NODE_49334_length_6318_cov_29.462293:585-806     -             74 105792at7898         -            197   4.8e-27   93.4   4.5   1   1   8.9e-29   4.9e-27   93.4   4.5   115   185     1    71     1    74 0.94 -
NODE_120816_length_3119_cov_26.414238:2559-2810  -             84 105792at7898         -            197   5.2e-27   93.3   4.5   1   1     1e-28   5.6e-27   93.2   4.5   112   175     2    65     1    83 0.86 -
NODE_165452_length_2103_cov_35.460080:1589-1783  -             65 105792at7898         -            197   3.1e-26   90.8   6.4   1   1     6e-28   3.4e-26   90.6   6.4   115   171     1    57     1    64 0.95 -
NODE_64965_length_5300_cov_34.716593:2900-3091   -             64 105792at7898         -            197   3.9e-26   90.4   4.1   1   1   7.2e-28     4e-26   90.4   4.1   115   174     1    60     1    64 0.96 -
NODE_159162_length_2221_cov_38.632422:765-1739   -            281 105792at7898         -            197   7.4e-26   89.5   0.8   1   1   2.1e-27   1.2e-25   88.9   0.8    26   171   115   262    87   276 0.83 -
NODE_33532_length_7800_cov_37.831970:264-458     -             65 105792at7898         -            197   1.7e-24   85.1   4.8   1   1   3.2e-26   1.8e-24   85.0   4.8   112   172     3    63     1    65 0.94 -
NODE_192774_length_1644_cov_10.198058:1161-1418  -             86 105792at7898         -            197   4.2e-24   83.8   0.5   1   1   7.9e-26   4.4e-24   83.7   0.5   112   172     1    61     1    81 0.90 -
NODE_56518_length_5814_cov_28.276115:3472-5207   -            290 105792at7898         -            197   2.2e-23   81.5   0.9   1   1   6.5e-25   3.6e-23   80.8   0.9    97   178   204   283   150   288 0.85 -
NODE_8073_length_13452_cov_32.816371:5863-7774   -            327 105792at7898         -            197   4.6e-23   80.4   5.5   1   1   8.4e-25   4.6e-23   80.4   5.5    20   179   160   321   148   326 0.63 -
NODE_92734_length_4028_cov_25.772970:168-377     -             70 105792at7898         -            197   7.6e-23   79.7   2.4   1   1   1.5e-24   8.4e-23   79.6   2.4   114   171     6    63     2    69 0.94 -
NODE_5411_length_15066_cov_27.819069:5097-6150   -            322 105792at7898         -            197     1e-22   79.3   0.0   1   1     3e-24   1.7e-22   78.6   0.0   112   171   220   279   171   308 0.85 -
NODE_99447_length_3783_cov_40.789631:1047-2730   -            253 105792at7898         -            197   1.7e-22   78.6   5.2   1   1   4.7e-24   2.6e-22   78.0   5.2   109   169   190   250   181   253 0.92 -
NODE_8073_length_13452_cov_32.816371:10079-11214 -            268 105792at7898         -            197     2e-21   75.1  10.8   1   1   9.4e-23   5.2e-21   73.7  10.8   108   173   197   262   142   268 0.89 -
NODE_192136_length_1653_cov_14.193694:175-543    -            123 105792at7898         -            197   2.5e-21   74.7   0.9   1   1     6e-23   3.3e-21   74.3   0.9   105   188     7    90     2    96 0.90 -
NODE_94472_length_3961_cov_22.790782:752-1015    -             88 105792at7898         -            197   9.8e-21   72.8   0.1   1   1   1.8e-22     1e-20   72.8   0.1   112   170     5    63     1    80 0.94 -
NODE_33611_length_7791_cov_24.434607:5299-5487   -             63 105792at7898         -            197     2e-20   71.8   1.8   1   1   3.8e-22   2.1e-20   71.7   1.8   112   169     5    62     1    63 0.96 -
NODE_250185_length_919_cov_16.751220:221-448     -             76 105792at7898         -            197   2.2e-20   71.7   1.9   1   1   3.9e-22   2.2e-20   71.7   1.9   110   170     2    62     1    76 0.90 -
NODE_149939_length_2408_cov_20.314422:674-2198   -            228 105792at7898         -            197   7.4e-20   69.9   1.0   1   1     2e-21   1.1e-19   69.4   1.0   111   190   105   185    96   191 0.87 -
NODE_96164_length_3901_cov_26.366386:171-422     -             84 105792at7898         -            197   7.8e-20   69.9   1.7   1   1   1.4e-21     8e-20   69.8   1.7   115   173     1    59     1    81 0.89 -
NODE_1612_length_20437_cov_34.356967:4469-5306   -            235 105792at7898         -            197   8.1e-20   69.8   0.2   1   1   2.1e-21   1.2e-19   69.3   0.2   106   168    27    89     6    95 0.92 -
NODE_322009_length_474_cov_3.594667:27-230       -             68 105792at7898         -            197   1.2e-19   69.3   2.4   1   1   2.3e-21   1.3e-19   69.2   2.4   111   168     3    60     1    65 0.96 -
NODE_179447_length_1856_cov_12.511098:825-1340   -            172 105792at7898         -            197   3.8e-19   67.6   0.5   1   1   1.2e-20   6.4e-19   66.9   0.5   109   170    18    79     7    98 0.89 -
NODE_30980_length_8096_cov_19.999750:6734-7390   -            219 105792at7898         -            197   3.4e-18   64.5   0.1   1   1   9.6e-20   5.3e-18   63.9   0.1   111   169   108   166    98   181 0.94 -
NODE_242963_length_994_cov_11.665922:346-537     -             64 105792at7898         -            197   5.3e-18   63.9   2.4   1   1     1e-19   5.8e-18   63.8   2.4   111   169     2    60     1    63 0.97 -
NODE_52714_length_6077_cov_30.411174:49-1295     -            213 105792at7898         -            197   5.5e-18   63.9   0.3   1   1   1.4e-19   7.6e-18   63.4   0.3   105   190    12    97     5   128 0.94 -
NODE_127398_length_2944_cov_21.283656:2257-2712  -            152 105792at7898         -            197   1.1e-17   62.8   1.0   1   1   2.1e-19   1.1e-17   62.8   1.0   110   169    24    83    15    95 0.93 -
NODE_136009_length_2727_cov_24.000761:2422-2616  -             65 105792at7898         -            197   3.6e-17   61.2   1.0   1   1   6.7e-19   3.7e-17   61.1   1.0   108   168     3    63     1    65 0.96 -
NODE_171279_length_1998_cov_7.720906:956-1153    -             66 105792at7898         -            197   3.9e-17   61.1   1.1   1   1   7.6e-19   4.2e-17   60.9   1.1   111   169     4    62     1    65 0.96 -
NODE_149835_length_2410_cov_10.089139:1787-2182  -            132 105792at7898         -            197   2.3e-16   58.6   4.3   1   1   4.7e-18   2.6e-16   58.4   3.4   111   169    16    74    11    83 0.96 -
NODE_248432_length_936_cov_19.915173:259-741     -            161 105792at7898         -            197   7.7e-16   56.8   0.7   1   1     2e-17   1.1e-15   56.3   0.7   110   177    16    83     8    97 0.87 -
NODE_211392_length_1377_cov_17.697183:902-1066   -             55 105792at7898         -            197   9.4e-16   56.6   2.1   1   1   1.8e-17     1e-15   56.5   2.1   111   165     1    55     1    55 0.98 -
NODE_188413_length_1709_cov_23.874534:256-624    -            123 105792at7898         -            197   1.2e-15   56.2   1.6   1   1   2.8e-17   1.5e-15   55.9   1.6   107   170    11    74     4    85 0.91 -
NODE_19374_length_9975_cov_23.546274:290-763     -            158 105792at7898         -            197   1.5e-15   55.9   0.2   1   1   3.3e-17   1.8e-15   55.6   0.2   106   171    46   111    32   136 0.85 -
NODE_224382_length_1209_cov_13.023423:362-823    -            154 105792at7898         -            197   2.1e-15   55.4   1.4   1   1   5.1e-17   2.8e-15   55.0   1.4   110   175    17    82     9    91 0.90 -
NODE_37145_length_7400_cov_205.541844:114-530    -            139 105792at7898         -            197   2.4e-15   55.2   1.0   1   1   4.3e-17   2.4e-15   55.2   1.0   110   169    62   121    52   132 0.94 -
NODE_193312_length_1636_cov_25.068315:217-441    -             75 105792at7898         -            197   5.1e-15   54.2   0.7   1   1   9.5e-17   5.3e-15   54.1   0.7   112   169     2    59     1    74 0.93 -
NODE_153058_length_2345_cov_19.714159:1132-1632  -            167 105792at7898         -            197   6.2e-15   53.9   0.8   1   1   1.5e-16   8.1e-15   53.5   0.8   109   182    18    93     5   109 0.83 -
NODE_252065_length_901_cov_17.105985:85-660      -            192 105792at7898         -            197   9.2e-15   53.3   3.0   1   1   3.1e-16   1.7e-14   52.5   3.0   112   173     6    67     2    82 0.90 -
NODE_105919_length_3569_cov_24.407781:2158-2631  -            158 105792at7898         -            197   1.1e-14   53.1   3.0   1   1   2.2e-16   1.2e-14   52.9   2.1   109   175    14    80     5    92 0.88 -
NODE_34662_length_7665_cov_99.941581:4945-5550   -            202 105792at7898         -            197   1.1e-14   53.0   1.2   1   1   2.9e-16   1.6e-14   52.5   1.2   111   172    23    84    11   100 0.88 -
NODE_139191_length_2650_cov_30.127793:861-1403   -            181 105792at7898         -            197   1.4e-14   52.7   1.3   1   1   4.3e-16   2.4e-14   52.0   1.3   111   173    17    79     9    87 0.90 -
NODE_9896_length_12618_cov_30.803579:517-1572    -            208 105792at7898         -            197     3e-14   51.6   6.8   1   2   7.6e-16   4.2e-14   51.2   6.1   105   184    15    94     7   107 0.87 -
NODE_9896_length_12618_cov_30.803579:517-1572    -            208 105792at7898         -            197     3e-14   51.6   6.8   2   2       8.6   4.8e+02   -1.2   0.0   168   182   101   115    95   119 0.86 -
NODE_17723_length_10335_cov_46.228703:5587-6085  -             93 105792at7898         -            197   4.3e-14   51.2   1.3   1   1     8e-16   4.4e-14   51.1   1.3   107   170    29    92    11    93 0.92 -
NODE_51132_length_6186_cov_29.089042:65-1323     -            220 105792at7898         -            197   6.1e-14   50.6   0.0   1   1   1.3e-15   7.2e-14   50.4   0.0    95   157   158   220    90   220 0.88 -
NODE_103146_length_3660_cov_22.862398:568-1946   -            273 105792at7898         -            197   6.4e-14   50.6   0.2   1   1   1.9e-15   1.1e-13   49.8   0.0   109   169   119   179    76   203 0.88 -
NODE_38378_length_7280_cov_20.972427:185-733     -            183 105792at7898         -            197   8.2e-14   50.2   2.3   1   1   1.9e-15   1.1e-13   49.9   2.3   116   195     2    82     1    84 0.79 -
NODE_3427_length_17044_cov_36.639304:11755-12982 -            202 105792at7898         -            197   1.9e-13   49.0   0.7   1   1   5.5e-15   3.1e-13   48.3   0.7   110   171     8    69     5    92 0.91 -
NODE_115188_length_3280_cov_28.245835:2491-2943  -            151 105792at7898         -            197   1.9e-13   49.0   1.1   1   1   4.5e-15   2.5e-13   48.6   1.1   104   168    28    93    14   103 0.87 -
NODE_7433_length_13772_cov_33.662693:7923-8694   -            199 105792at7898         -            197   2.4e-13   48.7   0.9   1   1   4.4e-15   2.4e-13   48.7   0.9   110   172     8    70     2    97 0.92 -
NODE_49205_length_6329_cov_27.692937:2302-3848   -            245 105792at7898         -            197   3.6e-13   48.1   0.9   1   2       7.9   4.4e+02   -1.1   0.9    41    85    33    76    12    92 0.51 -
NODE_49205_length_6329_cov_27.692937:2302-3848   -            245 105792at7898         -            197   3.6e-13   48.1   0.9   2   2   1.6e-14   9.1e-13   46.8   0.0   111   168   123   180   100   201 0.91 -
NODE_81660_length_4475_cov_19.079753:2701-2892   -             64 105792at7898         -            197   1.1e-12   46.6   3.9   1   1     2e-14   1.1e-12   46.5   3.9   111   168     4    61     1    64 0.92 -
NODE_83600_length_4391_cov_34.895853:532-1453    -            157 105792at7898         -            197   2.7e-12   45.3   0.6   1   1   5.4e-14     3e-12   45.1   0.6   107   185    54   132    10   147 0.84 -
NODE_67213_length_5176_cov_35.789246:189-2250    -            212 105792at7898         -            197   3.1e-11   41.8   1.0   1   1   7.9e-13   4.4e-11   41.3   1.0   109   170    25    86    18   120 0.91 -
NODE_116744_length_3233_cov_44.070198:2182-3194  -            142 105792at7898         -            197   4.4e-11   41.3   0.5   1   1   7.9e-13   4.4e-11   41.3   0.5   109   175     7    73     2    97 0.89 -
NODE_2506_length_18386_cov_23.083994:4697-14008  -             80 105792at7898         -            197   5.6e-10   37.7   4.2   1   1   1.2e-11   6.7e-10   37.4   4.2   110   170    10    70     6    77 0.94 -
NODE_140071_length_2630_cov_20.012643:696-1698   -            231 105792at7898         -            197   3.5e-09   35.1   2.0   1   1   1.2e-10   6.6e-09   34.2   2.0   107   188    40   122    33   130 0.85 -
NODE_112852_length_3349_cov_32.057538:698-841    -             48 105792at7898         -            197     8e-09   33.9   0.1   1   1   1.5e-10   8.1e-09   33.9   0.1   121   165     4    48     1    48 0.95 -
NODE_33770_length_7772_cov_33.683435:5950-6543   -            198 105792at7898         -            197   9.6e-09   33.7   5.0   1   2   3.7e-06   0.00021   19.5   0.1   110   159    17    66     7    76 0.86 -
NODE_33770_length_7772_cov_33.683435:5950-6543   -            198 105792at7898         -            197   9.6e-09   33.7   5.0   2   2   5.3e-05    0.0029   15.8   0.5   154   170    91   107    75   131 0.71 -
NODE_77889_length_4642_cov_62.220339:1253-2679   -            259 105792at7898         -            197   1.4e-08   33.1   0.0   1   1   4.7e-10   2.6e-08   32.3   0.0    97   171    12    86     3   103 0.88 -
NODE_188114_length_1713_cov_35.463445:568-1618   -            224 105792at7898         -            197   1.6e-05   23.2   0.0   1   1   4.2e-07   2.3e-05   22.6   0.0   110   170    94   154    80   166 0.91 -
NODE_174429_length_1941_cov_21.352877:294-521    -             76 105792at7898         -            197   2.6e-05   22.5   0.6   1   1   5.2e-07   2.9e-05   22.3   0.6   154   185     9    39     3    56 0.82 -
NODE_151477_length_2376_cov_26.671937:86-1214    -            197 105792at7898         -            197   4.2e-05   21.8   0.0   1   1     1e-06   5.8e-05   21.3   0.0   107   157   147   197   122   197 0.86 -
NODE_555_length_25421_cov_31.304913:21374-21514  -             47 105792at7898         -            197   4.5e-05   21.7   0.1   1   1   8.7e-07   4.8e-05   21.6   0.1   112   158     1    47     1    47 0.98 -
NODE_38972_length_7224_cov_36.993404:5247-5585   -            113 105792at7898         -            197   6.1e-05   21.3   0.0   1   1   1.2e-06   6.8e-05   21.1   0.0    97   168    43   113    14   113 0.78 -
NODE_177276_length_1892_cov_22.228109:767-904    -             46 105792at7898         -            197   8.9e-05   20.7   0.6   1   1   1.7e-06   9.2e-05   20.7   0.6   112   156     1    45     1    46 0.95 -
NODE_968_length_22571_cov_39.242302:11728-12204  -            159 105792at7898         -            197   9.3e-05   20.7   0.3   1   1   2.2e-06   0.00012   20.3   0.3   114   176     3    65     1    91 0.89 -
NODE_46539_length_6539_cov_31.270342:973-1110    -             46 105792at7898         -            197   0.00012   20.4   0.9   1   1   2.2e-06   0.00012   20.3   0.9   112   156     1    45     1    46 0.95 -
NODE_78466_length_4617_cov_24.447543:2305-2442   -             46 105792at7898         -            197   0.00022   19.5   2.0   1   1   4.1e-06   0.00023   19.4   2.0   112   156     1    45     1    46 0.95 -
NODE_57379_length_5758_cov_25.575720:783-2793    -            251 105792at7898         -            197   0.00033   18.9   0.2   1   1     1e-05   0.00057   18.1   0.2   112   179   152   222   127   246 0.69 -
NODE_71532_length_4948_cov_22.784492:270-2028    -            175 105792at7898         -            197   0.00035   18.8   0.1   1   1   9.5e-06   0.00052   18.2   0.1   109   153   129   173   111   175 0.88 -
NODE_199006_length_1552_cov_23.943565:108-883    -            171 105792at7898         -            197   0.00044   18.5   0.2   1   2       2.7   1.5e+02    0.4   0.3     9    43    59    93    35   118 0.51 -
NODE_199006_length_1552_cov_23.943565:108-883    -            171 105792at7898         -            197   0.00044   18.5   0.2   2   2   7.9e-06   0.00044   18.5   0.2   112   155   127   170   104   171 0.90 -
NODE_177708_length_1885_cov_20.879619:234-422    -             63 105792at7898         -            197   0.00045   18.4   0.1   1   1   8.4e-06   0.00047   18.4   0.1   115   156     1    42     1    61 0.85 -
NODE_29373_length_8303_cov_22.768040:6242-6916   -            225 105792at7898         -            197   0.00051   18.3   0.3   1   1   1.9e-05     0.001   17.3   0.3   129   191    32    94     7   100 0.84 -
NODE_71245_length_4963_cov_32.118832:204-1173    -            183 105792at7898         -            197   0.00061   18.0   1.3   1   1   1.1e-05   0.00063   18.0   0.1   110   153   138   181   128   183 0.89 -
NODE_217300_length_1299_cov_29.587500:207-704    -            166 105792at7898         -            197   0.00067   17.9   0.3   1   1   1.7e-05   0.00092   17.4   0.3   155   182     3    30     1    39 0.75 -
NODE_112695_length_3354_cov_22.452535:2934-3128  -             65 105792at7898         -            197   0.00084   17.6   1.9   1   1   1.7e-05   0.00093   17.4   1.9   157   184     2    28     1    51 0.68 -
NODE_62276_length_5459_cov_25.410075:4029-4268   -             80 105792at7898         -            197   0.00097   17.3   0.1   1   1     2e-05    0.0011   17.1   0.1   156   173     5    22     2    53 0.75 -
NODE_35340_length_7593_cov_40.067120:1084-7484   -            270 105792at7898         -            197     0.001   17.3   0.7   1   1   2.9e-05    0.0016   16.6   0.4   112   173   147   211   129   235 0.73 -
NODE_139837_length_2636_cov_18.813953:2459-2596  -             46 105792at7898         -            197     0.001   17.3   2.2   1   1   1.9e-05    0.0011   17.2   2.2   112   156     1    45     1    46 0.95 -
NODE_145685_length_2499_cov_28.889167:536-1923   -            193 105792at7898         -            197    0.0013   16.9   2.3   1   1   3.9e-05    0.0021   16.2   2.3    99   173    11    85     4   108 0.80 -
NODE_14235_length_11201_cov_23.095658:521-1015   -            165 105792at7898         -            197    0.0013   16.9   0.1   1   1   3.6e-05     0.002   16.3   0.1   155   183     2    30     1    40 0.71 -
NODE_77575_length_4658_cov_16.201799:3394-4065   -            224 105792at7898         -            197    0.0016   16.7   0.1   1   1   2.8e-05    0.0016   16.7   0.1   129   191    53   116    25   121 0.80 -
NODE_131367_length_2842_cov_18.440758:1463-1972  -            170 105792at7898         -            197    0.0017   16.5   1.3   1   1   5.4e-05     0.003   15.8   1.3   155   172     1    18     1    26 0.83 -
NODE_63662_length_5378_cov_21.405948:3531-4217   -            229 105792at7898         -            197    0.0018   16.5   0.0   1   1   4.9e-05    0.0027   15.9   0.0   119   179    46   106    21   124 0.77 -
NODE_32083_length_7963_cov_28.126017:334-2093    -            211 105792at7898         -            197    0.0018   16.4   0.5   1   1   5.3e-05     0.003   15.8   0.5   116   180    26    90     9   111 0.75 -
NODE_76478_length_4707_cov_30.641927:3204-4120   -            130 105792at7898         -            197    0.0019   16.4   0.1   1   1   4.3e-05    0.0024   16.1   0.1   110   156    83   129    73   130 0.92 -
NODE_7334_length_13826_cov_27.071975:10684-11175 -            164 105792at7898         -            197    0.0025   16.0   1.7   1   1   7.9e-05    0.0044   15.2   1.7   155   176     1    22     1    31 0.88 -
NODE_260203_length_824_cov_18.379310:288-602     -            105 105792at7898         -            197    0.0025   16.0   0.6   1   1     5e-05    0.0028   15.9   0.6    99   158    28    90     6    98 0.82 -
NODE_69686_length_5045_cov_22.484230:1869-3185   -            204 105792at7898         -            197    0.0029   15.8   0.2   1   1   7.4e-05    0.0041   15.3   0.2   157   173     2    18     1    44 0.72 -
NODE_173700_length_1954_cov_26.017251:1338-1859  -            174 105792at7898         -            197    0.0048   15.1   1.6   1   1   0.00015    0.0084   14.3   1.6   157   172     2    17     1    25 0.83 -
NODE_189870_length_1687_cov_19.365869:551-1348   -            266 105792at7898         -            197    0.0049   15.0   0.1   1   1   8.9e-05    0.0049   15.0   0.1   130   191    34    95     9    99 0.83 -
NODE_1173_length_21752_cov_69.035561:17423-20272 -            340 105792at7898         -            197    0.0057   14.8   0.5   1   1   0.00017    0.0093   14.1   0.5   129   183    54   109    28   129 0.79 -
NODE_175828_length_1917_cov_11.647415:586-1903   -            117 105792at7898         -            197    0.0059   14.8   0.0   1   1   0.00014    0.0078   14.4   0.0   120   168    69   117    56   117 0.66 -
NODE_217402_length_1298_cov_22.038365:754-1263   -            170 105792at7898         -            197    0.0062   14.7   2.0   1   1   0.00022     0.012   13.7   2.0   156   176     2    22     1    31 0.87 -
NODE_43000_length_6840_cov_12.177125:3660-4151   -            164 105792at7898         -            197    0.0091   14.2   0.1   1   1   0.00018    0.0099   14.1   0.1   106   168   101   163    37   164 0.85 -
NODE_113159_length_3340_cov_22.087319:1058-1534  -            159 105792at7898         -            197    0.0099   14.1   0.1   1   1   0.00019     0.011   14.0   0.1   104   168    94   158    36   159 0.91 -
NODE_272493_length_715_cov_14.774351:205-669     -            155 105792at7898         -            197     0.018   13.2   0.4   1   1   0.00037      0.02   13.0   0.4   107   168    93   154    50   155 0.90 -
NODE_606_length_24967_cov_33.288966:3837-4031    -             65 105792at7898         -            197     0.029   12.5   0.0   1   1   0.00059     0.033   12.4   0.0   107   165     7    65     3    65 0.81 -
NODE_14366_length_11164_cov_37.111613:4267-4428  -             54 105792at7898         -            197     0.036   12.2   0.0   1   1   0.00072      0.04   12.1   0.0   112   165     1    54     1    54 0.75 -
NODE_179518_length_1854_cov_35.716239:246-869    -            208 105792at7898         -            197      0.27    9.4   3.3   1   2     0.062       3.4    5.8   0.4   156   171     4    19     2    31 0.75 -
NODE_179518_length_1854_cov_35.716239:246-869    -            208 105792at7898         -            197      0.27    9.4   3.3   2   2       0.2        11    4.1   0.2    69   102    80   113    25   122 0.66 -
NODE_98760_length_3807_cov_14.693635:260-1414    -            385 105792at7898         -            197      0.54    8.4   0.0   1   1    0.0098      0.54    8.4   0.0   140   168   331   359   279   370 0.78 -
#
# Program:         hmmsearch
# Version:         3.1b2 (February 2015)
# Pipeline mode:   SEARCH
# Query file:      /home/e1garcia/shotgun_PIRE/abyss/busco_downloads/lineages/actinopterygii_odb10/hmms/105792at7898.hmm
# Target file:     /home/e1garcia/shotgun_PIRE/pire_ssl_data_processing/plotosus_lineatus/busco_scaffolds_results-SPAdes_decontam_R1R2_noIsolate/run_actinopterygii_odb10/metaeuk_output/initial_results/scaffolds.modified.fasta.modified.fas
# Option settings: hmmsearch --domtblout /home/e1garcia/shotgun_PIRE/pire_ssl_data_processing/plotosus_lineatus/busco_scaffolds_results-SPAdes_decontam_R1R2_noIsolate/run_actinopterygii_odb10/hmmer_output/initial_run_results/105792at7898.out --cpu 1 /home/e1garcia/shotgun_PIRE/abyss/busco_downloads/lineages/actinopterygii_odb10/hmms/105792at7898.hmm /home/e1garcia/shotgun_PIRE/pire_ssl_data_processing/plotosus_lineatus/busco_scaffolds_results-SPAdes_decontam_R1R2_noIsolate/run_actinopterygii_odb10/metaeuk_output/initial_results/scaffolds.modified.fasta.modified.fas 
# Current dir:     /home/e1garcia/shotgun_PIRE/pire_ssl_data_processing/plotosus_lineatus
# Date:            Fri Aug 20 13:16:31 2021
# [ok]
