#                                                                                                        --- full sequence --- -------------- this domain -------------   hmm coord   ali coord   env coord
# target name                                    accession   tlen query name           accession   qlen   E-value  score  bias   #  of  c-Evalue  i-Evalue  score  bias  from    to  from    to  from    to  acc description of target
#                            ------------------- ---------- ----- -------------------- ---------- ----- --------- ------ ----- --- --- --------- --------- ------ ----- ----- ----- ----- ----- ----- ----- ---- ---------------------
NODE_70355_length_5011_cov_30.387419:1264-3374   -            246 110018at7898         -            191   4.8e-77  256.5   0.0   1   1   6.2e-79   6.2e-77  256.1   0.0     6   191    37   223    34   223 0.97 -
NODE_61303_length_5515_cov_36.800222:4500-4955   -            152 110018at7898         -            191   1.1e-73  245.5   1.0   1   1   1.2e-75   1.2e-73  245.3   1.0    67   191     1   129     1   129 0.96 -
NODE_17861_length_10307_cov_32.470709:2895-5197  -            199 110018at7898         -            191   1.1e-69  232.4   0.1   1   1   1.4e-71   1.4e-69  232.1   0.1    21   185     1   164     1   170 0.97 -
NODE_13817_length_11311_cov_41.364877:2700-5832  -            169 110018at7898         -            191   2.8e-67  224.6   0.9   1   1   3.2e-69   3.2e-67  224.4   0.9    48   186     2   141     1   146 0.96 -
NODE_12786_length_11616_cov_82.655639:5395-5940  -            182 110018at7898         -            191   2.6e-63  211.6   0.0   1   1   2.8e-65   2.8e-63  211.5   0.0    10   186     1   178     1   182 0.97 -
NODE_4176_length_16162_cov_33.998195:14719-15240 -            174 110018at7898         -            191   1.4e-61  206.1   0.0   1   1   1.5e-63   1.5e-61  205.9   0.0    10   179     1   171     1   174 0.98 -
NODE_125562_length_2991_cov_24.914592:1501-2058  -            186 110018at7898         -            191   1.4e-61  206.0   0.1   1   1   1.6e-63   1.6e-61  205.8   0.1     9   187     2   181     1   185 0.96 -
NODE_14923_length_11010_cov_39.038768:1122-5791  -            160 110018at7898         -            191   1.2e-59  199.7   0.0   1   1   1.3e-61   1.3e-59  199.6   0.0    19   178     1   160     1   160 0.98 -
NODE_6772_length_14152_cov_36.562442:2314-7030   -            164 110018at7898         -            191   1.5e-59  199.4   0.0   1   1   1.7e-61   1.7e-59  199.2   0.0    19   180     1   162     1   164 0.97 -
NODE_37802_length_7335_cov_35.521144:3659-4180   -            174 110018at7898         -            191   3.4e-54  181.9   0.0   1   1   3.7e-56   3.7e-54  181.8   0.0    11   182     1   173     1   174 0.98 -
NODE_50727_length_6217_cov_281.105590:1089-3109  -            150 110018at7898         -            191   2.3e-50  169.4   0.6   1   1   2.1e-51   2.1e-49  166.3   0.6    10   167     1   150     1   150 0.94 -
NODE_7585_length_13699_cov_33.535074:1279-3818   -            196 110018at7898         -            191   2.1e-44  150.0   3.5   1   3   2.3e-14   2.3e-12   45.5   0.2     5    42    13    50    10    56 0.89 -
NODE_7585_length_13699_cov_33.535074:1279-3818   -            196 110018at7898         -            191   2.1e-44  150.0   3.5   2   3   1.4e-13   1.4e-11   42.9   0.1    65   103    55    93    50   100 0.93 -
NODE_7585_length_13699_cov_33.535074:1279-3818   -            196 110018at7898         -            191   2.1e-44  150.0   3.5   3   3   1.6e-19   1.6e-17   62.3   0.0    96   167   124   196    98   196 0.85 -
NODE_92143_length_4050_cov_23.135915:729-1310    -            194 110018at7898         -            191   4.6e-41  139.1   0.4   1   1   6.6e-43   6.6e-41  138.6   0.4    10   190     9   183     5   185 0.96 -
NODE_74630_length_4798_cov_27.825708:2521-4544   -            131 110018at7898         -            191   1.9e-38  130.6   0.0   1   1     2e-40     2e-38  130.5   0.0    11   139     1   129     1   131 0.96 -
NODE_3208_length_17326_cov_35.361061:4802-8288   -            123 110018at7898         -            191   5.1e-37  125.9   0.1   1   1   6.2e-39   6.2e-37  125.6   0.1    11   125     8   123     4   123 0.98 -
NODE_70283_length_5015_cov_20.009967:662-1384    -            121 110018at7898         -            191   1.1e-27   95.5   1.8   1   2   6.4e-24   6.3e-22   76.7   0.1    12    85     1    73     1    96 0.90 -
NODE_70283_length_5015_cov_20.009967:662-1384    -            121 110018at7898         -            191   1.1e-27   95.5   1.8   2   2   3.3e-06   0.00033   18.9   0.2    80   102    99   121    91   121 0.85 -
NODE_56074_length_5845_cov_36.438392:1181-1749   -            100 110018at7898         -            191   1.8e-27   94.8   0.1   1   1     2e-29     2e-27   94.6   0.1    11   100    10    99     5   100 0.97 -
NODE_2972_length_17651_cov_34.064779:9506-10012  -            169 110018at7898         -            191   1.5e-20   72.2   0.0   1   1   5.6e-22   5.6e-20   70.3   0.0     9   178     1   166     1   168 0.85 -
NODE_9236_length_12890_cov_48.997733:4024-4560   -            179 110018at7898         -            191   2.1e-20   71.7   0.0   1   1     5e-22     5e-20   70.5   0.0     8   128     8   130     4   171 0.89 -
NODE_1395_length_20994_cov_33.178320:3775-11917  -            203 110018at7898         -            191   9.1e-19   66.4   0.0   1   1   8.1e-20   8.1e-18   63.3   0.0    11   179     2   159     1   171 0.89 -
NODE_400_length_27090_cov_39.663443:2664-3221    -            186 110018at7898         -            191   1.9e-18   65.3   0.0   1   1   1.8e-19   1.8e-17   62.1   0.0     8   126     8   132     4   183 0.80 -
NODE_26072_length_8780_cov_22.204124:955-1554    -            200 110018at7898         -            191   3.6e-18   64.4   0.1   1   1     6e-19     6e-17   60.4   0.1    11   184    28   191    19   196 0.85 -
NODE_179_length_31613_cov_37.840928:18601-22533  -            167 110018at7898         -            191   1.9e-17   62.0   0.0   1   1   2.2e-19   2.2e-17   61.9   0.0    10   136     2   132     1   156 0.87 -
NODE_5096_length_15300_cov_39.700809:11647-15053 -            192 110018at7898         -            191   2.4e-17   61.7   0.1   1   1   3.3e-19   3.3e-17   61.3   0.1     9   135     9   136     6   173 0.86 -
NODE_34407_length_7694_cov_33.711521:6686-7159   -            158 110018at7898         -            191   3.1e-16   58.1   0.2   1   1   1.9e-17   1.9e-15   55.5   0.2    11   172     3   153     1   158 0.79 -
NODE_3813_length_16567_cov_41.020889:7812-11103  -            142 110018at7898         -            191   5.4e-16   57.3   0.0   1   1   6.9e-18   6.9e-16   57.0   0.0     9   130    10   134     6   139 0.88 -
NODE_47600_length_6452_cov_47.341099:2331-5008   -            179 110018at7898         -            191   1.8e-15   55.6   0.0   1   1   7.8e-17   7.8e-15   53.5   0.0    10   154     5   141     2   166 0.77 -
NODE_489_length_26174_cov_36.398773:8811-13377   -            161 110018at7898         -            191   1.9e-15   55.5   0.1   1   1   1.8e-16   1.8e-14   52.4   0.1    10   176     2   157     1   160 0.80 -
NODE_16012_length_10729_cov_28.892756:3756-7758  -            201 110018at7898         -            191   2.2e-14   52.1   0.0   1   1   1.9e-15   1.9e-13   49.0   0.0    13   180     2   158     1   167 0.88 -
NODE_5314_length_15123_cov_35.568823:7996-10935  -            121 110018at7898         -            191   2.3e-14   52.0   0.0   1   1   2.6e-16   2.6e-14   51.8   0.0     9   116     9   116     5   121 0.88 -
NODE_3272_length_17253_cov_39.650869:2904-6770   -            119 110018at7898         -            191     1e-13   49.9   0.0   1   1   1.1e-15   1.1e-13   49.7   0.0     9   117     7   115     4   119 0.91 -
NODE_3774_length_16618_cov_50.781888:15468-15947 -            160 110018at7898         -            191   1.2e-13   49.7   0.0   1   1     2e-15     2e-13   48.9   0.0    11   134     3   128     1   158 0.93 -
NODE_8329_length_13326_cov_36.392984:5748-8816   -            122 110018at7898         -            191   7.6e-13   47.0   0.0   1   1   8.8e-15   8.8e-13   46.8   0.0    11   124     5   121     2   122 0.83 -
NODE_11109_length_12164_cov_25.531455:7585-8166  -            127 110018at7898         -            191   4.1e-11   41.4   0.0   1   1   4.7e-13   4.7e-11   41.2   0.0    10   125     7   122     3   127 0.80 -
NODE_7343_length_13818_cov_44.472848:667-1095    -            143 110018at7898         -            191   9.3e-11   40.2   0.0   1   1   9.9e-13   9.8e-11   40.2   0.0    58   138     3    86     1   119 0.85 -
NODE_76745_length_4695_cov_36.676675:416-4085    -            102 110018at7898         -            191   2.1e-10   39.1   0.0   1   1   2.3e-12   2.3e-10   39.0   0.0     9   100     8   100     4   102 0.92 -
NODE_129764_length_2882_cov_28.201940:201-2003   -            307 110018at7898         -            191   3.4e-10   38.4   0.0   1   1   1.6e-11   1.6e-09   36.2   0.0     9   133    90   215    86   263 0.81 -
NODE_187226_length_1727_cov_27.446560:912-1382   -            157 110018at7898         -            191   3.8e-10   38.2   0.0   1   1   4.2e-12   4.2e-10   38.1   0.0    12   133     2   125     1   154 0.88 -
NODE_7531_length_13725_cov_37.553794:968-12866   -            594 110018at7898         -            191   7.4e-10   37.3   0.1   1   2   6.4e-10   6.4e-08   31.0   0.0     7   126     4   126     1   173 0.86 -
NODE_7531_length_13725_cov_37.553794:968-12866   -            594 110018at7898         -            191   7.4e-10   37.3   0.1   2   2       1.4   1.4e+02    0.5   0.0    78   125   463   509   441   515 0.74 -
NODE_119823_length_3148_cov_38.320105:402-743    -            114 110018at7898         -            191   1.3e-09   36.5   0.0   1   1   1.5e-11   1.5e-09   36.3   0.0    59   153     1   100     1   110 0.79 -
NODE_29311_length_8310_cov_44.132383:3970-5794   -            130 110018at7898         -            191   8.9e-09   33.8   0.0   1   1     1e-10     1e-08   33.6   0.0    13   126     2   117     1   128 0.88 -
NODE_26683_length_8680_cov_29.342268:1264-5115   -            105 110018at7898         -            191   9.2e-08   30.5   0.0   1   1     1e-09     1e-07   30.3   0.0    50   125     9    85     2   100 0.86 -
NODE_8640_length_13172_cov_119.929626:5611-8080  -            120 110018at7898         -            191   9.7e-08   30.4   0.0   1   1   1.4e-08   1.4e-06   26.6   0.0    49   128     7    86     2   120 0.74 -
NODE_1343_length_21157_cov_44.573464:1148-1875   -            120 110018at7898         -            191   4.5e-07   28.2   0.2   1   1   2.4e-08   2.4e-06   25.9   0.2    57   126     1    75     1   120 0.74 -
NODE_33192_length_7838_cov_42.202481:4678-5136   -            153 110018at7898         -            191   3.2e-06   25.4   0.2   1   2    0.0014      0.14   10.3   0.0    54    81    29    56    21    68 0.83 -
NODE_33192_length_7838_cov_42.202481:4678-5136   -            153 110018at7898         -            191   3.2e-06   25.4   0.2   2   2   0.00018     0.018   13.2   0.2    82   129    93   141    82   152 0.78 -
NODE_2819_length_17837_cov_40.920904:11878-13602 -            113 110018at7898         -            191   6.6e-06   24.4   0.0   1   1   7.6e-08   7.5e-06   24.2   0.0    10    99     5    97     2   110 0.84 -
NODE_5076_length_15310_cov_37.841694:10435-13374 -            142 110018at7898         -            191   9.1e-06   24.0   0.0   1   1   1.1e-06   0.00011   20.4   0.0    83   179    11    95     2   106 0.80 -
NODE_40787_length_7044_cov_29.754932:2023-2391   -            123 110018at7898         -            191   1.3e-05   23.4   0.0   1   1   1.4e-07   1.4e-05   23.3   0.0    58   138     2    86     1   115 0.75 -
NODE_115211_length_3279_cov_36.369182:1669-1893  -             75 110018at7898         -            191   4.3e-05   21.8   0.0   1   1   4.8e-07   4.7e-05   21.6   0.0    62   125     2    70     1    74 0.76 -
NODE_6665_length_14206_cov_4.789608:10525-10992  -            156 110018at7898         -            191     7e-05   21.1   0.0   1   1   7.9e-07   7.9e-05   20.9   0.0    11   125     1   116     1   151 0.89 -
NODE_20042_length_9837_cov_31.863935:2008-6288   -            192 110018at7898         -            191   7.7e-05   20.9   0.0   1   2   3.4e-06   0.00034   18.8   0.0    61   124    69   132    64   151 0.83 -
NODE_20042_length_9837_cov_31.863935:2008-6288   -            192 110018at7898         -            191   7.7e-05   20.9   0.0   2   2         2     2e+02   -0.0   0.0   150   184   143   176   132   182 0.71 -
NODE_80051_length_4546_cov_24.377558:3474-3782   -            103 110018at7898         -            191    0.0005   18.3   0.0   1   2    0.0009      0.09   10.9   0.0     8    39     2    33     1    44 0.88 -
NODE_80051_length_4546_cov_24.377558:3474-3782   -            103 110018at7898         -            191    0.0005   18.3   0.0   2   2      0.03       2.9    6.0   0.0    50    68    84   102    51   103 0.84 -
NODE_18264_length_10214_cov_40.773801:1895-2149  -             85 110018at7898         -            191    0.0011   17.2   0.0   1   1   1.2e-05    0.0012   17.1   0.0    62   114     2    53     1    69 0.85 -
NODE_75487_length_4756_cov_34.786343:3094-3417   -            108 110018at7898         -            191    0.0015   16.7   0.0   1   1   1.9e-05    0.0019   16.4   0.0    59   131     4    81     2    97 0.79 -
NODE_117399_length_3215_cov_32.508344:1455-2024  -            190 110018at7898         -            191    0.0018   16.5   0.0   1   1   2.3e-05    0.0023   16.1   0.0     2   127    13   142    12   154 0.76 -
NODE_159009_length_2224_cov_32.136471:537-1857   -            161 110018at7898         -            191    0.0026   15.9   0.0   1   1     3e-05     0.003   15.8   0.0    54   138    21   107     6   147 0.77 -
NODE_110087_length_3435_cov_23.450839:232-648    -            139 110018at7898         -            191     0.003   15.7   0.1   1   1   0.00012     0.012   13.8   0.1    85   175     9    90     1   100 0.74 -
NODE_19058_length_10044_cov_32.415284:9013-9513  -            167 110018at7898         -            191    0.0074   14.5   0.0   1   1     8e-05     0.008   14.4   0.0    13   124     2   116     1   147 0.70 -
NODE_125994_length_2979_cov_37.702778:1122-2061  -            165 110018at7898         -            191     0.039   12.1   0.0   1   1   0.00054     0.054   11.7   0.0    61   127    30    96    23   112 0.77 -
#
# Program:         hmmsearch
# Version:         3.1b2 (February 2015)
# Pipeline mode:   SEARCH
# Query file:      /home/e1garcia/shotgun_PIRE/abyss/busco_downloads/lineages/actinopterygii_odb10/hmms/110018at7898.hmm
# Target file:     /home/e1garcia/shotgun_PIRE/pire_ssl_data_processing/plotosus_lineatus/busco_scaffolds_results-SPAdes_decontam_R1R2_noIsolate/run_actinopterygii_odb10/metaeuk_output/initial_results/scaffolds.modified.fasta.modified.fas
# Option settings: hmmsearch --domtblout /home/e1garcia/shotgun_PIRE/pire_ssl_data_processing/plotosus_lineatus/busco_scaffolds_results-SPAdes_decontam_R1R2_noIsolate/run_actinopterygii_odb10/hmmer_output/initial_run_results/110018at7898.out --cpu 1 /home/e1garcia/shotgun_PIRE/abyss/busco_downloads/lineages/actinopterygii_odb10/hmms/110018at7898.hmm /home/e1garcia/shotgun_PIRE/pire_ssl_data_processing/plotosus_lineatus/busco_scaffolds_results-SPAdes_decontam_R1R2_noIsolate/run_actinopterygii_odb10/metaeuk_output/initial_results/scaffolds.modified.fasta.modified.fas 
# Current dir:     /home/e1garcia/shotgun_PIRE/pire_ssl_data_processing/plotosus_lineatus
# Date:            Fri Aug 20 13:15:58 2021
# [ok]
