#                                                                                                        --- full sequence --- -------------- this domain -------------   hmm coord   ali coord   env coord
# target name                                    accession   tlen query name           accession   qlen   E-value  score  bias   #  of  c-Evalue  i-Evalue  score  bias  from    to  from    to  from    to  acc description of target
#                            ------------------- ---------- ----- -------------------- ---------- ----- --------- ------ ----- --- --- --------- --------- ------ ----- ----- ----- ----- ----- ----- ----- ---- ---------------------
NODE_8073_length_13452_cov_32.816371:10079-11214 -            268 111053at7898         -            205   6.4e-98  325.0  26.0   1   2   9.6e-39     6e-37  125.9   9.1     1   102     1   127     1   142 0.83 -
NODE_8073_length_13452_cov_32.816371:10079-11214 -            268 111053at7898         -            205   6.4e-98  325.0  26.0   2   2   1.5e-62   9.3e-61  203.7   9.0    98   204   152   265   144   266 0.87 -
NODE_99447_length_3783_cov_40.789631:1047-2730   -            253 111053at7898         -            205   7.3e-79  262.8  14.6   1   2   3.7e-23   2.4e-21   75.0   2.2     1   103     1   124     1   138 0.82 -
NODE_99447_length_3783_cov_40.789631:1047-2730   -            253 111053at7898         -            205   7.3e-79  262.8  14.6   2   2   8.3e-59   5.2e-57  191.4   4.9   101   200   153   253   129   253 0.89 -
NODE_8073_length_13452_cov_32.816371:5863-7774   -            327 111053at7898         -            205   5.4e-42  142.4   4.1   1   1   8.6e-44   5.4e-42  142.4   4.1    98   202   211   316   163   319 0.88 -
NODE_56518_length_5814_cov_28.276115:3472-5207   -            290 111053at7898         -            205   2.2e-41  140.4   2.5   1   1   5.2e-43   3.3e-41  139.8   2.5   104   202   180   279   162   282 0.85 -
NODE_33532_length_7800_cov_37.831970:264-458     -             65 111053at7898         -            205   2.7e-39  133.6   7.5   1   1   4.5e-41   2.9e-39  133.5   7.5   138   201     1    64     1    65 0.98 -
NODE_64965_length_5300_cov_34.716593:2900-3091   -             64 111053at7898         -            205   8.5e-26   89.5   4.9   1   1   1.5e-27   9.3e-26   89.4   4.9   143   199     1    57     1    62 0.94 -
NODE_17048_length_10487_cov_36.307181:433-657    -             75 111053at7898         -            205   1.5e-25   88.7   6.9   1   1   2.6e-27   1.7e-25   88.6   6.9   141   202     2    63     1    65 0.95 -
NODE_165452_length_2103_cov_35.460080:1589-1783  -             65 111053at7898         -            205     4e-25   87.3   5.8   1   1   6.8e-27   4.3e-25   87.2   5.8   143   200     1    58     1    63 0.94 -
NODE_49334_length_6318_cov_29.462293:585-806     -             74 111053at7898         -            205   3.6e-24   84.2   5.4   1   1     6e-26   3.8e-24   84.1   5.4   143   201     1    59     1    67 0.92 -
NODE_120816_length_3119_cov_26.414238:2559-2810  -             84 111053at7898         -            205   8.3e-24   83.0   6.3   1   1   1.5e-25   9.6e-24   82.8   6.3   140   198     2    60     1    67 0.94 -
NODE_147862_length_2451_cov_23.971514:309-554    -             82 111053at7898         -            205   4.2e-23   80.7   4.4   1   1   7.5e-25   4.8e-23   80.5   4.4   138   200    15    77     6    81 0.90 -
NODE_35064_length_7623_cov_24.168129:1273-3159   -            416 111053at7898         -            205   7.8e-23   79.8   0.9   1   1   2.1e-24   1.4e-22   79.0   0.9    98   201   143   241   120   245 0.78 -
NODE_159162_length_2221_cov_38.632422:765-1739   -            281 111053at7898         -            205   8.5e-22   76.4   0.8   1   1   2.1e-23   1.3e-21   75.8   0.8   110   200   171   263   130   266 0.80 -
NODE_133869_length_2780_cov_33.606490:1129-2580  -            394 111053at7898         -            205   3.3e-21   74.5   5.0   1   2      0.67        42    2.3   0.5   106   147    70   111    41   138 0.78 -
NODE_133869_length_2780_cov_33.606490:1129-2580  -            394 111053at7898         -            205   3.3e-21   74.5   5.0   2   2   5.1e-23   3.3e-21   74.5   5.0   139   201   159   221   128   224 0.92 -
NODE_192774_length_1644_cov_10.198058:1161-1418  -             86 111053at7898         -            205   1.7e-20   72.2   1.2   1   1     3e-22   1.9e-20   72.0   1.2   141   199     2    60     1    67 0.93 -
NODE_92734_length_4028_cov_25.772970:168-377     -             70 111053at7898         -            205   6.8e-20   70.2   3.0   1   1   1.3e-21   8.1e-20   70.0   3.0   143   200     7    64     3    67 0.94 -
NODE_5411_length_15066_cov_27.819069:5097-6150   -            322 111053at7898         -            205   3.2e-19   68.0   1.9   1   1   1.2e-20   7.5e-19   66.8   1.9   143   200   223   280   215   282 0.94 -
NODE_96164_length_3901_cov_26.366386:171-422     -             84 111053at7898         -            205   7.9e-17   60.2   3.4   1   1   1.4e-18   8.9e-17   60.0   3.4   143   202     1    60     1    63 0.93 -
NODE_322009_length_474_cov_3.594667:27-230       -             68 111053at7898         -            205     2e-16   58.9   1.0   1   1   3.5e-18   2.2e-16   58.7   1.0   139   198     3    62     1    67 0.95 -
NODE_250185_length_919_cov_16.751220:221-448     -             76 111053at7898         -            205   5.9e-16   57.4   1.6   1   1     1e-17   6.4e-16   57.3   1.6   139   198     3    62     1    69 0.94 -
NODE_115188_length_3280_cov_28.245835:2491-2943  -            151 111053at7898         -            205   6.1e-16   57.3   1.4   1   1   1.2e-17   7.3e-16   57.1   1.4   120   200    17    97     7   102 0.87 -
NODE_188413_length_1709_cov_23.874534:256-624    -            123 111053at7898         -            205   8.4e-16   56.9   0.6   1   1   1.6e-17     1e-15   56.6   0.6   137   198    13    74     2    80 0.91 -
NODE_192136_length_1653_cov_14.193694:175-543    -            123 111053at7898         -            205   2.2e-15   55.5   3.4   1   1   4.3e-17   2.7e-15   55.2   3.4   133   198     5    72     1    79 0.88 -
NODE_224382_length_1209_cov_13.023423:362-823    -            154 111053at7898         -            205   6.7e-15   53.9   1.3   1   1   1.6e-16   9.9e-15   53.4   1.3   137   199    16    78     7    83 0.92 -
NODE_105919_length_3569_cov_24.407781:2158-2631  -            158 111053at7898         -            205   1.6e-14   52.7   1.2   1   1   4.1e-16   2.6e-14   52.0   1.2   138   199    15    76     4    82 0.91 -
NODE_139191_length_2650_cov_30.127793:861-1403   -            181 111053at7898         -            205   1.8e-14   52.5   2.2   1   1   4.2e-16   2.7e-14   52.0   2.2   135   202    13    80     3    82 0.92 -
NODE_248432_length_936_cov_19.915173:259-741     -            161 111053at7898         -            205   1.8e-14   52.5   1.6   1   1   2.8e-16   1.8e-14   52.5   1.6   138   199    16    77    11    83 0.92 -
NODE_19374_length_9975_cov_23.546274:290-763     -            158 111053at7898         -            205   2.4e-14   52.1   2.6   1   1   5.9e-16   3.7e-14   51.5   2.6   137   199    49   111    41   116 0.93 -
NODE_127398_length_2944_cov_21.283656:2257-2712  -            152 111053at7898         -            205   2.5e-14   52.0   0.2   1   1   5.8e-16   3.7e-14   51.5   0.2   135   197    19    83     3    93 0.83 -
NODE_153058_length_2345_cov_19.714159:1132-1632  -            167 111053at7898         -            205   2.5e-14   52.0   2.3   1   1   5.5e-16   3.5e-14   51.6   2.3   134   204    15    85     7    86 0.94 -
NODE_177120_length_1894_cov_37.465738:956-1354   -            133 111053at7898         -            205   2.7e-14   51.9   0.7   1   1   7.8e-16   4.9e-14   51.1   0.7     1    79     1   102     1   116 0.75 -
NODE_1612_length_20437_cov_34.356967:4469-5306   -            235 111053at7898         -            205   2.9e-14   51.9   0.2   1   1   6.4e-16     4e-14   51.4   0.2   123   198    16    91     2    95 0.84 -
NODE_149939_length_2408_cov_20.314422:674-2198   -            228 111053at7898         -            205   3.7e-14   51.5   1.0   1   1     1e-15   6.5e-14   50.7   1.0   137   201   104   167    92   171 0.91 -
NODE_30980_length_8096_cov_19.999750:6734-7390   -            219 111053at7898         -            205     5e-14   51.1   0.5   1   1   1.1e-15   6.7e-14   50.6   0.5    96   196    63   165    47   171 0.89 -
NODE_81660_length_4475_cov_19.079753:2701-2892   -             64 111053at7898         -            205     8e-14   50.4   3.1   1   1   1.3e-15   8.2e-14   50.4   3.1   139   197     4    62     1    64 0.96 -
NODE_94472_length_3961_cov_22.790782:752-1015    -             88 111053at7898         -            205   1.1e-13   49.9   0.3   1   1     2e-15   1.3e-13   49.7   0.3   140   198     5    63     1    69 0.93 -
NODE_179447_length_1856_cov_12.511098:825-1340   -            172 111053at7898         -            205   2.2e-13   48.9   0.3   1   1   3.6e-15   2.2e-13   48.9   0.3   140   199    19    80    10    86 0.87 -
NODE_33611_length_7791_cov_24.434607:5299-5487   -             63 111053at7898         -            205   2.4e-13   48.8   1.0   1   1   3.9e-15   2.5e-13   48.8   1.0   140   198     5    63     1    63 0.96 -
NODE_136009_length_2727_cov_24.000761:2422-2616  -             65 111053at7898         -            205   2.5e-13   48.8   0.4   1   1   4.3e-15   2.7e-13   48.7   0.4   140   197     7    64     2    65 0.92 -
NODE_103146_length_3660_cov_22.862398:568-1946   -            273 111053at7898         -            205   4.6e-13   47.9   0.4   1   1   1.2e-14   7.5e-13   47.2   0.4   116   198    99   180    72   184 0.83 -
NODE_34662_length_7665_cov_99.941581:4945-5550   -            202 111053at7898         -            205   1.3e-12   46.5   3.3   1   1     2e-14   1.3e-12   46.5   3.3   136   201    20    85     5    88 0.90 -
NODE_193312_length_1636_cov_25.068315:217-441    -             75 111053at7898         -            205   2.6e-12   45.4   1.0   1   1   4.6e-14   2.9e-12   45.3   1.0   140   197     2    59     1    67 0.94 -
NODE_242963_length_994_cov_11.665922:346-537     -             64 111053at7898         -            205   6.3e-12   44.2   0.9   1   1   1.1e-13     7e-12   44.0   0.9   140   196     3    59     1    63 0.94 -
NODE_252065_length_901_cov_17.105985:85-660      -            192 111053at7898         -            205   7.7e-12   43.9   5.7   1   1   1.9e-13   1.2e-11   43.3   5.7   137   202     3    68     1    70 0.95 -
NODE_38378_length_7280_cov_20.972427:185-733     -            183 111053at7898         -            205   2.1e-11   42.5   1.1   1   1   4.9e-13   3.1e-11   42.0   1.1   146   204     4    62     1    63 0.93 -
NODE_171279_length_1998_cov_7.720906:956-1153    -             66 111053at7898         -            205   4.2e-11   41.5   0.8   1   1   6.6e-13   4.2e-11   41.5   0.8   139   197     4    62     1    66 0.93 -
NODE_49205_length_6329_cov_27.692937:2302-3848   -            245 111053at7898         -            205   6.8e-11   40.8   0.0   1   1   1.1e-12   6.8e-11   40.8   0.0   138   199   122   183   110   188 0.90 -
NODE_149835_length_2410_cov_10.089139:1787-2182  -            132 111053at7898         -            205   7.4e-11   40.7   1.1   1   1   1.6e-12     1e-10   40.3   1.1   140   197    17    74     8    81 0.92 -
NODE_37145_length_7400_cov_205.541844:114-530    -            139 111053at7898         -            205   2.2e-10   39.2   0.2   1   1   4.2e-12   2.7e-10   38.9   0.2   134   196    58   120     6   127 0.74 -
NODE_211392_length_1377_cov_17.697183:902-1066   -             55 111053at7898         -            205   3.4e-10   38.5   0.9   1   1   5.6e-12   3.6e-10   38.5   0.9   141   193     3    55     1    55 0.94 -
NODE_52714_length_6077_cov_30.411174:49-1295     -            213 111053at7898         -            205   1.7e-09   36.3   1.0   1   1   2.6e-11   1.7e-09   36.3   1.0   136   204    15    83     8    84 0.94 -
NODE_17723_length_10335_cov_46.228703:5587-6085  -             93 111053at7898         -            205   1.9e-09   36.1   0.8   1   1     3e-11   1.9e-09   36.1   0.8   128   199    22    93     1    93 0.77 -
NODE_33770_length_7772_cov_33.683435:5950-6543   -            198 111053at7898         -            205     2e-09   36.1   0.5   1   2   4.3e-05    0.0027   16.0   0.0   137   188    16    67     1    74 0.82 -
NODE_33770_length_7772_cov_33.683435:5950-6543   -            198 111053at7898         -            205     2e-09   36.1   0.5   2   2   7.9e-06    0.0005   18.4   0.1   181   198    90   107    79   111 0.86 -
NODE_7433_length_13772_cov_33.662693:7923-8694   -            199 111053at7898         -            205   1.3e-08   33.4   2.5   1   1   3.2e-10     2e-08   32.8   2.5   138   199     8    69     5    74 0.92 -
NODE_3427_length_17044_cov_36.639304:11755-12982 -            202 111053at7898         -            205   1.3e-08   33.4   2.3   1   1   3.2e-10     2e-08   32.8   2.3   139   199     9    69     6    75 0.92 -
NODE_9896_length_12618_cov_30.803579:517-1572    -            208 111053at7898         -            205   1.6e-08   33.1   3.1   1   1   2.5e-10   1.6e-08   33.1   3.1   137   201    19    83    14    87 0.93 -
NODE_83600_length_4391_cov_34.895853:532-1453    -            157 111053at7898         -            205   1.5e-07   29.9   1.2   1   1   2.8e-09   1.8e-07   29.7   1.2   136   200    55   119    15   124 0.93 -
NODE_51132_length_6186_cov_29.089042:65-1323     -            220 111053at7898         -            205   4.2e-07   28.4   1.4   1   2       6.5   4.1e+02   -0.9   0.1   107   118    86    97    35   122 0.61 -
NODE_51132_length_6186_cov_29.089042:65-1323     -            220 111053at7898         -            205   4.2e-07   28.4   1.4   2   2   9.3e-09   5.9e-07   28.0   0.2    92   185   126   220   109   220 0.73 -
NODE_112852_length_3349_cov_32.057538:698-841    -             48 111053at7898         -            205   5.8e-07   28.0   0.2   1   1   9.1e-09   5.8e-07   28.0   0.2   150   193     5    48     1    48 0.92 -
NODE_116744_length_3233_cov_44.070198:2182-3194  -            142 111053at7898         -            205   9.7e-07   27.3   1.8   1   1   2.2e-08   1.4e-06   26.8   1.8   137   203     7    73     3    75 0.93 -
NODE_968_length_22571_cov_39.242302:11728-12204  -            159 111053at7898         -            205   6.4e-06   24.6   0.1   1   2   2.5e-07   1.6e-05   23.3   0.0   140   201     1    62     1    68 0.87 -
NODE_968_length_22571_cov_39.242302:11728-12204  -            159 111053at7898         -            205   6.4e-06   24.6   0.1   2   2       9.6     6e+02   -1.5   0.0   171   188    95   112    72   120 0.70 -
NODE_2506_length_18386_cov_23.083994:4697-14008  -             80 111053at7898         -            205   1.2e-05   23.7   2.8   1   1   2.4e-07   1.5e-05   23.4   2.8   137   197     9    69     6    74 0.94 -
NODE_67213_length_5176_cov_35.789246:189-2250    -            212 111053at7898         -            205     4e-05   22.0   1.3   1   2   6.3e-07     4e-05   22.0   1.3   139   199    27    87    19    93 0.92 -
NODE_67213_length_5176_cov_35.789246:189-2250    -            212 111053at7898         -            205     4e-05   22.0   1.3   2   2         9   5.7e+02   -1.4   0.1   101   129    95   123    87   137 0.57 -
NODE_77889_length_4642_cov_62.220339:1253-2679   -            259 111053at7898         -            205   5.6e-05   21.5   1.3   1   2   1.8e-06   0.00012   20.5   0.2   138   196    25    83     4    89 0.91 -
NODE_77889_length_4642_cov_62.220339:1253-2679   -            259 111053at7898         -            205   5.6e-05   21.5   1.3   2   2       5.1   3.2e+02   -0.6   0.1    55   101   164   207   131   218 0.59 -
NODE_35340_length_7593_cov_40.067120:1084-7484   -            270 111053at7898         -            205   0.00012   20.5   0.9   1   1   2.6e-06   0.00016   20.0   0.9   138   197   145   207    82   214 0.79 -
NODE_57379_length_5758_cov_25.575720:783-2793    -            251 111053at7898         -            205   0.00019   19.8   1.4   1   1   4.4e-06   0.00028   19.2   1.4   138   197   150   212    92   221 0.77 -
NODE_71245_length_4963_cov_32.118832:204-1173    -            183 111053at7898         -            205    0.0013   17.0   0.2   1   1   2.5e-05    0.0016   16.8   0.2   108   183   109   183    36   183 0.81 -
NODE_145685_length_2499_cov_28.889167:536-1923   -            193 111053at7898         -            205    0.0032   15.8   0.9   1   1   7.4e-05    0.0047   15.2   0.9   139   199    22    83    18    95 0.82 -
NODE_217300_length_1299_cov_29.587500:207-704    -            166 111053at7898         -            205    0.0043   15.4   1.6   1   1   9.5e-05     0.006   14.9   1.6   182   202     2    22     1    25 0.84 -
NODE_14235_length_11201_cov_23.095658:521-1015   -            165 111053at7898         -            205    0.0062   14.8   0.5   1   1   0.00016      0.01   14.1   0.5   182   197     1    16     1    23 0.88 -
NODE_196535_length_1589_cov_9.125503:386-1516    -            377 111053at7898         -            205    0.0064   14.8   1.4   1   2       2.3   1.5e+02    0.6   1.0    92   143    42    93    23   101 0.71 -
NODE_196535_length_1589_cov_9.125503:386-1516    -            377 111053at7898         -            205    0.0064   14.8   1.4   2   2   0.00078     0.049   11.9   0.0   140   198   295   353   272   355 0.75 -
NODE_77575_length_4658_cov_16.201799:3394-4065   -            224 111053at7898         -            205    0.0078   14.5   0.1   1   1   0.00012    0.0078   14.5   0.1   156   199    52    95    19   101 0.82 -
NODE_32083_length_7963_cov_28.126017:334-2093    -            211 111053at7898         -            205    0.0082   14.4   1.2   1   1   0.00013    0.0082   14.4   1.2   140   199    21    81    17    93 0.81 -
NODE_50425_length_6239_cov_31.997068:1334-1933   -            200 111053at7898         -            205    0.0096   14.2   0.1   1   1   0.00021     0.013   13.8   0.1   139   195   144   200   135   200 0.86 -
NODE_71532_length_4948_cov_22.784492:270-2028    -            175 111053at7898         -            205      0.01   14.1   0.0   1   1   0.00021     0.014   13.7   0.0   137   183   129   175   102   175 0.93 -
NODE_74602_length_4800_cov_23.926611:535-1536    -            334 111053at7898         -            205     0.011   14.0   0.0   1   1   0.00033     0.021   13.1   0.0   139   198   259   318   235   324 0.81 -
NODE_163018_length_2149_cov_26.023902:905-1441   -            179 111053at7898         -            205     0.013   13.8   0.1   1   1    0.0003     0.019   13.2   0.1   155   193   133   171   122   175 0.88 -
NODE_189870_length_1687_cov_19.365869:551-1348   -            266 111053at7898         -            205     0.014   13.7   1.2   1   1   0.00032      0.02   13.2   0.3   158   199    34    75    14    87 0.88 -
NODE_29373_length_8303_cov_22.768040:6242-6916   -            225 111053at7898         -            205     0.014   13.7   0.3   1   1   0.00022     0.014   13.7   0.3   157   199    32    74     3    81 0.86 -
NODE_1173_length_21752_cov_69.035561:17423-20272 -            340 111053at7898         -            205     0.017   13.4   0.7   1   1   0.00041     0.026   12.8   0.2   157   199    54    96    37   106 0.89 -
NODE_63662_length_5378_cov_21.405948:3531-4217   -            229 111053at7898         -            205     0.022   13.0   0.1   1   1   0.00035     0.022   13.0   0.1   157   199    56    98    33   104 0.85 -
NODE_107189_length_3528_cov_14.659959:267-1379   -            371 111053at7898         -            205     0.024   12.9   0.0   1   1   0.00069     0.043   12.1   0.0   140   198   283   341   260   345 0.76 -
NODE_286538_length_616_cov_4.547389:32-610       -            193 111053at7898         -            205     0.025   12.9   0.0   1   1    0.0006     0.038   12.3   0.0   154   198   128   172   107   175 0.73 -
NODE_199006_length_1552_cov_23.943565:108-883    -            171 111053at7898         -            205     0.029   12.6   0.9   1   1   0.00073     0.046   12.0   0.9   136   184   123   171    22   171 0.80 -
NODE_97986_length_3833_cov_15.411355:1657-2682   -            342 111053at7898         -            205      0.03   12.6   0.3   1   1    0.0013     0.083   11.2   0.0   171   198   288   315   235   319 0.79 -
NODE_188114_length_1713_cov_35.463445:568-1618   -            224 111053at7898         -            205     0.034   12.4   0.0   1   1   0.00093     0.059   11.6   0.0   169   200   125   156    67   160 0.77 -
NODE_98760_length_3807_cov_14.693635:260-1414    -            385 111053at7898         -            205     0.036   12.4   0.0   1   1   0.00056     0.036   12.4   0.0   139   198   302   361   279   368 0.79 -
NODE_46539_length_6539_cov_31.270342:973-1110    -             46 111053at7898         -            205     0.037   12.3   0.8   1   1   0.00061     0.039   12.2   0.8   140   184     1    45     1    46 0.93 -
NODE_38648_length_7255_cov_28.586920:5747-7180   -            320 111053at7898         -            205      0.06   11.6   0.1   1   1   0.00095      0.06   11.6   0.1   158   200   120   162   114   168 0.90 -
NODE_140071_length_2630_cov_20.012643:696-1698   -            231 111053at7898         -            205     0.062   11.6   5.1   1   2    0.0005     0.032   12.5   2.1   136   198    41   103    23   108 0.87 -
NODE_140071_length_2630_cov_20.012643:696-1698   -            231 111053at7898         -            205     0.062   11.6   5.1   2   2       6.5   4.1e+02   -0.9   0.1    73    96   131   156   126   164 0.82 -
NODE_151477_length_2376_cov_26.671937:86-1214    -            197 111053at7898         -            205     0.071   11.4   0.0   1   1    0.0015     0.095   11.0   0.0   141   185   151   197   137   197 0.85 -
NODE_62276_length_5459_cov_25.410075:4029-4268   -             80 111053at7898         -            205       2.3    6.4   6.5   1   2     0.013      0.82    7.9   2.0   184   198     5    19     2    27 0.76 -
NODE_62276_length_5459_cov_25.410075:4029-4268   -             80 111053at7898         -            205       2.3    6.4   6.5   2   2      0.94        60    1.8   1.7    92   128    18    54    15    70 0.76 -
NODE_174429_length_1941_cov_21.352877:294-521    -             76 111053at7898         -            205       5.9    5.1  10.2   1   2    0.0034      0.22    9.8   2.2   183   198    10    25     2    33 0.80 -
NODE_174429_length_1941_cov_21.352877:294-521    -             76 111053at7898         -            205       5.9    5.1  10.2   2   2       2.1   1.3e+02    0.7   1.6    96   128    33    64    25    70 0.51 -
#
# Program:         hmmsearch
# Version:         3.1b2 (February 2015)
# Pipeline mode:   SEARCH
# Query file:      /home/e1garcia/shotgun_PIRE/abyss/busco_downloads/lineages/actinopterygii_odb10/hmms/111053at7898.hmm
# Target file:     /home/e1garcia/shotgun_PIRE/pire_ssl_data_processing/plotosus_lineatus/busco_scaffolds_results-SPAdes_decontam_R1R2_noIsolate/run_actinopterygii_odb10/metaeuk_output/initial_results/scaffolds.modified.fasta.modified.fas
# Option settings: hmmsearch --domtblout /home/e1garcia/shotgun_PIRE/pire_ssl_data_processing/plotosus_lineatus/busco_scaffolds_results-SPAdes_decontam_R1R2_noIsolate/run_actinopterygii_odb10/hmmer_output/initial_run_results/111053at7898.out --cpu 1 /home/e1garcia/shotgun_PIRE/abyss/busco_downloads/lineages/actinopterygii_odb10/hmms/111053at7898.hmm /home/e1garcia/shotgun_PIRE/pire_ssl_data_processing/plotosus_lineatus/busco_scaffolds_results-SPAdes_decontam_R1R2_noIsolate/run_actinopterygii_odb10/metaeuk_output/initial_results/scaffolds.modified.fasta.modified.fas 
# Current dir:     /home/e1garcia/shotgun_PIRE/pire_ssl_data_processing/plotosus_lineatus
# Date:            Fri Aug 20 13:16:18 2021
# [ok]
