#                                                                                                       --- full sequence --- -------------- this domain -------------   hmm coord   ali coord   env coord
# target name                                   accession   tlen query name           accession   qlen   E-value  score  bias   #  of  c-Evalue  i-Evalue  score  bias  from    to  from    to  from    to  acc description of target
#                           ------------------- ---------- ----- -------------------- ---------- ----- --------- ------ ----- --- --- --------- --------- ------ ----- ----- ----- ----- ----- ----- ----- ---- ---------------------
NODE_14782_length_11049_cov_37.791233:3073-9932 -            629 14704at7898          -            821  1.4e-189  630.3   1.3   1   1  1.5e-192  2.9e-189  629.2   1.3    45   542    81   629    66   629 0.90 -
NODE_2675_length_18093_cov_37.364622:5595-12417 -            516 14704at7898          -            821  5.4e-153  509.2   8.4   1   3  1.9e-102   3.6e-99  331.2   0.3   498   681     1   191     1   195 0.97 -
NODE_2675_length_18093_cov_37.364622:5595-12417 -            516 14704at7898          -            821  5.4e-153  509.2   8.4   2   3   1.4e-43   2.7e-40  136.4   0.0   677   773   219   315   204   354 0.89 -
NODE_2675_length_18093_cov_37.364622:5595-12417 -            516 14704at7898          -            821  5.4e-153  509.2   8.4   3   3   6.5e-16   1.3e-12   44.9   1.3   762   821   444   516   431   516 0.83 -
NODE_40956_length_7028_cov_37.027277:517-2043   -            509 14704at7898          -            821   3.5e-16   56.7   0.3   1   3      0.31   6.1e+02   -3.6   0.0   282   312    76   105    75   112 0.79 -
NODE_40956_length_7028_cov_37.027277:517-2043   -            509 14704at7898          -            821   3.5e-16   56.7   0.3   2   3   8.3e-08   0.00016   18.1   0.2   371   436   206   273   195   279 0.87 -
NODE_40956_length_7028_cov_37.027277:517-2043   -            509 14704at7898          -            821   3.5e-16   56.7   0.3   3   3   3.1e-13   6.1e-10   36.0   0.0   516   680   312   493   305   502 0.70 -
#
# Program:         hmmsearch
# Version:         3.1b2 (February 2015)
# Pipeline mode:   SEARCH
# Query file:      /home/e1garcia/shotgun_PIRE/abyss/busco_downloads/lineages/actinopterygii_odb10/hmms/14704at7898.hmm
# Target file:     /home/e1garcia/shotgun_PIRE/pire_ssl_data_processing/plotosus_lineatus/busco_scaffolds_results-SPAdes_decontam_R1R2_noIsolate/run_actinopterygii_odb10/metaeuk_output/initial_results/scaffolds.modified.fasta.modified.fas
# Option settings: hmmsearch --domtblout /home/e1garcia/shotgun_PIRE/pire_ssl_data_processing/plotosus_lineatus/busco_scaffolds_results-SPAdes_decontam_R1R2_noIsolate/run_actinopterygii_odb10/hmmer_output/initial_run_results/14704at7898.out --cpu 1 /home/e1garcia/shotgun_PIRE/abyss/busco_downloads/lineages/actinopterygii_odb10/hmms/14704at7898.hmm /home/e1garcia/shotgun_PIRE/pire_ssl_data_processing/plotosus_lineatus/busco_scaffolds_results-SPAdes_decontam_R1R2_noIsolate/run_actinopterygii_odb10/metaeuk_output/initial_results/scaffolds.modified.fasta.modified.fas 
# Current dir:     /home/e1garcia/shotgun_PIRE/pire_ssl_data_processing/plotosus_lineatus
# Date:            Fri Aug 20 13:31:56 2021
# [ok]
