#                                                                                                        --- full sequence --- -------------- this domain -------------   hmm coord   ali coord   env coord
# target name                                    accession   tlen query name           accession   qlen   E-value  score  bias   #  of  c-Evalue  i-Evalue  score  bias  from    to  from    to  from    to  acc description of target
#                            ------------------- ---------- ----- -------------------- ---------- ----- --------- ------ ----- --- --- --------- --------- ------ ----- ----- ----- ----- ----- ----- ----- ---- ---------------------
NODE_12481_length_11714_cov_36.908222:4581-10070 -            551 14739at7898          -            922  5.6e-112  373.5   1.1   1   3   4.5e-54   1.7e-51  173.4   0.1   143   362     2   217     1   224 0.90 -
NODE_12481_length_11714_cov_36.908222:4581-10070 -            551 14739at7898          -            922  5.6e-112  373.5   1.1   2   3   5.8e-58   2.1e-55  186.3   0.0   412   653   226   461   219   464 0.92 -
NODE_12481_length_11714_cov_36.908222:4581-10070 -            551 14739at7898          -            922  5.6e-112  373.5   1.1   3   3   3.7e-05     0.013   11.5   0.0   786   821   514   549   507   551 0.87 -
NODE_15262_length_10930_cov_34.524698:459-8373   -            716 14739at7898          -            922     7e-68  227.6   0.0   1   2   3.5e-31   1.3e-28   97.6   0.0   132   369   177   437   173   442 0.76 -
NODE_15262_length_10930_cov_34.524698:459-8373   -            716 14739at7898          -            922     7e-68  227.6   0.0   2   2     2e-40   7.4e-38  128.2   0.1   417   639   442   659   431   673 0.90 -
NODE_9495_length_12791_cov_52.461629:474-11892   -            378 14739at7898          -            922   1.8e-59  199.8   0.8   1   2   3.5e-09   1.3e-06   24.8   0.1   278   364     2    82     1    90 0.82 -
NODE_9495_length_12791_cov_52.461629:474-11892   -            378 14739at7898          -            922   1.8e-59  199.8   0.8   2   2   3.2e-54   1.2e-51  173.9   0.1   414   640    92   312    84   377 0.87 -
NODE_36549_length_7463_cov_37.237371:1916-6726   -            373 14739at7898          -            922     2e-32  110.2   0.0   1   1     7e-35   2.6e-32  109.9   0.0   460   822     1   341     1   350 0.89 -
NODE_97796_length_3840_cov_24.269981:853-1910    -             85 14739at7898          -            922   7.6e-19   65.3   0.1   1   1   2.4e-21   8.8e-19   65.1   0.1   142   210     6    82     2    84 0.83 -
NODE_138341_length_2671_cov_33.571151:1561-1767  -             69 14739at7898          -            922   9.7e-18   61.6   0.1   1   1     3e-20   1.1e-17   61.5   0.1   148   201     1    56     1    61 0.95 -
NODE_14718_length_11064_cov_32.282991:6686-6922  -             79 14739at7898          -            922   2.9e-17   60.1   0.0   1   1   8.5e-20   3.1e-17   59.9   0.0   132   199     4    70     1    76 0.93 -
NODE_1909_length_19655_cov_128.423348:3398-3562  -             55 14739at7898          -            922   1.8e-16   57.5   0.2   1   1   5.3e-19   1.9e-16   57.3   0.2   156   200     1    47     1    51 0.91 -
NODE_7094_length_13968_cov_31.333333:3225-4058   -             71 14739at7898          -            922     2e-15   54.0   0.0   1   1     6e-18   2.2e-15   53.8   0.0   133   202     3    65     1    68 0.94 -
NODE_7094_length_13968_cov_31.333333:9909-10742  -             71 14739at7898          -            922     2e-15   54.0   0.0   1   1     6e-18   2.2e-15   53.8   0.0   133   202     3    65     1    68 0.94 -
NODE_39494_length_7170_cov_35.770471:1257-1496   -             80 14739at7898          -            922   3.6e-15   53.1   0.1   1   1   1.1e-17   3.9e-15   53.0   0.1   130   200     2    80     1    80 0.85 -
NODE_123007_length_3059_cov_38.637500:1357-1533  -             59 14739at7898          -            922   5.8e-13   45.8   0.0   1   1   1.6e-15     6e-13   45.8   0.0   131   174    16    59     4    59 0.90 -
NODE_72535_length_4901_cov_23.180758:2368-2595   -             76 14739at7898          -            922   9.2e-10   35.2   0.0   1   1   2.5e-12   9.2e-10   35.2   0.0   145   206     5    75     1    76 0.75 -
NODE_8433_length_13278_cov_31.233326:1902-2093   -             64 14739at7898          -            922   1.5e-09   34.5   0.4   1   1   4.4e-12   1.6e-09   34.4   0.4   142   194     5    63     2    64 0.79 -
NODE_123508_length_3046_cov_107.025450:2781-2963 -             61 14739at7898          -            922   3.3e-09   33.4   0.1   1   1   9.1e-12   3.3e-09   33.4   0.1   130   172     2    44     1    59 0.91 -
NODE_38394_length_7278_cov_34.775038:2062-2244   -             61 14739at7898          -            922   2.8e-06   23.7   0.0   1   1   7.9e-09   2.9e-06   23.7   0.0   161   210     1    61     1    61 0.68 -
#
# Program:         hmmsearch
# Version:         3.1b2 (February 2015)
# Pipeline mode:   SEARCH
# Query file:      /home/e1garcia/shotgun_PIRE/abyss/busco_downloads/lineages/actinopterygii_odb10/hmms/14739at7898.hmm
# Target file:     /home/e1garcia/shotgun_PIRE/pire_ssl_data_processing/plotosus_lineatus/busco_scaffolds_results-SPAdes_decontam_R1R2_noIsolate/run_actinopterygii_odb10/metaeuk_output/initial_results/scaffolds.modified.fasta.modified.fas
# Option settings: hmmsearch --domtblout /home/e1garcia/shotgun_PIRE/pire_ssl_data_processing/plotosus_lineatus/busco_scaffolds_results-SPAdes_decontam_R1R2_noIsolate/run_actinopterygii_odb10/hmmer_output/initial_run_results/14739at7898.out --cpu 1 /home/e1garcia/shotgun_PIRE/abyss/busco_downloads/lineages/actinopterygii_odb10/hmms/14739at7898.hmm /home/e1garcia/shotgun_PIRE/pire_ssl_data_processing/plotosus_lineatus/busco_scaffolds_results-SPAdes_decontam_R1R2_noIsolate/run_actinopterygii_odb10/metaeuk_output/initial_results/scaffolds.modified.fasta.modified.fas 
# Current dir:     /home/e1garcia/shotgun_PIRE/pire_ssl_data_processing/plotosus_lineatus
# Date:            Fri Aug 20 13:32:00 2021
# [ok]
