#                                                                                                        --- full sequence --- -------------- this domain -------------   hmm coord   ali coord   env coord
# target name                                    accession   tlen query name           accession   qlen   E-value  score  bias   #  of  c-Evalue  i-Evalue  score  bias  from    to  from    to  from    to  acc description of target
#                            ------------------- ---------- ----- -------------------- ---------- ----- --------- ------ ----- --- --- --------- --------- ------ ----- ----- ----- ----- ----- ----- ----- ---- ---------------------
NODE_353_length_27691_cov_39.389062:635-15060    -            901 17680at7898          -            845         0 1357.9  21.9   1   3  1.1e-114  3.4e-113  377.4  10.0    88   321     1   243     1   244 0.96 -
NODE_353_length_27691_cov_39.389062:635-15060    -            901 17680at7898          -            845         0 1357.9  21.9   2   3  5.7e-298  1.8e-296  983.7   3.5   343   822   242   742   241   750 0.95 -
NODE_353_length_27691_cov_39.389062:635-15060    -            901 17680at7898          -            845         0 1357.9  21.9   3   3      0.27       8.6    2.3   0.0   820   835   819   834   805   844 0.72 -
NODE_31005_length_8092_cov_36.001877:4344-6518   -            725 17680at7898          -            845   1.3e-61  206.8  70.5   1   4   6.6e-14   2.1e-12   44.0   8.6   226   349     1   125     1   129 0.90 -
NODE_31005_length_8092_cov_36.001877:4344-6518   -            725 17680at7898          -            845   1.3e-61  206.8  70.5   2   4   1.1e-07   3.4e-06   23.5   0.4   152   246   118   211   114   222 0.90 -
NODE_31005_length_8092_cov_36.001877:4344-6518   -            725 17680at7898          -            845   1.3e-61  206.8  70.5   3   4   3.7e-27   1.2e-25   87.9  20.3   104   353   257   510   237   511 0.88 -
NODE_31005_length_8092_cov_36.001877:4344-6518   -            725 17680at7898          -            845   1.3e-61  206.8  70.5   4   4   8.8e-29   2.8e-27   93.2  19.4    83   327   427   676   424   679 0.90 -
NODE_95796_length_3913_cov_28.392764:703-1914    -            404 17680at7898          -            845   1.7e-47  160.1  26.8   1   3   3.3e-18     1e-16   58.3   1.2   184   321     5   142     1   143 0.90 -
NODE_95796_length_3913_cov_28.392764:703-1914    -            404 17680at7898          -            845   1.7e-47  160.1  26.8   2   3   4.4e-21   1.4e-19   67.7   4.0    84   256    93   269    92   270 0.91 -
NODE_95796_length_3913_cov_28.392764:703-1914    -            404 17680at7898          -            845   1.7e-47  160.1  26.8   3   3   5.9e-19   1.9e-17   60.7   6.6    84   290   141   349   140   358 0.91 -
NODE_1773_length_19990_cov_42.323865:16780-18567 -            596 17680at7898          -            845   1.9e-40  136.7   0.9   1   4   3.5e-12   1.1e-10   38.3   0.1   176   272    44   140    26   141 0.93 -
NODE_1773_length_19990_cov_42.323865:16780-18567 -            596 17680at7898          -            845   1.9e-40  136.7   0.9   2   4   3.9e-24   1.2e-22   77.8   0.2    65   270    96   308    95   311 0.90 -
NODE_1773_length_19990_cov_42.323865:16780-18567 -            596 17680at7898          -            845   1.9e-40  136.7   0.9   3   4   3.3e-05     0.001   15.3   0.0   322   388   313   385   308   403 0.86 -
NODE_1773_length_19990_cov_42.323865:16780-18567 -            596 17680at7898          -            845   1.9e-40  136.7   0.9   4   4   3.9e-08   1.2e-06   24.9   0.0   507   592   403   488   392   536 0.89 -
NODE_39600_length_7160_cov_32.796488:358-2988    -            877 17680at7898          -            845   6.3e-40  135.1  34.9   1   5   2.7e-12   8.5e-11   38.7   4.1   203   310     5   112     1   113 0.51 -
NODE_39600_length_7160_cov_32.796488:358-2988    -            877 17680at7898          -            845   6.3e-40  135.1  34.9   2   5   3.2e-07     1e-05   21.9   2.7   151   275    72   204    71   212 0.81 -
NODE_39600_length_7160_cov_32.796488:358-2988    -            877 17680at7898          -            845   6.3e-40  135.1  34.9   3   5   1.1e-05   0.00034   16.8   0.9    61   147   203   289   188   297 0.80 -
NODE_39600_length_7160_cov_32.796488:358-2988    -            877 17680at7898          -            845   6.3e-40  135.1  34.9   4   5   8.1e-27   2.6e-25   86.7   9.2    57   301   246   500   241   539 0.87 -
NODE_39600_length_7160_cov_32.796488:358-2988    -            877 17680at7898          -            845   6.3e-40  135.1  34.9   5   5   3.2e-05     0.001   15.3   0.4    61   142   545   630   537   654 0.87 -
NODE_42907_length_6850_cov_36.657828:2707-5565   -            953 17680at7898          -            845   2.6e-39  133.0  51.3   1   4   1.4e-12   4.5e-11   39.6  17.2    21   196    63   248    53   268 0.78 -
NODE_42907_length_6850_cov_36.657828:2707-5565   -            953 17680at7898          -            845   2.6e-39  133.0  51.3   2   4   8.5e-05    0.0027   13.9   1.7    56   166   179   288   175   297 0.86 -
NODE_42907_length_6850_cov_36.657828:2707-5565   -            953 17680at7898          -            845   2.6e-39  133.0  51.3   3   4   1.1e-25   3.4e-24   83.0  19.0    59   352   306   615   289   622 0.86 -
NODE_42907_length_6850_cov_36.657828:2707-5565   -            953 17680at7898          -            845   2.6e-39  133.0  51.3   4   4   4.5e-12   1.4e-10   38.0   2.7   236   369   570   706   564   736 0.85 -
NODE_67973_length_5136_cov_32.489577:1208-2380   -            391 17680at7898          -            845   4.9e-38  128.8  16.8   1   3   1.9e-11   5.9e-10   35.9   0.2   201   314    44   157    38   158 0.86 -
NODE_67973_length_5136_cov_32.489577:1208-2380   -            391 17680at7898          -            845   4.9e-38  128.8  16.8   2   3   5.6e-26   1.8e-24   83.9   7.1    57   278   111   341   108   343 0.90 -
NODE_67973_length_5136_cov_32.489577:1208-2380   -            391 17680at7898          -            845   4.9e-38  128.8  16.8   3   3   1.3e-09   4.1e-08   29.8   0.1   288   389   276   386   272   390 0.86 -
NODE_111955_length_3375_cov_35.443223:637-2013   -            459 17680at7898          -            845   4.3e-37  125.7  23.1   1   2   7.3e-10   2.3e-08   30.6   0.4   179   271    38   130    29   132 0.90 -
NODE_111955_length_3375_cov_35.443223:637-2013   -            459 17680at7898          -            845   4.3e-37  125.7  23.1   2   2   6.3e-33     2e-31  106.9  16.8    60   371   106   424   104   456 0.88 -
NODE_43442_length_6803_cov_28.154236:909-2426    -            506 17680at7898          -            845     8e-37  124.8  16.5   1   2     8e-33   2.5e-31  106.6  16.7    63   363    51   357    38   375 0.89 -
NODE_43442_length_6803_cov_28.154236:909-2426    -            506 17680at7898          -            845     8e-37  124.8  16.5   2   2   3.5e-05    0.0011   15.1   0.0   513   597   412   495   404   500 0.85 -
NODE_96232_length_3898_cov_25.400632:2074-3387   -            438 17680at7898          -            845     2e-36  123.5  26.3   1   2   1.7e-24   5.5e-23   79.0  17.8    59   266    51   262    25   270 0.89 -
NODE_96232_length_3898_cov_25.400632:2074-3387   -            438 17680at7898          -            845     2e-36  123.5  26.3   2   2   1.1e-15   3.4e-14   49.9   1.5   224   383   267   433   264   438 0.82 -
NODE_54106_length_5980_cov_27.937426:2141-3364   -            408 17680at7898          -            845   2.4e-36  123.2   6.5   1   2   2.6e-31   8.2e-30  101.6   2.2   130   390    42   312    16   319 0.88 -
NODE_54106_length_5980_cov_27.937426:2141-3364   -            408 17680at7898          -            845   2.4e-36  123.2   6.5   2   2   9.6e-08     3e-06   23.6   0.1   502   592   320   408   317   408 0.85 -
NODE_11419_length_12059_cov_32.340134:3371-4615  -            415 17680at7898          -            845   3.3e-36  122.7   0.1   1   2   2.7e-32   8.7e-31  104.8   0.0   130   394    49   324    20   329 0.86 -
NODE_11419_length_12059_cov_32.340134:3371-4615  -            415 17680at7898          -            845   3.3e-36  122.7   0.1   2   2   1.5e-05   0.00046   16.4   0.0   502   592   327   415   324   415 0.85 -
NODE_73037_length_4876_cov_33.348336:1453-3012   -            520 17680at7898          -            845   3.5e-36  122.7   9.6   1   3   8.4e-29   2.6e-27   93.3   8.7     3   304    42   358    41   367 0.84 -
NODE_73037_length_4876_cov_33.348336:1453-3012   -            520 17680at7898          -            845   3.5e-36  122.7   9.6   2   3    0.0033       0.1    8.6   0.0   313   388   319   402   318   409 0.79 -
NODE_73037_length_4876_cov_33.348336:1453-3012   -            520 17680at7898          -            845   3.5e-36  122.7   9.6   3   3     6e-07   1.9e-05   21.0   0.0   482   584   403   510   397   518 0.77 -
NODE_52984_length_6057_cov_28.999329:1772-3229   -            486 17680at7898          -            845   6.7e-36  121.7   6.6   1   2   2.3e-18   7.4e-17   58.7   0.1   214   396     5   194     1   216 0.89 -
NODE_52984_length_6057_cov_28.999329:1772-3229   -            486 17680at7898          -            845   6.7e-36  121.7   6.6   2   2   4.2e-20   1.3e-18   64.5   3.1   201   394   277   477   266   483 0.89 -
NODE_22908_length_9301_cov_41.241687:7268-8377   -            370 17680at7898          -            845   4.2e-35  119.1   0.0   1   2     2e-18   6.3e-17   59.0   0.0   463   632     2   176     1   186 0.78 -
NODE_22908_length_9301_cov_41.241687:7268-8377   -            370 17680at7898          -            845   4.2e-35  119.1   0.0   2   2   3.4e-18   1.1e-16   58.2   0.0   458   630   191   368   186   370 0.86 -
NODE_17441_length_10396_cov_28.782170:4646-6043  -            466 17680at7898          -            845   9.6e-35  117.9   4.4   1   1     1e-35   3.2e-34  116.2   4.4    60   430    34   416     5   466 0.82 -
NODE_47880_length_6429_cov_29.033649:4466-6019   -            518 17680at7898          -            845   1.6e-33  113.9  14.6   1   2   5.5e-29   1.7e-27   93.9  14.2    57   386    43   382    36   396 0.86 -
NODE_47880_length_6429_cov_29.033649:4466-6019   -            518 17680at7898          -            845   1.6e-33  113.9  14.6   2   2   1.2e-05   0.00037   16.7   0.0   600   683   403   486   387   498 0.66 -
NODE_9026_length_12988_cov_25.245403:5518-6741   -            408 17680at7898          -            845   2.4e-33  113.3  10.2   1   2   1.5e-29   4.6e-28   95.8   6.2   131   388    43   310    21   320 0.81 -
NODE_9026_length_12988_cov_25.245403:5518-6741   -            408 17680at7898          -            845   2.4e-33  113.3  10.2   2   2     1e-05   0.00032   16.9   0.1   502   592   320   408   315   408 0.81 -
NODE_30032_length_8218_cov_21.383914:2932-4131   -            400 17680at7898          -            845   1.2e-32  111.0   1.0   1   1   4.7e-34   1.5e-32  110.6   1.0    62   384    34   366    25   392 0.84 -
NODE_10120_length_12532_cov_37.345049:9269-10666 -            466 17680at7898          -            845   6.7e-32  108.5   0.3   1   2   4.1e-28   1.3e-26   91.0   0.2   179   423    59   313    52   313 0.82 -
NODE_10120_length_12532_cov_37.345049:9269-10666 -            466 17680at7898          -            845   6.7e-32  108.5   0.3   2   2   1.8e-07   5.6e-06   22.8   0.0   596   687   290   381   287   389 0.86 -
NODE_71461_length_4952_cov_30.923758:2501-3388   -            296 17680at7898          -            845   1.5e-31  107.3  15.3   1   2   1.4e-18   4.6e-17   59.4   2.3   151   272    13   135     2   136 0.91 -
NODE_71461_length_4952_cov_30.923758:2501-3388   -            296 17680at7898          -            845   1.5e-31  107.3  15.3   2   2   5.4e-19   1.7e-17   60.8   5.4   199   369   110   281   107   292 0.90 -
NODE_37086_length_7406_cov_31.454085:5590-6921   -            444 17680at7898          -            845   2.1e-31  106.9  21.6   1   3   3.1e-20   9.9e-19   64.9   6.6    63   269    50   261    23   262 0.91 -
NODE_37086_length_7406_cov_31.454085:5590-6921   -            444 17680at7898          -            845   2.1e-31  106.9  21.6   2   3   1.7e-17   5.5e-16   55.9   7.1    57   253   117   317   114   322 0.85 -
NODE_37086_length_7406_cov_31.454085:5590-6921   -            444 17680at7898          -            845   2.1e-31  106.9  21.6   3   3     0.071       2.2    4.2   0.1   345   389   314   361   305   395 0.67 -
NODE_14087_length_11238_cov_32.850974:7673-9265  -            531 17680at7898          -            845     6e-31  105.4  17.4   1   1   2.9e-32   9.2e-31  104.7  17.4    38   405    76   460    49   517 0.84 -
NODE_36_length_42078_cov_176.768051:10070-10972  -            301 17680at7898          -            845   7.3e-31  105.1   0.6   1   1   2.6e-32   8.3e-31  104.9   0.6   130   386    32   299     6   301 0.85 -
NODE_36_length_42078_cov_176.768051:31105-32007  -            301 17680at7898          -            845   7.3e-31  105.1   0.6   1   1   2.6e-32   8.3e-31  104.9   0.6   130   386    32   299     6   301 0.85 -
NODE_9100_length_12950_cov_31.391409:10411-11547 -            379 17680at7898          -            845   1.4e-30  104.1   4.8   1   1   5.2e-32   1.6e-30  103.9   4.8    62   382    49   379    24   379 0.87 -
NODE_62631_length_5437_cov_32.263957:1603-4545   -            981 17680at7898          -            845   1.5e-30  104.0  39.3   1   5   1.8e-08   5.7e-07   26.0   7.2    21   232    11   217     3   224 0.76 -
NODE_62631_length_5437_cov_32.263957:1603-4545   -            981 17680at7898          -            845   1.5e-30  104.0  39.3   2   5   6.2e-09     2e-07   27.6   5.0   212   350   237   389   231   399 0.72 -
NODE_62631_length_5437_cov_32.263957:1603-4545   -            981 17680at7898          -            845   1.5e-30  104.0  39.3   3   5   1.1e-09   3.6e-08   30.0   0.6   202   327   436   568   429   570 0.79 -
NODE_62631_length_5437_cov_32.263957:1603-4545   -            981 17680at7898          -            845   1.5e-30  104.0  39.3   4   5   1.6e-12     5e-11   39.4   7.6   128   308   533   728   524   732 0.69 -
NODE_62631_length_5437_cov_32.263957:1603-4545   -            981 17680at7898          -            845   1.5e-30  104.0  39.3   5   5      0.61        19    1.1   0.1   342   368   715   741   707   749 0.88 -
NODE_56690_length_5802_cov_31.204278:438-5276    -            905 17680at7898          -            845   2.6e-30  103.2  24.0   1   4   1.8e-10   5.6e-09   32.7   7.4    50   280    42   288    30   288 0.81 -
NODE_56690_length_5802_cov_31.204278:438-5276    -            905 17680at7898          -            845   2.6e-30  103.2  24.0   2   4   4.1e-13   1.3e-11   41.4   6.2    79   301   246   488   236   491 0.74 -
NODE_56690_length_5802_cov_31.204278:438-5276    -            905 17680at7898          -            845   2.6e-30  103.2  24.0   3   4   1.9e-13   6.1e-12   42.5   0.3   167   279   500   623   482   644 0.80 -
NODE_56690_length_5802_cov_31.204278:438-5276    -            905 17680at7898          -            845   2.6e-30  103.2  24.0   4   4      0.14       4.5    3.2   0.0   322   370   616   666   614   709 0.73 -
NODE_82861_length_4423_cov_28.369103:1532-2920   -            463 17680at7898          -            845   7.4e-30  101.7   5.0   1   3   1.4e-18   4.6e-17   59.4   2.1   102   278     8   189     4   193 0.83 -
NODE_82861_length_4423_cov_28.369103:1532-2920   -            463 17680at7898          -            845   7.4e-30  101.7   5.0   2   3   1.9e-05   0.00059   16.0   0.0   349   395   221   268   212   274 0.87 -
NODE_82861_length_4423_cov_28.369103:1532-2920   -            463 17680at7898          -            845   7.4e-30  101.7   5.0   3   3   2.7e-08   8.7e-07   25.4   0.0   505   596   273   361   269   365 0.69 -
NODE_38301_length_7288_cov_25.503130:2552-3940   -            463 17680at7898          -            845   8.1e-30  101.6   6.9   1   2   1.5e-21   4.9e-20   69.3   6.6   179   395    56   285    47   288 0.82 -
NODE_38301_length_7288_cov_25.503130:2552-3940   -            463 17680at7898          -            845   8.1e-30  101.6   6.9   2   2   2.1e-08   6.6e-07   25.8   0.0   594   688   285   379   282   387 0.90 -
NODE_31005_length_8092_cov_36.001877:6672-7529   -            286 17680at7898          -            845   9.1e-30  101.4  19.8   1   2   3.9e-25   1.2e-23   81.2  10.1    80   272     6   203     2   205 0.93 -
NODE_31005_length_8092_cov_36.001877:6672-7529   -            286 17680at7898          -            845   9.1e-30  101.4  19.8   2   2   5.7e-09   1.8e-07   27.7   2.1    60   142   202   285   200   286 0.92 -
NODE_133574_length_2787_cov_27.526414:979-2391   -            471 17680at7898          -            845   1.6e-29  100.6   7.0   1   2   7.4e-12   2.3e-10   37.2   1.1    58   148     1    91     1   107 0.91 -
NODE_133574_length_2787_cov_27.526414:979-2391   -            471 17680at7898          -            845   1.6e-29  100.6   7.0   2   2     1e-20   3.2e-19   66.6   0.2   201   373   271   443   268   471 0.91 -
NODE_71166_length_4968_cov_24.703635:2693-3523   -            277 17680at7898          -            845   2.1e-29  100.2   7.7   1   2     3e-21   9.4e-20   68.3   0.2   173   353     1   181     1   183 0.87 -
NODE_71166_length_4968_cov_24.703635:2693-3523   -            277 17680at7898          -            845   2.1e-29  100.2   7.7   2   2   3.4e-13   1.1e-11   41.7   3.0   296   394   147   253   146   272 0.83 -
NODE_14047_length_11249_cov_108.891839:1028-2608 -            527 17680at7898          -            845   2.3e-29  100.1   6.0   1   1   1.3e-30   4.2e-29   99.3   6.0   102   398    34   342    22   358 0.84 -
NODE_11248_length_12119_cov_32.418885:8806-10296 -            497 17680at7898          -            845   3.2e-29   99.6   4.1   1   3   1.4e-20   4.5e-19   66.1   2.9   179   351     5   178     1   186 0.94 -
NODE_11248_length_12119_cov_32.418885:8806-10296 -            497 17680at7898          -            845   3.2e-29   99.6   4.1   2   3    0.0001    0.0032   13.6   0.0   293   364   192   265   186   295 0.78 -
NODE_11248_length_12119_cov_32.418885:8806-10296 -            497 17680at7898          -            845   3.2e-29   99.6   4.1   3   3   7.8e-06   0.00025   17.3   0.0   508   675   313   389   297   438 0.66 -
NODE_95305_length_3931_cov_25.043580:1987-3363   -            459 17680at7898          -            845   4.8e-29   99.1   8.1   1   3     2e-16   6.4e-15   52.3   3.4   112   258    57   209    50   218 0.80 -
NODE_95305_length_3931_cov_25.043580:1987-3363   -            459 17680at7898          -            845   4.8e-29   99.1   8.1   2   3   3.6e-05    0.0011   15.1   0.0   349   395   240   287   233   296 0.86 -
NODE_95305_length_3931_cov_25.043580:1987-3363   -            459 17680at7898          -            845   4.8e-29   99.1   8.1   3   3   3.5e-10   1.1e-08   31.7   0.0   606   693   299   386   288   391 0.87 -
NODE_96189_length_3900_cov_22.134438:509-2044    -            512 17680at7898          -            845   5.3e-29   98.9   2.9   1   2   4.3e-14   1.4e-12   44.6   0.0   227   408     4   193     1   203 0.83 -
NODE_96189_length_3900_cov_22.134438:509-2044    -            512 17680at7898          -            845   5.3e-29   98.9   2.9   2   2   4.8e-17   1.5e-15   54.4   0.9   201   368   289   457   285   496 0.85 -
NODE_179_length_31613_cov_37.840928:28136-29329  -            398 17680at7898          -            845     3e-28   96.4   0.0   1   3   4.4e-08   1.4e-06   24.8   0.0   562   693     6   150     2   154 0.82 -
NODE_179_length_31613_cov_37.840928:28136-29329  -            398 17680at7898          -            845     3e-28   96.4   0.0   2   3   1.1e-16   3.4e-15   53.2   0.0   520   696    60   247    52   260 0.80 -
NODE_179_length_31613_cov_37.840928:28136-29329  -            398 17680at7898          -            845     3e-28   96.4   0.0   3   3   1.2e-09   3.7e-08   30.0   0.0   519   638   259   383   252   395 0.84 -
NODE_8532_length_13223_cov_30.661689:624-1985    -            454 17680at7898          -            845   6.1e-28   95.4   8.1   1   2   8.7e-21   2.7e-19   66.8   5.8   179   395    56   286    51   292 0.84 -
NODE_8532_length_13223_cov_30.661689:624-1985    -            454 17680at7898          -            845   6.1e-28   95.4   8.1   2   2     5e-09   1.6e-07   27.9   0.1   592   690   284   382   284   386 0.95 -
NODE_54383_length_5960_cov_21.784678:3010-3831   -            274 17680at7898          -            845   7.5e-28   95.1   1.4   1   1   1.1e-28   3.3e-27   93.0   1.4   148   394     4   261     1   270 0.85 -
NODE_180466_length_1838_cov_87.224267:12-1829    -            606 17680at7898          -            845   8.5e-28   94.9  28.7   1   3   1.3e-12     4e-11   39.8   0.4   130   264    40   182    26   226 0.82 -
NODE_180466_length_1838_cov_87.224267:12-1829    -            606 17680at7898          -            845   8.5e-28   94.9  28.7   2   3   3.7e-09   1.2e-07   28.3   5.6    20   179   404   582   385   585 0.72 -
NODE_180466_length_1838_cov_87.224267:12-1829    -            606 17680at7898          -            845   8.5e-28   94.9  28.7   3   3     0.026      0.81    5.7   0.2   322   368   558   601   554   604 0.84 -
NODE_58014_length_5716_cov_34.058750:903-4046    -           1048 17680at7898          -            845   9.6e-28   94.7  36.1   1   4   5.2e-05    0.0016   14.6   0.1   226   351    56   169    49   183 0.74 -
NODE_58014_length_5716_cov_34.058750:903-4046    -           1048 17680at7898          -            845   9.6e-28   94.7  36.1   2   4     1e-09   3.2e-08   30.2   5.0    84   257   193   365   176   431 0.70 -
NODE_58014_length_5716_cov_34.058750:903-4046    -           1048 17680at7898          -            845   9.6e-28   94.7  36.1   3   4   2.5e-09   7.8e-08   28.9  10.4   102   271   487   673   476   686 0.74 -
NODE_58014_length_5716_cov_34.058750:903-4046    -           1048 17680at7898          -            845   9.6e-28   94.7  36.1   4   4   1.1e-12   3.6e-11   39.9   4.5   224   389   650   827   649   835 0.83 -
NODE_20267_length_9791_cov_28.365662:4452-5636   -            395 17680at7898          -            845   2.5e-27   93.4  16.4   1   3    0.0032       0.1    8.7   0.7   103   148    50    95    36   101 0.83 -
NODE_20267_length_9791_cov_28.365662:4452-5636   -            395 17680at7898          -            845   2.5e-27   93.4  16.4   2   3   4.9e-24   1.6e-22   77.5   5.3    53   272    95   321    91   323 0.89 -
NODE_20267_length_9791_cov_28.365662:4452-5636   -            395 17680at7898          -            845   2.5e-27   93.4  16.4   3   3   3.1e-05   0.00099   15.3   0.2   322   384   324   391   320   395 0.81 -
NODE_12278_length_11778_cov_29.828239:3380-4507  -            376 17680at7898          -            845   3.5e-27   92.9   0.0   1   3     3e-08   9.3e-07   25.3   0.0   520   630    19   133     6   145 0.86 -
NODE_12278_length_11778_cov_29.828239:3380-4507  -            376 17680at7898          -            845   3.5e-27   92.9   0.0   2   3   5.4e-14   1.7e-12   44.3   0.0   515   632   112   230   108   244 0.84 -
NODE_12278_length_11778_cov_29.828239:3380-4507  -            376 17680at7898          -            845   3.5e-27   92.9   0.0   3   3   4.5e-11   1.4e-09   34.6   0.0   458   583   245   374   229   376 0.85 -
NODE_10542_length_12376_cov_24.883603:6146-7222  -            359 17680at7898          -            845   1.6e-26   90.7   0.0   1   2   6.3e-18     2e-16   57.3   0.0   502   679    24   217    19   237 0.81 -
NODE_10542_length_12376_cov_24.883603:6146-7222  -            359 17680at7898          -            845   1.6e-26   90.7   0.0   2   2   4.2e-10   1.3e-08   31.4   0.0   501   587   263   348   244   356 0.79 -
NODE_13581_length_11383_cov_26.684864:2782-5970  -            678 17680at7898          -            845   3.8e-26   89.5   5.3   1   2   2.5e-18     8e-17   58.6   3.4   179   395    56   286    32   291 0.83 -
NODE_13581_length_11383_cov_26.684864:2782-5970  -            678 17680at7898          -            845   3.8e-26   89.5   5.3   2   2   1.9e-09     6e-08   29.3   0.0   594   688   286   380   284   387 0.89 -
NODE_35347_length_7593_cov_24.159194:2664-3470   -            269 17680at7898          -            845   8.6e-26   88.3   6.9   1   2     1e-17   3.3e-16   56.6   3.1   150   277    44   175    30   178 0.89 -
NODE_35347_length_7593_cov_24.159194:2664-3470   -            269 17680at7898          -            845   8.6e-26   88.3   6.9   2   2   2.7e-11   8.4e-10   35.4   0.3   155   241   169   256   165   264 0.89 -
NODE_117385_length_3216_cov_21.155278:750-2321   -            524 17680at7898          -            845   8.8e-26   88.3   5.7   1   1   1.9e-26   6.1e-25   85.5   5.1   104   397    65   369    60   388 0.84 -
NODE_47686_length_6445_cov_31.015916:2924-4300   -            459 17680at7898          -            845   1.3e-25   87.7   8.5   1   3   8.1e-14   2.6e-12   43.7   2.3   127   278    72   208    56   215 0.50 -
NODE_47686_length_6445_cov_31.015916:2924-4300   -            459 17680at7898          -            845   1.3e-25   87.7   8.5   2   3    0.0016      0.05    9.7   0.0   350   396   245   292   238   301 0.81 -
NODE_47686_length_6445_cov_31.015916:2924-4300   -            459 17680at7898          -            845   1.3e-25   87.7   8.5   3   3   4.9e-11   1.6e-09   34.5   0.1   604   694   301   391   291   397 0.90 -
NODE_9856_length_12633_cov_38.131083:11350-12603 -            418 17680at7898          -            845   2.2e-25   87.0   6.5   1   2   5.9e-24   1.9e-22   77.3   3.4   129   385     4   269     1   289 0.86 -
NODE_9856_length_12633_cov_38.131083:11350-12603 -            418 17680at7898          -            845   2.2e-25   87.0   6.5   2   2   0.00076     0.024   10.7   0.1   514   592   299   376   291   383 0.69 -
NODE_7739_length_13622_cov_40.676181:4588-5961   -            458 17680at7898          -            845   2.9e-25   86.5   6.6   1   3   4.6e-18   1.4e-16   57.8   0.5   136   277    60   206    23   224 0.85 -
NODE_7739_length_13622_cov_40.676181:4588-5961   -            458 17680at7898          -            845   2.9e-25   86.5   6.6   2   3    0.0005     0.016   11.3   0.2   352   395   243   287   233   299 0.89 -
NODE_7739_length_13622_cov_40.676181:4588-5961   -            458 17680at7898          -            845   2.9e-25   86.5   6.6   3   3   1.3e-06   4.2e-05   19.8   0.0   607   687   301   381   287   389 0.88 -
NODE_59457_length_5627_cov_27.561686:2435-3547   -            371 17680at7898          -            845   4.9e-25   85.8   5.3   1   3   1.1e-09   3.4e-08   30.1   0.0   177   268    36   127    15   131 0.91 -
NODE_59457_length_5627_cov_27.561686:2435-3547   -            371 17680at7898          -            845   4.9e-25   85.8   5.3   2   3   3.8e-17   1.2e-15   54.7   0.7    56   256   126   329   124   331 0.91 -
NODE_59457_length_5627_cov_27.561686:2435-3547   -            371 17680at7898          -            845   4.9e-25   85.8   5.3   3   3       0.1       3.3    3.6   0.1   353   386   331   368   329   371 0.73 -
NODE_123_length_34103_cov_50.625044:12119-15640  -           1174 17680at7898          -            845     6e-25   85.5   0.0   1   4   9.6e-11     3e-09   33.5   0.0   510   598    13    98     4   113 0.90 -
NODE_123_length_34103_cov_50.625044:12119-15640  -           1174 17680at7898          -            845     6e-25   85.5   0.0   2   4   1.2e-05   0.00037   16.7   0.0   511   596   301   385   283   395 0.71 -
NODE_123_length_34103_cov_50.625044:12119-15640  -           1174 17680at7898          -            845     6e-25   85.5   0.0   3   4   7.6e-07   2.4e-05   20.6   0.0   577   688   659   782   642   792 0.78 -
NODE_123_length_34103_cov_50.625044:12119-15640  -           1174 17680at7898          -            845     6e-25   85.5   0.0   4   4    0.0041      0.13    8.3   0.0   511   541  1096  1126  1071  1170 0.63 -
NODE_45948_length_6588_cov_25.869317:219-1721    -            501 17680at7898          -            845   6.1e-25   85.5  18.4   1   2   3.6e-19   1.2e-17   61.4   4.7    63   214    39   195    31   201 0.79 -
NODE_45948_length_6588_cov_25.869317:219-1721    -            501 17680at7898          -            845   6.1e-25   85.5  18.4   2   2   4.1e-12   1.3e-10   38.1   5.8   112   242   136   271   134   287 0.82 -
NODE_136768_length_2708_cov_33.168647:1668-2414  -            249 17680at7898          -            845   8.5e-25   85.0  22.1   1   2   9.8e-16   3.1e-14   50.1   6.9   226   349     2   126     1   132 0.88 -
NODE_136768_length_2708_cov_33.168647:1668-2414  -            249 17680at7898          -            845   8.5e-25   85.0  22.1   2   2     4e-15   1.3e-13   48.0   7.3   203   382    51   240    50   249 0.80 -
NODE_35899_length_7535_cov_29.740990:737-1831    -            365 17680at7898          -            845   9.6e-25   84.8   2.5   1   2   1.1e-19   3.4e-18   63.2   1.0   165   402     7   251     2   258 0.85 -
NODE_35899_length_7535_cov_29.740990:737-1831    -            365 17680at7898          -            845   9.6e-25   84.8   2.5   2   2     5e-07   1.6e-05   21.2   0.0   510   597   258   344   254   358 0.90 -
NODE_57133_length_5774_cov_74.376035:3107-4492   -            462 17680at7898          -            845   1.2e-24   84.5   6.5   1   3   5.3e-16   1.7e-14   50.9   1.4   134   277    36   187     4   195 0.60 -
NODE_57133_length_5774_cov_74.376035:3107-4492   -            462 17680at7898          -            845   1.2e-24   84.5   6.5   2   3   0.00016     0.005   13.0   0.0   350   395   221   267   212   272 0.87 -
NODE_57133_length_5774_cov_74.376035:3107-4492   -            462 17680at7898          -            845   1.2e-24   84.5   6.5   3   3   2.4e-07   7.4e-06   22.3   0.1   596   688   269   361   266   367 0.63 -
NODE_4139_length_16196_cov_31.378828:13950-15056 -            369 17680at7898          -            845   4.6e-24   82.6  13.9   1   2   1.1e-22   3.5e-21   73.1  11.4    30   273    30   286    21   296 0.67 -
NODE_4139_length_16196_cov_31.378828:13950-15056 -            369 17680at7898          -            845   4.6e-24   82.6  13.9   2   2    0.0047      0.15    8.1   0.2   322   365   288   331   284   363 0.79 -
NODE_614_length_24890_cov_34.029487:788-2608     -            607 17680at7898          -            845   2.4e-23   80.2  24.8   1   3   1.4e-09   4.4e-08   29.7   6.5   135   291    40   194    32   205 0.80 -
NODE_614_length_24890_cov_34.029487:788-2608     -            607 17680at7898          -            845   2.4e-23   80.2  24.8   2   3   2.8e-16   8.9e-15   51.9   6.2    82   348   169   444   166   450 0.83 -
NODE_614_length_24890_cov_34.029487:788-2608     -            607 17680at7898          -            845   2.4e-23   80.2  24.8   3   3   0.00023    0.0073   12.4   2.5    41   144   437   544   432   589 0.75 -
NODE_19505_length_9949_cov_32.586396:799-8165    -            383 17680at7898          -            845   3.6e-23   79.6   4.0   1   2   6.1e-12   1.9e-10   37.5   0.1   182   313     8   134     1   148 0.82 -
NODE_19505_length_9949_cov_32.586396:799-8165    -            383 17680at7898          -            845   3.6e-23   79.6   4.0   2   2     2e-13   6.2e-12   42.4   1.4    45   231   165   355   143   360 0.86 -
NODE_1294_length_21308_cov_44.412325:18155-20008 -            618 17680at7898          -            845     1e-22   78.1  30.0   1   4   6.1e-12   1.9e-10   37.5  10.8    61   260    46   249     7   251 0.83 -
NODE_1294_length_21308_cov_44.412325:18155-20008 -            618 17680at7898          -            845     1e-22   78.1  30.0   2   4   2.3e-09   7.2e-08   29.0   6.5    40   234   196   401   186   409 0.75 -
NODE_1294_length_21308_cov_44.412325:18155-20008 -            618 17680at7898          -            845     1e-22   78.1  30.0   3   4   8.6e-12   2.7e-10   37.0   0.1   173   350   290   481   277   485 0.84 -
NODE_1294_length_21308_cov_44.412325:18155-20008 -            618 17680at7898          -            845     1e-22   78.1  30.0   4   4   0.00098     0.031   10.4   0.7    56   119   490   552   463   577 0.54 -
NODE_26773_length_8666_cov_29.140773:6905-7801   -            299 17680at7898          -            845     2e-22   77.2   2.6   1   1   8.7e-24   2.7e-22   76.7   2.6   156   385    50   286    41   294 0.86 -
NODE_11930_length_11889_cov_39.170992:2122-8769  -            829 17680at7898          -            845   4.3e-22   76.1  16.7   1   3     5e-05    0.0016   14.6   0.4   167   253     9    99     3   105 0.80 -
NODE_11930_length_11889_cov_39.170992:2122-8769  -            829 17680at7898          -            845   4.3e-22   76.1  16.7   2   3    0.0014     0.045    9.8   0.4   119   241   111   238   106   262 0.81 -
NODE_11930_length_11889_cov_39.170992:2122-8769  -            829 17680at7898          -            845   4.3e-22   76.1  16.7   3   3   1.6e-18   5.1e-17   59.3   4.1    56   368   296   619   271   632 0.81 -
NODE_54124_length_5978_cov_41.162613:1813-2979   -            389 17680at7898          -            845     3e-21   73.3   6.3   1   2   8.6e-09   2.7e-07   27.1   0.2   107   208    10   112     3   112 0.87 -
NODE_54124_length_5978_cov_41.162613:1813-2979   -            389 17680at7898          -            845     3e-21   73.3   6.3   2   2   2.5e-16   7.9e-15   52.0   2.3   108   281   103   277    94   294 0.87 -
NODE_19556_length_9939_cov_34.813313:3123-3854   -            244 17680at7898          -            845     3e-21   73.3   6.1   1   2   2.6e-16   8.4e-15   51.9   1.7   227   347    41   162    29   163 0.90 -
NODE_19556_length_9939_cov_34.813313:3123-3854   -            244 17680at7898          -            845     3e-21   73.3   6.1   2   2   7.3e-10   2.3e-08   30.6   0.2   177   279   135   239   133   242 0.85 -
NODE_29146_length_8333_cov_29.504129:3531-4469   -            313 17680at7898          -            845   4.2e-21   72.8   1.1   1   1   1.7e-22   5.2e-21   72.5   1.1   110   398     3   299     1   310 0.82 -
NODE_26259_length_8748_cov_36.050179:4709-5347   -            213 17680at7898          -            845   4.8e-21   72.6   0.3   1   2   1.8e-14   5.7e-13   45.9   0.1   204   320     2   119     1   120 0.91 -
NODE_26259_length_8748_cov_36.050179:4709-5347   -            213 17680at7898          -            845   4.8e-21   72.6   0.3   2   2   1.5e-09   4.6e-08   29.6   0.0   290   377   113   205   110   212 0.84 -
NODE_124094_length_3030_cov_36.624019:1171-2115  -            315 17680at7898          -            845   5.9e-21   72.3  14.7   1   2   2.7e-13   8.4e-12   42.0   2.2    79   188    87   199    79   203 0.89 -
NODE_124094_length_3030_cov_36.624019:1171-2115  -            315 17680at7898          -            845   5.9e-21   72.3  14.7   2   2   1.1e-13   3.4e-12   43.3   4.8    83   213   162   296   157   314 0.86 -
NODE_239140_length_1035_cov_95.089744:116-802    -            229 17680at7898          -            845   6.1e-21   72.2   7.8   1   1   5.6e-22   1.8e-20   70.7   7.9    76   280    13   225     1   228 0.64 -
NODE_10451_length_12410_cov_34.656486:8810-9454  -            215 17680at7898          -            845   6.9e-21   72.1   0.0   1   1   2.5e-22   7.8e-21   71.9   0.0   468   673     2   215     1   215 0.82 -
NODE_44632_length_6700_cov_46.595819:4004-4837   -            278 17680at7898          -            845   7.7e-21   71.9   4.0   1   3   2.8e-15   8.8e-14   48.6   0.7   190   278     5    96     1   100 0.88 -
NODE_44632_length_6700_cov_46.595819:4004-4837   -            278 17680at7898          -            845   7.7e-21   71.9   4.0   2   3     3e-06   9.6e-05   18.7   0.0   135   255    90   209    86   217 0.54 -
NODE_44632_length_6700_cov_46.595819:4004-4837   -            278 17680at7898          -            845   7.7e-21   71.9   4.0   3   3   2.8e-05    0.0009   15.5   0.4   298   368   180   251   178   275 0.84 -
NODE_84342_length_4362_cov_29.339198:748-3679    -            339 17680at7898          -            845   8.1e-21   71.8   7.8   1   2   2.8e-10     9e-09   32.0   0.1    79   187    66   176    55   180 0.87 -
NODE_84342_length_4362_cov_29.339198:748-3679    -            339 17680at7898          -            845   8.1e-21   71.8   7.8   2   2   1.3e-15   4.1e-14   49.7   3.4    20   186   141   318   141   333 0.82 -
NODE_26932_length_8644_cov_36.271153:4389-6671   -            761 17680at7898          -            845   1.5e-20   70.9  11.5   1   2   1.3e-06   4.2e-05   19.8   0.5   103   255   378   532   350   537 0.71 -
NODE_26932_length_8644_cov_36.271153:4389-6671   -            761 17680at7898          -            845   1.5e-20   70.9  11.5   2   2   6.2e-17     2e-15   54.0   7.1    84   279   525   722   497   734 0.84 -
NODE_17364_length_10413_cov_37.330425:8282-9838  -            519 17680at7898          -            845   1.6e-20   70.9  25.5   1   2   1.4e-10   4.5e-09   33.0   0.5   203   340     1   141     1   161 0.85 -
NODE_17364_length_10413_cov_37.330425:8282-9838  -            519 17680at7898          -            845   1.6e-20   70.9  25.5   2   2   5.3e-12   1.7e-10   37.7  19.6    68   352   182   476   146   519 0.81 -
NODE_4896_length_15474_cov_35.607154:11201-14377 -           1059 17680at7898          -            845     2e-20   70.5  31.5   1   4   4.8e-09   1.5e-07   27.9   0.9   111   306    60   248    39   255 0.82 -
NODE_4896_length_15474_cov_35.607154:11201-14377 -           1059 17680at7898          -            845     2e-20   70.5  31.5   2   4    0.0022     0.069    9.2   0.4   290   338   274   324   267   340 0.79 -
NODE_4896_length_15474_cov_35.607154:11201-14377 -           1059 17680at7898          -            845     2e-20   70.5  31.5   3   4   3.8e-07   1.2e-05   21.6   9.9    84   299   360   591   348   604 0.73 -
NODE_4896_length_15474_cov_35.607154:11201-14377 -           1059 17680at7898          -            845     2e-20   70.5  31.5   4   4   6.1e-08   1.9e-06   24.3   1.7   108   264   590   758   582   783 0.71 -
NODE_10765_length_12288_cov_37.882353:9253-11661 -            803 17680at7898          -            845   3.1e-20   69.9   0.2   1   3   5.5e-05    0.0017   14.5   0.0   606   687     4    87     2    92 0.78 -
NODE_10765_length_12288_cov_37.882353:9253-11661 -            803 17680at7898          -            845   3.1e-20   69.9   0.2   2   3   9.5e-07     3e-05   20.3   0.1   511   603   402   493   390   505 0.72 -
NODE_10765_length_12288_cov_37.882353:9253-11661 -            803 17680at7898          -            845   3.1e-20   69.9   0.2   3   3   4.3e-10   1.4e-08   31.4   0.0   506   603   690   788   655   797 0.82 -
NODE_114883_length_3289_cov_31.054232:732-1655   -            308 17680at7898          -            845   6.2e-20   68.9   5.7   1   1   1.4e-20   4.4e-19   66.1   5.7   112   368     3   262     1   294 0.85 -
NODE_51586_length_6154_cov_38.076466:4232-5116   -            295 17680at7898          -            845   8.5e-20   68.5   1.5   1   1     2e-20   6.4e-19   65.5   1.5   111   385     2   285     1   293 0.80 -
NODE_33316_length_7822_cov_56.045967:3577-4284   -            236 17680at7898          -            845   1.3e-19   67.9   0.7   1   1   1.8e-20   5.7e-19   65.7   0.7    62   254    18   216    14   229 0.86 -
NODE_52984_length_6057_cov_28.999329:2495-3271   -            259 17680at7898          -            845   2.1e-19   67.2   3.3   1   1   8.4e-21   2.7e-19   66.8   3.3   201   394    36   236    25   243 0.89 -
NODE_22371_length_9397_cov_40.270703:7605-8291   -            229 17680at7898          -            845   2.9e-19   66.7   0.0   1   2   5.4e-08   1.7e-06   24.4   0.0   563   635     2    76     1    85 0.85 -
NODE_22371_length_9397_cov_40.270703:7605-8291   -            229 17680at7898          -            845   2.9e-19   66.7   0.0   2   2     9e-13   2.8e-11   40.3   0.0   463   583    94   216    90   226 0.82 -
NODE_51316_length_6173_cov_45.924432:3101-4138   -            346 17680at7898          -            845   3.1e-19   66.6   0.0   1   2   2.2e-08   6.8e-07   25.8   0.0   561   681    31   158    14   177 0.82 -
NODE_51316_length_6173_cov_45.924432:3101-4138   -            346 17680at7898          -            845   3.1e-19   66.6   0.0   2   2   3.3e-12     1e-10   38.4   0.0   463   582   220   343   204   345 0.86 -
NODE_51316_length_6173_cov_45.924432:437-1240    -            268 17680at7898          -            845   7.5e-19   65.3   0.0   1   1   1.2e-19   3.7e-18   63.0   0.0   464   682     1   232     1   243 0.77 -
NODE_42877_length_6853_cov_31.698253:1674-2228   -            185 17680at7898          -            845   1.6e-18   64.3   0.2   1   2   7.7e-14   2.4e-12   43.8   0.1   203   320     3   121     1   122 0.48 -
NODE_42877_length_6853_cov_31.698253:1674-2228   -            185 17680at7898          -            845   1.6e-18   64.3   0.2   2   2   1.8e-07   5.7e-06   22.7   0.0   290   358   115   184   115   185 0.94 -
NODE_115841_length_3260_cov_38.071180:466-2736   -            757 17680at7898          -            845     2e-18   64.0  19.7   1   2   3.2e-06    0.0001   18.6   7.0    84   256   356   531   337   538 0.78 -
NODE_115841_length_3260_cov_38.071180:466-2736   -            757 17680at7898          -            845     2e-18   64.0  19.7   2   2   4.9e-16   1.5e-14   51.1  10.1    51   278   487   719   484   723 0.80 -
NODE_2557_length_18307_cov_36.773616:14743-16713 -            458 17680at7898          -            845     3e-18   63.3   6.1   1   2   2.2e-05   0.00068   15.8   0.0   120   207    91   180    79   193 0.81 -
NODE_2557_length_18307_cov_36.773616:14743-16713 -            458 17680at7898          -            845     3e-18   63.3   6.1   2   2   5.9e-15   1.9e-13   47.5   4.0   109   279   250   424   229   429 0.89 -
NODE_51316_length_6173_cov_45.924432:2255-2956   -            234 17680at7898          -            845   3.9e-18   62.9   0.0   1   1   1.5e-19   4.9e-18   62.6   0.0   464   672    13   233     7   234 0.79 -
NODE_119173_length_3167_cov_28.115711:939-1661   -            241 17680at7898          -            845   6.9e-18   62.2   0.1   1   1   2.8e-19   8.9e-18   61.8   0.1   201   395    20   221    12   228 0.88 -
NODE_121749_length_3095_cov_24.992991:278-1114   -            279 17680at7898          -            845   7.1e-18   62.1   2.7   1   1   5.6e-19   1.8e-17   60.8   2.1    84   280    12   215     3   248 0.79 -
NODE_101529_length_3712_cov_32.653750:1552-2676  -            375 17680at7898          -            845   9.2e-18   61.7  15.8   1   2   1.7e-07   5.4e-06   22.8   0.5    63   140    66   145    55   156 0.84 -
NODE_101529_length_3712_cov_32.653750:1552-2676  -            375 17680at7898          -            845   9.2e-18   61.7  15.8   2   2     6e-16   1.9e-14   50.8   9.1   197   394    86   297    84   310 0.84 -
NODE_10182_length_12508_cov_33.058022:6934-7641  -            236 17680at7898          -            845   1.7e-17   60.8   0.0   1   1   6.5e-19     2e-17   60.6   0.0   200   383    36   226    19   235 0.83 -
NODE_29055_length_8345_cov_79.916808:1667-8103   -            683 17680at7898          -            845   2.2e-17   60.5  17.6   1   1     2e-18   6.4e-17   58.9  17.6    57   325    20   291     7   297 0.79 -
NODE_10062_length_12554_cov_35.899880:1266-2360  -            338 17680at7898          -            845   2.2e-17   60.5   8.9   1   2   0.00015    0.0049   13.0   0.3    78   155    64   143    55   146 0.67 -
NODE_10062_length_12554_cov_35.899880:1266-2360  -            338 17680at7898          -            845   2.2e-17   60.5   8.9   2   2   3.8e-16   1.2e-14   51.4   4.8    18   188   139   321   125   325 0.81 -
NODE_3654_length_16754_cov_37.413870:8745-9452   -            236 17680at7898          -            845   7.7e-17   58.7   0.9   1   1   7.8e-18   2.5e-16   57.0   0.9   201   400    20   226    17   230 0.88 -
NODE_40551_length_7069_cov_47.955811:1363-2124   -            254 17680at7898          -            845   8.8e-17   58.5   4.7   1   2   1.3e-06   4.2e-05   19.8   0.1   153   211    39    98    27   104 0.50 -
NODE_40551_length_7069_cov_47.955811:1363-2124   -            254 17680at7898          -            845   8.8e-17   58.5   4.7   2   2   6.4e-12     2e-10   37.4   1.5   108   235   107   237   104   252 0.51 -
NODE_169241_length_2034_cov_25.396899:378-983    -            202 17680at7898          -            845   1.3e-16   57.9   3.7   1   2   6.5e-11   2.1e-09   34.1   0.7    66   167     1   105     1   112 0.87 -
NODE_169241_length_2034_cov_25.396899:378-983    -            202 17680at7898          -            845   1.3e-16   57.9   3.7   2   2   3.5e-08   1.1e-06   25.1   0.1   294   381   113   202   106   202 0.87 -
NODE_3075_length_17506_cov_32.273683:13350-13931 -            194 17680at7898          -            845   1.9e-16   57.4   6.1   1   1   6.5e-18   2.1e-16   57.3   6.1    57   236    16   192     1   194 0.86 -
NODE_30132_length_8202_cov_33.811058:5095-5988   -            298 17680at7898          -            845   3.3e-16   56.6   6.0   1   1   1.4e-17   4.5e-16   56.1   6.0    43   256    78   298    51   298 0.80 -
NODE_22908_length_9301_cov_41.241687:8144-8806   -            221 17680at7898          -            845   6.6e-16   55.6   0.0   1   2   2.2e-12   6.8e-11   39.0   0.0   557   679     2   128     1   137 0.86 -
NODE_22908_length_9301_cov_41.241687:8144-8806   -            221 17680at7898          -            845   6.6e-16   55.6   0.0   2   2   4.2e-07   1.3e-05   21.5   0.0   463   581    98   220    81   221 0.82 -
NODE_12278_length_11778_cov_29.828239:4565-5233  -            223 17680at7898          -            845   1.2e-15   54.8   0.0   1   1   4.8e-17   1.5e-15   54.4   0.0   464   673     1   223     1   223 0.76 -
NODE_20046_length_9836_cov_29.589607:7202-7723   -            174 17680at7898          -            845   1.3e-15   54.6   0.1   1   1   4.6e-17   1.5e-15   54.5   0.1   518   675     3   168     1   174 0.83 -
NODE_110279_length_3429_cov_28.116216:2172-2894  -            241 17680at7898          -            845   1.3e-15   54.6   5.2   1   1   1.5e-16   4.8e-15   52.7   5.3   200   394    36   235    32   238 0.90 -
NODE_36548_length_7463_cov_37.653721:6359-7027   -            223 17680at7898          -            845   1.5e-15   54.4   2.3   1   1   6.9e-16   2.2e-14   50.6   2.3    21   208    23   223     3   223 0.83 -
NODE_14230_length_11202_cov_35.104386:8907-9704  -            266 17680at7898          -            845   2.4e-15   53.7   0.4   1   1   1.2e-16   3.9e-15   53.0   0.4    26   271    15   265    10   266 0.62 -
NODE_23089_length_9267_cov_26.251854:7766-8482   -            239 17680at7898          -            845   3.2e-15   53.3   0.1   1   1   1.3e-16   4.1e-15   53.0   0.1   203   385    42   231    33   238 0.79 -
NODE_60351_length_5571_cov_45.466374:243-2549    -            769 17680at7898          -            845   3.3e-15   53.3   5.1   1   2   2.5e-07   7.8e-06   22.3   0.0   202   351    29   180    25   187 0.88 -
NODE_60351_length_5571_cov_45.466374:243-2549    -            769 17680at7898          -            845   3.3e-15   53.3   5.1   2   2   1.2e-09   3.8e-08   29.9   3.7   152   364   312   527   184   556 0.58 -
NODE_96189_length_3900_cov_22.134438:1514-2287   -            258 17680at7898          -            845   3.4e-15   53.2   0.1   1   1   1.2e-16   3.9e-15   53.0   0.1   200   368    58   227    29   255 0.89 -
NODE_53133_length_6047_cov_30.631137:1976-3451   -            492 17680at7898          -            845   4.2e-15   52.9   8.9   1   2   2.3e-14   7.3e-13   45.5   7.5   169   315    53   203    37   239 0.83 -
NODE_53133_length_6047_cov_30.631137:1976-3451   -            492 17680at7898          -            845   4.2e-15   52.9   8.9   2   2      0.14       4.5    3.2   0.0   552   578   318   344   306   359 0.85 -
NODE_4223_length_16105_cov_35.803449:8826-11273  -            816 17680at7898          -            845   1.3e-14   51.4  16.4   1   3    0.0081      0.26    7.3   0.1   111   206   441   538   408   548 0.78 -
NODE_4223_length_16105_cov_35.803449:8826-11273  -            816 17680at7898          -            845   1.3e-14   51.4  16.4   2   3   1.4e-11   4.5e-10   36.3   8.6    50   234   545   734   538   738 0.77 -
NODE_4223_length_16105_cov_35.803449:8826-11273  -            816 17680at7898          -            845   1.3e-14   51.4  16.4   3   3   2.8e-09   8.7e-08   28.7   0.9    20   145   655   783   655   805 0.83 -
NODE_22908_length_9301_cov_41.241687:5653-6315   -            221 17680at7898          -            845   2.7e-14   50.3   0.0   1   1   1.1e-15   3.4e-14   49.9   0.0   463   670     3   217     1   221 0.82 -
NODE_295_length_28590_cov_38.267488:9268-11904   -            879 17680at7898          -            845   3.1e-14   50.1   0.0   1   3   1.7e-07   5.4e-06   22.8   0.0   515   596    14    94     6    99 0.83 -
NODE_295_length_28590_cov_38.267488:9268-11904   -            879 17680at7898          -            845   3.1e-14   50.1   0.0   2   3    0.0019     0.061    9.4   0.0   606   687   407   491   347   498 0.75 -
NODE_295_length_28590_cov_38.267488:9268-11904   -            879 17680at7898          -            845   3.1e-14   50.1   0.0   3   3   7.5e-05    0.0024   14.1   0.0   511   586   806   878   780   879 0.67 -
NODE_23089_length_9267_cov_26.251854:6761-7399   -            213 17680at7898          -            845   5.8e-14   49.2   3.1   1   2   1.3e-08   4.3e-07   26.4   0.1   227   314     5    92     2    93 0.81 -
NODE_23089_length_9267_cov_26.251854:6761-7399   -            213 17680at7898          -            845   5.8e-14   49.2   3.1   2   2   3.4e-08   1.1e-06   25.1   0.3   286   398    88   207    86   212 0.86 -
NODE_24649_length_9010_cov_23.639883:7329-7961   -            211 17680at7898          -            845   6.2e-14   49.1   0.6   1   2   5.3e-09   1.7e-07   27.8   0.3    64   157     4    94     2    96 0.84 -
NODE_24649_length_9010_cov_23.639883:7329-7961   -            211 17680at7898          -            845   6.2e-14   49.1   0.6   2   2   1.1e-07   3.5e-06   23.4   0.0   103   188    88   174    86   195 0.89 -
NODE_79291_length_4579_cov_29.039509:2060-3352   -            431 17680at7898          -            845   6.6e-14   49.0  12.8   1   3   6.5e-13   2.1e-11   40.7   1.4   226   320    28   122    20   130 0.55 -
NODE_79291_length_4579_cov_29.039509:2060-3352   -            431 17680at7898          -            845   6.6e-14   49.0  12.8   2   3   4.6e-07   1.4e-05   21.4   4.2    59   190    72   206    70   217 0.69 -
NODE_79291_length_4579_cov_29.039509:2060-3352   -            431 17680at7898          -            845   6.6e-14   49.0  12.8   3   3       4.7   1.5e+02   -1.8   0.0   704   743   211   249   198   266 0.79 -
NODE_31611_length_8021_cov_32.390432:4987-6834   -            364 17680at7898          -            845   8.2e-14   48.7   8.9   1   2     1e-09   3.2e-08   30.2   2.2    80   212    78   217    69   222 0.82 -
NODE_31611_length_8021_cov_32.390432:4987-6834   -            364 17680at7898          -            845   8.2e-14   48.7   8.9   2   2     3e-07   9.5e-06   22.0   1.0    84   176   226   318   214   331 0.85 -
NODE_7967_length_13508_cov_40.101275:3421-4038   -            206 17680at7898          -            845     1e-13   48.4   4.5   1   1   4.1e-15   1.3e-13   48.0   4.5    48   208    25   190    11   198 0.69 -
NODE_41945_length_6938_cov_33.095628:1455-3596   -            714 17680at7898          -            845   1.4e-13   47.9  13.1   1   3   8.7e-10   2.8e-08   30.4   5.4     4   140    47   192    44   195 0.64 -
NODE_41945_length_6938_cov_33.095628:1455-3596   -            714 17680at7898          -            845   1.4e-13   47.9  13.1   2   3   3.4e-05    0.0011   15.2   0.6   345   426   186   273   182   290 0.77 -
NODE_41945_length_6938_cov_33.095628:1455-3596   -            714 17680at7898          -            845   1.4e-13   47.9  13.1   3   3    0.0028     0.089    8.8   0.0   610   687   261   357   258   376 0.66 -
NODE_80020_length_4547_cov_29.602743:2316-4087   -            226 17680at7898          -            845   2.6e-13   47.0   5.7   1   2     0.032         1    5.4   0.0   293   332     6    46     1    57 0.52 -
NODE_80020_length_4547_cov_29.602743:2316-4087   -            226 17680at7898          -            845   2.6e-13   47.0   5.7   2   2   1.6e-13   5.2e-12   42.7   3.3    18   167    52   209    47   218 0.85 -
NODE_90568_length_4108_cov_40.790721:1660-2439   -            260 17680at7898          -            845   7.3e-13   45.5   4.7   1   2   2.3e-14   7.3e-13   45.5   4.7   110   273    50   211    39   226 0.89 -
NODE_90568_length_4108_cov_40.790721:1660-2439   -            260 17680at7898          -            845   7.3e-13   45.5   4.7   2   2    0.0057      0.18    7.8   0.1   326   381   193   253   192   259 0.77 -
NODE_64475_length_5328_cov_30.326449:2712-3851   -            380 17680at7898          -            845   9.7e-13   45.1   1.4   1   2   9.5e-13     3e-11   40.2   1.0   201   368    35   208    32   219 0.76 -
NODE_64475_length_5328_cov_30.326449:2712-3851   -            380 17680at7898          -            845   9.7e-13   45.1   1.4   2   2       1.4        45   -0.1   0.0   550   585   299   334   219   364 0.69 -
NODE_19661_length_9919_cov_32.479633:3000-5468   -            823 17680at7898          -            845   9.7e-13   45.1  13.9   1   2   7.6e-06   0.00024   17.3   9.6    13   258   418   670   410   670 0.76 -
NODE_19661_length_9919_cov_32.479633:3000-5468   -            823 17680at7898          -            845   9.7e-13   45.1  13.9   2   2   4.1e-13   1.3e-11   41.4   8.5    48   279   548   785   543   791 0.80 -
NODE_123_length_34103_cov_50.625044:18611-20629  -            673 17680at7898          -            845   1.2e-12   44.8   0.0   1   2   4.8e-06   0.00015   18.0   0.0   512   598    15    98     7   114 0.65 -
NODE_123_length_34103_cov_50.625044:18611-20629  -            673 17680at7898          -            845   1.2e-12   44.8   0.0   2   2   5.1e-08   1.6e-06   24.5   0.0   502   596   292   385   283   397 0.85 -
NODE_9431_length_12816_cov_30.231265:9236-11491  -            752 17680at7898          -            845   1.6e-12   44.4  10.2   1   2   8.5e-08   2.7e-06   23.8   2.6    62   192     7   143     3   169 0.73 -
NODE_9431_length_12816_cov_30.231265:9236-11491  -            752 17680at7898          -            845   1.6e-12   44.4  10.2   2   2   3.5e-08   1.1e-06   25.1   0.9    83   232   331   482   274   494 0.62 -
NODE_19946_length_9860_cov_35.171806:6188-6775   -            196 17680at7898          -            845   1.8e-12   44.2   0.5   1   2     8e-10   2.5e-08   30.5   0.0   181   272    57   149    48   150 0.90 -
NODE_19946_length_9860_cov_35.171806:6188-6775   -            196 17680at7898          -            845   1.8e-12   44.2   0.5   2   2   0.00019    0.0062   12.7   0.1   321   365   151   195   147   196 0.93 -
NODE_179_length_31613_cov_37.840928:27485-27997  -            171 17680at7898          -            845   1.9e-12   44.1   0.0   1   1   6.1e-14   1.9e-12   44.1   0.0   462   582    47   171     3   171 0.79 -
NODE_18600_length_10141_cov_40.330910:593-1309   -            239 17680at7898          -            845   2.1e-12   44.0  13.5   1   1   5.1e-13   1.6e-11   41.1  13.2   199   369    60   234    49   237 0.87 -
NODE_90319_length_4118_cov_34.424235:852-3074    -            741 17680at7898          -            845   2.6e-12   43.7  16.2   1   3   2.3e-08   7.3e-07   25.7   2.8   175   257     4    86     2    93 0.71 -
NODE_90319_length_4118_cov_34.424235:852-3074    -            741 17680at7898          -            845   2.6e-12   43.7  16.2   2   3     0.013      0.43    6.6   0.0   199   287   103   190    86   221 0.88 -
NODE_90319_length_4118_cov_34.424235:852-3074    -            741 17680at7898          -            845   2.6e-12   43.7  16.2   3   3   3.3e-06    0.0001   18.5   2.2     8   183   316   488   311   496 0.73 -
NODE_49757_length_6286_cov_28.536771:4902-5474   -            191 17680at7898          -            845   3.6e-12   43.2   4.9   1   2   6.2e-10     2e-08   30.9   1.1    76   171    39   134    27   143 0.80 -
NODE_49757_length_6286_cov_28.536771:4902-5474   -            191 17680at7898          -            845   3.6e-12   43.2   4.9   2   2   7.8e-05    0.0025   14.0   0.1   320   366   144   190   139   191 0.93 -
NODE_1092_length_22058_cov_27.210119:9565-10269  -            235 17680at7898          -            845   4.8e-12   42.8   0.7   1   1   2.1e-13   6.8e-12   42.3   0.7   109   285    51   225    40   233 0.87 -
NODE_66290_length_5228_cov_21.853773:1178-1768   -            197 17680at7898          -            845   5.1e-12   42.7   0.8   1   1   1.8e-13   5.7e-12   42.6   0.8   119   256    39   178     5   191 0.85 -
NODE_64740_length_5313_cov_34.065593:1417-1980   -            188 17680at7898          -            845   5.5e-12   42.6   9.1   1   1   2.3e-13   7.1e-12   42.2   9.1    35   186     6   162     2   179 0.77 -
NODE_6886_length_14077_cov_35.708256:1375-1977   -            201 17680at7898          -            845   7.7e-12   42.1   4.7   1   1   4.5e-13   1.4e-11   41.2   4.7   119   307     4   192     1   200 0.81 -
NODE_28810_length_8382_cov_22.040444:3549-4082   -            178 17680at7898          -            845   9.7e-12   41.8   0.2   1   2   3.2e-09     1e-07   28.5   0.0   180   272    35   128    25   130 0.91 -
NODE_28810_length_8382_cov_22.040444:3549-4082   -            178 17680at7898          -            845   9.7e-12   41.8   0.2   2   2   4.7e-06   0.00015   18.0   0.1   298   367   105   176   101   178 0.85 -
NODE_295_length_28590_cov_38.267488:18919-21597  -            893 17680at7898          -            845   1.1e-11   41.6   0.0   1   3   0.00032      0.01   12.0   0.0   520   596     5    80     1    84 0.65 -
NODE_295_length_28590_cov_38.267488:18919-21597  -            893 17680at7898          -            845   1.1e-11   41.6   0.0   2   3    0.0024     0.075    9.1   0.0   607   687   394   476   348   482 0.83 -
NODE_295_length_28590_cov_38.267488:18919-21597  -            893 17680at7898          -            845   1.1e-11   41.6   0.0   3   3   1.2e-05   0.00039   16.6   0.0   511   610   791   887   783   892 0.91 -
NODE_5680_length_14850_cov_33.046980:146-1763    -            388 17680at7898          -            845   2.3e-11   40.6   3.5   1   1   9.8e-13   3.1e-11   40.1   3.5    58   254    47   248    30   253 0.77 -
NODE_68324_length_5118_cov_32.153816:3517-4194   -            226 17680at7898          -            845   3.9e-11   39.8   9.0   1   1   3.4e-12   1.1e-10   38.3   8.8    20   189    42   216    24   221 0.86 -
NODE_205259_length_1461_cov_47.371512:230-1081   -            284 17680at7898          -            845   4.5e-11   39.6   8.6   1   1   1.1e-11   3.4e-10   36.7   8.6    59   306    25   282     3   284 0.77 -
NODE_106073_length_3563_cov_46.506928:314-2719   -            269 17680at7898          -            845   6.3e-11   39.1   5.1   1   2   8.2e-09   2.6e-07   27.2   1.0    58   164    68   175    63   186 0.83 -
NODE_106073_length_3563_cov_46.506928:314-2719   -            269 17680at7898          -            845   6.3e-11   39.1   5.1   2   2   1.4e-07   4.4e-06   23.1   0.9    58   162   138   239   137   247 0.81 -
NODE_123_length_34103_cov_50.625044:6500-9115    -            872 17680at7898          -            845   7.2e-11   38.9   0.0   1   3   9.5e-06    0.0003   17.0   0.0   522   596     7    80     1    84 0.73 -
NODE_123_length_34103_cov_50.625044:6500-9115    -            872 17680at7898          -            845   7.2e-11   38.9   0.0   2   3    0.0034      0.11    8.6   0.0   510   597   391   477   379   497 0.79 -
NODE_123_length_34103_cov_50.625044:6500-9115    -            872 17680at7898          -            845   7.2e-11   38.9   0.0   3   3    0.0017     0.053    9.6   0.0   511   593   792   871   775   872 0.85 -
NODE_83438_length_4398_cov_29.933938:1437-3885   -            190 17680at7898          -            845   7.5e-11   38.9   0.3   1   1   3.1e-12   9.8e-11   38.5   0.3   111   243     2   143     1   155 0.83 -
NODE_5280_length_15151_cov_27.032155:4021-4401   -            127 17680at7898          -            845     9e-11   38.6   0.1   1   1   2.9e-12   9.3e-11   38.6   0.1   186   253     2    69     1    96 0.91 -
NODE_10241_length_12483_cov_35.744428:1769-2401  -            211 17680at7898          -            845   1.1e-10   38.3   0.0   1   1   2.9e-11   9.3e-10   35.3   0.0   508   673    25   211     6   211 0.77 -
NODE_517_length_25899_cov_72.245891:12260-12982  -            241 17680at7898          -            845   1.2e-10   38.2   4.6   1   2   5.4e-07   1.7e-05   21.2   2.2    40   145    43   150    36   157 0.81 -
NODE_517_length_25899_cov_72.245891:12260-12982  -            241 17680at7898          -            845   1.2e-10   38.2   4.6   2   2   6.3e-09     2e-07   27.5   1.2    20   117   114   214   112   229 0.88 -
NODE_35568_length_7570_cov_37.859992:537-2027    -            497 17680at7898          -            845   1.2e-10   38.2   0.0   1   1   5.3e-12   1.7e-10   37.7   0.0   502   593   138   233   135   238 0.79 -
NODE_33424_length_7811_cov_26.943465:3623-4228   -            202 17680at7898          -            845   1.2e-10   38.1   0.2   1   1   4.9e-12   1.6e-10   37.8   0.2    82   208    54   187    40   200 0.70 -
NODE_175364_length_1925_cov_2.082147:995-1654    -            220 17680at7898          -            845   1.3e-10   38.0   6.3   1   2   7.8e-06   0.00025   17.3   0.0   113   189    26   104     1   110 0.82 -
NODE_175364_length_1925_cov_2.082147:995-1654    -            220 17680at7898          -            845   1.3e-10   38.0   6.3   2   2   4.3e-09   1.4e-07   28.1   3.8    54   188    84   218    78   220 0.87 -
NODE_1528_length_20633_cov_36.089218:4189-6020   -            328 17680at7898          -            845   2.4e-10   37.2   2.0   1   1   9.3e-12     3e-10   36.9   2.0    84   230    64   210    22   237 0.57 -
NODE_59952_length_5596_cov_37.077497:4622-5482   -            287 17680at7898          -            845   4.3e-10   36.3   1.7   1   1   1.8e-11   5.6e-10   36.0   1.7    23   187    34   203    20   220 0.87 -
NODE_33739_length_7775_cov_42.896170:391-3375    -            187 17680at7898          -            845   5.9e-10   35.9   0.0   1   1   2.3e-11   7.3e-10   35.6   0.0   168   288    20   140     8   153 0.87 -
NODE_22908_length_9301_cov_41.241687:979-1512    -            178 17680at7898          -            845   7.7e-10   35.5   0.0   1   1   2.8e-11     9e-10   35.3   0.0   515   675     3   168     1   176 0.83 -
NODE_61824_length_5485_cov_21.028778:33-909      -            252 17680at7898          -            845     1e-09   35.1   0.3   1   2   1.2e-09   3.7e-08   29.9   0.1   175   279    21   128    13   158 0.66 -
NODE_61824_length_5485_cov_21.028778:33-909      -            252 17680at7898          -            845     1e-09   35.1   0.3   2   2      0.16       5.1    3.0   0.0   610   634   213   237   177   249 0.70 -
NODE_167550_length_2064_cov_28.499237:676-1260   -            195 17680at7898          -            845   2.1e-09   34.1   5.8   1   1   1.1e-10   3.4e-09   33.4   5.8    23   189    13   184     3   195 0.60 -
NODE_4781_length_15593_cov_61.504905:4762-5394   -            211 17680at7898          -            845   2.2e-09   34.0   3.7   1   2   7.8e-11   2.5e-09   33.8   0.4   186   272     5    88     1    96 0.88 -
NODE_4781_length_15593_cov_61.504905:4762-5394   -            211 17680at7898          -            845   2.2e-09   34.0   3.7   2   2      0.06       1.9    4.5   0.1   337   403    82   154    77   193 0.77 -
NODE_26711_length_8675_cov_38.145639:752-1619    -            216 17680at7898          -            845   2.8e-09   33.7   0.7   1   1     1e-10   3.2e-09   33.5   0.7    63   157   122   214    95   216 0.75 -
NODE_1533_length_20617_cov_37.214592:1780-5898   -            289 17680at7898          -            845     3e-09   33.5   3.4   1   2   1.7e-07   5.3e-06   22.8   0.1    62   186    29   151    18   156 0.76 -
NODE_1533_length_20617_cov_37.214592:1780-5898   -            289 17680at7898          -            845     3e-09   33.5   3.4   2   2   0.00013     0.004   13.3   1.0   108   187   140   218   135   281 0.68 -
NODE_9194_length_12908_cov_25.969553:10969-11553 -            195 17680at7898          -            845   3.7e-09   33.3   0.4   1   2   3.1e-10   9.8e-09   31.9   0.0   165   266    30   131    16   140 0.91 -
NODE_9194_length_12908_cov_25.969553:10969-11553 -            195 17680at7898          -            845   3.7e-09   33.3   0.4   2   2       2.8        88   -1.1   0.1   348   365   156   173   150   177 0.78 -
NODE_200146_length_1535_cov_29.974930:107-433    -            109 17680at7898          -            845   6.5e-09   32.5   0.1   1   1   2.4e-10   7.6e-09   32.2   0.1   156   258     2   105     1   108 0.86 -
NODE_33888_length_7758_cov_33.423815:545-2644    -            700 17680at7898          -            845   6.6e-09   32.4  15.8   1   2      0.11       3.5    3.6   0.4    84   208   382   506   371   512 0.67 -
NODE_33888_length_7758_cov_33.423815:545-2644    -            700 17680at7898          -            845   6.6e-09   32.4  15.8   2   2   2.6e-09   8.1e-08   28.8  13.1    21   232   476   698   471   700 0.72 -
NODE_55024_length_5916_cov_224.821042:4308-4898  -            197 17680at7898          -            845   1.1e-08   31.7   1.3   1   1   1.7e-09   5.2e-08   29.5   1.3    21   210     1   196     1   197 0.81 -
NODE_1583_length_20496_cov_27.280384:9926-10465  -            180 17680at7898          -            845   1.1e-08   31.7   0.1   1   1   3.9e-10   1.2e-08   31.5   0.1    60   128    49   118    29   147 0.87 -
NODE_51043_length_6192_cov_38.164287:2004-3509   -            502 17680at7898          -            845   7.3e-08   29.0   0.0   1   1   3.3e-09     1e-07   28.5   0.0   501   595   139   237   128   247 0.75 -
NODE_114125_length_3311_cov_30.417186:1845-2261  -            139 17680at7898          -            845   7.9e-08   28.9   0.7   1   1   3.1e-09   9.7e-08   28.6   0.7   112   236     6   132     2   134 0.87 -
NODE_69_length_37168_cov_36.309747:2046-2438     -            131 17680at7898          -            845   1.2e-07   28.3   0.1   1   1   4.3e-09   1.4e-07   28.1   0.1    61   128    44   112    22   123 0.87 -
NODE_69_length_37168_cov_36.309747:34729-35121   -            131 17680at7898          -            845   1.2e-07   28.3   0.1   1   1   4.3e-09   1.4e-07   28.1   0.1    61   128    44   112    22   123 0.87 -
NODE_123725_length_3041_cov_26.705642:997-1845   -            283 17680at7898          -            845   3.1e-07   26.9   4.2   1   1   1.6e-08   5.1e-07   26.2   3.6    72   248     3   143     1   159 0.32 -
NODE_6301_length_14433_cov_25.772220:3872-11901  -            638 17680at7898          -            845   6.5e-07   25.8   0.0   1   2    0.0048      0.15    8.1   0.0   602   685   241   319   227   330 0.83 -
NODE_6301_length_14433_cov_25.772220:3872-11901  -            638 17680at7898          -            845   6.5e-07   25.8   0.0   2   2     3e-07   9.6e-06   22.0   0.0   461   638   281   446   276   460 0.76 -
NODE_44498_length_6712_cov_26.394526:572-4469    -            564 17680at7898          -            845   1.8e-06   24.4   0.0   1   1   8.8e-08   2.8e-06   23.7   0.0   508   593   205   291   197   318 0.84 -
NODE_60746_length_5548_cov_34.529455:1899-4571   -            891 17680at7898          -            845     2e-06   24.2  23.4   1   3    0.0082      0.26    7.3   0.2   184   256    59   133    28   140 0.80 -
NODE_60746_length_5548_cov_34.529455:1899-4571   -            891 17680at7898          -            845     2e-06   24.2  23.4   2   3   5.6e-07   1.8e-05   21.1   7.3   141   264   301   426   283   525 0.87 -
NODE_60746_length_5548_cov_34.529455:1899-4571   -            891 17680at7898          -            845     2e-06   24.2  23.4   3   3     0.091       2.9    3.8   2.9   289   369   581   662   534   672 0.78 -
NODE_123195_length_3055_cov_22.365359:1190-2364  -            162 17680at7898          -            845     5e-06   22.9   0.7   1   1   1.9e-07     6e-06   22.6   0.7   113   252     2   142     1   150 0.79 -
NODE_42177_length_6918_cov_34.331427:3931-4380   -            150 17680at7898          -            845   1.4e-05   21.5   0.3   1   2   6.9e-05    0.0022   14.2   0.0    84   145     3    66     1    68 0.84 -
NODE_42177_length_6918_cov_34.331427:3931-4380   -            150 17680at7898          -            845   1.4e-05   21.5   0.3   2   2     0.001     0.032   10.3   0.1   322   371    56   105    46   149 0.87 -
NODE_16904_length_10517_cov_29.787003:51-814     -            158 17680at7898          -            845   4.7e-05   19.7   0.0   1   1   1.6e-06     5e-05   19.6   0.0   610   685    19    95     1   120 0.76 -
NODE_48971_length_6346_cov_22.943173:888-4790    -            144 17680at7898          -            845   5.7e-05   19.4   0.1   1   1   2.1e-06   6.7e-05   19.2   0.1   131   240    25   136    10   143 0.75 -
NODE_118464_length_3186_cov_30.150308:732-3073   -            152 17680at7898          -            845   0.00015   18.0   0.5   1   1   5.4e-06   0.00017   17.8   0.5   125   228    37   142    19   152 0.81 -
NODE_1323_length_21210_cov_35.956658:2544-11042  -            696 17680at7898          -            845   0.00017   17.8   5.2   1   1   1.3e-05   0.00041   16.6   5.3   106   295    22   211     8   219 0.78 -
NODE_20575_length_9731_cov_36.245432:267-8684    -            325 17680at7898          -            845    0.0004   16.6   1.5   1   1   1.6e-05    0.0005   16.3   1.5   107   211    80   185    54   217 0.79 -
NODE_25338_length_8897_cov_25.156172:4753-7419   -            197 17680at7898          -            845   0.00063   16.0   0.0   1   1   2.8e-05   0.00087   15.5   0.0   648   730    86   172    71   188 0.72 -
NODE_6602_length_14241_cov_31.071631:3042-9063   -            290 17680at7898          -            845    0.0013   14.9   0.0   1   2   0.00015    0.0046   13.1   0.0   465   594    79   215    74   224 0.62 -
NODE_6602_length_14241_cov_31.071631:3042-9063   -            290 17680at7898          -            845    0.0013   14.9   0.0   2   2     0.021      0.66    6.0   0.0   616   688   151   218   147   260 0.55 -
NODE_337_length_27941_cov_35.159723:1795-2505    -            237 17680at7898          -            845    0.0026   13.9   0.0   1   1   0.00011    0.0036   13.5   0.0   320   380    54   114    50   138 0.79 -
NODE_7145_length_13935_cov_37.670931:6498-7496   -            282 17680at7898          -            845    0.0071   12.5   0.0   1   2      0.34        11    2.0   0.0   460   536    91   169    78   182 0.76 -
NODE_7145_length_13935_cov_37.670931:6498-7496   -            282 17680at7898          -            845    0.0071   12.5   0.0   2   2    0.0013     0.041   10.0   0.0   648   698   196   244   152   276 0.61 -
NODE_62468_length_5447_cov_30.548990:785-4848    -            365 17680at7898          -            845    0.0091   12.1   0.0   1   2      0.98        31    0.4   0.0   650   666   120   136    66   176 0.88 -
NODE_62468_length_5447_cov_30.548990:785-4848    -            365 17680at7898          -            845    0.0091   12.1   0.0   2   2    0.0016     0.052    9.6   0.0   557   590   328   361   254   365 0.70 -
NODE_7886_length_13549_cov_35.021933:10821-13136 -            144 17680at7898          -            845     0.011   11.9   0.0   1   1    0.0004     0.013   11.6   0.0   606   669    58   121    52   136 0.84 -
NODE_114250_length_3307_cov_34.437344:550-2708   -            174 17680at7898          -            845     0.013   11.6   0.0   1   1   0.00044     0.014   11.5   0.0   413   501    23   119    12   164 0.74 -
NODE_41295_length_6997_cov_34.772108:2726-6626   -            389 17680at7898          -            845     0.014   11.5   0.5   1   1   0.00069     0.022   10.9   0.2   351   388    12    53     5    74 0.72 -
NODE_21499_length_9556_cov_75.452786:1356-5146   -            290 17680at7898          -            845     0.023   10.8   0.0   1   1    0.0011     0.034   10.2   0.0   448   543    52   149    46   159 0.73 -
NODE_39625_length_7157_cov_39.411448:2220-4333   -            390 17680at7898          -            845     0.051    9.6   0.1   1   1    0.0027     0.086    8.9   0.1   351   388    11    52     4    76 0.71 -
NODE_6147_length_14535_cov_32.857301:3993-6382   -            382 17680at7898          -            845     0.055    9.5   0.9   1   1    0.0023     0.072    9.2   0.9   351   436     5    98     1   104 0.65 -
#
# Program:         hmmsearch
# Version:         3.1b2 (February 2015)
# Pipeline mode:   SEARCH
# Query file:      /home/e1garcia/shotgun_PIRE/abyss/busco_downloads/lineages/actinopterygii_odb10/hmms/17680at7898.hmm
# Target file:     /home/e1garcia/shotgun_PIRE/pire_ssl_data_processing/plotosus_lineatus/busco_scaffolds_results-SPAdes_decontam_R1R2_noIsolate/run_actinopterygii_odb10/metaeuk_output/initial_results/scaffolds.modified.fasta.modified.fas
# Option settings: hmmsearch --domtblout /home/e1garcia/shotgun_PIRE/pire_ssl_data_processing/plotosus_lineatus/busco_scaffolds_results-SPAdes_decontam_R1R2_noIsolate/run_actinopterygii_odb10/hmmer_output/initial_run_results/17680at7898.out --cpu 1 /home/e1garcia/shotgun_PIRE/abyss/busco_downloads/lineages/actinopterygii_odb10/hmms/17680at7898.hmm /home/e1garcia/shotgun_PIRE/pire_ssl_data_processing/plotosus_lineatus/busco_scaffolds_results-SPAdes_decontam_R1R2_noIsolate/run_actinopterygii_odb10/metaeuk_output/initial_results/scaffolds.modified.fasta.modified.fas 
# Current dir:     /home/e1garcia/shotgun_PIRE/pire_ssl_data_processing/plotosus_lineatus
# Date:            Fri Aug 20 13:30:05 2021
# [ok]
