#                                                                                                        --- full sequence --- -------------- this domain -------------   hmm coord   ali coord   env coord
# target name                                    accession   tlen query name           accession   qlen   E-value  score  bias   #  of  c-Evalue  i-Evalue  score  bias  from    to  from    to  from    to  acc description of target
#                            ------------------- ---------- ----- -------------------- ---------- ----- --------- ------ ----- --- --- --------- --------- ------ ----- ----- ----- ----- ----- ----- ----- ---- ---------------------
NODE_3811_length_16569_cov_31.751973:9770-10927  -            386 20480at7898          -            692   7.5e-24   82.4  17.6   1   7    0.0032      0.48    7.1   0.1   511   558    39    90    12    92 0.82 -
NODE_3811_length_16569_cov_31.751973:9770-10927  -            386 20480at7898          -            692   7.5e-24   82.4  17.6   2   7   1.1e-07   1.6e-05   21.8   0.1   492   557    86   155    77   156 0.86 -
NODE_3811_length_16569_cov_31.751973:9770-10927  -            386 20480at7898          -            692   7.5e-24   82.4  17.6   3   7   2.7e-08     4e-06   23.9   0.3   502   579   129   209   123   215 0.82 -
NODE_3811_length_16569_cov_31.751973:9770-10927  -            386 20480at7898          -            692   7.5e-24   82.4  17.6   4   7   9.1e-07   0.00014   18.8   0.1   497   574   157   237   149   244 0.79 -
NODE_3811_length_16569_cov_31.751973:9770-10927  -            386 20480at7898          -            692   7.5e-24   82.4  17.6   5   7     4e-05     0.006   13.4   0.3   475   558   203   288   195   293 0.73 -
NODE_3811_length_16569_cov_31.751973:9770-10927  -            386 20480at7898          -            692   7.5e-24   82.4  17.6   6   7   1.4e-06   0.00021   18.2   0.3   478   528   272   321   262   330 0.85 -
NODE_3811_length_16569_cov_31.751973:9770-10927  -            386 20480at7898          -            692   7.5e-24   82.4  17.6   7   7   3.2e-12   4.9e-10   36.8   2.7   473   556   300   386   290   386 0.87 -
NODE_768_length_23726_cov_56.450629:5341-6441    -            367 20480at7898          -            692   1.6e-22   78.0  11.4   1   5    0.0083       1.2    5.7   0.0   472   527    31    85    13    87 0.77 -
NODE_768_length_23726_cov_56.450629:5341-6441    -            367 20480at7898          -            692   1.6e-22   78.0  11.4   2   5   6.4e-06   0.00097   16.0   0.0   473   530    65   122    64   127 0.86 -
NODE_768_length_23726_cov_56.450629:5341-6441    -            367 20480at7898          -            692   1.6e-22   78.0  11.4   3   5   5.6e-11   8.4e-09   32.7   0.5   495   589   120   218   113   230 0.82 -
NODE_768_length_23726_cov_56.450629:5341-6441    -            367 20480at7898          -            692   1.6e-22   78.0  11.4   4   5   4.2e-06   0.00063   16.6   0.2   498   578   191   274   190   276 0.81 -
NODE_768_length_23726_cov_56.450629:5341-6441    -            367 20480at7898          -            692   1.6e-22   78.0  11.4   5   5   5.4e-10   8.2e-08   29.4   0.6   472   561   266   359   259   364 0.91 -
NODE_61348_length_5512_cov_34.228709:397-4590    -            204 20480at7898          -            692   5.1e-17   59.9   5.0   1   3   8.3e-07   0.00012   18.9   0.1   477   533     3    58     1    66 0.90 -
NODE_61348_length_5512_cov_34.228709:397-4590    -            204 20480at7898          -            692   5.1e-17   59.9   5.0   2   3   3.5e-10   5.3e-08   30.1   0.1   509   558    68   122    60   131 0.85 -
NODE_61348_length_5512_cov_34.228709:397-4590    -            204 20480at7898          -            692   5.1e-17   59.9   5.0   3   3   6.7e-05      0.01   12.6   0.2   473   528   134   190   126   195 0.91 -
NODE_23148_length_9255_cov_34.523373:5680-6744   -            355 20480at7898          -            692   1.5e-14   51.7   4.4   1   5    0.0031      0.46    7.1   0.0   490   577     6    98     3   108 0.66 -
NODE_23148_length_9255_cov_34.523373:5680-6744   -            355 20480at7898          -            692   1.5e-14   51.7   4.4   2   5   3.3e-08   4.9e-06   23.6   0.7   473   559    92   183    85   197 0.78 -
NODE_23148_length_9255_cov_34.523373:5680-6744   -            355 20480at7898          -            692   1.5e-14   51.7   4.4   3   5   0.00088      0.13    8.9   0.1   504   561   157   218   140   234 0.78 -
NODE_23148_length_9255_cov_34.523373:5680-6744   -            355 20480at7898          -            692   1.5e-14   51.7   4.4   4   5     0.001      0.16    8.7   0.0   503   578   189   267   182   272 0.78 -
NODE_23148_length_9255_cov_34.523373:5680-6744   -            355 20480at7898          -            692   1.5e-14   51.7   4.4   5   5   1.2e-06   0.00018   18.4   0.0   446   559   233   351   225   354 0.76 -
NODE_12202_length_11804_cov_29.004870:4916-5899  -            328 20480at7898          -            692   2.7e-14   50.9   2.3   1   4   0.00063     0.095    9.4   0.0   506   559    25    82    15    90 0.82 -
NODE_12202_length_11804_cov_29.004870:4916-5899  -            328 20480at7898          -            692   2.7e-14   50.9   2.3   2   4   1.9e-05    0.0028   14.4   0.0   500   558    85   148    81   150 0.82 -
NODE_12202_length_11804_cov_29.004870:4916-5899  -            328 20480at7898          -            692   2.7e-14   50.9   2.3   3   4   2.2e-07   3.3e-05   20.8   0.1   489   587   141   241   139   254 0.81 -
NODE_12202_length_11804_cov_29.004870:4916-5899  -            328 20480at7898          -            692   2.7e-14   50.9   2.3   4   4    0.0013       0.2    8.4   0.0   471   532   256   316   250   320 0.88 -
NODE_5008_length_15369_cov_38.484086:3003-4001   -            333 20480at7898          -            692   2.5e-13   47.7  10.9   1   4    0.0047       0.7    6.5   0.9   499   575     3    86     1    97 0.72 -
NODE_5008_length_15369_cov_38.484086:3003-4001   -            333 20480at7898          -            692   2.5e-13   47.7  10.9   2   4   1.5e-08   2.2e-06   24.7   0.0   468   528   110   169   104   177 0.88 -
NODE_5008_length_15369_cov_38.484086:3003-4001   -            333 20480at7898          -            692   2.5e-13   47.7  10.9   3   4   0.00011     0.017   11.9   0.0   504   578   178   254   169   268 0.80 -
NODE_5008_length_15369_cov_38.484086:3003-4001   -            333 20480at7898          -            692   2.5e-13   47.7  10.9   4   4   0.00073      0.11    9.2   0.2   470   527   277   333   266   333 0.62 -
NODE_23148_length_9255_cov_34.523373:5332-6360   -            343 20480at7898          -            692   1.5e-11   41.7   4.9   1   4   4.4e-05    0.0066   13.2   0.1   486   586    44   154    25   157 0.77 -
NODE_23148_length_9255_cov_34.523373:5332-6360   -            343 20480at7898          -            692   1.5e-11   41.7   4.9   2   4    0.0024      0.36    7.5   0.0   489   556   121   195   109   222 0.66 -
NODE_23148_length_9255_cov_34.523373:5332-6360   -            343 20480at7898          -            692   1.5e-11   41.7   4.9   3   4   3.6e-08   5.4e-06   23.4   0.5   473   558   208   298   201   301 0.77 -
NODE_23148_length_9255_cov_34.523373:5332-6360   -            343 20480at7898          -            692   1.5e-11   41.7   4.9   4   4   0.00099      0.15    8.7   0.1   503   560   272   333   255   343 0.78 -
NODE_3974_length_16373_cov_30.217279:3215-5047   -            611 20480at7898          -            692   1.6e-10   38.3   4.1   1   5     0.042       6.3    3.4   0.1   532   562    73   103    35   108 0.88 -
NODE_3974_length_16373_cov_30.217279:3215-5047   -            611 20480at7898          -            692   1.6e-10   38.3   4.1   2   5   2.5e-05    0.0038   14.0   0.5   489   558    92   165    89   167 0.86 -
NODE_3974_length_16373_cov_30.217279:3215-5047   -            611 20480at7898          -            692   1.6e-10   38.3   4.1   3   5   3.1e-08   4.6e-06   23.6   0.1   469   557   139   229   135   241 0.86 -
NODE_3974_length_16373_cov_30.217279:3215-5047   -            611 20480at7898          -            692   1.6e-10   38.3   4.1   4   5      0.38        57    0.2   0.0   501   521   471   491   456   501 0.64 -
NODE_3974_length_16373_cov_30.217279:3215-5047   -            611 20480at7898          -            692   1.6e-10   38.3   4.1   5   5     0.056       8.4    3.0   0.1   492   528   508   544   504   550 0.87 -
NODE_278_length_28962_cov_38.794962:18985-21039  -            610 20480at7898          -            692     2e-10   38.1   4.6   1   4   4.3e-05    0.0065   13.2   0.9   506   588    76   160    30   162 0.81 -
NODE_278_length_28962_cov_38.794962:18985-21039  -            610 20480at7898          -            692     2e-10   38.1   4.6   2   4   2.9e-08   4.4e-06   23.7   0.1   466   559   136   231   133   245 0.86 -
NODE_278_length_28962_cov_38.794962:18985-21039  -            610 20480at7898          -            692     2e-10   38.1   4.6   3   4       3.9   5.9e+02   -3.1   0.0   519   544   459   484   456   492 0.81 -
NODE_278_length_28962_cov_38.794962:18985-21039  -            610 20480at7898          -            692     2e-10   38.1   4.6   4   4    0.0069         1    5.9   0.0   537   580   523   564   495   584 0.75 -
NODE_12202_length_11804_cov_29.004870:5342-5953  -            204 20480at7898          -            692   2.5e-10   37.7   1.0   1   3   0.00034     0.051   10.3   0.0   505   558    42    99    24   103 0.83 -
NODE_12202_length_11804_cov_29.004870:5342-5953  -            204 20480at7898          -            692   2.5e-10   37.7   1.0   2   3   7.5e-06    0.0011   15.8   0.0   500   558   103   166    99   169 0.82 -
NODE_12202_length_11804_cov_29.004870:5342-5953  -            204 20480at7898          -            692   2.5e-10   37.7   1.0   3   3   3.7e-05    0.0056   13.5   0.1   490   529   160   199   159   203 0.92 -
NODE_122267_length_3080_cov_28.986246:1066-2443  -            225 20480at7898          -            692   5.9e-10   36.5   0.3   1   1   5.1e-12   7.7e-10   36.1   0.3   474   577    65   170    55   178 0.86 -
NODE_9878_length_12625_cov_65.441083:6486-11391  -            186 20480at7898          -            692   1.1e-09   35.6   8.3   1   2   7.1e-09   1.1e-06   25.7   0.3   475   530     3    57     1    63 0.91 -
NODE_9878_length_12625_cov_65.441083:6486-11391  -            186 20480at7898          -            692   1.1e-09   35.6   8.3   2   2   3.5e-05    0.0052   13.6   2.7   468   578    68   180    59   184 0.84 -
NODE_51441_length_6165_cov_28.965051:1691-4463   -            179 20480at7898          -            692     2e-09   34.7   0.5   1   1   7.9e-11   1.2e-08   32.2   0.5   450   558    14   130     2   169 0.73 -
NODE_31201_length_8071_cov_48.009032:975-6551    -            342 20480at7898          -            692     4e-09   33.8  10.4   1   3   0.00023     0.035   10.8   0.9   505   541   155   195   146   204 0.75 -
NODE_31201_length_8071_cov_48.009032:975-6551    -            342 20480at7898          -            692     4e-09   33.8  10.4   2   3   6.2e-07   9.4e-05   19.3   0.2   491   530   206   246   187   249 0.86 -
NODE_31201_length_8071_cov_48.009032:975-6551    -            342 20480at7898          -            692     4e-09   33.8  10.4   3   3   1.2e-07   1.7e-05   21.7   2.1   475   577   225   336   225   341 0.75 -
NODE_5918_length_14679_cov_40.477298:4678-5085   -            136 20480at7898          -            692   5.1e-09   33.4   0.1   1   1   4.1e-11   6.2e-09   33.1   0.1   470   529    34    94    16   102 0.88 -
NODE_12091_length_11838_cov_53.144135:348-851    -            168 20480at7898          -            692   1.1e-08   32.3   1.0   1   2   1.5e-08   2.3e-06   24.7   0.1   496   559    24    91     1    94 0.82 -
NODE_12091_length_11838_cov_53.144135:348-851    -            168 20480at7898          -            692   1.1e-08   32.3   1.0   2   2   5.2e-05    0.0078   13.0   0.1   505   579    66   140    58   151 0.83 -
NODE_128495_length_2914_cov_32.075666:771-2216   -            259 20480at7898          -            692   1.2e-08   32.1   7.9   1   2   4.3e-07   6.5e-05   19.9   1.6   506   578    42   117    12   128 0.77 -
NODE_128495_length_2914_cov_32.075666:771-2216   -            259 20480at7898          -            692   1.2e-08   32.1   7.9   2   2   1.6e-05    0.0025   14.6   0.5   471   543   141   224   134   233 0.71 -
NODE_70106_length_5024_cov_31.899492:2048-2443   -            132 20480at7898          -            692   2.8e-08   31.0   0.0   1   1   2.8e-10   4.2e-08   30.4   0.0   472   531    35    99    19   128 0.89 -
NODE_102501_length_3680_cov_31.234292:472-840    -            123 20480at7898          -            692   3.9e-08   30.5   0.0   1   2   1.6e-05    0.0024   14.7   0.0   467   527    21    87     7    89 0.77 -
NODE_102501_length_3680_cov_31.234292:472-840    -            123 20480at7898          -            692   3.9e-08   30.5   0.0   2   2     4e-07     6e-05   20.0   0.0   471   529    64   122    58   123 0.93 -
NODE_57585_length_5743_cov_39.389617:3004-3456   -            151 20480at7898          -            692   6.2e-08   29.8   0.7   1   2    0.0061      0.93    6.1   0.0   498   530    17    51     6    76 0.79 -
NODE_57585_length_5743_cov_39.389617:3004-3456   -            151 20480at7898          -            692   6.2e-08   29.8   0.7   2   2   5.5e-08   8.4e-06   22.8   0.2   471   528    93   149    64   151 0.86 -
NODE_70315_length_5013_cov_29.526048:2685-4541   -            353 20480at7898          -            692   1.8e-07   28.3   7.1   1   2   2.7e-06   0.00041   17.2   1.5   507   576    43   113    24   126 0.80 -
NODE_70315_length_5013_cov_29.526048:2685-4541   -            353 20480at7898          -            692   1.8e-07   28.3   7.1   2   2   2.2e-05    0.0032   14.2   0.5   466   547   134   229   120   252 0.76 -
NODE_2130_length_19122_cov_43.022920:8326-16245  -            584 20480at7898          -            692   7.2e-07   26.3   0.0   1   1   7.1e-09   1.1e-06   25.7   0.0   477   579    38   142    35   162 0.83 -
NODE_15819_length_10777_cov_31.810826:5199-5555  -            119 20480at7898          -            692   3.9e-06   23.9   0.1   1   2      0.21        31    1.1   0.0   545   579     3    37     1    47 0.83 -
NODE_15819_length_10777_cov_31.810826:5199-5555  -            119 20480at7898          -            692   3.9e-06   23.9   0.1   2   2   4.3e-08   6.4e-06   23.2   0.1   476   551    33   114    14   119 0.73 -
NODE_35726_length_7553_cov_37.309364:4882-6134   -            289 20480at7898          -            692   4.5e-06   23.7   0.4   1   2     0.002       0.3    7.7   0.2   495   529    42    75    34    84 0.86 -
NODE_35726_length_7553_cov_37.309364:4882-6134   -            289 20480at7898          -            692   4.5e-06   23.7   0.4   2   2   2.3e-05    0.0034   14.2   0.0   474   579    87   192    77   210 0.75 -
NODE_5352_length_15096_cov_30.870174:199-631     -            117 20480at7898          -            692   1.1e-05   22.5   0.8   1   1   8.6e-08   1.3e-05   22.2   0.8   504   565    26    90     1   109 0.48 -
NODE_104309_length_3620_cov_33.763135:323-784    -            154 20480at7898          -            692   1.7e-05   21.8   0.1   1   1   1.4e-07   2.1e-05   21.5   0.1   471   534    34   102    16   113 0.85 -
NODE_82832_length_4424_cov_31.915376:1585-3028   -            120 20480at7898          -            692   2.8e-05   21.0   0.0   1   2   1.7e-05    0.0026   14.6   0.0   477   558     4    89     1    90 0.87 -
NODE_82832_length_4424_cov_31.915376:1585-3028   -            120 20480at7898          -            692   2.8e-05   21.0   0.0   2   2     0.001      0.15    8.7   0.1   489   527    82   120    80   120 0.92 -
NODE_26963_length_8640_cov_28.458494:4685-7515   -            633 20480at7898          -            692   4.1e-05   20.5   3.7   1   2    0.0014      0.21    8.2   0.1   489   557   109   181    92   183 0.78 -
NODE_26963_length_8640_cov_28.458494:4685-7515   -            633 20480at7898          -            692   4.1e-05   20.5   3.7   2   2   1.9e-05    0.0028   14.5   0.8   489   559   175   248   157   260 0.87 -
NODE_15818_length_10777_cov_34.325248:8156-9171  -            322 20480at7898          -            692   8.9e-05   19.4   0.5   1   2   5.4e-06   0.00081   16.2   0.1   477   559    33   123    30   133 0.88 -
NODE_15818_length_10777_cov_34.325248:8156-9171  -            322 20480at7898          -            692   8.9e-05   19.4   0.5   2   2   0.00085      0.13    9.0   0.0   496   559    89   156    88   164 0.87 -
NODE_7699_length_13646_cov_39.873994:1314-10568  -            890 20480at7898          -            692   0.00012   18.9   0.7   1   3       7.4   1.1e+03   -4.1   0.4   630   682   378   428   366   434 0.72 -
NODE_7699_length_13646_cov_39.873994:1314-10568  -            890 20480at7898          -            692   0.00012   18.9   0.7   2   3      0.29        44    0.6   0.0   448   510   675   738   662   749 0.76 -
NODE_7699_length_13646_cov_39.873994:1314-10568  -            890 20480at7898          -            692   0.00012   18.9   0.7   3   3   8.2e-07   0.00012   18.9   0.7   465   558   761   862   738   867 0.82 -
NODE_36929_length_7421_cov_36.940453:1977-3017   -            347 20480at7898          -            692   0.00016   18.6   0.0   1   1   1.5e-06   0.00022   18.1   0.0   471   528   183   245   166   254 0.85 -
NODE_88013_length_4206_cov_109.858047:815-1087   -             91 20480at7898          -            692   0.00016   18.5   1.5   1   1   1.3e-06    0.0002   18.2   1.5   472   551     5    87     2    91 0.68 -
NODE_14990_length_10994_cov_36.057458:2574-10048 -            319 20480at7898          -            692   0.00036   17.4   0.1   1   1   3.5e-06   0.00052   16.9   0.1   506   559    60   120    19   168 0.79 -
NODE_43542_length_6794_cov_27.685586:2809-3186   -            126 20480at7898          -            692     0.001   15.9   1.2   1   1   8.1e-06    0.0012   15.6   1.2   474   558     3    92     1    98 0.86 -
NODE_7538_length_13721_cov_32.122376:2578-2928   -            117 20480at7898          -            692    0.0031   14.3   0.0   1   1   2.7e-05    0.0041   13.9   0.0   467   543    15   103     4   116 0.72 -
NODE_2319_length_18747_cov_45.679858:2914-14685  -           1832 20480at7898          -            692    0.0043   13.8   0.0   1   1   4.7e-05     0.007   13.1   0.0   466   510    29    72    20   103 0.88 -
NODE_63577_length_5382_cov_78.480030:1360-4649   -            351 20480at7898          -            692    0.0047   13.7   0.2   1   1   4.3e-05    0.0065   13.2   0.2   449   533    22   105     8   122 0.80 -
NODE_14353_length_11168_cov_42.999277:964-1581   -            206 20480at7898          -            692     0.013   12.3   0.1   1   1   0.00011     0.017   11.9   0.1   471   531   110   175    88   180 0.74 -
NODE_9819_length_12645_cov_39.796987:1523-11515  -            369 20480at7898          -            692     0.033   10.9   0.0   1   1   0.00028     0.043   10.5   0.0   469   534   183   247   140   317 0.87 -
#
# Program:         hmmsearch
# Version:         3.1b2 (February 2015)
# Pipeline mode:   SEARCH
# Query file:      /home/e1garcia/shotgun_PIRE/abyss/busco_downloads/lineages/actinopterygii_odb10/hmms/20480at7898.hmm
# Target file:     /home/e1garcia/shotgun_PIRE/pire_ssl_data_processing/plotosus_lineatus/busco_scaffolds_results-SPAdes_decontam_R1R2_noIsolate/run_actinopterygii_odb10/metaeuk_output/initial_results/scaffolds.modified.fasta.modified.fas
# Option settings: hmmsearch --domtblout /home/e1garcia/shotgun_PIRE/pire_ssl_data_processing/plotosus_lineatus/busco_scaffolds_results-SPAdes_decontam_R1R2_noIsolate/run_actinopterygii_odb10/hmmer_output/initial_run_results/20480at7898.out --cpu 1 /home/e1garcia/shotgun_PIRE/abyss/busco_downloads/lineages/actinopterygii_odb10/hmms/20480at7898.hmm /home/e1garcia/shotgun_PIRE/pire_ssl_data_processing/plotosus_lineatus/busco_scaffolds_results-SPAdes_decontam_R1R2_noIsolate/run_actinopterygii_odb10/metaeuk_output/initial_results/scaffolds.modified.fasta.modified.fas 
# Current dir:     /home/e1garcia/shotgun_PIRE/pire_ssl_data_processing/plotosus_lineatus
# Date:            Fri Aug 20 13:16:49 2021
# [ok]
