#                                                                                                        --- full sequence --- -------------- this domain -------------   hmm coord   ali coord   env coord
# target name                                    accession   tlen query name           accession   qlen   E-value  score  bias   #  of  c-Evalue  i-Evalue  score  bias  from    to  from    to  from    to  acc description of target
#                            ------------------- ---------- ----- -------------------- ---------- ----- --------- ------ ----- --- --- --------- --------- ------ ----- ----- ----- ----- ----- ----- ----- ---- ---------------------
NODE_38301_length_7288_cov_25.503130:2552-3940   -            463 25785at7898          -            619  1.8e-298  989.4   3.3   1   1  5.9e-300  2.1e-298  989.3   3.3     4   443     8   463     1   463 0.97 -
NODE_10120_length_12532_cov_37.345049:9269-10666 -            466 25785at7898          -            619  1.8e-257  854.0   0.4   1   1  6.3e-259  2.2e-257  853.8   0.4     4   443     8   466     5   466 0.96 -
NODE_13581_length_11383_cov_26.684864:2782-5970  -            678 25785at7898          -            619  2.1e-244  810.9   1.8   1   1    8e-246  2.8e-244  810.5   1.8     4   540     8   556     5   575 0.96 -
NODE_7739_length_13622_cov_40.676181:4588-5961   -            458 25785at7898          -            619  7.9e-196  650.4   2.0   1   1  2.5e-197  8.7e-196  650.3   2.0     4   443     8   458     1   458 0.95 -
NODE_95305_length_3931_cov_25.043580:1987-3363   -            459 25785at7898          -            619  6.5e-187  621.0   1.1   1   1  2.3e-188    8e-187  620.7   1.1     5   443     9   459     6   459 0.94 -
NODE_8532_length_13223_cov_30.661689:624-1985    -            454 25785at7898          -            619  2.1e-185  616.0   0.2   1   1  6.7e-187  2.3e-185  615.8   0.2     6   443    10   454     1   454 0.95 -
NODE_82861_length_4423_cov_28.369103:1532-2920   -            463 25785at7898          -            619  7.7e-175  581.1   0.8   1   1  3.5e-174  1.2e-172  573.8   0.8    15   445     1   463     1   463 0.89 -
NODE_57133_length_5774_cov_74.376035:3107-4492   -            462 25785at7898          -            619  1.8e-174  579.9   1.1   1   1  5.8e-174    2e-172  573.1   1.1    16   443     1   462     1   462 0.88 -
NODE_47686_length_6445_cov_31.015916:2924-4300   -            459 25785at7898          -            619  3.1e-172  572.5   0.4   1   1  1.1e-173  3.7e-172  572.3   0.4     4   443     9   459     6   459 0.96 -
NODE_47880_length_6429_cov_29.033649:4466-6019   -            518 25785at7898          -            619   3.9e-62  208.8   7.4   1   3     1e-17   3.6e-16   57.0   0.6    15   133    15   131     1   135 0.90 -
NODE_47880_length_6429_cov_29.033649:4466-6019   -            518 25785at7898          -            619   3.9e-62  208.8   7.4   2   3   3.8e-13   1.3e-11   41.9   0.8   102   196   124   221   122   234 0.88 -
NODE_47880_length_6429_cov_29.033649:4466-6019   -            518 25785at7898          -            619   3.9e-62  208.8   7.4   3   3   1.8e-38   6.1e-37  125.6   0.1    71   361   189   486   189   518 0.88 -
NODE_31005_length_8092_cov_36.001877:4344-6518   -            725 25785at7898          -            619   2.1e-61  206.4  66.8   1   6   5.2e-11   1.8e-09   34.8   2.9   100   179     2    81     1    82 0.97 -
NODE_31005_length_8092_cov_36.001877:4344-6518   -            725 25785at7898          -            619   2.1e-61  206.4  66.8   2   6   3.5e-11   1.2e-09   35.4  10.4    90   206    64   182    62   189 0.87 -
NODE_31005_length_8092_cov_36.001877:4344-6518   -            725 25785at7898          -            619   2.1e-61  206.4  66.8   3   6   2.8e-18   9.9e-17   58.8   5.2    52   176   262   387   233   388 0.91 -
NODE_31005_length_8092_cov_36.001877:4344-6518   -            725 25785at7898          -            619   2.1e-61  206.4  66.8   4   6   8.1e-12   2.8e-10   37.5   4.5    52   140   383   471   378   479 0.90 -
NODE_31005_length_8092_cov_36.001877:4344-6518   -            725 25785at7898          -            619   2.1e-61  206.4  66.8   5   6   1.6e-21   5.7e-20   69.5  10.5    47   206   474   636   466   639 0.95 -
NODE_31005_length_8092_cov_36.001877:4344-6518   -            725 25785at7898          -            619   2.1e-61  206.4  66.8   6   6     0.002     0.072    9.8   0.1    91   129   638   676   635   685 0.68 -
NODE_43442_length_6803_cov_28.154236:909-2426    -            506 25785at7898          -            619   1.2e-57  194.0   9.3   1   2   1.8e-24   6.3e-23   79.3   1.9    15   196    17   199     4   207 0.93 -
NODE_43442_length_6803_cov_28.154236:909-2426    -            506 25785at7898          -            619   1.2e-57  194.0   9.3   2   2   6.2e-39   2.2e-37  127.1   2.0    60   359   180   488   179   501 0.86 -
NODE_17441_length_10396_cov_28.782170:4646-6043  -            466 25785at7898          -            619   2.3e-54  183.1  11.2   1   4   6.4e-16   2.2e-14   51.1   1.6    14   142     2   128     1   128 0.96 -
NODE_17441_length_10396_cov_28.782170:4646-6043  -            466 25785at7898          -            619   2.3e-54  183.1  11.2   2   4   2.3e-11   8.1e-10   36.0   0.1    67   176   101   210   100   219 0.95 -
NODE_17441_length_10396_cov_28.782170:4646-6043  -            466 25785at7898          -            619   2.3e-54  183.1  11.2   3   4   1.4e-10   4.9e-09   33.4   0.3    55   148   233   326   223   329 0.93 -
NODE_17441_length_10396_cov_28.782170:4646-6043  -            466 25785at7898          -            619   2.3e-54  183.1  11.2   4   4   9.8e-25   3.4e-23   80.2   0.0   222   351   326   466   324   466 0.82 -
NODE_9026_length_12988_cov_25.245403:5518-6741   -            408 25785at7898          -            619   1.3e-52  177.3  14.9   1   3   4.6e-26   1.6e-24   84.6   0.5     4   151     1   146     1   150 0.95 -
NODE_9026_length_12988_cov_25.245403:5518-6741   -            408 25785at7898          -            619   1.3e-52  177.3  14.9   2   3   1.3e-10   4.6e-09   33.5   1.4    83   195   151   264   148   267 0.78 -
NODE_9026_length_12988_cov_25.245403:5518-6741   -            408 25785at7898          -            619   1.3e-52  177.3  14.9   3   3   3.5e-21   1.2e-19   68.4   1.4   226   353   266   400   262   408 0.84 -
NODE_54106_length_5980_cov_27.937426:2141-3364   -            408 25785at7898          -            619   8.8e-52  174.6  12.4   1   3   2.2e-24   7.7e-23   79.0   0.1     4   150     1   145     1   149 0.96 -
NODE_54106_length_5980_cov_27.937426:2141-3364   -            408 25785at7898          -            619   8.8e-52  174.6  12.4   2   3   3.3e-11   1.2e-09   35.5   1.0    83   195   151   264   147   267 0.90 -
NODE_54106_length_5980_cov_27.937426:2141-3364   -            408 25785at7898          -            619   8.8e-52  174.6  12.4   3   3   5.2e-21   1.8e-19   67.9   1.1   226   356   266   403   261   408 0.84 -
NODE_11419_length_12059_cov_32.340134:3371-4615  -            415 25785at7898          -            619   6.3e-46  155.3   7.1   1   3     2e-22     7e-21   72.5   0.0    13   174    17   177     5   189 0.91 -
NODE_11419_length_12059_cov_32.340134:3371-4615  -            415 25785at7898          -            619   6.3e-46  155.3   7.1   2   3     6e-10   2.1e-08   31.3   0.2    95   177   192   274   186   276 0.94 -
NODE_11419_length_12059_cov_32.340134:3371-4615  -            415 25785at7898          -            619   6.3e-46  155.3   7.1   3   3   1.2e-17   4.1e-16   56.8   1.3   223   355   270   409   265   415 0.84 -
NODE_1773_length_19990_cov_42.323865:16780-18567 -            596 25785at7898          -            619   6.8e-45  151.9   0.9   1   3   3.6e-19   1.2e-17   61.8   0.4    16   160     2   155     1   169 0.87 -
NODE_1773_length_19990_cov_42.323865:16780-18567 -            596 25785at7898          -            619   6.8e-45  151.9   0.9   2   3   2.1e-26   7.5e-25   85.7   0.1    56   360   171   487   159   504 0.80 -
NODE_1773_length_19990_cov_42.323865:16780-18567 -            596 25785at7898          -            619   6.8e-45  151.9   0.9   3   3      0.82        29    1.2   0.0   403   468   507   572   488   589 0.77 -
NODE_35899_length_7535_cov_29.740990:737-1831    -            365 25785at7898          -            619   2.5e-44  150.0   3.8   1   3   3.4e-06   0.00012   18.9   0.2    56   159     1   104     1   105 0.83 -
NODE_35899_length_7535_cov_29.740990:737-1831    -            365 25785at7898          -            619   2.5e-44  150.0   3.8   2   3   1.3e-12   4.5e-11   40.1   0.3    53   149    94   190    88   192 0.95 -
NODE_35899_length_7535_cov_29.740990:737-1831    -            365 25785at7898          -            619   2.5e-44  150.0   3.8   3   3   4.5e-29   1.6e-27   94.5   0.0   222   354   189   332   184   344 0.85 -
NODE_179_length_31613_cov_37.840928:28136-29329  -            398 25785at7898          -            619   6.8e-42  142.0   0.0   1   5   9.1e-05    0.0032   14.2   0.0   326   370     1    46     1    52 0.89 -
NODE_179_length_31613_cov_37.840928:28136-29329  -            398 25785at7898          -            619   6.8e-42  142.0   0.0   2   5   7.7e-11   2.7e-09   34.3   0.0   266   369    33   148    30   155 0.84 -
NODE_179_length_31613_cov_37.840928:28136-29329  -            398 25785at7898          -            619   6.8e-42  142.0   0.0   3   5   1.6e-15   5.6e-14   49.8   0.1   281   369   152   242   142   251 0.85 -
NODE_179_length_31613_cov_37.840928:28136-29329  -            398 25785at7898          -            619   6.8e-42  142.0   0.0   4   5   9.8e-11   3.4e-09   33.9   0.0   284   364   250   335   235   347 0.84 -
NODE_179_length_31613_cov_37.840928:28136-29329  -            398 25785at7898          -            619   6.8e-42  142.0   0.0   5   5   0.00087      0.03   11.0   0.0   286   315   353   382   342   388 0.90 -
NODE_9856_length_12633_cov_38.131083:11350-12603 -            418 25785at7898          -            619   3.9e-41  139.4  11.6   1   3   2.5e-12   8.6e-11   39.2   6.1    69   176     3   110     1   145 0.80 -
NODE_9856_length_12633_cov_38.131083:11350-12603 -            418 25785at7898          -            619   3.9e-41  139.4  11.6   2   3   2.3e-07   8.1e-06   22.8   0.5    54   150   132   228   126   231 0.82 -
NODE_9856_length_12633_cov_38.131083:11350-12603 -            418 25785at7898          -            619   3.9e-41  139.4  11.6   3   3   5.1e-25   1.8e-23   81.1   0.0   225   362   229   377   225   409 0.81 -
NODE_73037_length_4876_cov_33.348336:1453-3012   -            520 25785at7898          -            619   1.1e-39  134.7   9.0   1   3      0.19       6.5    3.3   1.0    12    81    15    92     5    94 0.70 -
NODE_73037_length_4876_cov_33.348336:1453-3012   -            520 25785at7898          -            619   1.1e-39  134.7   9.0   2   3   2.6e-20     9e-19   65.6   0.5    50   208    85   246    64   246 0.94 -
NODE_73037_length_4876_cov_33.348336:1453-3012   -            520 25785at7898          -            619   1.1e-39  134.7   9.0   3   3   4.7e-25   1.6e-23   81.2   2.5    55   361   186   518   183   520 0.78 -
NODE_11248_length_12119_cov_32.418885:8806-10296 -            497 25785at7898          -            619   2.9e-38  129.9  13.8   1   3   1.2e-18   4.2e-17   60.1   1.9    48   192     1   145     1   147 0.95 -
NODE_11248_length_12119_cov_32.418885:8806-10296 -            497 25785at7898          -            619   2.9e-38  129.9  13.8   2   3   9.9e-26   3.5e-24   83.5   4.3    53   361    78   397    76   437 0.82 -
NODE_11248_length_12119_cov_32.418885:8806-10296 -            497 25785at7898          -            619   2.9e-38  129.9  13.8   3   3       4.5   1.6e+02   -1.3   0.0   445   482   455   489   432   496 0.73 -
NODE_31005_length_8092_cov_36.001877:6672-7529   -            286 25785at7898          -            619   4.2e-38  129.4  24.4   1   4   2.2e-12   7.6e-11   39.4   1.9    67   157     5    95     2    98 0.97 -
NODE_31005_length_8092_cov_36.001877:6672-7529   -            286 25785at7898          -            619   4.2e-38  129.4  24.4   2   4   2.5e-14   8.9e-13   45.8   3.3    76   163    62   149    62   152 0.98 -
NODE_31005_length_8092_cov_36.001877:6672-7529   -            286 25785at7898          -            619   4.2e-38  129.4  24.4   3   4   3.8e-17   1.3e-15   55.1   0.9    90   184   148   245   146   246 0.93 -
NODE_31005_length_8092_cov_36.001877:6672-7529   -            286 25785at7898          -            619   4.2e-38  129.4  24.4   4   4   1.6e-07   5.7e-06   23.3   0.1    61   108   239   286   235   286 0.91 -
NODE_353_length_27691_cov_39.389062:635-15060    -            901 25785at7898          -            619   7.2e-37  125.4  15.5   1   4   5.1e-14   1.8e-12   44.8   4.6    59   203     7   156     2   158 0.76 -
NODE_353_length_27691_cov_39.389062:635-15060    -            901 25785at7898          -            619   7.2e-37  125.4  15.5   2   4     5e-18   1.8e-16   58.0   1.5    94   307   114   335   110   411 0.82 -
NODE_353_length_27691_cov_39.389062:635-15060    -            901 25785at7898          -            619   7.2e-37  125.4  15.5   3   4   3.5e-05    0.0012   15.6   0.0   273   366   405   501   367   508 0.77 -
NODE_353_length_27691_cov_39.389062:635-15060    -            901 25785at7898          -            619   7.2e-37  125.4  15.5   4   4   1.4e-07     5e-06   23.5   0.0   282   370   508   596   498   611 0.85 -
NODE_111955_length_3375_cov_35.443223:637-2013   -            459 25785at7898          -            619   1.1e-35  121.4  25.7   1   3   5.8e-17     2e-15   54.5   7.1    15   203     5   192     2   196 0.88 -
NODE_111955_length_3375_cov_35.443223:637-2013   -            459 25785at7898          -            619   1.1e-35  121.4  25.7   2   3   2.9e-16     1e-14   52.2   4.6    52   203   182   337   181   339 0.96 -
NODE_111955_length_3375_cov_35.443223:637-2013   -            459 25785at7898          -            619   1.1e-35  121.4  25.7   3   3     5e-13   1.7e-11   41.5   4.6    67   178   293   405   293   426 0.92 -
NODE_67973_length_5136_cov_32.489577:1208-2380   -            391 25785at7898          -            619   3.7e-35  119.7  15.8   1   3   9.9e-12   3.5e-10   37.2   0.0    12   135    11   129     2   136 0.87 -
NODE_67973_length_5136_cov_32.489577:1208-2380   -            391 25785at7898          -            619   3.7e-35  119.7  15.8   2   3   6.4e-10   2.3e-08   31.2   0.6    66   134   132   200   125   207 0.92 -
NODE_67973_length_5136_cov_32.489577:1208-2380   -            391 25785at7898          -            619   3.7e-35  119.7  15.8   3   3   6.2e-17   2.2e-15   54.4   4.8    68   198   207   340   202   342 0.94 -
NODE_95796_length_3913_cov_28.392764:703-1914    -            404 25785at7898          -            619   2.3e-34  117.1  14.1   1   2   2.4e-24   8.5e-23   78.9   1.3    50   208    22   182     1   185 0.92 -
NODE_95796_length_3913_cov_28.392764:703-1914    -            404 25785at7898          -            619   2.3e-34  117.1  14.1   2   2   2.7e-14   9.4e-13   45.7   3.3    90   207   182   302   180   306 0.92 -
NODE_12278_length_11778_cov_29.828239:3380-4507  -            376 25785at7898          -            619   3.6e-34  116.4   0.5   1   4   1.3e-11   4.4e-10   36.9   0.0   287   361    14    91     3    99 0.88 -
NODE_12278_length_11778_cov_29.828239:3380-4507  -            376 25785at7898          -            619   3.6e-34  116.4   0.5   2   4   1.5e-09   5.2e-08   30.0   0.1   280   370   105   198    91   203 0.82 -
NODE_12278_length_11778_cov_29.828239:3380-4507  -            376 25785at7898          -            619   3.6e-34  116.4   0.5   3   4   1.3e-13   4.5e-12   43.5   0.1   272   368   191   292   189   305 0.85 -
NODE_12278_length_11778_cov_29.828239:3380-4507  -            376 25785at7898          -            619   3.6e-34  116.4   0.5   4   4     0.022      0.78    6.3   0.0   288   352   304   374   288   376 0.78 -
NODE_30032_length_8218_cov_21.383914:2932-4131   -            400 25785at7898          -            619   2.6e-32  110.3  11.4   1   2   1.4e-23   4.9e-22   76.4   1.4    16   193     2   180     1   182 0.95 -
NODE_30032_length_8218_cov_21.383914:2932-4131   -            400 25785at7898          -            619   2.6e-32  110.3  11.4   2   2   2.1e-12   7.2e-11   39.5   7.2    72   268   152   374   142   400 0.51 -
NODE_96232_length_3898_cov_25.400632:2074-3387   -            438 25785at7898          -            619   7.9e-32  108.7  27.0   1   3   3.3e-13   1.1e-11   42.1   7.7    48   202    29   184     1   185 0.83 -
NODE_96232_length_3898_cov_25.400632:2074-3387   -            438 25785at7898          -            619   7.9e-32  108.7  27.0   2   3   6.4e-14   2.2e-12   44.5   4.5    52   162   151   261   150   267 0.95 -
NODE_96232_length_3898_cov_25.400632:2074-3387   -            438 25785at7898          -            619   7.9e-32  108.7  27.0   3   3   1.6e-13   5.5e-12   43.2   3.5    99   213   269   385   265   412 0.50 -
NODE_36_length_42078_cov_176.768051:10070-10972  -            301 25785at7898          -            619   3.5e-31  106.6   6.6   1   2   8.5e-24     3e-22   77.1   0.0    15   175     2   161     1   170 0.93 -
NODE_36_length_42078_cov_176.768051:10070-10972  -            301 25785at7898          -            619   3.5e-31  106.6   6.6   2   2     2e-11     7e-10   36.2   4.2   106   261   140   298   137   301 0.79 -
NODE_36_length_42078_cov_176.768051:31105-32007  -            301 25785at7898          -            619   3.5e-31  106.6   6.6   1   2   8.5e-24     3e-22   77.1   0.0    15   175     2   161     1   170 0.93 -
NODE_36_length_42078_cov_176.768051:31105-32007  -            301 25785at7898          -            619   3.5e-31  106.6   6.6   2   2     2e-11     7e-10   36.2   4.2   106   261   140   298   137   301 0.79 -
NODE_39600_length_7160_cov_32.796488:358-2988    -            877 25785at7898          -            619   3.7e-31  106.5  35.7   1   5   9.3e-12   3.3e-10   37.3   7.5    55   177     8   131     1   162 0.85 -
NODE_39600_length_7160_cov_32.796488:358-2988    -            877 25785at7898          -            619   3.7e-31  106.5  35.7   2   5   2.4e-09   8.4e-08   29.3   3.0    67   157   244   332   187   335 0.85 -
NODE_39600_length_7160_cov_32.796488:358-2988    -            877 25785at7898          -            619   3.7e-31  106.5  35.7   3   5   1.3e-12   4.4e-11   40.2   1.8    59   157   330   428   328   430 0.94 -
NODE_39600_length_7160_cov_32.796488:358-2988    -            877 25785at7898          -            619   3.7e-31  106.5  35.7   4   5   2.8e-07   9.8e-06   22.5   0.1    71   201   414   556   412   560 0.78 -
NODE_39600_length_7160_cov_32.796488:358-2988    -            877 25785at7898          -            619   3.7e-31  106.5  35.7   5   5       1.5        51    0.3   0.2    69   131   568   630   556   649 0.55 -
NODE_22908_length_9301_cov_41.241687:7268-8377   -            370 25785at7898          -            619   3.8e-31  106.5   0.2   1   5       1.3        44    0.5   0.0   326   365     1    40     1    56 0.82 -
NODE_22908_length_9301_cov_41.241687:7268-8377   -            370 25785at7898          -            619   3.8e-31  106.5   0.2   2   5   2.2e-12   7.7e-11   39.4   0.0   283   369    51   138    36   155 0.86 -
NODE_22908_length_9301_cov_41.241687:7268-8377   -            370 25785at7898          -            619   3.8e-31  106.5   0.2   3   5   1.3e-12   4.4e-11   40.2   0.0   272   365   133   234   129   247 0.81 -
NODE_22908_length_9301_cov_41.241687:7268-8377   -            370 25785at7898          -            619   3.8e-31  106.5   0.2   4   5   7.4e-06   0.00026   17.8   0.0   286   367   250   335   235   339 0.83 -
NODE_22908_length_9301_cov_41.241687:7268-8377   -            370 25785at7898          -            619   3.8e-31  106.5   0.2   5   5     0.021      0.75    6.4   0.0   272   310   332   370   328   370 0.91 -
NODE_42907_length_6850_cov_36.657828:2707-5565   -            953 25785at7898          -            619   4.5e-31  106.2  53.4   1   5     0.051       1.8    5.1   0.1   145   179    62    96    53    98 0.88 -
NODE_42907_length_6850_cov_36.657828:2707-5565   -            953 25785at7898          -            619   4.5e-31  106.2  53.4   2   5   2.5e-14   8.8e-13   45.8  14.5    51   199    88   239    72   248 0.89 -
NODE_42907_length_6850_cov_36.657828:2707-5565   -            953 25785at7898          -            619   4.5e-31  106.2  53.4   3   5      0.25       8.9    2.8   0.6   120   179   307   368   300   373 0.78 -
NODE_42907_length_6850_cov_36.657828:2707-5565   -            953 25785at7898          -            619   4.5e-31  106.2  53.4   4   5   1.6e-14   5.6e-13   46.5  11.6    57   202   391   540   381   551 0.87 -
NODE_42907_length_6850_cov_36.657828:2707-5565   -            953 25785at7898          -            619   4.5e-31  106.2  53.4   5   5   1.3e-08   4.6e-07   26.9   4.0    67   173   576   684   558   691 0.92 -
NODE_9100_length_12950_cov_31.391409:10411-11547 -            379 25785at7898          -            619   1.1e-29  101.6  12.2   1   3     3e-21   1.1e-19   68.7   0.2    14   172    15   171     3   174 0.94 -
NODE_9100_length_12950_cov_31.391409:10411-11547 -            379 25785at7898          -            619   1.1e-29  101.6  12.2   2   3   5.8e-06    0.0002   18.2   0.2   129   197   152   223   148   233 0.92 -
NODE_9100_length_12950_cov_31.391409:10411-11547 -            379 25785at7898          -            619   1.1e-29  101.6  12.2   3   3   2.5e-09   8.8e-08   29.3   7.6    59   258   178   379   170   379 0.83 -
NODE_96189_length_3900_cov_22.134438:509-2044    -            512 25785at7898          -            619   2.9e-28   96.9   8.4   1   2   6.1e-13   2.1e-11   41.2   0.6    99   242     3   144     1   182 0.82 -
NODE_96189_length_3900_cov_22.134438:509-2044    -            512 25785at7898          -            619   2.9e-28   96.9   8.4   2   2   3.1e-18   1.1e-16   58.7   1.9    14   179   249   417   240   440 0.86 -
NODE_26773_length_8666_cov_29.140773:6905-7801   -            299 25785at7898          -            619     3e-28   96.9   5.8   1   2   7.6e-18   2.7e-16   57.4   0.0    15   156    14   155     2   160 0.92 -
NODE_26773_length_8666_cov_29.140773:6905-7801   -            299 25785at7898          -            619     3e-28   96.9   5.8   2   2   2.2e-12   7.5e-11   39.4   4.4    89   177   160   248   155   284 0.91 -
NODE_51316_length_6173_cov_45.924432:3101-4138   -            346 25785at7898          -            619   3.9e-28   96.5   0.1   1   4     6e-09   2.1e-07   28.0   0.0   303   363     1    64     1    72 0.87 -
NODE_51316_length_6173_cov_45.924432:3101-4138   -            346 25785at7898          -            619   3.9e-28   96.5   0.1   2   4   4.7e-09   1.7e-07   28.4   0.0   273   372    69   171    63   173 0.83 -
NODE_51316_length_6173_cov_45.924432:3101-4138   -            346 25785at7898          -            619   3.9e-28   96.5   0.1   3   4   8.5e-09     3e-07   27.5   0.0   273   367   164   261   162   266 0.85 -
NODE_51316_length_6173_cov_45.924432:3101-4138   -            346 25785at7898          -            619   3.9e-28   96.5   0.1   4   4    0.0007     0.025   11.3   0.0   288   351   274   343   268   345 0.79 -
NODE_59457_length_5627_cov_27.561686:2435-3547   -            371 25785at7898          -            619   4.1e-28   96.4   4.1   1   4   4.4e-15   1.5e-13   48.3   0.1    13   155     1   141     1   144 0.97 -
NODE_59457_length_5627_cov_27.561686:2435-3547   -            371 25785at7898          -            619   4.1e-28   96.4   4.1   2   4   1.6e-09   5.6e-08   29.9   0.0    51   195   133   275   126   280 0.79 -
NODE_59457_length_5627_cov_27.561686:2435-3547   -            371 25785at7898          -            619   4.1e-28   96.4   4.1   3   4   1.2e-05   0.00043   17.1   1.0    91   164   243   316   220   325 0.75 -
NODE_59457_length_5627_cov_27.561686:2435-3547   -            371 25785at7898          -            619   4.1e-28   96.4   4.1   4   4    0.0015     0.052   10.2   0.0   221   263   323   369   309   371 0.73 -
NODE_14047_length_11249_cov_108.891839:1028-2608 -            527 25785at7898          -            619   4.8e-28   96.2   5.8   1   3     4e-19   1.4e-17   61.6   0.5    15   178    11   170     3   173 0.94 -
NODE_14047_length_11249_cov_108.891839:1028-2608 -            527 25785at7898          -            619   4.8e-28   96.2   5.8   2   3   1.4e-11   4.8e-10   36.7   0.3    57   178   169   290   164   298 0.90 -
NODE_14047_length_11249_cov_108.891839:1028-2608 -            527 25785at7898          -            619   4.8e-28   96.2   5.8   3   3       2.7        95   -0.6   0.0   236   272   302   339   296   348 0.76 -
NODE_52984_length_6057_cov_28.999329:1772-3229   -            486 25785at7898          -            619   4.9e-28   96.2  12.6   1   2   2.9e-12     1e-10   39.0   0.3    72   177    14   118     6   135 0.91 -
NODE_52984_length_6057_cov_28.999329:1772-3229   -            486 25785at7898          -            619   4.9e-28   96.2  12.6   2   2   3.7e-19   1.3e-17   61.8   4.1    15   195   239   422   233   448 0.89 -
NODE_22908_length_9301_cov_41.241687:5653-6315   -            221 25785at7898          -            619   5.9e-28   95.9   0.1   1   3    0.0016     0.056   10.1   0.0   325   365     1    41     1    48 0.93 -
NODE_22908_length_9301_cov_41.241687:5653-6315   -            221 25785at7898          -            619   5.9e-28   95.9   0.1   2   3   4.6e-13   1.6e-11   41.6   0.1   279   365    48   138    41   140 0.87 -
NODE_22908_length_9301_cov_41.241687:5653-6315   -            221 25785at7898          -            619   5.9e-28   95.9   0.1   3   3     3e-13   1.1e-11   42.2   0.0   273   351   138   220   135   221 0.85 -
NODE_37086_length_7406_cov_31.454085:5590-6921   -            444 25785at7898          -            619   8.4e-28   95.4  17.0   1   2   4.9e-14   1.7e-12   44.8   1.7    13   183    13   182     5   187 0.92 -
NODE_37086_length_7406_cov_31.454085:5590-6921   -            444 25785at7898          -            619   8.4e-28   95.4  17.0   2   2     6e-18   2.1e-16   57.8  10.3    70   258   165   354   161   361 0.90 -
NODE_133574_length_2787_cov_27.526414:979-2391   -            471 25785at7898          -            619   8.5e-28   95.4   7.5   1   2   1.8e-12   6.2e-11   39.7   0.6   119   268     2   155     1   167 0.82 -
NODE_133574_length_2787_cov_27.526414:979-2391   -            471 25785at7898          -            619   8.5e-28   95.4   7.5   2   2   2.6e-18     9e-17   59.0   1.2    75   256   272   457   266   471 0.87 -
NODE_41945_length_6938_cov_33.095628:1455-3596   -            714 25785at7898          -            619   3.1e-27   93.6  14.1   1   3   3.8e-17   1.3e-15   55.1   6.1     5   156    21   172    18   178 0.97 -
NODE_41945_length_6938_cov_33.095628:1455-3596   -            714 25785at7898          -            619   3.1e-27   93.6  14.1   2   3   5.7e-07     2e-05   21.5   0.5    65   128   129   192   127   192 0.90 -
NODE_41945_length_6938_cov_33.095628:1455-3596   -            714 25785at7898          -            619   3.1e-27   93.6  14.1   3   3   1.4e-12   4.9e-11   40.0   0.9   223   381   188   371   181   394 0.73 -
NODE_14087_length_11238_cov_32.850974:7673-9265  -            531 25785at7898          -            619   1.6e-26   91.2  26.6   1   2   1.1e-13   3.9e-12   43.6   4.8    51   169    83   201    37   206 0.80 -
NODE_14087_length_11238_cov_32.850974:7673-9265  -            531 25785at7898          -            619   1.6e-26   91.2  26.6   2   2   3.3e-15   1.2e-13   48.7  15.0    52   279   201   455   198   479 0.81 -
NODE_51316_length_6173_cov_45.924432:2255-2956   -            234 25785at7898          -            619   4.3e-26   89.7   0.0   1   3   0.00023    0.0079   12.9   0.0   319   372     4    58     1    63 0.85 -
NODE_51316_length_6173_cov_45.924432:2255-2956   -            234 25785at7898          -            619   4.3e-26   89.7   0.0   2   3   9.3e-11   3.2e-09   34.0   0.0   273   373    50   163    46   165 0.80 -
NODE_51316_length_6173_cov_45.924432:2255-2956   -            234 25785at7898          -            619   4.3e-26   89.7   0.0   3   3   3.4e-14   1.2e-12   45.4   0.0   274   351   155   234   153   234 0.90 -
NODE_10451_length_12410_cov_34.656486:8810-9454  -            215 25785at7898          -            619   8.5e-26   88.8   0.1   1   2   1.2e-17   4.4e-16   56.7   0.1   272   368    35   135    13   143 0.85 -
NODE_10451_length_12410_cov_34.656486:8810-9454  -            215 25785at7898          -            619   8.5e-26   88.8   0.1   2   2   1.4e-10   4.7e-09   33.5   0.0   273   351   132   215   129   215 0.85 -
NODE_239140_length_1035_cov_95.089744:116-802    -            229 25785at7898          -            619   2.5e-25   87.3  11.7   1   2   7.7e-15   2.7e-13   47.5   3.3    66   179    15   128     2   130 0.96 -
NODE_239140_length_1035_cov_95.089744:116-802    -            229 25785at7898          -            619   2.5e-25   87.3  11.7   2   2     1e-15   3.6e-14   50.4   2.9    72   177   117   222   112   227 0.94 -
NODE_20267_length_9791_cov_28.365662:4452-5636   -            395 25785at7898          -            619   2.9e-25   87.0  28.0   1   3   5.3e-12   1.9e-10   38.1   9.7    10   158     8   164     1   165 0.88 -
NODE_20267_length_9791_cov_28.365662:4452-5636   -            395 25785at7898          -            619   2.9e-25   87.0  28.0   2   3   4.6e-15   1.6e-13   48.2   2.5    68   198   122   255   116   259 0.88 -
NODE_20267_length_9791_cov_28.365662:4452-5636   -            395 25785at7898          -            619   2.9e-25   87.0  28.0   3   3   1.2e-08   4.3e-07   27.0   1.0    53   166   251   369   249   388 0.83 -
NODE_54383_length_5960_cov_21.784678:3010-3831   -            274 25785at7898          -            619   3.1e-25   86.9  11.3   1   3   5.6e-12   1.9e-10   38.0   0.1    63   174     2   114     1   124 0.88 -
NODE_54383_length_5960_cov_21.784678:3010-3831   -            274 25785at7898          -            619   3.1e-25   86.9  11.3   2   3   6.4e-13   2.3e-11   41.1   0.8    94   177   128   211   122   212 0.95 -
NODE_54383_length_5960_cov_21.784678:3010-3831   -            274 25785at7898          -            619   3.1e-25   86.9  11.3   3   3   4.1e-05    0.0014   15.4   2.2   225   277   209   267   206   273 0.77 -
NODE_71461_length_4952_cov_30.923758:2501-3388   -            296 25785at7898          -            619   3.9e-25   86.6  19.2   1   3   0.00015    0.0054   13.5   0.1   107   158     1    52     1    53 0.74 -
NODE_71461_length_4952_cov_30.923758:2501-3388   -            296 25785at7898          -            619   3.9e-25   86.6  19.2   2   3   3.5e-13   1.2e-11   42.0   4.4    52   161    18   127    13   137 0.91 -
NODE_71461_length_4952_cov_30.923758:2501-3388   -            296 25785at7898          -            619   3.9e-25   86.6  19.2   3   3   3.1e-15   1.1e-13   48.8   7.0    51   177   137   263   131   278 0.97 -
NODE_71166_length_4968_cov_24.703635:2693-3523   -            277 25785at7898          -            619   5.9e-25   86.0   7.6   1   3   1.4e-09   5.1e-08   30.1   0.0    72   173     3   105     1   109 0.85 -
NODE_71166_length_4968_cov_24.703635:2693-3523   -            277 25785at7898          -            619   5.9e-25   86.0   7.6   2   3   2.4e-11   8.5e-10   35.9   0.8    94   177   120   203   115   206 0.95 -
NODE_71166_length_4968_cov_24.703635:2693-3523   -            277 25785at7898          -            619   5.9e-25   86.0   7.6   3   3   2.9e-07     1e-05   22.5   0.3   228   295   204   277   203   277 0.82 -
NODE_45948_length_6588_cov_25.869317:219-1721    -            501 25785at7898          -            619   1.7e-24   84.5  10.8   1   3   1.2e-14     4e-13   46.9   2.4    76   200    40   167    32   168 0.84 -
NODE_45948_length_6588_cov_25.869317:219-1721    -            501 25785at7898          -            619   1.7e-24   84.5  10.8   2   3   8.3e-16   2.9e-14   50.7   1.4    66   277   126   340   121   353 0.84 -
NODE_45948_length_6588_cov_25.869317:219-1721    -            501 25785at7898          -            619   1.7e-24   84.5  10.8   3   3      0.85        30    1.1   0.0   517   577   407   465   402   478 0.71 -
NODE_62631_length_5437_cov_32.263957:1603-4545   -            981 25785at7898          -            619   1.3e-23   81.6  42.5   1   5   6.9e-06   0.00024   17.9   3.1    96   198   107   217    67   226 0.77 -
NODE_62631_length_5437_cov_32.263957:1603-4545   -            981 25785at7898          -            619   1.3e-23   81.6  42.5   2   5   5.3e-06   0.00018   18.3   2.0    86   159   238   316   232   320 0.87 -
NODE_62631_length_5437_cov_32.263957:1603-4545   -            981 25785at7898          -            619   1.3e-23   81.6  42.5   3   5   8.9e-05    0.0031   14.3   1.0    89   159   323   396   317   404 0.87 -
NODE_62631_length_5437_cov_32.263957:1603-4545   -            981 25785at7898          -            619   1.3e-23   81.6  42.5   4   5   1.1e-09     4e-08   30.4   2.3    76   211   437   581   430   583 0.84 -
NODE_62631_length_5437_cov_32.263957:1603-4545   -            981 25785at7898          -            619   1.3e-23   81.6  42.5   5   5   9.4e-08   3.3e-06   24.1   3.4    91   241   583   738   580   747 0.80 -
NODE_117385_length_3216_cov_21.155278:750-2321   -            524 25785at7898          -            619   2.1e-23   80.9   6.2   1   3   1.1e-16     4e-15   53.5   0.3     6   177    31   197    27   197 0.92 -
NODE_117385_length_3216_cov_21.155278:750-2321   -            524 25785at7898          -            619   2.1e-23   80.9   6.2   2   3   2.2e-06   7.7e-05   19.6   0.5    88   154   180   246   177   259 0.87 -
NODE_117385_length_3216_cov_21.155278:750-2321   -            524 25785at7898          -            619   2.1e-23   80.9   6.2   3   3   5.4e-05    0.0019   15.0   0.0    75   127   263   315   259   327 0.84 -
NODE_4139_length_16196_cov_31.378828:13950-15056 -            369 25785at7898          -            619   2.8e-23   80.5  17.5   1   4   4.5e-12   1.6e-10   38.4   5.0    33   164     4   134     1   142 0.85 -
NODE_4139_length_16196_cov_31.378828:13950-15056 -            369 25785at7898          -            619   2.8e-23   80.5  17.5   2   4   1.7e-09   6.1e-08   29.8   0.2    67   158   133   224   128   227 0.94 -
NODE_4139_length_16196_cov_31.378828:13950-15056 -            369 25785at7898          -            619   2.8e-23   80.5  17.5   3   4   2.9e-07     1e-05   22.5   0.5    56   153   218   317   216   321 0.73 -
NODE_4139_length_16196_cov_31.378828:13950-15056 -            369 25785at7898          -            619   2.8e-23   80.5  17.5   4   4      0.11       3.9    4.0   0.1   222   265   312   360   308   367 0.74 -
NODE_79291_length_4579_cov_29.039509:2060-3352   -            431 25785at7898          -            619   5.1e-23   79.6   4.0   1   2   2.5e-18   8.6e-17   59.0   1.9    33   181    10   160     2   172 0.94 -
NODE_79291_length_4579_cov_29.039509:2060-3352   -            431 25785at7898          -            619   5.1e-23   79.6   4.0   2   2   2.1e-07   7.5e-06   22.9   0.1   191   350   149   322   146   338 0.63 -
NODE_19556_length_9939_cov_34.813313:3123-3854   -            244 25785at7898          -            619   1.4e-22   78.2   4.4   1   2   3.8e-14   1.3e-12   45.2   0.3    67   157    34   122    20   124 0.90 -
NODE_19556_length_9939_cov_34.813313:3123-3854   -            244 25785at7898          -            619   1.4e-22   78.2   4.4   2   2     3e-12     1e-10   38.9   1.0    71   185   108   225   107   244 0.88 -
NODE_35347_length_7593_cov_24.159194:2664-3470   -            269 25785at7898          -            619     2e-22   77.6  12.0   1   2   2.1e-16   7.4e-15   52.6   3.4    67   179    41   153    27   155 0.93 -
NODE_35347_length_7593_cov_24.159194:2664-3470   -            269 25785at7898          -            619     2e-22   77.6  12.0   2   2   2.7e-10   9.5e-09   32.5   2.6    76   178   146   248   143   262 0.90 -
NODE_56690_length_5802_cov_31.204278:438-5276    -            905 25785at7898          -            619   2.8e-22   77.2  23.0   1   6   0.00068     0.024   11.3   0.4   125   179    57   111    31   136 0.88 -
NODE_56690_length_5802_cov_31.204278:438-5276    -            905 25785at7898          -            619   2.8e-22   77.2  23.0   2   6    0.0099      0.35    7.5   0.1    52   176   104   231   103   247 0.81 -
NODE_56690_length_5802_cov_31.204278:438-5276    -            905 25785at7898          -            619   2.8e-22   77.2  23.0   3   6   2.3e-06   7.9e-05   19.5   1.3    71   151   249   331   237   337 0.86 -
NODE_56690_length_5802_cov_31.204278:438-5276    -            905 25785at7898          -            619   2.8e-22   77.2  23.0   4   6      0.18       6.1    3.4   0.0   108   153   343   388   333   404 0.87 -
NODE_56690_length_5802_cov_31.204278:438-5276    -            905 25785at7898          -            619   2.8e-22   77.2  23.0   5   6   1.4e-07   4.9e-06   23.5   3.1    66   179   426   543   412   546 0.89 -
NODE_56690_length_5802_cov_31.204278:438-5276    -            905 25785at7898          -            619   2.8e-22   77.2  23.0   6   6     1e-07   3.6e-06   23.9   0.1    92   181   560   650   555   669 0.87 -
NODE_53133_length_6047_cov_30.631137:1976-3451   -            492 25785at7898          -            619   3.3e-22   77.0  10.0   1   1   8.1e-22   2.8e-20   70.5  10.0    18   347    33   344    14   368 0.80 -
NODE_180466_length_1838_cov_87.224267:12-1829    -            606 25785at7898          -            619     4e-22   76.7  27.0   1   3   2.5e-09   8.7e-08   29.3   1.8    74   209    43   185    40   211 0.83 -
NODE_180466_length_1838_cov_87.224267:12-1829    -            606 25785at7898          -            619     4e-22   76.7  27.0   2   3   1.4e-12   4.8e-11   40.1   8.2    53   180   290   415   282   440 0.87 -
NODE_180466_length_1838_cov_87.224267:12-1829    -            606 25785at7898          -            619     4e-22   76.7  27.0   3   3   4.3e-06   0.00015   18.6   2.0    90   170   502   580   471   605 0.77 -
NODE_51316_length_6173_cov_45.924432:437-1240    -            268 25785at7898          -            619   6.3e-22   76.0   0.2   1   2   3.7e-13   1.3e-11   41.9   0.1   278   379    45   155    28   157 0.78 -
NODE_51316_length_6173_cov_45.924432:437-1240    -            268 25785at7898          -            619   6.3e-22   76.0   0.2   2   2   2.7e-11   9.6e-10   35.8   0.0   274   383   140   253   139   259 0.78 -
NODE_10542_length_12376_cov_24.883603:6146-7222  -            359 25785at7898          -            619   1.1e-21   75.3   0.0   1   3     2e-08     7e-07   26.3   0.0   273   359    23   111    11   119 0.79 -
NODE_10542_length_12376_cov_24.883603:6146-7222  -            359 25785at7898          -            619   1.1e-21   75.3   0.0   2   3   0.00018    0.0063   13.2   0.0   283   354   137   214   121   225 0.80 -
NODE_10542_length_12376_cov_24.883603:6146-7222  -            359 25785at7898          -            619   1.1e-21   75.3   0.0   3   3   3.9e-10   1.4e-08   31.9   0.0   282   361   271   353   256   357 0.86 -
NODE_44632_length_6700_cov_46.595819:4004-4837   -            278 25785at7898          -            619     2e-21   74.3   4.7   1   3   1.6e-17   5.7e-16   56.3   1.0    61   167     3   109     1   121 0.90 -
NODE_44632_length_6700_cov_46.595819:4004-4837   -            278 25785at7898          -            619     2e-21   74.3   4.7   2   3    0.0025     0.087    9.5   0.0   147   211   110   176   104   179 0.83 -
NODE_44632_length_6700_cov_46.595819:4004-4837   -            278 25785at7898          -            619     2e-21   74.3   4.7   3   3    0.0016     0.057   10.1   0.0   122   174   179   231   176   242 0.86 -
NODE_58014_length_5716_cov_34.058750:903-4046    -           1048 25785at7898          -            619   3.3e-21   73.6  46.1   1   7    0.0085       0.3    7.7   0.7    28   177    33   169     3   175 0.78 -
NODE_58014_length_5716_cov_34.058750:903-4046    -           1048 25785at7898          -            619   3.3e-21   73.6  46.1   2   7     7e-06   0.00024   17.9   2.2    50   153   138   246   133   251 0.78 -
NODE_58014_length_5716_cov_34.058750:903-4046    -           1048 25785at7898          -            619   3.3e-21   73.6  46.1   3   7   3.9e-07   1.4e-05   22.0   0.1    89   154   271   338   261   349 0.89 -
NODE_58014_length_5716_cov_34.058750:903-4046    -           1048 25785at7898          -            619   3.3e-21   73.6  46.1   4   7      0.91        32    1.0   0.2    52   104   362   414   339   432 0.66 -
NODE_58014_length_5716_cov_34.058750:903-4046    -           1048 25785at7898          -            619   3.3e-21   73.6  46.1   5   7   3.4e-05    0.0012   15.6  11.3    76   203   497   632   485   636 0.79 -
NODE_58014_length_5716_cov_34.058750:903-4046    -           1048 25785at7898          -            619   3.3e-21   73.6  46.1   6   7   1.3e-06   4.7e-05   20.3   5.6   110   223   586   710   576   716 0.54 -
NODE_58014_length_5716_cov_34.058750:903-4046    -           1048 25785at7898          -            619   3.3e-21   73.6  46.1   7   7   0.00062     0.022   11.5   0.3    65   132   715   784   702   794 0.61 -
NODE_12278_length_11778_cov_29.828239:4565-5233  -            223 25785at7898          -            619   5.7e-21   72.9   0.8   1   3      0.16       5.5    3.5   0.0   328   374     1    48     1    51 0.78 -
NODE_12278_length_11778_cov_29.828239:4565-5233  -            223 25785at7898          -            619   5.7e-21   72.9   0.8   2   3   1.2e-10   4.2e-09   33.6   0.0   282   373    48   150    42   152 0.81 -
NODE_12278_length_11778_cov_29.828239:4565-5233  -            223 25785at7898          -            619   5.7e-21   72.9   0.8   3   3   1.1e-11   3.9e-10   37.1   0.1   274   351   142   223   139   223 0.84 -
NODE_22371_length_9397_cov_40.270703:7605-8291   -            229 25785at7898          -            619   9.8e-21   72.1   0.0   1   2   1.9e-11   6.6e-10   36.3   0.0   271   366    33   133    26   144 0.84 -
NODE_22371_length_9397_cov_40.270703:7605-8291   -            229 25785at7898          -            619   9.8e-21   72.1   0.0   2   2   1.8e-11   6.1e-10   36.4   0.0   273   361   132   225   127   228 0.86 -
NODE_33316_length_7822_cov_56.045967:3577-4284   -            236 25785at7898          -            619   1.8e-20   71.2   2.0   1   2   1.1e-12   3.7e-11   40.4   0.1    69   180    15   124     8   126 0.94 -
NODE_33316_length_7822_cov_56.045967:3577-4284   -            236 25785at7898          -            619   1.8e-20   71.2   2.0   2   2   7.9e-12   2.7e-10   37.6   1.0    90   179   106   195   105   223 0.93 -
NODE_29146_length_8333_cov_29.504129:3531-4469   -            313 25785at7898          -            619     2e-19   67.7  11.0   1   2   0.00011    0.0039   13.9   0.5    96   159    45   110    40   120 0.83 -
NODE_29146_length_8333_cov_29.504129:3531-4469   -            313 25785at7898          -            619     2e-19   67.7  11.0   2   2   2.8e-20   9.8e-19   65.5   4.2    51   272    72   296    69   306 0.84 -
NODE_110279_length_3429_cov_28.116216:2172-2894  -            241 25785at7898          -            619   4.5e-19   66.6   5.0   1   2   1.6e-20   5.5e-19   66.3   3.1    16   178     1   164     1   175 0.91 -
NODE_110279_length_3429_cov_28.116216:2172-2894  -            241 25785at7898          -            619   4.5e-19   66.6   5.0   2   2      0.47        16    2.0   0.1   190   259   155   224   151   235 0.67 -
NODE_61824_length_5485_cov_21.028778:33-909      -            252 25785at7898          -            619   5.6e-19   66.3   0.0   1   1   2.1e-20   7.3e-19   65.9   0.0    98   319    23   244     5   250 0.89 -
NODE_136768_length_2708_cov_33.168647:1668-2414  -            249 25785at7898          -            619   9.3e-19   65.5  16.6   1   3   1.3e-09   4.6e-08   30.2   4.0   100   194     3   100     1   100 0.89 -
NODE_136768_length_2708_cov_33.168647:1668-2414  -            249 25785at7898          -            619   9.3e-19   65.5  16.6   2   3     5e-15   1.7e-13   48.1   6.5    51   164    74   187    70   201 0.94 -
NODE_136768_length_2708_cov_33.168647:1668-2414  -            249 25785at7898          -            619   9.3e-19   65.5  16.6   3   3       4.5   1.6e+02   -1.3   0.0   217   237   191   211   183   239 0.67 -
NODE_51586_length_6154_cov_38.076466:4232-5116   -            295 25785at7898          -            619   1.9e-18   64.5   3.7   1   2      0.17       5.9    3.4   0.1   144   179    45    80    24    83 0.88 -
NODE_51586_length_6154_cov_38.076466:4232-5116   -            295 25785at7898          -            619   1.9e-18   64.5   3.7   2   2   1.5e-19   5.1e-18   63.1   2.3    52   240    73   258    72   292 0.81 -
NODE_42877_length_6853_cov_31.698253:1674-2228   -            185 25785at7898          -            619   4.6e-18   63.2   6.8   1   2   1.5e-09   5.2e-08   30.0   0.4    54   148     5   100     2   102 0.92 -
NODE_42877_length_6853_cov_31.698253:1674-2228   -            185 25785at7898          -            619   4.6e-18   63.2   6.8   2   2   1.7e-13   5.9e-12   43.1   1.2    77   177    77   177    76   183 0.95 -
NODE_64475_length_5328_cov_30.326449:2712-3851   -            380 25785at7898          -            619   5.1e-18   63.1   3.9   1   1     2e-19   7.1e-18   62.6   3.9    75   349    36   329    14   348 0.76 -
NODE_23089_length_9267_cov_26.251854:6761-7399   -            213 25785at7898          -            619   5.7e-18   62.9   5.4   1   2   2.2e-15   7.6e-14   49.3   1.2    53   160     6   113     3   120 0.95 -
NODE_23089_length_9267_cov_26.251854:6761-7399   -            213 25785at7898          -            619   5.7e-18   62.9   5.4   2   2   4.6e-06   0.00016   18.5   0.4   178   267   110   200   103   207 0.82 -
NODE_3654_length_16754_cov_37.413870:8745-9452   -            236 25785at7898          -            619   9.3e-18   62.2   5.5   1   2   4.6e-19   1.6e-17   61.4   1.9    51   178    21   147    15   167 0.93 -
NODE_3654_length_16754_cov_37.413870:8745-9452   -            236 25785at7898          -            619   9.3e-18   62.2   5.5   2   2      0.09       3.1    4.3   0.1   189   271   137   220   129   233 0.68 -
NODE_33424_length_7811_cov_26.943465:3623-4228   -            202 25785at7898          -            619   1.3e-17   61.7   0.2   1   1     5e-19   1.7e-17   61.3   0.2    15   177    27   187    12   194 0.94 -
NODE_30132_length_8202_cov_33.811058:5095-5988   -            298 25785at7898          -            619   1.6e-17   61.4   7.6   1   2   1.6e-07   5.7e-06   23.3   0.2    15   159    23   163    10   167 0.81 -
NODE_30132_length_8202_cov_33.811058:5095-5988   -            298 25785at7898          -            619   1.6e-17   61.4   7.6   2   2   7.4e-13   2.6e-11   40.9   2.6    97   205   170   281   167   293 0.81 -
NODE_7967_length_13508_cov_40.101275:3421-4038   -            206 25785at7898          -            619   1.8e-17   61.3   3.3   1   1     7e-19   2.5e-17   60.8   3.3    16   185     5   177     2   197 0.91 -
NODE_114883_length_3289_cov_31.054232:732-1655   -            308 25785at7898          -            619   1.8e-17   61.2  11.8   1   2   9.4e-12   3.3e-10   37.3   1.2    41   180    38   180    32   184 0.88 -
NODE_114883_length_3289_cov_31.054232:732-1655   -            308 25785at7898          -            619   1.8e-17   61.2  11.8   2   2   1.7e-11   6.1e-10   36.4   3.5    95   241   115   263   111   297 0.72 -
NODE_22908_length_9301_cov_41.241687:979-1512    -            178 25785at7898          -            619   2.5e-17   60.8   0.0   1   2   8.2e-10   2.9e-08   30.9   0.0   285   350     1    71     1   104 0.85 -
NODE_22908_length_9301_cov_41.241687:979-1512    -            178 25785at7898          -            619   2.5e-17   60.8   0.0   2   2   4.3e-09   1.5e-07   28.5   0.0   288   351   102   166    84   171 0.88 -
NODE_31611_length_8021_cov_32.390432:4987-6834   -            364 25785at7898          -            619   6.2e-17   59.5   6.9   1   2   6.5e-12   2.3e-10   37.8   0.7    14   174    51   210    45   217 0.86 -
NODE_31611_length_8021_cov_32.390432:4987-6834   -            364 25785at7898          -            619   6.2e-17   59.5   6.9   2   2   4.1e-07   1.4e-05   22.0   1.1    99   181   228   307   223   318 0.85 -
NODE_26259_length_8748_cov_36.050179:4709-5347   -            213 25785at7898          -            619   8.5e-17   59.0   6.1   1   3    0.0018     0.062   10.0   0.0   127   167     4    48     1    51 0.46 -
NODE_26259_length_8748_cov_36.050179:4709-5347   -            213 25785at7898          -            619   8.5e-17   59.0   6.1   2   3   5.1e-06   0.00018   18.3   0.1    90   142    40    92    33    92 0.95 -
NODE_26259_length_8748_cov_36.050179:4709-5347   -            213 25785at7898          -            619   8.5e-17   59.0   6.1   3   3   1.2e-13   4.1e-12   43.6   3.2    71   178    69   176    65   207 0.93 -
NODE_10182_length_12508_cov_33.058022:6934-7641  -            236 25785at7898          -            619     9e-17   59.0   3.0   1   1   3.8e-18   1.3e-16   58.4   3.0    75   268    38   235    12   236 0.83 -
NODE_23089_length_9267_cov_26.251854:7766-8482   -            239 25785at7898          -            619   1.1e-16   58.7   7.8   1   2   7.3e-18   2.6e-16   57.5   3.6    14   177     2   166     1   183 0.91 -
NODE_23089_length_9267_cov_26.251854:7766-8482   -            239 25785at7898          -            619   1.1e-16   58.7   7.8   2   2      0.06       2.1    4.9   0.2   191   268   159   238   157   239 0.68 -
NODE_19946_length_9860_cov_35.171806:6188-6775   -            196 25785at7898          -            619   1.4e-16   58.3   0.1   1   1   5.2e-18   1.8e-16   58.0   0.1     8   177    14   181     7   193 0.91 -
NODE_22908_length_9301_cov_41.241687:8144-8806   -            221 25785at7898          -            619   4.2e-16   56.8   0.0   1   3         1        35    0.9   0.0   326   367     2    43     1    48 0.87 -
NODE_22908_length_9301_cov_41.241687:8144-8806   -            221 25785at7898          -            619   4.2e-16   56.8   0.0   2   3   1.8e-12   6.2e-11   39.7   0.0   272   369    40   141    28   149 0.89 -
NODE_22908_length_9301_cov_41.241687:8144-8806   -            221 25785at7898          -            619   4.2e-16   56.8   0.0   3   3   5.4e-05    0.0019   15.0   0.0   283   350   147   220   136   221 0.81 -
NODE_40551_length_7069_cov_47.955811:1363-2124   -            254 25785at7898          -            619   4.8e-16   56.6   6.0   1   2   1.4e-09   4.8e-08   30.2   0.2    15   109     7    99     2   103 0.91 -
NODE_40551_length_7069_cov_47.955811:1363-2124   -            254 25785at7898          -            619   4.8e-16   56.6   6.0   2   2   1.1e-08   3.9e-07   27.1   0.8    75   199   110   235   103   239 0.83 -
NODE_84342_length_4362_cov_29.339198:748-3679    -            339 25785at7898          -            619   4.9e-16   56.6  19.0   1   3   2.8e-09   9.8e-08   29.1   1.1    98   203    72   178    67   182 0.89 -
NODE_84342_length_4362_cov_29.339198:748-3679    -            339 25785at7898          -            619   4.9e-16   56.6  19.0   2   3   4.2e-10   1.5e-08   31.8   3.5    73   205   141   273   138   297 0.88 -
NODE_84342_length_4362_cov_29.339198:748-3679    -            339 25785at7898          -            619   4.9e-16   56.6  19.0   3   3   1.3e-06   4.5e-05   20.3   0.7    97   191   209   301   205   328 0.83 -
NODE_52984_length_6057_cov_28.999329:2495-3271   -            259 25785at7898          -            619   5.3e-16   56.4   9.0   1   1   1.5e-17   5.3e-16   56.4   9.0    50   194    36   180     2   190 0.90 -
NODE_96189_length_3900_cov_22.134438:1514-2287   -            258 25785at7898          -            619   5.5e-16   56.4   1.0   1   1   1.7e-17     6e-16   56.3   1.0    73   241    58   224    26   258 0.86 -
NODE_14230_length_11202_cov_35.104386:8907-9704  -            266 25785at7898          -            619   8.3e-16   55.8   3.4   1   2      0.12       4.1    3.9   0.1   145   179    75   109    69   114 0.83 -
NODE_14230_length_11202_cov_35.104386:8907-9704  -            266 25785at7898          -            619   8.3e-16   55.8   3.4   2   2   8.5e-17     3e-15   53.9   2.5    52   205   102   257    98   266 0.86 -
NODE_119173_length_3167_cov_28.115711:939-1661   -            241 25785at7898          -            619   8.7e-16   55.7   0.6   1   2   8.1e-12   2.8e-10   37.5   0.0    51   131    21   101     1   104 0.91 -
NODE_119173_length_3167_cov_28.115711:939-1661   -            241 25785at7898          -            619   8.7e-16   55.7   0.6   2   2   8.8e-07   3.1e-05   20.9   0.4    75   156    93   174    90   194 0.81 -
NODE_614_length_24890_cov_34.029487:788-2608     -            607 25785at7898          -            619   1.6e-15   54.8  34.2   1   4   2.6e-12   9.2e-11   39.1   6.1    72   207    76   212    58   247 0.79 -
NODE_614_length_24890_cov_34.029487:788-2608     -            607 25785at7898          -            619   1.6e-15   54.8  34.2   2   4     9e-07   3.1e-05   20.8   4.1    94   179   262   346   239   375 0.78 -
NODE_614_length_24890_cov_34.029487:788-2608     -            607 25785at7898          -            619   1.6e-15   54.8  34.2   3   4   0.00078     0.027   11.1   2.1    73   163   391   479   383   535 0.74 -
NODE_614_length_24890_cov_34.029487:788-2608     -            607 25785at7898          -            619   1.6e-15   54.8  34.2   4   4       3.5   1.2e+02   -0.9   0.5   514   541   572   599   562   605 0.74 -
NODE_54124_length_5978_cov_41.162613:1813-2979   -            389 25785at7898          -            619   1.7e-15   54.8  11.6   1   3   5.1e-10   1.8e-08   31.6   3.0    70   215     9   153     5   161 0.81 -
NODE_54124_length_5978_cov_41.162613:1813-2979   -            389 25785at7898          -            619   1.7e-15   54.8  11.6   2   3   3.2e-08   1.1e-06   25.6   3.5    72   205   149   280   142   290 0.83 -
NODE_54124_length_5978_cov_41.162613:1813-2979   -            389 25785at7898          -            619   1.7e-15   54.8  11.6   3   3   1.2e-05    0.0004   17.2   0.1    72   160   218   303   212   312 0.79 -
NODE_18600_length_10141_cov_40.330910:593-1309   -            239 25785at7898          -            619   2.5e-15   54.2   8.3   1   1   3.3e-16   1.1e-14   52.0   8.3    48   206    36   201    15   230 0.50 -
NODE_1583_length_20496_cov_27.280384:9926-10465  -            180 25785at7898          -            619     3e-15   53.9   0.5   1   2   8.7e-17     3e-15   53.9   0.5     6   118     7   120     3   130 0.90 -
NODE_1583_length_20496_cov_27.280384:9926-10465  -            180 25785at7898          -            619     3e-15   53.9   0.5   2   2       1.3        46    0.5   0.1   224   240   126   142   118   160 0.71 -
NODE_4896_length_15474_cov_35.607154:11201-14377 -           1059 25785at7898          -            619   3.4e-15   53.8  37.6   1   7     0.057         2    5.0   0.2    99   188    60   163    41   171 0.71 -
NODE_4896_length_15474_cov_35.607154:11201-14377 -           1059 25785at7898          -            619   3.4e-15   53.8  37.6   2   7   0.00038     0.013   12.2   0.0    65   129   185   246   175   256 0.80 -
NODE_4896_length_15474_cov_35.607154:11201-14377 -           1059 25785at7898          -            619   3.4e-15   53.8  37.6   3   7    0.0038      0.13    8.9   5.6    50   180   281   422   274   453 0.74 -
NODE_4896_length_15474_cov_35.607154:11201-14377 -           1059 25785at7898          -            619   3.4e-15   53.8  37.6   4   7      0.28       9.9    2.7   1.8    68   117   382   431   347   498 0.66 -
NODE_4896_length_15474_cov_35.607154:11201-14377 -           1059 25785at7898          -            619   3.4e-15   53.8  37.6   5   7   0.00011    0.0038   14.0   3.9    54   155   492   601   480   624 0.53 -
NODE_4896_length_15474_cov_35.607154:11201-14377 -           1059 25785at7898          -            619   3.4e-15   53.8  37.6   6   7   4.5e-06   0.00016   18.5   1.8    92   206   586   710   576   717 0.79 -
NODE_4896_length_15474_cov_35.607154:11201-14377 -           1059 25785at7898          -            619   3.4e-15   53.8  37.6   7   7   1.2e-08   4.3e-07   27.0   4.9    91   244   639   801   634   811 0.86 -
NODE_106073_length_3563_cov_46.506928:314-2719   -            269 25785at7898          -            619   4.3e-15   53.4   1.6   1   1   1.6e-16   5.7e-15   53.0   1.6    49   205    71   225    43   235 0.88 -
NODE_121749_length_3095_cov_24.992991:278-1114   -            279 25785at7898          -            619   6.3e-15   52.9   3.3   1   3   6.1e-06   0.00021   18.1   0.1    41   155     4   119     1   120 0.79 -
NODE_121749_length_3095_cov_24.992991:278-1114   -            279 25785at7898          -            619   6.3e-15   52.9   3.3   2   3   0.00055     0.019   11.6   0.2    96   160    84   150    80   153 0.93 -
NODE_121749_length_3095_cov_24.992991:278-1114   -            279 25785at7898          -            619   6.3e-15   52.9   3.3   3   3   8.4e-10     3e-08   30.8   1.1    67   178   129   234   128   261 0.78 -
NODE_11930_length_11889_cov_39.170992:2122-8769  -            829 25785at7898          -            619   4.5e-14   50.1  17.3   1   3   4.4e-06   0.00016   18.6   0.6    86   181     7   106     2   133 0.81 -
NODE_11930_length_11889_cov_39.170992:2122-8769  -            829 25785at7898          -            619   4.5e-14   50.1  17.3   2   3   8.9e-11   3.1e-09   34.1   1.4    51   150   303   402   278   439 0.86 -
NODE_11930_length_11889_cov_39.170992:2122-8769  -            829 25785at7898          -            619   4.5e-14   50.1  17.3   3   3    0.0086       0.3    7.7   0.5    98   152   524   577   492   606 0.57 -
NODE_200146_length_1535_cov_29.974930:107-433    -            109 25785at7898          -            619     2e-13   47.9   0.0   1   1   6.2e-15   2.2e-13   47.8   0.0   100   204     2   109     1   109 0.92 -
NODE_28810_length_8382_cov_22.040444:3549-4082   -            178 25785at7898          -            619   6.7e-13   46.2   0.0   1   1   2.3e-14     8e-13   45.9   0.0    16   177     1   160     1   177 0.91 -
NODE_26711_length_8675_cov_38.145639:752-1619    -            216 25785at7898          -            619   9.7e-13   45.7   0.8   1   1   2.2e-13   7.5e-12   42.7   0.8    37   145   108   213   102   216 0.91 -
NODE_124094_length_3030_cov_36.624019:1171-2115  -            315 25785at7898          -            619     1e-12   45.5  12.6   1   3   2.3e-11   8.2e-10   36.0   1.5    16   155    63   197    60   200 0.90 -
NODE_124094_length_3030_cov_36.624019:1171-2115  -            315 25785at7898          -            619     1e-12   45.5  12.6   2   3   3.4e-07   1.2e-05   22.2   3.8    73   178   163   267   157   270 0.87 -
NODE_124094_length_3030_cov_36.624019:1171-2115  -            315 25785at7898          -            619     1e-12   45.5  12.6   3   3   0.00046     0.016   11.9   7.2    67   160   207   298   200   315 0.80 -
NODE_9194_length_12908_cov_25.969553:10969-11553 -            195 25785at7898          -            619   1.4e-12   45.1   0.1   1   1   4.6e-14   1.6e-12   44.9   0.1    98   210    18   133    11   172 0.86 -
NODE_49757_length_6286_cov_28.536771:4902-5474   -            191 25785at7898          -            619     2e-12   44.6   1.4   1   1   8.4e-14   2.9e-12   44.1   1.4    13   177    13   175     3   184 0.84 -
NODE_80020_length_4547_cov_29.602743:2316-4087   -            226 25785at7898          -            619   4.7e-12   43.4   7.7   1   3   4.6e-05    0.0016   15.2   0.1    67   111     3    47     1    53 0.82 -
NODE_80020_length_4547_cov_29.602743:2316-4087   -            226 25785at7898          -            619   4.7e-12   43.4   7.7   2   3   2.9e-09     1e-07   29.1   4.5    96   201    53   157    48   204 0.72 -
NODE_80020_length_4547_cov_29.602743:2316-4087   -            226 25785at7898          -            619   4.7e-12   43.4   7.7   3   3       3.2   1.1e+02   -0.8   0.0    68   111   166   209   151   218 0.81 -
NODE_101529_length_3712_cov_32.653750:1552-2676  -            375 25785at7898          -            619   5.6e-12   43.1   7.2   1   1   2.2e-13   7.5e-12   42.7   7.2    15   271    34   297    21   311 0.84 -
NODE_169241_length_2034_cov_25.396899:378-983    -            202 25785at7898          -            619   6.2e-12   43.0  10.1   1   1   6.2e-12   2.2e-10   37.9  10.1    98   256    20   201     9   202 0.69 -
NODE_19505_length_9949_cov_32.586396:799-8165    -            383 25785at7898          -            619   7.1e-12   42.8   6.2   1   2   2.7e-06   9.5e-05   19.3   0.2    76   208     5   135     1   144 0.74 -
NODE_19505_length_9949_cov_32.586396:799-8165    -            383 25785at7898          -            619   7.1e-12   42.8   6.2   2   2   2.4e-08   8.4e-07   26.0   1.5    69   206   204   341   195   360 0.87 -
NODE_36548_length_7463_cov_37.653721:6359-7027   -            223 25785at7898          -            619   8.9e-12   42.5   3.0   1   2   4.3e-10   1.5e-08   31.8   1.2    45   176    18   152     6   160 0.86 -
NODE_36548_length_7463_cov_37.653721:6359-7027   -            223 25785at7898          -            619   8.9e-12   42.5   3.0   2   2     0.001     0.035   10.8   0.0    52   105   169   223   157   223 0.62 -
NODE_6886_length_14077_cov_35.708256:1375-1977   -            201 25785at7898          -            619   1.2e-11   42.0  13.5   1   3   7.9e-07   2.8e-05   21.0   3.3    97   161    15    81     6    92 0.88 -
NODE_6886_length_14077_cov_35.708256:1375-1977   -            201 25785at7898          -            619   1.2e-11   42.0  13.5   2   3   2.9e-05     0.001   15.9   1.4    99   179    88   167    84   169 0.79 -
NODE_6886_length_14077_cov_35.708256:1375-1977   -            201 25785at7898          -            619   1.2e-11   42.0  13.5   3   3   0.00025    0.0087   12.8   0.1    97   138   157   200   152   201 0.86 -
NODE_29055_length_8345_cov_79.916808:1667-8103   -            683 25785at7898          -            619   2.2e-11   41.2  21.0   1   3     2e-05    0.0007   16.4   4.7   140   206    16    87     4    91 0.74 -
NODE_29055_length_8345_cov_79.916808:1667-8103   -            683 25785at7898          -            619   2.2e-11   41.2  21.0   2   3   2.5e-05   0.00087   16.1   4.4    94   204    91   203    87   205 0.91 -
NODE_29055_length_8345_cov_79.916808:1667-8103   -            683 25785at7898          -            619   2.2e-11   41.2  21.0   3   3   4.3e-07   1.5e-05   21.9   0.5    96   210   188   303   180   314 0.78 -
NODE_66290_length_5228_cov_21.853773:1178-1768   -            197 25785at7898          -            619   3.2e-11   40.6   5.4   1   1   5.4e-12   1.9e-10   38.1   4.7    14   170    17   171     6   179 0.77 -
NODE_1294_length_21308_cov_44.412325:18155-20008 -            618 25785at7898          -            619   4.2e-11   40.2  29.7   1   4   0.00021    0.0073   13.0   0.7    75   177    24   130    20   130 0.88 -
NODE_1294_length_21308_cov_44.412325:18155-20008 -            618 25785at7898          -            619   4.2e-11   40.2  29.7   2   4   1.3e-08   4.6e-07   26.9  10.5    66   224    90   249    51   258 0.85 -
NODE_1294_length_21308_cov_44.412325:18155-20008 -            618 25785at7898          -            619   4.2e-11   40.2  29.7   3   4   0.00028    0.0097   12.6   1.5    54   178   273   400   260   409 0.75 -
NODE_1294_length_21308_cov_44.412325:18155-20008 -            618 25785at7898          -            619   4.2e-11   40.2  29.7   4   4   0.00094     0.033   10.9   1.3    91   237   420   559   407   573 0.76 -
NODE_123725_length_3041_cov_26.705642:997-1845   -            283 25785at7898          -            619   4.9e-11   40.0   4.5   1   1   1.8e-12   6.2e-11   39.7   4.5    83   244     2   171     1   192 0.82 -
NODE_179_length_31613_cov_37.840928:27485-27997  -            171 25785at7898          -            619     9e-11   39.2   0.1   1   2   1.1e-06   3.8e-05   20.6   0.0   283   369     1    91     1    97 0.86 -
NODE_179_length_31613_cov_37.840928:27485-27997  -            171 25785at7898          -            619     9e-11   39.2   0.1   2   2   3.4e-06   0.00012   18.9   0.1   273   349    87   169    82   171 0.74 -
NODE_90568_length_4108_cov_40.790721:1660-2439   -            260 25785at7898          -            619   1.5e-10   38.4   4.5   1   1   7.5e-06   0.00026   17.8   0.6    73   151   162   241   158   259 0.79 -
NODE_10062_length_12554_cov_35.899880:1266-2360  -            338 25785at7898          -            619   2.1e-10   38.0   9.1   1   3   0.00034     0.012   12.3   0.4    98   156    71   131    62   137 0.73 -
NODE_10062_length_12554_cov_35.899880:1266-2360  -            338 25785at7898          -            619   2.1e-10   38.0   9.1   2   3   1.8e-07   6.3e-06   23.2   0.7   100   201   144   246   136   251 0.90 -
NODE_10062_length_12554_cov_35.899880:1266-2360  -            338 25785at7898          -            619   2.1e-10   38.0   9.1   3   3   0.00016    0.0056   13.4   0.5    99   160   213   275   209   327 0.77 -
NODE_17364_length_10413_cov_37.330425:8282-9838  -            519 25785at7898          -            619   4.9e-10   36.7  30.0   1   4   1.4e-07   4.8e-06   23.5   0.9    77   191     2   116     1   142 0.90 -
NODE_17364_length_10413_cov_37.330425:8282-9838  -            519 25785at7898          -            619   4.9e-10   36.7  30.0   2   4   0.00069     0.024   11.3   3.4    79   174   228   323   198   329 0.82 -
NODE_17364_length_10413_cov_37.330425:8282-9838  -            519 25785at7898          -            619   4.9e-10   36.7  30.0   3   4    0.0004     0.014   12.1   2.3    88   187   312   412   307   418 0.89 -
NODE_17364_length_10413_cov_37.330425:8282-9838  -            519 25785at7898          -            619   4.9e-10   36.7  30.0   4   4    0.0026     0.092    9.4   3.1    63   155   411   503   409   509 0.78 -
NODE_10765_length_12288_cov_37.882353:9253-11661 -            803 25785at7898          -            619   5.3e-10   36.6   0.2   1   3    0.0083      0.29    7.8   0.0   285   378     5   100     1   115 0.77 -
NODE_10765_length_12288_cov_37.882353:9253-11661 -            803 25785at7898          -            619   5.3e-10   36.6   0.2   2   3   2.2e-06   7.8e-05   19.5   0.1   283   371   402   492   383   521 0.82 -
NODE_10765_length_12288_cov_37.882353:9253-11661 -            803 25785at7898          -            619   5.3e-10   36.6   0.2   3   3     0.033       1.2    5.8   0.0   273   359   685   775   662   783 0.72 -
NODE_4223_length_16105_cov_35.803449:8826-11273  -            816 25785at7898          -            619   5.3e-10   36.6  12.8   1   3       5.1   1.8e+02   -1.5   0.0   148   205   460   524   410   541 0.60 -
NODE_4223_length_16105_cov_35.803449:8826-11273  -            816 25785at7898          -            619   5.3e-10   36.6  12.8   2   3   1.9e-05   0.00066   16.5   6.5    85   202   548   667   529   669 0.84 -
NODE_4223_length_16105_cov_35.803449:8826-11273  -            816 25785at7898          -            619   5.3e-10   36.6  12.8   3   3   3.7e-09   1.3e-07   28.7   0.7    52   206   633   786   632   802 0.83 -
NODE_205259_length_1461_cov_47.371512:230-1081   -            284 25785at7898          -            619   1.1e-09   35.5  11.5   1   2   3.6e-06   0.00013   18.9   2.1    54   185    32   164     7   168 0.77 -
NODE_205259_length_1461_cov_47.371512:230-1081   -            284 25785at7898          -            619   1.1e-09   35.5  11.5   2   2   2.8e-07   9.8e-06   22.5   2.0   139   240   167   271   164   275 0.80 -
NODE_90319_length_4118_cov_34.424235:852-3074    -            741 25785at7898          -            619   2.6e-09   34.3   9.9   1   2   2.5e-10   8.7e-09   32.6   1.8    76   194     8   129     3   160 0.63 -
NODE_90319_length_4118_cov_34.424235:852-3074    -            741 25785at7898          -            619   2.6e-09   34.3   9.9   2   2     0.026      0.92    6.1   1.4   127   205   296   386   262   408 0.71 -
NODE_83438_length_4398_cov_29.933938:1437-3885   -            190 25785at7898          -            619   2.7e-09   34.3   0.2   1   2    0.0057       0.2    8.3   0.0    76   110     3    37     1    40 0.85 -
NODE_83438_length_4398_cov_29.933938:1437-3885   -            190 25785at7898          -            619   2.7e-09   34.3   0.2   2   2   4.9e-09   1.7e-07   28.3   0.1    35   139    31   142    30   146 0.83 -
NODE_26932_length_8644_cov_36.271153:4389-6671   -            761 25785at7898          -            619   2.7e-09   34.3   7.2   1   2   0.00082     0.029   11.1   0.5    89   179   494   582   468   593 0.85 -
NODE_26932_length_8644_cov_36.271153:4389-6671   -            761 25785at7898          -            619   2.7e-09   34.3   7.2   2   2   8.2e-09   2.9e-07   27.6   2.4    52   205   575   727   573   741 0.87 -
NODE_68324_length_5118_cov_32.153816:3517-4194   -            226 25785at7898          -            619   4.4e-09   33.6  12.3   1   2   6.3e-08   2.2e-06   24.7   3.4    67   170    59   161    25   164 0.83 -
NODE_68324_length_5118_cov_32.153816:3517-4194   -            226 25785at7898          -            619   4.4e-09   33.6  12.3   2   2   7.1e-07   2.5e-05   21.2   1.6    67   164   128   222   126   225 0.87 -
NODE_20046_length_9836_cov_29.589607:7202-7723   -            174 25785at7898          -            619   5.5e-09   33.3   0.1   1   2   2.3e-05   0.00079   16.2   0.0   288   361     1    76     1    93 0.77 -
NODE_20046_length_9836_cov_29.589607:7202-7723   -            174 25785at7898          -            619   5.5e-09   33.3   0.1   2   2     3e-05     0.001   15.8   0.0   282   355    95   170    80   174 0.83 -
NODE_3075_length_17506_cov_32.273683:13350-13931 -            194 25785at7898          -            619   7.6e-09   32.8   8.7   1   2   3.9e-07   1.4e-05   22.0   2.7    76   203    23   145    12   150 0.91 -
NODE_3075_length_17506_cov_32.273683:13350-13931 -            194 25785at7898          -            619   7.6e-09   32.8   8.7   2   2   8.3e-06   0.00029   17.7   0.6   105   159   140   194   138   194 0.95 -
NODE_115841_length_3260_cov_38.071180:466-2736   -            757 25785at7898          -            619   1.6e-08   31.7  14.3   1   3       2.6        92   -0.5   0.1   141   195   398   454   373   471 0.74 -
NODE_115841_length_3260_cov_38.071180:466-2736   -            757 25785at7898          -            619   1.6e-08   31.7  14.3   2   3   2.7e-06   9.5e-05   19.3   2.6    78   178   481   579   467   586 0.92 -
NODE_115841_length_3260_cov_38.071180:466-2736   -            757 25785at7898          -            619   1.6e-08   31.7  14.3   3   3   3.7e-07   1.3e-05   22.1   2.1    48   206   569   726   566   741 0.81 -
NODE_19661_length_9919_cov_32.479633:3000-5468   -            823 25785at7898          -            619   1.7e-08   31.6  13.8   1   4       2.6        93   -0.5   0.1   104   205   418   529   413   537 0.58 -
NODE_19661_length_9919_cov_32.479633:3000-5468   -            823 25785at7898          -            619   1.7e-08   31.6  13.8   2   4      0.12       4.3    3.9   0.4    90   160   558   627   536   628 0.86 -
NODE_19661_length_9919_cov_32.479633:3000-5468   -            823 25785at7898          -            619   1.7e-08   31.6  13.8   3   4   5.9e-10   2.1e-08   31.4   6.7    66   210   605   748   564   757 0.82 -
NODE_19661_length_9919_cov_32.479633:3000-5468   -            823 25785at7898          -            619   1.7e-08   31.6  13.8   4   4      0.22       7.7    3.0   0.1   119   160   750   790   745   804 0.75 -
NODE_6301_length_14433_cov_25.772220:3872-11901  -            638 25785at7898          -            619   3.2e-08   30.7   0.1   1   4   5.6e-05     0.002   14.9   0.0   284   359   245   315   234   321 0.83 -
NODE_6301_length_14433_cov_25.772220:3872-11901  -            638 25785at7898          -            619   3.2e-08   30.7   0.1   2   4    0.0077      0.27    7.9   0.0   281   359   327   401   316   413 0.74 -
NODE_6301_length_14433_cov_25.772220:3872-11901  -            638 25785at7898          -            619   3.2e-08   30.7   0.1   3   4      0.15       5.1    3.6   0.0   270   319   402   449   392   463 0.80 -
NODE_6301_length_14433_cov_25.772220:3872-11901  -            638 25785at7898          -            619   3.2e-08   30.7   0.1   4   4         3     1e+02   -0.7   0.0   505   537   509   537   487   572 0.71 -
NODE_59952_length_5596_cov_37.077497:4622-5482   -            287 25785at7898          -            619   3.5e-08   30.6   2.3   1   1   1.3e-09   4.5e-08   30.2   2.3    48   206    53   208    15   219 0.83 -
NODE_517_length_25899_cov_72.245891:12260-12982  -            241 25785at7898          -            619     6e-08   29.8   4.4   1   1   2.4e-09   8.3e-08   29.4   4.4     5   232     3   219     1   232 0.82 -
NODE_2557_length_18307_cov_36.773616:14743-16713 -            458 25785at7898          -            619   7.5e-08   29.5  10.7   1   3    0.0069      0.24    8.0   0.1    95   178   201   282   187   285 0.83 -
NODE_2557_length_18307_cov_36.773616:14743-16713 -            458 25785at7898          -            619   7.5e-08   29.5  10.7   2   3   1.6e-05   0.00056   16.7   1.5   137   207   265   338   229   355 0.74 -
NODE_2557_length_18307_cov_36.773616:14743-16713 -            458 25785at7898          -            619   7.5e-08   29.5  10.7   3   3   3.4e-05    0.0012   15.6   1.3    94   161   364   430   342   433 0.71 -
NODE_48971_length_6346_cov_22.943173:888-4790    -            144 25785at7898          -            619   1.2e-07   28.8   1.5   1   1   4.2e-09   1.5e-07   28.6   1.5    72   179    25   130    15   143 0.87 -
NODE_4781_length_15593_cov_61.504905:4762-5394   -            211 25785at7898          -            619   1.9e-07   28.2   6.6   1   2   6.6e-09   2.3e-07   27.9   2.4    75   151    18    94    13    98 0.91 -
NODE_4781_length_15593_cov_61.504905:4762-5394   -            211 25785at7898          -            619   1.9e-07   28.2   6.6   2   2      0.14       5.1    3.6   0.2   224   278    93   152    89   197 0.74 -
NODE_69_length_37168_cov_36.309747:2046-2438     -            131 25785at7898          -            619   3.6e-07   27.3   0.5   1   2   1.2e-08   4.2e-07   27.0   0.1    43   164    38   112     4   125 0.57 -
NODE_69_length_37168_cov_36.309747:2046-2438     -            131 25785at7898          -            619   3.6e-07   27.3   0.5   2   2       7.7   2.7e+02   -2.1   0.0   225   235   121   131   115   131 0.84 -
NODE_69_length_37168_cov_36.309747:34729-35121   -            131 25785at7898          -            619   3.6e-07   27.3   0.5   1   2   1.2e-08   4.2e-07   27.0   0.1    43   164    38   112     4   125 0.57 -
NODE_69_length_37168_cov_36.309747:34729-35121   -            131 25785at7898          -            619   3.6e-07   27.3   0.5   2   2       7.7   2.7e+02   -2.1   0.0   225   235   121   131   115   131 0.84 -
NODE_24649_length_9010_cov_23.639883:7329-7961   -            211 25785at7898          -            619   7.2e-07   26.3   0.8   1   2   1.6e-07   5.7e-06   23.3   0.4    83   208    11   134     3   138 0.86 -
NODE_24649_length_9010_cov_23.639883:7329-7961   -            211 25785at7898          -            619   7.2e-07   26.3   0.8   2   2       0.4        14    2.2   0.0    93   131   135   172   133   184 0.86 -
NODE_123_length_34103_cov_50.625044:12119-15640  -           1174 25785at7898          -            619   1.4e-06   25.3   0.9   1   4     0.006      0.21    8.2   0.1   288   379    19   109     6   146 0.77 -
NODE_123_length_34103_cov_50.625044:12119-15640  -           1174 25785at7898          -            619   1.4e-06   25.3   0.9   2   4      0.12       4.3    3.9   0.0   268   365   287   385   279   431 0.80 -
NODE_123_length_34103_cov_50.625044:12119-15640  -           1174 25785at7898          -            619   1.4e-06   25.3   0.9   3   4     0.034       1.2    5.7   0.0   277   352   691   768   665   783 0.74 -
NODE_123_length_34103_cov_50.625044:12119-15640  -           1174 25785at7898          -            619   1.4e-06   25.3   0.9   4   4       0.3        10    2.6   0.0   293   357  1106  1170  1073  1174 0.82 -
NODE_5280_length_15151_cov_27.032155:4021-4401   -            127 25785at7898          -            619   1.4e-06   25.3   1.0   1   2   7.8e-05    0.0027   14.4   0.1    70   121    13    64     2    70 0.85 -
NODE_5280_length_15151_cov_27.032155:4021-4401   -            127 25785at7898          -            619   1.4e-06   25.3   1.0   2   2    0.0014      0.05   10.3   0.2   224   260    69   112    64   121 0.74 -
NODE_5680_length_14850_cov_33.046980:146-1763    -            388 25785at7898          -            619   1.5e-06   25.2   3.6   1   2   6.4e-07   2.2e-05   21.3   0.5   115   215    68   168    64   172 0.84 -
NODE_5680_length_14850_cov_33.046980:146-1763    -            388 25785at7898          -            619   1.5e-06   25.2   3.6   2   2     0.062       2.2    4.9   0.3   122   162   169   208   161   228 0.76 -
NODE_33888_length_7758_cov_33.423815:545-2644    -            700 25785at7898          -            619     2e-06   24.8   7.0   1   2    0.0009     0.032   10.9   1.7    77   176   506   603   491   608 0.80 -
NODE_33888_length_7758_cov_33.423815:545-2644    -            700 25785at7898          -            619     2e-06   24.8   7.0   2   2   1.9e-05   0.00066   16.5   1.3    51   135   598   681   593   696 0.66 -
NODE_60351_length_5571_cov_45.466374:243-2549    -            769 25785at7898          -            619   2.2e-06   24.7  10.5   1   3   0.00011    0.0039   13.9   0.4    95   176    25   106     5   139 0.80 -
NODE_60351_length_5571_cov_45.466374:243-2549    -            769 25785at7898          -            619   2.2e-06   24.7  10.5   2   3      0.45        16    2.0   0.0    75   156   100   183    94   236 0.65 -
NODE_60351_length_5571_cov_45.466374:243-2549    -            769 25785at7898          -            619   2.2e-06   24.7  10.5   3   3    0.0034      0.12    9.0   2.5   118   275   389   568   364   576 0.49 -
NODE_55024_length_5916_cov_224.821042:4308-4898  -            197 25785at7898          -            619   2.5e-06   24.5   5.2   1   2     0.053       1.9    5.1   1.2    76   113     3    42     1   105 0.56 -
NODE_55024_length_5916_cov_224.821042:4308-4898  -            197 25785at7898          -            619   2.5e-06   24.5   5.2   2   2   9.4e-07   3.3e-05   20.8   0.8    22   130    83   195    74   197 0.66 -
NODE_64740_length_5313_cov_34.065593:1417-1980   -            188 25785at7898          -            619   2.9e-06   24.3   7.1   1   2   7.9e-06   0.00028   17.7   1.7   123   206    16    99     2   105 0.76 -
NODE_64740_length_5313_cov_34.065593:1417-1980   -            188 25785at7898          -            619   2.9e-06   24.3   7.1   2   2    0.0015     0.052   10.2   0.4    67   132   100   163    98   183 0.81 -
NODE_123_length_34103_cov_50.625044:18611-20629  -            673 25785at7898          -            619   4.1e-06   23.8   0.7   1   2    0.0024     0.083    9.5   0.0   284   378    15   108     4   160 0.75 -
NODE_123_length_34103_cov_50.625044:18611-20629  -            673 25785at7898          -            619   4.1e-06   23.8   0.7   2   2   0.00031     0.011   12.5   0.3   283   365   301   385   284   443 0.87 -
NODE_33739_length_7775_cov_42.896170:391-3375    -            187 25785at7898          -            619   5.2e-06   23.4   0.0   1   1   1.7e-07   6.1e-06   23.2   0.0    97   159    49   111     7   137 0.64 -
NODE_9431_length_12816_cov_30.231265:9236-11491  -            752 25785at7898          -            619   7.5e-06   22.9   8.3   1   2   6.9e-06   0.00024   17.9   1.3    52   156     9   115     3   132 0.85 -
NODE_9431_length_12816_cov_30.231265:9236-11491  -            752 25785at7898          -            619   7.5e-06   22.9   8.3   2   2    0.0037      0.13    8.9   0.9    92   219   327   457   285   492 0.75 -
NODE_10241_length_12483_cov_35.744428:1769-2401  -            211 25785at7898          -            619     9e-06   22.6   0.1   1   2    0.0012     0.042   10.5   0.1   285   355    30   102     6   120 0.71 -
NODE_10241_length_12483_cov_35.744428:1769-2401  -            211 25785at7898          -            619     9e-06   22.6   0.1   2   2    0.0012     0.042   10.5   0.0   271   349   128   209   113   211 0.81 -
NODE_60746_length_5548_cov_34.529455:1899-4571   -            891 25785at7898          -            619   1.3e-05   22.1  19.5   1   4    0.0096      0.34    7.5   0.1    84   126    88   130    50   157 0.83 -
NODE_60746_length_5548_cov_34.529455:1899-4571   -            891 25785at7898          -            619   1.3e-05   22.1  19.5   2   4       1.2        42    0.6   0.1   115   168   178   231   131   258 0.78 -
NODE_60746_length_5548_cov_34.529455:1899-4571   -            891 25785at7898          -            619   1.3e-05   22.1  19.5   3   4   2.1e-06   7.2e-05   19.7   1.1    49   139   340   428   328   444 0.88 -
NODE_60746_length_5548_cov_34.529455:1899-4571   -            891 25785at7898          -            619   1.3e-05   22.1  19.5   4   4      0.19       6.6    3.3   3.5    38   175   475   618   459   644 0.77 -
NODE_44498_length_6712_cov_26.394526:572-4469    -            564 25785at7898          -            619     3e-05   20.9   0.0   1   1   1.3e-06   4.5e-05   20.3   0.0   278   363   203   292   195   303 0.78 -
NODE_35568_length_7570_cov_37.859992:537-2027    -            497 25785at7898          -            619   3.6e-05   20.6   0.2   1   2       3.1   1.1e+02   -0.8   0.1   267   306    37    75    13    89 0.84 -
NODE_35568_length_7570_cov_37.859992:537-2027    -            497 25785at7898          -            619   3.6e-05   20.6   0.2   2   2   4.1e-06   0.00014   18.7   0.0   272   356   136   227   134   247 0.81 -
NODE_51043_length_6192_cov_38.164287:2004-3509   -            502 25785at7898          -            619   0.00012   18.9   1.2   1   2         6   2.1e+02   -1.7   0.1   268   305    38    74    15    84 0.87 -
NODE_51043_length_6192_cov_38.164287:2004-3509   -            502 25785at7898          -            619   0.00012   18.9   1.2   2   2   5.3e-06   0.00018   18.3   0.1   274   373   140   247   131   265 0.75 -
NODE_295_length_28590_cov_38.267488:18919-21597  -            893 25785at7898          -            619   0.00018   18.3   0.6   1   3       1.3        47    0.5   0.1   290   368     3    83     1   131 0.72 -
NODE_295_length_28590_cov_38.267488:18919-21597  -            893 25785at7898          -            619   0.00018   18.3   0.6   2   3   7.2e-05    0.0025   14.6   0.0   277   365   386   476   365   496 0.83 -
NODE_295_length_28590_cov_38.267488:18919-21597  -            893 25785at7898          -            619   0.00018   18.3   0.6   3   3       3.5   1.2e+02   -0.9   0.0   294   368   802   876   775   890 0.78 -
NODE_114125_length_3311_cov_30.417186:1845-2261  -            139 25785at7898          -            619   0.00025   17.9   2.8   1   2   2.4e-05   0.00085   16.1   1.2   138   201    19    83     4    91 0.81 -
NODE_114125_length_3311_cov_30.417186:1845-2261  -            139 25785at7898          -            619   0.00025   17.9   2.8   2   2      0.68        24    1.4   0.0    85   134    85   133    82   136 0.72 -
NODE_295_length_28590_cov_38.267488:9268-11904   -            879 25785at7898          -            619   0.00045   17.0   1.0   1   3     0.057         2    5.0   0.1   283   368    10    97     1   160 0.78 -
NODE_295_length_28590_cov_38.267488:9268-11904   -            879 25785at7898          -            619   0.00045   17.0   1.0   2   3      0.15       5.3    3.6   0.0   272   352   392   478   385   492 0.66 -
NODE_295_length_28590_cov_38.267488:9268-11904   -            879 25785at7898          -            619   0.00045   17.0   1.0   3   3     0.039       1.4    5.5   0.0   290   349   813   872   762   877 0.75 -
NODE_42177_length_6918_cov_34.331427:3931-4380   -            150 25785at7898          -            619   0.00071   16.4   0.0   1   1     3e-05    0.0011   15.8   0.0    50   133     4    89     2   110 0.84 -
NODE_1092_length_22058_cov_27.210119:9565-10269  -            235 25785at7898          -            619    0.0029   14.4   4.5   1   1    0.0029       0.1    9.3   4.8    51   206    53   179     5   219 0.49 -
NODE_337_length_27941_cov_35.159723:1795-2505    -            237 25785at7898          -            619    0.0051   13.6   0.1   1   1   0.00021    0.0072   13.1   0.1   223   270    81   133    46   151 0.74 -
NODE_169325_length_2032_cov_35.587688:1097-1889  -            223 25785at7898          -            619     0.011   12.4   0.1   1   2       3.3   1.2e+02   -0.9   0.0   340   382   102   147    70   153 0.68 -
NODE_169325_length_2032_cov_35.587688:1097-1889  -            223 25785at7898          -            619     0.011   12.4   0.1   2   2   0.00055     0.019   11.6   0.1   288   359   145   222    95   223 0.73 -
NODE_7145_length_13935_cov_37.670931:6498-7496   -            282 25785at7898          -            619     0.044   10.4   0.0   1   1    0.0016     0.055   10.1   0.0   290   361   151   226    87   242 0.75 -
#
# Program:         hmmsearch
# Version:         3.1b2 (February 2015)
# Pipeline mode:   SEARCH
# Query file:      /home/e1garcia/shotgun_PIRE/abyss/busco_downloads/lineages/actinopterygii_odb10/hmms/25785at7898.hmm
# Target file:     /home/e1garcia/shotgun_PIRE/pire_ssl_data_processing/plotosus_lineatus/busco_scaffolds_results-SPAdes_decontam_R1R2_noIsolate/run_actinopterygii_odb10/metaeuk_output/initial_results/scaffolds.modified.fasta.modified.fas
# Option settings: hmmsearch --domtblout /home/e1garcia/shotgun_PIRE/pire_ssl_data_processing/plotosus_lineatus/busco_scaffolds_results-SPAdes_decontam_R1R2_noIsolate/run_actinopterygii_odb10/hmmer_output/initial_run_results/25785at7898.out --cpu 1 /home/e1garcia/shotgun_PIRE/abyss/busco_downloads/lineages/actinopterygii_odb10/hmms/25785at7898.hmm /home/e1garcia/shotgun_PIRE/pire_ssl_data_processing/plotosus_lineatus/busco_scaffolds_results-SPAdes_decontam_R1R2_noIsolate/run_actinopterygii_odb10/metaeuk_output/initial_results/scaffolds.modified.fasta.modified.fas 
# Current dir:     /home/e1garcia/shotgun_PIRE/pire_ssl_data_processing/plotosus_lineatus
# Date:            Fri Aug 20 13:34:40 2021
# [ok]
