#                                                                                                        --- full sequence --- -------------- this domain -------------   hmm coord   ali coord   env coord
# target name                                    accession   tlen query name           accession   qlen   E-value  score  bias   #  of  c-Evalue  i-Evalue  score  bias  from    to  from    to  from    to  acc description of target
#                            ------------------- ---------- ----- -------------------- ---------- ----- --------- ------ ----- --- --- --------- --------- ------ ----- ----- ----- ----- ----- ----- ----- ---- ---------------------
NODE_37909_length_7326_cov_33.692680:336-6133    -            528 27329at7898          -            588  1.1e-155  518.2  97.0   1   2  3.5e-151  8.6e-149  495.4  80.5    19   432     1   421     1   427 0.93 -
NODE_37909_length_7326_cov_33.692680:336-6133    -            528 27329at7898          -            588  1.1e-155  518.2  97.0   2   2   2.3e-12   5.7e-10   37.0   8.6   382   484   409   513   409   526 0.80 -
NODE_62381_length_5452_cov_34.998506:151-1978    -            384 27329at7898          -            588  4.6e-120  400.5 101.7   1   2   1.3e-94   3.1e-92  308.6  71.1   204   432     1   234     1   238 0.96 -
NODE_62381_length_5452_cov_34.998506:151-1978    -            384 27329at7898          -            588  4.6e-120  400.5 101.7   2   2   3.8e-33   9.3e-31  105.6  22.7   343   517   180   353   177   384 0.70 -
NODE_115589_length_3268_cov_36.946986:444-2072   -            441 27329at7898          -            588   3.4e-92  308.5  73.4   1   3   3.3e-57     8e-55  185.1  42.7   247   432     1   192     1   193 0.92 -
NODE_115589_length_3268_cov_36.946986:444-2072   -            441 27329at7898          -            588   3.4e-92  308.5  73.4   2   3   4.9e-17   1.2e-14   52.4   9.8   387   432   185   230   184   234 0.96 -
NODE_115589_length_3268_cov_36.946986:444-2072   -            441 27329at7898          -            588   3.4e-92  308.5  73.4   3   3   1.7e-29   4.2e-27   93.5   8.9   393   588   229   441   229   441 0.72 -
NODE_37254_length_7390_cov_38.410643:1641-6013   -            843 27329at7898          -            588   7.1e-39  132.4  71.0   1   5   7.9e-12   1.9e-09   35.2   4.8   386   426     4    44     2    49 0.91 -
NODE_37254_length_7390_cov_38.410643:1641-6013   -            843 27329at7898          -            588   7.1e-39  132.4  71.0   2   5   1.5e-07   3.7e-05   21.1   4.0   389   433    51    99    47   112 0.84 -
NODE_37254_length_7390_cov_38.410643:1641-6013   -            843 27329at7898          -            588   7.1e-39  132.4  71.0   3   5   0.00031     0.076   10.1   2.0   400   433   282   315   276   330 0.90 -
NODE_37254_length_7390_cov_38.410643:1641-6013   -            843 27329at7898          -            588   7.1e-39  132.4  71.0   4   5   1.2e-09   2.8e-07   28.1   2.8   362   442   492   576   463   630 0.78 -
NODE_37254_length_7390_cov_38.410643:1641-6013   -            843 27329at7898          -            588   7.1e-39  132.4  71.0   5   5     5e-20   1.2e-17   62.3  26.1   324   432   735   843   708   843 0.89 -
NODE_12993_length_11550_cov_46.353419:978-10023  -            946 27329at7898          -            588   3.3e-31  107.1 106.2   1   6   3.4e-06   0.00082   16.6  20.7   251   322     8    91     1   109 0.50 -
NODE_12993_length_11550_cov_46.353419:978-10023  -            946 27329at7898          -            588   3.3e-31  107.1 106.2   2   6   7.3e-05     0.018   12.2   8.7   240   287    41    90    38   138 0.72 -
NODE_12993_length_11550_cov_46.353419:978-10023  -            946 27329at7898          -            588   3.3e-31  107.1 106.2   3   6    0.0066       1.6    5.8   3.6   324   359   277   311   264   317 0.79 -
NODE_12993_length_11550_cov_46.353419:978-10023  -            946 27329at7898          -            588   3.3e-31  107.1 106.2   4   6   2.7e-05    0.0067   13.6   9.8   251   311   495   551   485   560 0.65 -
NODE_12993_length_11550_cov_46.353419:978-10023  -            946 27329at7898          -            588   3.3e-31  107.1 106.2   5   6   6.1e-17   1.5e-14   52.1  27.3   324   433   733   842   727   852 0.88 -
NODE_12993_length_11550_cov_46.353419:978-10023  -            946 27329at7898          -            588   3.3e-31  107.1 106.2   6   6   1.3e-13   3.2e-11   41.1  14.1   367   432   854   919   845   931 0.90 -
NODE_15760_length_10790_cov_33.637078:5363-5896  -            178 27329at7898          -            588   6.6e-30  102.8  48.6   1   1   3.9e-32   9.6e-30  102.3  48.6   262   422    10   177     1   178 0.89 -
NODE_1518_length_20658_cov_39.134345:18969-20202 -            180 27329at7898          -            588   1.2e-29  101.9  49.4   1   1   1.2e-30   2.9e-28   97.4  49.5   256   423     5   179     4   180 0.87 -
NODE_8925_length_13038_cov_80.944045:9666-10058  -            131 27329at7898          -            588     7e-29   99.4  22.9   1   2   2.7e-18   6.7e-16   56.6  10.2   370   432     1    69     1    70 0.87 -
NODE_8925_length_13038_cov_80.944045:9666-10058  -            131 27329at7898          -            588     7e-29   99.4  22.9   2   2     8e-18     2e-15   55.0   4.8   387   435    62   110    61   121 0.94 -
NODE_4983_length_15395_cov_40.525105:5787-7723   -            180 27329at7898          -            588   1.8e-28   98.1  50.8   1   1   6.7e-29   1.7e-26   91.6  50.8   256   423     5   179     4   180 0.86 -
NODE_12585_length_11681_cov_31.951735:7397-9148  -            584 27329at7898          -            588   2.8e-21   74.3 162.8   1   5   8.2e-07    0.0002   18.7  15.8   380   446     2    70     1    79 0.88 -
NODE_12585_length_11681_cov_31.951735:7397-9148  -            584 27329at7898          -            588   2.8e-21   74.3 162.8   2   5    0.0005      0.12    9.5  14.6   378   429    85   137    70   141 0.80 -
NODE_12585_length_11681_cov_31.951735:7397-9148  -            584 27329at7898          -            588   2.8e-21   74.3 162.8   3   5   5.4e-13   1.3e-10   39.1  58.7   231   441   126   350   125   353 0.78 -
NODE_12585_length_11681_cov_31.951735:7397-9148  -            584 27329at7898          -            588   2.8e-21   74.3 162.8   4   5   0.00089      0.22    8.6   3.3   246   282   344   380   342   390 0.77 -
NODE_12585_length_11681_cov_31.951735:7397-9148  -            584 27329at7898          -            588   2.8e-21   74.3 162.8   5   5     2e-09   4.9e-07   27.3  50.2   247   428   388   581   384   584 0.74 -
NODE_61958_length_5477_cov_30.049089:739-1131    -            131 27329at7898          -            588   4.2e-19   67.1  30.2   1   3   7.4e-12   1.8e-09   35.3   4.9   397   434     2    39     1    57 0.88 -
NODE_61958_length_5477_cov_30.049089:739-1131    -            131 27329at7898          -            588   4.2e-19   67.1  30.2   2   3     3e-12   7.3e-10   36.6   6.5   395   433    65   103    54   108 0.92 -
NODE_61958_length_5477_cov_30.049089:739-1131    -            131 27329at7898          -            588   4.2e-19   67.1  30.2   3   3    0.0039      0.94    6.5   4.8   399   422   107   130   104   131 0.92 -
NODE_689_length_24286_cov_31.076694:18209-18577  -            123 27329at7898          -            588   1.3e-18   65.5  22.3   1   2    0.0041         1    6.4   0.2   400   415     3    18     1    27 0.81 -
NODE_689_length_24286_cov_31.076694:18209-18577  -            123 27329at7898          -            588   1.3e-18   65.5  22.3   2   2   6.4e-20   1.6e-17   62.0  17.4   230   420    42   121    36   123 0.53 -
NODE_89932_length_4132_cov_24.191173:2746-3275   -            121 27329at7898          -            588   2.7e-15   54.6  37.4   1   2   2.7e-13   6.7e-11   40.1  17.3   369   432     5    71     2    78 0.89 -
NODE_89932_length_4132_cov_24.191173:2746-3275   -            121 27329at7898          -            588   2.7e-15   54.6  37.4   2   2   3.2e-09   7.9e-07   26.6  12.1   347   401    59   117    58   120 0.54 -
NODE_51025_length_6194_cov_36.868417:692-1066    -            125 27329at7898          -            588   4.6e-15   53.8  27.1   1   1   1.4e-16   3.5e-14   50.9  26.5   314   423    10   124     7   125 0.89 -
NODE_12585_length_11681_cov_31.951735:5125-6756  -            544 27329at7898          -            588     9e-14   49.5 149.8   1   4    0.0038      0.92    6.6  39.0   260   401     4   160     1   163 0.53 -
NODE_12585_length_11681_cov_31.951735:5125-6756  -            544 27329at7898          -            588     9e-14   49.5 149.8   2   4   1.9e-10   4.7e-08   30.7  59.9   250   453   160   380   154   386 0.76 -
NODE_12585_length_11681_cov_31.951735:5125-6756  -            544 27329at7898          -            588     9e-14   49.5 149.8   3   4   4.8e-07   0.00012   19.4  27.4   330   441   375   491   370   494 0.78 -
NODE_12585_length_11681_cov_31.951735:5125-6756  -            544 27329at7898          -            588     9e-14   49.5 149.8   4   4    0.0099       2.4    5.2  10.4   396   449   486   539   482   544 0.78 -
NODE_70520_length_5002_cov_21.249235:3918-4223   -            102 27329at7898          -            588     4e-11   40.8  20.5   1   1   9.5e-13   2.3e-10   38.3  20.5   257   358     1   102     1   102 0.80 -
NODE_83836_length_4381_cov_38.977347:2563-2835   -             91 27329at7898          -            588   2.7e-09   34.8  12.2   1   1   1.4e-11   3.5e-09   34.4  12.2   348   428     3    91     1    91 0.84 -
NODE_17173_length_10453_cov_34.052637:1138-5527  -            256 27329at7898          -            588   2.5e-08   31.5   5.7   1   2     1e-10   2.5e-08   31.5   5.7   397   433     2    38     1    45 0.94 -
NODE_17173_length_10453_cov_34.052637:1138-5527  -            256 27329at7898          -            588   2.5e-08   31.5   5.7   2   2       2.8   6.9e+02   -2.9  17.8   261   345    66   160    43   169 0.49 -
NODE_57308_length_5762_cov_61.455059:4447-5310   -            218 27329at7898          -            588   1.7e-05   22.2   8.5   1   2   7.1e-08   1.7e-05   22.2   8.5   398   440    69   111    30   125 0.82 -
NODE_57308_length_5762_cov_61.455059:4447-5310   -            218 27329at7898          -            588   1.7e-05   22.2   8.5   2   2     0.039       9.5    3.2   2.1   389   439   143   187   114   205 0.74 -
NODE_11583_length_11999_cov_27.944958:3819-4424  -            202 27329at7898          -            588   2.8e-05   21.5  71.8   1   2    0.0004     0.099    9.8  42.1   166   288     3   114     1   125 0.53 -
NODE_11583_length_11999_cov_27.944958:3819-4424  -            202 27329at7898          -            588   2.8e-05   21.5  71.8   2   2   4.8e-06    0.0012   16.1  33.9   138   241    99   200    97   201 0.90 -
NODE_24599_length_9018_cov_24.961431:1086-8159   -            329 27329at7898          -            588   3.6e-05   21.1  21.2   1   2   2.6e-07   6.3e-05   20.3  12.2   398   434     3    39     1    59 0.80 -
NODE_24599_length_9018_cov_24.961431:1086-8159   -            329 27329at7898          -            588   3.6e-05   21.1  21.2   2   2      0.42     1e+02   -0.2   9.0   189   394    51   113    35   148 0.46 -
NODE_9617_length_12733_cov_31.974830:8203-12372  -            302 27329at7898          -            588   0.00028   18.2  55.3   1   3     0.043        10    3.1  11.6   383   436     5    61     3    78 0.71 -
NODE_9617_length_12733_cov_31.974830:8203-12372  -            302 27329at7898          -            588   0.00028   18.2  55.3   2   3   6.1e-05     0.015   12.5  25.8   331   430    77   188    64   226 0.76 -
NODE_9617_length_12733_cov_31.974830:8203-12372  -            302 27329at7898          -            588   0.00028   18.2  55.3   3   3   5.4e-05     0.013   12.7   4.7   386   429   252   297   242   302 0.66 -
NODE_12491_length_11711_cov_31.021702:4042-4647  -            202 27329at7898          -            588     0.012   12.8  80.8   1   2   5.8e-05     0.014   12.5  45.3   325   440    17   125    16   127 0.82 -
NODE_12491_length_11711_cov_31.021702:4042-4647  -            202 27329at7898          -            588     0.012   12.8  80.8   2   2    0.0029       0.7    7.0  36.7   139   390   100   200    98   202 0.46 -
NODE_707_length_24185_cov_25.933281:9030-15903   -            131 27329at7898          -            588     0.016   12.4   5.1   1   1   0.00012      0.03   11.5   4.7   406   490    25   103    13   126 0.69 -
#
# Program:         hmmsearch
# Version:         3.1b2 (February 2015)
# Pipeline mode:   SEARCH
# Query file:      /home/e1garcia/shotgun_PIRE/abyss/busco_downloads/lineages/actinopterygii_odb10/hmms/27329at7898.hmm
# Target file:     /home/e1garcia/shotgun_PIRE/pire_ssl_data_processing/plotosus_lineatus/busco_scaffolds_results-SPAdes_decontam_R1R2_noIsolate/run_actinopterygii_odb10/metaeuk_output/initial_results/scaffolds.modified.fasta.modified.fas
# Option settings: hmmsearch --domtblout /home/e1garcia/shotgun_PIRE/pire_ssl_data_processing/plotosus_lineatus/busco_scaffolds_results-SPAdes_decontam_R1R2_noIsolate/run_actinopterygii_odb10/hmmer_output/initial_run_results/27329at7898.out --cpu 1 /home/e1garcia/shotgun_PIRE/abyss/busco_downloads/lineages/actinopterygii_odb10/hmms/27329at7898.hmm /home/e1garcia/shotgun_PIRE/pire_ssl_data_processing/plotosus_lineatus/busco_scaffolds_results-SPAdes_decontam_R1R2_noIsolate/run_actinopterygii_odb10/metaeuk_output/initial_results/scaffolds.modified.fasta.modified.fas 
# Current dir:     /home/e1garcia/shotgun_PIRE/pire_ssl_data_processing/plotosus_lineatus
# Date:            Fri Aug 20 13:24:25 2021
# [ok]
