#                                                                                                         --- full sequence --- -------------- this domain -------------   hmm coord   ali coord   env coord
# target name                                     accession   tlen query name           accession   qlen   E-value  score  bias   #  of  c-Evalue  i-Evalue  score  bias  from    to  from    to  from    to  acc description of target
#                             ------------------- ---------- ----- -------------------- ---------- ----- --------- ------ ----- --- --- --------- --------- ------ ----- ----- ----- ----- ----- ----- ----- ---- ---------------------
NODE_108082_length_3498_cov_29.638129:1437-3455   -            359 31397at7898          -            558  1.1e-197  656.3   1.0   1   1  2.3e-199  1.3e-197  656.1   1.0     4   318    30   359    27   359 0.96 -
NODE_11299_length_12100_cov_33.790517:1099-4296   -            438 31397at7898          -            558   4.8e-67  225.1   4.1   1   2   1.1e-47   5.9e-46  155.5   0.6    29   205    46   229    33   243 0.90 -
NODE_11299_length_12100_cov_33.790517:1099-4296   -            438 31397at7898          -            558   4.8e-67  225.1   4.1   2   2   1.5e-21   8.2e-20   69.1   0.2   211   336   309   437   303   438 0.86 -
NODE_55847_length_5862_cov_34.359014:1474-3102    -            543 31397at7898          -            558   7.2e-66  221.2   1.0   1   1   1.6e-67   8.8e-66  220.9   1.0    29   540    10   542     3   543 0.84 -
NODE_354_length_27665_cov_100.191069:10597-26291  -            580 31397at7898          -            558   7.6e-66  221.1  17.7   1   3     4e-34   2.2e-32  110.6   8.1    24   250    19   257     2   275 0.84 -
NODE_354_length_27665_cov_100.191069:10597-26291  -            580 31397at7898          -            558   7.6e-66  221.1  17.7   2   3   7.7e-28   4.2e-26   89.9   0.1   311   526   271   500   261   502 0.83 -
NODE_354_length_27665_cov_100.191069:10597-26291  -            580 31397at7898          -            558   7.6e-66  221.1  17.7   3   3   1.8e-13     1e-11   42.5   0.2   405   533   419   555   416   569 0.66 -
NODE_62835_length_5425_cov_35.843222:2302-4224    -            448 31397at7898          -            558   1.9e-63  213.2   4.3   1   2   1.9e-51   1.1e-49  167.8   1.2    24   327    26   341    16   349 0.89 -
NODE_62835_length_5425_cov_35.843222:2302-4224    -            448 31397at7898          -            558   1.9e-63  213.2   4.3   2   2   1.1e-14     6e-13   46.5   0.1   421   504   355   442   344   447 0.78 -
NODE_4487_length_15861_cov_39.191346:11864-13432  -            523 31397at7898          -            558   9.1e-63  211.0   6.4   1   1   2.5e-64   1.4e-62  210.4   6.4    29   523    10   523     4   523 0.87 -
NODE_8580_length_13201_cov_36.833155:1929-4844    -            565 31397at7898          -            558   3.1e-60  202.6  14.0   1   3   9.7e-41   5.3e-39  132.5   2.6    24   374     9   378     4   383 0.83 -
NODE_8580_length_13201_cov_36.833155:1929-4844    -            565 31397at7898          -            558   3.1e-60  202.6  14.0   2   3   5.8e-13   3.2e-11   40.8   0.2   357   504   264   424   246   426 0.79 -
NODE_8580_length_13201_cov_36.833155:1929-4844    -            565 31397at7898          -            558   3.1e-60  202.6  14.0   3   3   1.5e-16   8.4e-15   52.6   0.4   270   434   369   545   368   549 0.80 -
NODE_673_length_24417_cov_40.986060:1019-19985    -            331 31397at7898          -            558     7e-57  191.5   8.3   1   2   9.2e-51   5.1e-49  165.6   5.5    18   248    18   260    10   268 0.90 -
NODE_673_length_24417_cov_40.986060:1019-19985    -            331 31397at7898          -            558     7e-57  191.5   8.3   2   2     1e-08   5.6e-07   26.8   0.0   317   371   277   331   265   331 0.93 -
NODE_51950_length_6129_cov_34.457877:1812-3285    -            474 31397at7898          -            558   1.2e-55  187.4   1.0   1   1   1.3e-55   6.9e-54  181.6   1.0    32   503     2   474     1   474 0.86 -
NODE_10663_length_12323_cov_35.525851:10377-11939 -            521 31397at7898          -            558   9.5e-55  184.5   1.6   1   1   2.2e-56   1.2e-54  184.1   1.6    34   528     1   511     1   518 0.86 -
NODE_2848_length_17803_cov_38.453061:10268-11815  -            516 31397at7898          -            558   1.9e-54  183.5   0.7   1   1   4.6e-56   2.5e-54  183.1   0.7    33   530     2   514     1   516 0.85 -
NODE_854_length_23157_cov_37.333897:10652-12238   -            529 31397at7898          -            558   1.2e-49  167.7   7.6   1   1   4.3e-51   2.4e-49  166.7   7.6    32   534     6   528     3   529 0.83 -
NODE_130428_length_2864_cov_34.004702:400-2166    -            589 31397at7898          -            558   1.5e-49  167.4   1.2   1   1   1.4e-50   7.9e-49  164.9   1.2    28   530    40   572    29   576 0.81 -
NODE_2848_length_17803_cov_38.453061:2988-4595    -            536 31397at7898          -            558   5.8e-49  165.4   9.3   1   1   4.9e-50   2.7e-48  163.2   9.3    26   519    21   532    12   536 0.84 -
NODE_34846_length_7644_cov_38.478860:2219-3985    -            589 31397at7898          -            558   1.1e-46  157.8   4.6   1   1   6.6e-47   3.6e-45  152.9   4.6    29   530    41   572    15   574 0.80 -
NODE_17709_length_10337_cov_38.663508:2948-7079   -            465 31397at7898          -            558   1.7e-46  157.2   2.4   1   2     3e-37   1.6e-35  121.0   0.3    28   302    20   308     5   314 0.88 -
NODE_17709_length_10337_cov_38.663508:2948-7079   -            465 31397at7898          -            558   1.7e-46  157.2   2.4   2   2   1.4e-11   7.7e-10   36.2   0.1   397   528   316   443   311   446 0.89 -
NODE_9794_length_12658_cov_31.316825:3228-5038    -            565 31397at7898          -            558   2.4e-46  156.8   3.7   1   1   6.2e-46   3.4e-44  149.6   3.7    24   527    16   548    10   563 0.81 -
NODE_854_length_23157_cov_37.333897:13092-14684   -            531 31397at7898          -            558   5.9e-46  155.5  14.3   1   1   8.8e-47   4.8e-45  152.4  14.3    26   527     8   517     2   530 0.83 -
NODE_43992_length_6757_cov_31.726194:670-4222     -            366 31397at7898          -            558   3.4e-43  146.3  10.0   1   3     1e-17   5.7e-16   56.5   0.3    98   206     4   120     2   141 0.82 -
NODE_43992_length_6757_cov_31.726194:670-4222     -            366 31397at7898          -            558   3.4e-43  146.3  10.0   2   3   5.5e-08     3e-06   24.4   0.1   417   459   175   218   160   220 0.83 -
NODE_43992_length_6757_cov_31.726194:670-4222     -            366 31397at7898          -            558   3.4e-43  146.3  10.0   3   3   1.8e-22     1e-20   72.1   1.2   405   540   218   365   218   366 0.88 -
NODE_180045_length_1845_cov_94.415808:181-1746    -            522 31397at7898          -            558   3.9e-43  146.2  11.2   1   3   2.6e-17   1.4e-15   55.2   2.4    33   234     2   213     1   236 0.84 -
NODE_180045_length_1845_cov_94.415808:181-1746    -            522 31397at7898          -            558   3.9e-43  146.2  11.2   2   3   2.8e-12   1.6e-10   38.5   0.0   421   538   255   375   241   377 0.87 -
NODE_180045_length_1845_cov_94.415808:181-1746    -            522 31397at7898          -            558   3.9e-43  146.2  11.2   3   3   6.7e-10   3.7e-08   30.7   0.1   285   363   442   520   437   522 0.94 -
NODE_6192_length_14508_cov_42.219932:2364-4113    -            415 31397at7898          -            558   2.6e-42  143.4   8.3   1   3   3.3e-29   1.8e-27   94.4   6.6    28   229    48   264    35   286 0.82 -
NODE_6192_length_14508_cov_42.219932:2364-4113    -            415 31397at7898          -            558   2.6e-42  143.4   8.3   2   3   2.9e-07   1.6e-05   22.0   0.0   453   511   300   360   295   365 0.83 -
NODE_6192_length_14508_cov_42.219932:2364-4113    -            415 31397at7898          -            558   2.6e-42  143.4   8.3   3   3   2.5e-08   1.4e-06   25.5   0.0   334   384   365   415   358   415 0.92 -
NODE_16248_length_10670_cov_36.267808:2183-3775   -            531 31397at7898          -            558   4.4e-40  136.1   1.1   1   3   7.2e-27   3.9e-25   86.7   0.2    85   374    40   339    35   348 0.81 -
NODE_16248_length_10670_cov_36.267808:2183-3775   -            531 31397at7898          -            558   4.4e-40  136.1   1.1   2   3     0.039       2.1    5.1   0.0   332   351   353   372   337   383 0.64 -
NODE_16248_length_10670_cov_36.267808:2183-3775   -            531 31397at7898          -            558   4.4e-40  136.1   1.1   3   3   2.6e-14   1.4e-12   45.2   0.0   287   434   355   508   353   513 0.87 -
NODE_133160_length_2797_cov_35.557821:418-1572    -            385 31397at7898          -            558   6.8e-37  125.6   7.3   1   2   5.4e-32     3e-30  103.6   5.7    23   325    15   316     7   317 0.85 -
NODE_133160_length_2797_cov_35.557821:418-1572    -            385 31397at7898          -            558   6.8e-37  125.6   7.3   2   2   1.3e-08   7.3e-07   26.4   0.1   316   433   260   385   249   385 0.83 -
NODE_33952_length_7750_cov_82.493269:5836-6612    -            259 31397at7898          -            558   6.5e-36  122.3   1.6   1   1   1.5e-37   8.2e-36  122.0   1.6    25   247    10   246     2   254 0.88 -
NODE_22775_length_9323_cov_33.814397:2717-4036    -            440 31397at7898          -            558   9.8e-36  121.7   1.5   1   1     1e-36   5.7e-35  119.2   1.5    32   416    27   438     6   440 0.84 -
NODE_5916_length_14681_cov_29.733027:7980-9894    -            411 31397at7898          -            558   4.4e-35  119.6   0.4   1   2   9.7e-33   5.3e-31  106.1   0.1    24   218     1   207     1   217 0.87 -
NODE_5916_length_14681_cov_29.733027:7980-9894    -            411 31397at7898          -            558   4.4e-35  119.6   0.4   2   2   0.00035     0.019   11.8   0.0   471   526   328   387   300   408 0.62 -
NODE_74588_length_4800_cov_33.488194:2604-4501    -            462 31397at7898          -            558   1.5e-34  117.8   2.2   1   2   3.4e-16   1.9e-14   51.5   0.3   119   290     5   187     1   234 0.76 -
NODE_74588_length_4800_cov_33.488194:2604-4501    -            462 31397at7898          -            558   1.5e-34  117.8   2.2   2   2   1.1e-20   5.8e-19   66.3   0.1   286   487   235   441   210   453 0.84 -
NODE_34926_length_7636_cov_24.309009:2284-2469    -             62 31397at7898          -            558   2.5e-34  117.1   0.2   1   1   4.9e-36   2.7e-34  117.0   0.2   464   522     1    62     1    62 0.96 -
NODE_27667_length_8539_cov_33.061730:1667-2980    -            438 31397at7898          -            558   3.3e-33  113.4   7.9   1   2   1.1e-30   5.9e-29   99.3   4.5    12   326    11   339     5   364 0.88 -
NODE_27667_length_8539_cov_33.061730:1667-2980    -            438 31397at7898          -            558   3.3e-33  113.4   7.9   2   2     7e-06   0.00039   17.4   0.2   271   372   332   438   303   438 0.58 -
NODE_21582_length_9543_cov_30.696421:833-5395     -            443 31397at7898          -            558   4.8e-33  112.8   7.3   1   2   1.8e-17   9.9e-16   55.7   0.5    60   218     1   166     1   251 0.82 -
NODE_21582_length_9543_cov_30.696421:833-5395     -            443 31397at7898          -            558   4.8e-33  112.8   7.3   2   2   1.2e-18   6.5e-17   59.6   1.3   397   552   266   428   253   432 0.85 -
NODE_67929_length_5138_cov_35.610835:1653-3287    -            545 31397at7898          -            558   1.4e-32  111.3   0.5   1   2   4.9e-26   2.7e-24   84.0   0.0    28   388    19   406     9   407 0.82 -
NODE_67929_length_5138_cov_35.610835:1653-3287    -            545 31397at7898          -            558   1.4e-32  111.3   0.5   2   2   7.5e-11   4.1e-09   33.8   0.2   269   387   380   500   372   510 0.87 -
NODE_153802_length_2328_cov_46.779273:1271-2320   -            350 31397at7898          -            558   2.2e-32  110.6   3.5   1   1   4.7e-34   2.6e-32  110.4   3.5    34   379     1   349     1   350 0.83 -
NODE_9126_length_12936_cov_34.539534:6969-11321   -            623 31397at7898          -            558   2.5e-30  103.9   2.0   1   3   2.1e-28   1.2e-26   91.8   0.6    23   297    14   311     5   458 0.72 -
NODE_9126_length_12936_cov_34.539534:6969-11321   -            623 31397at7898          -            558   2.5e-30  103.9   2.0   2   3     0.049       2.7    4.7   0.1   335   375   466   506   432   528 0.70 -
NODE_9126_length_12936_cov_34.539534:6969-11321   -            623 31397at7898          -            558   2.5e-30  103.9   2.0   3   3     0.014      0.76    6.5   0.0   269   348   501   590   477   610 0.66 -
NODE_10100_length_12541_cov_39.129642:7146-8599   -            424 31397at7898          -            558   7.4e-30  102.3   0.1   1   3   9.7e-22   5.3e-20   69.8   0.0    46   203    11   174     1   187 0.90 -
NODE_10100_length_12541_cov_39.129642:7146-8599   -            424 31397at7898          -            558   7.4e-30  102.3   0.1   2   3      0.61        34    1.1   0.0   512   540   247   275   244   279 0.75 -
NODE_10100_length_12541_cov_39.129642:7146-8599   -            424 31397at7898          -            558   7.4e-30  102.3   0.1   3   3   4.9e-09   2.7e-07   27.9   0.0   271   375   278   384   271   412 0.91 -
NODE_43568_length_6792_cov_30.101599:4490-5527    -            346 31397at7898          -            558   3.4e-29  100.1   0.3   1   2   1.6e-30   8.8e-29   98.8   0.3    24   232     3   224     1   238 0.84 -
NODE_43568_length_6792_cov_30.101599:4490-5527    -            346 31397at7898          -            558   3.4e-29  100.1   0.3   2   2       3.8   2.1e+02   -1.5   0.0   291   326   294   330   290   340 0.64 -
NODE_12932_length_11572_cov_134.994596:7881-8888  -            336 31397at7898          -            558   5.7e-29   99.4   0.5   1   1   1.2e-30   6.8e-29   99.1   0.5    22   234     3   226     1   256 0.88 -
NODE_35058_length_7623_cov_45.227804:7-1056       -            350 31397at7898          -            558   8.3e-29   98.8   5.5   1   1   3.3e-30   1.8e-28   97.7   5.5    34   379     1   349     1   350 0.83 -
NODE_132375_length_2817_cov_29.316041:554-1138    -            195 31397at7898          -            558   1.3e-28   98.2   2.1   1   1   2.9e-30   1.6e-28   97.9   2.1    26   198    11   190     3   194 0.91 -
NODE_170430_length_2012_cov_28.890748:168-1172    -            335 31397at7898          -            558   2.8e-28   97.1   0.2   1   2   4.1e-29   2.2e-27   94.1   0.1    22   232     8   232     4   244 0.85 -
NODE_170430_length_2012_cov_28.890748:168-1172    -            335 31397at7898          -            558   2.8e-28   97.1   0.2   2   2      0.72        39    0.9   0.0   426   459   296   331   287   335 0.65 -
NODE_52096_length_6119_cov_39.218439:304-3004     -            474 31397at7898          -            558   1.1e-27   95.2   4.4   1   3   2.3e-21   1.3e-19   68.5   1.2    46   205     3   169     2   208 0.90 -
NODE_52096_length_6119_cov_39.218439:304-3004     -            474 31397at7898          -            558   1.1e-27   95.2   4.4   2   3       2.1   1.1e+02   -0.6   0.0   485   504   284   303   263   315 0.67 -
NODE_52096_length_6119_cov_39.218439:304-3004     -            474 31397at7898          -            558   1.1e-27   95.2   4.4   3   3   1.9e-08     1e-06   25.9   0.0   408   526   326   454   315   469 0.82 -
NODE_71396_length_4955_cov_41.006384:1945-2991    -            349 31397at7898          -            558   2.2e-27   94.2   0.3   1   1   8.5e-29   4.7e-27   93.1   0.3    24   345     5   346     2   348 0.79 -
NODE_7157_length_13929_cov_39.005857:743-2072     -            327 31397at7898          -            558   2.6e-27   93.9   0.0   1   1   6.3e-29   3.5e-27   93.5   0.0   194   492     2   320     1   325 0.78 -
NODE_55708_length_5871_cov_44.290541:3464-4528    -            355 31397at7898          -            558   4.9e-27   93.0   2.6   1   1   1.1e-28   6.3e-27   92.6   2.6    23   204    24   212    17   256 0.88 -
NODE_21421_length_9571_cov_32.429476:1373-6610    -            451 31397at7898          -            558   7.7e-26   89.0   0.1   1   1   3.2e-27   1.7e-25   87.9   0.1   168   529    37   439    12   450 0.74 -
NODE_100799_length_3736_cov_61.691779:907-2201    -            349 31397at7898          -            558   2.2e-25   87.6   0.1   1   1   5.1e-27   2.8e-25   87.2   0.1    19   278    18   287     3   295 0.82 -
NODE_301287_length_540_cov_103.458050:82-525      -            148 31397at7898          -            558   5.5e-22   76.3   0.2   1   2   4.1e-13   2.2e-11   41.3   0.0   308   374     1    67     1    70 0.94 -
NODE_301287_length_540_cov_103.458050:82-525      -            148 31397at7898          -            558   5.5e-22   76.3   0.2   2   2   1.3e-11   7.4e-10   36.3   0.1   279   356    65   142    63   148 0.93 -
NODE_4287_length_16054_cov_46.731119:1637-12712   -            523 31397at7898          -            558   3.2e-21   73.8   2.5   1   1     2e-22   1.1e-20   72.0   2.5    28   380    44   398    23   486 0.77 -
NODE_18461_length_10168_cov_38.632337:327-1394    -            356 31397at7898          -            558   1.2e-20   71.9   0.8   1   3   1.3e-07   7.1e-06   23.1   0.0   325   388    91   155    83   158 0.90 -
NODE_18461_length_10168_cov_38.632337:327-1394    -            356 31397at7898          -            558   1.2e-20   71.9   0.8   2   3     4e-10   2.2e-08   31.4   0.0   391   487   116   214   100   217 0.87 -
NODE_18461_length_10168_cov_38.632337:327-1394    -            356 31397at7898          -            558   1.2e-20   71.9   0.8   3   3   1.8e-09     1e-07   29.2   0.1   293   381   216   311   214   322 0.86 -
NODE_1607_length_20447_cov_41.321850:840-2781     -            120 31397at7898          -            558   1.6e-20   71.5   3.4   1   2   4.5e-07   2.5e-05   21.4   0.1    33    65     1    33     1    35 0.95 -
NODE_1607_length_20447_cov_41.321850:840-2781     -            120 31397at7898          -            558   1.6e-20   71.5   3.4   2   2   2.3e-16   1.3e-14   52.0   0.6   105   189    34   119    32   120 0.90 -
NODE_311_length_28423_cov_25.444958:7755-8705     -            317 31397at7898          -            558   4.3e-20   70.1   0.0   1   1   9.5e-22   5.2e-20   69.8   0.0    33   212    30   216     4   295 0.83 -
NODE_68317_length_5118_cov_41.992230:2015-4913    -            161 31397at7898          -            558   1.9e-19   68.0   1.2   1   1   3.8e-21   2.1e-19   67.8   1.2    30   164    20   159     4   161 0.90 -
NODE_12561_length_11693_cov_26.575384:2365-2694   -            110 31397at7898          -            558   1.1e-17   62.1   0.1   1   2   6.6e-13   3.6e-11   40.6   0.1   446   497     1    55     1    67 0.77 -
NODE_12561_length_11693_cov_26.575384:2365-2694   -            110 31397at7898          -            558   1.1e-17   62.1   0.1   2   2   1.2e-06   6.9e-05   19.9   0.0   407   432    85   110    76   110 0.61 -
NODE_29026_length_8350_cov_36.324082:304-4244     -            238 31397at7898          -            558   8.7e-17   59.2   0.1   1   1   1.9e-18   1.1e-16   58.9   0.1     2   199    22   230    21   237 0.86 -
NODE_62749_length_5430_cov_32.885387:1348-2145    -            266 31397at7898          -            558   3.6e-16   57.1   0.1   1   1     9e-18   4.9e-16   56.7   0.1   135   374     6   261     2   264 0.78 -
NODE_32006_length_7971_cov_49.945249:5925-6827    -            301 31397at7898          -            558   1.2e-15   55.4   0.7   1   2     3e-17   1.6e-15   55.0   0.3    48   218     1   181     1   243 0.84 -
NODE_32006_length_7971_cov_49.945249:5925-6827    -            301 31397at7898          -            558   1.2e-15   55.4   0.7   2   2       5.4     3e+02   -2.0   0.0   434   459   275   301   258   301 0.71 -
NODE_170180_length_2016_cov_45.454877:378-914     -            179 31397at7898          -            558   1.3e-15   55.3   0.2   1   1   2.5e-17   1.4e-15   55.2   0.2    32   198     2   174     1   179 0.88 -
NODE_4789_length_15583_cov_38.478752:11544-12932  -            463 31397at7898          -            558   3.8e-15   53.8   0.9   1   1   7.5e-16   4.1e-14   50.3   0.9   123   387     4   287     1   290 0.76 -
NODE_10585_length_12358_cov_33.789787:7323-7993   -            121 31397at7898          -            558   1.2e-14   52.1   1.7   1   2   2.6e-09   1.4e-07   28.8   0.1    40    81     1    42     1    47 0.92 -
NODE_10585_length_12358_cov_33.789787:7323-7993   -            121 31397at7898          -            558   1.2e-14   52.1   1.7   2   2   1.1e-07   6.2e-06   23.3   0.3   125   191    47   120    43   121 0.75 -
NODE_2232_length_18896_cov_36.788211:2731-17383   -            658 31397at7898          -            558     2e-14   51.4   0.1   1   1   5.3e-16   2.9e-14   50.8   0.1    18   131    16   135     5   152 0.84 -
NODE_58823_length_5662_cov_35.999101:2083-3171    -            363 31397at7898          -            558   1.2e-13   48.8   0.1   1   1   2.7e-15   1.5e-13   48.5   0.1    23   135    13   127     5   180 0.86 -
NODE_347_length_27759_cov_37.574873:26478-26684   -             69 31397at7898          -            558   3.3e-13   47.3   0.7   1   1   6.4e-15   3.5e-13   47.3   0.7   309   374     2    67     1    69 0.57 -
NODE_196785_length_1585_cov_21.886272:251-610     -            120 31397at7898          -            558   3.8e-13   47.1   0.1   1   1   7.8e-15   4.3e-13   47.0   0.1    21   124    14   117     7   120 0.92 -
NODE_337990_length_432_cov_75.219219:180-428      -             83 31397at7898          -            558   5.6e-13   46.6   0.0   1   1   1.1e-14   6.2e-13   46.4   0.0   304   386     1    83     1    83 0.98 -
NODE_155100_length_2302_cov_24.689514:241-1677    -            479 31397at7898          -            558   7.3e-13   46.2   0.7   1   3   1.5e-05   0.00084   16.3   1.0   114   237     1   135     1   226 0.78 -
NODE_155100_length_2302_cov_24.689514:241-1677    -            479 31397at7898          -            558   7.3e-13   46.2   0.7   2   3   1.5e-05   0.00083   16.3   0.0   290   380   244   336   213   354 0.78 -
NODE_155100_length_2302_cov_24.689514:241-1677    -            479 31397at7898          -            558   7.3e-13   46.2   0.7   3   3    0.0014     0.079    9.8   0.0   308   351   407   451   385   458 0.82 -
NODE_79256_length_4581_cov_22.055332:155-3271     -            422 31397at7898          -            558   3.6e-12   43.9   0.3   1   1   9.2e-14   5.1e-12   43.4   0.3    29   130    25   125    14   136 0.90 -
NODE_6643_length_14217_cov_31.033362:10601-11056  -            152 31397at7898          -            558   7.9e-12   42.8   0.5   1   1   1.8e-13     1e-11   42.5   0.5    23   131     9   119     2   127 0.83 -
NODE_64553_length_5323_cov_33.018760:266-1057     -            264 31397at7898          -            558   7.9e-12   42.8   0.3   1   1     2e-13   1.1e-11   42.4   0.3    23   132    15   122     4   127 0.85 -
NODE_117332_length_3217_cov_32.716485:781-1857    -            359 31397at7898          -            558   9.5e-12   42.5   0.1   1   1   2.5e-13   1.4e-11   42.0   0.1    20   129     9   119     2   124 0.90 -
NODE_193811_length_1628_cov_36.232178:579-743     -             55 31397at7898          -            558   1.6e-11   41.8   0.1   1   1   2.9e-13   1.6e-11   41.8   0.1   490   539     1    50     1    55 0.58 -
NODE_52230_length_6111_cov_28.884897:4922-5806    -            295 31397at7898          -            558   2.1e-11   41.4   0.7   1   2   3.4e-06   0.00019   18.5   0.0    24    68    23    67     4    79 0.85 -
NODE_52230_length_6111_cov_28.884897:4922-5806    -            295 31397at7898          -            558   2.1e-11   41.4   0.7   2   2   5.5e-07     3e-05   21.1   0.7    88   247   115   279   104   288 0.84 -
NODE_92096_length_4051_cov_42.503543:1939-3216    -            426 31397at7898          -            558   5.9e-11   39.9   3.1   1   3   0.00023     0.013   12.4   0.4    57   167    10   116     2   138 0.88 -
NODE_92096_length_4051_cov_42.503543:1939-3216    -            426 31397at7898          -            558   5.9e-11   39.9   3.1   2   3   8.9e-09   4.9e-07   27.0   0.0   376   501   157   291   139   330 0.77 -
NODE_92096_length_4051_cov_42.503543:1939-3216    -            426 31397at7898          -            558   5.9e-11   39.9   3.1   3   3       2.8   1.5e+02   -1.1   0.0   278   324   338   388   313   401 0.75 -
NODE_30327_length_8176_cov_26.360406:3326-4681    -            452 31397at7898          -            558   1.3e-10   38.8   0.0   1   1   3.2e-12   1.8e-10   38.3   0.0    21   128    31   141    23   144 0.85 -
NODE_125191_length_3000_cov_41.030334:2122-2289   -             56 31397at7898          -            558   1.2e-09   35.6   0.1   1   1   2.2e-11   1.2e-09   35.6   0.1   307   358     4    55     1    56 0.70 -
NODE_10585_length_12358_cov_33.789787:2241-2408   -             56 31397at7898          -            558   1.3e-09   35.5   0.0   1   1   2.6e-11   1.4e-09   35.4   0.0   335   385     4    54     1    56 0.46 -
NODE_24147_length_9089_cov_39.359511:4985-6163    -            393 31397at7898          -            558   1.4e-09   35.4   0.1   1   2    0.0017     0.094    9.5   0.0   110   165     5    60     1    78 0.91 -
NODE_24147_length_9089_cov_39.359511:4985-6163    -            393 31397at7898          -            558   1.4e-09   35.4   0.1   2   2   8.3e-08   4.6e-06   23.8   0.0   399   524   154   281   124   351 0.56 -
NODE_355_length_27665_cov_74.544294:23442-24980   -            513 31397at7898          -            558   2.2e-09   34.8   2.6   1   3   8.7e-06   0.00048   17.1   1.1   114   215     2   110     1   123 0.83 -
NODE_355_length_27665_cov_74.544294:23442-24980   -            513 31397at7898          -            558   2.2e-09   34.8   2.6   2   3   1.8e-05     0.001   16.0   0.0   197   375   124   311   111   330 0.68 -
NODE_355_length_27665_cov_74.544294:23442-24980   -            513 31397at7898          -            558   2.2e-09   34.8   2.6   3   3       4.6   2.5e+02   -1.8   0.0   492   538   400   442   390   450 0.65 -
NODE_5743_length_14805_cov_45.318917:193-8504     -            511 31397at7898          -            558   4.3e-09   33.8   0.3   1   1   1.2e-10   6.4e-09   33.2   0.3    23   127    13   112     5   119 0.90 -
NODE_54236_length_5969_cov_33.425554:3170-4684    -            505 31397at7898          -            558   4.3e-09   33.8   0.0   1   1   1.3e-10     7e-09   33.1   0.0     5   128     3   124     1   143 0.88 -
NODE_136917_length_2705_cov_23.749424:631-990     -            120 31397at7898          -            558   5.3e-09   33.5   0.0   1   1   1.1e-10   6.2e-09   33.2   0.0    30   127    12   110     2   118 0.89 -
NODE_1273_length_21389_cov_48.690277:391-5748     -            430 31397at7898          -            558   5.8e-09   33.3   0.0   1   1   1.5e-10   8.5e-09   32.8   0.0    29   130    48   150    28   159 0.83 -
NODE_53585_length_6018_cov_37.457003:3279-4661    -            461 31397at7898          -            558   6.5e-09   33.2   0.2   1   1   1.7e-10   9.1e-09   32.7   0.2    23   126     8   107     3   115 0.88 -
NODE_1088_length_22075_cov_38.763924:12377-12523  -             49 31397at7898          -            558     7e-09   33.1   0.0   1   1   1.4e-10   7.7e-09   32.9   0.0   318   358     2    44     1    48 0.78 -
NODE_50652_length_6223_cov_37.398269:5450-5605    -             52 31397at7898          -            558   7.5e-09   33.0   0.1   1   1   1.4e-10   7.6e-09   32.9   0.1   306   354     3    51     1    52 0.44 -
NODE_6102_length_14561_cov_28.820426:5987-14073   -            337 31397at7898          -            558   1.1e-08   32.5   0.0   1   1     3e-10   1.6e-08   31.9   0.0    27   135   216   324   209   335 0.88 -
NODE_65947_length_5246_cov_33.118516:3737-5073    -            412 31397at7898          -            558   1.4e-08   32.0   0.3   1   1   3.7e-10     2e-08   31.6   0.3    32   134    27   131    14   135 0.89 -
NODE_21817_length_9499_cov_29.252979:4619-4783    -             55 31397at7898          -            558   1.5e-08   32.0   0.1   1   1   2.8e-10   1.5e-08   32.0   0.1   395   444     4    54     1    55 0.54 -
NODE_5115_length_15284_cov_32.307870:2435-3334    -            300 31397at7898          -            558   1.7e-08   31.8   0.0   1   1   4.2e-10   2.3e-08   31.4   0.0    27   125    13   117     2   122 0.82 -
NODE_44720_length_6694_cov_23.253677:2572-2865    -             98 31397at7898          -            558     4e-08   30.6   0.1   1   1   7.6e-10   4.2e-08   30.5   0.1    23   118     4    96     1    98 0.88 -
NODE_30357_length_8171_cov_42.449950:836-4111     -           1092 31397at7898          -            558   5.6e-08   30.1   0.0   1   1   1.8e-09     1e-07   29.2   0.0    28   108    16    97     4   112 0.85 -
NODE_24359_length_9052_cov_43.429353:3116-8429    -            531 31397at7898          -            558   6.1e-08   30.0   1.3   1   1   1.6e-09   8.8e-08   29.4   1.3    24   130   263   371   252   378 0.86 -
NODE_22845_length_9311_cov_36.801780:5914-6093    -             60 31397at7898          -            558   1.1e-07   29.1   0.1   1   1   2.1e-09   1.1e-07   29.1   0.1   402   448     8    55     1    60 0.49 -
NODE_2993_length_17619_cov_38.612215:2491-3726    -            412 31397at7898          -            558   8.3e-07   26.2   0.8   1   1   2.1e-08   1.2e-06   25.7   0.8    22   125    27   129    12   140 0.88 -
NODE_1999_length_19449_cov_52.882222:17458-17751  -             98 31397at7898          -            558   1.4e-06   25.5   0.1   1   1   2.7e-08   1.5e-06   25.4   0.1    28   118     9    96     2    98 0.87 -
NODE_52586_length_6086_cov_31.260899:1096-3132    -            679 31397at7898          -            558   1.5e-06   25.4   0.0   1   1   1.3e-07     7e-06   23.2   0.0   284   372   457   543   443   548 0.81 -
NODE_32339_length_7932_cov_54.512447:1249-4809    -            659 31397at7898          -            558   7.2e-06   23.1   0.3   1   1   1.8e-07     1e-05   22.6   0.3    22   136    33   148    18   157 0.79 -
NODE_28346_length_8449_cov_40.835808:2036-3133    -            366 31397at7898          -            558   8.2e-06   22.9   0.1   1   2      0.14       7.9    3.2   0.0    51    76     7    32     2   124 0.84 -
NODE_28346_length_8449_cov_40.835808:2036-3133    -            366 31397at7898          -            558   8.2e-06   22.9   0.1   2   2   6.8e-06   0.00037   17.5   0.0   271   347   196   273   158   293 0.85 -
NODE_27111_length_8619_cov_23.535915:6204-7694    -            497 31397at7898          -            558   1.4e-05   22.2   0.3   1   1   3.7e-07     2e-05   21.6   0.3    23   129    13   119     4   134 0.85 -
NODE_1976_length_19508_cov_31.967077:4383-6053    -            557 31397at7898          -            558   3.3e-05   20.9   0.1   1   1   9.3e-07   5.1e-05   20.3   0.1    23   128    13   118     3   131 0.79 -
NODE_31755_length_8003_cov_36.486210:586-7564     -            756 31397at7898          -            558   5.8e-05   20.1   0.5   1   1     2e-06   0.00011   19.2   0.5    24   101    94   172    85   210 0.81 -
NODE_55463_length_5888_cov_26.820349:302-1789     -            496 31397at7898          -            558   5.8e-05   20.1   0.6   1   1   1.6e-06   8.6e-05   19.6   0.6    22   128    12   118     3   128 0.86 -
NODE_25927_length_8805_cov_34.052607:2114-3748    -            545 31397at7898          -            558   7.9e-05   19.7   0.0   1   1   2.1e-06   0.00012   19.1   0.0    28   120     9    97     2   110 0.85 -
NODE_26995_length_8636_cov_33.329273:792-3770     -            993 31397at7898          -            558   0.00021   18.3   0.0   1   1   6.1e-06   0.00034   17.6   0.0    30    99    26    94    16   118 0.86 -
NODE_37421_length_7375_cov_35.961655:4107-6041    -            645 31397at7898          -            558   0.00025   18.1   0.1   1   1   6.5e-06   0.00036   17.5   0.1    24    97    11    84     4   109 0.76 -
NODE_34445_length_7691_cov_29.713119:5245-6975    -            577 31397at7898          -            558   0.00045   17.2   0.0   1   1   1.2e-05   0.00068   16.6   0.0    21   125    11   126     5   132 0.68 -
NODE_7031_length_14000_cov_38.143299:1195-2604    -            470 31397at7898          -            558   0.00045   17.2   0.1   1   1   1.1e-05   0.00063   16.7   0.1    24    97    27    96    15   145 0.69 -
NODE_10943_length_12222_cov_34.951085:4050-5282   -            411 31397at7898          -            558    0.0071   13.2   0.0   1   1   0.00018      0.01   12.7   0.0    26   133    30   134     8   139 0.74 -
NODE_9932_length_12604_cov_40.482287:7050-7184    -             45 31397at7898          -            558     0.019   11.9   0.0   1   1   0.00034     0.019   11.9   0.0   335   369     3    37     1    44 0.62 -
#
# Program:         hmmsearch
# Version:         3.1b2 (February 2015)
# Pipeline mode:   SEARCH
# Query file:      /home/e1garcia/shotgun_PIRE/abyss/busco_downloads/lineages/actinopterygii_odb10/hmms/31397at7898.hmm
# Target file:     /home/e1garcia/shotgun_PIRE/pire_ssl_data_processing/plotosus_lineatus/busco_scaffolds_results-SPAdes_decontam_R1R2_noIsolate/run_actinopterygii_odb10/metaeuk_output/initial_results/scaffolds.modified.fasta.modified.fas
# Option settings: hmmsearch --domtblout /home/e1garcia/shotgun_PIRE/pire_ssl_data_processing/plotosus_lineatus/busco_scaffolds_results-SPAdes_decontam_R1R2_noIsolate/run_actinopterygii_odb10/hmmer_output/initial_run_results/31397at7898.out --cpu 1 /home/e1garcia/shotgun_PIRE/abyss/busco_downloads/lineages/actinopterygii_odb10/hmms/31397at7898.hmm /home/e1garcia/shotgun_PIRE/pire_ssl_data_processing/plotosus_lineatus/busco_scaffolds_results-SPAdes_decontam_R1R2_noIsolate/run_actinopterygii_odb10/metaeuk_output/initial_results/scaffolds.modified.fasta.modified.fas 
# Current dir:     /home/e1garcia/shotgun_PIRE/pire_ssl_data_processing/plotosus_lineatus
# Date:            Fri Aug 20 13:18:25 2021
# [ok]
