#                                                                                                        --- full sequence --- -------------- this domain -------------   hmm coord   ali coord   env coord
# target name                                    accession   tlen query name           accession   qlen   E-value  score  bias   #  of  c-Evalue  i-Evalue  score  bias  from    to  from    to  from    to  acc description of target
#                            ------------------- ---------- ----- -------------------- ---------- ----- --------- ------ ----- --- --- --------- --------- ------ ----- ----- ----- ----- ----- ----- ----- ---- ---------------------
NODE_58634_length_5675_cov_31.793580:2052-5299   -            355 33023at7898          -            528  7.1e-159  528.1  30.9   1   3   1.6e-55   1.3e-53  180.8   2.7    86   181     2   118     1   129 0.92 -
NODE_58634_length_5675_cov_31.793580:2052-5299   -            355 33023at7898          -            528  7.1e-159  528.1  30.9   2   3   3.1e-57   2.5e-55  186.4  12.9   176   296   136   270   118   273 0.87 -
NODE_58634_length_5675_cov_31.793580:2052-5299   -            355 33023at7898          -            528  7.1e-159  528.1  30.9   3   3   1.8e-51   1.5e-49  167.4   1.7   324   405   274   355   269   355 0.98 -
NODE_105119_length_3594_cov_29.295851:760-2201   -            410 33023at7898          -            528   1.5e-15   55.2   0.0   1   2     5e-06    0.0004   17.4   0.0   421   527   127   231    93   232 0.80 -
NODE_105119_length_3594_cov_29.295851:760-2201   -            410 33023at7898          -            528   1.5e-15   55.2   0.0   2   2   1.9e-11   1.5e-09   35.3   0.0   428   527   258   357   239   360 0.90 -
NODE_26513_length_8706_cov_34.847798:5710-8501   -            293 33023at7898          -            528     2e-15   54.8   9.0   1   6   0.00046     0.037   11.0   0.2   258   305     6    52     3    57 0.85 -
NODE_26513_length_8706_cov_34.847798:5710-8501   -            293 33023at7898          -            528     2e-15   54.8   9.0   2   6    0.0036      0.29    8.0   0.1   253   290    43    80    39    88 0.86 -
NODE_26513_length_8706_cov_34.847798:5710-8501   -            293 33023at7898          -            528     2e-15   54.8   9.0   3   6   1.2e-10   9.5e-09   32.7   0.5   438   526    90   177    82   179 0.84 -
NODE_26513_length_8706_cov_34.847798:5710-8501   -            293 33023at7898          -            528     2e-15   54.8   9.0   4   6   1.3e-07     1e-05   22.7   0.0   429   526   123   218   120   220 0.90 -
NODE_26513_length_8706_cov_34.847798:5710-8501   -            293 33023at7898          -            528     2e-15   54.8   9.0   5   6    0.0044      0.35    7.7   0.0   257   298   188   228   180   235 0.86 -
NODE_26513_length_8706_cov_34.847798:5710-8501   -            293 33023at7898          -            528     2e-15   54.8   9.0   6   6       2.4     2e+02   -1.3   0.0   268   289   247   269   222   274 0.67 -
NODE_18001_length_10274_cov_50.144668:444-9151   -            439 33023at7898          -            528   5.4e-15   53.3   2.1   1   3   7.2e-05    0.0058   13.6   0.0   453   526    11    88     5    90 0.78 -
NODE_18001_length_10274_cov_50.144668:444-9151   -            439 33023at7898          -            528   5.4e-15   53.3   2.1   2   3   1.6e-07   1.3e-05   22.4   0.1   252   301    92   138    91   159 0.83 -
NODE_18001_length_10274_cov_50.144668:444-9151   -            439 33023at7898          -            528   5.4e-15   53.3   2.1   3   3   2.1e-05    0.0017   15.4   0.4   438   527   160   245   133   246 0.78 -
NODE_36206_length_7499_cov_40.033649:2331-6852   -            295 33023at7898          -            528   7.4e-15   52.9   1.7   1   2   3.3e-06   0.00027   18.0   0.5   268   340     8    85     3    92 0.77 -
NODE_36206_length_7499_cov_40.033649:2331-6852   -            295 33023at7898          -            528   7.4e-15   52.9   1.7   2   2   9.2e-13   7.4e-11   39.7   0.9   256   487    38   286    36   291 0.76 -
NODE_49885_length_6277_cov_39.555520:1398-5838   -            295 33023at7898          -            528   6.5e-11   39.9   3.6   1   2   1.1e-10   9.1e-09   32.8   1.2   259   444    16   217     4   228 0.75 -
NODE_49885_length_6277_cov_39.555520:1398-5838   -            295 33023at7898          -            528   6.5e-11   39.9   3.6   2   2    0.0098      0.79    6.6   0.1   251   306   222   276   210   293 0.75 -
NODE_7237_length_13885_cov_29.940012:4767-11972  -            294 33023at7898          -            528   2.1e-10   38.2   2.9   1   3    0.0014      0.11    9.4   0.0   271   304    19    52     5    60 0.88 -
NODE_7237_length_13885_cov_29.940012:4767-11972  -            294 33023at7898          -            528   2.1e-10   38.2   2.9   2   3   1.2e-06   9.5e-05   19.5   0.1   430   489   106   163    65   171 0.90 -
NODE_7237_length_13885_cov_29.940012:4767-11972  -            294 33023at7898          -            528   2.1e-10   38.2   2.9   3   3    0.0022      0.18    8.7   0.1   431   495   192   259   176   294 0.62 -
NODE_792_length_23596_cov_33.653105:4175-4966    -            264 33023at7898          -            528     2e-09   35.0  11.9   1   1   1.4e-08   1.1e-06   25.9  11.9   272   419    39   194    20   264 0.50 -
NODE_8961_length_13017_cov_33.997600:5056-12401  -            296 33023at7898          -            528   2.3e-09   34.8   0.8   1   3      0.98        79   -0.0   0.0   260   290     7    37     5    58 0.52 -
NODE_8961_length_13017_cov_33.997600:5056-12401  -            296 33023at7898          -            528   2.3e-09   34.8   0.8   2   3   3.2e-10   2.6e-08   31.3   0.4   361   499    75   217    52   252 0.73 -
NODE_8961_length_13017_cov_33.997600:5056-12401  -            296 33023at7898          -            528   2.3e-09   34.8   0.8   3   3      0.85        68    0.2   0.0   273   310   235   272   216   286 0.66 -
NODE_55_length_38819_cov_30.602996:18528-37011   -            470 33023at7898          -            528   4.6e-09   33.7   0.7   1   3       8.7     7e+02   -3.1   0.5    54    81    84   110    81   124 0.67 -
NODE_55_length_38819_cov_30.602996:18528-37011   -            470 33023at7898          -            528   4.6e-09   33.7   0.7   2   3   5.7e-11   4.6e-09   33.7   0.7   379   512   153   287   147   295 0.82 -
NODE_55_length_38819_cov_30.602996:18528-37011   -            470 33023at7898          -            528   4.6e-09   33.7   0.7   3   3       0.5        41    0.9   0.0   353   417   300   369   292   376 0.46 -
NODE_95404_length_3927_cov_24.090125:2947-3147   -             67 33023at7898          -            528   2.6e-08   31.3   0.4   1   1   3.7e-10     3e-08   31.1   0.4   277   335     2    62     1    66 0.55 -
NODE_103737_length_3639_cov_25.143785:294-497    -             68 33023at7898          -            528   1.5e-07   28.8   0.1   1   1   1.9e-09   1.5e-07   28.8   0.1    55    84    21    50     3    58 0.89 -
NODE_279950_length_660_cov_0.909091:10-354       -            115 33023at7898          -            528   1.7e-07   28.6   0.2   1   1   6.4e-09   5.1e-07   27.0   0.2   428   526    15   113     5   115 0.77 -
NODE_6422_length_14350_cov_40.480949:12179-14106 -            282 33023at7898          -            528   1.9e-07   28.4   2.2   1   2   1.3e-07     1e-05   22.7   0.4   422   527    93   204    74   205 0.81 -
NODE_6422_length_14350_cov_40.480949:12179-14106 -            282 33023at7898          -            528   1.9e-07   28.4   2.2   2   2      0.12        10    2.9   0.1   453   488   240   272   233   281 0.50 -
NODE_89667_length_4142_cov_25.976008:3409-3906   -            166 33023at7898          -            528   4.5e-07   27.2   1.8   1   2    0.0055      0.44    7.4   0.1   487   523     3    39     1    44 0.43 -
NODE_89667_length_4142_cov_25.976008:3409-3906   -            166 33023at7898          -            528   4.5e-07   27.2   1.8   2   2   1.1e-06   9.2e-05   19.6   0.3   430   525    72   166    50   166 0.78 -
NODE_6765_length_14155_cov_32.943796:597-7572    -            322 33023at7898          -            528   1.8e-06   25.2   2.5   1   3       2.5     2e+02   -1.3   0.0   257   288    22    53    12    58 0.77 -
NODE_6765_length_14155_cov_32.943796:597-7572    -            322 33023at7898          -            528   1.8e-06   25.2   2.5   2   3   2.2e-06   0.00017   18.7   0.4   255   323    64   133    46   153 0.75 -
NODE_6765_length_14155_cov_32.943796:597-7572    -            322 33023at7898          -            528   1.8e-06   25.2   2.5   3   3     0.019       1.5    5.6   0.0   271   358   205   256   165   277 0.58 -
NODE_5583_length_14928_cov_36.355452:1-3010      -            347 33023at7898          -            528   1.5e-05   22.2   4.0   1   1   4.8e-07   3.9e-05   20.8   3.8   270   449   142   341   122   347 0.70 -
NODE_16408_length_10634_cov_28.399241:5212-5562  -            117 33023at7898          -            528   1.6e-05   22.1   3.5   1   1   1.9e-07   1.6e-05   22.1   3.5    56    90     2    42     1    92 0.81 -
NODE_110447_length_3423_cov_31.882371:2569-2754  -             62 33023at7898          -            528   1.8e-05   21.9   1.1   1   1   2.3e-07   1.8e-05   21.9   1.1    55    82    12    39     3    53 0.89 -
NODE_48403_length_6391_cov_22.934679:1793-6133   -            344 33023at7898          -            528   3.5e-05   21.0   2.0   1   1    0.0022      0.17    8.8   0.1   448   524   128   206   107   210 0.75 -
NODE_95341_length_3929_cov_43.464491:2022-2978   -            167 33023at7898          -            528   3.7e-05   20.9   1.3   1   1   5.6e-07   4.5e-05   20.6   1.3   250   303    21    81     5   104 0.81 -
NODE_101772_length_3704_cov_32.446047:1293-3052  -            104 33023at7898          -            528   4.5e-05   20.6   0.4   1   1   6.1e-07   4.9e-05   20.5   0.4   255   294    13    51     9    86 0.90 -
NODE_91215_length_4084_cov_23.435885:2080-2562   -            161 33023at7898          -            528   6.5e-05   20.1   6.5   1   2   8.1e-07   6.5e-05   20.1   6.5    52    89     6    44     3    56 0.82 -
NODE_91215_length_4084_cov_23.435885:2080-2562   -            161 33023at7898          -            528   6.5e-05   20.1   6.5   2   2       3.2   2.6e+02   -1.7   0.1   279   297    78    96    62   130 0.64 -
NODE_201768_length_1512_cov_15.436660:2-397      -            132 33023at7898          -            528     7e-05   19.9   6.6   1   1   8.7e-07     7e-05   19.9   6.6    55    84     2    31     1    44 0.82 -
NODE_13888_length_11291_cov_39.742227:3340-10710 -            260 33023at7898          -            528    0.0001   19.5   0.2   1   1   1.5e-05    0.0012   15.9   0.2   395   486   153   248    97   257 0.46 -
NODE_90287_length_4119_cov_62.350249:2157-2621   -            155 33023at7898          -            528    0.0001   19.4   7.7   1   1   1.3e-06    0.0001   19.4   7.7    55    84     2    31     1    74 0.77 -
NODE_30221_length_8190_cov_34.570510:4438-4617   -             60 33023at7898          -            528   0.00013   19.0   1.8   1   1   1.7e-06   0.00014   19.0   1.8    56    82    15    41     5    47 0.90 -
NODE_154672_length_2311_cov_33.755425:630-1088   -            153 33023at7898          -            528   0.00019   18.5   7.1   1   2   2.3e-06   0.00019   18.5   7.1    56    89     2    36     1    61 0.81 -
NODE_154672_length_2311_cov_33.755425:630-1088   -            153 33023at7898          -            528   0.00019   18.5   7.1   2   2       2.2   1.7e+02   -1.1   0.1    33    80    56   103    50   128 0.60 -
NODE_329948_length_453_cov_0.864407:57-272       -             72 33023at7898          -            528   0.00019   18.5   0.1   1   1   2.7e-06   0.00022   18.3   0.1   429   487    12    69     6    72 0.83 -
NODE_115243_length_3278_cov_36.639824:222-785    -            188 33023at7898          -            528   0.00019   18.5   4.9   1   2   2.4e-06   0.00019   18.5   4.9    55    85    16    46     5    65 0.80 -
NODE_115243_length_3278_cov_36.639824:222-785    -            188 33023at7898          -            528   0.00019   18.5   4.9   2   2       8.2   6.6e+02   -3.1   2.6    57    82   103   127    67   169 0.59 -
NODE_73944_length_4831_cov_33.864117:3687-4277   -            197 33023at7898          -            528   0.00021   18.4   1.2   1   1   2.7e-06   0.00021   18.4   1.2    56    82     3    29     1    73 0.87 -
NODE_26700_length_8677_cov_68.504663:2651-3109   -            153 33023at7898          -            528   0.00022   18.3   5.3   1   1   2.7e-06   0.00022   18.3   5.3    56    84     2    30     1    48 0.84 -
NODE_47584_length_6453_cov_58.633302:2901-3437   -            179 33023at7898          -            528   0.00023   18.3   7.0   1   2   2.8e-06   0.00023   18.3   7.0    55    88     2    36     1    69 0.84 -
NODE_47584_length_6453_cov_58.633302:2901-3437   -            179 33023at7898          -            528   0.00023   18.3   7.0   2   2       3.4   2.7e+02   -1.8   0.0   323   351    77   105    55   120 0.78 -
NODE_95691_length_3917_cov_16.681771:601-1155    -            185 33023at7898          -            528   0.00025   18.2   8.3   1   1   5.2e-06   0.00042   17.4   8.3    56    84     2    30     1    45 0.84 -
NODE_65657_length_5263_cov_31.357862:601-1815    -            405 33023at7898          -            528   0.00025   18.1   3.3   1   1   6.2e-06    0.0005   17.1   3.3    56    82     8    34     4    52 0.82 -
NODE_4589_length_15765_cov_84.393974:998-12117   -            319 33023at7898          -            528   0.00025   18.1   0.2   1   1   6.9e-06   0.00055   17.0   0.1   432   490    94   151    83   193 0.79 -
NODE_60666_length_5554_cov_27.054079:389-739     -            117 33023at7898          -            528   0.00036   17.6   2.5   1   1   7.5e-06   0.00061   16.9   2.5    56    82     4    30     2    58 0.80 -
NODE_105257_length_3589_cov_44.806877:1431-2861  -            477 33023at7898          -            528   0.00052   17.1   3.0   1   1   1.3e-05    0.0011   16.0   3.0    48    83     6    41     2    48 0.86 -
NODE_191723_length_1659_cov_18.935256:47-505     -            153 33023at7898          -            528   0.00053   17.1   7.6   1   2   6.5e-06   0.00053   17.1   7.6    56    83     2    29     1    48 0.85 -
NODE_191723_length_1659_cov_18.935256:47-505     -            153 33023at7898          -            528   0.00053   17.1   7.6   2   2         3   2.4e+02   -1.6   0.1    35    84    58   107    48   129 0.57 -
NODE_26538_length_8702_cov_36.184006:6065-6463   -            133 33023at7898          -            528    0.0007   16.6   2.4   1   1   8.7e-06    0.0007   16.6   2.4    56    82     2    28     1    41 0.92 -
NODE_288869_length_601_cov_40.852590:195-509     -            105 33023at7898          -            528   0.00079   16.5   0.7   1   1   1.3e-05     0.001   16.1   0.7    58    83     1    26     1    38 0.92 -
NODE_119258_length_3164_cov_41.775530:759-1337   -            193 33023at7898          -            528   0.00079   16.5   1.0   1   1   1.5e-05    0.0012   15.9   1.0    58    82     1    25     1    30 0.95 -
NODE_20090_length_9825_cov_88.397388:1880-5204   -            935 33023at7898          -            528    0.0011   16.0   1.3   1   2   0.00039     0.031   11.2   0.1   405   490   151   242   147   289 0.65 -
NODE_20090_length_9825_cov_88.397388:1880-5204   -            935 33023at7898          -            528    0.0011   16.0   1.3   2   2     0.073       5.9    3.7   0.0   444   526   251   333   248   335 0.69 -
NODE_38982_length_7223_cov_35.073835:4826-5179   -            118 33023at7898          -            528    0.0011   16.0   5.6   1   1   1.4e-05    0.0011   16.0   5.6    57    84     3    30     1    47 0.88 -
NODE_14883_length_11022_cov_36.094205:4312-4824  -            171 33023at7898          -            528    0.0012   15.9   3.4   1   1   2.3e-05    0.0019   15.2   3.4    58    82     1    25     1    42 0.92 -
NODE_155754_length_2288_cov_18.692097:730-1179   -            150 33023at7898          -            528    0.0013   15.8   6.8   1   1   2.5e-05     0.002   15.1   6.8    58    83     1    26     1    47 0.86 -
NODE_57263_length_5766_cov_27.977590:1499-4565   -            215 33023at7898          -            528    0.0013   15.7   0.2   1   1   3.5e-05    0.0029   14.6   0.2   255   312    60   117    36   138 0.50 -
NODE_144335_length_2528_cov_58.366406:343-837    -            165 33023at7898          -            528    0.0014   15.6   6.0   1   1   2.6e-05    0.0021   15.1   6.0    55    89     2    37     1    49 0.84 -
NODE_25325_length_8898_cov_28.233549:1405-1797   -            131 33023at7898          -            528    0.0019   15.3   2.0   1   2   2.3e-05    0.0019   15.3   2.0    57    82     2    27     1    34 0.93 -
NODE_25325_length_8898_cov_28.233549:1405-1797   -            131 33023at7898          -            528    0.0019   15.3   2.0   2   2       5.9   4.8e+02   -2.6   0.1   278   303    97   122    84   124 0.77 -
NODE_12733_length_11636_cov_66.850308:2183-2836  -            218 33023at7898          -            528    0.0019   15.2   1.3   1   2   2.4e-05    0.0019   15.2   1.3    57    82     2    27     1    33 0.93 -
NODE_12733_length_11636_cov_66.850308:2183-2836  -            218 33023at7898          -            528    0.0019   15.2   1.3   2   2         5     4e+02   -2.3   0.2   278   303    93   118    57   154 0.62 -
NODE_325712_length_464_cov_0.978082:64-408       -            115 33023at7898          -            528    0.0028   14.7   0.1   1   2   0.00015     0.012   12.5   0.1   260   307     1    47     1    74 0.82 -
NODE_325712_length_464_cov_0.978082:64-408       -            115 33023at7898          -            528    0.0028   14.7   0.1   2   2    0.0014      0.11    9.4   0.1   435   526    22   111    17   113 0.70 -
NODE_91528_length_4071_cov_38.121853:3618-4070   -            151 33023at7898          -            528    0.0028   14.7   4.3   1   2   3.5e-05    0.0028   14.7   4.3    60    89     1    31     1    43 0.81 -
NODE_91528_length_4071_cov_38.121853:3618-4070   -            151 33023at7898          -            528    0.0028   14.7   4.3   2   2       1.4   1.1e+02   -0.5   0.3    50    89    68   110    43   133 0.60 -
NODE_1543_length_20601_cov_48.885816:3713-10278  -            442 33023at7898          -            528    0.0029   14.6   4.1   1   1   5.6e-05    0.0045   14.0   4.1    55    96   390   432   372   441 0.83 -
NODE_105323_length_3587_cov_33.966743:343-726    -            128 33023at7898          -            528    0.0031   14.5   8.0   1   1   4.2e-05    0.0034   14.4   8.0    56   131     8    87     3   128 0.63 -
NODE_79241_length_4581_cov_45.842704:730-1116    -            129 33023at7898          -            528    0.0031   14.5   6.6   1   2   3.9e-05    0.0031   14.5   6.6    57    82     3    28     1    66 0.80 -
NODE_79241_length_4581_cov_45.842704:730-1116    -            129 33023at7898          -            528    0.0031   14.5   6.6   2   2       2.7   2.1e+02   -1.4   1.9    80   101   107   128    59   129 0.45 -
NODE_29242_length_8319_cov_30.038686:3729-4181   -            151 33023at7898          -            528    0.0035   14.4   1.2   1   2   4.3e-05    0.0035   14.4   1.2    58    82     1    25     1    34 0.93 -
NODE_29242_length_8319_cov_30.038686:3729-4181   -            151 33023at7898          -            528    0.0035   14.4   1.2   2   2      0.35        29    1.4   0.2   250   303    63   117    38   137 0.73 -
NODE_273383_length_708_cov_16.527094:192-641     -            150 33023at7898          -            528    0.0038   14.2   5.2   1   2   4.7e-05    0.0038   14.2   5.2    58    84     1    27     1    50 0.80 -
NODE_273383_length_708_cov_16.527094:192-641     -            150 33023at7898          -            528    0.0038   14.2   5.2   2   2       4.5   3.7e+02   -2.2   0.1   279   306    81   108    71   112 0.80 -
NODE_71239_length_4963_cov_75.849507:2591-3040   -            150 33023at7898          -            528    0.0038   14.2   5.2   1   1   4.8e-05    0.0038   14.2   5.2    58    84     1    27     1    48 0.80 -
NODE_41079_length_7017_cov_49.686181:1362-6747   -            394 33023at7898          -            528    0.0047   13.9   1.4   1   1   0.00012    0.0097   12.9   1.4    55    82     7    33     2    40 0.86 -
NODE_17290_length_10430_cov_36.031943:7707-8327  -            207 33023at7898          -            528    0.0048   13.9   3.0   1   1   7.9e-05    0.0064   13.5   3.0    56    82     3    29     1    44 0.92 -
NODE_187552_length_1722_cov_19.382009:897-1346   -            150 33023at7898          -            528    0.0054   13.7   5.4   1   2   6.7e-05    0.0054   13.7   5.4    58    83     1    26     1    45 0.83 -
NODE_187552_length_1722_cov_19.382009:897-1346   -            150 33023at7898          -            528    0.0054   13.7   5.4   2   2       2.4   1.9e+02   -1.3   0.1   292   304    94   106    51   139 0.58 -
NODE_156741_length_2268_cov_34.285846:433-1002   -            190 33023at7898          -            528    0.0055   13.7   2.2   1   1   0.00012    0.0098   12.9   2.2    55    82    15    42     6    61 0.89 -
NODE_379_length_27342_cov_34.275924:12305-21962  -            271 33023at7898          -            528    0.0067   13.4   0.2   1   1   0.00027     0.022   11.7   0.3   286   502     1   243     1   251 0.61 -
NODE_110968_length_3406_cov_31.863018:2172-2756  -            195 33023at7898          -            528    0.0087   13.0   5.3   1   1   0.00015     0.012   12.5   5.3    56    83     3    30     1    45 0.88 -
NODE_37064_length_7408_cov_32.693939:755-5543    -           1062 33023at7898          -            528    0.0092   13.0   1.1   1   1   0.00019     0.015   12.2   1.1    55    83   301   329   287   340 0.87 -
NODE_30133_length_8202_cov_32.810934:772-7641    -            282 33023at7898          -            528     0.021   11.8   3.0   1   2   0.00058     0.047   10.6   1.1   257   312    52   110    32   153 0.75 -
NODE_30133_length_8202_cov_32.810934:772-7641    -            282 33023at7898          -            528     0.021   11.8   3.0   2   2       2.5     2e+02   -1.3   0.0   431   446   180   195   175   258 0.50 -
NODE_34997_length_7629_cov_32.641567:632-7031    -            420 33023at7898          -            528     0.021   11.8   2.5   1   3       1.7   1.4e+02   -0.8   0.1   325   379   167   224   159   259 0.68 -
NODE_34997_length_7629_cov_32.641567:632-7031    -            420 33023at7898          -            528     0.021   11.8   2.5   2   3    0.0045      0.36    7.7   0.0   259   290   270   301   257   321 0.89 -
NODE_34997_length_7629_cov_32.641567:632-7031    -            420 33023at7898          -            528     0.021   11.8   2.5   3   3      0.24        20    2.0   0.1   258   292   352   386   340   400 0.85 -
NODE_132152_length_2823_cov_15.929148:1153-1611  -            153 33023at7898          -            528     0.042   10.8  11.4   1   2   7.8e-05    0.0063   13.5   7.5    56    89     2    36     1    48 0.82 -
NODE_132152_length_2823_cov_15.929148:1153-1611  -            153 33023at7898          -            528     0.042   10.8  11.4   2   2       3.3   2.7e+02   -1.8   0.1    36    80    59   103    50   127 0.54 -
NODE_111265_length_3396_cov_37.270246:813-2072   -            420 33023at7898          -            528     0.055   10.4   7.2   1   1   0.00095     0.077    9.9   7.2    55    82     7    34     1   187 0.92 -
NODE_65336_length_5281_cov_28.041297:945-4042    -            167 33023at7898          -            528     0.063   10.2   0.3   1   1   0.00091     0.073   10.0   0.3    54    93    33    73     6    80 0.72 -
NODE_13358_length_11445_cov_31.207650:1441-2130  -            230 33023at7898          -            528     0.075   10.0   8.1   1   2   0.00017     0.014   12.4   0.8    54    83     6    35     1    51 0.86 -
NODE_13358_length_11445_cov_31.207650:1441-2130  -            230 33023at7898          -            528     0.075   10.0   8.1   2   2      0.33        27    1.5   1.2    51    84   124   160   110   174 0.70 -
NODE_35384_length_7589_cov_28.518825:3819-4409   -            197 33023at7898          -            528      0.16    8.9  11.1   1   1    0.0082      0.66    6.8  11.1    58   157     1   112     1   163 0.62 -
NODE_16431_length_10627_cov_25.570099:2058-2714  -            219 33023at7898          -            528      0.57    7.1   7.8   1   2   0.00025      0.02   11.8   1.7    54    83     6    35     1    52 0.86 -
NODE_16431_length_10627_cov_25.570099:2058-2714  -            219 33023at7898          -            528      0.57    7.1   7.8   2   2       3.8     3e+02   -2.0   0.5    55    81   126   155    81   171 0.64 -
#
# Program:         hmmsearch
# Version:         3.1b2 (February 2015)
# Pipeline mode:   SEARCH
# Query file:      /home/e1garcia/shotgun_PIRE/abyss/busco_downloads/lineages/actinopterygii_odb10/hmms/33023at7898.hmm
# Target file:     /home/e1garcia/shotgun_PIRE/pire_ssl_data_processing/plotosus_lineatus/busco_scaffolds_results-SPAdes_decontam_R1R2_noIsolate/run_actinopterygii_odb10/metaeuk_output/initial_results/scaffolds.modified.fasta.modified.fas
# Option settings: hmmsearch --domtblout /home/e1garcia/shotgun_PIRE/pire_ssl_data_processing/plotosus_lineatus/busco_scaffolds_results-SPAdes_decontam_R1R2_noIsolate/run_actinopterygii_odb10/hmmer_output/initial_run_results/33023at7898.out --cpu 1 /home/e1garcia/shotgun_PIRE/abyss/busco_downloads/lineages/actinopterygii_odb10/hmms/33023at7898.hmm /home/e1garcia/shotgun_PIRE/pire_ssl_data_processing/plotosus_lineatus/busco_scaffolds_results-SPAdes_decontam_R1R2_noIsolate/run_actinopterygii_odb10/metaeuk_output/initial_results/scaffolds.modified.fasta.modified.fas 
# Current dir:     /home/e1garcia/shotgun_PIRE/pire_ssl_data_processing/plotosus_lineatus
# Date:            Fri Aug 20 13:23:09 2021
# [ok]
