#                                                                                                       --- full sequence --- -------------- this domain -------------   hmm coord   ali coord   env coord
# target name                                   accession   tlen query name           accession   qlen   E-value  score  bias   #  of  c-Evalue  i-Evalue  score  bias  from    to  from    to  from    to  acc description of target
#                           ------------------- ---------- ----- -------------------- ---------- ----- --------- ------ ----- --- --- --------- --------- ------ ----- ----- ----- ----- ----- ----- ----- ---- ---------------------
NODE_642_length_24661_cov_145.187363:5326-17753 -            580 33687at7898          -            659  2.6e-191  635.5  41.1   1   2   1.7e-96   3.4e-93  311.4   9.0   249   420     6   204     2   213 0.93 -
NODE_642_length_24661_cov_145.187363:5326-17753 -            580 33687at7898          -            659  2.6e-191  635.5  41.1   2   2   3.5e-98   6.9e-95  316.9  24.1   414   659   242   567   237   567 0.83 -
NODE_7766_length_13613_cov_36.786000:664-9113   -            667 33687at7898          -            659   3.5e-12   43.7   1.1   1   2   1.8e-15   3.5e-12   43.7   1.1    23   109    19   106    11   126 0.87 -
NODE_7766_length_13613_cov_36.786000:664-9113   -            667 33687at7898          -            659   3.5e-12   43.7   1.1   2   2      0.17   3.2e+02   -2.5   0.2   369   402   426   460   416   511 0.69 -
NODE_25268_length_8907_cov_40.064146:3067-8205  -            336 33687at7898          -            659   8.9e-05   19.2   6.8   1   3      0.28   5.5e+02   -3.3   0.0     7    30   108   131   107   152 0.78 -
NODE_25268_length_8907_cov_40.064146:3067-8205  -            336 33687at7898          -            659   8.9e-05   19.2   6.8   2   3   0.00097       1.9    4.9   0.3    12    73   184   242   173   257 0.63 -
NODE_25268_length_8907_cov_40.064146:3067-8205  -            336 33687at7898          -            659   8.9e-05   19.2   6.8   3   3   1.1e-07   0.00023   17.9   0.4    30    74   261   306   251   314 0.87 -
#
# Program:         hmmsearch
# Version:         3.1b2 (February 2015)
# Pipeline mode:   SEARCH
# Query file:      /home/e1garcia/shotgun_PIRE/abyss/busco_downloads/lineages/actinopterygii_odb10/hmms/33687at7898.hmm
# Target file:     /home/e1garcia/shotgun_PIRE/pire_ssl_data_processing/plotosus_lineatus/busco_scaffolds_results-SPAdes_decontam_R1R2_noIsolate/run_actinopterygii_odb10/metaeuk_output/initial_results/scaffolds.modified.fasta.modified.fas
# Option settings: hmmsearch --domtblout /home/e1garcia/shotgun_PIRE/pire_ssl_data_processing/plotosus_lineatus/busco_scaffolds_results-SPAdes_decontam_R1R2_noIsolate/run_actinopterygii_odb10/hmmer_output/initial_run_results/33687at7898.out --cpu 1 /home/e1garcia/shotgun_PIRE/abyss/busco_downloads/lineages/actinopterygii_odb10/hmms/33687at7898.hmm /home/e1garcia/shotgun_PIRE/pire_ssl_data_processing/plotosus_lineatus/busco_scaffolds_results-SPAdes_decontam_R1R2_noIsolate/run_actinopterygii_odb10/metaeuk_output/initial_results/scaffolds.modified.fasta.modified.fas 
# Current dir:     /home/e1garcia/shotgun_PIRE/pire_ssl_data_processing/plotosus_lineatus
# Date:            Fri Aug 20 13:25:11 2021
# [ok]
