#                                                                                                         --- full sequence --- -------------- this domain -------------   hmm coord   ali coord   env coord
# target name                                     accession   tlen query name           accession   qlen   E-value  score  bias   #  of  c-Evalue  i-Evalue  score  bias  from    to  from    to  from    to  acc description of target
#                             ------------------- ---------- ----- -------------------- ---------- ----- --------- ------ ----- --- --- --------- --------- ------ ----- ----- ----- ----- ----- ----- ----- ---- ---------------------
NODE_34846_length_7644_cov_38.478860:2219-3985    -            589 36988at7898          -            528         0 1109.8   7.4   1   1         0         0 1108.2   7.4     1   528     6   587     6   587 0.95 -
NODE_130428_length_2864_cov_34.004702:400-2166    -            589 36988at7898          -            528  1.8e-273  906.4   1.4   1   1  5.3e-275    3e-273  905.7   1.4     1   528     6   587     6   587 0.93 -
NODE_16248_length_10670_cov_36.267808:2183-3775   -            531 36988at7898          -            528  1.5e-240  797.7   0.8   1   1  3.3e-242  1.9e-240  797.4   0.8    72   528    37   529    27   529 0.93 -
NODE_354_length_27665_cov_100.191069:10597-26291  -            580 36988at7898          -            528     3e-48  163.2   4.9   1   2   1.1e-41   6.3e-40  135.7   1.2    36   407    38   429    30   434 0.84 -
NODE_354_length_27665_cov_100.191069:10597-26291  -            580 36988at7898          -            528     3e-48  163.2   4.9   2   2   2.9e-09   1.6e-07   28.7   0.1   371   473   441   549   435   562 0.75 -
NODE_17709_length_10337_cov_38.663508:2948-7079   -            465 36988at7898          -            528   3.6e-42  143.1   0.7   1   1   1.5e-43   8.5e-42  141.9   0.7    35   432    34   446    20   463 0.80 -
NODE_133160_length_2797_cov_35.557821:418-1572    -            385 36988at7898          -            528   2.4e-41  140.4   1.2   1   1     5e-43   2.9e-41  140.1   1.2    35   361    35   373    19   385 0.82 -
NODE_55847_length_5862_cov_34.359014:1474-3102    -            543 36988at7898          -            528     7e-38  128.9   0.1   1   1   1.7e-39   9.5e-38  128.5   0.1    36   516    24   528     8   534 0.78 -
NODE_33952_length_7750_cov_82.493269:5836-6612    -            259 36988at7898          -            528   1.3e-36  124.8   2.7   1   1   2.7e-38   1.5e-36  124.5   2.7    35   222    27   231     4   252 0.84 -
NODE_2848_length_17803_cov_38.453061:2988-4595    -            536 36988at7898          -            528   7.5e-36  122.2   0.2   1   1   1.8e-37     1e-35  121.8   0.2    37   495    39   518    17   531 0.79 -
NODE_11299_length_12100_cov_33.790517:1099-4296   -            438 36988at7898          -            528   8.5e-36  122.1   4.3   1   3   2.1e-33   1.2e-31  108.4   0.6    32   195    56   228    39   242 0.87 -
NODE_11299_length_12100_cov_33.790517:1099-4296   -            438 36988at7898          -            528   8.5e-36  122.1   4.3   2   3       1.3        72    0.2   0.0   195   252   306   366   303   379 0.72 -
NODE_11299_length_12100_cov_33.790517:1099-4296   -            438 36988at7898          -            528   8.5e-36  122.1   4.3   3   3   0.00011    0.0064   13.6   0.1   301   357   373   430   360   436 0.78 -
NODE_100799_length_3736_cov_61.691779:907-2201    -            349 36988at7898          -            528   1.2e-35  121.6   0.4   1   1   2.5e-37   1.4e-35  121.3   0.4    32   214    38   236    12   290 0.83 -
NODE_22775_length_9323_cov_33.814397:2717-4036    -            440 36988at7898          -            528   1.2e-35  121.6   2.3   1   1   5.8e-37   3.3e-35  120.1   2.3    37   406    39   436    17   440 0.81 -
NODE_4487_length_15861_cov_39.191346:11864-13432  -            523 36988at7898          -            528   2.2e-35  120.7  12.5   1   1   1.1e-34   6.4e-33  112.6  12.5    37   510    25   520     8   522 0.82 -
NODE_2848_length_17803_cov_38.453061:10268-11815  -            516 36988at7898          -            528     6e-35  119.3   0.1   1   1   1.6e-36   9.1e-35  118.7   0.1    37   511    13   505     7   513 0.81 -
NODE_62835_length_5425_cov_35.843222:2302-4224    -            448 36988at7898          -            528   3.4e-34  116.8   0.5   1   1   9.2e-36   5.2e-34  116.2   0.5    36   405    45   441    19   446 0.82 -
NODE_5916_length_14681_cov_29.733027:7980-9894    -            411 36988at7898          -            528     1e-33  115.2   0.6   1   1   2.6e-34   1.5e-32  111.4   0.6    36   404    21   410     2   411 0.76 -
NODE_27667_length_8539_cov_33.061730:1667-2980    -            438 36988at7898          -            528   1.3e-33  114.9   0.8   1   1   2.8e-35   1.6e-33  114.6   0.8    36   405    42   438    10   438 0.79 -
NODE_8580_length_13201_cov_36.833155:1929-4844    -            565 36988at7898          -            528   4.5e-33  113.1   5.3   1   1   5.9e-34   3.3e-32  110.2   4.3    29   494    21   523     2   524 0.78 -
NODE_12932_length_11572_cov_134.994596:7881-8888  -            336 36988at7898          -            528   1.1e-32  111.7   1.6   1   1     3e-34   1.7e-32  111.2   1.6    31   227    19   232     9   244 0.85 -
NODE_673_length_24417_cov_40.986060:1019-19985    -            331 36988at7898          -            528   4.9e-32  109.7   6.2   1   2     5e-32   2.8e-30  103.8   6.4    21   235    14   260     4   267 0.80 -
NODE_673_length_24417_cov_40.986060:1019-19985    -            331 36988at7898          -            528   4.9e-32  109.7   6.2   2   2      0.17       9.6    3.1   0.0   487   510   279   302   272   318 0.87 -
NODE_74588_length_4800_cov_33.488194:2604-4501    -            462 36988at7898          -            528   8.7e-32  108.8   0.3   1   1   2.1e-33   1.2e-31  108.4   0.3   105   510     1   429     1   444 0.81 -
NODE_180045_length_1845_cov_94.415808:181-1746    -            522 36988at7898          -            528     5e-31  106.3   2.1   1   1   1.8e-32     1e-30  105.3   2.1    37   512    13   501     7   512 0.80 -
NODE_854_length_23157_cov_37.333897:13092-14684   -            531 36988at7898          -            528   5.5e-31  106.2   1.5   1   1   1.8e-32   9.9e-31  105.3   1.5    36   510    25   510    10   518 0.80 -
NODE_10663_length_12323_cov_35.525851:10377-11939 -            521 36988at7898          -            528   2.7e-30  103.9   6.7   1   1   2.6e-31   1.5e-29  101.5   6.7    37   511    11   504     5   515 0.77 -
NODE_132375_length_2817_cov_29.316041:554-1138    -            195 36988at7898          -            528   3.5e-30  103.5   2.8   1   1   7.6e-32   4.3e-30  103.2   2.8    34   190    26   191     6   194 0.86 -
NODE_9794_length_12658_cov_31.316825:3228-5038    -            565 36988at7898          -            528   8.3e-29   99.0   3.4   1   2     3e-19   1.7e-17   61.7   0.3    24   385    21   403    16   410 0.78 -
NODE_9794_length_12658_cov_31.316825:3228-5038    -            565 36988at7898          -            528   8.3e-29   99.0   3.4   2   2   2.5e-12   1.4e-10   38.8   0.4   292   421   408   539   397   554 0.80 -
NODE_854_length_23157_cov_37.333897:10652-12238   -            529 36988at7898          -            528   4.1e-28   96.7   0.2   1   1   1.3e-29   7.2e-28   95.9   0.2    37   510    18   514     6   520 0.79 -
NODE_55708_length_5871_cov_44.290541:3464-4528    -            355 36988at7898          -            528   4.1e-27   93.4   4.4   1   1   1.2e-28   7.1e-27   92.6   4.4    31   229    39   254    25   263 0.86 -
NODE_108082_length_3498_cov_29.638129:1437-3455   -            359 36988at7898          -            528   8.2e-27   92.4   0.4   1   1   1.9e-28   1.1e-26   92.0   0.4    32   258    65   313    52   337 0.80 -
NODE_21582_length_9543_cov_30.696421:833-5395     -            443 36988at7898          -            528   9.7e-27   92.2   2.4   1   1   3.4e-28   1.9e-26   91.2   2.4    54   453     2   429     1   442 0.80 -
NODE_51950_length_6129_cov_34.457877:1812-3285    -            474 36988at7898          -            528   4.7e-26   89.9   0.7   1   2   7.7e-25   4.3e-23   80.1   0.9    66   396    28   371    13   386 0.79 -
NODE_51950_length_6129_cov_34.457877:1812-3285    -            474 36988at7898          -            528   4.7e-26   89.9   0.7   2   2     0.011       0.6    7.1   0.0   285   353   405   474   395   474 0.82 -
NODE_6192_length_14508_cov_42.219932:2364-4113    -            415 36988at7898          -            528   1.9e-25   87.9   2.7   1   1   7.8e-27   4.4e-25   86.7   2.7    37   358    68   408    38   413 0.78 -
NODE_9126_length_12936_cov_34.539534:6969-11321   -            623 36988at7898          -            528     3e-25   87.3   6.7   1   3   1.7e-24   9.9e-23   78.9   3.0    37   220    35   241    14   258 0.83 -
NODE_9126_length_12936_cov_34.539534:6969-11321   -            623 36988at7898          -            528     3e-25   87.3   6.7   2   3       1.2        67    0.3   0.0   378   406   420   448   384   482 0.57 -
NODE_9126_length_12936_cov_34.539534:6969-11321   -            623 36988at7898          -            528     3e-25   87.3   6.7   3   3     0.013      0.75    6.7   0.1   288   381   484   590   461   600 0.58 -
NODE_43568_length_6792_cov_30.101599:4490-5527    -            346 36988at7898          -            528   3.6e-24   83.7   2.0   1   2   3.7e-25   2.1e-23   81.2   0.8    32   222    18   227     9   246 0.82 -
NODE_43568_length_6792_cov_30.101599:4490-5527    -            346 36988at7898          -            528   3.6e-24   83.7   2.0   2   2      0.51        29    1.5   0.0   372   419   294   344   287   345 0.61 -
NODE_153802_length_2328_cov_46.779273:1271-2320   -            350 36988at7898          -            528   8.9e-24   82.4   1.5   1   1   2.4e-25   1.4e-23   81.8   1.5    37   357    11   346     3   349 0.84 -
NODE_4287_length_16054_cov_46.731119:1637-12712   -            523 36988at7898          -            528   6.8e-22   76.2   8.4   1   2   7.8e-20   4.4e-18   63.6   1.7    34   163    57   192    28   200 0.87 -
NODE_4287_length_16054_cov_46.731119:1637-12712   -            523 36988at7898          -            528   6.8e-22   76.2   8.4   2   2   1.3e-05   0.00073   16.7   0.7   293   512   283   504   265   521 0.74 -
NODE_170430_length_2012_cov_28.890748:168-1172    -            335 36988at7898          -            528   7.6e-22   76.0   0.9   1   2   3.6e-23     2e-21   74.6   0.5    36   224    29   237    16   252 0.79 -
NODE_170430_length_2012_cov_28.890748:168-1172    -            335 36988at7898          -            528   7.6e-22   76.0   0.9   2   2       2.4   1.3e+02   -0.7   0.0   482   495   320   333   291   335 0.63 -
NODE_311_length_28423_cov_25.444958:7755-8705     -            317 36988at7898          -            528   2.2e-21   74.5   0.7   1   2     7e-23     4e-21   73.7   0.7    33   218    37   233     4   286 0.78 -
NODE_311_length_28423_cov_25.444958:7755-8705     -            317 36988at7898          -            528   2.2e-21   74.5   0.7   2   2         4   2.3e+02   -1.4   0.0   445   473   272   300   250   310 0.81 -
NODE_155100_length_2302_cov_24.689514:241-1677    -            479 36988at7898          -            528   2.4e-20   71.1   2.9   1   2   4.9e-18   2.8e-16   57.7   1.9   104   474     1   402     1   411 0.77 -
NODE_155100_length_2302_cov_24.689514:241-1677    -            479 36988at7898          -            528   2.4e-20   71.1   2.9   2   2   0.00029     0.016   12.2   0.0   293   334   410   451   403   460 0.89 -
NODE_43992_length_6757_cov_31.726194:670-4222     -            366 36988at7898          -            528   4.4e-20   70.2   7.5   1   3     2e-13   1.2e-11   42.4   0.8    89   205     5   127     2   138 0.87 -
NODE_43992_length_6757_cov_31.726194:670-4222     -            366 36988at7898          -            528   4.4e-20   70.2   7.5   2   3   5.9e-05    0.0033   14.5   0.2   304   405   167   274   160   274 0.77 -
NODE_43992_length_6757_cov_31.726194:670-4222     -            366 36988at7898          -            528   4.4e-20   70.2   7.5   3   3     1e-07   5.7e-06   23.6   0.1   301   412   220   329   218   356 0.78 -
NODE_71396_length_4955_cov_41.006384:1945-2991    -            349 36988at7898          -            528   5.1e-20   70.0   0.0   1   1   1.1e-21   6.1e-20   69.7   0.0    36   330    24   348    13   349 0.80 -
NODE_35058_length_7623_cov_45.227804:7-1056       -            350 36988at7898          -            528     1e-19   69.0   5.5   1   1   1.2e-20   6.6e-19   66.3   5.5    38   357    12   346     4   348 0.81 -
NODE_170180_length_2016_cov_45.454877:378-914     -            179 36988at7898          -            528   9.9e-19   65.7   0.2   1   1     2e-20   1.2e-18   65.5   0.2    37   190    14   175     7   179 0.88 -
NODE_67929_length_5138_cov_35.610835:1653-3287    -            545 36988at7898          -            528   1.1e-18   65.6   0.2   1   2   3.2e-12   1.8e-10   38.5   0.1    35   354    33   389     6   415 0.72 -
NODE_67929_length_5138_cov_35.610835:1653-3287    -            545 36988at7898          -            528   1.1e-18   65.6   0.2   2   2     1e-07   5.9e-06   23.6   0.0   294   385   423   512   409   538 0.75 -
NODE_10100_length_12541_cov_39.129642:7146-8599   -            424 36988at7898          -            528   5.6e-18   63.3   0.2   1   3   2.8e-17   1.6e-15   55.1   0.1    41   190    13   170     8   201 0.82 -
NODE_10100_length_12541_cov_39.129642:7146-8599   -            424 36988at7898          -            528   5.6e-18   63.3   0.2   2   3     0.039       2.2    5.2   0.0   295   353   271   332   266   389 0.79 -
NODE_10100_length_12541_cov_39.129642:7146-8599   -            424 36988at7898          -            528   5.6e-18   63.3   0.2   3   3       4.9   2.8e+02   -1.7   0.0   282   330   354   405   324   408 0.59 -
NODE_52096_length_6119_cov_39.218439:304-3004     -            474 36988at7898          -            528   2.8e-17   61.0   6.2   1   3     4e-16   2.3e-14   51.4   1.4    39   195     3   168     1   199 0.84 -
NODE_52096_length_6119_cov_39.218439:304-3004     -            474 36988at7898          -            528   2.8e-17   61.0   6.2   2   3       1.9   1.1e+02   -0.4   0.0   289   308   284   303   269   309 0.57 -
NODE_52096_length_6119_cov_39.218439:304-3004     -            474 36988at7898          -            528   2.8e-17   61.0   6.2   3   3     0.001     0.058   10.4   0.1   372   474   345   456   316   468 0.73 -
NODE_68317_length_5118_cov_41.992230:2015-4913    -            161 36988at7898          -            528   3.1e-17   60.8   0.3   1   1   5.8e-19   3.3e-17   60.7   0.3    33   155    35   160     9   161 0.90 -
NODE_21421_length_9571_cov_32.429476:1373-6610    -            451 36988at7898          -            528   1.4e-15   55.4   0.1   1   2     6e-06   0.00034   17.8   0.0   314   408   172   268   158   285 0.85 -
NODE_21421_length_9571_cov_32.429476:1373-6610    -            451 36988at7898          -            528   1.4e-15   55.4   0.1   2   2     3e-11   1.7e-09   35.3   0.1   297   421   302   428   288   434 0.80 -
NODE_32006_length_7971_cov_49.945249:5925-6827    -            301 36988at7898          -            528   1.1e-14   52.4   3.3   1   2   2.7e-16   1.5e-14   51.9   2.1    41   205     1   181     1   212 0.83 -
NODE_32006_length_7971_cov_49.945249:5925-6827    -            301 36988at7898          -            528   1.1e-14   52.4   3.3   2   2       2.4   1.3e+02   -0.7   0.0   336   353   283   301   252   301 0.86 -
NODE_29026_length_8350_cov_36.324082:304-4244     -            238 36988at7898          -            528   1.2e-14   52.2   0.1   1   1   2.4e-16   1.4e-14   52.1   0.1    75   193   109   233    56   237 0.86 -
NODE_196785_length_1585_cov_21.886272:251-610     -            120 36988at7898          -            528   1.2e-13   49.0   0.4   1   1   2.4e-15   1.3e-13   48.8   0.4    33   116    33   119    19   120 0.89 -
NODE_1607_length_20447_cov_41.321850:840-2781     -            120 36988at7898          -            528     3e-13   47.7   3.0   1   2   2.3e-05    0.0013   15.8   0.1    37    59    12    34     4    37 0.89 -
NODE_1607_length_20447_cov_41.321850:840-2781     -            120 36988at7898          -            528     3e-13   47.7   3.0   2   2   9.9e-11   5.6e-09   33.6   0.5    96   165    35   101    33   120 0.76 -
NODE_4789_length_15583_cov_38.478752:11544-12932  -            463 36988at7898          -            528   1.2e-12   45.7   5.0   1   2   1.5e-12   8.5e-11   39.6   1.7   113   370     4   288     1   289 0.72 -
NODE_4789_length_15583_cov_38.478752:11544-12932  -            463 36988at7898          -            528   1.2e-12   45.7   5.0   2   2   3.3e-05    0.0019   15.3   0.1   346   471   218   347   168   372 0.69 -
NODE_18461_length_10168_cov_38.632337:327-1394    -            356 36988at7898          -            528   1.1e-10   39.2   0.0   1   2   1.7e-07   9.7e-06   22.9   0.0   263   359    95   192    78   207 0.83 -
NODE_18461_length_10168_cov_38.632337:327-1394    -            356 36988at7898          -            528   1.1e-10   39.2   0.0   2   2   7.3e-05    0.0041   14.2   0.0   326   421   219   318   201   325 0.79 -
NODE_117332_length_3217_cov_32.716485:781-1857    -            359 36988at7898          -            528   3.9e-10   37.4   0.0   1   1   9.2e-12   5.2e-10   37.0   0.0    35   119    31   119    19   142 0.84 -
NODE_7157_length_13929_cov_39.005857:743-2072     -            327 36988at7898          -            528   1.2e-09   35.8   0.2   1   2     0.063       3.6    4.5   0.0   438   511    74   155    64   163 0.70 -
NODE_7157_length_13929_cov_39.005857:743-2072     -            327 36988at7898          -            528   1.2e-09   35.8   0.2   2   2   2.6e-09   1.4e-07   28.9   0.3   293   422   169   302   158   317 0.79 -
NODE_24147_length_9089_cov_39.359511:4985-6163    -            393 36988at7898          -            528   2.6e-09   34.7   0.0   1   2       0.4        23    1.9   0.0   102   155     7    60     2    66 0.88 -
NODE_24147_length_9089_cov_39.359511:4985-6163    -            393 36988at7898          -            528   2.6e-09   34.7   0.0   2   2   7.9e-10   4.5e-08   30.6   0.0   269   410   128   269    76   288 0.79 -
NODE_5743_length_14805_cov_45.318917:193-8504     -            511 36988at7898          -            528   4.6e-09   33.8   0.1   1   1   1.2e-10   6.9e-09   33.3   0.1    37   116    34   111     6   133 0.83 -
NODE_6643_length_14217_cov_31.033362:10601-11056  -            152 36988at7898          -            528   1.1e-08   32.6   0.1   1   1   2.3e-10   1.3e-08   32.4   0.1    35   124    28   122    10   134 0.82 -
NODE_32339_length_7932_cov_54.512447:1249-4809    -            659 36988at7898          -            528   1.1e-08   32.6   0.5   1   1   3.5e-10     2e-08   31.8   0.5    18   125    22   147     9   151 0.75 -
NODE_5115_length_15284_cov_32.307870:2435-3334    -            300 36988at7898          -            528   1.7e-08   31.9   0.0   1   1   4.1e-10   2.3e-08   31.5   0.0    26   118    17   120     7   138 0.82 -
NODE_62749_length_5430_cov_32.885387:1348-2145    -            266 36988at7898          -            528   4.1e-08   30.7   0.0   1   1   1.1e-09   6.2e-08   30.1   0.0   124   355     5   261     1   265 0.75 -
NODE_58823_length_5662_cov_35.999101:2083-3171    -            363 36988at7898          -            528   4.4e-08   30.6   0.3   1   1   1.1e-09     6e-08   30.2   0.3    30   121    27   123     9   134 0.81 -
NODE_136917_length_2705_cov_23.749424:631-990     -            120 36988at7898          -            528   4.5e-08   30.6   0.0   1   1   8.9e-10     5e-08   30.4   0.0    36   123    25   116     9   119 0.85 -
NODE_52230_length_6111_cov_28.884897:4922-5806    -            295 36988at7898          -            528   1.1e-07   29.3   8.9   1   2     1e-06   5.8e-05   20.3   1.4    34    59    40    65     4    71 0.76 -
NODE_52230_length_6111_cov_28.884897:4922-5806    -            295 36988at7898          -            528   1.1e-07   29.3   8.9   2   2   0.00023     0.013   12.6   1.1    75   213   112   254   105   278 0.78 -
NODE_2993_length_17619_cov_38.612215:2491-3726    -            412 36988at7898          -            528   1.2e-07   29.2   0.2   1   1     3e-09   1.7e-07   28.7   0.2    37   107    49   121    37   151 0.82 -
NODE_65947_length_5246_cov_33.118516:3737-5073    -            412 36988at7898          -            528   1.6e-07   28.7   0.3   1   1   4.2e-09   2.4e-07   28.2   0.3    36   124    38   131    13   134 0.90 -
NODE_10585_length_12358_cov_33.789787:7323-7993   -            121 36988at7898          -            528   1.7e-07   28.7   2.0   1   2    0.0013     0.072   10.1   0.1    36    62     4    30     2    39 0.89 -
NODE_10585_length_12358_cov_33.789787:7323-7993   -            121 36988at7898          -            528   1.7e-07   28.7   2.0   2   2   3.2e-06   0.00018   18.7   0.5   113   181    45   119    30   121 0.78 -
NODE_64553_length_5323_cov_33.018760:266-1057     -            264 36988at7898          -            528   1.7e-07   28.7   0.1   1   1     4e-09   2.3e-07   28.3   0.1    31   118    30   117    12   125 0.93 -
NODE_2415_length_18547_cov_37.494796:2816-5403    -            476 36988at7898          -            528   2.1e-07   28.4   0.2   1   1   6.4e-09   3.6e-07   27.6   0.2    37   124    36   124    25   150 0.88 -
NODE_1999_length_19449_cov_52.882222:17458-17751  -             98 36988at7898          -            528   2.3e-07   28.3   0.0   1   1   4.1e-09   2.3e-07   28.2   0.0    36   108    24    96     8    98 0.85 -
NODE_55463_length_5888_cov_26.820349:302-1789     -            496 36988at7898          -            528   2.3e-07   28.3   0.4   1   1   5.8e-09   3.3e-07   27.7   0.4    35   121    32   122    11   137 0.82 -
NODE_30327_length_8176_cov_26.360406:3326-4681    -            452 36988at7898          -            528   5.8e-07   26.9   0.0   1   1   1.4e-08   8.1e-07   26.4   0.0    25   117    40   140    27   143 0.79 -
NODE_79256_length_4581_cov_22.055332:155-3271     -            422 36988at7898          -            528   9.2e-07   26.2   0.0   1   1   2.6e-08   1.5e-06   25.6   0.0    26   118    27   123    15   136 0.82 -
NODE_27111_length_8619_cov_23.535915:6204-7694    -            497 36988at7898          -            528   9.7e-07   26.2   0.5   1   1   2.5e-08   1.4e-06   25.6   0.5    36   119    33   119    11   147 0.84 -
NODE_44720_length_6694_cov_23.253677:2572-2865    -             98 36988at7898          -            528   1.2e-06   25.9   0.0   1   1   2.2e-08   1.3e-06   25.8   0.0    36   109    24    97    11    98 0.90 -
NODE_1273_length_21389_cov_48.690277:391-5748     -            430 36988at7898          -            528   3.4e-06   24.4   0.2   1   1   8.7e-08   4.9e-06   23.8   0.2    36   124    62   154    33   158 0.90 -
NODE_54236_length_5969_cov_33.425554:3170-4684    -            505 36988at7898          -            528   4.5e-06   24.0   0.0   1   1   1.2e-07   6.7e-06   23.4   0.0    36   119    42   125    31   132 0.94 -
NODE_24359_length_9052_cov_43.429353:3116-8429    -            531 36988at7898          -            528   6.4e-06   23.5   0.2   1   1   1.6e-07   9.1e-06   23.0   0.2    27   123   271   374   246   379 0.81 -
NODE_26995_length_8636_cov_33.329273:792-3770     -            993 36988at7898          -            528   6.8e-06   23.4   0.1   1   1   1.9e-07   1.1e-05   22.7   0.1    35    92    38    97    18   112 0.84 -
NODE_2232_length_18896_cov_36.788211:2731-17383   -            658 36988at7898          -            528   1.1e-05   22.7   0.2   1   1   3.2e-07   1.8e-05   22.0   0.2    35   120    40   134     2   153 0.72 -
NODE_37421_length_7375_cov_35.961655:4107-6041    -            645 36988at7898          -            528   1.3e-05   22.4   0.2   1   1   3.6e-07     2e-05   21.8   0.2    38   114    32   111    22   130 0.81 -
NODE_301287_length_540_cov_103.458050:82-525      -            148 36988at7898          -            528   2.6e-05   21.4   0.1   1   1   5.9e-07   3.3e-05   21.1   0.1   344   474     9   136     2   143 0.76 -
NODE_355_length_27665_cov_74.544294:23442-24980   -            513 36988at7898          -            528   0.00015   19.0   7.0   1   2   3.3e-06   0.00019   18.6   1.3   109   198     7   102     1   120 0.81 -
NODE_355_length_27665_cov_74.544294:23442-24980   -            513 36988at7898          -            528   0.00015   19.0   7.0   2   2      0.18        10    3.0   0.3   302   384   249   338   240   423 0.63 -
NODE_24828_length_8978_cov_35.855727:1681-2341    -            189 36988at7898          -            528   0.00017   18.7   0.0   1   2      0.13       7.3    3.5   0.0   286   322    14    49     6    59 0.76 -
NODE_24828_length_8978_cov_35.855727:1681-2341    -            189 36988at7898          -            528   0.00017   18.7   0.0   2   2   0.00011    0.0063   13.6   0.0   278   333    81   135    60   164 0.81 -
NODE_347_length_27759_cov_37.574873:26478-26684   -             69 36988at7898          -            528   0.00022   18.4   0.4   1   2   5.9e-05    0.0033   14.5   0.1   481   509     6    34     1    36 0.88 -
NODE_347_length_27759_cov_37.574873:26478-26684   -             69 36988at7898          -            528   0.00022   18.4   0.4   2   2      0.14       7.9    3.4   0.0   325   357    35    69    33    69 0.71 -
NODE_125191_length_3000_cov_41.030334:2122-2289   -             56 36988at7898          -            528   0.00032   17.9   0.0   1   1   5.6e-06   0.00032   17.9   0.0   476   512     5    41     1    52 0.85 -
NODE_30357_length_8171_cov_42.449950:836-4111     -           1092 36988at7898          -            528   0.00035   17.7   0.0   1   1   1.1e-05   0.00064   16.9   0.0    37   104    32   103    16   110 0.82 -
NODE_22845_length_9311_cov_36.801780:5914-6093    -             60 36988at7898          -            528   0.00044   17.4   0.0   1   1   8.1e-06   0.00046   17.3   0.0   342   387     8    48     2    59 0.76 -
NODE_25927_length_8805_cov_34.052607:2114-3748    -            545 36988at7898          -            528   0.00061   16.9   0.0   1   1   2.2e-05    0.0013   15.9   0.0    35   107    23    94     8   106 0.81 -
NODE_28346_length_8449_cov_40.835808:2036-3133    -            366 36988at7898          -            528   0.00082   16.5   1.6   1   2    0.0016     0.089    9.8   0.0    38    65     1    28     1   139 0.84 -
NODE_28346_length_8449_cov_40.835808:2036-3133    -            366 36988at7898          -            528   0.00082   16.5   1.6   2   2     0.026       1.5    5.8   0.5   343   495   192   253   156   364 0.62 -
NODE_52586_length_6086_cov_31.260899:1096-3132    -            679 36988at7898          -            528   0.00093   16.3   0.4   1   2       5.9   3.3e+02   -2.0   0.0   109   153   307   351   292   355 0.80 -
NODE_52586_length_6086_cov_31.260899:1096-3132    -            679 36988at7898          -            528   0.00093   16.3   0.4   2   2   5.7e-05    0.0032   14.5   0.1   291   406   435   544   407   559 0.76 -
NODE_12561_length_11693_cov_26.575384:2365-2694   -            110 36988at7898          -            528    0.0017   15.5   1.0   1   2      0.12       6.7    3.6   0.0   343   393     4    49     1    71 0.69 -
NODE_12561_length_11693_cov_26.575384:2365-2694   -            110 36988at7898          -            528    0.0017   15.5   1.0   2   2   0.00056     0.032   11.3   0.2   480   510    78   108    60   110 0.87 -
NODE_1976_length_19508_cov_31.967077:4383-6053    -            557 36988at7898          -            528     0.002   15.3   0.2   1   1   5.5e-05    0.0031   14.6   0.2    36   120    33   120     6   129 0.79 -
NODE_7031_length_14000_cov_38.143299:1195-2604    -            470 36988at7898          -            528     0.002   15.2   0.3   1   1   8.4e-05    0.0047   14.0   0.3    36   120    46   135    16   147 0.74 -
NODE_21456_length_9566_cov_42.182318:647-6597     -            495 36988at7898          -            528    0.0022   15.1   0.2   1   2    0.0086      0.49    7.4   0.0   280   354   184   269   175   318 0.81 -
NODE_21456_length_9566_cov_42.182318:647-6597     -            495 36988at7898          -            528    0.0022   15.1   0.2   2   2     0.027       1.5    5.7   0.0   283   334   349   398   329   437 0.81 -
NODE_34445_length_7691_cov_29.713119:5245-6975    -            577 36988at7898          -            528    0.0041   14.2   0.0   1   1   0.00012    0.0066   13.5   0.0    35   113    32   124    22   137 0.70 -
NODE_53585_length_6018_cov_37.457003:3279-4661    -            461 36988at7898          -            528    0.0068   13.5   0.0   1   1   0.00018      0.01   12.9   0.0    38   119    30   110    20   119 0.88 -
NODE_1088_length_22075_cov_38.763924:12377-12523  -             49 36988at7898          -            528    0.0069   13.5   0.0   1   1   0.00015    0.0082   13.2   0.0   348   385     4    38     1    46 0.62 -
NODE_83001_length_4417_cov_23.203103:634-2919     -            287 36988at7898          -            528    0.0071   13.4   0.4   1   1   0.00017    0.0094   13.0   0.4    38   141    92   205    85   242 0.79 -
NODE_337990_length_432_cov_75.219219:180-428      -             83 36988at7898          -            528    0.0088   13.1   0.0   1   1   0.00016    0.0088   13.1   0.0   291   360     6    76     1    83 0.50 -
NODE_50652_length_6223_cov_37.398269:5450-5605    -             52 36988at7898          -            528    0.0097   13.0   0.0   1   1   0.00018      0.01   12.9   0.0   337   384     5    48     1    51 0.80 -
NODE_20285_length_9786_cov_77.981935:6008-7897    -            630 36988at7898          -            528    0.0099   12.9   0.0   1   1   0.00028     0.016   12.3   0.0    36   120    33   122     3   132 0.74 -
NODE_34926_length_7636_cov_24.309009:2284-2469    -             62 36988at7898          -            528     0.017   12.2   0.0   1   1   0.00031     0.017   12.1   0.0   366   421     3    58     1    61 0.70 -
#
# Program:         hmmsearch
# Version:         3.1b2 (February 2015)
# Pipeline mode:   SEARCH
# Query file:      /home/e1garcia/shotgun_PIRE/abyss/busco_downloads/lineages/actinopterygii_odb10/hmms/36988at7898.hmm
# Target file:     /home/e1garcia/shotgun_PIRE/pire_ssl_data_processing/plotosus_lineatus/busco_scaffolds_results-SPAdes_decontam_R1R2_noIsolate/run_actinopterygii_odb10/metaeuk_output/initial_results/scaffolds.modified.fasta.modified.fas
# Option settings: hmmsearch --domtblout /home/e1garcia/shotgun_PIRE/pire_ssl_data_processing/plotosus_lineatus/busco_scaffolds_results-SPAdes_decontam_R1R2_noIsolate/run_actinopterygii_odb10/hmmer_output/initial_run_results/36988at7898.out --cpu 1 /home/e1garcia/shotgun_PIRE/abyss/busco_downloads/lineages/actinopterygii_odb10/hmms/36988at7898.hmm /home/e1garcia/shotgun_PIRE/pire_ssl_data_processing/plotosus_lineatus/busco_scaffolds_results-SPAdes_decontam_R1R2_noIsolate/run_actinopterygii_odb10/metaeuk_output/initial_results/scaffolds.modified.fasta.modified.fas 
# Current dir:     /home/e1garcia/shotgun_PIRE/pire_ssl_data_processing/plotosus_lineatus
# Date:            Fri Aug 20 13:27:57 2021
# [ok]
