#                                                                                                        --- full sequence --- -------------- this domain -------------   hmm coord   ali coord   env coord
# target name                                    accession   tlen query name           accession   qlen   E-value  score  bias   #  of  c-Evalue  i-Evalue  score  bias  from    to  from    to  from    to  acc description of target
#                            ------------------- ---------- ----- -------------------- ---------- ----- --------- ------ ----- --- --- --------- --------- ------ ----- ----- ----- ----- ----- ----- ----- ---- ---------------------
NODE_9819_length_12645_cov_39.796987:1523-11515  -            369 49784at7898          -            540  4.2e-116  386.8  26.1   1   2   2.2e-08   3.5e-06   24.1   6.6   275   319    16    61     3    69 0.74 -
NODE_9819_length_12645_cov_39.796987:1523-11515  -            369 49784at7898          -            540  4.2e-116  386.8  26.1   2   2  7.9e-113  1.3e-110  368.8  11.5   307   540   127   365   111   365 0.92 -
NODE_3811_length_16569_cov_31.751973:9770-10927  -            386 49784at7898          -            540   2.9e-22   77.1   0.6   1   5   7.2e-06    0.0011   15.8   0.0   355   402    31    78     8    93 0.82 -
NODE_3811_length_16569_cov_31.751973:9770-10927  -            386 49784at7898          -            540   2.9e-22   77.1   0.6   2   5   4.5e-06   0.00071   16.4   0.0   360   413   102   155    94   160 0.92 -
NODE_3811_length_16569_cov_31.751973:9770-10927  -            386 49784at7898          -            540   2.9e-22   77.1   0.6   3   5   1.4e-06   0.00021   18.2   0.1   343   400   152   209   149   226 0.85 -
NODE_3811_length_16569_cov_31.751973:9770-10927  -            386 49784at7898          -            540   2.9e-22   77.1   0.6   4   5    0.0023      0.37    7.5   0.0   356   402   231   277   216   285 0.90 -
NODE_3811_length_16569_cov_31.751973:9770-10927  -            386 49784at7898          -            540   2.9e-22   77.1   0.6   5   5   1.3e-05    0.0021   14.9   0.0   357   401   298   342   278   357 0.86 -
NODE_5008_length_15369_cov_38.484086:3003-4001   -            333 49784at7898          -            540     4e-22   76.7   1.2   1   6    0.0021      0.34    7.6   0.1   362   400    19    57     5    60 0.85 -
NODE_5008_length_15369_cov_38.484086:3003-4001   -            333 49784at7898          -            540     4e-22   76.7   1.2   2   6   1.3e-05    0.0021   14.9   0.1   355   401    45    91    42   102 0.90 -
NODE_5008_length_15369_cov_38.484086:3003-4001   -            333 49784at7898          -            540     4e-22   76.7   1.2   3   6   3.6e-09   5.7e-07   26.7   0.0   336   404    90   160    86   163 0.80 -
NODE_5008_length_15369_cov_38.484086:3003-4001   -            333 49784at7898          -            540     4e-22   76.7   1.2   4   6   1.1e-05    0.0017   15.2   0.0   356   402   145   191   142   197 0.93 -
NODE_5008_length_15369_cov_38.484086:3003-4001   -            333 49784at7898          -            540     4e-22   76.7   1.2   5   6   9.2e-07   0.00015   18.7   0.0   337   402   190   258   185   269 0.80 -
NODE_5008_length_15369_cov_38.484086:3003-4001   -            333 49784at7898          -            540     4e-22   76.7   1.2   6   6    0.0065         1    6.0   0.0   356   397   277   318   271   330 0.84 -
NODE_23148_length_9255_cov_34.523373:5680-6744   -            355 49784at7898          -            540     3e-19   67.2   0.4   1   7   5.2e-05    0.0083   12.9   0.0   371   400     2    31     1    42 0.88 -
NODE_23148_length_9255_cov_34.523373:5680-6744   -            355 49784at7898          -            540     3e-19   67.2   0.4   2   7      0.67   1.1e+02   -0.6   0.0   365   384    29    48    27    61 0.85 -
NODE_23148_length_9255_cov_34.523373:5680-6744   -            355 49784at7898          -            540     3e-19   67.2   0.4   3   7   6.3e-07    0.0001   19.2   0.0   332   400    63   133    58   148 0.84 -
NODE_23148_length_9255_cov_34.523373:5680-6744   -            355 49784at7898          -            540     3e-19   67.2   0.4   4   7   0.00056     0.089    9.5   0.0   356   409   122   177   120   185 0.84 -
NODE_23148_length_9255_cov_34.523373:5680-6744   -            355 49784at7898          -            540     3e-19   67.2   0.4   5   7   0.00047     0.074    9.8   0.0   341   394   173   228   161   234 0.70 -
NODE_23148_length_9255_cov_34.523373:5680-6744   -            355 49784at7898          -            540     3e-19   67.2   0.4   6   7   1.7e-05    0.0027   14.5   0.0   356   398   257   299   251   314 0.88 -
NODE_23148_length_9255_cov_34.523373:5680-6744   -            355 49784at7898          -            540     3e-19   67.2   0.4   7   7      0.12        20    1.8   0.0   356   385   325   354   304   355 0.87 -
NODE_23148_length_9255_cov_34.523373:5332-6360   -            343 49784at7898          -            540   3.5e-18   63.7   4.4   1   6     0.087        14    2.3   0.0   362   397     2    37     1    43 0.86 -
NODE_23148_length_9255_cov_34.523373:5332-6360   -            343 49784at7898          -            540   3.5e-18   63.7   4.4   2   6   6.1e-05    0.0097   12.7   0.1   353   400    59   106    33   108 0.81 -
NODE_23148_length_9255_cov_34.523373:5332-6360   -            343 49784at7898          -            540   3.5e-18   63.7   4.4   3   6   3.4e-06   0.00054   16.8   0.0   364   400   108   147   105   160 0.79 -
NODE_23148_length_9255_cov_34.523373:5332-6360   -            343 49784at7898          -            540   3.5e-18   63.7   4.4   4   6   7.5e-07   0.00012   19.0   0.0   332   400   179   249   173   256 0.84 -
NODE_23148_length_9255_cov_34.523373:5332-6360   -            343 49784at7898          -            540   3.5e-18   63.7   4.4   5   6   0.00032     0.051   10.3   0.0   354   409   236   293   232   298 0.83 -
NODE_23148_length_9255_cov_34.523373:5332-6360   -            343 49784at7898          -            540   3.5e-18   63.7   4.4   6   6    0.0013       0.2    8.3   0.0   341   393   289   343   277   343 0.69 -
NODE_768_length_23726_cov_56.450629:5341-6441    -            367 49784at7898          -            540   3.7e-17   60.3   6.2   1   6   4.8e-07   7.6e-05   19.7   0.0   331   407     3    80     1    91 0.90 -
NODE_768_length_23726_cov_56.450629:5341-6441    -            367 49784at7898          -            540   3.7e-17   60.3   6.2   2   6   2.8e-05    0.0044   13.8   0.1   356   410    96   150    90   157 0.91 -
NODE_768_length_23726_cov_56.450629:5341-6441    -            367 49784at7898          -            540   3.7e-17   60.3   6.2   3   6     0.001      0.17    8.6   0.1   357   403   164   211   158   224 0.86 -
NODE_768_length_23726_cov_56.450629:5341-6441    -            367 49784at7898          -            540   3.7e-17   60.3   6.2   4   6   0.00016     0.026   11.3   0.3   362   404   237   279   215   292 0.72 -
NODE_768_length_23726_cov_56.450629:5341-6441    -            367 49784at7898          -            540   3.7e-17   60.3   6.2   5   6   4.2e-05    0.0067   13.2   0.2   332   401   238   309   234   325 0.65 -
NODE_768_length_23726_cov_56.450629:5341-6441    -            367 49784at7898          -            540   3.7e-17   60.3   6.2   6   6     0.045       7.2    3.2   0.0   327   380   299   355   293   362 0.79 -
NODE_12202_length_11804_cov_29.004870:4916-5899  -            328 49784at7898          -            540   5.5e-15   53.1   0.3   1   4   4.3e-06   0.00068   16.5   0.0   331   393    62   126    46   136 0.86 -
NODE_12202_length_11804_cov_29.004870:4916-5899  -            328 49784at7898          -            540   5.5e-15   53.1   0.3   2   4    0.0011      0.17    8.6   0.0   366   402   133   169   130   172 0.89 -
NODE_12202_length_11804_cov_29.004870:4916-5899  -            328 49784at7898          -            540   5.5e-15   53.1   0.3   3   4    0.0035      0.56    6.9   0.0   366   417   166   217   163   223 0.90 -
NODE_12202_length_11804_cov_29.004870:4916-5899  -            328 49784at7898          -            540   5.5e-15   53.1   0.3   4   4   1.3e-06    0.0002   18.2   0.1   330   418   227   317   213   322 0.90 -
NODE_51441_length_6165_cov_28.965051:1691-4463   -            179 49784at7898          -            540   6.7e-10   36.3   0.0   1   1   1.1e-11   1.7e-09   35.0   0.0   319   435    31   154     4   166 0.75 -
NODE_61348_length_5512_cov_34.228709:397-4590    -            204 49784at7898          -            540   2.6e-09   34.4   0.3   1   3    0.0046      0.74    6.5   0.0   365   400     5    40     1    45 0.84 -
NODE_61348_length_5512_cov_34.228709:397-4590    -            204 49784at7898          -            540   2.6e-09   34.4   0.3   2   3    0.0009      0.14    8.9   0.0   332   399    36   107    33   117 0.82 -
NODE_61348_length_5512_cov_34.228709:397-4590    -            204 49784at7898          -            540   2.6e-09   34.4   0.3   3   3   7.6e-07   0.00012   19.0   0.3   331   393   137   203   121   204 0.86 -
NODE_5352_length_15096_cov_30.870174:199-631     -            117 49784at7898          -            540     2e-08   31.4   0.2   1   2     0.013         2    5.1   0.1   364   394     1    31     1    32 0.91 -
NODE_5352_length_15096_cov_30.870174:199-631     -            117 49784at7898          -            540     2e-08   31.4   0.2   2   2   3.4e-09   5.4e-07   26.7   0.0   358   408    28    78    24   109 0.79 -
NODE_12202_length_11804_cov_29.004870:5342-5953  -            204 49784at7898          -            540   3.3e-08   30.7   0.0   1   2   2.1e-06   0.00033   17.6   0.0   331   393    80   144    65   152 0.86 -
NODE_12202_length_11804_cov_29.004870:5342-5953  -            204 49784at7898          -            540   3.3e-08   30.7   0.0   2   2   0.00019     0.031   11.0   0.0   366   405   151   190   142   202 0.84 -
NODE_102501_length_3680_cov_31.234292:472-840    -            123 49784at7898          -            540   5.5e-08   30.0   0.0   1   2      0.11        18    1.9   0.0   374   414     9    54     2    58 0.75 -
NODE_102501_length_3680_cov_31.234292:472-840    -            123 49784at7898          -            540   5.5e-08   30.0   0.0   2   2   3.8e-09   6.1e-07   26.6   0.0   356   408    63   116    31   121 0.77 -
NODE_31201_length_8071_cov_48.009032:975-6551    -            342 49784at7898          -            540   7.2e-08   29.6   0.4   1   3   7.1e-05     0.011   12.5   0.0   356   400   154   198   126   205 0.84 -
NODE_31201_length_8071_cov_48.009032:975-6551    -            342 49784at7898          -            540   7.2e-08   29.6   0.4   2   3   2.5e-05     0.004   14.0   0.0   352   401   216   265   196   278 0.82 -
NODE_31201_length_8071_cov_48.009032:975-6551    -            342 49784at7898          -            540   7.2e-08   29.6   0.4   3   3       0.6        96   -0.5   0.0   358   395   296   333   276   337 0.78 -
NODE_43542_length_6794_cov_27.685586:2809-3186   -            126 49784at7898          -            540   1.3e-07   28.8   0.1   1   2   7.3e-07   0.00012   19.0   0.0   361   416     4    59     2    60 0.89 -
NODE_43542_length_6794_cov_27.685586:2809-3186   -            126 49784at7898          -            540   1.3e-07   28.8   0.1   2   2   0.00061     0.098    9.4   0.0   345   385    56    96    44   116 0.85 -
NODE_35726_length_7553_cov_37.309364:4882-6134   -            289 49784at7898          -            540   1.7e-07   28.4   0.1   1   3   1.7e-07   2.8e-05   21.1   0.1   330   422    55   150    36   154 0.83 -
NODE_35726_length_7553_cov_37.309364:4882-6134   -            289 49784at7898          -            540   1.7e-07   28.4   0.1   2   3   0.00044      0.07    9.9   0.0   361   403   120   162   114   169 0.87 -
NODE_35726_length_7553_cov_37.309364:4882-6134   -            289 49784at7898          -            540   1.7e-07   28.4   0.1   3   3     0.022       3.5    4.3   0.0   365   396   157   188   153   193 0.86 -
NODE_5918_length_14679_cov_40.477298:4678-5085   -            136 49784at7898          -            540   4.6e-07   27.0   0.0   1   2    0.0043      0.69    6.6   0.0   348   383    26    61    12    70 0.82 -
NODE_5918_length_14679_cov_40.477298:4678-5085   -            136 49784at7898          -            540   4.6e-07   27.0   0.0   2   2   8.5e-09   1.4e-06   25.4   0.0   331   394    40   108    31   120 0.84 -
NODE_14990_length_10994_cov_36.057458:2574-10048 -            319 49784at7898          -            540   6.6e-07   26.5   0.0   1   4   3.7e-05    0.0059   13.4   0.0   331   399    26   104     7   105 0.78 -
NODE_14990_length_10994_cov_36.057458:2574-10048 -            319 49784at7898          -            540   6.6e-07   26.5   0.0   2   4   6.1e-06   0.00097   16.0   0.0   355   399    93   137    90   151 0.85 -
NODE_14990_length_10994_cov_36.057458:2574-10048 -            319 49784at7898          -            540   6.6e-07   26.5   0.0   3   4      0.96   1.5e+02   -1.1   0.0   363   386   181   204   170   208 0.86 -
NODE_14990_length_10994_cov_36.057458:2574-10048 -            319 49784at7898          -            540   6.6e-07   26.5   0.0   4   4      0.33        52    0.4   0.0   372   388   235   251   221   287 0.70 -
NODE_128495_length_2914_cov_32.075666:771-2216   -            259 49784at7898          -            540   6.7e-07   26.4   0.1   1   4   3.2e-05    0.0051   13.6   0.0   339   404    22    88     6    98 0.79 -
NODE_128495_length_2914_cov_32.075666:771-2216   -            259 49784at7898          -            540   6.7e-07   26.4   0.1   2   4    0.0054      0.85    6.3   0.0   361   402   112   153    93   170 0.88 -
NODE_128495_length_2914_cov_32.075666:771-2216   -            259 49784at7898          -            540   6.7e-07   26.4   0.1   3   4      0.19        30    1.2   0.0   372   401   164   193   156   197 0.84 -
NODE_128495_length_2914_cov_32.075666:771-2216   -            259 49784at7898          -            540   6.7e-07   26.4   0.1   4   4     0.049       7.8    3.1   0.0   356   395   181   220   165   225 0.78 -
NODE_70106_length_5024_cov_31.899492:2048-2443   -            132 49784at7898          -            540   1.4e-06   25.3   0.0   1   1     1e-08   1.6e-06   25.2   0.0   330   398    38   115    23   130 0.78 -
NODE_12091_length_11838_cov_53.144135:348-851    -            168 49784at7898          -            540   2.6e-06   24.5   0.0   1   3   6.6e-06     0.001   15.9   0.0   357   414    33    90    26    97 0.86 -
NODE_12091_length_11838_cov_53.144135:348-851    -            168 49784at7898          -            540   2.6e-06   24.5   0.0   2   3    0.0046      0.73    6.5   0.0   351   403    90   143    80   147 0.82 -
NODE_12091_length_11838_cov_53.144135:348-851    -            168 49784at7898          -            540   2.6e-06   24.5   0.0   3   3     0.059       9.4    2.8   0.0   359   395   132   168   130   168 0.90 -
NODE_3974_length_16373_cov_30.217279:3215-5047   -            611 49784at7898          -            540   2.7e-06   24.4   0.2   1   3     0.013         2    5.0   0.1   363   400    81   118    36   136 0.76 -
NODE_3974_length_16373_cov_30.217279:3215-5047   -            611 49784at7898          -            540   2.7e-06   24.4   0.2   2   3    0.0002     0.032   11.0   0.0   333   402   115   186   107   197 0.82 -
NODE_3974_length_16373_cov_30.217279:3215-5047   -            611 49784at7898          -            540   2.7e-06   24.4   0.2   3   3    0.0059      0.94    6.1   0.0   375   403   506   534   458   569 0.66 -
NODE_88013_length_4206_cov_109.858047:815-1087   -             91 49784at7898          -            540   6.8e-06   23.1   0.0   1   1   5.2e-08   8.2e-06   22.8   0.0   361   425     8    72     3    91 0.90 -
NODE_57585_length_5743_cov_39.389617:3004-3456   -            151 49784at7898          -            540   7.9e-06   22.9   0.0   1   2   7.6e-06    0.0012   15.7   0.0   342   396    11    65     5    68 0.85 -
NODE_57585_length_5743_cov_39.389617:3004-3456   -            151 49784at7898          -            540   7.9e-06   22.9   0.0   2   2    0.0095       1.5    5.5   0.0   332   380    99   149    85   151 0.73 -
NODE_7538_length_13721_cov_32.122376:2578-2928   -            117 49784at7898          -            540   1.3e-05   22.2   0.0   1   3      0.53        85   -0.3   0.0   375   401     4    30     2    35 0.89 -
NODE_7538_length_13721_cov_32.122376:2578-2928   -            117 49784at7898          -            540   1.3e-05   22.2   0.0   2   3    0.0012      0.19    8.5   0.0   372   397    42    67    37    70 0.86 -
NODE_7538_length_13721_cov_32.122376:2578-2928   -            117 49784at7898          -            540   1.3e-05   22.2   0.0   3   3   0.00014     0.023   11.5   0.0   362   402    66   106    65   116 0.80 -
NODE_82832_length_4424_cov_31.915376:1585-3028   -            120 49784at7898          -            540   1.4e-05   22.0   0.0   1   2   2.4e-06   0.00038   17.3   0.0   336   387    11    62     5    70 0.80 -
NODE_82832_length_4424_cov_31.915376:1585-3028   -            120 49784at7898          -            540   1.4e-05   22.0   0.0   2   2     0.057         9    2.9   0.0   363   399    71   107    66   114 0.87 -
NODE_278_length_28962_cov_38.794962:18985-21039  -            610 49784at7898          -            540   3.7e-05   20.7   0.1   1   3      0.11        17    2.0   0.0   363   400    81   118    40   135 0.84 -
NODE_278_length_28962_cov_38.794962:18985-21039  -            610 49784at7898          -            540   3.7e-05   20.7   0.1   2   3    0.0017      0.27    7.9   0.0   334   403   116   187   112   208 0.79 -
NODE_278_length_28962_cov_38.794962:18985-21039  -            610 49784at7898          -            540   3.7e-05   20.7   0.1   3   3    0.0021      0.33    7.6   0.0   373   409   503   539   498   567 0.87 -
NODE_9878_length_12625_cov_65.441083:6486-11391  -            186 49784at7898          -            540   8.4e-05   19.5   1.3   1   2    0.0019       0.3    7.8   0.0   361   403     3    45     1    61 0.90 -
NODE_9878_length_12625_cov_65.441083:6486-11391  -            186 49784at7898          -            540   8.4e-05   19.5   1.3   2   2   0.00044     0.071    9.9   0.8   311   400    90   181    74   185 0.75 -
NODE_7699_length_13646_cov_39.873994:1314-10568  -            890 49784at7898          -            540   0.00013   18.9   0.3   1   2     0.073        12    2.5   0.0   347   395   689   738   683   749 0.78 -
NODE_7699_length_13646_cov_39.873994:1314-10568  -            890 49784at7898          -            540   0.00013   18.9   0.3   2   2   3.4e-05    0.0054   13.5   0.1   351   403   765   817   744   831 0.81 -
NODE_122267_length_3080_cov_28.986246:1066-2443  -            225 49784at7898          -            540   0.00016   18.6   0.0   1   2   2.3e-06   0.00036   17.4   0.0   338   399    77   138    40   145 0.77 -
NODE_122267_length_3080_cov_28.986246:1066-2443  -            225 49784at7898          -            540   0.00016   18.6   0.0   2   2     0.055       8.8    2.9   0.0   358   400   130   172   123   174 0.86 -
NODE_104309_length_3620_cov_33.763135:323-784    -            154 49784at7898          -            540   0.00028   17.8   0.0   1   2     0.021       3.4    4.3   0.0   333   378     7    55     3    61 0.78 -
NODE_104309_length_3620_cov_33.763135:323-784    -            154 49784at7898          -            540   0.00028   17.8   0.0   2   2   0.00013      0.02   11.6   0.0   356   397    72   114    61   126 0.85 -
NODE_63577_length_5382_cov_78.480030:1360-4649   -            351 49784at7898          -            540    0.0003   17.7  17.5   1   2   8.2e-06    0.0013   15.6   0.0   362   404    44    86    18    93 0.92 -
NODE_63577_length_5382_cov_78.480030:1360-4649   -            351 49784at7898          -            540    0.0003   17.7  17.5   2   2      0.12        19    1.8  15.7   430   501   185   257   164   264 0.71 -
NODE_70315_length_5013_cov_29.526048:2685-4541   -            353 49784at7898          -            540   0.00054   16.8   0.3   1   2    0.0071       1.1    5.9   0.1   332   393    15    77     5    95 0.79 -
NODE_70315_length_5013_cov_29.526048:2685-4541   -            353 49784at7898          -            540   0.00054   16.8   0.3   2   2   0.00083      0.13    9.0   0.0   355   396   181   222   161   232 0.84 -
NODE_2130_length_19122_cov_43.022920:8326-16245  -            584 49784at7898          -            540   0.00056   16.8   0.0   1   1   6.2e-06   0.00099   16.0   0.0   331   401    37   110    25   136 0.89 -
NODE_26963_length_8640_cov_28.458494:4685-7515   -            633 49784at7898          -            540    0.0012   15.7   1.0   1   5       6.5     1e+03   -3.9   0.0   361   380    54    73    40    75 0.82 -
NODE_26963_length_8640_cov_28.458494:4685-7515   -            633 49784at7898          -            540    0.0012   15.7   1.0   2   5     0.091        14    2.2   0.0   359   415    94   149    90   157 0.81 -
NODE_26963_length_8640_cov_28.458494:4685-7515   -            633 49784at7898          -            540    0.0012   15.7   1.0   3   5   0.00015     0.025   11.4   0.1   334   404   133   205   125   234 0.80 -
NODE_26963_length_8640_cov_28.458494:4685-7515   -            633 49784at7898          -            540    0.0012   15.7   1.0   4   5      0.11        18    1.9   0.0   331   379   196   245   194   279 0.64 -
NODE_26963_length_8640_cov_28.458494:4685-7515   -            633 49784at7898          -            540    0.0012   15.7   1.0   5   5       2.2   3.4e+02   -2.3   0.0   371   397   517   543   491   549 0.81 -
NODE_14353_length_11168_cov_42.999277:964-1581   -            206 49784at7898          -            540    0.0076   13.0   0.0   1   2       0.7   1.1e+02   -0.7   0.0   349   378   102   131    91   138 0.82 -
NODE_14353_length_11168_cov_42.999277:964-1581   -            206 49784at7898          -            540    0.0076   13.0   0.0   2   2   0.00012      0.02   11.7   0.0   356   398   148   191   111   202 0.74 -
NODE_12161_length_11815_cov_39.266302:6292-6708  -            139 49784at7898          -            540    0.0093   12.8   0.0   1   2   0.00038     0.061   10.1   0.0   357   386     2    31     1    42 0.92 -
NODE_12161_length_11815_cov_39.266302:6292-6708  -            139 49784at7898          -            540    0.0093   12.8   0.0   2   2      0.25        39    0.8   0.0   352   387    39    74    32    84 0.82 -
NODE_15819_length_10777_cov_31.810826:5199-5555  -            119 49784at7898          -            540     0.058   10.1   0.0   1   2    0.0022      0.34    7.6   0.0   374   404    48    78    14    96 0.74 -
NODE_15819_length_10777_cov_31.810826:5199-5555  -            119 49784at7898          -            540     0.058   10.1   0.0   2   2   0.00074      0.12    9.1   0.0   356   395    63   102    33   119 0.65 -
#
# Program:         hmmsearch
# Version:         3.1b2 (February 2015)
# Pipeline mode:   SEARCH
# Query file:      /home/e1garcia/shotgun_PIRE/abyss/busco_downloads/lineages/actinopterygii_odb10/hmms/49784at7898.hmm
# Target file:     /home/e1garcia/shotgun_PIRE/pire_ssl_data_processing/plotosus_lineatus/busco_scaffolds_results-SPAdes_decontam_R1R2_noIsolate/run_actinopterygii_odb10/metaeuk_output/initial_results/scaffolds.modified.fasta.modified.fas
# Option settings: hmmsearch --domtblout /home/e1garcia/shotgun_PIRE/pire_ssl_data_processing/plotosus_lineatus/busco_scaffolds_results-SPAdes_decontam_R1R2_noIsolate/run_actinopterygii_odb10/hmmer_output/initial_run_results/49784at7898.out --cpu 1 /home/e1garcia/shotgun_PIRE/abyss/busco_downloads/lineages/actinopterygii_odb10/hmms/49784at7898.hmm /home/e1garcia/shotgun_PIRE/pire_ssl_data_processing/plotosus_lineatus/busco_scaffolds_results-SPAdes_decontam_R1R2_noIsolate/run_actinopterygii_odb10/metaeuk_output/initial_results/scaffolds.modified.fasta.modified.fas 
# Current dir:     /home/e1garcia/shotgun_PIRE/pire_ssl_data_processing/plotosus_lineatus
# Date:            Fri Aug 20 13:22:37 2021
# [ok]
