#                                                                                                        --- full sequence --- -------------- this domain -------------   hmm coord   ali coord   env coord
# target name                                    accession   tlen query name           accession   qlen   E-value  score  bias   #  of  c-Evalue  i-Evalue  score  bias  from    to  from    to  from    to  acc description of target
#                            ------------------- ---------- ----- -------------------- ---------- ----- --------- ------ ----- --- --- --------- --------- ------ ----- ----- ----- ----- ----- ----- ----- ---- ---------------------
NODE_135058_length_2750_cov_34.370426:95-2164    -            362 52264at7898          -            359  1.4e-137  456.9   5.3   1   3   4.1e-13     7e-11   40.1   0.0    45    84     3    42     1    46 0.92 -
NODE_135058_length_2750_cov_34.370426:95-2164    -            362 52264at7898          -            359  1.4e-137  456.9   5.3   2   3     3e-16     5e-14   50.5   0.1    85   148    63   145    57   182 0.73 -
NODE_135058_length_2750_cov_34.370426:95-2164    -            362 52264at7898          -            359  1.4e-137  456.9   5.3   3   3  2.8e-112  4.7e-110  366.4   0.5   156   329   188   362   175   362 0.97 -
NODE_12202_length_11804_cov_29.004870:4916-5899  -            328 52264at7898          -            359   1.9e-23   81.4   3.1   1   7    0.0011      0.19    9.1   0.0    27    58    21    52     3    58 0.83 -
NODE_12202_length_11804_cov_29.004870:4916-5899  -            328 52264at7898          -            359   1.9e-23   81.4   3.1   2   7   0.00012     0.021   12.3   0.0    31    56    58    83    52    90 0.88 -
NODE_12202_length_11804_cov_29.004870:4916-5899  -            328 52264at7898          -            359   1.9e-23   81.4   3.1   3   7     8e-07   0.00013   19.5   0.0    28    85    88   146    83   153 0.81 -
NODE_12202_length_11804_cov_29.004870:4916-5899  -            328 52264at7898          -            359   1.9e-23   81.4   3.1   4   7   4.5e-06   0.00076   17.0   0.0    29    82   156   209   149   222 0.84 -
NODE_12202_length_11804_cov_29.004870:4916-5899  -            328 52264at7898          -            359   1.9e-23   81.4   3.1   5   7   7.4e-05     0.012   13.0   0.0    30    85   190   246   184   256 0.86 -
NODE_12202_length_11804_cov_29.004870:4916-5899  -            328 52264at7898          -            359   1.9e-23   81.4   3.1   6   7   2.8e-06   0.00047   17.7   0.1    29    89   222   283   213   305 0.79 -
NODE_12202_length_11804_cov_29.004870:4916-5899  -            328 52264at7898          -            359   1.9e-23   81.4   3.1   7   7   0.00032     0.054   10.9   0.0    29    81   255   307   245   325 0.86 -
NODE_5008_length_15369_cov_38.484086:3003-4001   -            333 52264at7898          -            359   1.4e-21   75.3   1.4   1   6   0.00016     0.028   11.9   0.0    32    84    16    68     3    71 0.86 -
NODE_5008_length_15369_cov_38.484086:3003-4001   -            333 52264at7898          -            359   1.4e-21   75.3   1.4   2   6   2.2e-05    0.0037   14.7   0.0    30    84    47   101    28   112 0.89 -
NODE_5008_length_15369_cov_38.484086:3003-4001   -            333 52264at7898          -            359   1.4e-21   75.3   1.4   3   6   3.3e-05    0.0055   14.2   0.0    28    82    78   132    70   137 0.89 -
NODE_5008_length_15369_cov_38.484086:3003-4001   -            333 52264at7898          -            359   1.4e-21   75.3   1.4   4   6   2.6e-07   4.4e-05   21.1   0.0    29    84   112   167   106   175 0.92 -
NODE_5008_length_15369_cov_38.484086:3003-4001   -            333 52264at7898          -            359   1.4e-21   75.3   1.4   5   6   8.5e-06    0.0014   16.1   0.0    28    85   177   234   168   245 0.90 -
NODE_5008_length_15369_cov_38.484086:3003-4001   -            333 52264at7898          -            359   1.4e-21   75.3   1.4   6   6   1.9e-05    0.0031   15.0   0.1    28    84   276   332   262   333 0.93 -
NODE_23148_length_9255_cov_34.523373:5332-6360   -            343 52264at7898          -            359   6.2e-21   73.2   0.2   1   6   8.4e-06    0.0014   16.1   0.0    30    84    30    84     4    95 0.91 -
NODE_23148_length_9255_cov_34.523373:5332-6360   -            343 52264at7898          -            359   6.2e-21   73.2   0.2   2   6    0.0016      0.27    8.6   0.0    28    73    61   106    51   111 0.89 -
NODE_23148_length_9255_cov_34.523373:5332-6360   -            343 52264at7898          -            359   6.2e-21   73.2   0.2   3   6   7.4e-05     0.012   13.0   0.0    39    84   113   158    85   166 0.80 -
NODE_23148_length_9255_cov_34.523373:5332-6360   -            343 52264at7898          -            359   6.2e-21   73.2   0.2   4   6   7.3e-08   1.2e-05   22.9   0.0    29    86   205   262   180   272 0.92 -
NODE_23148_length_9255_cov_34.523373:5332-6360   -            343 52264at7898          -            359   6.2e-21   73.2   0.2   5   6   5.2e-05    0.0087   13.5   0.0    29    84   273   328   262   331 0.90 -
NODE_23148_length_9255_cov_34.523373:5332-6360   -            343 52264at7898          -            359   6.2e-21   73.2   0.2   6   6    0.0027      0.46    7.8   0.0    29    60   306   337   299   342 0.88 -
NODE_23148_length_9255_cov_34.523373:5680-6744   -            355 52264at7898          -            359   2.4e-20   71.3   0.2   1   6    0.0011      0.18    9.2   0.0    28    60    19    51     5    80 0.80 -
NODE_23148_length_9255_cov_34.523373:5680-6744   -            355 52264at7898          -            359   2.4e-20   71.3   0.2   2   6   7.9e-08   1.3e-05   22.8   0.0    29    86    89   146    64   155 0.92 -
NODE_23148_length_9255_cov_34.523373:5680-6744   -            355 52264at7898          -            359   2.4e-20   71.3   0.2   3   6   6.1e-05      0.01   13.3   0.0    29    84   157   212   147   214 0.90 -
NODE_23148_length_9255_cov_34.523373:5680-6744   -            355 52264at7898          -            359   2.4e-20   71.3   0.2   4   6    0.0018      0.31    8.4   0.0    29    62   190   223   183   247 0.87 -
NODE_23148_length_9255_cov_34.523373:5680-6744   -            355 52264at7898          -            359   2.4e-20   71.3   0.2   5   6    0.0022      0.37    8.1   0.0    11    66   239   294   231   315 0.78 -
NODE_23148_length_9255_cov_34.523373:5680-6744   -            355 52264at7898          -            359   2.4e-20   71.3   0.2   6   6    0.0014      0.24    8.8   0.0    28    57   324   353   313   355 0.89 -
NODE_768_length_23726_cov_56.450629:5341-6441    -            367 52264at7898          -            359   1.7e-17   61.9   6.8   1   7       1.6   2.6e+02   -1.2   0.0    32    73    32    73    11    95 0.69 -
NODE_768_length_23726_cov_56.450629:5341-6441    -            367 52264at7898          -            359   1.7e-17   61.9   6.8   2   7     0.021       3.6    4.9   0.0    33    84    66   118    41   129 0.65 -
NODE_768_length_23726_cov_56.450629:5341-6441    -            367 52264at7898          -            359   1.7e-17   61.9   6.8   3   7   0.00012     0.021   12.3   0.1    27    84    94   151    74   155 0.87 -
NODE_768_length_23726_cov_56.450629:5341-6441    -            367 52264at7898          -            359   1.7e-17   61.9   6.8   4   7   4.6e-05    0.0078   13.7   0.3    26    85   126   186   121   193 0.89 -
NODE_768_length_23726_cov_56.450629:5341-6441    -            367 52264at7898          -            359   1.7e-17   61.9   6.8   5   7   2.5e-05    0.0043   14.5   0.0    28    85   196   254   191   263 0.89 -
NODE_768_length_23726_cov_56.450629:5341-6441    -            367 52264at7898          -            359   1.7e-17   61.9   6.8   6   7   1.1e-07   1.8e-05   22.3   0.1    27    85   262   321   254   327 0.88 -
NODE_768_length_23726_cov_56.450629:5341-6441    -            367 52264at7898          -            359   1.7e-17   61.9   6.8   7   7     0.014       2.3    5.5   0.0    28    56   330   358   324   365 0.86 -
NODE_12202_length_11804_cov_29.004870:5342-5953  -            204 52264at7898          -            359   9.5e-17   59.4   0.4   1   4   0.00044     0.074   10.4   0.0    25    58    37    70    14    74 0.79 -
NODE_12202_length_11804_cov_29.004870:5342-5953  -            204 52264at7898          -            359   9.5e-17   59.4   0.4   2   4   6.3e-05     0.011   13.2   0.0    31    56    76   101    70   108 0.88 -
NODE_12202_length_11804_cov_29.004870:5342-5953  -            204 52264at7898          -            359   9.5e-17   59.4   0.4   3   4   3.4e-07   5.7e-05   20.7   0.0    28    85   106   164   101   172 0.81 -
NODE_12202_length_11804_cov_29.004870:5342-5953  -            204 52264at7898          -            359   9.5e-17   59.4   0.4   4   4   0.00022     0.036   11.5   0.0    29    57   174   202   166   204 0.87 -
NODE_3811_length_16569_cov_31.751973:9770-10927  -            386 52264at7898          -            359   1.4e-16   58.9   3.1   1   7      0.16        26    2.1   0.0    36    89    39    92    18   100 0.75 -
NODE_3811_length_16569_cov_31.751973:9770-10927  -            386 52264at7898          -            359   1.4e-16   58.9   3.1   2   7      0.19        32    1.8   0.0    24    76    60   112    42   128 0.73 -
NODE_3811_length_16569_cov_31.751973:9770-10927  -            386 52264at7898          -            359   1.4e-16   58.9   3.1   3   7   6.6e-06    0.0011   16.5   0.0    20    60   122   162   110   167 0.79 -
NODE_3811_length_16569_cov_31.751973:9770-10927  -            386 52264at7898          -            359   1.4e-16   58.9   3.1   4   7   5.1e-07   8.6e-05   20.1   0.0    27    84   163   220   158   226 0.93 -
NODE_3811_length_16569_cov_31.751973:9770-10927  -            386 52264at7898          -            359   1.4e-16   58.9   3.1   5   7    0.0023      0.38    8.1   0.0    26    85   228   287   221   294 0.87 -
NODE_3811_length_16569_cov_31.751973:9770-10927  -            386 52264at7898          -            359   1.4e-16   58.9   3.1   6   7     0.053       8.9    3.6   0.0    28    58   296   326   286   331 0.83 -
NODE_3811_length_16569_cov_31.751973:9770-10927  -            386 52264at7898          -            359   1.4e-16   58.9   3.1   7   7     0.027       4.5    4.6   0.0    29    72   330   373   324   378 0.88 -
NODE_278_length_28962_cov_38.794962:18985-21039  -            610 52264at7898          -            359   2.1e-13   48.4   0.4   1   5   3.2e-05    0.0053   14.2   0.0     6    63    12    66     7    75 0.82 -
NODE_278_length_28962_cov_38.794962:18985-21039  -            610 52264at7898          -            359   2.1e-13   48.4   0.4   2   5   0.00097      0.16    9.3   0.0    29    86    74   131    63   141 0.86 -
NODE_278_length_28962_cov_38.794962:18985-21039  -            610 52264at7898          -            359   2.1e-13   48.4   0.4   3   5   2.8e-05    0.0047   14.4   0.0    29    84   107   162   100   175 0.86 -
NODE_278_length_28962_cov_38.794962:18985-21039  -            610 52264at7898          -            359   2.1e-13   48.4   0.4   4   5     0.006         1    6.7   0.0    28    98   172   241   165   255 0.82 -
NODE_278_length_28962_cov_38.794962:18985-21039  -            610 52264at7898          -            359   2.1e-13   48.4   0.4   5   5    0.0085       1.4    6.2   0.0    31    71   521   561   509   590 0.85 -
NODE_3974_length_16373_cov_30.217279:3215-5047   -            611 52264at7898          -            359     2e-11   41.9   0.7   1   5    0.0016      0.27    8.6   0.0    22    55    25    58     7    71 0.78 -
NODE_3974_length_16373_cov_30.217279:3215-5047   -            611 52264at7898          -            359     2e-11   41.9   0.7   2   5   0.00016     0.027   11.9   0.1    32    93    77   139    67   142 0.82 -
NODE_3974_length_16373_cov_30.217279:3215-5047   -            611 52264at7898          -            359     2e-11   41.9   0.7   3   5   0.00057     0.096   10.1   0.0    29    70   140   181   134   200 0.80 -
NODE_3974_length_16373_cov_30.217279:3215-5047   -            611 52264at7898          -            359     2e-11   41.9   0.7   4   5     0.057       9.7    3.5   0.0    24    54   200   230   177   243 0.76 -
NODE_3974_length_16373_cov_30.217279:3215-5047   -            611 52264at7898          -            359     2e-11   41.9   0.7   5   5      0.18        31    1.8   0.0    29    71   520   562   509   584 0.83 -
NODE_26963_length_8640_cov_28.458494:4685-7515   -            633 52264at7898          -            359   6.7e-11   40.2   1.2   1   4    0.0062         1    6.7   0.0    28    54    48    74    26    88 0.81 -
NODE_26963_length_8640_cov_28.458494:4685-7515   -            633 52264at7898          -            359   6.7e-11   40.2   1.2   2   4   0.00034     0.057   10.8   0.1    31    86    93   148    84   158 0.90 -
NODE_26963_length_8640_cov_28.458494:4685-7515   -            633 52264at7898          -            359   6.7e-11   40.2   1.2   3   4   4.7e-06    0.0008   16.9   0.1    32    82   160   210   147   218 0.87 -
NODE_26963_length_8640_cov_28.458494:4685-7515   -            633 52264at7898          -            359   6.7e-11   40.2   1.2   4   4       0.2        33    1.7   0.0    25    59   218   253   210   279 0.86 -
NODE_7699_length_13646_cov_39.873994:1314-10568  -            890 52264at7898          -            359   1.4e-10   39.2   1.7   1   3     0.012         2    5.7   0.1    24    74   692   744   670   761 0.80 -
NODE_7699_length_13646_cov_39.873994:1314-10568  -            890 52264at7898          -            359   1.4e-10   39.2   1.7   2   3    0.0013      0.22    8.9   0.1    27    59   768   800   757   804 0.87 -
NODE_7699_length_13646_cov_39.873994:1314-10568  -            890 52264at7898          -            359   1.4e-10   39.2   1.7   3   3   6.3e-08   1.1e-05   23.1   0.0    27    91   801   866   798   880 0.88 -
NODE_2130_length_19122_cov_43.022920:8326-16245  -            584 52264at7898          -            359   6.8e-10   36.9   0.0   1   2    0.0011      0.19    9.1   0.0    30    57    66    93    48    98 0.85 -
NODE_2130_length_19122_cov_43.022920:8326-16245  -            584 52264at7898          -            359   6.8e-10   36.9   0.0   2   2   6.5e-09   1.1e-06   26.3   0.0    26    97    95   166    92   176 0.89 -
NODE_43542_length_6794_cov_27.685586:2809-3186   -            126 52264at7898          -            359   1.1e-08   32.9   0.0   1   2   1.6e-06   0.00027   18.5   0.0    34    84     4    54     1    59 0.95 -
NODE_43542_length_6794_cov_27.685586:2809-3186   -            126 52264at7898          -            359   1.1e-08   32.9   0.0   2   2   8.5e-05     0.014   12.8   0.0    32    60    70    98    55   115 0.79 -
NODE_61348_length_5512_cov_34.228709:397-4590    -            204 52264at7898          -            359   5.6e-08   30.6   0.2   1   3   0.00016     0.027   11.9   0.0    35    81     2    48     1    72 0.83 -
NODE_61348_length_5512_cov_34.228709:397-4590    -            204 52264at7898          -            359   5.6e-08   30.6   0.2   2   3    0.0076       1.3    6.4   0.0    28    55    96   123    88   147 0.83 -
NODE_61348_length_5512_cov_34.228709:397-4590    -            204 52264at7898          -            359   5.6e-08   30.6   0.2   3   3    0.0012      0.21    9.0   0.0    28    63   165   200   146   204 0.82 -
NODE_88013_length_4206_cov_109.858047:815-1087   -             91 52264at7898          -            359   1.1e-07   29.6   0.0   1   2   4.8e-08   8.1e-06   23.5   0.0    29    86     3    60     1    70 0.89 -
NODE_88013_length_4206_cov_109.858047:815-1087   -             91 52264at7898          -            359   1.1e-07   29.6   0.0   2   2     0.019       3.2    5.1   0.0    26    51    66    91    60    91 0.81 -
NODE_122267_length_3080_cov_28.986246:1066-2443  -            225 52264at7898          -            359   3.3e-07   28.1   0.1   1   3   7.5e-07   0.00013   19.6   0.0    23    84    89   150    74   156 0.90 -
NODE_122267_length_3080_cov_28.986246:1066-2443  -            225 52264at7898          -            359   3.3e-07   28.1   0.1   2   3   5.2e-05    0.0088   13.5   0.0    26    72   125   171   122   190 0.89 -
NODE_122267_length_3080_cov_28.986246:1066-2443  -            225 52264at7898          -            359   3.3e-07   28.1   0.1   3   3      0.75   1.3e+02   -0.2   0.0    34    73   166   207   155   221 0.64 -
NODE_31201_length_8071_cov_48.009032:975-6551    -            342 52264at7898          -            359   1.3e-06   26.1   0.4   1   4      0.11        19    2.5   0.0    31    57   124   150   113   154 0.85 -
NODE_31201_length_8071_cov_48.009032:975-6551    -            342 52264at7898          -            359   1.3e-06   26.1   0.4   2   4     0.093        16    2.8   0.0    31    60   156   185   150   199 0.85 -
NODE_31201_length_8071_cov_48.009032:975-6551    -            342 52264at7898          -            359   1.3e-06   26.1   0.4   3   4   0.00034     0.057   10.8   0.0    26    71   217   262   205   270 0.89 -
NODE_31201_length_8071_cov_48.009032:975-6551    -            342 52264at7898          -            359   1.3e-06   26.1   0.4   4   4     0.023       3.9    4.8   0.1    31    70   296   335   282   339 0.89 -
NODE_70315_length_5013_cov_29.526048:2685-4541   -            353 52264at7898          -            359   9.7e-06   23.2   0.6   1   4     0.036         6    4.2   0.0    27    64    38    75     7    87 0.71 -
NODE_70315_length_5013_cov_29.526048:2685-4541   -            353 52264at7898          -            359   9.7e-06   23.2   0.6   2   4   0.00021     0.035   11.5   0.0    30    75   106   151    88   182 0.88 -
NODE_70315_length_5013_cov_29.526048:2685-4541   -            353 52264at7898          -            359   9.7e-06   23.2   0.6   3   4     0.067        11    3.3   0.0    31    62   184   215   175   225 0.84 -
NODE_70315_length_5013_cov_29.526048:2685-4541   -            353 52264at7898          -            359   9.7e-06   23.2   0.6   4   4       4.4   7.4e+02   -2.7   0.1   200   216   307   323   305   337 0.77 -
NODE_82832_length_4424_cov_31.915376:1585-3028   -            120 52264at7898          -            359   1.2e-05   22.9   0.0   1   2   2.6e-07   4.4e-05   21.1   0.0    18    85    19    87     6    97 0.86 -
NODE_82832_length_4424_cov_31.915376:1585-3028   -            120 52264at7898          -            359   1.2e-05   22.9   0.0   2   2      0.75   1.3e+02   -0.2   0.0    31    52    99   120    89   120 0.87 -
NODE_128495_length_2914_cov_32.075666:771-2216   -            259 52264at7898          -            359   1.3e-05   22.8   0.1   1   3     0.053       8.9    3.6   0.0    30    71    41    82    28    98 0.88 -
NODE_128495_length_2914_cov_32.075666:771-2216   -            259 52264at7898          -            359   1.3e-05   22.8   0.1   2   3   3.8e-05    0.0063   14.0   0.0    29    86   107   162    88   177 0.87 -
NODE_128495_length_2914_cov_32.075666:771-2216   -            259 52264at7898          -            359   1.3e-05   22.8   0.1   3   3      0.18        30    1.8   0.0    30    67   182   219   167   234 0.83 -
NODE_303720_length_532_cov_0.942263:1-252        -             84 52264at7898          -            359   2.8e-05   21.7   0.0   1   1   1.7e-07   2.8e-05   21.7   0.0   257   312     1    58     1    75 0.73 -
NODE_15819_length_10777_cov_31.810826:5199-5555  -            119 52264at7898          -            359   3.5e-05   21.4   0.0   1   1   2.2e-07   3.7e-05   21.3   0.0    27    84    61   118    28   119 0.90 -
NODE_51441_length_6165_cov_28.965051:1691-4463   -            179 52264at7898          -            359   8.1e-05   20.2   0.2   1   3     0.034       5.6    4.3   0.1    28    58    36    66    20    74 0.72 -
NODE_51441_length_6165_cov_28.965051:1691-4463   -            179 52264at7898          -            359   8.1e-05   20.2   0.2   2   3   0.00021     0.035   11.5   0.0    26    69    69   112    62   123 0.87 -
NODE_51441_length_6165_cov_28.965051:1691-4463   -            179 52264at7898          -            359   8.1e-05   20.2   0.2   3   3      0.27        45    1.3   0.0    38    73   131   166   118   171 0.89 -
NODE_14990_length_10994_cov_36.057458:2574-10048 -            319 52264at7898          -            359   0.00026   18.5   0.0   1   2     8e-06    0.0013   16.2   0.0    34    84    66   116    25   131 0.88 -
NODE_14990_length_10994_cov_36.057458:2574-10048 -            319 52264at7898          -            359   0.00026   18.5   0.0   2   2       1.2   2.1e+02   -0.9   0.0    33    58   131   156   119   161 0.85 -
NODE_5918_length_14679_cov_40.477298:4678-5085   -            136 52264at7898          -            359   0.00034   18.1   0.1   1   1   2.4e-06   0.00041   17.9   0.1    29   101    34   108    15   125 0.73 -
NODE_9878_length_12625_cov_65.441083:6486-11391  -            186 52264at7898          -            359   0.00038   18.0   2.2   1   3       0.1        17    2.7   0.1    27    84    29    92    10    95 0.72 -
NODE_9878_length_12625_cov_65.441083:6486-11391  -            186 52264at7898          -            359   0.00038   18.0   2.2   2   3     0.016       2.7    5.3   0.2    23    72    64   114    48   127 0.76 -
NODE_9878_length_12625_cov_65.441083:6486-11391  -            186 52264at7898          -            359   0.00038   18.0   2.2   3   3   0.00026     0.044   11.2   0.1    30    72   138   180   122   183 0.92 -
NODE_5352_length_15096_cov_30.870174:199-631     -            117 52264at7898          -            359   0.00054   17.5   0.0   1   1   4.6e-06   0.00076   17.0   0.0    27    89    24    87     2   101 0.75 -
NODE_2996_length_17616_cov_44.857510:11075-12065 -            274 52264at7898          -            359   0.00095   16.7   0.0   1   1   8.3e-06    0.0014   16.1   0.0   256   287    21    52     9    95 0.81 -
NODE_12091_length_11838_cov_53.144135:348-851    -            168 52264at7898          -            359    0.0039   14.6   0.0   1   2   0.00034     0.056   10.8   0.0    11    84    19    87     9    98 0.79 -
NODE_12091_length_11838_cov_53.144135:348-851    -            168 52264at7898          -            359    0.0039   14.6   0.0   2   2      0.25        42    1.4   0.0    27    67   127   167   118   168 0.90 -
NODE_102501_length_3680_cov_31.234292:472-840    -            123 52264at7898          -            359     0.011   13.2   0.0   1   2    0.0052      0.87    6.9   0.0    31    86    26    89    18    89 0.68 -
NODE_102501_length_3680_cov_31.234292:472-840    -            123 52264at7898          -            359     0.011   13.2   0.0   2   2   0.00015     0.025   12.0   0.0    29    82    63   117    44   122 0.81 -
NODE_5398_length_15074_cov_4.296093:10122-10466  -            115 52264at7898          -            359     0.014   12.8   0.0   1   1   8.5e-05     0.014   12.8   0.0   246   280    12    46     7   108 0.89 -
NODE_15818_length_10777_cov_34.325248:8156-9171  -            322 52264at7898          -            359     0.023   12.1   0.0   1   2     0.016       2.6    5.3   0.0    20    69    55   104    25   122 0.67 -
NODE_15818_length_10777_cov_34.325248:8156-9171  -            322 52264at7898          -            359     0.023   12.1   0.0   2   2      0.03       5.1    4.4   0.0    34    64   135   165   114   210 0.67 -
NODE_57585_length_5743_cov_39.389617:3004-3456   -            151 52264at7898          -            359      0.03   11.7   0.0   1   2    0.0038      0.64    7.4   0.0    25    68    21    64    10    74 0.86 -
NODE_57585_length_5743_cov_39.389617:3004-3456   -            151 52264at7898          -            359      0.03   11.7   0.0   2   2      0.11        19    2.5   0.0    31    84    94   147    83   150 0.73 -
NODE_104309_length_3620_cov_33.763135:323-784    -            154 52264at7898          -            359     0.035   11.5   0.0   1   1   0.00034     0.057   10.8   0.0     3    58    48   100    46   114 0.82 -
#
# Program:         hmmsearch
# Version:         3.1b2 (February 2015)
# Pipeline mode:   SEARCH
# Query file:      /home/e1garcia/shotgun_PIRE/abyss/busco_downloads/lineages/actinopterygii_odb10/hmms/52264at7898.hmm
# Target file:     /home/e1garcia/shotgun_PIRE/pire_ssl_data_processing/plotosus_lineatus/busco_scaffolds_results-SPAdes_decontam_R1R2_noIsolate/run_actinopterygii_odb10/metaeuk_output/initial_results/scaffolds.modified.fasta.modified.fas
# Option settings: hmmsearch --domtblout /home/e1garcia/shotgun_PIRE/pire_ssl_data_processing/plotosus_lineatus/busco_scaffolds_results-SPAdes_decontam_R1R2_noIsolate/run_actinopterygii_odb10/hmmer_output/initial_run_results/52264at7898.out --cpu 1 /home/e1garcia/shotgun_PIRE/abyss/busco_downloads/lineages/actinopterygii_odb10/hmms/52264at7898.hmm /home/e1garcia/shotgun_PIRE/pire_ssl_data_processing/plotosus_lineatus/busco_scaffolds_results-SPAdes_decontam_R1R2_noIsolate/run_actinopterygii_odb10/metaeuk_output/initial_results/scaffolds.modified.fasta.modified.fas 
# Current dir:     /home/e1garcia/shotgun_PIRE/pire_ssl_data_processing/plotosus_lineatus
# Date:            Fri Aug 20 13:29:56 2021
# [ok]
