#                                                                                                       --- full sequence --- -------------- this domain -------------   hmm coord   ali coord   env coord
# target name                                   accession   tlen query name           accession   qlen   E-value  score  bias   #  of  c-Evalue  i-Evalue  score  bias  from    to  from    to  from    to  acc description of target
#                           ------------------- ---------- ----- -------------------- ---------- ----- --------- ------ ----- --- --- --------- --------- ------ ----- ----- ----- ----- ----- ----- ----- ---- ---------------------
NODE_44967_length_6672_cov_34.671535:1425-6311  -            340 54529at7898          -            394  1.5e-150  499.9   0.1   1   1  2.1e-153  1.7e-150  499.6   0.1    13   322     2   340     1   340 0.92 -
NODE_16872_length_10526_cov_27.321761:4870-9560 -            229 54529at7898          -            394  6.5e-129  428.6   0.2   1   1  8.8e-132  7.4e-129  428.4   0.2   177   389     1   229     1   229 0.95 -
NODE_1_length_94589_cov_5.070801:23202-24299    -            366 54529at7898          -            394   1.2e-46  157.7   0.1   1   1   1.6e-49   1.3e-46  157.6   0.1    23   379     1   358     1   366 0.85 -
NODE_13_length_48483_cov_4.770379:33208-34317   -            370 54529at7898          -            394   5.1e-39  132.6   0.1   1   1   7.5e-42   6.3e-39  132.3   0.1    23   332     1   313     1   365 0.81 -
NODE_36184_length_7503_cov_4.632901:207-1343    -            379 54529at7898          -            394   1.5e-35  121.1   0.0   1   1     5e-38   4.2e-35  119.7   0.0    36   388    19   375     1   379 0.73 -
NODE_177_length_31667_cov_4.719970:22654-23664  -            337 54529at7898          -            394   1.9e-28   97.8   0.4   1   1   2.8e-31   2.3e-28   97.5   0.4    23   302     1   299     1   323 0.80 -
NODE_2897_length_17736_cov_4.450077:5082-6059   -            326 54529at7898          -            394   8.3e-27   92.4   0.0   1   1   1.2e-29     1e-26   92.1   0.0    22   314     1   301     1   317 0.82 -
#
# Program:         hmmsearch
# Version:         3.1b2 (February 2015)
# Pipeline mode:   SEARCH
# Query file:      /home/e1garcia/shotgun_PIRE/abyss/busco_downloads/lineages/actinopterygii_odb10/hmms/54529at7898.hmm
# Target file:     /home/e1garcia/shotgun_PIRE/pire_ssl_data_processing/plotosus_lineatus/busco_scaffolds_results-SPAdes_decontam_R1R2_noIsolate/run_actinopterygii_odb10/metaeuk_output/initial_results/scaffolds.modified.fasta.modified.fas
# Option settings: hmmsearch --domtblout /home/e1garcia/shotgun_PIRE/pire_ssl_data_processing/plotosus_lineatus/busco_scaffolds_results-SPAdes_decontam_R1R2_noIsolate/run_actinopterygii_odb10/hmmer_output/initial_run_results/54529at7898.out --cpu 1 /home/e1garcia/shotgun_PIRE/abyss/busco_downloads/lineages/actinopterygii_odb10/hmms/54529at7898.hmm /home/e1garcia/shotgun_PIRE/pire_ssl_data_processing/plotosus_lineatus/busco_scaffolds_results-SPAdes_decontam_R1R2_noIsolate/run_actinopterygii_odb10/metaeuk_output/initial_results/scaffolds.modified.fasta.modified.fas 
# Current dir:     /home/e1garcia/shotgun_PIRE/pire_ssl_data_processing/plotosus_lineatus
# Date:            Fri Aug 20 13:23:26 2021
# [ok]
