#                                                                                                        --- full sequence --- -------------- this domain -------------   hmm coord   ali coord   env coord
# target name                                    accession   tlen query name           accession   qlen   E-value  score  bias   #  of  c-Evalue  i-Evalue  score  bias  from    to  from    to  from    to  acc description of target
#                            ------------------- ---------- ----- -------------------- ---------- ----- --------- ------ ----- --- --- --------- --------- ------ ----- ----- ----- ----- ----- ----- ----- ---- ---------------------
NODE_6422_length_14350_cov_40.480949:12179-14106 -            282 59787at7898          -            377  6.9e-140  464.7   5.6   1   1  4.8e-142    8e-140  464.4   5.6    12   260     2   281     1   282 0.92 -
NODE_36206_length_7499_cov_40.033649:2331-6852   -            295 59787at7898          -            377   1.7e-22   78.3  13.5   1   3     1e-10   1.8e-08   32.2   3.5   238   320    16    98     7   101 0.84 -
NODE_36206_length_7499_cov_40.033649:2331-6852   -            295 59787at7898          -            377   1.7e-22   78.3  13.5   2   3     3e-09     5e-07   27.4   2.6   272   368   100   191    97   195 0.84 -
NODE_36206_length_7499_cov_40.033649:2331-6852   -            295 59787at7898          -            377   1.7e-22   78.3  13.5   3   3   6.3e-08   1.1e-05   23.0   0.0   236   294   228   289   219   294 0.66 -
NODE_105119_length_3594_cov_29.295851:760-2201   -            410 59787at7898          -            377   1.2e-18   65.6   3.6   1   4       1.4   2.3e+02   -1.1   0.0   138   293   100   118    82   138 0.50 -
NODE_105119_length_3594_cov_29.295851:760-2201   -            410 59787at7898          -            377   1.2e-18   65.6   3.6   2   4     0.013       2.1    5.6   0.0   115   159   154   195   146   213 0.57 -
NODE_105119_length_3594_cov_29.295851:760-2201   -            410 59787at7898          -            377   1.2e-18   65.6   3.6   3   4   7.4e-14   1.2e-11   42.5   0.3   238   338   218   316   211   320 0.90 -
NODE_105119_length_3594_cov_29.295851:760-2201   -            410 59787at7898          -            377   1.2e-18   65.6   3.6   4   4   4.5e-10   7.6e-08   30.1   0.1   269   341   293   361   290   365 0.88 -
NODE_48403_length_6391_cov_22.934679:1793-6133   -            344 59787at7898          -            377   1.5e-17   62.0   1.1   1   2   1.1e-12   1.9e-10   38.7   0.1   262   343     5    85     1   105 0.91 -
NODE_48403_length_6391_cov_22.934679:1793-6133   -            344 59787at7898          -            377   1.5e-17   62.0   1.1   2   2   1.2e-07     2e-05   22.1   0.2   215   298   128   216   123   232 0.84 -
NODE_8961_length_13017_cov_33.997600:5056-12401  -            296 59787at7898          -            377   7.7e-17   59.7   8.3   1   3   0.00015     0.025   11.9   0.0   266   336    11    79     4    85 0.63 -
NODE_8961_length_13017_cov_33.997600:5056-12401  -            296 59787at7898          -            377   7.7e-17   59.7   8.3   2   3     1e-12   1.7e-10   38.8   1.0   212   340    86   208    80   213 0.81 -
NODE_8961_length_13017_cov_33.997600:5056-12401  -            296 59787at7898          -            377   7.7e-17   59.7   8.3   3   3   0.00019     0.032   11.6   0.4   265   325   225   283   212   295 0.77 -
NODE_792_length_23596_cov_33.653105:4175-4966    -            264 59787at7898          -            377   1.7e-16   58.5  14.3   1   2     1e-10   1.7e-08   32.2   5.6   238   358     1   118     1   121 0.82 -
NODE_792_length_23596_cov_33.653105:4175-4966    -            264 59787at7898          -            377   1.7e-16   58.5  14.3   2   2   1.2e-11     2e-09   35.3   1.8   218   358   106   243   102   257 0.80 -
NODE_5583_length_14928_cov_36.355452:1-3010      -            347 59787at7898          -            377   3.8e-12   44.2   7.8   1   2   8.3e-08   1.4e-05   22.6   0.8   285   369   111   193   100   200 0.81 -
NODE_5583_length_14928_cov_36.355452:1-3010      -            347 59787at7898          -            377   3.8e-12   44.2   7.8   2   2   1.5e-08   2.4e-06   25.1   1.2   265   377   218   336   196   336 0.81 -
NODE_12282_length_11776_cov_39.899632:7230-11684 -            767 59787at7898          -            377     5e-12   43.8   1.5   1   2    0.0011      0.18    9.1   0.0   279   340    85   146    81   162 0.81 -
NODE_12282_length_11776_cov_39.899632:7230-11684 -            767 59787at7898          -            377     5e-12   43.8   1.5   2   2     1e-08   1.7e-06   25.7   0.4   277   375   213   317   210   319 0.86 -
NODE_26513_length_8706_cov_34.847798:5710-8501   -            293 59787at7898          -            377   5.2e-12   43.8   5.2   1   3    0.0002     0.034   11.5   0.1    96   160    24    86     8    94 0.60 -
NODE_26513_length_8706_cov_34.847798:5710-8501   -            293 59787at7898          -            377   5.2e-12   43.8   5.2   2   3   3.8e-11   6.4e-09   33.6   0.6   213   340    98   222    92   228 0.86 -
NODE_26513_length_8706_cov_34.847798:5710-8501   -            293 59787at7898          -            377   5.2e-12   43.8   5.2   3   3       2.5   4.2e+02   -2.0   0.0   231   251   249   269   236   278 0.57 -
NODE_279950_length_660_cov_0.909091:10-354       -            115 59787at7898          -            377   1.3e-11   42.4   0.4   1   2     5e-05    0.0085   13.5   0.1    95   126    16    48     1    54 0.55 -
NODE_279950_length_660_cov_0.909091:10-354       -            115 59787at7898          -            377   1.3e-11   42.4   0.4   2   2   2.2e-10   3.6e-08   31.1   0.1   218   291    38   114    36   115 0.82 -
NODE_13888_length_11291_cov_39.742227:3340-10710 -            260 59787at7898          -            377   4.2e-11   40.8   2.1   1   2   2.6e-09   4.4e-07   27.6   0.2   226   341    42   170    31   187 0.76 -
NODE_13888_length_11291_cov_39.742227:3340-10710 -            260 59787at7898          -            377   4.2e-11   40.8   2.1   2   2   4.5e-05    0.0075   13.6   0.2   220   295   175   253   172   259 0.78 -
NODE_6765_length_14155_cov_32.943796:597-7572    -            322 59787at7898          -            377   2.1e-10   38.5   4.3   1   4     0.038       6.4    4.0   0.1   222   252    24    55    16    63 0.69 -
NODE_6765_length_14155_cov_32.943796:597-7572    -            322 59787at7898          -            377   2.1e-10   38.5   4.3   2   4   4.5e-08   7.5e-06   23.5   0.4   221   295    67   144    61   149 0.86 -
NODE_6765_length_14155_cov_32.943796:597-7572    -            322 59787at7898          -            377   2.1e-10   38.5   4.3   3   4     0.071        12    3.1   0.0   268   292   200   224   189   240 0.75 -
NODE_6765_length_14155_cov_32.943796:597-7572    -            322 59787at7898          -            377   2.1e-10   38.5   4.3   4   4    0.0097       1.6    6.0   0.0   233   259   247   273   237   319 0.73 -
NODE_30133_length_8202_cov_32.810934:772-7641    -            282 59787at7898          -            377   2.7e-10   38.2   9.9   1   3     3e-09     5e-07   27.4   0.3   276   361    25   111    14   131 0.80 -
NODE_30133_length_8202_cov_32.810934:772-7641    -            282 59787at7898          -            377   2.7e-10   38.2   9.9   2   3   5.1e-05    0.0085   13.5   2.9   239   360    74   216    73   217 0.68 -
NODE_30133_length_8202_cov_32.810934:772-7641    -            282 59787at7898          -            377   2.7e-10   38.2   9.9   3   3     2e-05    0.0034   14.8   2.5   275   371   176   281   171   282 0.69 -
NODE_1035_length_22306_cov_88.036160:6988-12028  -            304 59787at7898          -            377   6.7e-10   36.9   3.3   1   3   1.4e-06   0.00023   18.6   0.3   276   339    83   146    60   157 0.78 -
NODE_1035_length_22306_cov_88.036160:6988-12028  -            304 59787at7898          -            377   6.7e-10   36.9   3.3   2   3   5.7e-09   9.6e-07   26.5   0.2   234   324   127   222   126   233 0.84 -
NODE_1035_length_22306_cov_88.036160:6988-12028  -            304 59787at7898          -            377   6.7e-10   36.9   3.3   3   3      0.18        30    1.8   0.1   106   151   253   296   235   303 0.65 -
NODE_18001_length_10274_cov_50.144668:444-9151   -            439 59787at7898          -            377   6.7e-10   36.8   4.9   1   3       1.4   2.4e+02   -1.2   0.0    96   123    35    63     6    70 0.52 -
NODE_18001_length_10274_cov_50.144668:444-9151   -            439 59787at7898          -            377   6.7e-10   36.8   4.9   2   3   9.1e-10   1.5e-07   29.1   1.8    95   190    75   165    67   169 0.87 -
NODE_18001_length_10274_cov_50.144668:444-9151   -            439 59787at7898          -            377   6.7e-10   36.8   4.9   3   3    0.0042      0.71    7.1   0.0   218   290   172   244   165   253 0.73 -
NODE_325712_length_464_cov_0.978082:64-408       -            115 59787at7898          -            377   7.9e-10   36.6   0.1   1   2     5e-06   0.00084   16.8   0.1   234   272    13    50     1    53 0.69 -
NODE_325712_length_464_cov_0.978082:64-408       -            115 59787at7898          -            377   7.9e-10   36.6   0.1   2   2   7.5e-08   1.3e-05   22.8   0.0   215   294    35   115    33   115 0.84 -
NODE_49885_length_6277_cov_39.555520:1398-5838   -            295 59787at7898          -            377   1.1e-09   36.2   0.4   1   2    0.0022      0.37    8.1   0.1   219   262    12    58     5    63 0.68 -
NODE_49885_length_6277_cov_39.555520:1398-5838   -            295 59787at7898          -            377   1.1e-09   36.2   0.4   2   2   1.2e-08     2e-06   25.4   0.0   234   342    80   182    59   189 0.77 -
NODE_124989_length_3006_cov_42.138287:970-2430   -            487 59787at7898          -            377   3.4e-09   34.5   5.2   1   2   3.8e-09   6.3e-07   27.0   0.9   221   361   245   386   229   392 0.83 -
NODE_124989_length_3006_cov_42.138287:970-2430   -            487 59787at7898          -            377   3.4e-09   34.5   5.2   2   2   2.7e-06   0.00045   17.7   0.2   218   345   285   414   283   429 0.74 -
NODE_329948_length_453_cov_0.864407:57-272       -             72 59787at7898          -            377   1.1e-08   32.8   0.1   1   1   7.5e-11   1.3e-08   32.7   0.1   272   338     7    70     3    72 0.52 -
NODE_7237_length_13885_cov_29.940012:4767-11972  -            294 59787at7898          -            377   1.6e-08   32.3   5.5   1   4    0.0012       0.2    9.0   0.0   305   339     5    39     1    50 0.83 -
NODE_7237_length_13885_cov_29.940012:4767-11972  -            294 59787at7898          -            377   1.6e-08   32.3   5.5   2   4   0.00068      0.11    9.8   0.1   279   337   107   161    74   166 0.53 -
NODE_7237_length_13885_cov_29.940012:4767-11972  -            294 59787at7898          -            377   1.6e-08   32.3   5.5   3   4   8.9e-07   0.00015   19.2   0.7   222   357   131   270   124   275 0.75 -
NODE_7237_length_13885_cov_29.940012:4767-11972  -            294 59787at7898          -            377   1.6e-08   32.3   5.5   4   4     0.035         6    4.1   0.4   222   251   263   294   261   294 0.74 -
NODE_55_length_38819_cov_30.602996:18528-37011   -            470 59787at7898          -            377   1.9e-08   32.1   0.9   1   2       3.1   5.2e+02   -2.3   0.0    19    46    41    68    35   105 0.80 -
NODE_55_length_38819_cov_30.602996:18528-37011   -            470 59787at7898          -            377   1.9e-08   32.1   0.9   2   2   5.1e-10   8.5e-08   29.9   1.2   228   363   197   341   182   348 0.72 -
NODE_3986_length_16360_cov_29.584896:5599-12739  -            194 59787at7898          -            377   1.7e-07   28.9   5.8   1   3    0.0012       0.2    9.0   1.5   121   160     2    42     1    46 0.78 -
NODE_3986_length_16360_cov_29.584896:5599-12739  -            194 59787at7898          -            377   1.7e-07   28.9   5.8   2   3     4e-07   6.7e-05   20.4   0.1   219   290    46   120    43   133 0.81 -
NODE_3986_length_16360_cov_29.584896:5599-12739  -            194 59787at7898          -            377   1.7e-07   28.9   5.8   3   3      0.53        89    0.2   0.0   221   251   162   193   153   194 0.56 -
NODE_7302_length_13842_cov_40.399258:739-4274    -            318 59787at7898          -            377   3.5e-07   27.9   1.1   1   1   3.6e-09   6.1e-07   27.1   1.1   239   338    16   118     5   127 0.76 -
NODE_95341_length_3929_cov_43.464491:2022-2978   -            167 59787at7898          -            377   5.4e-07   27.3   5.0   1   2   3.3e-07   5.6e-05   20.6   0.8   238   298     3    67     1    71 0.81 -
NODE_95341_length_3929_cov_43.464491:2022-2978   -            167 59787at7898          -            377   5.4e-07   27.3   5.0   2   2     0.072        12    3.1   0.0   120   157   132   167   114   167 0.78 -
NODE_95404_length_3927_cov_24.090125:2947-3147   -             67 59787at7898          -            377   1.2e-06   26.1   0.5   1   1   1.6e-08   2.7e-06   25.0   0.5   238   295     1    58     1    65 0.79 -
NODE_69975_length_5031_cov_39.454177:1083-4749   -            233 59787at7898          -            377   7.3e-05   20.3   1.5   1   2   6.5e-06    0.0011   16.4   0.0   283   347     3    66     1    70 0.85 -
NODE_69975_length_5031_cov_39.454177:1083-4749   -            233 59787at7898          -            377   7.3e-05   20.3   1.5   2   2       2.2   3.6e+02   -1.8   0.1   139   154   207   223   190   231 0.57 -
NODE_4589_length_15765_cov_84.393974:998-12117   -            319 59787at7898          -            377   9.7e-05   19.9   2.4   1   1   4.5e-06   0.00075   16.9   1.3   217   294   112   195   106   265 0.84 -
NODE_31104_length_8081_cov_40.422200:2016-5414   -            290 59787at7898          -            377   0.00013   19.4   0.0   1   1   1.4e-06   0.00024   18.6   0.0   286   352   108   175    51   185 0.86 -
NODE_101772_length_3704_cov_32.446047:1293-3052  -            104 59787at7898          -            377   0.00075   16.9   0.3   1   1   4.8e-06    0.0008   16.8   0.3   217   256    12    51     6    75 0.90 -
NODE_39636_length_7156_cov_37.722120:1521-5882   -            212 59787at7898          -            377    0.0015   16.0   0.0   1   2    0.0026      0.43    7.8   0.0   217   257   108   150   100   157 0.77 -
NODE_39636_length_7156_cov_37.722120:1521-5882   -            212 59787at7898          -            377    0.0015   16.0   0.0   2   2     0.014       2.3    5.5   0.0   222   256   159   194   152   208 0.62 -
NODE_89667_length_4142_cov_25.976008:3409-3906   -            166 59787at7898          -            377    0.0015   15.9   1.6   1   2      0.35        59    0.8   0.0   303   333    12    39     1    43 0.43 -
NODE_89667_length_4142_cov_25.976008:3409-3906   -            166 59787at7898          -            377    0.0015   15.9   1.6   2   2   5.9e-05    0.0099   13.2   0.3   248   334    82   165    71   166 0.66 -
NODE_61881_length_5481_cov_40.630806:430-918     -             73 59787at7898          -            377    0.0084   13.5   0.0   1   1   5.5e-05    0.0093   13.3   0.0   287   340     2    60     1    66 0.84 -
NODE_49802_length_6282_cov_40.122109:3357-3801   -             78 59787at7898          -            377     0.012   13.0   0.0   1   1   7.9e-05     0.013   12.8   0.0   287   341     2    61     1    67 0.83 -
NODE_19222_length_10006_cov_28.856061:2427-7982  -            500 59787at7898          -            377     0.012   13.0   0.0   1   2     0.043       7.3    3.8   0.0   270   340     7    76     3    83 0.80 -
NODE_19222_length_10006_cov_28.856061:2427-7982  -            500 59787at7898          -            377     0.012   13.0   0.0   2   2    0.0051      0.85    6.9   0.0   311   360    87   135    79   140 0.89 -
NODE_20090_length_9825_cov_88.397388:1880-5204   -            935 59787at7898          -            377       1.3    6.3   5.8   1   3    0.0021      0.36    8.1   0.1   259   294   207   242   198   274 0.82 -
NODE_20090_length_9825_cov_88.397388:1880-5204   -            935 59787at7898          -            377       1.3    6.3   5.8   2   3       1.9   3.1e+02   -1.6   0.0   140   157   277   294   267   317 0.79 -
NODE_20090_length_9825_cov_88.397388:1880-5204   -            935 59787at7898          -            377       1.3    6.3   5.8   3   3       8.9   1.5e+03   -3.8   0.0   139   170   812   843   797   853 0.57 -
#
# Program:         hmmsearch
# Version:         3.1b2 (February 2015)
# Pipeline mode:   SEARCH
# Query file:      /home/e1garcia/shotgun_PIRE/abyss/busco_downloads/lineages/actinopterygii_odb10/hmms/59787at7898.hmm
# Target file:     /home/e1garcia/shotgun_PIRE/pire_ssl_data_processing/plotosus_lineatus/busco_scaffolds_results-SPAdes_decontam_R1R2_noIsolate/run_actinopterygii_odb10/metaeuk_output/initial_results/scaffolds.modified.fasta.modified.fas
# Option settings: hmmsearch --domtblout /home/e1garcia/shotgun_PIRE/pire_ssl_data_processing/plotosus_lineatus/busco_scaffolds_results-SPAdes_decontam_R1R2_noIsolate/run_actinopterygii_odb10/hmmer_output/initial_run_results/59787at7898.out --cpu 1 /home/e1garcia/shotgun_PIRE/abyss/busco_downloads/lineages/actinopterygii_odb10/hmms/59787at7898.hmm /home/e1garcia/shotgun_PIRE/pire_ssl_data_processing/plotosus_lineatus/busco_scaffolds_results-SPAdes_decontam_R1R2_noIsolate/run_actinopterygii_odb10/metaeuk_output/initial_results/scaffolds.modified.fasta.modified.fas 
# Current dir:     /home/e1garcia/shotgun_PIRE/pire_ssl_data_processing/plotosus_lineatus
# Date:            Fri Aug 20 13:24:04 2021
# [ok]
