#                                                                                                        --- full sequence --- -------------- this domain -------------   hmm coord   ali coord   env coord
# target name                                    accession   tlen query name           accession   qlen   E-value  score  bias   #  of  c-Evalue  i-Evalue  score  bias  from    to  from    to  from    to  acc description of target
#                            ------------------- ---------- ----- -------------------- ---------- ----- --------- ------ ----- --- --- --------- --------- ------ ----- ----- ----- ----- ----- ----- ----- ---- ---------------------
NODE_14087_length_11238_cov_32.850974:7673-9265  -            531 61459at7898          -            426  4.7e-122  406.1  42.4   1   2  1.7e-121  6.5e-120  399.0  34.5     1   393    26   456    26   466 0.89 -
NODE_14087_length_11238_cov_32.850974:7673-9265  -            531 61459at7898          -            426  4.7e-122  406.1  42.4   2   2   0.00048     0.018   12.0   0.9   385   414   471   500   462   509 0.90 -
NODE_31005_length_8092_cov_36.001877:4344-6518   -            725 61459at7898          -            426   1.3e-84  282.7 108.6   1   4   1.1e-14   4.2e-13   47.1   8.1   234   319     1    87     1    91 0.95 -
NODE_31005_length_8092_cov_36.001877:4344-6518   -            725 61459at7898          -            426   1.3e-84  282.7 108.6   2   4   8.9e-19   3.4e-17   60.6  32.7    45   293    95   346    93   348 0.82 -
NODE_31005_length_8092_cov_36.001877:4344-6518   -            725 61459at7898          -            426   1.3e-84  282.7 108.6   3   4   6.6e-18   2.5e-16   57.7  16.7   219   325   344   450   342   451 0.96 -
NODE_31005_length_8092_cov_36.001877:4344-6518   -            725 61459at7898          -            426   1.3e-84  282.7 108.6   4   4   6.8e-46   2.6e-44  149.9  38.0    87   358   403   702   402   711 0.88 -
NODE_111955_length_3375_cov_35.443223:637-2013   -            459 61459at7898          -            426   5.4e-73  244.4  81.8   1   6   1.2e-15   4.7e-14   50.2  12.5     1   150     6   145     6   147 0.89 -
NODE_111955_length_3375_cov_35.443223:637-2013   -            459 61459at7898          -            426   5.4e-73  244.4  81.8   2   6   2.4e-11   9.4e-10   36.1   5.8    81   148   148   215   145   217 0.87 -
NODE_111955_length_3375_cov_35.443223:637-2013   -            459 61459at7898          -            426   5.4e-73  244.4  81.8   3   6   3.6e-11   1.4e-09   35.5   3.2    82   146   173   237   170   242 0.95 -
NODE_111955_length_3375_cov_35.443223:637-2013   -            459 61459at7898          -            426   5.4e-73  244.4  81.8   4   6   3.3e-13   1.3e-11   42.2   2.5   233   327   204   299   201   307 0.92 -
NODE_111955_length_3375_cov_35.443223:637-2013   -            459 61459at7898          -            426   5.4e-73  244.4  81.8   5   6   2.2e-19   8.3e-18   62.6   5.6    79   218   242   372   238   372 0.94 -
NODE_111955_length_3375_cov_35.443223:637-2013   -            459 61459at7898          -            426   5.4e-73  244.4  81.8   6   6   7.2e-27   2.8e-25   87.2  12.7   240   384   308   455   301   458 0.94 -
NODE_96232_length_3898_cov_25.400632:2074-3387   -            438 61459at7898          -            426   1.4e-60  203.5  51.9   1   2   6.8e-24   2.6e-22   77.4  26.2   151   326    32   219    28   221 0.90 -
NODE_96232_length_3898_cov_25.400632:2074-3387   -            438 61459at7898          -            426   1.4e-60  203.5  51.9   2   2   7.1e-43   2.7e-41  140.0  17.7   147   374   194   435   193   438 0.90 -
NODE_51586_length_6154_cov_38.076466:4232-5116   -            295 61459at7898          -            426   5.1e-59  198.4  11.1   1   3   2.1e-16   8.1e-15   52.7   0.8   141   266    17   151     2   154 0.86 -
NODE_51586_length_6154_cov_38.076466:4232-5116   -            295 61459at7898          -            426   5.1e-59  198.4  11.1   2   3   4.8e-24   1.9e-22   77.9   0.8   147   277    94   234    87   234 0.90 -
NODE_51586_length_6154_cov_38.076466:4232-5116   -            295 61459at7898          -            426   5.1e-59  198.4  11.1   3   3   4.9e-27   1.9e-25   87.8   0.1   244   379   155   290   153   295 0.91 -
NODE_39600_length_7160_cov_32.796488:358-2988    -            877 61459at7898          -            426   1.5e-52  177.0  63.2   1   7     3e-09   1.2e-07   29.1   2.2   150   219     3    75     1    76 0.88 -
NODE_39600_length_7160_cov_32.796488:358-2988    -            877 61459at7898          -            426   1.5e-52  177.0  63.2   2   7   1.6e-09   6.1e-08   30.1   7.9   169   258    73   176    71   196 0.78 -
NODE_39600_length_7160_cov_32.796488:358-2988    -            877 61459at7898          -            426   1.5e-52  177.0  63.2   3   7   5.2e-14     2e-12   44.9  12.7   193   316   202   333   187   336 0.75 -
NODE_39600_length_7160_cov_32.796488:358-2988    -            877 61459at7898          -            426   1.5e-52  177.0  63.2   4   7   2.7e-15     1e-13   49.1   6.1    96   216   328   438   328   438 0.89 -
NODE_39600_length_7160_cov_32.796488:358-2988    -            877 61459at7898          -            426   1.5e-52  177.0  63.2   5   7   1.8e-11   6.8e-10   36.5   3.4    84   148   388   452   380   456 0.93 -
NODE_39600_length_7160_cov_32.796488:358-2988    -            877 61459at7898          -            426   1.5e-52  177.0  63.2   6   7   2.4e-08   9.1e-07   26.2   0.1    81   141   433   500   430   506 0.83 -
NODE_39600_length_7160_cov_32.796488:358-2988    -            877 61459at7898          -            426   1.5e-52  177.0  63.2   7   7   1.5e-09   5.6e-08   30.2   1.5   238   378   527   674   507   679 0.83 -
NODE_58014_length_5716_cov_34.058750:903-4046    -           1048 61459at7898          -            426   8.4e-52  174.6  62.9   1   4     5e-17   1.9e-15   54.8   3.2    87   264    53   246    36   252 0.87 -
NODE_58014_length_5716_cov_34.058750:903-4046    -           1048 61459at7898          -            426   8.4e-52  174.6  62.9   2   4   1.3e-08   4.8e-07   27.1  14.0    80   225   271   420   266   422 0.77 -
NODE_58014_length_5716_cov_34.058750:903-4046    -           1048 61459at7898          -            426   8.4e-52  174.6  62.9   3   4   9.6e-09   3.7e-07   27.5  17.7   103   277   508   671   496   673 0.75 -
NODE_58014_length_5716_cov_34.058750:903-4046    -           1048 61459at7898          -            426   8.4e-52  174.6  62.9   4   4   3.5e-23   1.3e-21   75.1   5.1   226   379   669   828   665   845 0.89 -
NODE_62631_length_5437_cov_32.263957:1603-4545   -            981 61459at7898          -            426   1.5e-50  170.5  59.3   1   5   8.7e-14   3.3e-12   44.1  13.8    67   264     8   217     4   218 0.82 -
NODE_62631_length_5437_cov_32.263957:1603-4545   -            981 61459at7898          -            426   1.5e-50  170.5  59.3   2   5   1.1e-13     4e-12   43.8   5.8   133   266   148   283   144   285 0.90 -
NODE_62631_length_5437_cov_32.263957:1603-4545   -            981 61459at7898          -            426   1.5e-50  170.5  59.3   3   5     2e-09   7.6e-08   29.8  14.3    57   209   237   397   229   408 0.58 -
NODE_62631_length_5437_cov_32.263957:1603-4545   -            981 61459at7898          -            426   1.5e-50  170.5  59.3   4   5     0.072       2.8    4.9   0.0   281   314   436   469   418   476 0.85 -
NODE_62631_length_5437_cov_32.263957:1603-4545   -            981 61459at7898          -            426   1.5e-50  170.5  59.3   5   5   6.9e-29   2.7e-27   93.9  16.0    58   381   447   773   442   778 0.75 -
NODE_67973_length_5136_cov_32.489577:1208-2380   -            391 61459at7898          -            426   4.7e-50  168.8  21.4   1   1   1.4e-49   5.4e-48  162.1  21.4     1   380    14   388    14   391 0.66 -
NODE_133574_length_2787_cov_27.526414:979-2391   -            471 61459at7898          -            426   1.1e-48  164.4  24.9   1   4   1.4e-21   5.3e-20   69.8   7.7   231   382     3   156     1   164 0.92 -
NODE_133574_length_2787_cov_27.526414:979-2391   -            471 61459at7898          -            426   1.1e-48  164.4  24.9   2   4   3.7e-12   1.4e-10   38.8   0.2   146   219   267   343   252   344 0.84 -
NODE_133574_length_2787_cov_27.526414:979-2391   -            471 61459at7898          -            426   1.1e-48  164.4  24.9   3   4     2e-09   7.6e-08   29.8   0.3    82   131   336   385   333   388 0.94 -
NODE_133574_length_2787_cov_27.526414:979-2391   -            471 61459at7898          -            426   1.1e-48  164.4  24.9   4   4   1.1e-12   4.3e-11   40.5   0.5   303   380   389   468   386   471 0.87 -
NODE_95796_length_3913_cov_28.392764:703-1914    -            404 61459at7898          -            426   2.1e-48  163.4  24.6   1   2   1.4e-25   5.6e-24   82.9   6.2    53   220     5   167     1   171 0.71 -
NODE_95796_length_3913_cov_28.392764:703-1914    -            404 61459at7898          -            426   2.1e-48  163.4  24.6   2   2   2.9e-25   1.1e-23   81.9  12.2   169   382   164   404   162   404 0.82 -
NODE_42907_length_6850_cov_36.657828:2707-5565   -            953 61459at7898          -            426   4.9e-48  162.2  80.0   1   4   7.1e-19   2.7e-17   60.9  27.0    91   282    65   254    56   275 0.80 -
NODE_42907_length_6850_cov_36.657828:2707-5565   -            953 61459at7898          -            426   4.9e-48  162.2  80.0   2   4      0.02      0.76    6.7   0.9   276   315   305   345   279   359 0.75 -
NODE_42907_length_6850_cov_36.657828:2707-5565   -            953 61459at7898          -            426   4.9e-48  162.2  80.0   3   4   5.9e-09   2.3e-07   28.2  12.9   110   229   306   445   303   448 0.81 -
NODE_42907_length_6850_cov_36.657828:2707-5565   -            953 61459at7898          -            426   4.9e-48  162.2  80.0   4   4   1.5e-25   5.7e-24   82.9  30.0    86   363   429   719   428   724 0.83 -
NODE_71461_length_4952_cov_30.923758:2501-3388   -            296 61459at7898          -            426   1.6e-46  157.2  33.1   1   2   2.1e-20     8e-19   65.9  10.6   231   323    14   107     6   110 0.95 -
NODE_71461_length_4952_cov_30.923758:2501-3388   -            296 61459at7898          -            426   1.6e-46  157.2  33.1   2   2   1.8e-30   6.9e-29   99.1  14.4   186   366   103   296   103   296 0.90 -
NODE_52984_length_6057_cov_28.999329:1772-3229   -            486 61459at7898          -            426   3.3e-46  156.1  36.8   1   4   9.6e-09   3.7e-07   27.5   0.1   164   219     9    64     3    67 0.93 -
NODE_52984_length_6057_cov_28.999329:1772-3229   -            486 61459at7898          -            426   3.3e-46  156.1  36.8   2   4   2.5e-21   9.8e-20   68.9   5.0   239   384    46   192    46   201 0.90 -
NODE_52984_length_6057_cov_28.999329:1772-3229   -            486 61459at7898          -            426   3.3e-46  156.1  36.8   3   4   6.2e-17   2.4e-15   54.5  16.4   171   311   277   428   265   428 0.88 -
NODE_52984_length_6057_cov_28.999329:1772-3229   -            486 61459at7898          -            426   3.3e-46  156.1  36.8   4   4   1.3e-11   5.1e-10   36.9   8.4   284   390   377   483   377   486 0.87 -
NODE_11419_length_12059_cov_32.340134:3371-4615  -            415 61459at7898          -            426   4.7e-46  155.7  18.3   1   2   1.3e-14   5.1e-13   46.8   6.4   169   291    50   184    20   189 0.52 -
NODE_11419_length_12059_cov_32.340134:3371-4615  -            415 61459at7898          -            426   4.7e-46  155.7  18.3   2   2   1.3e-37   5.2e-36  122.6   3.9   146   384    72   324    71   330 0.84 -
NODE_4896_length_15474_cov_35.607154:11201-14377 -           1059 61459at7898          -            426   2.6e-45  153.2  52.6   1   5    0.0045      0.17    8.8   0.1   259   313    40    92    35   101 0.79 -
NODE_4896_length_15474_cov_35.607154:11201-14377 -           1059 61459at7898          -            426   2.6e-45  153.2  52.6   2   5     2e-05   0.00076   16.6   2.9   196   311    60   169    52   185 0.64 -
NODE_4896_length_15474_cov_35.607154:11201-14377 -           1059 61459at7898          -            426   2.6e-45  153.2  52.6   3   5   1.7e-18   6.4e-17   59.7   9.9    58   277   108   327   105   338 0.81 -
NODE_4896_length_15474_cov_35.607154:11201-14377 -           1059 61459at7898          -            426   2.6e-45  153.2  52.6   4   5    0.0019     0.071   10.1   9.1   142   225   332   421   320   437 0.64 -
NODE_4896_length_15474_cov_35.607154:11201-14377 -           1059 61459at7898          -            426   2.6e-45  153.2  52.6   5   5   4.3e-24   1.7e-22   78.1  17.2    78   378   501   830   485   835 0.81 -
NODE_114883_length_3289_cov_31.054232:732-1655   -            308 61459at7898          -            426   4.5e-45  152.4  29.8   1   3   5.8e-15   2.2e-13   48.0   4.4   146   267    22   152     3   153 0.88 -
NODE_114883_length_3289_cov_31.054232:732-1655   -            308 61459at7898          -            426   4.5e-45  152.4  29.8   2   3   3.2e-21   1.2e-19   68.6   4.5   148   277    95   234    89   240 0.91 -
NODE_114883_length_3289_cov_31.054232:732-1655   -            308 61459at7898          -            426   4.5e-45  152.4  29.8   3   3   2.4e-19   9.3e-18   62.4   5.1   249   386   160   297   153   304 0.90 -
NODE_45948_length_6588_cov_25.869317:219-1721    -            501 61459at7898          -            426   6.7e-45  151.9  27.2   1   2   3.7e-35   1.4e-33  114.5  15.8     1   235     8   273     8   278 0.81 -
NODE_45948_length_6588_cov_25.869317:219-1721    -            501 61459at7898          -            426   6.7e-45  151.9  27.2   2   2   5.8e-16   2.2e-14   51.3   3.5   231   384   180   334   173   346 0.87 -
NODE_9026_length_12988_cov_25.245403:5518-6741   -            408 61459at7898          -            426     1e-44  151.3  31.7   1   2   1.5e-14   5.7e-13   46.7   8.9    21   148    35   150    13   156 0.78 -
NODE_9026_length_12988_cov_25.245403:5518-6741   -            408 61459at7898          -            426     1e-44  151.3  31.7   2   2   2.5e-36   9.5e-35  118.4  14.8   142   384    61   317    46   324 0.81 -
NODE_36_length_42078_cov_176.768051:10070-10972  -            301 61459at7898          -            426   1.9e-44  150.4  19.2   1   2   4.2e-15   1.6e-13   48.5   3.5    45   150    34   142     3   146 0.85 -
NODE_36_length_42078_cov_176.768051:10070-10972  -            301 61459at7898          -            426   1.9e-44  150.4  19.2   2   2   2.4e-35   9.4e-34  115.1   7.8   143   376    52   300    51   301 0.84 -
NODE_36_length_42078_cov_176.768051:31105-32007  -            301 61459at7898          -            426   1.9e-44  150.4  19.2   1   2   4.2e-15   1.6e-13   48.5   3.5    45   150    34   142     3   146 0.85 -
NODE_36_length_42078_cov_176.768051:31105-32007  -            301 61459at7898          -            426   1.9e-44  150.4  19.2   2   2   2.4e-35   9.4e-34  115.1   7.8   143   376    52   300    51   301 0.84 -
NODE_54106_length_5980_cov_27.937426:2141-3364   -            408 61459at7898          -            426   1.6e-43  147.3  25.5   1   2     6e-14   2.3e-12   44.7   6.0    26   147    40   149    13   155 0.79 -
NODE_54106_length_5980_cov_27.937426:2141-3364   -            408 61459at7898          -            426   1.6e-43  147.3  25.5   2   2   9.8e-36   3.8e-34  116.4  11.6   132   384    52   317    47   322 0.84 -
NODE_96189_length_3900_cov_22.134438:509-2044    -            512 61459at7898          -            426   2.5e-43  146.7  26.3   1   3   1.3e-13   5.2e-12   43.5   2.0    50   149     6   109     2   109 0.89 -
NODE_96189_length_3900_cov_22.134438:509-2044    -            512 61459at7898          -            426   2.5e-43  146.7  26.3   2   3   6.1e-13   2.3e-11   41.3   0.1   303   382    96   177    92   187 0.87 -
NODE_96189_length_3900_cov_22.134438:509-2044    -            512 61459at7898          -            426   2.5e-43  146.7  26.3   3   3   9.3e-23   3.6e-21   73.7  12.3   171   388   289   493   272   501 0.81 -
NODE_56690_length_5802_cov_31.204278:438-5276    -            905 61459at7898          -            426   7.2e-43  145.2  80.5   1   6   1.8e-06     7e-05   20.0   0.0   254   323    30    97     7   102 0.88 -
NODE_56690_length_5802_cov_31.204278:438-5276    -            905 61459at7898          -            426   7.2e-43  145.2  80.5   2   6   5.9e-05    0.0023   15.0   0.7   231   315   100   185    94   187 0.84 -
NODE_56690_length_5802_cov_31.204278:438-5276    -            905 61459at7898          -            426   7.2e-43  145.2  80.5   3   6   2.3e-10   8.8e-09   32.9  10.8   142   285   166   331   150   334 0.64 -
NODE_56690_length_5802_cov_31.204278:438-5276    -            905 61459at7898          -            426   7.2e-43  145.2  80.5   4   6   6.8e-14   2.6e-12   44.5   6.4    85   287   274   466   265   466 0.86 -
NODE_56690_length_5802_cov_31.204278:438-5276    -            905 61459at7898          -            426   7.2e-43  145.2  80.5   5   6   1.4e-12   5.3e-11   40.2   8.5   101   292   345   546   339   549 0.80 -
NODE_56690_length_5802_cov_31.204278:438-5276    -            905 61459at7898          -            426   7.2e-43  145.2  80.5   6   6   7.5e-19   2.9e-17   60.8  20.6    98   375   419   690   409   698 0.77 -
NODE_29146_length_8333_cov_29.504129:3531-4469   -            313 61459at7898          -            426   1.5e-41  140.8  21.6   1   2   1.8e-13   6.8e-12   43.1   7.5   173   315     3   153     1   160 0.85 -
NODE_29146_length_8333_cov_29.504129:3531-4469   -            313 61459at7898          -            426   1.5e-41  140.8  21.6   2   2     4e-34   1.5e-32  111.1   6.1   171   385    71   296    70   306 0.90 -
NODE_353_length_27691_cov_39.389062:635-15060    -            901 61459at7898          -            426   3.4e-41  139.6  10.8   1   1   1.3e-42   5.1e-41  139.1  10.8    93   393     2   308     1   329 0.88 -
NODE_31005_length_8092_cov_36.001877:6672-7529   -            286 61459at7898          -            426   6.1e-41  138.8  31.7   1   2   2.4e-31   9.4e-30  102.0  21.8   108   324     7   224     3   226 0.87 -
NODE_31005_length_8092_cov_36.001877:6672-7529   -            286 61459at7898          -            426   6.1e-41  138.8  31.7   2   2   2.3e-12   8.7e-11   39.5   2.1    79   146   218   285   217   286 0.91 -
NODE_239140_length_1035_cov_95.089744:116-802    -            229 61459at7898          -            426     5e-40  135.8  25.4   1   3   3.2e-15   1.2e-13   48.9   1.2   260   331     2    74     1    74 0.94 -
NODE_239140_length_1035_cov_95.089744:116-802    -            229 61459at7898          -            426     5e-40  135.8  25.4   2   3   1.2e-18   4.7e-17   60.1   8.4   231   330    69   169    67   169 0.97 -
NODE_239140_length_1035_cov_95.089744:116-802    -            229 61459at7898          -            426     5e-40  135.8  25.4   3   3   1.1e-14   4.2e-13   47.1   4.0    80   149   158   227   156   229 0.95 -
NODE_30032_length_8218_cov_21.383914:2932-4131   -            400 61459at7898          -            426   3.7e-38  129.6  17.9   1   1   3.2e-38   1.2e-36  124.6  17.8    50   379    38   372     2   394 0.85 -
NODE_19556_length_9939_cov_34.813313:3123-3854   -            244 61459at7898          -            426     4e-38  129.5  13.0   1   3      0.45        17    2.2   0.2     1    24     8    33     8    38 0.75 -
NODE_19556_length_9939_cov_34.813313:3123-3854   -            244 61459at7898          -            426     4e-38  129.5  13.0   2   3   1.7e-19   6.4e-18   63.0   2.3   172   324    40   179    32   180 0.86 -
NODE_19556_length_9939_cov_34.813313:3123-3854   -            244 61459at7898          -            426     4e-38  129.5  13.0   3   3     2e-24   7.8e-23   79.2   3.2   146   291    83   243    82   244 0.85 -
NODE_17441_length_10396_cov_28.782170:4646-6043  -            466 61459at7898          -            426   4.7e-38  129.3  23.4   1   3      0.54        21    2.0   0.4     1    33     4    38     4    40 0.82 -
NODE_17441_length_10396_cov_28.782170:4646-6043  -            466 61459at7898          -            426   4.7e-38  129.3  23.4   2   3   2.1e-09   8.2e-08   29.7   4.5   235   313    38   117    16   118 0.40 -
NODE_17441_length_10396_cov_28.782170:4646-6043  -            466 61459at7898          -            426   4.7e-38  129.3  23.4   3   3   7.3e-35   2.8e-33  113.6  11.0    53   382    43   377    40   388 0.82 -
NODE_180466_length_1838_cov_87.224267:12-1829    -            606 61459at7898          -            426   1.2e-37  128.0  63.8   1   3   2.1e-11   8.1e-10   36.3   6.7   150   290    43   203    40   209 0.78 -
NODE_180466_length_1838_cov_87.224267:12-1829    -            606 61459at7898          -            426   1.2e-37  128.0  63.8   2   3   1.6e-13     6e-12   43.3  13.1   169   293   285   396   274   400 0.80 -
NODE_180466_length_1838_cov_87.224267:12-1829    -            606 61459at7898          -            426   1.2e-37  128.0  63.8   3   3   8.3e-24   3.2e-22   77.1  28.0    88   352   334   603   333   606 0.88 -
NODE_44632_length_6700_cov_46.595819:4004-4837   -            278 61459at7898          -            426   1.9e-36  124.0  10.7   1   2   4.5e-10   1.7e-08   31.9   0.4   231   277    14    60     3    61 0.90 -
NODE_44632_length_6700_cov_46.595819:4004-4837   -            278 61459at7898          -            426   1.9e-36  124.0  10.7   2   2   2.6e-28   9.8e-27   92.0   4.5   169   374    62   275    62   278 0.94 -
NODE_54383_length_5960_cov_21.784678:3010-3831   -            274 61459at7898          -            426   2.1e-36  123.9   6.9   1   1   2.1e-37   7.9e-36  122.0   6.9   144   384     7   261     4   267 0.86 -
NODE_59457_length_5627_cov_27.561686:2435-3547   -            371 61459at7898          -            426   2.1e-36  123.9  13.7   1   3       1.2        44    0.9   0.3     1    31     4    36     4    38 0.76 -
NODE_59457_length_5627_cov_27.561686:2435-3547   -            371 61459at7898          -            426   2.1e-36  123.9  13.7   2   3     6e-10   2.3e-08   31.5   0.4   256   322    35   102    17   106 0.89 -
NODE_59457_length_5627_cov_27.561686:2435-3547   -            371 61459at7898          -            426   2.1e-36  123.9  13.7   3   3   5.9e-32   2.3e-30  104.0   7.3    82   348    53   344    50   370 0.81 -
NODE_117385_length_3216_cov_21.155278:750-2321   -            524 61459at7898          -            426   2.4e-36  123.6  14.3   1   3   1.4e-10   5.4e-09   33.6   0.2    83   149    64   130    49   132 0.82 -
NODE_117385_length_3216_cov_21.155278:750-2321   -            524 61459at7898          -            426   2.4e-36  123.6  14.3   2   3   5.4e-19   2.1e-17   61.3   1.0    58   150   106   203   106   209 0.93 -
NODE_117385_length_3216_cov_21.155278:750-2321   -            524 61459at7898          -            426   2.4e-36  123.6  14.3   3   3     2e-16   7.8e-15   52.8   1.6   222   374   204   356   201   367 0.88 -
NODE_47880_length_6429_cov_29.033649:4466-6019   -            518 61459at7898          -            426   3.9e-36  123.0  30.1   1   1     3e-35   1.2e-33  114.8  30.1     1   382    16   389    16   403 0.81 -
NODE_14047_length_11249_cov_108.891839:1028-2608 -            527 61459at7898          -            426   1.2e-35  121.3  21.5   1   2     6e-31   2.3e-29  100.7  18.9     1   230    12   272    12   276 0.83 -
NODE_14047_length_11249_cov_108.891839:1028-2608 -            527 61459at7898          -            426   1.2e-35  121.3  21.5   2   2   3.1e-05    0.0012   16.0   0.0   326   384   282   338   279   347 0.87 -
NODE_43442_length_6803_cov_28.154236:909-2426    -            506 61459at7898          -            426   4.3e-35  119.5  27.5   1   1   1.1e-36   4.3e-35  119.5  27.5    71   408    51   420    47   425 0.81 -
NODE_26773_length_8666_cov_29.140773:6905-7801   -            299 61459at7898          -            426   6.2e-35  119.0  15.5   1   3      0.37        14    2.5   0.6     1    28    15    45    15    50 0.78 -
NODE_26773_length_8666_cov_29.140773:6905-7801   -            299 61459at7898          -            426   6.2e-35  119.0  15.5   2   3   1.9e-19   7.3e-18   62.8   2.0    89   218    48   192    45   193 0.89 -
NODE_26773_length_8666_cov_29.140773:6905-7801   -            299 61459at7898          -            426   6.2e-35  119.0  15.5   3   3   2.2e-21   8.3e-20   69.2   5.9   231   385   143   297   142   299 0.94 -
NODE_169241_length_2034_cov_25.396899:378-983    -            202 61459at7898          -            426   1.4e-34  117.8   8.4   1   2   4.8e-12   1.9e-10   38.4   0.1   261   327     1    67     1    70 0.97 -
NODE_169241_length_2034_cov_25.396899:378-983    -            202 61459at7898          -            426   1.4e-34  117.8   8.4   2   2   1.6e-25   6.2e-24   82.8   6.9   226   370    62   202    60   202 0.92 -
NODE_1294_length_21308_cov_44.412325:18155-20008 -            618 61459at7898          -            426   3.1e-34  116.7  45.4   1   4   1.1e-15   4.3e-14   50.4  11.9   159   314    11   180     3   182 0.84 -
NODE_1294_length_21308_cov_44.412325:18155-20008 -            618 61459at7898          -            426   3.1e-34  116.7  45.4   2   4   1.3e-09   5.2e-08   30.3  11.6   182   290   134   248   133   257 0.82 -
NODE_1294_length_21308_cov_44.412325:18155-20008 -            618 61459at7898          -            426   3.1e-34  116.7  45.4   3   4   1.1e-11   4.4e-10   37.1   4.4   168   266   291   401   254   413 0.80 -
NODE_1294_length_21308_cov_44.412325:18155-20008 -            618 61459at7898          -            426   3.1e-34  116.7  45.4   4   4   1.1e-11   4.3e-10   37.2   2.6   212   365   423   581   408   591 0.84 -
NODE_71166_length_4968_cov_24.703635:2693-3523   -            277 61459at7898          -            426   1.5e-33  114.5   1.6   1   1   5.3e-35     2e-33  114.0   1.6   146   384     1   253     1   260 0.84 -
NODE_73037_length_4876_cov_33.348336:1453-3012   -            520 61459at7898          -            426   1.9e-33  114.1  30.5   1   3     2e-13   7.7e-12   42.9  11.1   203   321    49   174    33   175 0.83 -
NODE_73037_length_4876_cov_33.348336:1453-3012   -            520 61459at7898          -            426   1.9e-33  114.1  30.5   2   3     6e-10   2.3e-08   31.5   0.6    81   142   149   210   146   217 0.94 -
NODE_73037_length_4876_cov_33.348336:1453-3012   -            520 61459at7898          -            426   1.9e-33  114.1  30.5   3   3   1.5e-20   5.9e-19   66.4   4.4   169   377   179   402   178   410 0.85 -
NODE_30132_length_8202_cov_33.811058:5095-5988   -            298 61459at7898          -            426     3e-33  113.5  24.7   1   3       2.4        92   -0.2   0.1     1    32    24    55    24    68 0.70 -
NODE_30132_length_8202_cov_33.811058:5095-5988   -            298 61459at7898          -            426     3e-33  113.5  24.7   2   3   2.6e-16     1e-14   52.4   6.5   144   266    73   204    54   205 0.87 -
NODE_30132_length_8202_cov_33.811058:5095-5988   -            298 61459at7898          -            426     3e-33  113.5  24.7   3   3   5.6e-23   2.2e-21   74.4  10.2   148   282   148   293   140   298 0.88 -
NODE_26259_length_8748_cov_36.050179:4709-5347   -            213 61459at7898          -            426   5.8e-33  112.5   1.6   1   1     3e-34   1.1e-32  111.5   1.6   174   371     2   210     1   213 0.87 -
NODE_3654_length_16754_cov_37.413870:8745-9452   -            236 61459at7898          -            426   6.6e-33  112.3  19.3   1   3     5e-13   1.9e-11   41.6   0.5   233   321    20   109     7   112 0.83 -
NODE_3654_length_16754_cov_37.413870:8745-9452   -            236 61459at7898          -            426   6.6e-33  112.3  19.3   2   3   3.4e-14   1.3e-12   45.5   1.4   145   228    63   151    60   153 0.91 -
NODE_3654_length_16754_cov_37.413870:8745-9452   -            236 61459at7898          -            426   6.6e-33  112.3  19.3   3   3   3.6e-15   1.4e-13   48.7   4.1   281   387   117   223   115   229 0.87 -
NODE_124094_length_3030_cov_36.624019:1171-2115  -            315 61459at7898          -            426     4e-32  109.8  34.9   1   2     7e-18   2.7e-16   57.6   9.4   125   272    73   229    68   230 0.77 -
NODE_124094_length_3030_cov_36.624019:1171-2115  -            315 61459at7898          -            426     4e-32  109.8  34.9   2   2   2.7e-20     1e-18   65.6  17.5   145   314   138   314   137   315 0.90 -
NODE_42877_length_6853_cov_31.698253:1674-2228   -            185 61459at7898          -            426   1.5e-31  107.8   0.5   1   1   3.3e-31   1.3e-29  101.5   0.5   172   340     2   184     1   185 0.87 -
NODE_37086_length_7406_cov_31.454085:5590-6921   -            444 61459at7898          -            426   1.7e-31  107.7  28.1   1   1   9.5e-31   3.6e-29  100.0  28.1    60   371    63   354    16   363 0.74 -
NODE_136768_length_2708_cov_33.168647:1668-2414  -            249 61459at7898          -            426   4.1e-31  106.4  23.5   1   1   2.3e-32   8.7e-31  105.4  23.5   150   380     1   249     1   249 0.88 -
NODE_4139_length_16196_cov_31.378828:13950-15056 -            369 61459at7898          -            426   1.9e-30  104.2  29.2   1   4   1.4e-10   5.4e-09   33.5   9.4   128   218    22   115    13   116 0.87 -
NODE_4139_length_16196_cov_31.378828:13950-15056 -            369 61459at7898          -            426   1.9e-30  104.2  29.2   2   4   6.3e-12   2.4e-10   38.0   2.1    79   145   106   172   105   174 0.95 -
NODE_4139_length_16196_cov_31.378828:13950-15056 -            369 61459at7898          -            426   1.9e-30  104.2  29.2   3   4   2.9e-07   1.1e-05   22.6   0.1   235   308   166   240   164   251 0.91 -
NODE_4139_length_16196_cov_31.378828:13950-15056 -            369 61459at7898          -            426   1.9e-30  104.2  29.2   4   4   1.7e-10   6.4e-09   33.3   1.0   279   380   260   362   245   369 0.80 -
NODE_35347_length_7593_cov_24.159194:2664-3470   -            269 61459at7898          -            426   2.9e-30  103.7  24.7   1   2   3.2e-22   1.2e-20   71.9  15.3   162   324    14   188     8   189 0.83 -
NODE_35347_length_7593_cov_24.159194:2664-3470   -            269 61459at7898          -            426   2.9e-30  103.7  24.7   2   2   1.9e-11   7.5e-10   36.4   2.5   146   216   188   261   185   267 0.71 -
NODE_614_length_24890_cov_34.029487:788-2608     -            607 61459at7898          -            426   4.9e-30  102.9  67.5   1   3   2.6e-10     1e-08   32.7   9.8   196   315    39   162    34   164 0.81 -
NODE_614_length_24890_cov_34.029487:788-2608     -            607 61459at7898          -            426   4.9e-30  102.9  67.5   2   3   5.7e-12   2.2e-10   38.1  15.6   149   271   102   232   101   237 0.89 -
NODE_614_length_24890_cov_34.029487:788-2608     -            607 61459at7898          -            426   4.9e-30  102.9  67.5   3   3   7.6e-19   2.9e-17   60.8  26.0    64   313   240   518   235   532 0.77 -
NODE_121749_length_3095_cov_24.992991:278-1114   -            279 61459at7898          -            426   1.3e-29  101.5   9.7   1   2   4.6e-13   1.8e-11   41.8   1.0   161   267     3   120     1   122 0.68 -
NODE_121749_length_3095_cov_24.992991:278-1114   -            279 61459at7898          -            426   1.3e-29  101.5   9.7   2   2   3.9e-22   1.5e-20   71.6   2.1   149   297    85   243    84   272 0.57 -
NODE_19505_length_9949_cov_32.586396:799-8165    -            383 61459at7898          -            426   2.6e-29  100.5  19.9   1   4   2.8e-09   1.1e-07   29.3   0.9   234   319     4    87     1    89 0.75 -
NODE_19505_length_9949_cov_32.586396:799-8165    -            383 61459at7898          -            426   2.6e-29  100.5  19.9   2   4   7.5e-11   2.9e-09   34.5   0.3   147   233    45   136    41   158 0.76 -
NODE_19505_length_9949_cov_32.586396:799-8165    -            383 61459at7898          -            426   2.6e-29  100.5  19.9   3   4   3.2e-12   1.2e-10   39.0   0.1   167   322    91   251    89   258 0.73 -
NODE_19505_length_9949_cov_32.586396:799-8165    -            383 61459at7898          -            426   2.6e-29  100.5  19.9   4   4   5.6e-10   2.1e-08   31.6   1.8   231   336   254   359   249   361 0.92 -
NODE_9100_length_12950_cov_31.391409:10411-11547 -            379 61459at7898          -            426   6.4e-29   99.2  21.2   1   1   2.8e-28   1.1e-26   91.8  21.2    53   368    56   376    17   379 0.67 -
NODE_23089_length_9267_cov_26.251854:7766-8482   -            239 61459at7898          -            426   7.5e-29   99.0  18.8   1   2   1.4e-17   5.2e-16   56.7   8.8   152   270    42   172    29   174 0.83 -
NODE_23089_length_9267_cov_26.251854:7766-8482   -            239 61459at7898          -            426   7.5e-29   99.0  18.8   2   2   4.2e-17   1.6e-15   55.0   2.4   282   382   138   239   137   239 0.90 -
NODE_1773_length_19990_cov_42.323865:16780-18567 -            596 61459at7898          -            426   1.1e-28   98.4  22.9   1   2   6.4e-09   2.4e-07   28.1   0.0    79   143   131   195   130   203 0.93 -
NODE_1773_length_19990_cov_42.323865:16780-18567 -            596 61459at7898          -            426   1.1e-28   98.4  22.9   2   2   4.3e-08   1.7e-06   25.4   0.5   281   378   287   386   284   398 0.78 -
NODE_9856_length_12633_cov_38.131083:11350-12603 -            418 61459at7898          -            426   1.2e-28   98.3  16.4   1   2     1e-10   3.8e-09   34.0   2.9   230   307     5    83     1    84 0.83 -
NODE_9856_length_12633_cov_38.131083:11350-12603 -            418 61459at7898          -            426   1.2e-28   98.3  16.4   2   2   5.1e-24     2e-22   77.8   5.7   149   375    31   270    31   311 0.77 -
NODE_95305_length_3931_cov_25.043580:1987-3363   -            459 61459at7898          -            426   1.3e-28   98.1   4.3   1   1   6.1e-30   2.3e-28   97.3   4.3   164   384    48   286    27   309 0.81 -
NODE_119173_length_3167_cov_28.115711:939-1661   -            241 61459at7898          -            426   1.7e-28   97.8  16.9   1   3   3.4e-11   1.3e-09   35.6   0.1   150   218    20    91    12    93 0.87 -
NODE_119173_length_3167_cov_28.115711:939-1661   -            241 61459at7898          -            426   1.7e-28   97.8  16.9   2   3   2.2e-11   8.5e-10   36.2   1.2   149   228    67   151    66   162 0.83 -
NODE_119173_length_3167_cov_28.115711:939-1661   -            241 61459at7898          -            426   1.7e-28   97.8  16.9   3   3   6.5e-15   2.5e-13   47.8   3.8   279   388   115   224   114   232 0.88 -
NODE_54124_length_5978_cov_41.162613:1813-2979   -            389 61459at7898          -            426   2.1e-28   97.5  19.6   1   2   2.2e-25   8.4e-24   82.3  12.7   103   320     3   236     1   238 0.85 -
NODE_54124_length_5978_cov_41.162613:1813-2979   -            389 61459at7898          -            426   2.1e-28   97.5  19.6   2   2   2.9e-06   0.00011   19.3   0.5   168   224   240   297   237   304 0.58 -
NODE_40551_length_7069_cov_47.955811:1363-2124   -            254 61459at7898          -            426   2.7e-28   97.1  11.8   1   2   5.5e-10   2.1e-08   31.6   0.2   230   294    37   102    25   105 0.53 -
NODE_40551_length_7069_cov_47.955811:1363-2124   -            254 61459at7898          -            426   2.7e-28   97.1  11.8   2   2   2.4e-23   9.1e-22   75.6   6.6   144   311    82   254    80   254 0.86 -
NODE_101529_length_3712_cov_32.653750:1552-2676  -            375 61459at7898          -            426   4.3e-28   96.5  16.8   1   2      0.27        10    3.0   0.2     1    40    35    74    35    76 0.85 -
NODE_101529_length_3712_cov_32.653750:1552-2676  -            375 61459at7898          -            426   4.3e-28   96.5  16.8   2   2   1.1e-29   4.3e-28   96.5  16.8   151   386    66   299    62   309 0.85 -
NODE_49757_length_6286_cov_28.536771:4902-5474   -            191 61459at7898          -            426   5.2e-28   96.2  14.4   1   2   3.9e-22   1.5e-20   71.6   6.4   228   328    43   144    37   147 0.94 -
NODE_49757_length_6286_cov_28.536771:4902-5474   -            191 61459at7898          -            426   5.2e-28   96.2  14.4   2   2   8.5e-11   3.3e-09   34.3   0.7   296   348   136   190   136   191 0.90 -
NODE_14230_length_11202_cov_35.104386:8907-9704  -            266 61459at7898          -            426   7.3e-28   95.7   5.7   1   2   3.5e-08   1.3e-06   25.7   0.1   139   209    44   114    28   122 0.88 -
NODE_14230_length_11202_cov_35.104386:8907-9704  -            266 61459at7898          -            426   7.3e-28   95.7   5.7   2   2     3e-22   1.1e-20   72.0   1.5   148   278   124   264   116   265 0.90 -
NODE_20267_length_9791_cov_28.365662:4452-5636   -            395 61459at7898          -            426   1.8e-27   94.4  31.1   1   2   2.7e-13     1e-11   42.5  14.0   214   326    55   174    36   185 0.67 -
NODE_20267_length_9791_cov_28.365662:4452-5636   -            395 61459at7898          -            426   1.8e-27   94.4  31.1   2   2   5.8e-17   2.2e-15   54.6   9.3   148   375   174   393   173   395 0.77 -
NODE_10182_length_12508_cov_33.058022:6934-7641  -            236 61459at7898          -            426     2e-27   94.3  12.5   1   2   1.5e-17   5.8e-16   56.5   5.1   151   270    38   169    24   170 0.80 -
NODE_10182_length_12508_cov_33.058022:6934-7641  -            236 61459at7898          -            426     2e-27   94.3  12.5   2   2   2.1e-15   8.2e-14   49.4   0.8   284   382   137   236   137   236 0.89 -
NODE_11930_length_11889_cov_39.170992:2122-8769  -            829 61459at7898          -            426   4.8e-27   93.0  33.8   1   3   3.3e-12   1.3e-10   38.9   4.1    58   298     7   270     3   280 0.65 -
NODE_11930_length_11889_cov_39.170992:2122-8769  -            829 61459at7898          -            426   4.8e-27   93.0  33.8   2   3   2.8e-12   1.1e-10   39.2   9.0   149   308   226   402   194   427 0.77 -
NODE_11930_length_11889_cov_39.170992:2122-8769  -            829 61459at7898          -            426   4.8e-27   93.0  33.8   3   3   2.6e-12     1e-10   39.3  15.9    91   363   352   632   352   657 0.80 -
NODE_7967_length_13508_cov_40.101275:3421-4038   -            206 61459at7898          -            426   2.9e-26   90.5  14.0   1   2   1.5e-08   5.8e-07   26.9   0.6   227   277    33    83    13    87 0.91 -
NODE_7967_length_13508_cov_40.101275:3421-4038   -            206 61459at7898          -            426   2.9e-26   90.5  14.0   2   2   1.4e-21   5.4e-20   69.8   6.0   231   348    85   205    82   206 0.93 -
NODE_10120_length_12532_cov_37.345049:9269-10666 -            466 61459at7898          -            426   6.4e-26   89.3   9.2   1   3   3.3e-12   1.3e-10   38.9   2.6   233   313    57   138    50   139 0.92 -
NODE_10120_length_12532_cov_37.345049:9269-10666 -            466 61459at7898          -            426   6.4e-26   89.3   9.2   2   3   1.4e-15   5.2e-14   50.1   0.8    43   132   126   221   124   231 0.87 -
NODE_10120_length_12532_cov_37.345049:9269-10666 -            466 61459at7898          -            426   6.4e-26   89.3   9.2   3   3   0.00023     0.009   13.1   0.1   319   384   229   287   225   312 0.84 -
NODE_84342_length_4362_cov_29.339198:748-3679    -            339 61459at7898          -            426   7.7e-26   89.1  11.4   1   2   8.3e-26   3.2e-24   83.7   6.3    93   316    76   291    68   299 0.63 -
NODE_84342_length_4362_cov_29.339198:748-3679    -            339 61459at7898          -            426   7.7e-26   89.1  11.4   2   2    0.0078       0.3    8.0   0.3   136   197   278   337   277   339 0.58 -
NODE_38301_length_7288_cov_25.503130:2552-3940   -            463 61459at7898          -            426   2.5e-25   87.3  16.1   1   3   7.1e-12   2.7e-10   37.8   5.2   229   313    50   135    25   135 0.90 -
NODE_38301_length_7288_cov_25.503130:2552-3940   -            463 61459at7898          -            426   2.5e-25   87.3  16.1   2   3   2.7e-16     1e-14   52.4   2.2    43   136   123   222   121   224 0.87 -
NODE_38301_length_7288_cov_25.503130:2552-3940   -            463 61459at7898          -            426   2.5e-25   87.3  16.1   3   3   0.00048     0.018   12.0   0.1   318   384   225   284   222   309 0.83 -
NODE_82861_length_4423_cov_28.369103:1532-2920   -            463 61459at7898          -            426   3.3e-25   87.0   3.1   1   1   1.7e-26   6.4e-25   86.0   3.1   147   384    13   267     7   282 0.80 -
NODE_23089_length_9267_cov_26.251854:6761-7399   -            213 61459at7898          -            426   4.7e-25   86.5  11.0   1   2   1.1e-13   4.1e-12   43.8   3.7    42   133    23   119    14   121 0.85 -
NODE_23089_length_9267_cov_26.251854:6761-7399   -            213 61459at7898          -            426   4.7e-25   86.5  11.0   2   2   1.6e-15   6.1e-14   49.8   4.6   281   382   100   202    98   207 0.89 -
NODE_110279_length_3429_cov_28.116216:2172-2894  -            241 61459at7898          -            426   4.9e-25   86.4  16.8   1   2   4.5e-10   1.7e-08   31.9   5.4   144   219    34   109    20   113 0.85 -
NODE_110279_length_3429_cov_28.116216:2172-2894  -            241 61459at7898          -            426   4.9e-25   86.4  16.8   2   2   1.1e-20   4.3e-19   66.8   9.7   235   382    87   234    87   238 0.92 -
NODE_57133_length_5774_cov_74.376035:3107-4492   -            462 61459at7898          -            426   1.7e-24   84.7   3.9   1   1   4.3e-26   1.7e-24   84.7   3.9   169   384    33   266     6   278 0.81 -
NODE_19946_length_9860_cov_35.171806:6188-6775   -            196 61459at7898          -            426   1.9e-24   84.5   1.5   1   2    0.0052       0.2    8.6   0.0     1    35    22    57    22    63 0.91 -
NODE_19946_length_9860_cov_35.171806:6188-6775   -            196 61459at7898          -            426   1.9e-24   84.5   1.5   2   2   3.7e-23   1.4e-21   75.0   0.5   228   348    72   196    67   196 0.92 -
NODE_96189_length_3900_cov_22.134438:1514-2287   -            258 61459at7898          -            426   1.9e-24   84.5   8.6   1   3   1.1e-07   4.1e-06   24.1   1.0   149   219    58   131    43   135 0.83 -
NODE_96189_length_3900_cov_22.134438:1514-2287   -            258 61459at7898          -            426   1.9e-24   84.5   8.6   2   3   4.8e-11   1.9e-09   35.1   0.3    81   149   123   190   121   191 0.95 -
NODE_96189_length_3900_cov_22.134438:1514-2287   -            258 61459at7898          -            426   1.9e-24   84.5   8.6   3   3   4.2e-13   1.6e-11   41.9   0.1   303   377   177   253   174   258 0.87 -
NODE_41945_length_6938_cov_33.095628:1455-3596   -            714 61459at7898          -            426   1.9e-24   84.5   7.3   1   2      0.21         8    3.3   0.4     1    48    32    83    32    89 0.74 -
NODE_41945_length_6938_cov_33.095628:1455-3596   -            714 61459at7898          -            426   1.9e-24   84.5   7.3   2   2     5e-26   1.9e-24   84.5   7.3   204   377    54   236    46   249 0.88 -
NODE_35899_length_7535_cov_29.740990:737-1831    -            365 61459at7898          -            426   2.2e-24   84.2   4.3   1   1   8.3e-26   3.2e-24   83.7   4.3   161   380     6   238     1   268 0.83 -
NODE_33316_length_7822_cov_56.045967:3577-4284   -            236 61459at7898          -            426   4.4e-24   83.3   5.4   1   2   1.1e-08   4.1e-07   27.3   0.0   150   218    18    89    15    91 0.88 -
NODE_33316_length_7822_cov_56.045967:3577-4284   -            236 61459at7898          -            426   4.4e-24   83.3   5.4   2   2   2.2e-17   8.6e-16   55.9   4.9   169   293    88   224    86   234 0.83 -
NODE_11248_length_12119_cov_32.418885:8806-10296 -            497 61459at7898          -            426   6.7e-24   82.7  18.0   1   4   2.5e-07   9.8e-06   22.8   0.3   170   218     2    50     1    51 0.95 -
NODE_11248_length_12119_cov_32.418885:8806-10296 -            497 61459at7898          -            426   6.7e-24   82.7  18.0   2   4   1.1e-13   4.3e-12   43.8   4.5    80   224    42   177    39   183 0.77 -
NODE_11248_length_12119_cov_32.418885:8806-10296 -            497 61459at7898          -            426   6.7e-24   82.7  18.0   3   4   7.3e-08   2.8e-06   24.6   0.3    52   138   153   246   146   248 0.83 -
NODE_11248_length_12119_cov_32.418885:8806-10296 -            497 61459at7898          -            426   6.7e-24   82.7  18.0   4   4   1.3e-08   5.1e-07   27.0   1.4   279   381   195   298   181   330 0.76 -
NODE_52984_length_6057_cov_28.999329:2495-3271   -            259 61459at7898          -            426   8.3e-24   82.4  32.7   1   2   1.3e-17   5.1e-16   56.7  16.4   171   311    36   187    22   187 0.88 -
NODE_52984_length_6057_cov_28.999329:2495-3271   -            259 61459at7898          -            426   8.3e-24   82.4  32.7   2   2   3.5e-12   1.3e-10   38.8   8.3   284   391   136   243   136   247 0.87 -
NODE_47686_length_6445_cov_31.015916:2924-4300   -            459 61459at7898          -            426   1.3e-23   81.8  10.7   1   1     1e-24     4e-23   80.1  10.6   163   385    47   291    27   305 0.76 -
NODE_8532_length_13223_cov_30.661689:624-1985    -            454 61459at7898          -            426   2.4e-23   80.8  18.6   1   3     0.027       1.1    6.2   0.3     1    36    20    59    20    60 0.83 -
NODE_8532_length_13223_cov_30.661689:624-1985    -            454 61459at7898          -            426   2.4e-23   80.8  18.6   2   3   2.8e-14   1.1e-12   45.8   3.7   233   328    54   150    50   151 0.94 -
NODE_8532_length_13223_cov_30.661689:624-1985    -            454 61459at7898          -            426   2.4e-23   80.8  18.6   3   3   9.6e-13   3.7e-11   40.7   2.6   254   384   148   285   146   300 0.79 -
NODE_7739_length_13622_cov_40.676181:4588-5961   -            458 61459at7898          -            426   2.4e-23   80.8   8.7   1   2       4.1   1.6e+02   -0.9   0.1     1    31    20    54    20    56 0.72 -
NODE_7739_length_13622_cov_40.676181:4588-5961   -            458 61459at7898          -            426   2.4e-23   80.8   8.7   2   2   6.3e-25   2.4e-23   80.8   8.7   171   384    54   286    48   313 0.82 -
NODE_90568_length_4108_cov_40.790721:1660-2439   -            260 61459at7898          -            426   6.4e-23   79.4  15.7   1   1   1.7e-24   6.4e-23   79.4  15.7   173   375    52   258    44   260 0.88 -
NODE_33424_length_7811_cov_26.943465:3623-4228   -            202 61459at7898          -            426   7.3e-23   79.3   6.9   1   2    0.0041      0.16    9.0   0.4     1    37    28    65    28    76 0.88 -
NODE_33424_length_7811_cov_26.943465:3623-4228   -            202 61459at7898          -            426   7.3e-23   79.3   6.9   2   2   8.4e-23   3.2e-21   73.8   1.7   229   348    79   202    64   202 0.88 -
NODE_4223_length_16105_cov_35.803449:8826-11273  -            816 61459at7898          -            426   1.4e-22   78.3  48.9   1   2   2.3e-10   8.9e-09   32.8  20.2    73   321   418   696   407   698 0.68 -
NODE_4223_length_16105_cov_35.803449:8826-11273  -            816 61459at7898          -            426   1.4e-22   78.3  48.9   2   2   1.1e-18   4.1e-17   60.3  20.7    93   319   541   786   528   790 0.81 -
NODE_115841_length_3260_cov_38.071180:466-2736   -            757 61459at7898          -            426   6.2e-22   76.2  25.9   1   3       0.3        12    2.8   5.9   142   227   352   437   335   449 0.55 -
NODE_115841_length_3260_cov_38.071180:466-2736   -            757 61459at7898          -            426   6.2e-22   76.2  25.9   2   3   5.3e-12     2e-10   38.2  14.4   149   321   449   636   437   639 0.79 -
NODE_115841_length_3260_cov_38.071180:466-2736   -            757 61459at7898          -            426   6.2e-22   76.2  25.9   3   3   2.5e-16   9.4e-15   52.5   3.6   106   232   589   727   589   746 0.87 -
NODE_26932_length_8644_cov_36.271153:4389-6671   -            761 61459at7898          -            426   1.7e-21   74.7  22.4   1   2   3.1e-15   1.2e-13   48.9  17.5    60   294   418   658   396   660 0.78 -
NODE_26932_length_8644_cov_36.271153:4389-6671   -            761 61459at7898          -            426   1.7e-21   74.7  22.4   2   2   1.4e-11   5.4e-10   36.9   0.3   231   322   642   731   636   741 0.87 -
NODE_36548_length_7463_cov_37.653721:6359-7027   -            223 61459at7898          -            426   1.9e-21   74.6   7.5   1   2   5.6e-15   2.1e-13   48.1   3.7   218   316    25   134    22   136 0.81 -
NODE_36548_length_7463_cov_37.653721:6359-7027   -            223 61459at7898          -            426   1.9e-21   74.6   7.5   2   2   2.5e-10   9.7e-09   32.7   0.4    51   144   127   223   120   223 0.94 -
NODE_29055_length_8345_cov_79.916808:1667-8103   -            683 61459at7898          -            426   2.3e-21   74.3  31.1   1   3   7.7e-10     3e-08   31.1  15.4   243   369    12   137     3   139 0.78 -
NODE_29055_length_8345_cov_79.916808:1667-8103   -            683 61459at7898          -            426   2.3e-21   74.3  31.1   2   3   1.6e-14   6.1e-13   46.5  16.0   145   334    90   292    87   295 0.80 -
NODE_29055_length_8345_cov_79.916808:1667-8103   -            683 61459at7898          -            426   2.3e-21   74.3  31.1   3   3    0.0024      0.09    9.8   0.0    85   128   257   299   250   320 0.71 -
NODE_123725_length_3041_cov_26.705642:997-1845   -            283 61459at7898          -            426   3.1e-21   73.9   9.8   1   1   1.6e-22   6.2e-21   72.9   9.8   179   392     1   212     1   220 0.85 -
NODE_61824_length_5485_cov_21.028778:33-909      -            252 61459at7898          -            426   7.3e-21   72.6   1.2   1   1   1.1e-21   4.4e-20   70.1   1.2   213   371    20   185    10   196 0.83 -
NODE_31611_length_8021_cov_32.390432:4987-6834   -            364 61459at7898          -            426   8.6e-21   72.4  22.9   1   2     8e-21   3.1e-19   67.3  18.9   115   314    87   306    86   307 0.83 -
NODE_31611_length_8021_cov_32.390432:4987-6834   -            364 61459at7898          -            426   8.6e-21   72.4  22.9   2   2      0.15       5.9    3.8   0.1   113   180   296   344   292   363 0.35 -
NODE_19661_length_9919_cov_32.479633:3000-5468   -            823 61459at7898          -            426   1.5e-20   71.6  11.2   1   3      0.45        17    2.2   3.1   226   296   414   484   403   497 0.73 -
NODE_19661_length_9919_cov_32.479633:3000-5468   -            823 61459at7898          -            426   1.5e-20   71.6  11.2   2   3      0.13       4.9    4.0   0.6    65   140   486   566   475   585 0.40 -
NODE_19661_length_9919_cov_32.479633:3000-5468   -            823 61459at7898          -            426   1.5e-20   71.6  11.2   3   3   3.9e-22   1.5e-20   71.6  11.2    42   234   585   794   577   822 0.86 -
NODE_1583_length_20496_cov_27.280384:9926-10465  -            180 61459at7898          -            426   1.8e-20   71.4   0.2   1   1   6.4e-22   2.4e-20   70.9   0.2   234   364    31   157    17   167 0.87 -
NODE_517_length_25899_cov_72.245891:12260-12982  -            241 61459at7898          -            426   2.5e-20   70.9   7.6   1   1   3.4e-21   1.3e-19   68.5   7.6   162   354    38   237    34   239 0.87 -
NODE_13581_length_11383_cov_26.684864:2782-5970  -            678 61459at7898          -            426   2.9e-20   70.7  18.5   1   3         8   3.1e+02   -1.9   0.1     1    24    20    47    20    53 0.65 -
NODE_13581_length_11383_cov_26.684864:2782-5970  -            678 61459at7898          -            426   2.9e-20   70.7  18.5   2   3   1.4e-14   5.3e-13   46.8   2.8   233   327    54   149    47   151 0.94 -
NODE_13581_length_11383_cov_26.684864:2782-5970  -            678 61459at7898          -            426   2.9e-20   70.7  18.5   3   3   4.6e-10   1.8e-08   31.9   3.6   255   384   149   285   147   293 0.76 -
NODE_60351_length_5571_cov_45.466374:243-2549    -            769 61459at7898          -            426   3.8e-20   70.3  21.5   1   5   9.1e-06   0.00035   17.7   0.2   159   267    16   132    10   143 0.74 -
NODE_60351_length_5571_cov_45.466374:243-2549    -            769 61459at7898          -            426   3.8e-20   70.3  21.5   2   5    0.0014     0.054   10.5   2.8   116   264   100   237    92   270 0.52 -
NODE_60351_length_5571_cov_45.466374:243-2549    -            769 61459at7898          -            426   3.8e-20   70.3  21.5   3   5     0.063       2.4    5.1   7.2    99   266   159   347   156   351 0.57 -
NODE_60351_length_5571_cov_45.466374:243-2549    -            769 61459at7898          -            426   3.8e-20   70.3  21.5   4   5   1.1e-15   4.1e-14   50.4   3.3   107   310   308   513   293   514 0.86 -
NODE_60351_length_5571_cov_45.466374:243-2549    -            769 61459at7898          -            426   3.8e-20   70.3  21.5   5   5   8.7e-05    0.0033   14.5   0.1   303   384   482   564   478   574 0.80 -
NODE_28810_length_8382_cov_22.040444:3549-4082   -            178 61459at7898          -            426   6.6e-20   69.5   1.6   1   2      0.39        15    2.4   0.1     1    35     1    36     1    41 0.89 -
NODE_28810_length_8382_cov_22.040444:3549-4082   -            178 61459at7898          -            426   6.6e-20   69.5   1.6   2   2   2.4e-20   9.1e-19   65.8   0.3   228   351    51   178    46   178 0.92 -
NODE_18600_length_10141_cov_40.330910:593-1309   -            239 61459at7898          -            426   7.5e-20   69.3  20.3   1   2   6.7e-21   2.6e-19   67.6  12.9   142   272    54   201    42   210 0.84 -
NODE_18600_length_10141_cov_40.330910:593-1309   -            239 61459at7898          -            426   7.5e-20   69.3  20.3   2   2     0.034       1.3    5.9   1.0   328   350   211   233   205   237 0.86 -
NODE_10062_length_12554_cov_35.899880:1266-2360  -            338 61459at7898          -            426   9.3e-20   69.0  18.2   1   2   1.8e-19   6.9e-18   62.9   8.7   149   322    70   256    47   258 0.86 -
NODE_10062_length_12554_cov_35.899880:1266-2360  -            338 61459at7898          -            426   9.3e-20   69.0  18.2   2   2     3e-06   0.00012   19.3   2.0   231   289   234   290   229   321 0.75 -
NODE_106073_length_3563_cov_46.506928:314-2719   -            269 61459at7898          -            426   1.7e-19   68.2   8.6   1   1   6.1e-21   2.4e-19   67.7   8.6   144   323    43   229    28   244 0.83 -
NODE_2557_length_18307_cov_36.773616:14743-16713 -            458 61459at7898          -            426   1.8e-19   68.0  18.4   1   2      0.01       0.4    7.6   0.1   120   222    74   180    61   187 0.76 -
NODE_2557_length_18307_cov_36.773616:14743-16713 -            458 61459at7898          -            426   1.8e-19   68.0  18.4   2   2     7e-19   2.7e-17   60.9  14.8   145   318   246   429   225   433 0.51 -
NODE_80020_length_4547_cov_29.602743:2316-4087   -            226 61459at7898          -            426   2.5e-19   67.6   7.9   1   1   1.1e-20   4.2e-19   66.8   7.9    44   227     8   207     2   218 0.81 -
NODE_17364_length_10413_cov_37.330425:8282-9838  -            519 61459at7898          -            426   2.5e-19   67.6  50.4   1   3     1e-09   3.9e-08   30.7   7.5    79   273    13   239     1   246 0.75 -
NODE_17364_length_10413_cov_37.330425:8282-9838  -            519 61459at7898          -            426   2.5e-19   67.6  50.4   2   3   2.3e-12     9e-11   39.4  31.3    82   313   239   503   237   504 0.80 -
NODE_17364_length_10413_cov_37.330425:8282-9838  -            519 61459at7898          -            426   2.5e-19   67.6  50.4   3   3     0.017      0.67    6.9   0.3   326   351   494   519   490   519 0.89 -
NODE_3075_length_17506_cov_32.273683:13350-13931 -            194 61459at7898          -            426   3.5e-19   67.1  15.8   1   2   1.7e-14   6.5e-13   46.5   3.6   152   272     1   127     1   128 0.85 -
NODE_3075_length_17506_cov_32.273683:13350-13931 -            194 61459at7898          -            426   3.5e-19   67.1  15.8   2   2   1.8e-10   6.9e-09   33.2   4.4   215   317    89   194    86   194 0.83 -
NODE_79291_length_4579_cov_29.039509:2060-3352   -            431 61459at7898          -            426   6.9e-19   66.1   9.4   1   1   8.8e-18   3.4e-16   57.3   9.8   173   357    29   207    28   214 0.84 -
NODE_1092_length_22058_cov_27.210119:9565-10269  -            235 61459at7898          -            426   9.9e-19   65.6   7.1   1   1   3.4e-20   1.3e-18   65.2   5.2   165   347    46   235    40   235 0.86 -
NODE_4781_length_15593_cov_61.504905:4762-5394   -            211 61459at7898          -            426     1e-18   65.6   3.1   1   1   3.7e-20   1.4e-18   65.1   3.1   256   384    16   145     9   181 0.86 -
NODE_90319_length_4118_cov_34.424235:852-3074    -            741 61459at7898          -            426   1.4e-18   65.2  29.1   1   3   3.9e-10   1.5e-08   32.1   9.0   151   282     7   155     3   193 0.74 -
NODE_90319_length_4118_cov_34.424235:852-3074    -            741 61459at7898          -            426   1.4e-18   65.2  29.1   2   3   3.9e-10   1.5e-08   32.1   9.3   104   293   282   471   276   485 0.76 -
NODE_90319_length_4118_cov_34.424235:852-3074    -            741 61459at7898          -            426   1.4e-18   65.2  29.1   3   3   0.00064     0.025   11.6   0.2   303   376   457   533   453   549 0.84 -
NODE_66290_length_5228_cov_21.853773:1178-1768   -            197 61459at7898          -            426   1.5e-18   65.0  12.3   1   3       1.4        54    0.6   0.1     1    25    19    45    19    53 0.71 -
NODE_66290_length_5228_cov_21.853773:1178-1768   -            197 61459at7898          -            426   1.5e-18   65.0  12.3   2   3   9.2e-14   3.6e-12   44.0   0.9   228   330    46   149    40   149 0.92 -
NODE_66290_length_5228_cov_21.853773:1178-1768   -            197 61459at7898          -            426   1.5e-18   65.0  12.3   3   3   2.6e-09   9.9e-08   29.4   1.8   302   349   145   194   144   197 0.89 -
NODE_24649_length_9010_cov_23.639883:7329-7961   -            211 61459at7898          -            426   6.3e-18   63.0   5.2   1   2   9.4e-09   3.6e-07   27.5   0.4   235   320     4    87     2    92 0.92 -
NODE_24649_length_9010_cov_23.639883:7329-7961   -            211 61459at7898          -            426   6.3e-18   63.0   5.2   2   2   6.1e-14   2.4e-12   44.6   0.5    84   216    43   185    39   195 0.74 -
NODE_64475_length_5328_cov_30.326449:2712-3851   -            380 61459at7898          -            426   8.8e-18   62.5  16.6   1   2   4.4e-16   1.7e-14   51.7   3.7    90   228    36   169    19   170 0.74 -
NODE_64475_length_5328_cov_30.326449:2712-3851   -            380 61459at7898          -            426   8.8e-18   62.5  16.6   2   2   8.7e-08   3.3e-06   24.4   5.0   250   366   100   225    99   248 0.81 -
NODE_9194_length_12908_cov_25.969553:10969-11553 -            195 61459at7898          -            426   1.7e-17   61.6   4.3   1   2   2.8e-13   1.1e-11   42.4   1.6   169   274    16   131     5   137 0.54 -
NODE_9194_length_12908_cov_25.969553:10969-11553 -            195 61459at7898          -            426   1.7e-17   61.6   4.3   2   2   4.6e-06   0.00018   18.7   0.0   325   367   151   194   148   195 0.83 -
NODE_53133_length_6047_cov_30.631137:1976-3451   -            492 61459at7898          -            426     2e-17   61.3  18.2   1   1     1e-17   3.9e-16   57.1  18.1   196   373    62   260    56   299 0.77 -
NODE_1528_length_20633_cov_36.089218:4189-6020   -            328 61459at7898          -            426   6.5e-17   59.6  17.6   1   2   1.7e-12   6.5e-11   39.9   3.7   220   320    51   153    39   155 0.85 -
NODE_1528_length_20633_cov_36.089218:4189-6020   -            328 61459at7898          -            426   6.5e-17   59.6  17.6   2   2   1.9e-10   7.3e-09   33.1   6.0   231   335   109   214   106   218 0.90 -
NODE_42177_length_6918_cov_34.331427:3931-4380   -            150 61459at7898          -            426   8.7e-17   59.2   0.3   1   1   3.5e-18   1.3e-16   58.6   0.3   256   381     3   144     1   149 0.85 -
NODE_6886_length_14077_cov_35.708256:1375-1977   -            201 61459at7898          -            426   9.4e-17   59.1  12.6   1   1   2.1e-17     8e-16   56.0  12.7   148   314    14   192     1   193 0.86 -
NODE_5280_length_15151_cov_27.032155:4021-4401   -            127 61459at7898          -            426   1.3e-16   58.6   0.2   1   1   4.2e-18   1.6e-16   58.3   0.2   266   376     2   115     1   120 0.93 -
NODE_64740_length_5313_cov_34.065593:1417-1980   -            188 61459at7898          -            426   2.4e-16   57.8  20.9   1   1   1.2e-17   4.5e-16   56.9  20.9   182   333     2   158     1   167 0.86 -
NODE_9431_length_12816_cov_30.231265:9236-11491  -            752 61459at7898          -            426   5.5e-16   56.6  24.2   1   2   6.1e-08   2.3e-06   24.9   8.4   170   293     6   141     2   173 0.76 -
NODE_9431_length_12816_cov_30.231265:9236-11491  -            752 61459at7898          -            426   5.5e-16   56.6  24.2   2   2   1.5e-11   5.9e-10   36.7   7.8   189   351   327   500   283   508 0.83 -
NODE_69_length_37168_cov_36.309747:2046-2438     -            131 61459at7898          -            426   1.2e-15   55.5   1.4   1   1   4.7e-17   1.8e-15   54.9   1.4   237   341    28   131    24   131 0.90 -
NODE_69_length_37168_cov_36.309747:34729-35121   -            131 61459at7898          -            426   1.2e-15   55.5   1.4   1   1   4.7e-17   1.8e-15   54.9   1.4   237   341    28   131    24   131 0.90 -
NODE_167550_length_2064_cov_28.499237:676-1260   -            195 61459at7898          -            426     4e-15   53.7  11.6   1   2   9.4e-14   3.6e-12   44.0   4.5   167   295     7   141     3   143 0.85 -
NODE_167550_length_2064_cov_28.499237:676-1260   -            195 61459at7898          -            426     4e-15   53.7  11.6   2   2     4e-06   0.00015   18.9   3.7   146   212   122   189   120   195 0.77 -
NODE_175364_length_1925_cov_2.082147:995-1654    -            220 61459at7898          -            426   6.2e-15   53.1  12.3   1   1   1.2e-14   4.7e-13   46.9  11.4    44   227    21   218    18   220 0.79 -
NODE_205259_length_1461_cov_47.371512:230-1081   -            284 61459at7898          -            426   2.3e-14   51.2  19.5   1   2     0.035       1.3    5.9   0.1   212   267     2    60     1    64 0.57 -
NODE_205259_length_1461_cov_47.371512:230-1081   -            284 61459at7898          -            426   2.3e-14   51.2  19.5   2   2   1.7e-14   6.7e-13   46.4  19.5   131   363    44   284    21   284 0.76 -
NODE_68324_length_5118_cov_32.153816:3517-4194   -            226 61459at7898          -            426   2.5e-14   51.1  15.2   1   2   6.7e-15   2.6e-13   47.8  11.7   167   318    39   195    20   198 0.83 -
NODE_68324_length_5118_cov_32.153816:3517-4194   -            226 61459at7898          -            426   2.5e-14   51.1  15.2   2   2   0.00015    0.0058   13.7   0.5   146   211   154   220   152   226 0.67 -
NODE_5680_length_14850_cov_33.046980:146-1763    -            388 61459at7898          -            426   2.9e-14   50.9  12.1   1   2   2.2e-10   8.4e-09   32.9   3.5   216   321    62   161    44   165 0.78 -
NODE_5680_length_14850_cov_33.046980:146-1763    -            388 61459at7898          -            426   2.9e-14   50.9  12.1   2   2   5.4e-07   2.1e-05   21.8   1.6   231   291   167   226   162   239 0.89 -
NODE_1533_length_20617_cov_37.214592:1780-5898   -            289 61459at7898          -            426   3.2e-14   50.8  16.2   1   3   3.5e-05    0.0014   15.8   0.6   196   268    30   108    22   113 0.61 -
NODE_1533_length_20617_cov_37.214592:1780-5898   -            289 61459at7898          -            426   3.2e-14   50.8  16.2   2   3     2e-08   7.5e-07   26.5   0.2   143   225    90   172    89   184 0.92 -
NODE_1533_length_20617_cov_37.214592:1780-5898   -            289 61459at7898          -            426   3.2e-14   50.8  16.2   3   3   9.6e-10   3.7e-08   30.8   3.7   112   259   117   271   116   277 0.80 -
NODE_55024_length_5916_cov_224.821042:4308-4898  -            197 61459at7898          -            426   3.3e-14   50.7   4.7   1   2   3.1e-10   1.2e-08   32.4   0.3   171   314     1   147     1   157 0.72 -
NODE_55024_length_5916_cov_224.821042:4308-4898  -            197 61459at7898          -            426   3.3e-14   50.7   4.7   2   2   1.4e-08   5.4e-07   27.0   0.5   229   333    87   194    73   197 0.74 -
NODE_337_length_27941_cov_35.159723:1795-2505    -            237 61459at7898          -            426   2.4e-13   47.9   0.3   1   1   8.8e-15   3.4e-13   47.4   0.3   304   386    54   136    51   147 0.87 -
NODE_48971_length_6346_cov_22.943173:888-4790    -            144 61459at7898          -            426   2.5e-13   47.8   4.0   1   1   1.9e-14   7.3e-13   46.3   3.8   231   335    25   130    16   136 0.58 -
NODE_83438_length_4398_cov_29.933938:1437-3885   -            190 61459at7898          -            426   3.1e-13   47.5   2.1   1   1   1.3e-13   4.8e-12   43.6   2.1   173   294     3   139     1   146 0.55 -
NODE_33739_length_7775_cov_42.896170:391-3375    -            187 61459at7898          -            426   3.4e-13   47.4   0.0   1   1     1e-14   3.9e-13   47.2   0.0   183   295    17   136     3   158 0.88 -
NODE_200146_length_1535_cov_29.974930:107-433    -            109 61459at7898          -            426   8.7e-13   46.0   0.0   1   1   3.6e-14   1.4e-12   45.4   0.0   175   270     4   109     1   109 0.57 -
NODE_59952_length_5596_cov_37.077497:4622-5482   -            287 61459at7898          -            426   4.1e-12   43.8   7.7   1   1   3.9e-13   1.5e-11   42.0   7.7   135   291    40   204    24   212 0.69 -
NODE_123195_length_3055_cov_22.365359:1190-2364  -            162 61459at7898          -            426   4.3e-11   40.5   2.3   1   2   7.4e-07   2.9e-05   21.3   0.2   173   229     1    57     1    62 0.91 -
NODE_123195_length_3055_cov_22.365359:1190-2364  -            162 61459at7898          -            426   4.3e-11   40.5   2.3   2   2   1.3e-06     5e-05   20.5   0.4   165   227    60   126    46   138 0.64 -
NODE_33888_length_7758_cov_33.423815:545-2644    -            700 61459at7898          -            426   1.6e-10   38.6  28.7   1   1   6.8e-09   2.6e-07   28.0  25.8    90   321   407   662   378   663 0.73 -
NODE_114125_length_3311_cov_30.417186:1845-2261  -            139 61459at7898          -            426     1e-09   35.9   7.5   1   2    0.0016     0.062   10.3   0.1   258   292     5    39     3    44 0.70 -
NODE_114125_length_3311_cov_30.417186:1845-2261  -            139 61459at7898          -            426     1e-09   35.9   7.5   2   2   1.2e-09   4.7e-08   30.4   6.7   149   246    26   134    23   138 0.80 -
NODE_26711_length_8675_cov_38.145639:752-1619    -            216 61459at7898          -            426   1.3e-09   35.6   4.1   1   2      0.36        14    2.5   0.9     1    17    57    72    57    82 0.86 -
NODE_26711_length_8675_cov_38.145639:752-1619    -            216 61459at7898          -            426   1.3e-09   35.6   4.1   2   2   3.4e-11   1.3e-09   35.6   4.1   170   257   120   214   101   216 0.64 -
NODE_60746_length_5548_cov_34.529455:1899-4571   -            891 61459at7898          -            426   2.8e-09   34.5  45.8   1   3   1.2e-06   4.5e-05   20.6   2.3    56   174    39   162    22   168 0.80 -
NODE_60746_length_5548_cov_34.529455:1899-4571   -            891 61459at7898          -            426   2.8e-09   34.5  45.8   2   3   0.00058     0.022   11.8  19.7    73   239   264   433   212   469 0.44 -
NODE_60746_length_5548_cov_34.529455:1899-4571   -            891 61459at7898          -            426   2.8e-09   34.5  45.8   3   3   0.00015    0.0057   13.7   5.4   206   305   528   638   490   667 0.62 -
NODE_41295_length_6997_cov_34.772108:2726-6626   -            389 61459at7898          -            426   1.4e-07   28.9   0.4   1   1   7.1e-09   2.7e-07   27.9   0.1   329   386     8    62     1    76 0.87 -
NODE_73272_length_4865_cov_45.601133:1273-4765   -            438 61459at7898          -            426   1.5e-06   25.5   8.9   1   2     6e-06   0.00023   18.3   0.7   215   272    44    99    33   101 0.86 -
NODE_73272_length_4865_cov_45.601133:1273-4765   -            438 61459at7898          -            426   1.5e-06   25.5   8.9   2   2    0.0012     0.045   10.8   2.2   146   201   102   160   100   174 0.75 -
NODE_1323_length_21210_cov_35.956658:2544-11042  -            696 61459at7898          -            426   4.8e-05   20.5  14.0   1   1   1.2e-06   4.8e-05   20.5  14.0   147   330    23   212     6   219 0.76 -
NODE_6147_length_14535_cov_32.857301:3993-6382   -            382 61459at7898          -            426   7.6e-05   19.9   0.8   1   1   3.3e-06   0.00013   19.2   0.8   330   384     2    53     1    70 0.84 -
NODE_39625_length_7157_cov_39.411448:2220-4333   -            390 61459at7898          -            426   0.00012   19.2   0.3   1   1   5.3e-06    0.0002   18.5   0.3   329   384     7    59     2    81 0.86 -
NODE_118464_length_3186_cov_30.150308:732-3073   -            152 61459at7898          -            426   0.00079   16.5   5.8   1   1   3.5e-05    0.0013   15.8   5.8   115   209    24   129    13   151 0.69 -
NODE_67269_length_5172_cov_34.029174:1226-5113   -            291 61459at7898          -            426    0.0012   15.9   1.9   1   1   4.5e-05    0.0017   15.4   1.9   169   225   104   159    96   188 0.62 -
#
# Program:         hmmsearch
# Version:         3.1b2 (February 2015)
# Pipeline mode:   SEARCH
# Query file:      /home/e1garcia/shotgun_PIRE/abyss/busco_downloads/lineages/actinopterygii_odb10/hmms/61459at7898.hmm
# Target file:     /home/e1garcia/shotgun_PIRE/pire_ssl_data_processing/plotosus_lineatus/busco_scaffolds_results-SPAdes_decontam_R1R2_noIsolate/run_actinopterygii_odb10/metaeuk_output/initial_results/scaffolds.modified.fasta.modified.fas
# Option settings: hmmsearch --domtblout /home/e1garcia/shotgun_PIRE/pire_ssl_data_processing/plotosus_lineatus/busco_scaffolds_results-SPAdes_decontam_R1R2_noIsolate/run_actinopterygii_odb10/hmmer_output/initial_run_results/61459at7898.out --cpu 1 /home/e1garcia/shotgun_PIRE/abyss/busco_downloads/lineages/actinopterygii_odb10/hmms/61459at7898.hmm /home/e1garcia/shotgun_PIRE/pire_ssl_data_processing/plotosus_lineatus/busco_scaffolds_results-SPAdes_decontam_R1R2_noIsolate/run_actinopterygii_odb10/metaeuk_output/initial_results/scaffolds.modified.fasta.modified.fas 
# Current dir:     /home/e1garcia/shotgun_PIRE/pire_ssl_data_processing/plotosus_lineatus
# Date:            Fri Aug 20 13:35:26 2021
# [ok]
