#                                                                                                        --- full sequence --- -------------- this domain -------------   hmm coord   ali coord   env coord
# target name                                    accession   tlen query name           accession   qlen   E-value  score  bias   #  of  c-Evalue  i-Evalue  score  bias  from    to  from    to  from    to  acc description of target
#                            ------------------- ---------- ----- -------------------- ---------- ----- --------- ------ ----- --- --- --------- --------- ------ ----- ----- ----- ----- ----- ----- ----- ---- ---------------------
NODE_105119_length_3594_cov_29.295851:760-2201   -            410 64151at7898          -            365   2.6e-21   74.6   0.0   1   6      0.25        43    1.5   0.0   252   288    85   121    77   130 0.86 -
NODE_105119_length_3594_cov_29.295851:760-2201   -            410 64151at7898          -            365   2.6e-21   74.6   0.0   2   6   0.00089      0.15    9.6   0.0   249   286   155   192   145   196 0.90 -
NODE_105119_length_3594_cov_29.295851:760-2201   -            410 64151at7898          -            365   2.6e-21   74.6   0.0   3   6     0.011       1.8    6.0   0.0   248   283   196   231   191   239 0.91 -
NODE_105119_length_3594_cov_29.295851:760-2201   -            410 64151at7898          -            365   2.6e-21   74.6   0.0   4   6   2.8e-06   0.00047   17.8   0.1   249   293   239   283   231   284 0.93 -
NODE_105119_length_3594_cov_29.295851:760-2201   -            410 64151at7898          -            365   2.6e-21   74.6   0.0   5   6   5.4e-06   0.00091   16.8   0.0   249   286   281   318   277   325 0.90 -
NODE_105119_length_3594_cov_29.295851:760-2201   -            410 64151at7898          -            365   2.6e-21   74.6   0.0   6   6   3.1e-06   0.00053   17.6   0.0   250   286   324   360   317   373 0.92 -
NODE_8961_length_13017_cov_33.997600:5056-12401  -            296 64151at7898          -            365   2.8e-17   61.3   4.1   1   4   1.2e-09     2e-07   28.9   0.1   181   294    23   137     9   150 0.80 -
NODE_8961_length_13017_cov_33.997600:5056-12401  -            296 64151at7898          -            365   2.8e-17   61.3   4.1   2   4    0.0023      0.39    8.2   0.3   267   302   148   183   133   204 0.76 -
NODE_8961_length_13017_cov_33.997600:5056-12401  -            296 64151at7898          -            365   2.8e-17   61.3   4.1   3   4      0.11        18    2.7   0.0   258   288   180   210   177   220 0.85 -
NODE_8961_length_13017_cov_33.997600:5056-12401  -            296 64151at7898          -            365   2.8e-17   61.3   4.1   4   4   1.2e-07   1.9e-05   22.3   0.1    74   146   218   294   210   296 0.87 -
NODE_6765_length_14155_cov_32.943796:597-7572    -            322 64151at7898          -            365   1.5e-14   52.3   0.4   1   3   0.00052     0.088   10.3   0.0   243   297    13    68     6    75 0.83 -
NODE_6765_length_14155_cov_32.943796:597-7572    -            322 64151at7898          -            365   1.5e-14   52.3   0.4   2   3   1.4e-07   2.4e-05   22.1   0.0   250   339    65   158    61   165 0.73 -
NODE_6765_length_14155_cov_32.943796:597-7572    -            322 64151at7898          -            365   1.5e-14   52.3   0.4   3   3   7.5e-06    0.0013   16.4   0.0   109   217   186   288   174   301 0.86 -
NODE_26513_length_8706_cov_34.847798:5710-8501   -            293 64151at7898          -            365   1.7e-14   52.2   5.2   1   3    0.0057      0.96    6.9   0.0   249   286     3    40     2    47 0.86 -
NODE_26513_length_8706_cov_34.847798:5710-8501   -            293 64151at7898          -            365   1.7e-14   52.2   5.2   2   3   9.1e-10   1.5e-07   29.3   0.5   182   297    25   151    23   162 0.74 -
NODE_26513_length_8706_cov_34.847798:5710-8501   -            293 64151at7898          -            365   1.7e-14   52.2   5.2   3   3   9.5e-11   1.6e-08   32.5   0.5   155   286   100   222    93   264 0.84 -
NODE_13888_length_11291_cov_39.742227:3340-10710 -            260 64151at7898          -            365   7.3e-14   50.1   1.4   1   2   3.1e-11   5.2e-09   34.1   0.5   180   292   101   216    89   218 0.80 -
NODE_13888_length_11291_cov_39.742227:3340-10710 -            260 64151at7898          -            365   7.3e-14   50.1   1.4   2   2   0.00021     0.035   11.6   0.0   251   283   217   249   214   256 0.91 -
NODE_18001_length_10274_cov_50.144668:444-9151   -            439 64151at7898          -            365   8.8e-14   49.8   1.3   1   4       1.7   2.8e+02   -1.2   0.0   250   278    10    43     6    50 0.62 -
NODE_18001_length_10274_cov_50.144668:444-9151   -            439 64151at7898          -            365   8.8e-14   49.8   1.3   2   4   1.3e-05    0.0021   15.6   0.1   250   282    57    88    24    96 0.82 -
NODE_18001_length_10274_cov_50.144668:444-9151   -            439 64151at7898          -            365   8.8e-14   49.8   1.3   3   4   0.00032     0.054   11.0   0.0   250   283    96   129    89   154 0.88 -
NODE_18001_length_10274_cov_50.144668:444-9151   -            439 64151at7898          -            365   8.8e-14   49.8   1.3   4   4   7.2e-07   0.00012   19.7   0.0   244   292   167   216   151   232 0.83 -
NODE_48403_length_6391_cov_22.934679:1793-6133   -            344 64151at7898          -            365   3.4e-13   47.9   6.6   1   4    0.0065       1.1    6.7   0.0   115   145     3    33     1    42 0.86 -
NODE_48403_length_6391_cov_22.934679:1793-6133   -            344 64151at7898          -            365   3.4e-13   47.9   6.6   2   4   2.9e-06   0.00048   17.8   0.2   252   293    48    89    42   101 0.86 -
NODE_48403_length_6391_cov_22.934679:1793-6133   -            344 64151at7898          -            365   3.4e-13   47.9   6.6   3   4   0.00019     0.031   11.8   0.1   240   286   122   170    94   173 0.81 -
NODE_48403_length_6391_cov_22.934679:1793-6133   -            344 64151at7898          -            365   3.4e-13   47.9   6.6   4   4   0.00011     0.019   12.5   0.3   252   288   179   214   169   230 0.84 -
NODE_36206_length_7499_cov_40.033649:2331-6852   -            295 64151at7898          -            365   6.5e-13   46.9   9.2   1   6     0.012         2    5.8   0.0   270   286    16    32    12    38 0.88 -
NODE_36206_length_7499_cov_40.033649:2331-6852   -            295 64151at7898          -            365   6.5e-13   46.9   9.2   2   6   2.8e-05    0.0048   14.5   0.1   250   290    38    78    32    89 0.87 -
NODE_36206_length_7499_cov_40.033649:2331-6852   -            295 64151at7898          -            365   6.5e-13   46.9   9.2   3   6     0.097        16    2.9   0.1   263   284    99   120    75   125 0.68 -
NODE_36206_length_7499_cov_40.033649:2331-6852   -            295 64151at7898          -            365   6.5e-13   46.9   9.2   4   6   4.6e-05    0.0078   13.8   0.3   248   285   126   162   121   185 0.84 -
NODE_36206_length_7499_cov_40.033649:2331-6852   -            295 64151at7898          -            365   6.5e-13   46.9   9.2   5   6       2.5   4.3e+02   -1.8   0.0   270   283   230   243   228   251 0.87 -
NODE_36206_length_7499_cov_40.033649:2331-6852   -            295 64151at7898          -            365   6.5e-13   46.9   9.2   6   6   0.00016     0.028   12.0   0.0   251   284   254   287   245   294 0.90 -
NODE_7237_length_13885_cov_29.940012:4767-11972  -            294 64151at7898          -            365   7.6e-12   43.4   0.5   1   3     0.015       2.4    5.6   0.0   265   293    19    48     9    60 0.83 -
NODE_7237_length_13885_cov_29.940012:4767-11972  -            294 64151at7898          -            365   7.6e-12   43.4   0.5   2   3   6.8e-06    0.0011   16.5   0.0    92   147   106   162    93   181 0.86 -
NODE_7237_length_13885_cov_29.940012:4767-11972  -            294 64151at7898          -            365   7.6e-12   43.4   0.5   3   3   1.8e-06    0.0003   18.4   0.0   212   289   181   257   175   281 0.81 -
NODE_792_length_23596_cov_33.653105:4175-4966    -            264 64151at7898          -            365   1.5e-11   42.4  11.4   1   5   4.6e-06   0.00077   17.1   0.2   252   294    25    67    14    74 0.81 -
NODE_792_length_23596_cov_33.653105:4175-4966    -            264 64151at7898          -            365   1.5e-11   42.4  11.4   2   5   4.5e-05    0.0076   13.8   0.3   251   289    66   104    59   108 0.88 -
NODE_792_length_23596_cov_33.653105:4175-4966    -            264 64151at7898          -            365   1.5e-11   42.4  11.4   3   5    0.0014      0.23    9.0   0.0   250   287   107   144   104   151 0.89 -
NODE_792_length_23596_cov_33.653105:4175-4966    -            264 64151at7898          -            365   1.5e-11   42.4  11.4   4   5      0.02       3.4    5.1   0.0   248   293   147   192   143   197 0.90 -
NODE_792_length_23596_cov_33.653105:4175-4966    -            264 64151at7898          -            365   1.5e-11   42.4  11.4   5   5     0.021       3.6    5.0   0.4    82   145   199   264   177   264 0.64 -
NODE_279950_length_660_cov_0.909091:10-354       -            115 64151at7898          -            365   3.8e-11   41.1   0.1   1   3   0.00087      0.15    9.6   0.0   254   285     1    32     1    38 0.84 -
NODE_279950_length_660_cov_0.909091:10-354       -            115 64151at7898          -            365   3.8e-11   41.1   0.1   2   3   4.2e-08   7.1e-06   23.8   0.0   248   298    37    87    32    91 0.89 -
NODE_279950_length_660_cov_0.909091:10-354       -            115 64151at7898          -            365   3.8e-11   41.1   0.1   3   3    0.0078       1.3    6.4   0.0   254   283    85   114    81   115 0.84 -
NODE_49885_length_6277_cov_39.555520:1398-5838   -            295 64151at7898          -            365     1e-09   36.4   4.3   1   3   0.00014     0.023   12.2   0.1   253   289    16    53     9    65 0.80 -
NODE_49885_length_6277_cov_39.555520:1398-5838   -            295 64151at7898          -            365     1e-09   36.4   4.3   2   3   2.7e-05    0.0045   14.6   0.1   253   286    69   100    61   131 0.85 -
NODE_49885_length_6277_cov_39.555520:1398-5838   -            295 64151at7898          -            365     1e-09   36.4   4.3   3   3    0.0013      0.23    9.0   0.0   254   297   150   191   143   203 0.80 -
NODE_95404_length_3927_cov_24.090125:2947-3147   -             67 64151at7898          -            365   6.2e-09   33.8   1.1   1   2   3.5e-05    0.0059   14.2   0.1   271   295     2    26     1    39 0.86 -
NODE_95404_length_3927_cov_24.090125:2947-3147   -             67 64151at7898          -            365   6.2e-09   33.8   1.1   2   2   2.3e-07   3.9e-05   21.4   0.2   251   293    24    64    22    66 0.84 -
NODE_379_length_27342_cov_34.275924:12305-21962  -            271 64151at7898          -            365     8e-09   33.5   0.0   1   3      0.14        24    2.3   0.0   267   295    31    59    13    62 0.82 -
NODE_379_length_27342_cov_34.275924:12305-21962  -            271 64151at7898          -            365     8e-09   33.5   0.0   2   3    0.0075       1.3    6.5   0.0   257   292    62    98    58   108 0.86 -
NODE_379_length_27342_cov_34.275924:12305-21962  -            271 64151at7898          -            365     8e-09   33.5   0.0   3   3   2.5e-07   4.2e-05   21.3   0.0   181   309   125   254   104   262 0.80 -
NODE_5583_length_14928_cov_36.355452:1-3010      -            347 64151at7898          -            365   3.7e-08   31.3   9.0   1   3      0.18        29    2.0   0.1    90   113   103   126    99   134 0.84 -
NODE_5583_length_14928_cov_36.355452:1-3010      -            347 64151at7898          -            365   3.7e-08   31.3   9.0   2   3   4.2e-05    0.0071   13.9   0.1   257   294   135   172   127   178 0.88 -
NODE_5583_length_14928_cov_36.355452:1-3010      -            347 64151at7898          -            365   3.7e-08   31.3   9.0   3   3   1.6e-06   0.00027   18.6   0.8    82   204   178   302   174   325 0.77 -
NODE_4589_length_15765_cov_84.393974:998-12117   -            319 64151at7898          -            365   1.7e-07   29.1   2.2   1   4   4.8e-07     8e-05   20.3   0.1    96   147    97   149    83   158 0.87 -
NODE_4589_length_15765_cov_84.393974:998-12117   -            319 64151at7898          -            365   1.7e-07   29.1   2.2   2   4     0.041       6.8    4.1   0.0   249   298   157   207   151   215 0.82 -
NODE_4589_length_15765_cov_84.393974:998-12117   -            319 64151at7898          -            365   1.7e-07   29.1   2.2   3   4     0.096        16    2.9   0.0   242   282   195   234   194   252 0.75 -
NODE_4589_length_15765_cov_84.393974:998-12117   -            319 64151at7898          -            365   1.7e-07   29.1   2.2   4   4      0.64   1.1e+02    0.2   0.0    96   135   279   318   231   319 0.74 -
NODE_329948_length_453_cov_0.864407:57-272       -             72 64151at7898          -            365   2.5e-07   28.6   0.2   1   2   3.9e-05    0.0065   14.0   0.0   264   285     7    28     1    33 0.81 -
NODE_329948_length_453_cov_0.864407:57-272       -             72 64151at7898          -            365   2.5e-07   28.6   0.2   2   2   6.3e-05     0.011   13.3   0.0   250   285    35    71    30    72 0.89 -
NODE_3986_length_16360_cov_29.584896:5599-12739  -            194 64151at7898          -            365   2.8e-07   28.4   1.5   1   2   3.1e-07   5.2e-05   20.9   1.6   128   265    17   151    13   161 0.73 -
NODE_3986_length_16360_cov_29.584896:5599-12739  -            194 64151at7898          -            365   2.8e-07   28.4   1.5   2   2     0.014       2.4    5.6   0.0   251   284   161   194   112   194 0.85 -
NODE_7302_length_13842_cov_40.399258:739-4274    -            318 64151at7898          -            365   6.2e-07   27.3   2.7   1   2     5e-07   8.4e-05   20.3   0.2   213   285     5    75     2    83 0.86 -
NODE_7302_length_13842_cov_40.399258:739-4274    -            318 64151at7898          -            365   6.2e-07   27.3   2.7   2   2    0.0042       0.7    7.3   0.2   160   196    84   119    77   123 0.52 -
NODE_325712_length_464_cov_0.978082:64-408       -            115 64151at7898          -            365   2.7e-06   25.2   0.1   1   3    0.0015      0.24    8.9   0.0   256   288     3    35     1    40 0.79 -
NODE_325712_length_464_cov_0.978082:64-408       -            115 64151at7898          -            365   2.7e-06   25.2   0.1   2   3   6.3e-05     0.011   13.3   0.0   249   286    38    75    33    89 0.89 -
NODE_325712_length_464_cov_0.978082:64-408       -            115 64151at7898          -            365   2.7e-06   25.2   0.1   3   3      0.47        78    0.6   0.0   263   285    93   114    85   115 0.76 -
NODE_1035_length_22306_cov_88.036160:6988-12028  -            304 64151at7898          -            365   2.8e-06   25.1   3.7   1   3   3.7e-07   6.2e-05   20.7   0.5   252   300   113   161    84   169 0.86 -
NODE_1035_length_22306_cov_88.036160:6988-12028  -            304 64151at7898          -            365   2.8e-06   25.1   3.7   2   3     0.015       2.6    5.5   0.0   251   284   154   188   147   198 0.85 -
NODE_1035_length_22306_cov_88.036160:6988-12028  -            304 64151at7898          -            365   2.8e-06   25.1   3.7   3   3       0.5        84    0.5   0.1   243   282   214   255   208   270 0.69 -
NODE_58634_length_5675_cov_31.793580:2052-5299   -            355 64151at7898          -            365   1.1e-05   23.2   1.1   1   1   2.5e-06   0.00042   17.9   1.1   246   286   228   266   216   351 0.65 -
NODE_39636_length_7156_cov_37.722120:1521-5882   -            212 64151at7898          -            365   1.1e-05   23.1   0.1   1   2   2.6e-05    0.0044   14.6   0.0   248   289   108   150    97   155 0.83 -
NODE_39636_length_7156_cov_37.722120:1521-5882   -            212 64151at7898          -            365   1.1e-05   23.1   0.1   2   2    0.0081       1.4    6.4   0.1   252   292   158   198   153   206 0.88 -
NODE_89667_length_4142_cov_25.976008:3409-3906   -            166 64151at7898          -            365   3.6e-05   21.4   2.8   1   2    0.0073       1.2    6.5   0.1   248   281    10    41     3    44 0.87 -
NODE_89667_length_4142_cov_25.976008:3409-3906   -            166 64151at7898          -            365   3.6e-05   21.4   2.8   2   2   2.2e-05    0.0037   14.9   0.4    98   169    79   147    61   166 0.75 -
NODE_6422_length_14350_cov_40.480949:12179-14106 -            282 64151at7898          -            365   3.7e-05   21.4   7.3   1   4     0.011       1.9    5.9   0.0   263   291    94   122    89   131 0.78 -
NODE_6422_length_14350_cov_40.480949:12179-14106 -            282 64151at7898          -            365   3.7e-05   21.4   7.3   2   4     0.078        13    3.2   0.1   176   197   140   161   118   168 0.58 -
NODE_6422_length_14350_cov_40.480949:12179-14106 -            282 64151at7898          -            365   3.7e-05   21.4   7.3   3   4    0.0055      0.93    6.9   0.1   249   283   170   204   162   209 0.90 -
NODE_6422_length_14350_cov_40.480949:12179-14106 -            282 64151at7898          -            365   3.7e-05   21.4   7.3   4   4    0.0033      0.55    7.7   0.1   251   285   240   273   232   280 0.84 -
NODE_34997_length_7629_cov_32.641567:632-7031    -            420 64151at7898          -            365   0.00019   19.1   4.2   1   2    0.0009      0.15    9.5   2.5    80   284   231   301    32   314 0.54 -
NODE_34997_length_7629_cov_32.641567:632-7031    -            420 64151at7898          -            365   0.00019   19.1   4.2   2   2    0.0084       1.4    6.3   0.0   243   292   343   392   328   401 0.82 -
NODE_55_length_38819_cov_30.602996:18528-37011   -            470 64151at7898          -            365   0.00039   18.1   0.2   1   2     0.023       3.8    4.9   0.0   258   283   195   220   185   227 0.86 -
NODE_55_length_38819_cov_30.602996:18528-37011   -            470 64151at7898          -            365   0.00039   18.1   0.2   2   2   0.00045     0.075   10.5   0.0   248   297   227   276   221   293 0.77 -
NODE_18973_length_10059_cov_41.641968:4856-8058  -            391 64151at7898          -            365   0.00059   17.5   0.1   1   2   3.1e-05    0.0052   14.4   0.0   221   294   221   294   187   309 0.84 -
NODE_18973_length_10059_cov_41.641968:4856-8058  -            391 64151at7898          -            365   0.00059   17.5   0.1   2   2      0.17        29    2.0   0.0   251   294   293   338   291   356 0.73 -
NODE_95341_length_3929_cov_43.464491:2022-2978   -            167 64151at7898          -            365   0.00075   17.1   0.0   1   2   7.9e-05     0.013   13.0   0.1   247   283    24    60    10    75 0.88 -
NODE_95341_length_3929_cov_43.464491:2022-2978   -            167 64151at7898          -            365   0.00075   17.1   0.0   2   2      0.14        23    2.4   0.0   249   286   128   166    98   167 0.74 -
NODE_101772_length_3704_cov_32.446047:1293-3052  -            104 64151at7898          -            365     0.002   15.7   0.1   1   1   1.3e-05    0.0021   15.6   0.1   250   286    14    49     4    77 0.87 -
NODE_57263_length_5766_cov_27.977590:1499-4565   -            215 64151at7898          -            365    0.0031   15.1   0.2   1   2   6.2e-05      0.01   13.4   0.1   240   295    51   107    45   117 0.82 -
NODE_57263_length_5766_cov_27.977590:1499-4565   -            215 64151at7898          -            365    0.0031   15.1   0.2   2   2         2   3.4e+02   -1.5   0.0   277   294   176   193   158   210 0.72 -
NODE_12282_length_11776_cov_39.899632:7230-11684 -            767 64151at7898          -            365     0.012   13.2   0.0   1   3     0.015       2.5    5.5   0.0   250   294   109   154   100   164 0.77 -
NODE_12282_length_11776_cov_39.899632:7230-11684 -            767 64151at7898          -            365     0.012   13.2   0.0   2   3   0.00087      0.15    9.6   0.0    13   113   132   236   123   276 0.77 -
NODE_12282_length_11776_cov_39.899632:7230-11684 -            767 64151at7898          -            365     0.012   13.2   0.0   3   3      0.09        15    3.0   0.0   171   198   204   231   182   328 0.60 -
NODE_17809_length_10317_cov_30.597867:2554-6307  -            150 64151at7898          -            365     0.021   12.3   0.0   1   1    0.0065       1.1    6.7   0.1   251   295     9    53     2    63 0.88 -
NODE_19882_length_9871_cov_32.564777:1920-7550   -            429 64151at7898          -            365     0.041   11.4   0.5   1   4       3.4   5.8e+02   -2.2   0.0    24    61    60    97    51   108 0.84 -
NODE_19882_length_9871_cov_32.564777:1920-7550   -            429 64151at7898          -            365     0.041   11.4   0.5   2   4    0.0084       1.4    6.3   0.0   256   285   173   202   135   208 0.80 -
NODE_19882_length_9871_cov_32.564777:1920-7550   -            429 64151at7898          -            365     0.041   11.4   0.5   3   4      0.21        36    1.7   0.0   251   283   210   242   203   258 0.76 -
NODE_19882_length_9871_cov_32.564777:1920-7550   -            429 64151at7898          -            365     0.041   11.4   0.5   4   4       4.9   8.3e+02   -2.8   0.0   267   291   333   357   319   417 0.57 -
NODE_30133_length_8202_cov_32.810934:772-7641    -            282 64151at7898          -            365     0.089   10.3   2.3   1   3     0.024         4    4.9   0.0   253   291    10    48     2    70 0.64 -
NODE_30133_length_8202_cov_32.810934:772-7641    -            282 64151at7898          -            365     0.089   10.3   2.3   2   3      0.16        27    2.2   0.1   181   232    73   129    52   155 0.71 -
NODE_30133_length_8202_cov_32.810934:772-7641    -            282 64151at7898          -            365     0.089   10.3   2.3   3   3      0.19        32    1.9   0.1   132   193   178   239   171   276 0.71 -
#
# Program:         hmmsearch
# Version:         3.1b2 (February 2015)
# Pipeline mode:   SEARCH
# Query file:      /home/e1garcia/shotgun_PIRE/abyss/busco_downloads/lineages/actinopterygii_odb10/hmms/64151at7898.hmm
# Target file:     /home/e1garcia/shotgun_PIRE/pire_ssl_data_processing/plotosus_lineatus/busco_scaffolds_results-SPAdes_decontam_R1R2_noIsolate/run_actinopterygii_odb10/metaeuk_output/initial_results/scaffolds.modified.fasta.modified.fas
# Option settings: hmmsearch --domtblout /home/e1garcia/shotgun_PIRE/pire_ssl_data_processing/plotosus_lineatus/busco_scaffolds_results-SPAdes_decontam_R1R2_noIsolate/run_actinopterygii_odb10/hmmer_output/initial_run_results/64151at7898.out --cpu 1 /home/e1garcia/shotgun_PIRE/abyss/busco_downloads/lineages/actinopterygii_odb10/hmms/64151at7898.hmm /home/e1garcia/shotgun_PIRE/pire_ssl_data_processing/plotosus_lineatus/busco_scaffolds_results-SPAdes_decontam_R1R2_noIsolate/run_actinopterygii_odb10/metaeuk_output/initial_results/scaffolds.modified.fasta.modified.fas 
# Current dir:     /home/e1garcia/shotgun_PIRE/pire_ssl_data_processing/plotosus_lineatus
# Date:            Fri Aug 20 13:32:11 2021
# [ok]
