#                                                                                                        --- full sequence --- -------------- this domain -------------   hmm coord   ali coord   env coord
# target name                                    accession   tlen query name           accession   qlen   E-value  score  bias   #  of  c-Evalue  i-Evalue  score  bias  from    to  from    to  from    to  acc description of target
#                            ------------------- ---------- ----- -------------------- ---------- ----- --------- ------ ----- --- --- --------- --------- ------ ----- ----- ----- ----- ----- ----- ----- ---- ---------------------
NODE_16904_length_10517_cov_29.787003:51-814     -            158 66925at7898          -            398   5.5e-22   76.6   0.3   1   1   3.6e-24   5.9e-22   76.5   0.3   121   244     1   121     1   156 0.87 -
NODE_12278_length_11778_cov_29.828239:3380-4507  -            376 66925at7898          -            398   4.1e-16   57.2   0.7   1   4     4e-07   6.5e-05   20.3   0.1   128   239     4   121     2   122 0.78 -
NODE_12278_length_11778_cov_29.828239:3380-4507  -            376 66925at7898          -            398   4.1e-16   57.2   0.7   2   4   0.00045     0.074   10.3   0.1   139   211   113   187   107   208 0.78 -
NODE_12278_length_11778_cov_29.828239:3380-4507  -            376 66925at7898          -            398   4.1e-16   57.2   0.7   3   4   3.2e-05    0.0053   14.1   0.0   140   218   209   289   200   301 0.80 -
NODE_12278_length_11778_cov_29.828239:3380-4507  -            376 66925at7898          -            398   4.1e-16   57.2   0.7   4   4   0.00027     0.044   11.0   0.0   150   204   314   374   302   376 0.72 -
NODE_20046_length_9836_cov_29.589607:7202-7723   -            174 66925at7898          -            398   4.2e-13   47.3   0.1   1   2   4.3e-05     0.007   13.7   0.0   140   216     2    79     1    87 0.80 -
NODE_20046_length_9836_cov_29.589607:7202-7723   -            174 66925at7898          -            398   4.2e-13   47.3   0.1   2   2   1.4e-12   2.3e-10   38.3   0.0    86   206    44   169    38   174 0.82 -
NODE_10451_length_12410_cov_34.656486:8810-9454  -            215 66925at7898          -            398   7.9e-13   46.4   0.7   1   2     6e-10   9.8e-08   29.6   0.3    88   216     1   131     1   138 0.76 -
NODE_10451_length_12410_cov_34.656486:8810-9454  -            215 66925at7898          -            398   7.9e-13   46.4   0.7   2   2   8.3e-06    0.0014   16.0   0.0   135   203   144   215   129   215 0.79 -
NODE_179_length_31613_cov_37.840928:28136-29329  -            398 66925at7898          -            398   9.3e-13   46.2   0.3   1   3   1.4e-05    0.0023   15.2   0.1    95   219    13   145     4   156 0.67 -
NODE_179_length_31613_cov_37.840928:28136-29329  -            398 66925at7898          -            398   9.3e-13   46.2   0.3   2   3   7.4e-05     0.012   12.9   0.3   138   237   158   256   147   263 0.78 -
NODE_179_length_31613_cov_37.840928:28136-29329  -            398 66925at7898          -            398   9.3e-13   46.2   0.3   3   3   8.3e-09   1.4e-06   25.9   0.0    85   214   200   333   197   341 0.78 -
NODE_51316_length_6173_cov_45.924432:437-1240    -            268 66925at7898          -            398     2e-12   45.0   0.2   1   2   1.3e-09   2.1e-07   28.5   0.1    88   218     4   140     1   152 0.75 -
NODE_51316_length_6173_cov_45.924432:437-1240    -            268 66925at7898          -            398     2e-12   45.0   0.2   2   2   1.9e-05    0.0031   14.8   0.0   136   212   152   234   144   255 0.74 -
NODE_22908_length_9301_cov_41.241687:5653-6315   -            221 66925at7898          -            398   2.4e-11   41.5   0.4   1   2   4.4e-10   7.2e-08   30.1   0.0    85   218     4   139     1   143 0.80 -
NODE_22908_length_9301_cov_41.241687:5653-6315   -            221 66925at7898          -            398   2.4e-11   41.5   0.4   2   2   0.00037     0.061   10.6   0.0   135   203   150   220   137   221 0.80 -
NODE_25338_length_8897_cov_25.156172:4753-7419   -            197 66925at7898          -            398   2.6e-10   38.1   0.2   1   2   2.2e-10   3.6e-08   31.1   0.0     9   111    11   115     4   134 0.74 -
NODE_25338_length_8897_cov_25.156172:4753-7419   -            197 66925at7898          -            398   2.6e-10   38.1   0.2   2   2     0.013       2.1    5.5   0.1   224   267   143   187   125   191 0.73 -
NODE_353_length_27691_cov_39.389062:635-15060    -            901 66925at7898          -            398   3.1e-09   34.5   2.0   1   2   0.00047     0.077   10.2   0.0    67   161   351   441   302   448 0.67 -
NODE_353_length_27691_cov_39.389062:635-15060    -            901 66925at7898          -            398   3.1e-09   34.5   2.0   2   2   8.2e-08   1.3e-05   22.6   0.6    77   262   456   654   446   671 0.70 -
NODE_51316_length_6173_cov_45.924432:3101-4138   -            346 66925at7898          -            398   3.2e-09   34.5   0.3   1   3   1.9e-05     0.003   14.8   0.0    88   203    32   150    21   179 0.74 -
NODE_51316_length_6173_cov_45.924432:3101-4138   -            346 66925at7898          -            398   3.2e-09   34.5   0.3   2   3     0.015       2.5    5.3   0.0   178   219   219   260   204   264 0.91 -
NODE_51316_length_6173_cov_45.924432:3101-4138   -            346 66925at7898          -            398   3.2e-09   34.5   0.3   3   3   0.00036      0.06   10.6   0.0   142   205   277   345   267   346 0.67 -
NODE_22908_length_9301_cov_41.241687:7268-8377   -            370 66925at7898          -            398   8.9e-09   33.1   0.0   1   4    0.0061         1    6.5   0.0   179   219     2    42     1    53 0.90 -
NODE_22908_length_9301_cov_41.241687:7268-8377   -            370 66925at7898          -            398   8.9e-09   33.1   0.0   2   4    0.0071       1.2    6.3   0.0   176   213    93   130    56   147 0.73 -
NODE_22908_length_9301_cov_41.241687:7268-8377   -            370 66925at7898          -            398   8.9e-09   33.1   0.0   3   4   0.00022     0.035   11.3   0.0    83   215    95   232    88   238 0.72 -
NODE_22908_length_9301_cov_41.241687:7268-8377   -            370 66925at7898          -            398   8.9e-09   33.1   0.0   4   4   6.9e-06    0.0011   16.3   0.0    84   213   196   329   187   346 0.79 -
NODE_7145_length_13935_cov_37.670931:6498-7496   -            282 66925at7898          -            398   2.2e-08   31.7   0.0   1   1   2.9e-10   4.8e-08   30.7   0.0    12   213    20   226    11   269 0.76 -
NODE_22908_length_9301_cov_41.241687:979-1512    -            178 66925at7898          -            398   1.5e-07   29.0   0.0   1   2   0.00023     0.037   11.2   0.0   151   217    15    86     4    93 0.75 -
NODE_22908_length_9301_cov_41.241687:979-1512    -            178 66925at7898          -            398   1.5e-07   29.0   0.0   2   2   9.3e-08   1.5e-05   22.4   0.0    90   204    54   167    46   177 0.79 -
NODE_22371_length_9397_cov_40.270703:7605-8291   -            229 66925at7898          -            398   1.7e-06   25.6   0.0   1   2   9.2e-06    0.0015   15.9   0.0    88   215     1   130     1   144 0.77 -
NODE_22371_length_9397_cov_40.270703:7605-8291   -            229 66925at7898          -            398   1.7e-06   25.6   0.0   2   2    0.0028      0.46    7.7   0.0   151   213   159   225   142   229 0.71 -
NODE_12278_length_11778_cov_29.828239:4565-5233  -            223 66925at7898          -            398   1.1e-05   22.9   0.1   1   3     0.078        13    2.9   0.0   180   216     1    37     1    46 0.87 -
NODE_12278_length_11778_cov_29.828239:4565-5233  -            223 66925at7898          -            398   1.1e-05   22.9   0.1   2   3   0.00022     0.036   11.3   0.0   178   218   102   142    58   154 0.90 -
NODE_12278_length_11778_cov_29.828239:4565-5233  -            223 66925at7898          -            398   1.1e-05   22.9   0.1   3   3     0.015       2.5    5.3   0.1   143   203   161   223   153   223 0.76 -
NODE_179_length_31613_cov_37.840928:27485-27997  -            171 66925at7898          -            398   1.4e-05   22.5   0.4   1   2   0.00039     0.064   10.5   0.1   178   219    47    88     9    93 0.85 -
NODE_179_length_31613_cov_37.840928:27485-27997  -            171 66925at7898          -            398   1.4e-05   22.5   0.4   2   2   0.00025     0.041   11.1   0.1   136   203    99   171    80   171 0.74 -
NODE_22908_length_9301_cov_41.241687:8144-8806   -            221 66925at7898          -            398   2.2e-05   21.9   0.0   1   2      0.02       3.3    4.8   0.0   178   213     2    37     1    54 0.85 -
NODE_22908_length_9301_cov_41.241687:8144-8806   -            221 66925at7898          -            398   2.2e-05   21.9   0.0   2   2   1.3e-05    0.0022   15.3   0.0    84   201    98   219    65   221 0.71 -
NODE_51316_length_6173_cov_45.924432:2255-2956   -            234 66925at7898          -            398   7.4e-05   20.2   0.0   1   2   5.1e-06   0.00084   16.7   0.0    88   218    16   155     6   165 0.75 -
NODE_51316_length_6173_cov_45.924432:2255-2956   -            234 66925at7898          -            398   7.4e-05   20.2   0.0   2   2       0.6        97    0.0   0.0    85   105   211   231   202   234 0.78 -
NODE_10542_length_12376_cov_24.883603:6146-7222  -            359 66925at7898          -            398   0.00038   17.8   0.0   1   3    0.0013      0.21    8.8   0.0   138   213    37   113    33   121 0.78 -
NODE_10542_length_12376_cov_24.883603:6146-7222  -            359 66925at7898          -            398   0.00038   17.8   0.0   2   3      0.21        34    1.5   0.0   151   206   153   214   136   226 0.74 -
NODE_10542_length_12376_cov_24.883603:6146-7222  -            359 66925at7898          -            398   0.00038   17.8   0.0   3   3     0.049         8    3.6   0.0   174   210   312   350   282   355 0.67 -
NODE_6301_length_14433_cov_25.772220:3872-11901  -            638 66925at7898          -            398   0.00058   17.2   1.4   1   3     0.087        14    2.8   0.0   138   215   248   319   226   328 0.71 -
NODE_6301_length_14433_cov_25.772220:3872-11901  -            638 66925at7898          -            398   0.00058   17.2   1.4   2   3   0.00024     0.039   11.2   0.0   140   220   335   410   316   430 0.77 -
NODE_6301_length_14433_cov_25.772220:3872-11901  -            638 66925at7898          -            398   0.00058   17.2   1.4   3   3      0.57        93    0.1   0.1   195   241   487   532   477   545 0.75 -
NODE_10241_length_12483_cov_35.744428:1769-2401  -            211 66925at7898          -            398    0.0016   15.8   0.0   1   2   0.00032     0.052   10.8   0.0   189   213    84   108    29   116 0.78 -
NODE_10241_length_12483_cov_35.744428:1769-2401  -            211 66925at7898          -            398    0.0016   15.8   0.0   2   2     0.063        10    3.2   0.0   151   202   156   210   150   211 0.65 -
NODE_123_length_34103_cov_50.625044:6500-9115    -            872 66925at7898          -            398    0.0021   15.4   0.0   1   2   0.00013     0.022   12.0   0.0   151   213    12    76     6    85 0.83 -
NODE_123_length_34103_cov_50.625044:6500-9115    -            872 66925at7898          -            398    0.0021   15.4   0.0   2   2      0.35        56    0.8   0.0   150   213   807   870   777   872 0.74 -
NODE_35899_length_7535_cov_29.740990:737-1831    -            365 66925at7898          -            398    0.0052   14.1   0.0   1   1   4.6e-05    0.0075   13.5   0.0   134   218   259   343   245   355 0.74 -
NODE_9856_length_12633_cov_38.131083:11350-12603 -            418 66925at7898          -            398    0.0072   13.6   0.0   1   1   6.6e-05     0.011   13.0   0.0   133   215   295   378   286   383 0.85 -
NODE_47880_length_6429_cov_29.033649:4466-6019   -            518 66925at7898          -            398    0.0076   13.5   0.0   1   1   6.9e-05     0.011   13.0   0.0   139   213   413   486   392   495 0.80 -
NODE_64475_length_5328_cov_30.326449:2712-3851   -            380 66925at7898          -            398    0.0094   13.2   0.1   1   1    0.0001     0.016   12.4   0.1   139   243   264   373   250   379 0.81 -
NODE_123_length_34103_cov_50.625044:12119-15640  -           1174 66925at7898          -            398     0.011   13.0   0.1   1   3    0.0023      0.38    7.9   0.0   147   218    26    97     8   113 0.75 -
NODE_123_length_34103_cov_50.625044:12119-15640  -           1174 66925at7898          -            398     0.011   13.0   0.1   2   3      0.23        37    1.4   0.0    72   216   337   479   315   484 0.78 -
NODE_123_length_34103_cov_50.625044:12119-15640  -           1174 66925at7898          -            398     0.011   13.0   0.1   3   3       1.7   2.8e+02   -1.5   0.0    80   215   739   779   700   877 0.55 -
NODE_44498_length_6712_cov_26.394526:572-4469    -            564 66925at7898          -            398     0.014   12.6   0.0   1   1   0.00013     0.022   12.0   0.0   142   221   216   298   195   309 0.74 -
NODE_8532_length_13223_cov_30.661689:624-1985    -            454 66925at7898          -            398     0.016   12.4   0.0   1   1   0.00016     0.025   11.8   0.0   139   218   302   379   284   382 0.78 -
NODE_77075_length_4680_cov_23.413665:1716-2057   -            114 66925at7898          -            398     0.019   12.2   0.8   1   2    0.0022      0.36    8.0   0.1   136   166    15    46     9    58 0.83 -
NODE_77075_length_4680_cov_23.413665:1716-2057   -            114 66925at7898          -            398     0.019   12.2   0.8   2   2     0.075        12    3.0   0.1   173   197    76    99    68   112 0.59 -
NODE_82861_length_4423_cov_28.369103:1532-2920   -            463 66925at7898          -            398      0.02   12.2   0.1   1   2       7.4   1.2e+03   -3.6   0.1    86    96   110   120   106   122 0.85 -
NODE_82861_length_4423_cov_28.369103:1532-2920   -            463 66925at7898          -            398      0.02   12.2   0.1   2   2   0.00031     0.051   10.8   0.0   143   215   288   359   279   372 0.78 -
NODE_3643_length_16769_cov_33.125375:11711-12641 -            219 66925at7898          -            398     0.021   12.1   0.0   1   1   0.00018     0.029   11.6   0.0    15   103     3    91     1   113 0.76 -
NODE_13581_length_11383_cov_26.684864:2782-5970  -            678 66925at7898          -            398     0.022   12.0   3.0   1   2   0.00027     0.044   11.0   0.0   177   216   339   377   284   388 0.72 -
NODE_13581_length_11383_cov_26.684864:2782-5970  -            678 66925at7898          -            398     0.022   12.0   3.0   2   2      0.42        69    0.5   1.0   195   252   493   550   480   557 0.72 -
NODE_295_length_28590_cov_38.267488:18919-21597  -            893 66925at7898          -            398     0.023   12.0   0.0   1   2     0.057       9.3    3.4   0.0   151   213    12    76     9    88 0.81 -
NODE_295_length_28590_cov_38.267488:18919-21597  -            893 66925at7898          -            398     0.023   12.0   0.0   2   2     0.011       1.8    5.7   0.0   151   216   807   872   796   891 0.74 -
NODE_79291_length_4579_cov_29.039509:2060-3352   -            431 66925at7898          -            398     0.041   11.1   0.1   1   1   0.00037     0.061   10.6   0.1   137   245   254   365   247   375 0.68 -
NODE_43442_length_6803_cov_28.154236:909-2426    -            506 66925at7898          -            398     0.056   10.7   0.0   1   1   0.00053     0.087   10.0   0.0   135   220   411   496   398   500 0.77 -
#
# Program:         hmmsearch
# Version:         3.1b2 (February 2015)
# Pipeline mode:   SEARCH
# Query file:      /home/e1garcia/shotgun_PIRE/abyss/busco_downloads/lineages/actinopterygii_odb10/hmms/66925at7898.hmm
# Target file:     /home/e1garcia/shotgun_PIRE/pire_ssl_data_processing/plotosus_lineatus/busco_scaffolds_results-SPAdes_decontam_R1R2_noIsolate/run_actinopterygii_odb10/metaeuk_output/initial_results/scaffolds.modified.fasta.modified.fas
# Option settings: hmmsearch --domtblout /home/e1garcia/shotgun_PIRE/pire_ssl_data_processing/plotosus_lineatus/busco_scaffolds_results-SPAdes_decontam_R1R2_noIsolate/run_actinopterygii_odb10/hmmer_output/initial_run_results/66925at7898.out --cpu 1 /home/e1garcia/shotgun_PIRE/abyss/busco_downloads/lineages/actinopterygii_odb10/hmms/66925at7898.hmm /home/e1garcia/shotgun_PIRE/pire_ssl_data_processing/plotosus_lineatus/busco_scaffolds_results-SPAdes_decontam_R1R2_noIsolate/run_actinopterygii_odb10/metaeuk_output/initial_results/scaffolds.modified.fasta.modified.fas 
# Current dir:     /home/e1garcia/shotgun_PIRE/pire_ssl_data_processing/plotosus_lineatus
# Date:            Fri Aug 20 13:26:31 2021
# [ok]
