#                                                                                                        --- full sequence --- -------------- this domain -------------   hmm coord   ali coord   env coord
# target name                                    accession   tlen query name           accession   qlen   E-value  score  bias   #  of  c-Evalue  i-Evalue  score  bias  from    to  from    to  from    to  acc description of target
#                            ------------------- ---------- ----- -------------------- ---------- ----- --------- ------ ----- --- --- --------- --------- ------ ----- ----- ----- ----- ----- ----- ----- ---- ---------------------
NODE_670_length_24444_cov_32.086465:4113-5539    -            376 73111at7898          -            302   1.1e-73  246.3  33.6   1   2     1e-33   1.6e-31  107.8   2.8     1   122     4   130     4   150 0.76 -
NODE_670_length_24444_cov_32.086465:4113-5539    -            376 73111at7898          -            302   1.1e-73  246.3  33.6   2   2   5.7e-42     9e-40  134.9  23.1   124   297   159   376   145   376 0.73 -
NODE_23147_length_9255_cov_34.946374:2709-4960   -            401 73111at7898          -            302   1.6e-66  222.8  21.1   1   4   5.1e-27   8.2e-25   85.8   1.0     7   119    19   124    13   136 0.81 -
NODE_23147_length_9255_cov_34.946374:2709-4960   -            401 73111at7898          -            302   1.6e-66  222.8  21.1   2   4   2.4e-10   3.9e-08   31.1   0.1   122   174   152   204   145   231 0.85 -
NODE_23147_length_9255_cov_34.946374:2709-4960   -            401 73111at7898          -            302   1.6e-66  222.8  21.1   3   4   1.4e-06   0.00023   18.7   0.5   179   210   231   261   214   266 0.79 -
NODE_23147_length_9255_cov_34.946374:2709-4960   -            401 73111at7898          -            302   1.6e-66  222.8  21.1   4   4     4e-31   6.4e-29   99.3   2.6   199   298   300   397   278   401 0.86 -
NODE_270046_length_735_cov_8.001572:46-711       -            222 73111at7898          -            302   2.3e-65  219.0   7.5   1   2   7.1e-61   1.1e-58  197.0   5.9     1   127     6   144     6   155 0.88 -
NODE_270046_length_735_cov_8.001572:46-711       -            222 73111at7898          -            302   2.3e-65  219.0   7.5   2   2   3.1e-07   4.9e-05   20.9   0.0   123   148   171   196   160   204 0.82 -
NODE_228558_length_1158_cov_16.736544:1-642      -            214 73111at7898          -            302   1.3e-59  200.0  30.4   1   3   2.2e-07   3.5e-05   21.3   1.2   154   174     1    21     1    36 0.86 -
NODE_228558_length_1158_cov_16.736544:1-642      -            214 73111at7898          -            302   1.3e-59  200.0  30.4   2   3   3.9e-11   6.2e-09   33.7   3.0   171   218    43    98    38   108 0.70 -
NODE_228558_length_1158_cov_16.736544:1-642      -            214 73111at7898          -            302   1.3e-59  200.0  30.4   3   3   3.2e-48   5.1e-46  155.4  13.1   203   302   115   214    98   214 0.91 -
NODE_134422_length_2766_cov_35.134983:910-2334   -            357 73111at7898          -            302   2.4e-53  179.5  21.5   1   2   1.3e-32     2e-30  104.2   6.2     5   200     1   230     1   243 0.68 -
NODE_134422_length_2766_cov_35.134983:910-2334   -            357 73111at7898          -            302   2.4e-53  179.5  21.5   2   2   2.7e-24   4.4e-22   76.8   7.3   206   297   262   352   248   356 0.89 -
NODE_73091_length_4874_cov_22.975288:1498-2175   -            226 73111at7898          -            302   4.8e-06   24.2   1.3   1   1     3e-08   4.8e-06   24.2   1.3   204   272    27    95    19   122 0.82 -
NODE_179397_length_1856_cov_33.233352:474-716    -             81 73111at7898          -            302   2.5e-05   21.8   0.5   1   1   1.7e-07   2.7e-05   21.7   0.5   214   271    20    77     3    80 0.84 -
NODE_184189_length_1777_cov_25.381406:1241-1513  -             91 73111at7898          -            302   8.3e-05   20.1   0.0   1   1   6.1e-07   9.7e-05   19.9   0.0   233   274    26    67    20    87 0.84 -
NODE_199154_length_1550_cov_26.252929:455-1042   -            196 73111at7898          -            302   0.00011   19.7   0.6   1   1   1.2e-06   0.00019   19.0   0.6   206   273    16    83     3   106 0.82 -
NODE_4175_length_16162_cov_35.703107:4656-4988   -            111 73111at7898          -            302   0.00012   19.6   0.2   1   1     8e-07   0.00013   19.5   0.2   217   273    53   109     7   110 0.80 -
NODE_4262_length_16074_cov_30.318623:983-15223   -            674 73111at7898          -            302   0.00025   18.6   0.6   1   1   2.6e-06   0.00041   17.8   0.6   218   287   508   579   501   589 0.87 -
NODE_78930_length_4596_cov_10.792528:3201-4400   -            273 73111at7898          -            302   0.00027   18.4   1.6   1   2      0.67   1.1e+02    0.1   1.9   195   237    75   116    32   121 0.60 -
NODE_78930_length_4596_cov_10.792528:3201-4400   -            273 73111at7898          -            302   0.00027   18.4   1.6   2   2   1.7e-06   0.00027   18.4   1.6   207   271   110   174    82   182 0.83 -
NODE_210694_length_1386_cov_26.582751:782-1132   -            117 73111at7898          -            302   0.00036   18.0   0.2   1   1   2.8e-06   0.00044   17.7   0.2   220   281     1    61     1    68 0.89 -
NODE_126040_length_2978_cov_26.878083:253-618    -            122 73111at7898          -            302   0.00038   18.0   0.0   1   1   2.6e-06   0.00042   17.8   0.0   233   274    47    88    23    99 0.93 -
NODE_6874_length_14083_cov_26.531751:7610-7810   -             67 73111at7898          -            302   0.00054   17.4   0.2   1   1   3.6e-06   0.00057   17.4   0.2   218   272    10    64     2    66 0.92 -
NODE_133754_length_2783_cov_29.979136:1220-1447  -             76 73111at7898          -            302   0.00071   17.1   0.5   1   1     5e-06   0.00079   16.9   0.5   222   273     7    58     4    72 0.87 -
NODE_37198_length_7395_cov_35.564830:5420-5710   -             97 73111at7898          -            302   0.00081   16.9   0.1   1   1   5.9e-06   0.00093   16.7   0.1   227   278    17    68     8    85 0.83 -
NODE_35017_length_7627_cov_39.494288:6824-7093   -             90 73111at7898          -            302     0.001   16.5   0.1   1   1     7e-06    0.0011   16.4   0.1   205   272    19    87     4    89 0.79 -
NODE_93133_length_4012_cov_24.507539:3217-3471   -             85 73111at7898          -            302    0.0011   16.5   0.8   1   1   7.6e-06    0.0012   16.3   0.8   216   273    12    69     7    81 0.85 -
NODE_1364_length_21095_cov_44.932511:14331-20362 -            151 73111at7898          -            302    0.0016   15.9   9.7   1   1   3.9e-05    0.0062   14.0   9.6   228   298    55   125    12   129 0.85 -
NODE_59755_length_5609_cov_30.683303:3838-4257   -            140 73111at7898          -            302    0.0018   15.7   0.4   1   1   1.5e-05    0.0023   15.4   0.2   220   273    29    82    16   111 0.90 -
NODE_98725_length_3808_cov_14.544621:2261-2560   -            100 73111at7898          -            302    0.0028   15.1   0.3   1   1   1.9e-05     0.003   15.0   0.3   220   273     1    54     1    72 0.90 -
NODE_189589_length_1691_cov_25.854899:593-1600   -            225 73111at7898          -            302    0.0029   15.0   0.5   1   1   2.7e-05    0.0043   14.5   0.5   212   273    62   122    21   135 0.84 -
NODE_6422_length_14350_cov_40.480949:5826-6095   -             90 73111at7898          -            302    0.0032   14.9   0.0   1   1   2.1e-05    0.0034   14.8   0.0   226   273    17    64     5    81 0.89 -
NODE_246503_length_956_cov_18.556593:364-654     -             97 73111at7898          -            302    0.0037   14.7   0.4   1   1   2.5e-05     0.004   14.6   0.4   218   271    40    93    20    96 0.92 -
NODE_4907_length_15468_cov_45.354805:2884-6712   -            351 73111at7898          -            302    0.0044   14.4   2.4   1   2   2.8e-05    0.0044   14.4   2.4   135   172    93   131    69   144 0.68 -
NODE_4907_length_15468_cov_45.354805:2884-6712   -            351 73111at7898          -            302    0.0044   14.4   2.4   2   2       2.7   4.2e+02   -1.9   1.7   188   201   209   222   154   277 0.52 -
NODE_116107_length_3253_cov_14.961636:539-1234   -            232 73111at7898          -            302    0.0064   13.9   0.8   1   1     4e-05    0.0064   13.9   0.8   218   272    45    99    24   126 0.85 -
NODE_7296_length_13847_cov_26.546189:12412-12657 -             82 73111at7898          -            302    0.0074   13.7   0.4   1   1     5e-05    0.0079   13.6   0.4   220   274     1    55     1    72 0.86 -
NODE_118393_length_3188_cov_27.091615:292-2540   -            153 73111at7898          -            302     0.013   12.9   0.7   1   1    0.0001     0.016   12.6   0.7   201   276    38   113    15   126 0.77 -
NODE_49212_length_6328_cov_37.360090:2304-2582   -             93 73111at7898          -            302     0.015   12.7   0.6   1   1   0.00011     0.018   12.4   0.6   191   272     7    84     2    88 0.78 -
NODE_149906_length_2408_cov_31.845388:1369-1875  -            169 73111at7898          -            302     0.016   12.6   0.5   1   1   0.00013     0.021   12.2   0.5   212   281    95   163    66   168 0.82 -
NODE_14911_length_11014_cov_35.519194:1269-8632  -            447 73111at7898          -            302     0.016   12.6   1.5   1   1   0.00015     0.025   12.0   1.5   135   165    24    53    10   134 0.68 -
NODE_177396_length_1890_cov_22.346175:615-1013   -            133 73111at7898          -            302     0.017   12.5   3.5   1   1    0.0001     0.017   12.6   3.0   214   273    44   102    11   117 0.83 -
NODE_180299_length_1842_cov_16.440620:0-962      -            321 73111at7898          -            302      0.24    8.7   8.4   1   2       3.1   4.9e+02   -2.1   3.4   154   173     1    20     1    35 0.65 -
NODE_180299_length_1842_cov_16.440620:0-962      -            321 73111at7898          -            302      0.24    8.7   8.4   2   2   5.4e-05    0.0086   13.5   1.1   216   272    33    89    11   116 0.80 -
NODE_18074_length_10258_cov_31.593759:957-2986   -            379 73111at7898          -            302       0.5    7.7   6.7   1   1    0.0064         1    6.7   6.7   129   166   164   201   140   208 0.76 -
NODE_98851_length_3804_cov_23.861808:1490-2539   -            350 73111at7898          -            302       1.8    5.9  10.3   1   2       3.8     6e+02   -2.4   4.9   148   172    57    81    49    94 0.66 -
NODE_98851_length_3804_cov_23.861808:1490-2539   -            350 73111at7898          -            302       1.8    5.9  10.3   2   2   0.00019      0.03   11.7   0.5   217   272    96   151    73   159 0.80 -
NODE_19490_length_9951_cov_31.413317:3061-4972   -            303 73111at7898          -            302       2.4    5.5   9.3   1   2   0.00052     0.082   10.3   0.2   206   271     8    76     4    96 0.81 -
NODE_19490_length_9951_cov_31.413317:3061-4972   -            303 73111at7898          -            302       2.4    5.5   9.3   2   2       2.6   4.1e+02   -1.9   3.9   181   219   220   258   215   272 0.57 -
#
# Program:         hmmsearch
# Version:         3.1b2 (February 2015)
# Pipeline mode:   SEARCH
# Query file:      /home/e1garcia/shotgun_PIRE/abyss/busco_downloads/lineages/actinopterygii_odb10/hmms/73111at7898.hmm
# Target file:     /home/e1garcia/shotgun_PIRE/pire_ssl_data_processing/plotosus_lineatus/busco_scaffolds_results-SPAdes_decontam_R1R2_noIsolate/run_actinopterygii_odb10/metaeuk_output/initial_results/scaffolds.modified.fasta.modified.fas
# Option settings: hmmsearch --domtblout /home/e1garcia/shotgun_PIRE/pire_ssl_data_processing/plotosus_lineatus/busco_scaffolds_results-SPAdes_decontam_R1R2_noIsolate/run_actinopterygii_odb10/hmmer_output/initial_run_results/73111at7898.out --cpu 1 /home/e1garcia/shotgun_PIRE/abyss/busco_downloads/lineages/actinopterygii_odb10/hmms/73111at7898.hmm /home/e1garcia/shotgun_PIRE/pire_ssl_data_processing/plotosus_lineatus/busco_scaffolds_results-SPAdes_decontam_R1R2_noIsolate/run_actinopterygii_odb10/metaeuk_output/initial_results/scaffolds.modified.fasta.modified.fas 
# Current dir:     /home/e1garcia/shotgun_PIRE/pire_ssl_data_processing/plotosus_lineatus
# Date:            Fri Aug 20 13:32:46 2021
# [ok]
