#                                                                                                        --- full sequence --- -------------- this domain -------------   hmm coord   ali coord   env coord
# target name                                    accession   tlen query name           accession   qlen   E-value  score  bias   #  of  c-Evalue  i-Evalue  score  bias  from    to  from    to  from    to  acc description of target
#                            ------------------- ---------- ----- -------------------- ---------- ----- --------- ------ ----- --- --- --------- --------- ------ ----- ----- ----- ----- ----- ----- ----- ---- ---------------------
NODE_8073_length_13452_cov_32.816371:5863-7774   -            327 81379at7898          -            261  2.4e-147  487.6  19.5   1   2   2.3e-87   1.7e-85  284.9   5.3     1   178     6   202     6   207 0.91 -
NODE_8073_length_13452_cov_32.816371:5863-7774   -            327 81379at7898          -            261  2.4e-147  487.6  19.5   2   2   4.9e-64   3.4e-62  208.5   6.6   157   261   217   327   201   327 0.92 -
NODE_56518_length_5814_cov_28.276115:3472-5207   -            290 81379at7898          -            261   1.1e-81  272.5  16.0   1   1   1.5e-82     1e-80  269.2  16.0     2   260     3   289     2   290 0.78 -
NODE_99447_length_3783_cov_40.789631:1047-2730   -            253 81379at7898          -            261   1.8e-40  137.3   2.2   1   1     4e-42   2.8e-40  136.7   2.2   158   248   158   253   134   253 0.83 -
NODE_8073_length_13452_cov_32.816371:10079-11214 -            268 81379at7898          -            261   2.6e-40  136.8   3.1   1   1   7.1e-42     5e-40  135.9   3.1   176   249   189   262   145   266 0.78 -
NODE_33532_length_7800_cov_37.831970:264-458     -             65 81379at7898          -            261   7.1e-35  119.0   6.5   1   1   1.1e-36   7.5e-35  118.9   6.5   186   248     1    63     1    65 0.97 -
NODE_17048_length_10487_cov_36.307181:433-657    -             75 81379at7898          -            261   2.3e-25   87.8   2.7   1   1   3.3e-27   2.4e-25   87.8   2.7   189   248     2    61     1    73 0.92 -
NODE_64965_length_5300_cov_34.716593:2900-3091   -             64 81379at7898          -            261   7.4e-25   86.1   4.6   1   1   1.2e-26   8.4e-25   86.0   4.6   192   249     2    59     1    62 0.94 -
NODE_49334_length_6318_cov_29.462293:585-806     -             74 81379at7898          -            261   3.5e-24   83.9   5.7   1   1   5.4e-26   3.8e-24   83.8   5.7   191   247     1    57     1    66 0.93 -
NODE_165452_length_2103_cov_35.460080:1589-1783  -             65 81379at7898          -            261   6.7e-24   83.0   5.2   1   1     1e-25   7.4e-24   82.9   5.2   191   247     1    57     1    62 0.95 -
NODE_120816_length_3119_cov_26.414238:2559-2810  -             84 81379at7898          -            261   2.1e-23   81.4   3.6   1   1   3.2e-25   2.2e-23   81.3   3.6   188   245     2    59     1    72 0.93 -
NODE_147862_length_2451_cov_23.971514:309-554    -             82 81379at7898          -            261   5.9e-22   76.6   3.8   1   1   9.1e-24   6.4e-22   76.5   3.8   187   247    16    76     7    81 0.91 -
NODE_35064_length_7623_cov_24.168129:1273-3159   -            416 81379at7898          -            261   5.9e-22   76.6   1.6   1   1   1.5e-23     1e-21   75.8   1.6   154   245   146   237   122   243 0.71 -
NODE_133869_length_2780_cov_33.606490:1129-2580  -            394 81379at7898          -            261   1.3e-21   75.5   1.2   1   1   3.1e-23   2.2e-21   74.7   1.2   187   248   159   220   103   226 0.83 -
NODE_192774_length_1644_cov_10.198058:1161-1418  -             86 81379at7898          -            261   2.8e-20   71.1   0.8   1   1   4.4e-22   3.1e-20   71.0   0.8   189   246     2    59     1    69 0.93 -
NODE_5411_length_15066_cov_27.819069:5097-6150   -            322 81379at7898          -            261   5.5e-20   70.2   1.7   1   1   1.7e-21   1.2e-19   69.1   1.7   191   249   223   281   217   288 0.94 -
NODE_92734_length_4028_cov_25.772970:168-377     -             70 81379at7898          -            261   9.7e-20   69.4   3.2   1   1   1.6e-21   1.1e-19   69.1   3.2   191   248     7    64     3    67 0.95 -
NODE_159162_length_2221_cov_38.632422:765-1739   -            281 81379at7898          -            261   1.6e-18   65.4   9.8   1   1   5.6e-20     4e-18   64.1   9.8   190   250   205   265    15   273 0.94 -
NODE_188413_length_1709_cov_23.874534:256-624    -            123 81379at7898          -            261   1.5e-16   58.9   2.3   1   1   2.7e-18   1.9e-16   58.6   2.3   185   247    13    75     7    85 0.93 -
NODE_96164_length_3901_cov_26.366386:171-422     -             84 81379at7898          -            261   2.2e-16   58.4   3.2   1   1   3.5e-18   2.5e-16   58.2   3.2   191   250     1    60     1    66 0.94 -
NODE_322009_length_474_cov_3.594667:27-230       -             68 81379at7898          -            261   6.1e-16   56.9   1.7   1   1   9.1e-18   6.5e-16   56.8   1.7   187   247     3    63     1    67 0.94 -
NODE_248432_length_936_cov_19.915173:259-741     -            161 81379at7898          -            261   7.9e-16   56.5   0.6   1   1   1.6e-17   1.1e-15   56.1   0.6   183   245    13    75     7    86 0.93 -
NODE_224382_length_1209_cov_13.023423:362-823    -            154 81379at7898          -            261   1.2e-15   55.9   0.8   1   1   2.2e-17   1.6e-15   55.5   0.8   184   245    15    76     4    86 0.93 -
NODE_250185_length_919_cov_16.751220:221-448     -             76 81379at7898          -            261   1.3e-15   55.8   2.0   1   1     2e-17   1.4e-15   55.7   2.0   187   248     3    64     1    70 0.94 -
NODE_19374_length_9975_cov_23.546274:290-763     -            158 81379at7898          -            261   3.1e-15   54.6   2.4   1   1   5.7e-17   4.1e-15   54.2   2.4   184   247    48   111    37   120 0.91 -
NODE_105919_length_3569_cov_24.407781:2158-2631  -            158 81379at7898          -            261   1.9e-14   52.0   1.2   1   1   3.9e-16   2.8e-14   51.5   1.2   185   246    14    75     9    84 0.93 -
NODE_1612_length_20437_cov_34.356967:4469-5306   -            235 81379at7898          -            261   5.2e-14   50.6   0.1   1   1   9.7e-16   6.9e-14   50.2   0.1   186   246    31    91     3   100 0.90 -
NODE_192136_length_1653_cov_14.193694:175-543    -            123 81379at7898          -            261   8.6e-14   49.9   1.1   1   1   1.4e-15     1e-13   49.6   1.1   184   255    10    81     2    87 0.87 -
NODE_127019_length_2953_cov_32.189559:692-1207   -            172 81379at7898          -            261   1.1e-13   49.5   0.1   1   1   1.8e-15   1.3e-13   49.3   0.1     3   144     7   169     5   172 0.75 -
NODE_153058_length_2345_cov_19.714159:1132-1632  -            167 81379at7898          -            261   1.2e-13   49.4   0.4   1   1   2.8e-15     2e-13   48.7   0.4   173   253     6    86     3    90 0.95 -
NODE_33611_length_7791_cov_24.434607:5299-5487   -             63 81379at7898          -            261   4.8e-13   47.4   1.0   1   1     7e-15     5e-13   47.4   1.0   188   246     5    63     1    63 0.95 -
NODE_103146_length_3660_cov_22.862398:568-1946   -            273 81379at7898          -            261   7.4e-13   46.8   0.6   1   2     1e-14   7.4e-13   46.8   0.6   163   250    96   184    85   189 0.87 -
NODE_103146_length_3660_cov_22.862398:568-1946   -            273 81379at7898          -            261   7.4e-13   46.8   0.6   2   2       8.6   6.1e+02   -2.1   0.1   116   166   220   268   213   271 0.71 -
NODE_179447_length_1856_cov_12.511098:825-1340   -            172 81379at7898          -            261     1e-12   46.4   0.6   1   1     2e-14   1.4e-12   45.9   0.6   181   245    13    78     3    85 0.84 -
NODE_94472_length_3961_cov_22.790782:752-1015    -             88 81379at7898          -            261   1.2e-12   46.1   0.2   1   1   1.9e-14   1.4e-12   45.9   0.2   188   246     5    63     1    69 0.95 -
NODE_115188_length_3280_cov_28.245835:2491-2943  -            151 81379at7898          -            261   1.3e-12   46.0   0.3   1   1   2.1e-14   1.5e-12   45.8   0.3   185   247    34    96     6   103 0.88 -
NODE_136009_length_2727_cov_24.000761:2422-2616  -             65 81379at7898          -            261   1.3e-12   46.0   0.6   1   1   1.8e-14   1.3e-12   46.0   0.6   185   245     4    64     1    65 0.94 -
NODE_193312_length_1636_cov_25.068315:217-441    -             75 81379at7898          -            261   1.4e-12   45.9   1.0   1   1   2.1e-14   1.5e-12   45.8   1.0   188   246     2    60     1    72 0.92 -
NODE_149939_length_2408_cov_20.314422:674-2198   -            228 81379at7898          -            261   2.9e-12   44.8   1.8   1   1   5.8e-14   4.1e-12   44.4   1.8   188   249   106   167    98   175 0.92 -
NODE_81660_length_4475_cov_19.079753:2701-2892   -             64 81379at7898          -            261   3.1e-12   44.8   2.6   1   1   4.5e-14   3.2e-12   44.7   2.6   187   244     4    61     1    64 0.94 -
NODE_139191_length_2650_cov_30.127793:861-1403   -            181 81379at7898          -            261   3.6e-12   44.6   2.0   1   2   1.5e-13   1.1e-11   43.0   1.1   185   250    15    79     6    86 0.90 -
NODE_139191_length_2650_cov_30.127793:861-1403   -            181 81379at7898          -            261   3.6e-12   44.6   2.0   2   2       1.8   1.3e+02    0.1   0.0    54    92   113   151   104   162 0.85 -
NODE_127398_length_2944_cov_21.283656:2257-2712  -            152 81379at7898          -            261   7.2e-12   43.6   0.3   1   1   1.3e-13   9.1e-12   43.2   0.3   188   245    24    83     5    97 0.84 -
NODE_242963_length_994_cov_11.665922:346-537     -             64 81379at7898          -            261   2.5e-11   41.8   1.2   1   1   3.6e-13   2.5e-11   41.8   1.2   188   244     3    59     1    64 0.94 -
NODE_34662_length_7665_cov_99.941581:4945-5550   -            202 81379at7898          -            261   6.8e-11   40.4   2.6   1   1   1.4e-12   9.9e-11   39.8   2.6   185   248    21    84     4    92 0.86 -
NODE_252065_length_901_cov_17.105985:85-660      -            192 81379at7898          -            261   7.6e-11   40.2   3.2   1   1   1.7e-12   1.2e-10   39.6   3.2   186   248     4    66     2    74 0.91 -
NODE_171279_length_1998_cov_7.720906:956-1153    -             66 81379at7898          -            261   1.4e-10   39.3   0.9   1   1     2e-12   1.4e-10   39.3   0.9   187   244     4    61     1    66 0.93 -
NODE_30980_length_8096_cov_19.999750:6734-7390   -            219 81379at7898          -            261   1.5e-10   39.3   0.3   1   1   2.9e-12   2.1e-10   38.8   0.3   186   244   107   165    68   171 0.85 -
NODE_49205_length_6329_cov_27.692937:2302-3848   -            245 81379at7898          -            261   2.5e-10   38.5   0.4   1   1   3.6e-12   2.5e-10   38.5   0.4   185   247   121   183   103   187 0.90 -
NODE_37145_length_7400_cov_205.541844:114-530    -            139 81379at7898          -            261   3.6e-10   38.0   0.5   1   1   5.8e-12   4.1e-10   37.8   0.5   167   244    43   120    10   127 0.78 -
NODE_211392_length_1377_cov_17.697183:902-1066   -             55 81379at7898          -            261   2.3e-09   35.4   1.1   1   1   3.4e-11   2.4e-09   35.3   1.1   189   241     3    55     1    55 0.95 -
NODE_149835_length_2410_cov_10.089139:1787-2182  -            132 81379at7898          -            261     3e-09   35.0   2.4   1   1   4.6e-11   3.3e-09   34.8   2.1   188   244    17    73     5    89 0.91 -
NODE_38378_length_7280_cov_20.972427:185-733     -            183 81379at7898          -            261     4e-09   34.6   1.1   1   1   7.2e-11   5.1e-09   34.2   0.8   193   248     3    58     1    67 0.91 -
NODE_33770_length_7772_cov_33.683435:5950-6543   -            198 81379at7898          -            261   1.4e-08   32.8   0.1   1   2   0.00068     0.048   11.4   0.0   185   236    16    67     8    74 0.91 -
NODE_33770_length_7772_cov_33.683435:5950-6543   -            198 81379at7898          -            261   1.4e-08   32.8   0.1   2   2   2.2e-06   0.00016   19.5   0.0   229   250    90   111    77   115 0.87 -
NODE_17723_length_10335_cov_46.228703:5587-6085  -             93 81379at7898          -            261   1.9e-08   32.3   2.0   1   1   3.1e-10   2.2e-08   32.1   2.0   164   247     9    93     3    93 0.90 -
NODE_9896_length_12618_cov_30.803579:517-1572    -            208 81379at7898          -            261   3.5e-08   31.5   0.3   1   1   7.1e-10     5e-08   31.0   0.3   186   248    20    82    12    89 0.92 -
NODE_3427_length_17044_cov_36.639304:11755-12982 -            202 81379at7898          -            261   4.8e-08   31.0   1.4   1   1   9.7e-10   6.8e-08   30.5   1.4   185   245     7    67     5    73 0.93 -
NODE_7433_length_13772_cov_33.662693:7923-8694   -            199 81379at7898          -            261   5.9e-08   30.7   2.2   1   1   1.2e-09   8.3e-08   30.3   2.2   185   246     7    68     4    77 0.92 -
NODE_52714_length_6077_cov_30.411174:49-1295     -            213 81379at7898          -            261   7.3e-08   30.4   1.6   1   1     1e-09   7.3e-08   30.4   1.6   186   249    17    80     9    90 0.92 -
NODE_83600_length_4391_cov_34.895853:532-1453    -            157 81379at7898          -            261   5.6e-07   27.5   1.0   1   1   8.4e-09     6e-07   27.4   1.0   186   248    57   119    10   129 0.90 -
NODE_51132_length_6186_cov_29.089042:65-1323     -            220 81379at7898          -            261   1.6e-06   26.0   0.6   1   1   3.8e-08   2.7e-06   25.3   0.6   162   233   149   220    85   220 0.77 -
NODE_112852_length_3349_cov_32.057538:698-841    -             48 81379at7898          -            261   5.1e-06   24.4   0.2   1   1   7.2e-08   5.1e-06   24.4   0.2   198   241     5    48     1    48 0.92 -
NODE_2506_length_18386_cov_23.083994:4697-14008  -             80 81379at7898          -            261   1.3e-05   23.1   1.6   1   1   2.1e-07   1.5e-05   22.9   1.6   186   251    10    75     5    79 0.92 -
NODE_67213_length_5176_cov_35.789246:189-2250    -            212 81379at7898          -            261   2.1e-05   22.4   0.3   1   1   4.3e-07     3e-05   21.8   0.3   186   247    26    87     8    97 0.88 -
NODE_116744_length_3233_cov_44.070198:2182-3194  -            142 81379at7898          -            261   2.3e-05   22.2   1.4   1   1     4e-07   2.9e-05   21.9   1.4   183   246     5    68     1    73 0.91 -
NODE_35340_length_7593_cov_40.067120:1084-7484   -            270 81379at7898          -            261   0.00013   19.8   0.7   1   1   2.5e-06   0.00018   19.3   0.7   187   244   146   206   110   223 0.84 -
NODE_57379_length_5758_cov_25.575720:783-2793    -            251 81379at7898          -            261   0.00027   18.7   1.4   1   1   6.8e-06   0.00048   17.9   1.3   187   244   151   211   117   221 0.84 -
NODE_113159_length_3340_cov_22.087319:1058-1534  -            159 81379at7898          -            261   0.00031   18.5   0.1   1   1   4.9e-06   0.00035   18.4   0.1   127   245    39   159    19   159 0.80 -
NODE_77889_length_4642_cov_62.220339:1253-2679   -            259 81379at7898          -            261   0.00062   17.5   2.8   1   2   1.3e-05   0.00092   17.0   0.4   187   243    26    82    11    87 0.85 -
NODE_77889_length_4642_cov_62.220339:1253-2679   -            259 81379at7898          -            261   0.00062   17.5   2.8   2   2       1.3        96    0.6   0.1    74   123   141   191   117   207 0.70 -
NODE_968_length_22571_cov_39.242302:11728-12204  -            159 81379at7898          -            261    0.0013   16.5   0.1   1   1   2.9e-05    0.0021   15.8   0.1   189   245     2    58     1    64 0.89 -
NODE_50425_length_6239_cov_31.997068:1334-1933   -            200 81379at7898          -            261    0.0026   15.5   0.2   1   1   4.6e-05    0.0032   15.2   0.2   187   243   144   200   111   200 0.87 -
NODE_217300_length_1299_cov_29.587500:207-704    -            166 81379at7898          -            261    0.0035   15.1   0.2   1   1   6.5e-05    0.0046   14.7   0.2   230   246     2    18     1    32 0.84 -
NODE_74602_length_4800_cov_23.926611:535-1536    -            334 81379at7898          -            261    0.0036   15.0   0.1   1   1     8e-05    0.0057   14.4   0.1   187   246   259   318   224   324 0.85 -
NODE_186944_length_1732_cov_12.025720:556-1008   -            151 81379at7898          -            261    0.0038   15.0   0.3   1   1     6e-05    0.0042   14.8   0.3   127   245    33   151    13   151 0.81 -
NODE_14235_length_11201_cov_23.095658:521-1015   -            165 81379at7898          -            261    0.0049   14.6   0.1   1   1   9.3e-05    0.0066   14.2   0.1   230   246     1    17     1    31 0.81 -
NODE_151477_length_2376_cov_26.671937:86-1214    -            197 81379at7898          -            261    0.0075   14.0   0.0   1   1   0.00014    0.0098   13.6   0.0   166   233   127   197   121   197 0.81 -
NODE_199006_length_1552_cov_23.943565:108-883    -            171 81379at7898          -            261     0.011   13.4   0.1   1   1   0.00019     0.014   13.1   0.1   121   232    51   171    34   171 0.71 -
NODE_43000_length_6840_cov_12.177125:3660-4151   -            164 81379at7898          -            261     0.011   13.4   0.3   1   1   0.00019     0.013   13.2   0.3   129   245    48   164    27   164 0.72 -
NODE_272493_length_715_cov_14.774351:205-669     -            155 81379at7898          -            261     0.013   13.2   0.2   1   1   0.00021     0.015   13.0   0.2   127   244    37   154    18   155 0.74 -
NODE_32523_length_7913_cov_22.422831:3390-4031   -            214 81379at7898          -            261     0.018   12.7   0.1   1   1   0.00035     0.025   12.3   0.1   196   250   136   191   124   195 0.78 -
NODE_160114_length_2204_cov_19.656057:1581-2153  -            191 81379at7898          -            261     0.024   12.4   0.1   1   1   0.00042      0.03   12.0   0.1   196   249   136   190   123   191 0.76 -
NODE_286538_length_616_cov_4.547389:32-610       -            193 81379at7898          -            261     0.028   12.1   0.0   1   1   0.00059     0.042   11.6   0.0   189   246   115   172   103   180 0.74 -
NODE_114614_length_3297_cov_20.268605:630-1202   -            191 81379at7898          -            261     0.034   11.8   0.0   1   1   0.00062     0.044   11.5   0.0   196   249   136   190   124   191 0.75 -
NODE_5260_length_15162_cov_46.094802:5669-5830   -             54 81379at7898          -            261     0.042   11.5   0.0   1   1    0.0006     0.042   11.5   0.0   219   240    32    53    11    54 0.90 -
NODE_131367_length_2842_cov_18.440758:1463-1972  -            170 81379at7898          -            261     0.073   10.8   0.5   1   1    0.0015      0.11   10.2   0.5   231   249     1    19     1    28 0.84 -
NODE_140071_length_2630_cov_20.012643:696-1698   -            231 81379at7898          -            261         3    5.5   6.8   1   1    0.0064      0.45    8.2   3.1   186   244    43   101    28   108 0.90 -
#
# Program:         hmmsearch
# Version:         3.1b2 (February 2015)
# Pipeline mode:   SEARCH
# Query file:      /home/e1garcia/shotgun_PIRE/abyss/busco_downloads/lineages/actinopterygii_odb10/hmms/81379at7898.hmm
# Target file:     /home/e1garcia/shotgun_PIRE/pire_ssl_data_processing/plotosus_lineatus/busco_scaffolds_results-SPAdes_decontam_R1R2_noIsolate/run_actinopterygii_odb10/metaeuk_output/initial_results/scaffolds.modified.fasta.modified.fas
# Option settings: hmmsearch --domtblout /home/e1garcia/shotgun_PIRE/pire_ssl_data_processing/plotosus_lineatus/busco_scaffolds_results-SPAdes_decontam_R1R2_noIsolate/run_actinopterygii_odb10/hmmer_output/initial_run_results/81379at7898.out --cpu 1 /home/e1garcia/shotgun_PIRE/abyss/busco_downloads/lineages/actinopterygii_odb10/hmms/81379at7898.hmm /home/e1garcia/shotgun_PIRE/pire_ssl_data_processing/plotosus_lineatus/busco_scaffolds_results-SPAdes_decontam_R1R2_noIsolate/run_actinopterygii_odb10/metaeuk_output/initial_results/scaffolds.modified.fasta.modified.fas 
# Current dir:     /home/e1garcia/shotgun_PIRE/pire_ssl_data_processing/plotosus_lineatus
# Date:            Fri Aug 20 13:31:00 2021
# [ok]
