#                                                                                                        --- full sequence --- -------------- this domain -------------   hmm coord   ali coord   env coord
# target name                                    accession   tlen query name           accession   qlen   E-value  score  bias   #  of  c-Evalue  i-Evalue  score  bias  from    to  from    to  from    to  acc description of target
#                            ------------------- ---------- ----- -------------------- ---------- ----- --------- ------ ----- --- --- --------- --------- ------ ----- ----- ----- ----- ----- ----- ----- ---- ---------------------
NODE_6602_length_14241_cov_31.071631:3042-9063   -            290 92234at7898          -            228     3e-82  273.9   1.2   1   2     2e-12   3.5e-10   38.2   0.0    11    51     2    42     1    47 0.95 -
NODE_6602_length_14241_cov_31.071631:3042-9063   -            290 92234at7898          -            228     3e-82  273.9   1.2   2   2   2.4e-71   4.1e-69  231.0   0.6    35   228    73   290    65   290 0.85 -
NODE_179_length_31613_cov_37.840928:28136-29329  -            398 92234at7898          -            228   5.9e-15   53.8   0.1   1   6      0.02       3.4    5.5   0.0   117   141     3    27     1    39 0.87 -
NODE_179_length_31613_cov_37.840928:28136-29329  -            398 92234at7898          -            228   5.9e-15   53.8   0.1   2   6      0.71   1.2e+02    0.4   0.0    77   102    47    72    34    98 0.73 -
NODE_179_length_31613_cov_37.840928:28136-29329  -            398 92234at7898          -            228   5.9e-15   53.8   0.1   3   6    0.0031      0.54    8.1   0.0   115   141   104   130    95   152 0.77 -
NODE_179_length_31613_cov_37.840928:28136-29329  -            398 92234at7898          -            228   5.9e-15   53.8   0.1   4   6   9.5e-10   1.7e-07   29.4   0.1    45   151   111   233   111   262 0.74 -
NODE_179_length_31613_cov_37.840928:28136-29329  -            398 92234at7898          -            228   5.9e-15   53.8   0.1   5   6     0.008       1.4    6.8   0.0   115   137   297   319   290   341 0.87 -
NODE_179_length_31613_cov_37.840928:28136-29329  -            398 92234at7898          -            228   5.9e-15   53.8   0.1   6   6       1.8   3.1e+02   -0.9   0.0    85   101   354   370   320   389 0.74 -
NODE_353_length_27691_cov_39.389062:635-15060    -            901 92234at7898          -            228   2.7e-11   41.8   0.0   1   3      0.26        44    1.9   0.1    73   109   301   340   296   359 0.70 -
NODE_353_length_27691_cov_39.389062:635-15060    -            901 92234at7898          -            228   2.7e-11   41.8   0.0   2   3   1.6e-09   2.7e-07   28.7   0.0    41   158   370   501   356   506 0.73 -
NODE_353_length_27691_cov_39.389062:635-15060    -            901 92234at7898          -            228   2.7e-11   41.8   0.0   3   3    0.0054      0.93    7.4   0.0    79   140   507   577   489   608 0.69 -
NODE_51316_length_6173_cov_45.924432:2255-2956   -            234 92234at7898          -            228   2.6e-09   35.3   0.1   1   4    0.0072       1.2    6.9   0.0   116   137    12    33     7    52 0.83 -
NODE_51316_length_6173_cov_45.924432:2255-2956   -            234 92234at7898          -            228   2.6e-09   35.3   0.1   2   4      0.12        20    3.0   0.0    80   101    60    81    37    99 0.77 -
NODE_51316_length_6173_cov_45.924432:2255-2956   -            234 92234at7898          -            228   2.6e-09   35.3   0.1   3   4      0.03       5.2    4.9   0.0   117   137   117   137   111   142 0.86 -
NODE_51316_length_6173_cov_45.924432:2255-2956   -            234 92234at7898          -            228   2.6e-09   35.3   0.1   4   4   1.4e-06   0.00024   19.1   0.0    49   137   126   231   123   233 0.78 -
NODE_12278_length_11778_cov_29.828239:4565-5233  -            223 92234at7898          -            228   7.5e-09   33.8   0.2   1   4     0.021       3.7    5.4   0.0   117   137     1    21     1    36 0.86 -
NODE_12278_length_11778_cov_29.828239:4565-5233  -            223 92234at7898          -            228   7.5e-09   33.8   0.2   2   4      0.18        31    2.4   0.0    71   102    36    70    21    95 0.71 -
NODE_12278_length_11778_cov_29.828239:4565-5233  -            223 92234at7898          -            228   7.5e-09   33.8   0.2   3   4    0.0051      0.88    7.4   0.0   114   137   101   124    77   142 0.84 -
NODE_12278_length_11778_cov_29.828239:4565-5233  -            223 92234at7898          -            228   7.5e-09   33.8   0.2   4   4   5.5e-05    0.0095   13.9   0.0    80   137   151   220   127   222 0.69 -
NODE_20046_length_9836_cov_29.589607:7202-7723   -            174 92234at7898          -            228   2.6e-08   32.1   0.0   1   2    0.0035      0.61    7.9   0.0   117   138    43    64    33    86 0.86 -
NODE_20046_length_9836_cov_29.589607:7202-7723   -            174 92234at7898          -            228   2.6e-08   32.1   0.0   2   2   2.1e-07   3.7e-05   21.8   0.0    81   137    96   163    82   169 0.79 -
NODE_22908_length_9301_cov_41.241687:7268-8377   -            370 92234at7898          -            228   3.7e-08   31.6   0.0   1   5    0.0044      0.77    7.6   0.0   117   154     3    37     1    47 0.76 -
NODE_22908_length_9301_cov_41.241687:7268-8377   -            370 92234at7898          -            228   3.7e-08   31.6   0.0   2   5   0.00024     0.041   11.8   0.0    82   137    52   117    43   127 0.82 -
NODE_22908_length_9301_cov_41.241687:7268-8377   -            370 92234at7898          -            228   3.7e-08   31.6   0.0   3   5      0.14        24    2.7   0.0   116   138   196   218   190   234 0.86 -
NODE_22908_length_9301_cov_41.241687:7268-8377   -            370 92234at7898          -            228   3.7e-08   31.6   0.0   4   5         1   1.8e+02   -0.1   0.0    80   101   246   267   239   280 0.82 -
NODE_22908_length_9301_cov_41.241687:7268-8377   -            370 92234at7898          -            228   3.7e-08   31.6   0.0   5   5      0.36        63    1.4   0.0   121   137   300   316   285   329 0.81 -
NODE_22908_length_9301_cov_41.241687:5653-6315   -            221 92234at7898          -            228   4.4e-08   31.3   0.2   1   3     0.055       9.6    4.0   0.0   117   137     4    24     1    39 0.82 -
NODE_22908_length_9301_cov_41.241687:5653-6315   -            221 92234at7898          -            228   4.4e-08   31.3   0.2   2   3   8.6e-06    0.0015   16.5   0.1    51   139    15   123     9   157 0.66 -
NODE_22908_length_9301_cov_41.241687:5653-6315   -            221 92234at7898          -            228   4.4e-08   31.3   0.2   3   3    0.0026      0.45    8.4   0.0   110   137   190   217   139   221 0.74 -
NODE_10451_length_12410_cov_34.656486:8810-9454  -            215 92234at7898          -            228   8.3e-08   30.4   0.0   1   3      0.07        12    3.7   0.0   121   136     2    17     1    21 0.88 -
NODE_10451_length_12410_cov_34.656486:8810-9454  -            215 92234at7898          -            228   8.3e-08   30.4   0.0   2   3    0.0055      0.95    7.3   0.0   111   137    89   115    28   131 0.67 -
NODE_10451_length_12410_cov_34.656486:8810-9454  -            215 92234at7898          -            228   8.3e-08   30.4   0.0   3   3   1.3e-06   0.00022   19.2   0.0    47   136   102   211    73   214 0.70 -
NODE_25338_length_8897_cov_25.156172:4753-7419   -            197 92234at7898          -            228   1.2e-07   29.9   0.2   1   2      0.13        23    2.8   0.0    14    48     9    44     1    78 0.75 -
NODE_25338_length_8897_cov_25.156172:4753-7419   -            197 92234at7898          -            228   1.2e-07   29.9   0.2   2   2   1.5e-08   2.6e-06   25.5   0.0   117   196    89   171    82   184 0.69 -
NODE_10542_length_12376_cov_24.883603:6146-7222  -            359 92234at7898          -            228   6.1e-06   24.3   0.4   1   3     0.002      0.35    8.7   0.0    81   138    33   101    27   114 0.68 -
NODE_10542_length_12376_cov_24.883603:6146-7222  -            359 92234at7898          -            228   6.1e-06   24.3   0.4   2   3    0.0076       1.3    6.8   0.0   117   143   188   214   131   219 0.82 -
NODE_10542_length_12376_cov_24.883603:6146-7222  -            359 92234at7898          -            228   6.1e-06   24.3   0.4   3   3     0.065        11    3.8   0.1   117   143   320   346   263   352 0.78 -
NODE_62468_length_5447_cov_30.548990:785-4848    -            365 92234at7898          -            228   1.8e-05   22.8   0.1   1   2     0.038       6.6    4.6   0.0    79   135    75   138    68   158 0.75 -
NODE_62468_length_5447_cov_30.548990:785-4848    -            365 92234at7898          -            228   1.8e-05   22.8   0.1   2   2   1.5e-05    0.0027   15.7   0.0   111   137   324   350   308   364 0.77 -
NODE_79291_length_4579_cov_29.039509:2060-3352   -            431 92234at7898          -            228   1.9e-05   22.7   0.1   1   1     3e-07   5.2e-05   21.3   0.1    75   194   245   378   234   398 0.73 -
NODE_51316_length_6173_cov_45.924432:437-1240    -            268 92234at7898          -            228   1.9e-05   22.7   0.0   1   3     0.021       3.6    5.4   0.0   117   137     1    21     1    38 0.83 -
NODE_51316_length_6173_cov_45.924432:437-1240    -            268 92234at7898          -            228   1.9e-05   22.7   0.0   2   3    0.0023       0.4    8.5   0.0   102   139    87   124    26   139 0.86 -
NODE_51316_length_6173_cov_45.924432:437-1240    -            268 92234at7898          -            228   1.9e-05   22.7   0.0   3   3      0.16        28    2.5   0.0    76   102   145   171   126   241 0.63 -
NODE_22371_length_9397_cov_40.270703:7605-8291   -            229 92234at7898          -            228   2.7e-05   22.2   0.0   1   3     0.015       2.6    5.9   0.0   121   137     2    18     1    28 0.90 -
NODE_22371_length_9397_cov_40.270703:7605-8291   -            229 92234at7898          -            228   2.7e-05   22.2   0.0   2   3       3.5   6.1e+02   -1.9   0.0    80    96    45    61    42    71 0.64 -
NODE_22371_length_9397_cov_40.270703:7605-8291   -            229 92234at7898          -            228   2.7e-05   22.2   0.0   3   3   0.00047     0.082   10.8   0.0    49   137   104   212    90   219 0.64 -
NODE_6301_length_14433_cov_25.772220:3872-11901  -            638 92234at7898          -            228   9.7e-05   20.4   0.0   1   3   0.00029     0.049   11.5   0.1    68   136   232   303   225   318 0.75 -
NODE_6301_length_14433_cov_25.772220:3872-11901  -            638 92234at7898          -            228   9.7e-05   20.4   0.0   2   3     0.027       4.7    5.1   0.0    79   138   327   391   310   417 0.74 -
NODE_6301_length_14433_cov_25.772220:3872-11901  -            638 92234at7898          -            228   9.7e-05   20.4   0.0   3   3       2.1   3.6e+02   -1.1   0.0   137   202   487   548   449   563 0.69 -
NODE_51316_length_6173_cov_45.924432:3101-4138   -            346 92234at7898          -            228   0.00027   18.9   0.0   1   4       1.9   3.3e+02   -1.0   0.0   116   137    28    49    22    66 0.80 -
NODE_51316_length_6173_cov_45.924432:3101-4138   -            346 92234at7898          -            228   0.00027   18.9   0.0   2   4       1.2   2.1e+02   -0.4   0.0    83   103    81   101    57   147 0.69 -
NODE_51316_length_6173_cov_45.924432:3101-4138   -            346 92234at7898          -            228   0.00027   18.9   0.0   3   4    0.0018       0.3    8.9   0.0   106   137   210   241   134   256 0.76 -
NODE_51316_length_6173_cov_45.924432:3101-4138   -            346 92234at7898          -            228   0.00027   18.9   0.0   4   4      0.11        18    3.1   0.0   108   137   311   340   306   342 0.91 -
NODE_12278_length_11778_cov_29.828239:3380-4507  -            376 92234at7898          -            228   0.00049   18.1   0.1   1   4       2.5   4.4e+02   -1.4   0.0   117   137    58    78    51    95 0.72 -
NODE_12278_length_11778_cov_29.828239:3380-4507  -            376 92234at7898          -            228   0.00049   18.1   0.1   2   4      0.15        26    2.6   0.0    77   103   104   130    67   191 0.72 -
NODE_12278_length_11778_cov_29.828239:3380-4507  -            376 92234at7898          -            228   0.00049   18.1   0.1   3   4     0.086        15    3.4   0.1   110   137   244   271   164   287 0.66 -
NODE_12278_length_11778_cov_29.828239:3380-4507  -            376 92234at7898          -            228   0.00049   18.1   0.1   4   4     0.015       2.6    5.9   0.0   108   137   341   370   336   372 0.91 -
NODE_1773_length_19990_cov_42.323865:16780-18567 -            596 92234at7898          -            228   0.00058   17.8   0.0   1   1   8.3e-06    0.0014   16.5   0.0    76   137   402   475   397   490 0.79 -
NODE_89063_length_4165_cov_44.267831:931-3138    -            183 92234at7898          -            228   0.00096   17.1   0.2   1   2   9.4e-06    0.0016   16.4   0.0    80   136     1    53     1    65 0.89 -
NODE_89063_length_4165_cov_44.267831:931-3138    -            183 92234at7898          -            228   0.00096   17.1   0.2   2   2       7.5   1.3e+03   -2.9   0.1    78    98   122   142   104   148 0.57 -
NODE_53133_length_6047_cov_30.631137:1976-3451   -            492 92234at7898          -            228    0.0016   16.4   0.1   1   1     2e-05    0.0034   15.3   0.1    89   192   287   401   256   434 0.67 -
NODE_38301_length_7288_cov_25.503130:2552-3940   -            463 92234at7898          -            228    0.0017   16.3   0.0   1   1   1.7e-05    0.0029   15.5   0.0    77   163   292   384   281   388 0.71 -
NODE_54106_length_5980_cov_27.937426:2141-3364   -            408 92234at7898          -            228    0.0034   15.3   0.0   1   1   5.8e-05      0.01   13.8   0.0    80   137   328   395   318   407 0.73 -
NODE_10120_length_12532_cov_37.345049:9269-10666 -            466 92234at7898          -            228    0.0045   14.9   0.0   1   1   6.1e-05     0.011   13.7   0.0    78   162   296   386   284   391 0.70 -
NODE_77075_length_4680_cov_23.413665:1716-2057   -            114 92234at7898          -            228    0.0058   14.6   0.2   1   2   0.00028     0.048   11.5   0.1    76   112     8    45     3    91 0.75 -
NODE_77075_length_4680_cov_23.413665:1716-2057   -            114 92234at7898          -            228    0.0058   14.6   0.2   2   2      0.19        32    2.3   0.0   116   134    81    99    58   110 0.83 -
NODE_22908_length_9301_cov_41.241687:8144-8806   -            221 92234at7898          -            228    0.0064   14.4   0.0   1   3      0.26        46    1.8   0.0   124   137    11    24     4    37 0.81 -
NODE_22908_length_9301_cov_41.241687:8144-8806   -            221 92234at7898          -            228    0.0064   14.4   0.0   2   3     0.021       3.7    5.4   0.0    52   137    16   119    11   134 0.58 -
NODE_22908_length_9301_cov_41.241687:8144-8806   -            221 92234at7898          -            228    0.0064   14.4   0.0   3   3     0.041       7.1    4.5   0.0   107   137   188   218   185   220 0.88 -
NODE_22908_length_9301_cov_41.241687:979-1512    -            178 92234at7898          -            228    0.0064   14.4   0.0   1   2    0.0073       1.3    6.9   0.0   109   137    41    69    32    84 0.82 -
NODE_22908_length_9301_cov_41.241687:979-1512    -            178 92234at7898          -            228    0.0064   14.4   0.0   2   2     0.022       3.7    5.4   0.0   108   142   134   169    87   177 0.72 -
NODE_179_length_31613_cov_37.840928:27485-27997  -            171 92234at7898          -            228    0.0067   14.4   0.0   1   2    0.0043      0.75    7.7   0.0   114   149    46    82    42    93 0.74 -
NODE_179_length_31613_cov_37.840928:27485-27997  -            171 92234at7898          -            228    0.0067   14.4   0.0   2   2     0.026       4.5    5.1   0.0    79   118    95   135    72   169 0.71 -
NODE_9026_length_12988_cov_25.245403:5518-6741   -            408 92234at7898          -            228    0.0068   14.3   0.0   1   1   0.00011     0.019   12.9   0.0    79   136   327   394   318   400 0.74 -
NODE_7145_length_13935_cov_37.670931:6498-7496   -            282 92234at7898          -            228     0.014   13.3   0.0   1   2      0.11        18    3.1   0.0   117   139    95   117    55   129 0.79 -
NODE_7145_length_13935_cov_37.670931:6498-7496   -            282 92234at7898          -            228     0.014   13.3   0.0   2   2    0.0046      0.79    7.6   0.0   126   191   202   270   191   279 0.69 -
NODE_16904_length_10517_cov_29.787003:51-814     -            158 92234at7898          -            228     0.018   12.9   0.2   1   1   0.00027     0.047   11.6   0.2   118   196    61   132    12   154 0.66 -
NODE_123_length_34103_cov_50.625044:12119-15640  -           1174 92234at7898          -            228      0.02   12.8   0.0   1   2   0.00096      0.17    9.8   0.0   116   157    58    96    39   101 0.85 -
NODE_123_length_34103_cov_50.625044:12119-15640  -           1174 92234at7898          -            228      0.02   12.8   0.0   2   2       1.4   2.4e+02   -0.6   0.0   113   156   344   384   297   403 0.71 -
NODE_10765_length_12288_cov_37.882353:9253-11661 -            803 92234at7898          -            228     0.035   12.0   0.1   1   3     0.016       2.8    5.8   0.0   113   156    46    86    36    88 0.89 -
NODE_10765_length_12288_cov_37.882353:9253-11661 -            803 92234at7898          -            228     0.035   12.0   0.1   2   3       3.3   5.8e+02   -1.8   0.0   118   157   450   486   436   502 0.77 -
NODE_10765_length_12288_cov_37.882353:9253-11661 -            803 92234at7898          -            228     0.035   12.0   0.1   3   3      0.19        34    2.3   0.0   116   138   743   765   685   781 0.58 -
NODE_5883_length_14707_cov_31.201054:866-7962    -            263 92234at7898          -            228     0.043   11.7   0.0   1   2     0.026       4.5    5.1   0.0   116   135    10    29     6    34 0.90 -
NODE_5883_length_14707_cov_31.201054:866-7962    -            263 92234at7898          -            228     0.043   11.7   0.0   2   2     0.054       9.4    4.1   0.0   115   137   226   248   220   258 0.85 -
#
# Program:         hmmsearch
# Version:         3.1b2 (February 2015)
# Pipeline mode:   SEARCH
# Query file:      /home/e1garcia/shotgun_PIRE/abyss/busco_downloads/lineages/actinopterygii_odb10/hmms/92234at7898.hmm
# Target file:     /home/e1garcia/shotgun_PIRE/pire_ssl_data_processing/plotosus_lineatus/busco_scaffolds_results-SPAdes_decontam_R1R2_noIsolate/run_actinopterygii_odb10/metaeuk_output/initial_results/scaffolds.modified.fasta.modified.fas
# Option settings: hmmsearch --domtblout /home/e1garcia/shotgun_PIRE/pire_ssl_data_processing/plotosus_lineatus/busco_scaffolds_results-SPAdes_decontam_R1R2_noIsolate/run_actinopterygii_odb10/hmmer_output/initial_run_results/92234at7898.out --cpu 1 /home/e1garcia/shotgun_PIRE/abyss/busco_downloads/lineages/actinopterygii_odb10/hmms/92234at7898.hmm /home/e1garcia/shotgun_PIRE/pire_ssl_data_processing/plotosus_lineatus/busco_scaffolds_results-SPAdes_decontam_R1R2_noIsolate/run_actinopterygii_odb10/metaeuk_output/initial_results/scaffolds.modified.fasta.modified.fas 
# Current dir:     /home/e1garcia/shotgun_PIRE/pire_ssl_data_processing/plotosus_lineatus
# Date:            Fri Aug 20 13:35:21 2021
# [ok]
