#                                                                                                        --- full sequence --- -------------- this domain -------------   hmm coord   ali coord   env coord
# target name                                    accession   tlen query name           accession   qlen   E-value  score  bias   #  of  c-Evalue  i-Evalue  score  bias  from    to  from    to  from    to  acc description of target
#                            ------------------- ---------- ----- -------------------- ---------- ----- --------- ------ ----- --- --- --------- --------- ------ ----- ----- ----- ----- ----- ----- ----- ---- ---------------------
NODE_66864_length_5196_cov_28.604081:4061-4927   -            289 94084at7898          -            253   3.3e-60  202.0  25.9   1   1   4.3e-62   4.4e-60  201.7  25.9     4   249    18   282    13   285 0.88 -
NODE_6951_length_14042_cov_26.022664:12238-13152 -            305 94084at7898          -            253   1.1e-48  164.3  27.6   1   1   1.5e-50   1.5e-48  163.8  27.6     7   251    28   289     5   291 0.84 -
NODE_141486_length_2596_cov_28.893072:1389-2201  -            271 94084at7898          -            253   1.5e-41  140.9  21.8   1   1     2e-43     2e-41  140.5  21.8    11   250     2   258     1   262 0.82 -
NODE_253373_length_888_cov_77.320659:18-869      -            284 94084at7898          -            253   5.6e-41  139.1  22.6   1   1   6.6e-43   6.8e-41  138.8  22.6     6   249    17   278    11   282 0.81 -
NODE_33006_length_7857_cov_30.788863:1013-1813   -            267 94084at7898          -            253   1.2e-40  138.0  16.8   1   1   1.4e-42   1.5e-40  137.7  16.8    13   251     1   256     1   258 0.81 -
NODE_135150_length_2748_cov_26.166855:1908-2723  -            272 94084at7898          -            253   4.7e-39  132.7  24.9   1   1   5.6e-41   5.8e-39  132.5  24.9    10   249     1   260     1   265 0.83 -
NODE_114832_length_3290_cov_37.400188:639-1237   -            194 94084at7898          -            253   3.4e-25   87.4   8.8   1   1   3.7e-27   3.8e-25   87.2   8.8    56   226     5   188     1   194 0.79 -
NODE_30905_length_8105_cov_27.454034:3817-4548   -            244 94084at7898          -            253   1.1e-13   49.7  17.3   1   1   2.7e-15   2.8e-13   48.3  17.3    26   248     2   243     1   244 0.69 -
NODE_205755_length_1454_cov_35.985978:288-1037   -            250 94084at7898          -            253   5.1e-13   47.4  16.4   1   1   5.5e-15   5.7e-13   47.3  16.4     6   245     4   249     1   250 0.77 -
NODE_127461_length_2942_cov_25.122054:2096-2821  -            242 94084at7898          -            253   9.5e-13   46.6  20.8   1   1   1.4e-14   1.4e-12   46.0  20.8    27   248     2   241     1   242 0.76 -
NODE_30905_length_8105_cov_27.454034:7243-7974   -            244 94084at7898          -            253   1.5e-12   46.0  17.3   1   1   3.6e-14   3.7e-12   44.6  17.3    26   248     2   243     1   244 0.74 -
NODE_97307_length_3859_cov_24.530851:1414-2145   -            244 94084at7898          -            253   1.3e-10   39.6  15.2   1   1   9.5e-12   9.9e-10   36.7  15.2    26   248     2   243     1   244 0.72 -
NODE_8731_length_13131_cov_37.567066:3565-4293   -            243 94084at7898          -            253   4.9e-10   37.7  16.1   1   1     6e-11   6.2e-09   34.1  16.1    28   249     3   243     1   243 0.65 -
NODE_83889_length_4379_cov_40.618692:604-1335    -            244 94084at7898          -            253   9.6e-10   36.7  14.6   1   1   5.5e-11   5.6e-09   34.2  14.6    27   248     3   243     1   244 0.65 -
NODE_19610_length_9927_cov_29.143569:8335-9090   -            252 94084at7898          -            253   2.6e-09   35.3  18.3   1   1   3.8e-11   3.9e-09   34.7  18.3    39   250    26   252     6   252 0.69 -
NODE_20225_length_9798_cov_30.030106:7918-8649   -            244 94084at7898          -            253   2.8e-09   35.2  20.5   1   1   1.6e-10   1.6e-08   32.7  20.5    26   246     2   241     1   244 0.64 -
NODE_124602_length_3016_cov_23.076791:1572-2327  -            252 94084at7898          -            253     4e-09   34.7  20.3   1   1   4.7e-11   4.8e-09   34.4  20.3    26   248     2   245     1   250 0.65 -
NODE_42715_length_6866_cov_27.595833:5237-6019   -            261 94084at7898          -            253   4.3e-09   34.6  17.6   1   1   5.1e-11   5.2e-09   34.3  17.6    25   248     9   253     1   258 0.63 -
NODE_146_length_32977_cov_31.070868:9629-10387   -            253 94084at7898          -            253   1.2e-08   33.2  19.1   1   1   1.4e-10   1.5e-08   32.8  19.1    26   248     2   245     1   250 0.63 -
NODE_45902_length_6592_cov_31.668104:733-1467    -            245 94084at7898          -            253   1.2e-08   33.1  19.8   1   1   1.4e-10   1.4e-08   32.9  19.8    26   246     2   243     1   245 0.63 -
NODE_20225_length_9798_cov_30.030106:2113-2742   -            210 94084at7898          -            253   1.5e-08   32.8   9.7   1   1     4e-10   4.2e-08   31.4   9.7    62   248     6   209     1   210 0.66 -
NODE_3078_length_17503_cov_27.712882:5379-6113   -            245 94084at7898          -            253   1.8e-08   32.5  20.0   1   1   2.2e-10   2.3e-08   32.2  20.0    26   246     2   243     1   245 0.61 -
NODE_9514_length_12781_cov_28.867213:3462-4217   -            252 94084at7898          -            253   1.8e-08   32.5  20.4   1   1   2.5e-10   2.6e-08   32.0  20.4    39   250    26   252     6   252 0.71 -
NODE_7519_length_13733_cov_23.481590:1441-2175   -            245 94084at7898          -            253     2e-08   32.4  19.8   1   1   2.5e-10   2.6e-08   32.0  19.8    26   246     2   243     1   245 0.61 -
NODE_108342_length_3490_cov_25.619286:2828-3403  -            192 94084at7898          -            253   2.2e-08   32.2  12.6   1   1   2.6e-10   2.6e-08   32.0  12.6    81   252     2   191     1   192 0.71 -
NODE_78574_length_4611_cov_25.749335:1513-2295   -            261 94084at7898          -            253   2.4e-08   32.1  22.0   1   1     3e-10   3.1e-08   31.8  22.0    25   248     9   253     1   258 0.63 -
NODE_8731_length_13131_cov_37.567066:12146-12871 -            242 94084at7898          -            253   3.9e-08   31.4  14.4   1   1   3.1e-09   3.2e-07   28.4  14.4    27   249     3   242     1   242 0.67 -
NODE_13293_length_11463_cov_31.835181:7155-7910  -            252 94084at7898          -            253   5.6e-08   30.9  16.2   1   1   7.1e-10   7.3e-08   30.6  16.2    39   250    26   252     6   252 0.63 -
NODE_150161_length_2403_cov_27.500868:1264-1995  -            244 94084at7898          -            253   6.2e-08   30.8  15.0   1   1   3.2e-09   3.3e-07   28.4  15.0    27   249     3   244     1   244 0.64 -
NODE_40778_length_7045_cov_26.792974:5649-6383   -            245 94084at7898          -            253   6.9e-08   30.6  20.6   1   1   7.9e-10   8.2e-08   30.4  20.6    26   246     2   243     1   245 0.62 -
NODE_19610_length_9927_cov_29.143569:1648-2337   -            230 94084at7898          -            253     1e-07   30.1  18.0   1   1   1.5e-09   1.6e-07   29.5  18.0    40   252     2   229     1   230 0.63 -
NODE_77948_length_4640_cov_26.025325:2064-2663   -            200 94084at7898          -            253   1.1e-07   30.0   5.3   1   2     1e-09   1.1e-07   30.0   5.3    26   115     2    94     1   121 0.68 -
NODE_77948_length_4640_cov_26.025325:2064-2663   -            200 94084at7898          -            253   1.1e-07   30.0   5.3   2   2     0.061       6.3    4.6   2.3   163   227   121   185   114   199 0.76 -
NODE_20157_length_9813_cov_27.838892:86-652      -            189 94084at7898          -            253   2.6e-07   28.8  17.2   1   1   4.1e-09   4.3e-07   28.1  17.2    82   250     3   189     1   189 0.69 -
NODE_109491_length_3453_cov_25.487776:23-583     -            187 94084at7898          -            253   3.3e-07   28.4  13.6   1   1   3.8e-09   3.9e-07   28.2  13.6    86   252     2   186     1   187 0.70 -
NODE_9514_length_12781_cov_28.867213:8193-8873   -            227 94084at7898          -            253   3.8e-07   28.2  19.8   1   1   4.7e-09   4.8e-07   27.9  19.8    40   250     2   227     1   227 0.68 -
NODE_173_length_31829_cov_36.995115:751-1482     -            244 94084at7898          -            253   5.5e-07   27.7  20.3   1   1   2.3e-08   2.4e-06   25.6  20.3    26   248     2   243     1   244 0.58 -
NODE_107381_length_3521_cov_26.830801:1231-1803  -            191 94084at7898          -            253   6.3e-07   27.5  17.5   1   1   8.9e-09   9.2e-07   26.9  17.5    80   250     1   188     1   191 0.69 -
NODE_116771_length_3233_cov_23.987875:1134-1697  -            188 94084at7898          -            253   7.3e-07   27.3   8.4   1   1     1e-08   1.1e-06   26.7   8.4    80   249     1   188     1   188 0.70 -
NODE_124926_length_3008_cov_28.795806:1707-2438  -            244 94084at7898          -            253   8.2e-07   27.1  22.3   1   1     2e-08     2e-06   25.8  22.3    26   248     2   243     1   244 0.58 -
NODE_19670_length_9918_cov_30.120583:2816-3628   -            271 94084at7898          -            253   8.9e-07   27.0  26.2   1   1   1.2e-08   1.2e-06   26.6  26.2     2   244     6   267     5   271 0.71 -
NODE_206397_length_1445_cov_30.863299:848-1399   -            184 94084at7898          -            253   4.4e-06   24.7   5.4   1   1   2.3e-07   2.4e-05   22.3   5.4    58   192    29   181     6   184 0.72 -
NODE_20157_length_9813_cov_27.838892:9064-9795   -            244 94084at7898          -            253   1.1e-05   23.5  21.6   1   1   4.3e-07   4.4e-05   21.4  21.6    26   246     2   242     1   244 0.67 -
NODE_64724_length_5314_cov_33.045829:3442-4194   -            251 94084at7898          -            253   1.6e-05   22.9  20.5   1   1   9.6e-07   9.9e-05   20.3  20.5    49   250    26   245     1   248 0.58 -
NODE_98905_length_3802_cov_44.882528:1532-2077   -            182 94084at7898          -            253   3.6e-05   21.7  13.8   1   1   5.7e-07   5.9e-05   21.0  13.8    80   242     1   181     1   182 0.63 -
NODE_19936_length_9862_cov_27.484585:8740-9471   -            244 94084at7898          -            253   3.9e-05   21.6  19.8   1   1   6.1e-07   6.3e-05   20.9  19.8    59   245    35   240     1   244 0.59 -
NODE_44944_length_6674_cov_28.689125:3825-4565   -            247 94084at7898          -            253   0.00014   19.8  21.7   1   1   3.7e-06   0.00038   18.4  21.7    49   251    26   244     1   246 0.63 -
NODE_21485_length_9560_cov_31.990064:2535-6175   -            252 94084at7898          -            253    0.0004   18.3   9.1   1   4      0.23        24    2.7   0.0    80    99    48    67    34    81 0.81 -
NODE_21485_length_9560_cov_31.990064:2535-6175   -            252 94084at7898          -            253    0.0004   18.3   9.1   2   4   7.4e-06   0.00076   17.4   1.8    76   118    86   130    70   145 0.71 -
NODE_21485_length_9560_cov_31.990064:2535-6175   -            252 94084at7898          -            253    0.0004   18.3   9.1   3   4      0.41        42    1.9   0.7    65   116   128   182   121   194 0.73 -
NODE_21485_length_9560_cov_31.990064:2535-6175   -            252 94084at7898          -            253    0.0004   18.3   9.1   4   4       4.1   4.2e+02   -1.4   0.0   231   249   225   243   189   247 0.75 -
NODE_44528_length_6709_cov_36.871710:4661-5569   -            303 94084at7898          -            253   0.00043   18.2  15.1   1   2     0.047       4.9    4.9   9.1     5   113     6   114     2   207 0.70 -
NODE_44528_length_6709_cov_36.871710:4661-5569   -            303 94084at7898          -            253   0.00043   18.2  15.1   2   2   4.4e-05    0.0045   14.9   2.0   182   249   216   283   161   287 0.89 -
NODE_8711_length_13145_cov_36.762456:6300-9180   -            301 94084at7898          -            253   0.00062   17.7   2.1   1   2     6e-06   0.00062   17.7   2.1    25   114    29   121    10   194 0.78 -
NODE_8711_length_13145_cov_36.762456:6300-9180   -            301 94084at7898          -            253   0.00062   17.7   2.1   2   2      0.97     1e+02    0.6   0.1    66    85   235   254   220   283 0.73 -
NODE_2182_length_18991_cov_24.608247:2102-6611   -            349 94084at7898          -            253    0.0007   17.5   2.2   1   1   1.1e-05    0.0011   16.8   2.2    26   118    52   149    25   220 0.69 -
NODE_174776_length_1935_cov_26.953704:430-1083   -            218 94084at7898          -            253   0.00073   17.5   2.2   1   2      0.73        75    1.0   0.2    67    99    21    55     6    67 0.66 -
NODE_174776_length_1935_cov_26.953704:430-1083   -            218 94084at7898          -            253   0.00073   17.5   2.2   2   2     7e-06   0.00073   17.5   2.2    63   113    70   121    60   142 0.73 -
NODE_67014_length_5188_cov_21.712910:1214-1765   -            184 94084at7898          -            253   0.00087   17.2  19.5   1   1   1.9e-05     0.002   16.1  19.5    82   245     1   183     1   184 0.67 -
NODE_86448_length_4271_cov_24.895494:1218-2114   -            299 94084at7898          -            253    0.0018   16.2  17.9   1   1      0.01         1    7.1  17.9    11   249    12   283     2   287 0.57 -
NODE_48374_length_6393_cov_31.934223:1812-2390   -            193 94084at7898          -            253    0.0054   14.6  15.5   1   1   0.00032     0.033   12.0  15.5    82   251     2   188     1   190 0.58 -
NODE_87086_length_4244_cov_22.272135:2200-3324   -            375 94084at7898          -            253    0.0083   14.0  12.0   1   2   0.00062     0.064   11.1   8.1    35   174    46   197    13   223 0.62 -
NODE_87086_length_4244_cov_22.272135:2200-3324   -            375 94084at7898          -            253    0.0083   14.0  12.0   2   2     0.071       7.3    4.3   0.1   181   249   297   369   288   373 0.74 -
NODE_27059_length_8626_cov_30.221883:6407-7204   -            266 94084at7898          -            253     0.024   12.5  21.4   1   1   0.00076     0.078   10.8  21.4    26   249    16   257     3   260 0.61 -
NODE_108329_length_3490_cov_160.086700:2208-2753 -            182 94084at7898          -            253     0.051   11.4  14.2   1   2   0.00012     0.012   13.4   6.3    64   119    66   124     5   139 0.69 -
NODE_108329_length_3490_cov_160.086700:2208-2753 -            182 94084at7898          -            253     0.051   11.4  14.2   2   2       0.2        21    2.8   0.8   220   242   159   181   153   182 0.89 -
#
# Program:         hmmsearch
# Version:         3.1b2 (February 2015)
# Pipeline mode:   SEARCH
# Query file:      /home/e1garcia/shotgun_PIRE/abyss/busco_downloads/lineages/actinopterygii_odb10/hmms/94084at7898.hmm
# Target file:     /home/e1garcia/shotgun_PIRE/pire_ssl_data_processing/plotosus_lineatus/busco_scaffolds_results-SPAdes_decontam_R1R2_noIsolate/run_actinopterygii_odb10/metaeuk_output/initial_results/scaffolds.modified.fasta.modified.fas
# Option settings: hmmsearch --domtblout /home/e1garcia/shotgun_PIRE/pire_ssl_data_processing/plotosus_lineatus/busco_scaffolds_results-SPAdes_decontam_R1R2_noIsolate/run_actinopterygii_odb10/hmmer_output/initial_run_results/94084at7898.out --cpu 1 /home/e1garcia/shotgun_PIRE/abyss/busco_downloads/lineages/actinopterygii_odb10/hmms/94084at7898.hmm /home/e1garcia/shotgun_PIRE/pire_ssl_data_processing/plotosus_lineatus/busco_scaffolds_results-SPAdes_decontam_R1R2_noIsolate/run_actinopterygii_odb10/metaeuk_output/initial_results/scaffolds.modified.fasta.modified.fas 
# Current dir:     /home/e1garcia/shotgun_PIRE/pire_ssl_data_processing/plotosus_lineatus
# Date:            Fri Aug 20 13:36:49 2021
# [ok]
