
INFO:	***** Start a BUSCO v5.0.0 analysis, current time: 08/08/2022 15:02:29 *****
INFO:	Configuring BUSCO with local environment
INFO:	Mode is genome
INFO:	Input file is /home/e1garcia/shotgun_PIRE/REUs/2022_REU/erykamolino/ostorhinchus_chrysopomus/SPAdes_allLibs_contam_R1R2_noIsolate/contigs.fasta
INFO:	Downloading information on latest versions of BUSCO data...
INFO:	Using local lineages directory /home/e1garcia/shotgun_PIRE/abyss/busco_downloads/lineages/actinopterygii_odb10
INFO:	Running BUSCO using lineage dataset actinopterygii_odb10 (eukaryota, 2021-02-19)
INFO:	Running 1 job(s) on metaeuk, starting at 08/08/2022 15:02:48
INFO:	[metaeuk]	1 of 1 task(s) completed
INFO:	***** Run HMMER on gene sequences *****
INFO:	Running 3640 job(s) on hmmsearch, starting at 08/08/2022 15:23:59
INFO:	[hmmsearch]	364 of 3640 task(s) completed
INFO:	[hmmsearch]	1092 of 3640 task(s) completed
INFO:	[hmmsearch]	1456 of 3640 task(s) completed
INFO:	[hmmsearch]	1456 of 3640 task(s) completed
INFO:	[hmmsearch]	1820 of 3640 task(s) completed
INFO:	[hmmsearch]	2184 of 3640 task(s) completed
INFO:	[hmmsearch]	2548 of 3640 task(s) completed
INFO:	[hmmsearch]	2912 of 3640 task(s) completed
INFO:	[hmmsearch]	3276 of 3640 task(s) completed
INFO:	[hmmsearch]	3640 of 3640 task(s) completed
INFO:	Extracting missing and fragmented buscos from the file refseq_db.faa...
INFO:	Running 1 job(s) on metaeuk, starting at 08/08/2022 15:25:25
INFO:	[metaeuk]	1 of 1 task(s) completed
INFO:	***** Run HMMER on gene sequences *****
INFO:	Running 1367 job(s) on hmmsearch, starting at 08/08/2022 16:14:18
INFO:	[hmmsearch]	137 of 1367 task(s) completed
INFO:	[hmmsearch]	274 of 1367 task(s) completed
INFO:	[hmmsearch]	411 of 1367 task(s) completed
INFO:	[hmmsearch]	547 of 1367 task(s) completed
INFO:	[hmmsearch]	684 of 1367 task(s) completed
INFO:	[hmmsearch]	821 of 1367 task(s) completed
INFO:	[hmmsearch]	957 of 1367 task(s) completed
INFO:	[hmmsearch]	1094 of 1367 task(s) completed
INFO:	[hmmsearch]	1231 of 1367 task(s) completed
INFO:	[hmmsearch]	1367 of 1367 task(s) completed
INFO:	Validating exons and removing overlapping matches
INFO:	Results:	C:63.3%[S:61.7%,D:1.6%],F:13.7%,M:23.0%,n:3640	   

INFO:	

	--------------------------------------------------
	|Results from dataset actinopterygii_odb10        |
	--------------------------------------------------
	|C:63.3%[S:61.7%,D:1.6%],F:13.7%,M:23.0%,n:3640   |
	|2304	Complete BUSCOs (C)                       |
	|2245	Complete and single-copy BUSCOs (S)       |
	|59	Complete and duplicated BUSCOs (D)        |
	|499	Fragmented BUSCOs (F)                     |
	|837	Missing BUSCOs (M)                        |
	|3640	Total BUSCO groups searched               |
	--------------------------------------------------
INFO:	BUSCO analysis done. Total running time: 4480 seconds
INFO:	Results written in /home/e1garcia/shotgun_PIRE/REUs/2022_REU/erykamolino/ostorhinchus_chrysopomus/busco_contigs_results-SPAdes_allLibs_contam_R1R2_noIsolate
INFO:	For assistance with interpreting the results, please consult the userguide: https://busco.ezlab.org/busco_userguide.html

