#                                                                                                        --- full sequence --- -------------- this domain -------------   hmm coord   ali coord   env coord
# target name                                    accession   tlen query name           accession   qlen   E-value  score  bias   #  of  c-Evalue  i-Evalue  score  bias  from    to  from    to  from    to  acc description of target
#                            ------------------- ---------- ----- -------------------- ---------- ----- --------- ------ ----- --- --- --------- --------- ------ ----- ----- ----- ----- ----- ----- ----- ---- ---------------------
NODE_51441_length_6165_cov_28.965051:1691-4463   -            179 108441at7898         -            210   9.2e-82  271.7   3.6   1   2   3.5e-59   3.2e-57  191.6   0.4     1   112     1   127     1   130 0.91 -
NODE_51441_length_6165_cov_28.965051:1691-4463   -            179 108441at7898         -            210   9.2e-82  271.7   3.6   2   2     1e-25   9.4e-24   82.2   0.2   163   210   129   179   124   179 0.93 -
NODE_3811_length_16569_cov_31.751973:9869-10894  -            342 108441at7898         -            210   1.1e-55  186.5   5.4   1   3   3.8e-16   3.5e-14   51.0   0.0    63   158    27   122    22   123 0.95 -
NODE_3811_length_16569_cov_31.751973:9869-10894  -            342 108441at7898         -            210   1.1e-55  186.5   5.4   2   3   9.1e-28   8.2e-26   88.9   0.9    59   183   122   247   117   256 0.94 -
NODE_3811_length_16569_cov_31.751973:9869-10894  -            342 108441at7898         -            210   1.1e-55  186.5   5.4   3   3   6.8e-16   6.1e-14   50.2   0.1    47   145   238   341   233   342 0.85 -
NODE_768_length_23726_cov_56.450629:5341-6441    -            367 108441at7898         -            210   2.8e-51  172.1   6.5   1   3   4.1e-21   3.7e-19   67.2   0.6    63   183    35   156    25   165 0.93 -
NODE_768_length_23726_cov_56.450629:5341-6441    -            367 108441at7898         -            210   2.8e-51  172.1   6.5   2   3     2e-13   1.8e-11   42.1   0.0    60   123   166   230   159   235 0.91 -
NODE_768_length_23726_cov_56.450629:5341-6441    -            367 108441at7898         -            210   2.8e-51  172.1   6.5   3   3   1.7e-20   1.5e-18   65.2   0.2    62   184   236   359   231   361 0.93 -
NODE_12202_length_11804_cov_29.004870:4583-5770  -            396 108441at7898         -            210   1.3e-48  163.4   5.0   1   3   6.2e-13   5.6e-11   40.5   0.1    57   125    13    81     6    87 0.94 -
NODE_12202_length_11804_cov_29.004870:4583-5770  -            396 108441at7898         -            210   1.3e-48  163.4   5.0   2   3   2.8e-21   2.5e-19   67.7   0.2    62   195    85   218    80   222 0.93 -
NODE_12202_length_11804_cov_29.004870:4583-5770  -            396 108441at7898         -            210   1.3e-48  163.4   5.0   3   3   5.6e-18     5e-16   57.0   0.1    67   199   222   357   217   370 0.90 -
NODE_5008_length_15369_cov_38.484086:3003-4001   -            333 108441at7898         -            210   5.1e-43  145.2   5.8   1   4   7.8e-19     7e-17   59.8   0.2    61   182    17   138     6   143 0.85 -
NODE_5008_length_15369_cov_38.484086:3003-4001   -            333 108441at7898         -            210   5.1e-43  145.2   5.8   2   4   5.2e-23   4.7e-21   73.4   0.1    29   185   112   273   111   276 0.92 -
NODE_5008_length_15369_cov_38.484086:3003-4001   -            333 108441at7898         -            210   5.1e-43  145.2   5.8   3   4   1.7e-05    0.0016   16.2   0.1    28    60   276   308   273   310 0.90 -
NODE_5008_length_15369_cov_38.484086:3003-4001   -            333 108441at7898         -            210   5.1e-43  145.2   5.8   4   4    0.0012      0.11   10.1   0.1    27    52   308   333   302   333 0.91 -
NODE_23148_length_9255_cov_34.523373:5332-6360   -            343 108441at7898         -            210   1.9e-42  143.3   1.7   1   4   7.2e-14   6.5e-12   43.5   0.2    34   131     1   103     1   108 0.80 -
NODE_23148_length_9255_cov_34.523373:5332-6360   -            343 108441at7898         -            210   1.9e-42  143.3   1.7   2   4   1.8e-09   1.6e-07   29.2   0.0   100   151   113   164   105   173 0.87 -
NODE_23148_length_9255_cov_34.523373:5332-6360   -            343 108441at7898         -            210   1.9e-42  143.3   1.7   3   4   6.5e-21   5.9e-19   66.5   0.0    43   183   150   300   150   308 0.91 -
NODE_23148_length_9255_cov_34.523373:5332-6360   -            343 108441at7898         -            210   1.9e-42  143.3   1.7   4   4    0.0068      0.62    7.7   0.0   129   159   312   342   305   343 0.77 -
NODE_23148_length_9255_cov_34.523373:5953-6831   -            293 108441at7898         -            210   2.1e-37  126.8   0.2   1   3   1.9e-19   1.7e-17   61.8   0.1    33   183     2   159     1   163 0.92 -
NODE_23148_length_9255_cov_34.523373:5953-6831   -            293 108441at7898         -            210   2.1e-37  126.8   0.2   2   3   2.4e-10   2.1e-08   32.0   0.0    80   148   155   224   154   232 0.90 -
NODE_23148_length_9255_cov_34.523373:5953-6831   -            293 108441at7898         -            210   2.1e-37  126.8   0.2   3   3   1.8e-10   1.7e-08   32.4   0.0    88   145   232   289   222   292 0.90 -
NODE_1720_length_20131_cov_43.979583:15286-15843 -            186 108441at7898         -            210     6e-28   95.9   0.1   1   2   4.1e-16   3.7e-14   50.9   0.1    89   184     8   104     3   111 0.92 -
NODE_1720_length_20131_cov_43.979583:15286-15843 -            186 108441at7898         -            210     6e-28   95.9   0.1   2   2     9e-16   8.1e-14   49.8   0.0    62   166    81   185    81   186 0.99 -
NODE_128495_length_2914_cov_32.075666:771-2216   -            259 108441at7898         -            210   2.1e-27   94.1   0.4   1   2   9.2e-19   8.3e-17   59.5   0.1    57   199     8   150     2   153 0.55 -
NODE_128495_length_2914_cov_32.075666:771-2216   -            259 108441at7898         -            210   2.1e-27   94.1   0.4   2   2   1.1e-10     1e-08   33.1   0.0    93   165   150   223   148   235 0.91 -
NODE_31201_length_8071_cov_48.009032:969-6545    -            337 108441at7898         -            210   1.7e-25   87.9   0.6   1   2   7.1e-21   6.4e-19   66.4   0.0    44   202   103   259    97   265 0.91 -
NODE_31201_length_8071_cov_48.009032:969-6545    -            337 108441at7898         -            210   1.7e-25   87.9   0.6   2   2   1.2e-06   0.00011   20.0   0.2    74   130   271   327   262   332 0.86 -
NODE_12091_length_11838_cov_53.144135:297-863    -            189 108441at7898         -            210   3.6e-23   80.3   0.0   1   2   0.00056     0.051   11.2   0.0    93   116    16    39     7    51 0.87 -
NODE_12091_length_11838_cov_53.144135:297-863    -            189 108441at7898         -            210   3.6e-23   80.3   0.0   2   2   3.6e-21   3.2e-19   67.4   0.0    60   198    52   188    45   189 0.93 -
NODE_70315_length_5013_cov_29.526048:2685-4541   -            356 108441at7898         -            210   3.7e-23   80.3   2.9   1   3   7.5e-14   6.7e-12   43.5   0.3    91   200     9   117     5   123 0.89 -
NODE_70315_length_5013_cov_29.526048:2685-4541   -            356 108441at7898         -            210   3.7e-23   80.3   2.9   2   3     9e-05    0.0082   13.8   0.0   123   170   106   153   104   162 0.91 -
NODE_70315_length_5013_cov_29.526048:2685-4541   -            356 108441at7898         -            210   3.7e-23   80.3   2.9   3   3   2.8e-09   2.5e-07   28.5   0.0    43    97   164   223   153   235 0.63 -
NODE_26963_length_8640_cov_28.458494:5843-6334   -            164 108441at7898         -            210     1e-21   75.5   0.5   1   1   1.4e-23   1.3e-21   75.3   0.5    61   209    12   159     2   162 0.92 -
NODE_125169_length_3001_cov_28.849414:1884-2545  -            128 108441at7898         -            210   3.4e-21   73.9   0.1   1   1   4.1e-23   3.7e-21   73.7   0.1    35   157     1   127     1   128 0.95 -
NODE_3974_length_16373_cov_30.217279:4346-5032   -            229 108441at7898         -            210     1e-20   72.3   0.7   1   2      0.17        15    3.1   0.0    32    54    30    52    15    63 0.78 -
NODE_3974_length_16373_cov_30.217279:4346-5032   -            229 108441at7898         -            210     1e-20   72.3   0.7   2   2   2.5e-20   2.3e-18   64.6   0.6    38   176    77   220    69   228 0.86 -
NODE_7194_length_13905_cov_29.547878:1768-5589   -            112 108441at7898         -            210   3.1e-20   70.7   2.2   1   2   5.1e-09   4.6e-07   27.7   0.0   106   152     5    51     1    53 0.67 -
NODE_7194_length_13905_cov_29.547878:1768-5589   -            112 108441at7898         -            210   3.1e-20   70.7   2.2   2   2     2e-15   1.8e-13   48.6   0.6    39   121    32   111    32   112 0.90 -
NODE_35726_length_7553_cov_37.309364:5502-5900   -            133 108441at7898         -            210   1.6e-19   68.4   0.0   1   1   5.4e-21   4.8e-19   66.8   0.0    92   196     7   110     1   119 0.70 -
NODE_14990_length_10994_cov_36.057458:9454-9753  -            100 108441at7898         -            210   1.3e-17   62.2   0.0   1   1   1.6e-19   1.4e-17   62.0   0.0    61   146    14    99     5   100 0.96 -
NODE_57585_length_5743_cov_39.389617:1880-3366   -            208 108441at7898         -            210     3e-17   61.0   0.1   1   3   0.00027     0.024   12.3   0.0    96   130     1    35     1    38 0.88 -
NODE_57585_length_5743_cov_39.389617:1880-3366   -            208 108441at7898         -            210     3e-17   61.0   0.1   2   3   1.9e-13   1.7e-11   42.1   0.0    93   148    65   120    59   167 0.92 -
NODE_57585_length_5743_cov_39.389617:1880-3366   -            208 108441at7898         -            210     3e-17   61.0   0.1   3   3       0.2        18    2.9   0.0   113   165   153   207   126   208 0.48 -
NODE_61348_length_5512_cov_34.228709:397-4590    -            204 108441at7898         -            210   3.8e-17   60.6   0.3   1   2   0.00015     0.014   13.0   0.0   161   191     1    31     1    35 0.94 -
NODE_61348_length_5512_cov_34.228709:397-4590    -            204 108441at7898         -            210   3.8e-17   60.6   0.3   2   2   2.2e-14     2e-12   45.2   0.1    31   191    31   201    29   204 0.85 -
NODE_278_length_28962_cov_38.794962:18985-19536  -            184 108441at7898         -            210   3.2e-16   57.6   1.3   1   2     0.023       2.1    5.9   0.1   108   147    12    56     1    60 0.42 -
NODE_278_length_28962_cov_38.794962:18985-19536  -            184 108441at7898         -            210   3.2e-16   57.6   1.3   2   2   1.1e-15     1e-13   49.5   0.2    38   122    82   172    71   181 0.87 -
NODE_102501_length_3680_cov_31.234292:460-831    -            124 108441at7898         -            210     8e-16   56.3   0.1   1   2    0.0024      0.22    9.2   0.0   131   167     3    39     1    45 0.83 -
NODE_102501_length_3680_cov_31.234292:460-831    -            124 108441at7898         -            210     8e-16   56.3   0.1   2   2   1.6e-14   1.5e-12   45.6   0.0    69   146    46   124    42   124 0.94 -
NODE_74655_length_4797_cov_26.074074:4057-4356   -            100 108441at7898         -            210   3.2e-14   51.0   0.1   1   1   4.4e-16   3.9e-14   50.8   0.1    57   139    14    96    10    99 0.94 -
NODE_18898_length_10075_cov_33.972634:8077-8424  -            116 108441at7898         -            210   7.1e-14   49.9   0.0   1   1   2.9e-15   2.6e-13   48.1   0.0   107   180     8    81     2   109 0.84 -
NODE_293483_length_575_cov_1.279412:164-574      -            137 108441at7898         -            210   1.2e-13   49.2   0.1   1   1   1.5e-15   1.3e-13   49.1   0.1    35   142    24   136     5   137 0.89 -
NODE_122267_length_3080_cov_28.986246:2012-2428  -            139 108441at7898         -            210   1.5e-13   48.9   0.1   1   1   6.2e-15   5.6e-13   47.0   0.1    22   103     7    93     2   112 0.88 -
NODE_88013_length_4206_cov_109.858047:791-1096   -            102 108441at7898         -            210   4.8e-13   47.2   0.1   1   1   5.9e-15   5.3e-13   47.1   0.1    28   120     5   102     1   102 0.87 -
NODE_82832_length_4424_cov_31.915376:1585-3028   -            120 108441at7898         -            210   4.8e-13   47.2   0.0   1   1   6.2e-15   5.6e-13   47.0   0.0    65   175     5   116     2   120 0.87 -
NODE_15818_length_10777_cov_34.325248:8344-9096  -            251 108441at7898         -            210     1e-12   46.2   1.3   1   2     6e-06   0.00055   17.6   0.0   125   168    41    84     4    94 0.85 -
NODE_15818_length_10777_cov_34.325248:8344-9096  -            251 108441at7898         -            210     1e-12   46.2   1.3   2   2     4e-11   3.6e-09   34.6   0.3    62   200    44   191    44   242 0.81 -
NODE_106423_length_3552_cov_45.658558:1452-1760  -            103 108441at7898         -            210   1.4e-12   45.7   0.0   1   1   1.9e-14   1.7e-12   45.4   0.0    36   117     1    87     1    92 0.91 -
NODE_81638_length_4475_cov_38.021024:1919-2266   -            116 108441at7898         -            210   6.7e-12   43.5   0.0   1   2   1.1e-05     0.001   16.8   0.0    63   165     2    38     1    47 0.60 -
NODE_81638_length_4475_cov_38.021024:1919-2266   -            116 108441at7898         -            210   6.7e-12   43.5   0.0   2   2     3e-08   2.7e-06   25.2   0.0   134   188    46   104    41   112 0.80 -
NODE_15819_length_10777_cov_31.810826:5073-5540  -            156 108441at7898         -            210     1e-10   39.6   0.8   1   2   3.6e-10   3.3e-08   31.4   0.1   138   183    42    85    13    89 0.79 -
NODE_15819_length_10777_cov_31.810826:5073-5540  -            156 108441at7898         -            210     1e-10   39.6   0.8   2   2     0.013       1.2    6.7   0.1    28    78    90   149    84   153 0.65 -
NODE_43542_length_6794_cov_27.685586:2809-3141   -            111 108441at7898         -            210   1.7e-10   38.9   0.0   1   1   2.5e-12   2.2e-10   38.5   0.0    31   132     1   107     1   111 0.77 -
NODE_170890_length_2004_cov_22.409449:332-996    -            180 108441at7898         -            210   2.3e-10   38.5   2.7   1   1   6.2e-12   5.6e-10   37.2   2.7    55   175    58   176    30   180 0.80 -
NODE_7699_length_13646_cov_39.873994:5520-5861   -            114 108441at7898         -            210   2.3e-10   38.5   0.0   1   1   2.6e-12   2.3e-10   38.5   0.0    57   125    19    88     2   113 0.82 -
NODE_7538_length_13721_cov_32.122376:2578-2928   -            117 108441at7898         -            210   6.5e-10   37.0   0.0   1   1   4.5e-11   4.1e-09   34.4   0.0    76   176     4   113     1   117 0.79 -
NODE_74408_length_4808_cov_33.744744:1452-1739   -             96 108441at7898         -            210   1.3e-09   36.0   0.3   1   2      0.11       9.6    3.8   0.0   161   185    10    34     3    41 0.64 -
NODE_74408_length_4808_cov_33.744744:1452-1739   -             96 108441at7898         -            210   1.3e-09   36.0   0.3   2   2     4e-10   3.6e-08   31.3   0.1    61   116    41    96    26    96 0.90 -
NODE_5918_length_14679_cov_40.477298:4711-5052   -            114 108441at7898         -            210   1.8e-09   35.6   0.1   1   1   2.2e-11     2e-09   35.4   0.1    32   101    26   103     7   114 0.72 -
NODE_70106_length_5024_cov_31.899492:2060-2422   -            121 108441at7898         -            210     2e-09   35.4   0.2   1   1     1e-10   9.4e-09   33.2   0.2    31   100    28   109     8   121 0.50 -
NODE_56986_length_5784_cov_33.701319:1286-1669   -            128 108441at7898         -            210   1.6e-08   32.4   0.0   1   2   0.00078     0.071   10.7   0.0    35    69     4    38     1    42 0.83 -
NODE_56986_length_5784_cov_33.701319:1286-1669   -            128 108441at7898         -            210   1.6e-08   32.4   0.0   2   2     5e-07   4.5e-05   21.2   0.0    30    88    41   101    30   123 0.81 -
NODE_105596_length_3578_cov_38.068410:2464-2859  -            132 108441at7898         -            210   2.4e-08   31.9   0.2   1   2   7.1e-06   0.00064   17.4   0.1    75   125     6    56     2    72 0.55 -
NODE_105596_length_3578_cov_38.068410:2464-2859  -            132 108441at7898         -            210   2.4e-08   31.9   0.2   2   2   0.00021     0.019   12.6   0.0    61   112    80   132    70   132 0.70 -
NODE_12161_length_11815_cov_39.266302:6292-6708  -            139 108441at7898         -            210   1.6e-07   29.2   0.1   1   1   1.1e-08     1e-06   26.5   0.1    61   154     5   104     1   128 0.80 -
NODE_278_length_28962_cov_38.794962:19825-20898  -            358 108441at7898         -            210   2.8e-07   28.4   0.0   1   2      0.31        28    2.3   0.0    36    52     7    23     3    31 0.81 -
NODE_278_length_28962_cov_38.794962:19825-20898  -            358 108441at7898         -            210   2.8e-07   28.4   0.0   2   2   3.2e-07   2.9e-05   21.8   0.0    80   150   258   341   243   357 0.58 -
NODE_331908_length_448_cov_1.312321:6-284        -             93 108441at7898         -            210   3.4e-07   28.1   0.8   1   1   4.2e-09   3.8e-07   28.0   0.8    32   116     4    93     1    93 0.68 -
NODE_54043_length_5984_cov_31.346134:3617-4108   -            164 108441at7898         -            210   1.3e-06   26.3   0.1   1   2    0.0051      0.46    8.1   0.0    87   121    29    63    18    72 0.88 -
NODE_54043_length_5984_cov_31.346134:3617-4108   -            164 108441at7898         -            210   1.3e-06   26.3   0.1   2   2     5e-07   4.5e-05   21.2   0.1    62   155    37   136    34   163 0.77 -
NODE_9799_length_12655_cov_32.960975:1091-9640   -            413 108441at7898         -            210   3.4e-06   24.8   0.1   1   1     6e-08   5.4e-06   24.2   0.1   105   178     3    81     1    92 0.81 -
NODE_104309_length_3620_cov_33.763135:428-799    -            124 108441at7898         -            210   4.2e-06   24.6   0.0   1   1   1.1e-07     1e-05   23.3   0.0    59   195    40   117    25   124 0.42 -
NODE_69799_length_5040_cov_27.739729:2288-2839   -            184 108441at7898         -            210   5.1e-06   24.3   0.1   1   1   1.1e-07     1e-05   23.3   0.1   158   198   134   174    51   182 0.86 -
NODE_17059_length_10484_cov_35.892634:1186-6893  -            296 108441at7898         -            210   0.00057   17.6   0.0   1   2       6.6   5.9e+02   -2.1   0.0   158   190   166   197   155   208 0.66 -
NODE_17059_length_10484_cov_35.892634:1186-6893  -            296 108441at7898         -            210   0.00057   17.6   0.0   2   2   2.1e-05    0.0019   15.9   0.0   125   167   252   294   239   295 0.91 -
NODE_16438_length_10625_cov_37.784249:1644-9012  -            451 108441at7898         -            210    0.0021   15.7   0.5   1   2   0.00058     0.053   11.2   0.2    71   150    14    90     6   107 0.73 -
NODE_16438_length_10625_cov_37.784249:1644-9012  -            451 108441at7898         -            210    0.0021   15.7   0.5   2   2      0.21        19    2.8   0.0    93   118   123   148    68   158 0.62 -
NODE_9466_length_12803_cov_36.126338:239-6602    -            444 108441at7898         -            210    0.0031   15.2   0.0   1   1   5.3e-05    0.0048   14.6   0.0    27    60   319   352   302   369 0.84 -
#
# Program:         hmmsearch
# Version:         3.1b2 (February 2015)
# Pipeline mode:   SEARCH
# Query file:      /home/e1garcia/shotgun_PIRE/abyss/busco_downloads/lineages/actinopterygii_odb10/hmms/108441at7898.hmm
# Target file:     /home/e1garcia/shotgun_PIRE/pire_ssl_data_processing/plotosus_lineatus/busco_scaffolds_results-SPAdes_decontam_R1R2_noIsolate/run_actinopterygii_odb10/metaeuk_output/rerun_results/scaffolds.modified.fasta.modified.fas
# Option settings: hmmsearch --domtblout /home/e1garcia/shotgun_PIRE/pire_ssl_data_processing/plotosus_lineatus/busco_scaffolds_results-SPAdes_decontam_R1R2_noIsolate/run_actinopterygii_odb10/hmmer_output/rerun_results/108441at7898.out --cpu 1 /home/e1garcia/shotgun_PIRE/abyss/busco_downloads/lineages/actinopterygii_odb10/hmms/108441at7898.hmm /home/e1garcia/shotgun_PIRE/pire_ssl_data_processing/plotosus_lineatus/busco_scaffolds_results-SPAdes_decontam_R1R2_noIsolate/run_actinopterygii_odb10/metaeuk_output/rerun_results/scaffolds.modified.fasta.modified.fas 
# Current dir:     /home/e1garcia/shotgun_PIRE/pire_ssl_data_processing/plotosus_lineatus
# Date:            Fri Aug 20 14:40:02 2021
# [ok]
