#                                                                                                        --- full sequence --- -------------- this domain -------------   hmm coord   ali coord   env coord
# target name                                    accession   tlen query name           accession   qlen   E-value  score  bias   #  of  c-Evalue  i-Evalue  score  bias  from    to  from    to  from    to  acc description of target
#                            ------------------- ---------- ----- -------------------- ---------- ----- --------- ------ ----- --- --- --------- --------- ------ ----- ----- ----- ----- ----- ----- ----- ---- ---------------------
NODE_61303_length_5515_cov_36.800222:4500-4955   -            152 110018at7898         -            191   8.3e-74  245.5   1.0   1   1   1.4e-75   9.6e-74  245.3   1.0    67   191     1   129     1   129 0.96 -
NODE_17861_length_10307_cov_32.470709:2895-5197  -            201 110018at7898         -            191   1.4e-71  238.3   0.1   1   1   2.6e-73   1.7e-71  238.0   0.1    21   185     1   166     1   172 0.98 -
NODE_13817_length_11311_cov_41.364877:2700-5832  -            169 110018at7898         -            191   2.2e-67  224.6   0.9   1   1   3.7e-69   2.5e-67  224.4   0.9    48   186     2   141     1   146 0.96 -
NODE_70355_length_5011_cov_30.387419:1270-3374   -            263 110018at7898         -            191   2.7e-66  221.0   0.3   1   1   3.5e-66   2.4e-64  214.7   0.3     6   191    37   242    34   242 0.86 -
NODE_12786_length_11616_cov_82.655639:5395-5940  -            182 110018at7898         -            191     2e-63  211.6   0.0   1   1   3.3e-65   2.2e-63  211.5   0.0    10   186     1   178     1   182 0.97 -
NODE_4176_length_16162_cov_33.998195:14719-15240 -            174 110018at7898         -            191   1.1e-61  206.1   0.0   1   1   1.7e-63   1.2e-61  205.9   0.0    10   179     1   171     1   174 0.98 -
NODE_125562_length_2991_cov_24.914592:1501-2058  -            186 110018at7898         -            191   1.1e-61  206.0   0.1   1   1   1.9e-63   1.3e-61  205.8   0.1     9   187     2   181     1   185 0.96 -
NODE_14923_length_11010_cov_39.038768:1122-5791  -            160 110018at7898         -            191   9.1e-60  199.7   0.0   1   1   1.5e-61     1e-59  199.6   0.0    19   178     1   160     1   160 0.98 -
NODE_6772_length_14152_cov_36.562442:2314-7030   -            164 110018at7898         -            191   1.2e-59  199.4   0.0   1   1   1.9e-61   1.3e-59  199.2   0.0    19   180     1   162     1   164 0.97 -
NODE_37802_length_7335_cov_35.521144:3659-4180   -            174 110018at7898         -            191   2.7e-54  181.9   0.0   1   1   4.3e-56   2.9e-54  181.8   0.0    11   182     1   173     1   174 0.98 -
NODE_50727_length_6217_cov_281.105590:1089-3109  -            150 110018at7898         -            191   1.8e-50  169.4   0.6   1   1   2.4e-51   1.6e-49  166.3   0.6    10   167     1   150     1   150 0.94 -
NODE_74630_length_4798_cov_27.825708:2115-4544   -            173 110018at7898         -            191   3.1e-49  165.4   0.0   1   1     5e-51   3.4e-49  165.3   0.0    11   182     1   172     1   173 0.97 -
NODE_7585_length_13699_cov_33.535074:1279-3818   -            196 110018at7898         -            191   1.6e-44  150.0   3.5   1   3   2.7e-14   1.8e-12   45.5   0.2     5    42    13    50    10    56 0.89 -
NODE_7585_length_13699_cov_33.535074:1279-3818   -            196 110018at7898         -            191   1.6e-44  150.0   3.5   2   3   1.6e-13   1.1e-11   42.9   0.1    65   103    55    93    50   100 0.93 -
NODE_7585_length_13699_cov_33.535074:1279-3818   -            196 110018at7898         -            191   1.6e-44  150.0   3.5   3   3   1.8e-19   1.2e-17   62.3   0.0    96   167   124   196    98   196 0.85 -
NODE_92143_length_4050_cov_23.135915:753-1280    -            176 110018at7898         -            191   6.5e-41  138.2   0.5   1   1   1.2e-42   8.4e-41  137.9   0.5    10   190     1   175     1   176 0.96 -
NODE_6828_length_14110_cov_31.419813:5803-10470  -            128 110018at7898         -            191   2.1e-36  123.5   0.0   1   1   3.4e-38   2.3e-36  123.4   0.0    57   182     1   127     1   128 0.97 -
NODE_10904_length_12236_cov_47.386998:1426-7303  -            128 110018at7898         -            191   2.4e-36  123.3   0.0   1   1   3.9e-38   2.6e-36  123.2   0.0    57   182     1   127     1   128 0.97 -
NODE_3208_length_17326_cov_35.361061:4823-8792   -            144 110018at7898         -            191     4e-33  112.9   0.4   1   2     7e-11   4.7e-09   34.3   0.2    11    57     1    47     1    56 0.94 -
NODE_3208_length_17326_cov_35.361061:4823-8792   -            144 110018at7898         -            191     4e-33  112.9   0.4   2   2   1.9e-24   1.3e-22   78.6   0.0    90   182    47   143    44   144 0.91 -
NODE_2972_length_17651_cov_34.064779:9416-10030  -            205 110018at7898         -            191   7.9e-21   72.7   0.0   1   1   4.3e-22   2.9e-20   70.9   0.0     9   179     7   173     3   181 0.85 -
NODE_9236_length_12890_cov_48.997733:4039-4557   -            173 110018at7898         -            191   1.8e-20   71.6   0.0   1   1   6.1e-22   4.1e-20   70.4   0.0     8   128     3   125     1   166 0.89 -
NODE_10155_length_12520_cov_33.938652:1353-5504  -            122 110018at7898         -            191   5.9e-19   66.6   2.1   1   1   3.2e-19   2.2e-17   61.5   2.1     7   128     4   113     1   122 0.86 -
NODE_400_length_27090_cov_39.663443:2664-3221    -            186 110018at7898         -            191   1.5e-18   65.3   0.0   1   1   2.1e-19   1.4e-17   62.1   0.0     8   126     8   132     4   183 0.80 -
NODE_26072_length_8780_cov_22.204124:1006-1512   -            169 110018at7898         -            191   7.9e-18   62.9   0.1   1   1   1.9e-18   1.3e-16   59.0   0.1    11   175    11   165     3   169 0.84 -
NODE_179_length_31613_cov_37.840928:18601-22533  -            167 110018at7898         -            191   1.5e-17   62.0   0.0   1   1   2.5e-19   1.7e-17   61.9   0.0    10   136     2   132     1   156 0.87 -
NODE_1395_length_20994_cov_33.178320:4652-11914  -            153 110018at7898         -            191   1.6e-17   61.9   0.0   1   1   2.4e-18   1.6e-16   58.7   0.0    11   175     1   151     1   153 0.89 -
NODE_33421_length_7811_cov_34.972381:4231-5533   -            142 110018at7898         -            191   4.8e-17   60.4   0.1   1   1   7.9e-17   5.3e-15   53.7   0.1    11    98     1    88     1   142 0.88 -
NODE_8329_length_13326_cov_36.392984:5751-8972   -            174 110018at7898         -            191   4.9e-17   60.4   0.0   1   1   2.6e-18   1.8e-16   58.5   0.0    11   130     4   127     2   162 0.85 -
NODE_34407_length_7694_cov_33.711521:6686-7159   -            158 110018at7898         -            191   2.4e-16   58.1   0.2   1   1   2.2e-17   1.5e-15   55.5   0.2    11   172     3   153     1   158 0.79 -
NODE_81502_length_4481_cov_36.244637:860-2682    -            177 110018at7898         -            191   2.9e-16   57.8   0.0   1   1     1e-17     7e-16   56.6   0.0    12   131     3   126     1   162 0.81 -
NODE_47600_length_6452_cov_47.341099:2340-5008   -            176 110018at7898         -            191     6e-16   56.8   0.0   1   1   3.8e-17   2.6e-15   54.8   0.0    10   154     5   141     2   166 0.77 -
NODE_3272_length_17253_cov_39.650869:2581-6746   -            159 110018at7898         -            191   2.5e-15   54.8   0.2   1   1   1.6e-16   1.1e-14   52.7   0.2    11   168     1   146     1   157 0.79 -
NODE_489_length_26174_cov_36.398773:8811-13377   -            159 110018at7898         -            191   7.8e-15   53.2   0.1   1   1   1.3e-15   8.6e-14   49.8   0.1    10   130     2   124     1   158 0.76 -
NODE_5314_length_15123_cov_35.568823:7996-10935  -            121 110018at7898         -            191   1.8e-14   52.0   0.0   1   1   3.1e-16   2.1e-14   51.8   0.0     9   116     9   116     5   121 0.88 -
NODE_53023_length_6054_cov_40.682788:1620-5829   -            119 110018at7898         -            191     2e-14   51.8   0.0   1   1   3.5e-16   2.3e-14   51.6   0.0     9   107    20   117    15   119 0.90 -
NODE_3774_length_16618_cov_50.781888:15459-15941 -            161 110018at7898         -            191   1.5e-13   49.0   0.0   1   1   4.1e-15   2.7e-13   48.1   0.0    12   134     2   126     1   159 0.93 -
NODE_16012_length_10729_cov_28.892756:3756-5716  -            152 110018at7898         -            191   2.5e-13   48.3   0.0   1   1   3.2e-14   2.2e-12   45.2   0.0    13   174     2   149     1   152 0.85 -
NODE_1343_length_21157_cov_44.573464:653-1878    -            159 110018at7898         -            191   4.3e-13   47.5   0.3   1   1   2.1e-14   1.4e-12   45.8   0.3    20   126     1   113     1   158 0.81 -
NODE_11109_length_12164_cov_25.531455:7585-8166  -            127 110018at7898         -            191   3.2e-11   41.4   0.0   1   1   5.4e-13   3.7e-11   41.2   0.0    10   125     7   122     3   127 0.80 -
NODE_7343_length_13818_cov_44.472848:667-1095    -            143 110018at7898         -            191   7.3e-11   40.2   0.0   1   1   1.1e-12   7.7e-11   40.2   0.0    58   138     3    86     1   119 0.85 -
NODE_76745_length_4695_cov_36.676675:416-4085    -            102 110018at7898         -            191   1.6e-10   39.1   0.0   1   1   2.6e-12   1.8e-10   39.0   0.0     9   100     8   100     4   102 0.92 -
NODE_3813_length_16567_cov_41.020889:7565-10617  -            135 110018at7898         -            191   1.8e-10   38.9   0.0   1   1   4.5e-12     3e-10   38.2   0.0    48   132    13    97     2   129 0.84 -
NODE_155_length_32493_cov_28.407514:27319-29970  -            102 110018at7898         -            191   2.4e-10   38.5   0.3   1   1   3.8e-12   2.5e-10   38.5   0.3     8   101     2    96     1   102 0.87 -
NODE_187226_length_1727_cov_27.446560:912-1382   -            157 110018at7898         -            191     3e-10   38.2   0.0   1   1   4.8e-12   3.3e-10   38.1   0.0    12   133     2   125     1   154 0.88 -
NODE_18547_length_10152_cov_32.841241:1852-2607  -            126 110018at7898         -            191   3.9e-10   37.9   0.1   1   2   1.1e-09   7.8e-08   30.4   0.0    44   125     6    88     1    95 0.83 -
NODE_18547_length_10152_cov_32.841241:1852-2607  -            126 110018at7898         -            191   3.9e-10   37.9   0.1   2   2    0.0016      0.11   10.3   0.0   130   176    76   122    74   126 0.81 -
NODE_119823_length_3148_cov_38.320105:402-743    -            114 110018at7898         -            191     1e-09   36.5   0.0   1   1   1.7e-11   1.2e-09   36.3   0.0    59   153     1   100     1   110 0.79 -
NODE_8008_length_13484_cov_38.282331:5950-7940   -            115 110018at7898         -            191   6.2e-09   33.9   0.1   1   1   1.2e-09   8.4e-08   30.3   0.1    58   175     2   108     1   112 0.87 -
NODE_29311_length_8310_cov_44.132383:3970-5794   -            130 110018at7898         -            191     7e-09   33.8   0.0   1   1   1.2e-10   7.9e-09   33.6   0.0    13   126     2   117     1   128 0.88 -
NODE_18264_length_10214_cov_40.773801:1886-3886  -            141 110018at7898         -            191   1.3e-08   32.9   0.0   1   1   1.3e-09   8.5e-08   30.2   0.0    58   174     1   106     1   118 0.77 -
NODE_4910_length_15466_cov_39.181493:5719-8486   -             96 110018at7898         -            191   4.7e-08   31.1   0.0   1   1   7.7e-10   5.2e-08   30.9   0.0    49   123    13    89     6    96 0.86 -
NODE_26683_length_8680_cov_29.342268:1264-5115   -            105 110018at7898         -            191   7.2e-08   30.5   0.0   1   1   1.2e-09     8e-08   30.3   0.0    50   125     9    85     2   100 0.86 -
NODE_8640_length_13172_cov_119.929626:5611-8080  -            120 110018at7898         -            191   7.6e-08   30.4   0.0   1   1   1.6e-08   1.1e-06   26.6   0.0    49   128     7    86     2   120 0.74 -
NODE_13046_length_11537_cov_38.772076:2397-6611  -             92 110018at7898         -            191   2.4e-07   28.8   0.0   1   1   3.9e-09   2.7e-07   28.6   0.0    44   126     6    88     2    92 0.79 -
NODE_598_length_25049_cov_47.362124:14015-19516  -            128 110018at7898         -            191   2.6e-07   28.7   0.0   1   1   5.3e-09   3.6e-07   28.2   0.0    10   105    18   109    13   128 0.80 -
NODE_33192_length_7838_cov_42.202481:4678-5136   -            153 110018at7898         -            191   2.5e-06   25.4   0.2   1   2    0.0016      0.11   10.3   0.0    54    81    29    56    21    68 0.83 -
NODE_33192_length_7838_cov_42.202481:4678-5136   -            153 110018at7898         -            191   2.5e-06   25.4   0.2   2   2   0.00021     0.014   13.2   0.2    82   129    93   141    82   152 0.78 -
NODE_25283_length_8904_cov_40.651221:5046-5690   -            105 110018at7898         -            191   8.7e-06   23.7   0.0   1   2   1.9e-06   0.00013   19.9   0.0    63   130     1    66     1    75 0.86 -
NODE_25283_length_8904_cov_40.651221:5046-5690   -            105 110018at7898         -            191   8.7e-06   23.7   0.0   2   2      0.36        25    2.6   0.0   152   179    72    99    65   104 0.83 -
NODE_40787_length_7044_cov_29.754932:2023-2391   -            123 110018at7898         -            191     1e-05   23.4   0.0   1   1   1.6e-07   1.1e-05   23.3   0.0    58   138     2    86     1   115 0.75 -
NODE_30455_length_8159_cov_32.411166:2124-4811   -            117 110018at7898         -            191   1.4e-05   23.0   0.0   1   2   9.5e-07   6.5e-05   20.8   0.0    15    80     9    67     2    84 0.70 -
NODE_30455_length_8159_cov_32.411166:2124-4811   -            117 110018at7898         -            191   1.4e-05   23.0   0.0   2   2       1.1        72    1.1   0.0   101   132    69   102    64   114 0.63 -
NODE_115211_length_3279_cov_36.369182:1669-1893  -             75 110018at7898         -            191   3.4e-05   21.8   0.0   1   1   5.5e-07   3.7e-05   21.6   0.0    62   125     2    70     1    74 0.76 -
NODE_6665_length_14206_cov_4.789608:10525-10992  -            156 110018at7898         -            191   5.5e-05   21.1   0.0   1   1   9.1e-07   6.2e-05   20.9   0.0    11   125     1   116     1   151 0.89 -
NODE_20042_length_9837_cov_31.863935:2008-6426   -            212 110018at7898         -            191   7.9e-05   20.6   0.0   1   1   3.3e-06   0.00022   19.1   0.0    61   127    69   135    64   182 0.83 -
NODE_21072_length_9637_cov_39.369889:873-3021    -             96 110018at7898         -            191   0.00022   19.1   0.1   1   1   1.8e-05    0.0012   16.7   0.1    67   145     1    66     1    95 0.75 -
NODE_82507_length_4438_cov_34.448029:1146-2580   -            109 110018at7898         -            191   0.00023   19.0   0.2   1   2     0.039       2.7    5.8   0.3    11    31     1    21     1    61 0.87 -
NODE_82507_length_4438_cov_34.448029:1146-2580   -            109 110018at7898         -            191   0.00023   19.0   0.2   2   2   0.00038     0.026   12.4   0.0    27    76    50   100    21   107 0.63 -
NODE_80051_length_4546_cov_24.377558:3474-3782   -            103 110018at7898         -            191   0.00039   18.3   0.0   1   2     0.001      0.07   10.9   0.0     8    39     2    33     1    44 0.88 -
NODE_80051_length_4546_cov_24.377558:3474-3782   -            103 110018at7898         -            191   0.00039   18.3   0.0   2   2     0.034       2.3    6.0   0.0    50    68    84   102    51   103 0.84 -
NODE_84398_length_4359_cov_39.159624:3689-4182   -             83 110018at7898         -            191   0.00042   18.2   0.0   1   1     7e-06   0.00047   18.0   0.0    63   136     1    73     1    81 0.85 -
NODE_75487_length_4756_cov_34.786343:3094-3417   -            108 110018at7898         -            191    0.0012   16.7   0.0   1   1   2.2e-05    0.0015   16.4   0.0    59   131     4    81     2    97 0.79 -
NODE_21903_length_9480_cov_37.752585:3697-7300   -             95 110018at7898         -            191    0.0021   15.9   0.0   1   1   3.3e-05    0.0022   15.8   0.0    63   137     1    74     1    92 0.86 -
NODE_19058_length_10044_cov_32.415284:9013-9519  -            169 110018at7898         -            191    0.0021   15.9   0.0   1   1   3.4e-05    0.0023   15.8   0.0    11   124     2   118     1   149 0.71 -
NODE_110087_length_3435_cov_23.450839:232-648    -            139 110018at7898         -            191    0.0024   15.7   0.1   1   1   0.00013    0.0091   13.8   0.1    85   175     9    90     1   100 0.74 -
NODE_125994_length_2979_cov_37.702778:1122-2061  -            165 110018at7898         -            191     0.031   12.1   0.0   1   1   0.00062     0.042   11.7   0.0    61   127    30    96    23   112 0.77 -
#
# Program:         hmmsearch
# Version:         3.1b2 (February 2015)
# Pipeline mode:   SEARCH
# Query file:      /home/e1garcia/shotgun_PIRE/abyss/busco_downloads/lineages/actinopterygii_odb10/hmms/110018at7898.hmm
# Target file:     /home/e1garcia/shotgun_PIRE/pire_ssl_data_processing/plotosus_lineatus/busco_scaffolds_results-SPAdes_decontam_R1R2_noIsolate/run_actinopterygii_odb10/metaeuk_output/rerun_results/scaffolds.modified.fasta.modified.fas
# Option settings: hmmsearch --domtblout /home/e1garcia/shotgun_PIRE/pire_ssl_data_processing/plotosus_lineatus/busco_scaffolds_results-SPAdes_decontam_R1R2_noIsolate/run_actinopterygii_odb10/hmmer_output/rerun_results/110018at7898.out --cpu 1 /home/e1garcia/shotgun_PIRE/abyss/busco_downloads/lineages/actinopterygii_odb10/hmms/110018at7898.hmm /home/e1garcia/shotgun_PIRE/pire_ssl_data_processing/plotosus_lineatus/busco_scaffolds_results-SPAdes_decontam_R1R2_noIsolate/run_actinopterygii_odb10/metaeuk_output/rerun_results/scaffolds.modified.fasta.modified.fas 
# Current dir:     /home/e1garcia/shotgun_PIRE/pire_ssl_data_processing/plotosus_lineatus
# Date:            Fri Aug 20 14:41:34 2021
# [ok]
