#                                                                                                        --- full sequence --- -------------- this domain -------------   hmm coord   ali coord   env coord
# target name                                    accession   tlen query name           accession   qlen   E-value  score  bias   #  of  c-Evalue  i-Evalue  score  bias  from    to  from    to  from    to  acc description of target
#                            ------------------- ---------- ----- -------------------- ---------- ----- --------- ------ ----- --- --- --------- --------- ------ ----- ----- ----- ----- ----- ----- ----- ---- ---------------------
NODE_130584_length_2860_cov_31.641796:101-1478   -             98 111694at7898         -            153   3.5e-53  177.4   2.4   1   1   4.1e-55   3.9e-53  177.2   2.4     1    99     1    98     1    98 0.97 -
NODE_17945_length_10286_cov_38.535585:7187-8840  -            164 111694at7898         -            153   3.4e-18   63.8   0.0   1   1   4.2e-20     4e-18   63.5   0.0     6   123     4   133     1   152 0.73 -
NODE_117399_length_3215_cov_32.508344:1509-2024  -            172 111694at7898         -            153   5.1e-18   63.2   0.0   1   1   7.7e-20   7.2e-18   62.7   0.0    19   120     4   123     1   129 0.77 -
NODE_19058_length_10044_cov_32.415284:9013-9519  -            169 111694at7898         -            153   6.1e-18   62.9   0.0   1   1   8.2e-20   7.7e-18   62.6   0.0    20   118     3   118     1   135 0.80 -
NODE_50414_length_6240_cov_24.940238:3410-3922   -            171 111694at7898         -            153     7e-18   62.7   0.0   1   1   1.1e-19     1e-17   62.2   0.0    19   125     4   130     1   138 0.74 -
NODE_118122_length_3195_cov_23.538437:460-963    -            168 111694at7898         -            153   3.2e-17   60.6   0.0   1   1   4.5e-19   4.2e-17   60.2   0.0    20   119     5   121     1   135 0.77 -
NODE_62312_length_5457_cov_25.650616:3901-4413   -            171 111694at7898         -            153     7e-17   59.5   0.0   1   1   1.3e-18   1.2e-16   58.7   0.0    19   124     4   129     1   134 0.72 -
NODE_29368_length_8303_cov_37.568625:1380-1838   -            153 111694at7898         -            153   7.3e-17   59.4   0.0   1   1   9.9e-19   9.3e-17   59.1   0.0    19   125     3   123     1   144 0.79 -
NODE_17952_length_10285_cov_33.002258:1564-9440  -            127 111694at7898         -            153   1.9e-16   58.1   0.0   1   1   2.9e-18   2.7e-16   57.6   0.0     9   116     2   121     1   123 0.75 -
NODE_1237_length_21562_cov_44.819597:5402-5875   -            158 111694at7898         -            153   2.8e-16   57.6   0.0   1   1   3.6e-18   3.4e-16   57.3   0.0    17   119     2   116     1   130 0.83 -
NODE_139540_length_2642_cov_31.311050:1700-2173  -            158 111694at7898         -            153   3.7e-16   57.1   0.0   1   1   4.9e-18   4.6e-16   56.8   0.0    17   118     2   115     1   129 0.83 -
NODE_161518_length_2177_cov_34.033686:742-1763   -             85 111694at7898         -            153     1e-15   55.7   0.2   1   1   1.6e-17   1.5e-15   55.2   0.2    17   103     1    82     1    85 0.84 -
NODE_44384_length_6720_cov_33.172179:156-1235    -            114 111694at7898         -            153   3.3e-15   54.0   0.0   1   1   4.7e-17   4.4e-15   53.6   0.0    15   116     1   114     1   114 0.75 -
NODE_78036_length_4636_cov_40.338329:1631-3200   -            160 111694at7898         -            153   6.1e-15   53.2   0.1   1   1   9.2e-17   8.7e-15   52.7   0.1    19   119     4   113     1   145 0.79 -
NODE_77665_length_4653_cov_30.386254:2728-3355   -            114 111694at7898         -            153   7.4e-15   52.9   0.0   1   1     1e-16   9.8e-15   52.5   0.0    15   116     1   114     1   114 0.74 -
NODE_26546_length_8701_cov_91.267845:3069-7032   -            189 111694at7898         -            153   7.8e-15   52.8   0.1   1   1   1.3e-16   1.2e-14   52.2   0.1    23   119     2   110     1   149 0.73 -
NODE_25989_length_8793_cov_38.236600:1765-4336   -            129 111694at7898         -            153   1.3e-14   52.1   0.0   1   1   1.9e-16   1.8e-14   51.6   0.0    22   120     2   111     1   124 0.74 -
NODE_54314_length_5964_cov_37.064791:1014-1493   -            160 111694at7898         -            153   1.7e-14   51.7   0.0   1   1   2.5e-16   2.4e-14   51.3   0.0    18   118    11   124     3   135 0.72 -
NODE_27818_length_8516_cov_39.534038:1351-1824   -            158 111694at7898         -            153   5.3e-14   50.1   0.0   1   1   7.6e-16   7.2e-14   49.7   0.0    20   118     4   118     1   147 0.77 -
NODE_61269_length_5517_cov_23.559247:1975-2865   -            146 111694at7898         -            153   6.5e-12   43.4   0.2   1   2   2.9e-07   2.8e-05   21.8   0.1    15    84     1    78     1    95 0.67 -
NODE_61269_length_5517_cov_23.559247:1975-2865   -            146 111694at7898         -            153   6.5e-12   43.4   0.2   2   2   1.2e-06   0.00011   19.9   0.0    77   116   103   146    91   146 0.84 -
NODE_4925_length_15452_cov_36.887318:1140-4040   -            120 111694at7898         -            153   7.7e-12   43.1   0.1   1   1   1.2e-13   1.1e-11   42.6   0.1    23   104     1    89     1   119 0.68 -
NODE_56492_length_5815_cov_35.030966:1350-4461   -            119 111694at7898         -            153   1.7e-11   42.0   0.0   1   1   1.9e-13   1.8e-11   41.9   0.0    52   132     6    94     1   109 0.71 -
NODE_74330_length_4811_cov_77.345076:1622-3069   -            125 111694at7898         -            153   3.9e-10   37.6   0.0   1   1   6.3e-12   5.9e-10   37.0   0.0    61   118     6    70     2   102 0.80 -
NODE_137916_length_2681_cov_32.462432:1311-2189  -            117 111694at7898         -            153   7.2e-09   33.5   0.0   1   1   8.2e-11   7.7e-09   33.4   0.0    59   123    14    86     1   108 0.72 -
NODE_42419_length_6893_cov_33.755225:398-2256    -            103 111694at7898         -            153     1e-08   33.0   0.0   1   1   1.9e-10   1.8e-08   32.2   0.0    20   116     5   103     2   103 0.76 -
NODE_4475_length_15878_cov_34.760378:11494-12097 -            102 111694at7898         -            153   2.9e-08   31.5   0.0   1   1   5.1e-10   4.8e-08   30.8   0.0    14   116     1   102     1   102 0.79 -
NODE_878_length_23011_cov_29.589473:21510-21887  -             98 111694at7898         -            153   8.2e-08   30.0   0.0   1   1   1.2e-09   1.1e-07   29.6   0.0    72   119     6    57     3    73 0.83 -
NODE_97759_length_3841_cov_38.972207:1587-1823   -             79 111694at7898         -            153   3.1e-07   28.2   0.0   1   1   3.3e-09   3.1e-07   28.2   0.0    61   103    22    67     5    79 0.81 -
NODE_38426_length_7276_cov_32.864846:2717-2959   -             81 111694at7898         -            153   1.8e-05   22.4   0.0   1   1     2e-07   1.9e-05   22.4   0.0    62   103    25    69    15    81 0.77 -
NODE_26072_length_8780_cov_22.204124:1006-1512   -            169 111694at7898         -            153   0.00012   19.8   0.0   1   1   2.4e-06   0.00022   18.9   0.0    16   140     8   149     3   159 0.72 -
NODE_40787_length_7044_cov_29.754932:2023-2391   -            123 111694at7898         -            153   0.00014   19.5   0.0   1   2   4.1e-06   0.00039   18.1   0.0    61   122     6    75     2    85 0.78 -
NODE_40787_length_7044_cov_29.754932:2023-2391   -            123 111694at7898         -            153   0.00014   19.5   0.0   2   2       3.2     3e+02   -1.0   0.0    70   105    82   117    76   120 0.76 -
NODE_18547_length_10152_cov_32.841241:1852-2607  -            126 111694at7898         -            153   0.00014   19.5   0.0   1   1   1.7e-06   0.00016   19.3   0.0    55   119    17    88     5   113 0.83 -
NODE_11109_length_12164_cov_25.531455:7585-8166  -            127 111694at7898         -            153    0.0002   19.1   0.0   1   1   2.3e-06   0.00021   19.0   0.0    44   119    42   122     3   127 0.75 -
NODE_6665_length_14206_cov_4.789608:10525-10992  -            156 111694at7898         -            153   0.00026   18.7   0.1   1   1   3.4e-06   0.00032   18.4   0.1    59   125    51   122     2   136 0.74 -
NODE_76745_length_4695_cov_36.676675:416-4085    -            102 111694at7898         -            153   0.00042   18.0   0.3   1   1   1.1e-05     0.001   16.8   0.3    18    93     9    97     3   101 0.68 -
NODE_489_length_26174_cov_36.398773:8811-13377   -            159 111694at7898         -            153   0.00057   17.6   0.0   1   1     1e-05   0.00094   16.9   0.0    22   117     6   117     1   130 0.67 -
NODE_20042_length_9837_cov_31.863935:2008-6426   -            212 111694at7898         -            153   0.00064   17.4   0.0   1   1   1.4e-05    0.0013   16.4   0.0    56   117    65   131     6   142 0.69 -
NODE_179_length_31613_cov_37.840928:18601-22533  -            167 111694at7898         -            153   0.00083   17.0   0.0   1   1   1.5e-05    0.0014   16.3   0.0    49   120    44   122     1   141 0.65 -
NODE_7343_length_13818_cov_44.472848:667-1095    -            143 111694at7898         -            153    0.0033   15.1   0.0   1   1   5.3e-05     0.005   14.5   0.0    61   130     7    84     3    90 0.76 -
NODE_4910_length_15466_cov_39.181493:5719-8486   -             96 111694at7898         -            153     0.005   14.5   0.0   1   1   8.3e-05    0.0078   13.9   0.0    60    97    25    65     6    94 0.80 -
NODE_26683_length_8680_cov_29.342268:1264-5115   -            105 111694at7898         -            153    0.0054   14.4   0.0   1   1   6.6e-05    0.0062   14.2   0.0    59   128    19    94     3   104 0.75 -
NODE_74630_length_4798_cov_27.825708:2115-4544   -            173 111694at7898         -            153    0.0065   14.1   0.0   1   1    0.0001    0.0099   13.6   0.0    57   118    47   114     2   122 0.71 -
NODE_1343_length_21157_cov_44.573464:653-1878    -            159 111694at7898         -            153    0.0071   14.0   0.0   1   1   0.00013     0.012   13.3   0.0    29    94     2    80     1   123 0.61 -
NODE_8640_length_13172_cov_119.929626:5611-8080  -            120 111694at7898         -            153    0.0097   13.6   0.0   1   1   0.00019     0.018   12.7   0.0    55   113    13    74     5    90 0.71 -
NODE_1395_length_20994_cov_33.178320:4652-11914  -            153 111694at7898         -            153     0.013   13.1   0.0   1   1   0.00017     0.016   12.9   0.0    55    93    46    85     2   128 0.63 -
NODE_34407_length_7694_cov_33.711521:6686-7159   -            158 111694at7898         -            153     0.013   13.1   0.0   1   1   0.00017     0.016   12.9   0.0    49   132    43   132     1   149 0.70 -
NODE_16012_length_10729_cov_28.892756:3756-5716  -            152 111694at7898         -            153     0.015   13.0   0.1   1   1   0.00021      0.02   12.6   0.1    57    96    48    87     1   127 0.65 -
NODE_13046_length_11537_cov_38.772076:2397-6611  -             92 111694at7898         -            153     0.019   12.7   0.0   1   1   0.00023     0.022   12.4   0.0    46   118    10    86     4    90 0.68 -
NODE_119823_length_3148_cov_38.320105:402-743    -            114 111694at7898         -            153     0.049   11.3   0.0   1   1   0.00069     0.065   10.9   0.0    61   110     4    57     2    76 0.68 -
#
# Program:         hmmsearch
# Version:         3.1b2 (February 2015)
# Pipeline mode:   SEARCH
# Query file:      /home/e1garcia/shotgun_PIRE/abyss/busco_downloads/lineages/actinopterygii_odb10/hmms/111694at7898.hmm
# Target file:     /home/e1garcia/shotgun_PIRE/pire_ssl_data_processing/plotosus_lineatus/busco_scaffolds_results-SPAdes_decontam_R1R2_noIsolate/run_actinopterygii_odb10/metaeuk_output/rerun_results/scaffolds.modified.fasta.modified.fas
# Option settings: hmmsearch --domtblout /home/e1garcia/shotgun_PIRE/pire_ssl_data_processing/plotosus_lineatus/busco_scaffolds_results-SPAdes_decontam_R1R2_noIsolate/run_actinopterygii_odb10/hmmer_output/rerun_results/111694at7898.out --cpu 1 /home/e1garcia/shotgun_PIRE/abyss/busco_downloads/lineages/actinopterygii_odb10/hmms/111694at7898.hmm /home/e1garcia/shotgun_PIRE/pire_ssl_data_processing/plotosus_lineatus/busco_scaffolds_results-SPAdes_decontam_R1R2_noIsolate/run_actinopterygii_odb10/metaeuk_output/rerun_results/scaffolds.modified.fasta.modified.fas 
# Current dir:     /home/e1garcia/shotgun_PIRE/pire_ssl_data_processing/plotosus_lineatus
# Date:            Fri Aug 20 14:40:22 2021
# [ok]
