#                                                                                                        --- full sequence --- -------------- this domain -------------   hmm coord   ali coord   env coord
# target name                                    accession   tlen query name           accession   qlen   E-value  score  bias   #  of  c-Evalue  i-Evalue  score  bias  from    to  from    to  from    to  acc description of target
#                            ------------------- ---------- ----- -------------------- ---------- ----- --------- ------ ----- --- --- --------- --------- ------ ----- ----- ----- ----- ----- ----- ----- ---- ---------------------
NODE_23148_length_9255_cov_34.523373:5332-6360   -            343 17288at7898          -            788   6.8e-48  161.4   1.4   1   3   8.4e-20   8.4e-18   61.9   0.0   105   252     2   159     1   160 0.88 -
NODE_23148_length_9255_cov_34.523373:5332-6360   -            343 17288at7898          -            788   6.8e-48  161.4   1.4   2   3   1.9e-18   1.9e-16   57.4   0.0    76   225   113   265   108   266 0.91 -
NODE_23148_length_9255_cov_34.523373:5332-6360   -            343 17288at7898          -            788   6.8e-48  161.4   1.4   3   3   1.4e-17   1.4e-15   54.5   0.2   101   256   174   333   168   342 0.92 -
NODE_3811_length_16569_cov_31.751973:9869-10894  -            342 17288at7898          -            788   1.4e-43  147.1   7.7   1   2   2.5e-22   2.5e-20   70.2   0.5    69   213    24   169    13   172 0.95 -
NODE_3811_length_16569_cov_31.751973:9869-10894  -            342 17288at7898          -            788   1.4e-43  147.1   7.7   2   2   2.4e-27   2.4e-25   86.8   2.5    70   244   158   335   153   342 0.92 -
NODE_768_length_23726_cov_56.450629:5341-6441    -            367 17288at7898          -            788   1.8e-37  126.9   5.6   1   2     4e-23     4e-21   72.9   1.2    71   252    34   220    31   221 0.92 -
NODE_768_length_23726_cov_56.450629:5341-6441    -            367 17288at7898          -            788   1.8e-37  126.9   5.6   2   2   8.4e-18   8.4e-16   55.2   0.2    59   188   224   354   215   362 0.89 -
NODE_5008_length_15369_cov_38.484086:3003-4001   -            333 17288at7898          -            788   3.5e-37  126.0  10.2   1   3   1.6e-10   1.6e-08   31.2   0.3   160   248     8    98     2   105 0.80 -
NODE_5008_length_15369_cov_38.484086:3003-4001   -            333 17288at7898          -            788   3.5e-37  126.0  10.2   2   3   1.3e-21   1.3e-19   67.9   0.2    70   226   116   272    96   273 0.97 -
NODE_5008_length_15369_cov_38.484086:3003-4001   -            333 17288at7898          -            788   3.5e-37  126.0  10.2   3   3   2.5e-15   2.5e-13   47.1   0.5    76   221   188   333   187   333 0.96 -
NODE_12202_length_11804_cov_29.004870:4583-5770  -            396 17288at7898          -            788   1.2e-36  124.2   3.8   1   3   5.7e-08   5.7e-06   22.7   0.0   154   224     2    72     1    76 0.94 -
NODE_12202_length_11804_cov_29.004870:4583-5770  -            396 17288at7898          -            788   1.2e-36  124.2   3.8   2   3   8.7e-23   8.7e-21   71.7   1.2    50   221    64   235    62   239 0.93 -
NODE_12202_length_11804_cov_29.004870:4583-5770  -            396 17288at7898          -            788   1.2e-36  124.2   3.8   3   3   2.8e-11   2.8e-09   33.7   0.0   146   261   226   343   222   369 0.87 -
NODE_23148_length_9255_cov_34.523373:5953-6831   -            293 17288at7898          -            788   2.6e-28   96.6   0.1   1   2   1.7e-16   1.7e-14   50.9   0.0    70   226     2   160     1   171 0.93 -
NODE_23148_length_9255_cov_34.523373:5953-6831   -            293 17288at7898          -            788   2.6e-28   96.6   0.1   2   2   1.8e-14   1.8e-12   44.2   0.0    70   189   170   290   165   293 0.88 -
NODE_70315_length_5013_cov_29.526048:2685-4541   -            356 17288at7898          -            788   1.5e-22   77.6   6.7   1   2   9.1e-19   9.1e-17   58.4   2.2    73   214    15   155     7   162 0.92 -
NODE_70315_length_5013_cov_29.526048:2685-4541   -            356 17288at7898          -            788   1.5e-22   77.6   6.7   2   2   1.3e-07   1.3e-05   21.6   0.2    82   190   166   278   161   285 0.71 -
NODE_128495_length_2914_cov_32.075666:771-2216   -            259 17288at7898          -            788   1.2e-21   74.6   4.0   1   2   3.5e-19   3.5e-17   59.8   1.0    73   214    15   156     7   164 0.93 -
NODE_128495_length_2914_cov_32.075666:771-2216   -            259 17288at7898          -            788   1.2e-21   74.6   4.0   2   2   5.3e-06   0.00053   16.2   0.1   145   206   161   222   155   229 0.87 -
NODE_1720_length_20131_cov_43.979583:15286-15843 -            186 17288at7898          -            788   2.7e-20   70.1   0.0   1   2   1.5e-16   1.5e-14   51.1   0.0   134   251    11   131     3   132 0.91 -
NODE_1720_length_20131_cov_43.979583:15286-15843 -            186 17288at7898          -            788   2.7e-20   70.1   0.0   2   2   3.1e-08   3.1e-06   23.6   0.0   154   239    98   185    97   186 0.91 -
NODE_125169_length_3001_cov_28.849414:1884-2545  -            128 17288at7898          -            788   1.5e-19   67.7   0.7   1   2   3.8e-13   3.8e-11   39.8   0.0   171   253     1    84     1    87 0.91 -
NODE_125169_length_3001_cov_28.849414:1884-2545  -            128 17288at7898          -            788   1.5e-19   67.7   0.7   2   2   6.3e-11   6.3e-09   32.5   0.1    71   133    65   127    64   128 0.95 -
NODE_278_length_28962_cov_38.794962:18985-19536  -            184 17288at7898          -            788   4.2e-19   66.2   3.1   1   2   9.4e-09   9.4e-07   25.3   0.1   108   217     3   126     1   129 0.82 -
NODE_278_length_28962_cov_38.794962:18985-19536  -            184 17288at7898          -            788   4.2e-19   66.2   3.1   2   2   1.2e-15   1.2e-13   48.1   0.4    91   209    64   184    55   184 0.90 -
NODE_3974_length_16373_cov_30.217279:4346-5032   -            229 17288at7898          -            788   3.1e-18   63.3   0.8   1   2      0.58        58   -0.4   0.0   101   125    29    53    22    67 0.69 -
NODE_3974_length_16373_cov_30.217279:4346-5032   -            229 17288at7898          -            788   3.1e-18   63.3   0.8   2   2   1.1e-19   1.1e-17   61.4   0.8    94   253    64   224    32   226 0.90 -
NODE_31201_length_8071_cov_48.009032:969-6545    -            337 17288at7898          -            788   6.1e-18   62.3   5.0   1   2   1.3e-17   1.3e-15   54.7   0.7    67   223   116   271   108   283 0.88 -
NODE_31201_length_8071_cov_48.009032:969-6545    -            337 17288at7898          -            788   6.1e-18   62.3   5.0   2   2   0.00034     0.034   10.3   0.3   152   205   274   327   269   333 0.58 -
NODE_61348_length_5512_cov_34.228709:397-4590    -            204 17288at7898          -            788   6.3e-17   59.0   1.0   1   2   0.00092     0.092    8.8   0.0    76   122     6    52     1    60 0.49 -
NODE_61348_length_5512_cov_34.228709:397-4590    -            204 17288at7898          -            788   6.3e-17   59.0   1.0   2   2   6.3e-16   6.3e-14   49.1   0.4    64   196    61   197    48   203 0.85 -
NODE_26963_length_8640_cov_28.458494:5843-6334   -            164 17288at7898          -            788   6.6e-17   58.9   2.3   1   1   7.6e-19   7.6e-17   58.7   2.3   100   252     9   162     4   164 0.94 -
NODE_12091_length_11838_cov_53.144135:297-863    -            189 17288at7898          -            788   1.8e-14   50.9   0.1   1   1   1.4e-15   1.4e-13   47.9   0.1    73   231    20   179    17   188 0.89 -
NODE_18898_length_10075_cov_33.972634:8077-8424  -            116 17288at7898          -            788   3.4e-13   46.6   0.0   1   1   3.6e-15   3.6e-13   46.5   0.0    82   177     7   101     1   113 0.87 -
NODE_14990_length_10994_cov_36.057458:9454-9753  -            100 17288at7898          -            788   4.1e-13   46.4   0.1   1   1   4.5e-15   4.5e-13   46.2   0.1   136   220    14    98     3   100 0.91 -
NODE_51441_length_6165_cov_28.965051:1691-4463   -            179 17288at7898          -            788   8.6e-12   42.0   0.1   1   2   1.1e-12   1.1e-10   38.3   0.1   141   240    12   116     5   130 0.68 -
NODE_51441_length_6165_cov_28.965051:1691-4463   -            179 17288at7898          -            788   8.6e-12   42.0   0.1   2   2     0.095       9.5    2.2   0.0   173   239   130   165   116   177 0.53 -
NODE_88013_length_4206_cov_109.858047:791-1096   -            102 17288at7898          -            788   2.4e-11   40.5   0.6   1   1   3.4e-13   3.4e-11   40.0   0.6   103   195    10   102     3   102 0.93 -
NODE_35726_length_7553_cov_37.309364:5502-5900   -            133 17288at7898          -            788   4.2e-11   39.7   0.0   1   1   1.3e-12   1.3e-10   38.1   0.0    68   172     7   110     1   116 0.89 -
NODE_293483_length_575_cov_1.279412:164-574      -            137 17288at7898          -            788   5.2e-11   39.4   0.0   1   1   5.8e-13   5.8e-11   39.2   0.0   138   238    24   126     7   135 0.88 -
NODE_15818_length_10777_cov_34.325248:8344-9096  -            251 17288at7898          -            788   7.9e-11   38.8   1.6   1   3   0.00015     0.015   11.4   0.0   168   210    42    84    13    88 0.83 -
NODE_15818_length_10777_cov_34.325248:8344-9096  -            251 17288at7898          -            788   7.9e-11   38.8   1.6   2   3   3.8e-07   3.8e-05   20.0   0.0    83   130    89   136    85   141 0.93 -
NODE_15818_length_10777_cov_34.325248:8344-9096  -            251 17288at7898          -            788   7.9e-11   38.8   1.6   3   3    0.0079      0.79    5.7   0.1    70    98   151   179   142   221 0.83 -
NODE_7194_length_13905_cov_29.547878:1768-5589   -            112 17288at7898          -            788   8.6e-11   38.7   0.6   1   2   2.3e-05    0.0023   14.1   0.0    80   126     3    49     1    51 0.72 -
NODE_7194_length_13905_cov_29.547878:1768-5589   -            112 17288at7898          -            788   8.6e-11   38.7   0.6   2   2   1.9e-08   1.9e-06   24.3   0.1   169   213    50    94    46   111 0.80 -
NODE_102501_length_3680_cov_31.234292:460-831    -            124 17288at7898          -            788   8.9e-11   38.6   0.0   1   2   0.00059     0.059    9.5   0.0   175   216     5    46     1    55 0.82 -
NODE_102501_length_3680_cov_31.234292:460-831    -            124 17288at7898          -            788   8.9e-11   38.6   0.0   2   2   1.3e-09   1.3e-07   28.1   0.0   146   221    48   124    45   124 0.89 -
NODE_122267_length_3080_cov_28.986246:2012-2428  -            139 17288at7898          -            788   9.7e-11   38.5   0.0   1   1   1.1e-12   1.1e-10   38.3   0.0   161   252    10   104     4   124 0.83 -
NODE_74655_length_4797_cov_26.074074:4057-4356   -            100 17288at7898          -            788   4.9e-10   36.2   0.4   1   1   5.2e-12   5.2e-10   36.1   0.4   136   216    18    98     6   100 0.91 -
NODE_43542_length_6794_cov_27.685586:2809-3141   -            111 17288at7898          -            788   1.2e-09   35.0   0.1   1   1   1.7e-11   1.7e-09   34.4   0.1   104   200     4   102     1   109 0.89 -
NODE_106423_length_3552_cov_45.658558:1452-1760  -            103 17288at7898          -            788   3.2e-09   33.5   0.0   1   1   3.5e-11   3.5e-09   33.4   0.0   175   260     4    91     1   101 0.87 -
NODE_170890_length_2004_cov_22.409449:332-996    -            180 17288at7898          -            788   7.6e-09   32.3   1.6   1   1   9.9e-11   9.9e-09   31.9   1.6   103   218    64   177    58   180 0.91 -
NODE_74408_length_4808_cov_33.744744:1452-1739   -             96 17288at7898          -            788   8.1e-09   32.2   0.8   1   1   1.4e-10   1.4e-08   31.4   0.8   138   221    11    93     6    96 0.56 -
NODE_15819_length_10777_cov_31.810826:5073-5540  -            156 17288at7898          -            788   9.9e-09   31.9   0.5   1   1   1.2e-10   1.2e-08   31.6   0.5    86   187    45   150    17   153 0.89 -
NODE_5918_length_14679_cov_40.477298:4711-5052   -            114 17288at7898          -            788   2.8e-08   30.4   0.1   1   1   1.1e-09   1.1e-07   28.4   0.1    99   177    23   100     6   106 0.69 -
NODE_70106_length_5024_cov_31.899492:2060-2422   -            121 17288at7898          -            788   4.2e-08   29.8   0.1   1   1   4.7e-10   4.7e-08   29.6   0.1    72   143    32   110    10   119 0.84 -
NODE_105596_length_3578_cov_38.068410:2464-2859  -            132 17288at7898          -            788   1.2e-07   28.3   0.0   1   2   0.00011     0.011   11.9   0.0   179   225     2    48     1    66 0.86 -
NODE_105596_length_3578_cov_38.068410:2464-2859  -            132 17288at7898          -            788   1.2e-07   28.3   0.0   2   2   1.4e-05    0.0014   14.8   0.0   167   220    78   132    66   132 0.88 -
NODE_12161_length_11815_cov_39.266302:6292-6708  -            139 17288at7898          -            788   2.4e-07   27.3   0.3   1   2    0.0018      0.18    7.9   0.0    71    97     6    32     3    39 0.88 -
NODE_12161_length_11815_cov_39.266302:6292-6708  -            139 17288at7898          -            788   2.4e-07   27.3   0.3   2   2   1.4e-06   0.00014   18.1   0.1    65   131    42   105    33   130 0.85 -
NODE_82832_length_4424_cov_31.915376:1585-3028   -            120 17288at7898          -            788   7.5e-07   25.6   0.0   1   2   3.5e-05    0.0035   13.5   0.0   172   244     4    79     1    80 0.84 -
NODE_82832_length_4424_cov_31.915376:1585-3028   -            120 17288at7898          -            788   7.5e-07   25.6   0.0   2   2   1.9e-05    0.0019   14.4   0.0    64   122    62   120    59   120 0.95 -
NODE_7699_length_13646_cov_39.873994:5520-5861   -            114 17288at7898          -            788   7.8e-07   25.6   0.1   1   1     8e-09     8e-07   25.6   0.1   167   223    21    77    10   105 0.87 -
NODE_7538_length_13721_cov_32.122376:2578-2928   -            117 17288at7898          -            788   3.6e-06   23.4   0.1   1   2     0.002       0.2    7.7   0.0   186   213     6    33     2    43 0.87 -
NODE_7538_length_13721_cov_32.122376:2578-2928   -            117 17288at7898          -            788   3.6e-06   23.4   0.1   2   2   2.8e-05    0.0028   13.9   0.1    87   146    47   108    41   117 0.60 -
NODE_54043_length_5984_cov_31.346134:3617-4108   -            164 17288at7898          -            788   3.7e-06   23.4   0.1   1   2    0.0077      0.77    5.8   0.0    36    97     4    63     2    70 0.74 -
NODE_54043_length_5984_cov_31.346134:3617-4108   -            164 17288at7898          -            788   3.7e-06   23.4   0.1   2   2   2.7e-07   2.7e-05   20.5   0.1    44   131    44   136    41   155 0.80 -
NODE_331908_length_448_cov_1.312321:6-284        -             93 17288at7898          -            788   4.1e-06   23.2   0.1   1   1   4.6e-08   4.6e-06   23.0   0.1    72   155     7    90     2    92 0.91 -
NODE_81638_length_4475_cov_38.021024:1919-2266   -            116 17288at7898          -            788   4.2e-05   19.9   0.0   1   2    0.0042      0.42    6.7   0.0   176   213     7    44     2    50 0.83 -
NODE_81638_length_4475_cov_38.021024:1919-2266   -            116 17288at7898          -            788   4.2e-05   19.9   0.0   2   2    0.0001      0.01   11.9   0.0    78   112    50    84    43   114 0.66 -
NODE_56986_length_5784_cov_33.701319:1286-1669   -            128 17288at7898          -            788   5.4e-05   19.5   0.3   1   1   4.1e-05    0.0041   13.3   0.1    53   130    19   101    18   124 0.77 -
NODE_57585_length_5743_cov_39.389617:1880-3366   -            208 17288at7898          -            788   0.00011   18.5   0.2   1   2   3.7e-06   0.00037   16.7   0.1   140   257     3   123     1   132 0.60 -
NODE_57585_length_5743_cov_39.389617:1880-3366   -            208 17288at7898          -            788   0.00011   18.5   0.2   2   2      0.59        59   -0.5   0.0   185   212   130   157   122   195 0.61 -
NODE_104309_length_3620_cov_33.763135:428-799    -            124 17288at7898          -            788   0.00023   17.4   0.1   1   1   2.6e-06   0.00026   17.3   0.1   133   204    39   117     9   123 0.60 -
NODE_69799_length_5040_cov_27.739729:2288-2839   -            184 17288at7898          -            788   0.00078   15.7   0.0   1   1   1.2e-05    0.0012   15.0   0.0   151   238   120   174   102   181 0.56 -
#
# Program:         hmmsearch
# Version:         3.1b2 (February 2015)
# Pipeline mode:   SEARCH
# Query file:      /home/e1garcia/shotgun_PIRE/abyss/busco_downloads/lineages/actinopterygii_odb10/hmms/17288at7898.hmm
# Target file:     /home/e1garcia/shotgun_PIRE/pire_ssl_data_processing/plotosus_lineatus/busco_scaffolds_results-SPAdes_decontam_R1R2_noIsolate/run_actinopterygii_odb10/metaeuk_output/rerun_results/scaffolds.modified.fasta.modified.fas
# Option settings: hmmsearch --domtblout /home/e1garcia/shotgun_PIRE/pire_ssl_data_processing/plotosus_lineatus/busco_scaffolds_results-SPAdes_decontam_R1R2_noIsolate/run_actinopterygii_odb10/hmmer_output/rerun_results/17288at7898.out --cpu 1 /home/e1garcia/shotgun_PIRE/abyss/busco_downloads/lineages/actinopterygii_odb10/hmms/17288at7898.hmm /home/e1garcia/shotgun_PIRE/pire_ssl_data_processing/plotosus_lineatus/busco_scaffolds_results-SPAdes_decontam_R1R2_noIsolate/run_actinopterygii_odb10/metaeuk_output/rerun_results/scaffolds.modified.fasta.modified.fas 
# Current dir:     /home/e1garcia/shotgun_PIRE/pire_ssl_data_processing/plotosus_lineatus
# Date:            Fri Aug 20 14:39:19 2021
# [ok]
