#                                                                                                        --- full sequence --- -------------- this domain -------------   hmm coord   ali coord   env coord
# target name                                    accession   tlen query name           accession   qlen   E-value  score  bias   #  of  c-Evalue  i-Evalue  score  bias  from    to  from    to  from    to  acc description of target
#                            ------------------- ---------- ----- -------------------- ---------- ----- --------- ------ ----- --- --- --------- --------- ------ ----- ----- ----- ----- ----- ----- ----- ---- ---------------------
NODE_15262_length_10930_cov_34.524698:459-8373   -            664 23182at7898          -            822  3.6e-132  440.2   0.0   1   2   2.7e-56   5.9e-54  181.5   0.0    73   265   124   322    74   330 0.89 -
NODE_15262_length_10930_cov_34.524698:459-8373   -            664 23182at7898          -            822  3.6e-132  440.2   0.0   2   2   3.9e-79   8.6e-77  257.0   0.0   310   637   329   663   325   664 0.92 -
NODE_12481_length_11714_cov_36.908222:4807-10070 -            574 23182at7898          -            822   4.8e-96  320.7   0.0   1   2   5.2e-37   1.1e-34  117.7   0.0    87   256     5   170     1   175 0.90 -
NODE_12481_length_11714_cov_36.908222:4807-10070 -            574 23182at7898          -            822   4.8e-96  320.7   0.0   2   2   2.5e-62   5.5e-60  201.4   0.0   319   650   179   510   170   574 0.82 -
NODE_9495_length_12791_cov_52.461629:474-11892   -            381 23182at7898          -            822   1.9e-54  183.1   0.1   1   2   1.3e-06   0.00027   17.2   0.0   222   258     1    37     1    41 0.94 -
NODE_9495_length_12791_cov_52.461629:474-11892   -            381 23182at7898          -            822   1.9e-54  183.1   0.1   2   2   4.9e-51   1.1e-48  164.1   0.0   338   644    65   375    44   378 0.86 -
NODE_793_length_23585_cov_29.831133:578-5161     -            361 23182at7898          -            822   8.9e-54  180.9   0.0   1   2   1.7e-23   3.7e-21   73.0   0.0   153   257     2   106     1   124 0.87 -
NODE_793_length_23585_cov_29.831133:578-5161     -            361 23182at7898          -            822   8.9e-54  180.9   0.0   2   2   1.7e-33   3.8e-31  106.0   0.0   365   526   145   308   111   326 0.87 -
NODE_8433_length_13278_cov_31.233326:1902-2093   -             64 23182at7898          -            822   2.5e-29  100.0   1.7   1   1   1.2e-31   2.6e-29  100.0   1.7    82   141     3    63     1    64 0.95 -
NODE_36549_length_7463_cov_37.237371:1916-6726   -            348 23182at7898          -            822   2.2e-26   90.3   0.0   1   2   5.1e-26   1.1e-23   81.3   0.0   411   577     3   171     1   191 0.92 -
NODE_36549_length_7463_cov_37.237371:1916-6726   -            348 23182at7898          -            822   2.2e-26   90.3   0.0   2   2    0.0014      0.31    7.1   0.0   683   736   248   298   204   304 0.75 -
NODE_8433_length_13278_cov_31.233326:10136-10496 -             72 23182at7898          -            822   3.9e-26   89.5   0.3   1   1   1.9e-28   4.3e-26   89.3   0.3   244   305     1    72     1    72 0.93 -
NODE_80892_length_4507_cov_39.405172:1202-1565   -             89 23182at7898          -            822   5.4e-25   85.7   0.1   1   1   2.6e-27   5.8e-25   85.6   0.1    74   158     2    88     1    89 0.90 -
NODE_39494_length_7170_cov_35.770471:1257-1496   -             80 23182at7898          -            822   2.5e-17   60.3   0.1   1   1   1.2e-19   2.6e-17   60.2   0.1    72   146     2    79     1    80 0.87 -
NODE_38394_length_7278_cov_34.775038:2062-2244   -             61 23182at7898          -            822   5.4e-17   59.2   0.1   1   1   2.6e-19   5.8e-17   59.1   0.1   102   158     1    60     1    61 0.94 -
NODE_123508_length_3046_cov_107.025450:2781-2963 -             61 23182at7898          -            822   3.7e-15   53.1   0.1   1   1   1.8e-17   3.9e-15   53.1   0.1    72   130     2    61     1    61 0.93 -
NODE_72535_length_4901_cov_23.180758:2368-2595   -             76 23182at7898          -            822   1.2e-14   51.4   0.1   1   1   5.6e-17   1.2e-14   51.4   0.1    84   148     2    65     1    76 0.85 -
NODE_14718_length_11064_cov_32.282991:6686-6922  -             79 23182at7898          -            822   5.9e-14   49.2   0.0   1   1   2.9e-16   6.4e-14   49.0   0.0    73   148     3    72     1    78 0.88 -
NODE_138341_length_2671_cov_33.571151:1561-1767  -             69 23182at7898          -            822   3.3e-12   43.4   0.1   1   1   1.6e-14   3.6e-12   43.3   0.1    90   148     2    56     1    66 0.88 -
NODE_7094_length_13968_cov_31.333333:3010-4058   -             83 23182at7898          -            822   8.5e-11   38.7   0.0   1   1   8.6e-13   1.9e-10   37.6   0.0    74   159     2    78     1    82 0.85 -
NODE_7094_length_13968_cov_31.333333:9909-10957  -             83 23182at7898          -            822   8.5e-11   38.7   0.0   1   1   8.6e-13   1.9e-10   37.6   0.0    74   159     2    78     1    82 0.85 -
NODE_97796_length_3840_cov_24.269981:853-1910    -             85 23182at7898          -            822   6.5e-10   35.8   0.0   1   1   3.1e-12   6.8e-10   35.7   0.0    83   158     5    81     1    84 0.75 -
NODE_1909_length_19655_cov_128.423348:3398-3562  -             55 23182at7898          -            822   8.8e-08   28.7   0.1   1   1   4.4e-10   9.6e-08   28.6   0.1    97   148     1    48     1    53 0.87 -
NODE_123007_length_3059_cov_38.637500:1357-1533  -             59 23182at7898          -            822   4.2e-07   26.5   0.0   1   1     2e-09   4.5e-07   26.4   0.0    73   112    16    56     6    58 0.89 -
NODE_5_length_68997_cov_5.073166:64360-65523     -            388 23182at7898          -            822    0.0024   14.0   0.0   1   2    0.0068       1.5    4.8   0.0   167   229   126   189    24   206 0.63 -
NODE_5_length_68997_cov_5.073166:64360-65523     -            388 23182at7898          -            822    0.0024   14.0   0.0   2   2    0.0013      0.28    7.3   0.0   354   414   257   318   250   365 0.84 -
NODE_1204_length_21645_cov_35.840295:11058-11567 -             64 23182at7898          -            822     0.019   11.1   0.1   1   1   0.00059      0.13    8.3   0.1   124   145    34    55     1    64 0.75 -
#
# Program:         hmmsearch
# Version:         3.1b2 (February 2015)
# Pipeline mode:   SEARCH
# Query file:      /home/e1garcia/shotgun_PIRE/abyss/busco_downloads/lineages/actinopterygii_odb10/hmms/23182at7898.hmm
# Target file:     /home/e1garcia/shotgun_PIRE/pire_ssl_data_processing/plotosus_lineatus/busco_scaffolds_results-SPAdes_decontam_R1R2_noIsolate/run_actinopterygii_odb10/metaeuk_output/rerun_results/scaffolds.modified.fasta.modified.fas
# Option settings: hmmsearch --domtblout /home/e1garcia/shotgun_PIRE/pire_ssl_data_processing/plotosus_lineatus/busco_scaffolds_results-SPAdes_decontam_R1R2_noIsolate/run_actinopterygii_odb10/hmmer_output/rerun_results/23182at7898.out --cpu 1 /home/e1garcia/shotgun_PIRE/abyss/busco_downloads/lineages/actinopterygii_odb10/hmms/23182at7898.hmm /home/e1garcia/shotgun_PIRE/pire_ssl_data_processing/plotosus_lineatus/busco_scaffolds_results-SPAdes_decontam_R1R2_noIsolate/run_actinopterygii_odb10/metaeuk_output/rerun_results/scaffolds.modified.fasta.modified.fas 
# Current dir:     /home/e1garcia/shotgun_PIRE/pire_ssl_data_processing/plotosus_lineatus
# Date:            Fri Aug 20 14:36:29 2021
# [ok]
