#                                                                                                        --- full sequence --- -------------- this domain -------------   hmm coord   ali coord   env coord
# target name                                    accession   tlen query name           accession   qlen   E-value  score  bias   #  of  c-Evalue  i-Evalue  score  bias  from    to  from    to  from    to  acc description of target
#                            ------------------- ---------- ----- -------------------- ---------- ----- --------- ------ ----- --- --- --------- --------- ------ ----- ----- ----- ----- ----- ----- ----- ---- ---------------------
NODE_19530_length_9943_cov_38.223791:5580-8015   -            323 34646at7898          -            522    2e-208  691.3   0.7   1   1  4.8e-211  2.2e-208  691.2   0.7   214   522     1   323     1   323 0.98 -
NODE_33065_length_7851_cov_39.830108:654-1486    -            164 34646at7898          -            522   2.8e-30  103.5   0.4   1   1     7e-33   3.2e-30  103.3   0.4   372   492    43   164    29   164 0.92 -
NODE_2914_length_17720_cov_75.771863:12228-14727 -            150 34646at7898          -            522   5.6e-23   79.4   0.3   1   1   1.4e-25   6.6e-23   79.2   0.3   380   499    26   148    19   150 0.86 -
NODE_268687_length_747_cov_0.521605:71-556       -            162 34646at7898          -            522   4.1e-09   33.7   0.0   1   1   9.9e-12   4.6e-09   33.5   0.0   381   500     1   128     1   152 0.80 -
NODE_3986_length_16360_cov_29.584896:5811-14344  -            189 34646at7898          -            522   5.2e-06   23.4   0.1   1   3     0.081        37    0.8   0.1    47    70    30    52    26    67 0.79 -
NODE_3986_length_16360_cov_29.584896:5811-14344  -            189 34646at7898          -            522   5.2e-06   23.4   0.1   2   3     0.005       2.3    4.8   0.0   174   204   107   137    57   144 0.80 -
NODE_3986_length_16360_cov_29.584896:5811-14344  -            189 34646at7898          -            522   5.2e-06   23.4   0.1   3   3   6.6e-06     0.003   14.3   0.0   169   209   144   184   137   188 0.86 -
NODE_36206_length_7499_cov_40.033649:1693-6852   -            299 34646at7898          -            522    0.0024   14.6   0.1   1   2   0.00035      0.16    8.6   0.0   153   203    29    79    12    89 0.85 -
NODE_36206_length_7499_cov_40.033649:1693-6852   -            299 34646at7898          -            522    0.0024   14.6   0.1   2   2     0.021       9.5    2.8   0.0   163   203   255   295   134   298 0.53 -
NODE_792_length_23596_cov_33.653105:4175-4966    -            264 34646at7898          -            522    0.0044   13.8   0.0   1   2    0.0023       1.1    5.9   0.0   172   205    30    63    17    73 0.86 -
NODE_792_length_23596_cov_33.653105:4175-4966    -            264 34646at7898          -            522    0.0044   13.8   0.0   2   2    0.0055       2.5    4.7   0.0    45   144    81   182    71   244 0.70 -
NODE_5583_length_14928_cov_36.355452:1-3265      -            357 34646at7898          -            522     0.012   12.3   0.0   1   2    0.0088         4    4.0   0.0   167   211    86   130    72   142 0.88 -
NODE_5583_length_14928_cov_36.355452:1-3265      -            357 34646at7898          -            522     0.012   12.3   0.0   2   2    0.0021      0.97    6.0   0.0   151   200   286   335   240   353 0.81 -
NODE_8961_length_13017_cov_33.997600:5056-12401  -            269 34646at7898          -            522     0.017   11.8   0.0   1   2      0.24   1.1e+02   -0.7   0.0   175   203    13    41     6    44 0.88 -
NODE_8961_length_13017_cov_33.997600:5056-12401  -            269 34646at7898          -            522     0.017   11.8   0.0   2   2   0.00018     0.082    9.6   0.0   171   211   197   237   186   244 0.88 -
NODE_105119_length_3594_cov_29.295851:760-2201   -            410 34646at7898          -            522      0.02   11.6   0.0   1   3      0.19        87   -0.4   0.0   173   206   248   281   183   286 0.76 -
NODE_105119_length_3594_cov_29.295851:760-2201   -            410 34646at7898          -            522      0.02   11.6   0.0   2   3     0.019       8.7    2.9   0.0   173   205   290   322   271   326 0.84 -
NODE_105119_length_3594_cov_29.295851:760-2201   -            410 34646at7898          -            522      0.02   11.6   0.0   3   3   0.00065       0.3    7.7   0.0   148   198   307   357   299   362 0.87 -
#
# Program:         hmmsearch
# Version:         3.1b2 (February 2015)
# Pipeline mode:   SEARCH
# Query file:      /home/e1garcia/shotgun_PIRE/abyss/busco_downloads/lineages/actinopterygii_odb10/hmms/34646at7898.hmm
# Target file:     /home/e1garcia/shotgun_PIRE/pire_ssl_data_processing/plotosus_lineatus/busco_scaffolds_results-SPAdes_decontam_R1R2_noIsolate/run_actinopterygii_odb10/metaeuk_output/rerun_results/scaffolds.modified.fasta.modified.fas
# Option settings: hmmsearch --domtblout /home/e1garcia/shotgun_PIRE/pire_ssl_data_processing/plotosus_lineatus/busco_scaffolds_results-SPAdes_decontam_R1R2_noIsolate/run_actinopterygii_odb10/hmmer_output/rerun_results/34646at7898.out --cpu 1 /home/e1garcia/shotgun_PIRE/abyss/busco_downloads/lineages/actinopterygii_odb10/hmms/34646at7898.hmm /home/e1garcia/shotgun_PIRE/pire_ssl_data_processing/plotosus_lineatus/busco_scaffolds_results-SPAdes_decontam_R1R2_noIsolate/run_actinopterygii_odb10/metaeuk_output/rerun_results/scaffolds.modified.fasta.modified.fas 
# Current dir:     /home/e1garcia/shotgun_PIRE/pire_ssl_data_processing/plotosus_lineatus
# Date:            Fri Aug 20 14:34:19 2021
# [ok]
