#                                                                                                         --- full sequence --- -------------- this domain -------------   hmm coord   ali coord   env coord
# target name                                     accession   tlen query name           accession   qlen   E-value  score  bias   #  of  c-Evalue  i-Evalue  score  bias  from    to  from    to  from    to  acc description of target
#                             ------------------- ---------- ----- -------------------- ---------- ----- --------- ------ ----- --- --- --------- --------- ------ ----- ----- ----- ----- ----- ----- ----- ---- ---------------------
NODE_43992_length_6757_cov_31.726194:670-4222     -            366 42894at7898          -            497    2e-172  572.4  18.8   1   3   3.3e-53   1.2e-51  174.0   1.3    50   172     7   149     4   156 0.90 -
NODE_43992_length_6757_cov_31.726194:670-4222     -            366 42894at7898          -            497    2e-172  572.4  18.8   2   3     2e-36   7.5e-35  118.7   0.8   204   266   156   218   151   219 0.96 -
NODE_43992_length_6757_cov_31.726194:670-4222     -            366 42894at7898          -            497    2e-172  572.4  18.8   3   3   1.1e-88   4.1e-87  291.0   3.1   353   497   219   366   218   366 0.99 -
NODE_55847_length_5862_cov_34.359014:1474-3102    -            543 42894at7898          -            497     2e-68  229.4   3.9   1   3    0.0052      0.19    8.5   0.1     4    50     8    57     5    75 0.81 -
NODE_55847_length_5862_cov_34.359014:1474-3102    -            543 42894at7898          -            497     2e-68  229.4   3.9   2   3   4.1e-54   1.5e-52  177.0   0.3    48   411    80   461    60   463 0.82 -
NODE_55847_length_5862_cov_34.359014:1474-3102    -            543 42894at7898          -            497     2e-68  229.4   3.9   3   3   7.3e-17   2.7e-15   54.2   0.1   353   439   451   535   448   541 0.93 -
NODE_2848_length_17803_cov_38.453061:2988-4595    -            536 42894at7898          -            497     1e-58  197.4  24.4   1   2   4.7e-40   1.7e-38  130.6  16.3     9   409    27   470    22   472 0.76 -
NODE_2848_length_17803_cov_38.453061:2988-4595    -            536 42894at7898          -            497     1e-58  197.4  24.4   2   2   1.1e-24   3.9e-23   80.0   1.1   275   424   381   530   379   536 0.92 -
NODE_4487_length_15861_cov_39.191346:11864-13432  -            523 42894at7898          -            497   1.2e-58  197.1   8.4   1   2   7.8e-53   2.9e-51  172.8   6.5     9   409    13   457     5   461 0.81 -
NODE_4487_length_15861_cov_39.191346:11864-13432  -            523 42894at7898          -            497   1.2e-58  197.1   8.4   2   2   1.7e-06   6.3e-05   19.9   0.0   367   429   462   523   457   523 0.87 -
NODE_10663_length_12323_cov_35.525851:10377-11939 -            521 42894at7898          -            497     8e-55  184.5  15.0   1   4     0.041       1.5    5.5   0.1    17    50    10    43     1    60 0.81 -
NODE_10663_length_12323_cov_35.525851:10377-11939 -            521 42894at7898          -            497     8e-55  184.5  15.0   2   4   2.5e-05   0.00093   16.1   2.6    50   149    68   188    62   242 0.74 -
NODE_10663_length_12323_cov_35.525851:10377-11939 -            521 42894at7898          -            497     8e-55  184.5  15.0   3   4   6.4e-18   2.4e-16   57.6   0.2   313   420   246   353   235   353 0.88 -
NODE_10663_length_12323_cov_35.525851:10377-11939 -            521 42894at7898          -            497     8e-55  184.5  15.0   4   4   3.1e-41   1.1e-39  134.6   0.8   226   437   302   514   297   519 0.94 -
NODE_2848_length_17803_cov_38.453061:10274-11806  -            511 42894at7898          -            497     1e-53  180.9  14.7   1   3   3.8e-14   1.4e-12   45.2   2.4    17   167    10   204     1   227 0.69 -
NODE_2848_length_17803_cov_38.453061:10274-11806  -            511 42894at7898          -            497     1e-53  180.9  14.7   2   3   4.1e-32   1.5e-30  104.4   1.6   318   494   251   426   239   427 0.90 -
NODE_2848_length_17803_cov_38.453061:10274-11806  -            511 42894at7898          -            497     1e-53  180.9  14.7   3   3   4.1e-16   1.5e-14   51.7   0.2   322   435   400   511   398   511 0.95 -
NODE_854_length_23157_cov_37.333897:13092-14639   -            516 42894at7898          -            497   1.2e-52  177.4   6.2   1   2   2.6e-44   9.7e-43  144.7   1.9    40   411    51   434     1   437 0.78 -
NODE_854_length_23157_cov_37.333897:13092-14639   -            516 42894at7898          -            497   1.2e-52  177.4   6.2   2   2   5.2e-09   1.9e-07   28.2   0.2   367   436   437   505   433   514 0.87 -
NODE_854_length_23157_cov_37.333897:10652-12238   -            529 42894at7898          -            497     3e-52  176.0   4.4   1   2   8.3e-43     3e-41  139.7   1.4     9   410     6   452     3   453 0.75 -
NODE_854_length_23157_cov_37.333897:10652-12238   -            529 42894at7898          -            497     3e-52  176.0   4.4   2   2   2.1e-12   7.6e-11   39.5   0.1   354   436   444   524   443   528 0.92 -
NODE_51950_length_6129_cov_34.457877:1812-3285    -            474 42894at7898          -            497   9.5e-52  174.4   9.9   1   3   8.4e-15   3.1e-13   47.4   4.1     9   198     2   222     1   243 0.74 -
NODE_51950_length_6129_cov_34.457877:1812-3285    -            474 42894at7898          -            497   9.5e-52  174.4   9.9   2   3   2.8e-30     1e-28   98.4   0.1   309   496   235   417   230   417 0.90 -
NODE_51950_length_6129_cov_34.457877:1812-3285    -            474 42894at7898          -            497   9.5e-52  174.4   9.9   3   3   1.7e-12   6.1e-11   39.8   0.0   322   408   389   474   383   474 0.86 -
NODE_180045_length_1845_cov_94.415808:181-1746    -            522 42894at7898          -            497   1.5e-48  163.9  13.6   1   3   3.8e-13   1.4e-11   41.9   5.0    10   163     2   202     1   249 0.72 -
NODE_180045_length_1845_cov_94.415808:181-1746    -            522 42894at7898          -            497   1.5e-48  163.9  13.6   2   3      0.67        25    1.5   0.0   368   412   254   298   241   303 0.83 -
NODE_180045_length_1845_cov_94.415808:181-1746    -            522 42894at7898          -            497   1.5e-48  163.9  13.6   3   3   1.4e-37     5e-36  122.5   1.4   229   444   303   520   293   522 0.92 -
NODE_9794_length_12658_cov_31.316825:3228-5038    -            565 42894at7898          -            497   8.4e-46  154.8   8.1   1   3   6.3e-13   2.3e-11   41.2   2.0    54   269    94   328    16   332 0.73 -
NODE_9794_length_12658_cov_31.316825:3228-5038    -            565 42894at7898          -            497   8.4e-46  154.8   8.1   2   3   8.6e-13   3.2e-11   40.7   0.0   326   436   291   403   275   405 0.88 -
NODE_9794_length_12658_cov_31.316825:3228-5038    -            565 42894at7898          -            497   8.4e-46  154.8   8.1   3   3   5.1e-28   1.9e-26   90.9   0.5   224   435   334   550   329   563 0.90 -
NODE_16248_length_10670_cov_36.267808:1185-3703   -            526 42894at7898          -            497   5.7e-44  148.7   8.2   1   3   1.1e-19   4.1e-18   63.4   0.3     4   169     4   214     1   269 0.74 -
NODE_16248_length_10670_cov_36.267808:1185-3703   -            526 42894at7898          -            497   5.7e-44  148.7   8.2   2   3   5.3e-17     2e-15   54.6   0.0   332   459   278   418   255   421 0.83 -
NODE_16248_length_10670_cov_36.267808:1185-3703   -            526 42894at7898          -            497   5.7e-44  148.7   8.2   3   3   8.8e-11   3.2e-09   34.1   0.9   225   333   419   526   411   526 0.90 -
NODE_130428_length_2864_cov_34.004702:472-2085    -            538 42894at7898          -            497   1.1e-42  144.5  11.0   1   3   7.6e-18   2.8e-16   57.4   2.1     3   168     8   225     6   279 0.74 -
NODE_130428_length_2864_cov_34.004702:472-2085    -            538 42894at7898          -            497   1.1e-42  144.5  11.0   2   3   4.2e-17   1.5e-15   55.0   0.0   326   480   284   446   254   449 0.84 -
NODE_130428_length_2864_cov_34.004702:472-2085    -            538 42894at7898          -            497   1.1e-42  144.5  11.0   3   3   1.4e-11   5.3e-10   36.7   0.6   225   333   431   538   422   538 0.92 -
NODE_62835_length_5425_cov_35.843222:2302-4224    -            448 42894at7898          -            497   3.4e-41  139.6   9.5   1   1   1.3e-40   4.7e-39  132.5   9.5     4   361    29   442    26   447 0.79 -
NODE_8580_length_13201_cov_36.833155:1923-4844    -            558 42894at7898          -            497   5.1e-40  135.7   6.5   1   1   4.6e-41   1.7e-39  134.0   6.6     9   479    19   537    11   540 0.76 -
NODE_21421_length_9571_cov_32.429476:1415-6640    -            450 42894at7898          -            497   2.4e-39  133.5   1.8   1   3   5.5e-05     0.002   15.0   0.0    66   166    10   110     4   117 0.82 -
NODE_21421_length_9571_cov_32.429476:1415-6640    -            450 42894at7898          -            497   2.4e-39  133.5   1.8   2   3   1.3e-09   4.8e-08   30.2   0.0   307   364   168   227   154   235 0.85 -
NODE_21421_length_9571_cov_32.429476:1415-6640    -            450 42894at7898          -            497   2.4e-39  133.5   1.8   3   3   1.1e-26   4.2e-25   86.5   0.4   271   482   233   449   228   450 0.87 -
NODE_3016_length_17581_cov_34.893262:3598-14217   -            348 42894at7898          -            497   1.3e-37  127.7   1.2   1   1   1.3e-36   4.9e-35  119.3   1.2     7   301    15   341     9   345 0.79 -
NODE_34846_length_7644_cov_38.478860:2291-3904    -            538 42894at7898          -            497   1.7e-37  127.4  14.6   1   3   1.4e-15     5e-14   50.0   3.6     2   168     7   225     6   279 0.77 -
NODE_34846_length_7644_cov_38.478860:2291-3904    -            538 42894at7898          -            497   1.7e-37  127.4  14.6   2   3     2e-17   7.3e-16   56.0   0.1   334   472   294   438   265   446 0.81 -
NODE_34846_length_7644_cov_38.478860:2291-3904    -            538 42894at7898          -            497   1.7e-37  127.4  14.6   3   3   3.4e-07   1.2e-05   22.3   1.2   229   333   435   538   431   538 0.91 -
NODE_14525_length_11121_cov_42.891399:6724-7761   -            322 42894at7898          -            497   1.2e-35  121.3   8.3   1   2   2.3e-05   0.00084   16.2   0.8    92   162     5    80     1    93 0.78 -
NODE_14525_length_11121_cov_42.891399:6724-7761   -            322 42894at7898          -            497   1.2e-35  121.3   8.3   2   2   1.4e-33   5.1e-32  109.3   1.4   221   435   108   321    94   322 0.93 -
NODE_12411_length_11733_cov_46.216005:2260-5374   -            306 42894at7898          -            497     7e-35  118.7   0.8   1   2   5.2e-07   1.9e-05   21.6   0.0   102   214    12   127     3   132 0.72 -
NODE_12411_length_11733_cov_46.216005:2260-5374   -            306 42894at7898          -            497     7e-35  118.7   0.8   2   2   5.7e-30   2.1e-28   97.4   0.2   261   438   119   297   118   306 0.87 -
NODE_6192_length_14508_cov_42.219932:2364-4113    -            415 42894at7898          -            497   9.7e-33  111.7   0.3   1   1   7.5e-33   2.8e-31  106.9   0.3    15   325    65   415    44   415 0.75 -
NODE_17709_length_10337_cov_38.663508:2948-7079   -            465 42894at7898          -            497   5.8e-31  105.8   0.6   1   2   1.2e-21   4.4e-20   69.9   0.3     6   311    21   377    16   379 0.76 -
NODE_17709_length_10337_cov_38.663508:2948-7079   -            465 42894at7898          -            497   5.8e-31  105.8   0.6   2   2   2.7e-13     1e-11   42.4   0.0   231   357   344   464   344   465 0.91 -
NODE_673_length_24417_cov_40.986060:1019-19985    -            331 42894at7898          -            497   1.3e-30  104.7   7.8   1   1   1.3e-28     5e-27   92.9   7.8     4   265    27   331    21   331 0.72 -
NODE_22775_length_9323_cov_33.814397:1889-3994    -            489 42894at7898          -            497   2.5e-30  103.7   4.8   1   2   6.9e-11   2.5e-09   34.4   1.0     7   174    11   225     2   262 0.68 -
NODE_22775_length_9323_cov_33.814397:1889-3994    -            489 42894at7898          -            497   2.5e-30  103.7   4.8   2   2   2.9e-20   1.1e-18   65.4   0.1   261   480   267   489   262   489 0.84 -
NODE_7157_length_13929_cov_39.005857:743-2072     -            327 42894at7898          -            497   7.9e-28   95.5   0.0   1   1   3.2e-29   1.2e-27   94.9   0.0   133   431     2   308     1   325 0.85 -
NODE_52096_length_6119_cov_39.218439:313-2998     -            533 42894at7898          -            497   7.8e-27   92.2  11.3   1   3   5.1e-07   1.9e-05   21.7   3.6    42   158    40   183     1   197 0.71 -
NODE_52096_length_6119_cov_39.218439:313-2998     -            533 42894at7898          -            497   7.8e-27   92.2  11.3   2   3   8.3e-16   3.1e-14   50.7   0.0   293   454   279   440   267   448 0.91 -
NODE_52096_length_6119_cov_39.218439:313-2998     -            533 42894at7898          -            497   7.8e-27   92.2  11.3   3   3   1.3e-08   4.6e-07   27.0   0.6   244   350   417   529   413   531 0.84 -
NODE_21817_length_9499_cov_29.252979:4619-7386    -            122 42894at7898          -            497   1.2e-26   91.6   0.3   1   1   3.6e-28   1.3e-26   91.5   0.3   276   392     4   120     1   122 0.95 -
NODE_354_length_27665_cov_100.191069:14088-25935  -            365 42894at7898          -            497   3.3e-26   90.2   7.1   1   1   1.9e-26     7e-25   85.8   7.1    47   360    38   363    14   365 0.73 -
NODE_10100_length_12541_cov_39.129642:6756-8599   -            553 42894at7898          -            497     1e-24   85.2   0.2   1   3   5.5e-09     2e-07   28.2   0.0    21   160    12   194     7   204 0.70 -
NODE_10100_length_12541_cov_39.129642:6756-8599   -            553 42894at7898          -            497     1e-24   85.2   0.2   2   3   6.8e-14   2.5e-12   44.3   0.0   321   496   245   420   241   421 0.86 -
NODE_10100_length_12541_cov_39.129642:6756-8599   -            553 42894at7898          -            497     1e-24   85.2   0.2   3   3     0.069       2.6    4.7   0.0   251   287   499   535   490   548 0.88 -
NODE_18461_length_10168_cov_38.632337:339-1388    -            350 42894at7898          -            497   1.4e-24   84.8   0.4   1   2   5.3e-14   1.9e-12   44.7   0.0   275   376    97   197    69   205 0.83 -
NODE_18461_length_10168_cov_38.632337:339-1388    -            350 42894at7898          -            497   1.4e-24   84.8   0.4   2   2   3.7e-12   1.4e-10   38.6   0.1   276   383   207   321   194   346 0.83 -
NODE_153802_length_2328_cov_46.779273:1271-2320   -            350 42894at7898          -            497   9.6e-24   82.0  10.7   1   3   8.2e-05     0.003   14.4   0.0    18    49    11    42     1    57 0.82 -
NODE_153802_length_2328_cov_46.779273:1271-2320   -            350 42894at7898          -            497   9.6e-24   82.0  10.7   2   3   2.4e-10   8.8e-09   32.7   2.7    49   172    67   211    45   253 0.75 -
NODE_153802_length_2328_cov_46.779273:1271-2320   -            350 42894at7898          -            497   9.6e-24   82.0  10.7   3   3   2.2e-12     8e-11   39.4   0.3   321   410   255   344   244   349 0.91 -
NODE_301287_length_540_cov_103.458050:82-525      -            148 42894at7898          -            497   9.6e-24   82.0   0.1   1   1   1.8e-24   6.7e-23   79.2   0.1   250   395     2   145     1   148 0.87 -
NODE_35058_length_7623_cov_45.227804:7-1056       -            350 42894at7898          -            497   2.6e-23   80.6  12.4   1   2   2.7e-11     1e-09   35.8   6.1    17   167    10   205     1   214 0.68 -
NODE_35058_length_7623_cov_45.227804:7-1056       -            350 42894at7898          -            497   2.6e-23   80.6  12.4   2   2     3e-13   1.1e-11   42.2   0.4   322   410   256   344   245   349 0.74 -
NODE_5916_length_14681_cov_29.733027:7980-9918    -            419 42894at7898          -            497   5.3e-23   79.6   1.7   1   2   1.9e-15   6.9e-14   49.5   0.1    18   159    30   217     9   249 0.72 -
NODE_5916_length_14681_cov_29.733027:7980-9918    -            419 42894at7898          -            497   5.3e-23   79.6   1.7   2   2   1.7e-08   6.4e-07   26.5   0.2   278   360   333   419   314   419 0.91 -
NODE_27667_length_8539_cov_33.061730:1109-2914    -            478 42894at7898          -            497   7.4e-22   75.8   9.2   1   2   7.9e-09   2.9e-07   27.7   4.8    19   173    22   220     1   234 0.68 -
NODE_27667_length_8539_cov_33.061730:1109-2914    -            478 42894at7898          -            497   7.4e-22   75.8   9.2   2   2   7.5e-15   2.8e-13   47.5   0.1   260   479   262   478   256   478 0.84 -
NODE_24147_length_9089_cov_39.359511:5177-6355    -            393 42894at7898          -            497   1.1e-20   71.9   0.3   1   4    0.0058      0.21    8.3   0.2    18   112    10   130     1   145 0.65 -
NODE_24147_length_9089_cov_39.359511:5177-6355    -            393 42894at7898          -            497   1.1e-20   71.9   0.3   2   4       6.9   2.5e+02   -1.8   0.0   436   465   151   180   139   197 0.81 -
NODE_24147_length_9089_cov_39.359511:5177-6355    -            393 42894at7898          -            497   1.1e-20   71.9   0.3   3   4   1.1e-13   4.2e-12   43.6   0.1   325   454   195   329   185   346 0.80 -
NODE_24147_length_9089_cov_39.359511:5177-6355    -            393 42894at7898          -            497   1.1e-20   71.9   0.3   4   4   8.1e-11     3e-09   34.2   0.0   239   368   256   379   256   391 0.83 -
NODE_62749_length_5430_cov_32.885387:1348-2145    -            266 42894at7898          -            497   1.3e-20   71.7   0.0   1   2   8.7e-08   3.2e-06   24.2   0.0    94   202    33   145     4   164 0.72 -
NODE_62749_length_5430_cov_32.885387:1348-2145    -            266 42894at7898          -            497   1.3e-20   71.7   0.0   2   2     1e-14   3.7e-13   47.1   0.0   307   412   152   263   143   266 0.84 -
NODE_83987_length_4375_cov_42.015435:3205-3555    -            117 42894at7898          -            497   5.3e-20   69.7   0.7   1   1   1.6e-21     6e-20   69.5   0.7   285   397     4   115     2   117 0.95 -
NODE_43568_length_6792_cov_30.101599:352-5602     -            438 42894at7898          -            497   2.1e-18   64.4   4.7   1   2   2.5e-11   9.2e-10   35.9   1.9     8   174    35   251    28   284 0.65 -
NODE_43568_length_6792_cov_30.101599:352-5602     -            438 42894at7898          -            497   2.1e-18   64.4   4.7   2   2   1.1e-06   4.1e-05   20.6   0.1   320   378   378   435   309   438 0.66 -
NODE_170180_length_2016_cov_45.454877:30-914      -            295 42894at7898          -            497   3.1e-18   63.9   7.2   1   2   1.2e-14   4.6e-13   46.8   4.1    16   181    12   221     1   226 0.72 -
NODE_170180_length_2016_cov_45.454877:30-914      -            295 42894at7898          -            497   3.1e-18   63.9   7.2   2   2   5.8e-05    0.0021   14.9   0.1   318   360   252   295   239   295 0.84 -
NODE_1088_length_22075_cov_38.763924:11639-12532  -            108 42894at7898          -            497   3.7e-18   63.6   0.1   1   1   1.2e-19   4.3e-18   63.4   0.1   302   397     1    98     1   102 0.89 -
NODE_155100_length_2302_cov_24.689514:322-1677    -            452 42894at7898          -            497   5.6e-18   63.0   3.5   1   3    0.0004     0.015   12.1   0.0    63   172     1   130     1   171 0.68 -
NODE_155100_length_2302_cov_24.689514:322-1677    -            452 42894at7898          -            497   5.6e-18   63.0   3.5   2   3   3.3e-11   1.2e-09   35.5   0.1   317   431   236   354   164   361 0.85 -
NODE_155100_length_2302_cov_24.689514:322-1677    -            452 42894at7898          -            497   5.6e-18   63.0   3.5   3   3   3.7e-05    0.0014   15.5   0.2   277   335   388   447   339   452 0.60 -
NODE_55708_length_5871_cov_44.290541:3461-4480    -            340 42894at7898          -            497   2.9e-17   60.6   2.4   1   2   1.8e-17   6.7e-16   56.1   2.5    10   188    18   243    11   263 0.71 -
NODE_55708_length_5871_cov_44.290541:3461-4480    -            340 42894at7898          -            497   2.9e-17   60.6   2.4   2   2         9   3.3e+02   -2.2   0.0   325   360   303   339   296   340 0.77 -
NODE_67929_length_5138_cov_35.610835:1653-3287    -            545 42894at7898          -            497   2.9e-17   60.6   5.4   1   3    0.0032      0.12    9.2   0.2    10    83    24   128    15   230 0.66 -
NODE_67929_length_5138_cov_35.610835:1653-3287    -            545 42894at7898          -            497   2.9e-17   60.6   5.4   2   3      0.11         4    4.1   0.0   369   411   290   333   271   352 0.64 -
NODE_67929_length_5138_cov_35.610835:1653-3287    -            545 42894at7898          -            497   2.9e-17   60.6   5.4   3   3   1.8e-13   6.6e-12   43.0   0.5   320   496   348   522   340   523 0.84 -
NODE_133160_length_2797_cov_35.557821:421-1572    -            384 42894at7898          -            497     6e-17   59.6  18.1   1   3   4.5e-08   1.7e-06   25.2   9.1    32   152    76   215    21   226 0.80 -
NODE_133160_length_2797_cov_35.557821:421-1572    -            384 42894at7898          -            497     6e-17   59.6  18.1   2   3     3e-07   1.1e-05   22.5   0.3   339   435   247   343   223   346 0.79 -
NODE_133160_length_2797_cov_35.557821:421-1572    -            384 42894at7898          -            497     6e-17   59.6  18.1   3   3   4.3e-05    0.0016   15.3   0.1   339   381   343   384   341   384 0.91 -
NODE_12561_length_11693_cov_26.575384:2365-2745   -            127 42894at7898          -            497   1.7e-16   58.1   0.7   1   2   3.7e-11   1.3e-09   35.3   0.0   253   304     1    52     1    73 0.90 -
NODE_12561_length_11693_cov_26.575384:2365-2745   -            127 42894at7898          -            497   1.7e-16   58.1   0.7   2   2   3.8e-07   1.4e-05   22.1   0.1   299   344    77   122    60   127 0.76 -
NODE_33952_length_7750_cov_82.493269:5836-6612    -            259 42894at7898          -            497   3.9e-16   56.9   2.5   1   1   1.5e-16   5.4e-15   53.2   2.5     8   177    16   233     6   259 0.75 -
NODE_11299_length_12100_cov_33.790517:3529-4293   -            190 42894at7898          -            497     1e-15   55.6   0.4   1   1   4.3e-16   1.6e-14   51.6   0.4     4   108    43   183    40   189 0.76 -
NODE_9126_length_12936_cov_34.539534:8208-11303   -            389 42894at7898          -            497   2.8e-15   54.1   1.7   1   2   8.6e-13   3.2e-11   40.7   0.3     2   173     7   236     6   297 0.69 -
NODE_9126_length_12936_cov_34.539534:8208-11303   -            389 42894at7898          -            497   2.8e-15   54.1   1.7   2   2    0.0024     0.089    9.6   0.0   323   359   353   389   342   389 0.89 -
NODE_22845_length_9311_cov_36.801780:5914-6314    -            103 42894at7898          -            497   4.4e-15   53.5   0.3   1   1   1.3e-16   4.8e-15   53.3   0.3   252   347     1    96     1   102 0.88 -
NODE_31965_length_7977_cov_29.521325:5488-5922    -            145 42894at7898          -            497   6.6e-15   52.9   0.1   1   1     2e-16   7.2e-15   52.7   0.1   317   434     6   128     1   140 0.87 -
NODE_44805_length_6686_cov_29.242599:4260-4616    -            119 42894at7898          -            497   9.4e-15   52.4   0.1   1   1   2.7e-16     1e-14   52.3   0.1   234   339     5   110     1   119 0.53 -
NODE_4789_length_15583_cov_38.478752:11532-12596  -            355 42894at7898          -            497   1.3e-14   51.9   0.5   1   1   1.2e-15   4.3e-14   50.2   0.5    69   383     5   351     1   355 0.73 -
NODE_1607_length_20447_cov_41.321850:840-2781     -            159 42894at7898          -            497   4.4e-14   50.1   2.9   1   1     2e-14   7.3e-13   46.1   2.9    10   128     1   158     1   159 0.73 -
NODE_12932_length_11572_cov_134.994596:8208-8909  -            234 42894at7898          -            497   7.5e-14   49.4   3.1   1   1   7.3e-14   2.7e-12   44.3   3.1    17   170    31   229    15   234 0.69 -
NODE_170430_length_2012_cov_28.890748:129-1187    -            353 42894at7898          -            497   1.2e-13   48.7   1.2   1   3     0.029       1.1    6.0   0.0     5    37    19    54    15    58 0.75 -
NODE_170430_length_2012_cov_28.890748:129-1187    -            353 42894at7898          -            497   1.2e-13   48.7   1.2   2   3   4.3e-11   1.6e-09   35.1   0.5    48   170    93   235    65   252 0.77 -
NODE_170430_length_2012_cov_28.890748:129-1187    -            353 42894at7898          -            497   1.2e-13   48.7   1.2   3   3     0.075       2.8    4.6   0.0   370   409   297   337   290   345 0.60 -
NODE_71396_length_4955_cov_41.006384:1945-2991    -            349 42894at7898          -            497   5.8e-13   46.5   0.1   1   1   2.6e-13   9.4e-12   42.5   0.1     9   289    13   349     2   349 0.72 -
NODE_419_length_26805_cov_28.678275:11416-11727   -            104 42894at7898          -            497     6e-13   46.4   0.0   1   1   1.8e-14   6.8e-13   46.2   0.0   343   438     1    96     1   103 0.95 -
NODE_22845_length_9311_cov_36.801780:5598-5822    -             75 42894at7898          -            497   2.2e-12   44.6   0.0   1   1   6.3e-14   2.3e-12   44.5   0.0   352   425     2    73     1    75 0.89 -
NODE_347_length_27759_cov_37.574873:26478-26684   -             69 42894at7898          -            497   2.4e-12   44.4   1.3   1   1     7e-14   2.6e-12   44.3   1.3   249   317     1    69     1    69 0.90 -
NODE_17709_length_10337_cov_38.663508:6666-7007   -            114 42894at7898          -            497   5.2e-12   43.3   0.2   1   1   1.8e-13   6.6e-12   43.0   0.2   222   336     8   114     2   114 0.92 -
NODE_68317_length_5118_cov_41.992230:2015-4913    -            161 42894at7898          -            497   1.9e-11   41.4   1.6   1   1   1.2e-11   4.3e-10   37.0   1.6     7   104    20   158    12   161 0.66 -
NODE_100799_length_3736_cov_61.691779:1099-2201   -            322 42894at7898          -            497     3e-11   40.8   0.4   1   1   1.8e-11   6.5e-10   36.4   0.4     9   164    31   234    23   287 0.69 -
NODE_337990_length_432_cov_75.219219:180-428      -             83 42894at7898          -            497   3.1e-11   40.8   0.1   1   1   8.4e-13   3.1e-11   40.7   0.1   340   414     2    74     1    83 0.89 -
NODE_52586_length_6086_cov_31.260899:1369-2229    -            287 42894at7898          -            497     4e-11   40.4   0.9   1   2   0.00032     0.012   12.5   0.1   326   408   114   197   107   201 0.84 -
NODE_52586_length_6086_cov_31.260899:1369-2229    -            287 42894at7898          -            497     4e-11   40.4   0.9   2   2   9.6e-11   3.5e-09   34.0   0.1   232   334   163   259   150   269 0.86 -
NODE_125191_length_3000_cov_41.030334:2122-2289   -             56 42894at7898          -            497   4.5e-11   40.2   0.1   1   1   1.2e-12   4.6e-11   40.2   0.1   294   344     3    53     1    56 0.92 -
NODE_193811_length_1628_cov_36.232178:579-743     -             55 42894at7898          -            497   6.3e-11   39.7   0.0   1   1   1.8e-12   6.6e-11   39.7   0.0   253   306     1    54     1    55 0.96 -
NODE_50652_length_6223_cov_37.398269:5450-5605    -             52 42894at7898          -            497   7.7e-11   39.4   0.0   1   1   2.1e-12   7.8e-11   39.4   0.0   248   296     4    52     1    52 0.94 -
NODE_108082_length_3498_cov_29.638129:1851-2357   -            169 42894at7898          -            497   8.8e-11   39.3   0.6   1   1   1.5e-10   5.6e-09   33.3   0.6    21   136    10   167     1   169 0.66 -
NODE_132375_length_2817_cov_29.316041:554-1138    -            195 42894at7898          -            497   9.9e-11   39.1   4.6   1   1   4.2e-11   1.6e-09   35.1   4.6     9   136    17   189    10   193 0.71 -
NODE_10351_length_12444_cov_27.542892:5326-9872   -            159 42894at7898          -            497   1.2e-10   38.9   1.8   1   1   1.7e-11   6.1e-10   36.5   1.8    43   136    39   156     1   158 0.69 -
NODE_81979_length_4461_cov_49.449794:453-641      -             63 42894at7898          -            497   1.6e-10   38.4   0.2   1   1   4.7e-12   1.7e-10   38.3   0.2   251   313     1    63     1    63 0.97 -
NODE_32006_length_7971_cov_49.945249:5925-6827    -            301 42894at7898          -            497   1.2e-09   35.5   3.5   1   1     1e-09   3.9e-08   30.5   3.5    29   162    34   186     1   301 0.65 -
NODE_29026_length_8350_cov_36.324082:304-4244     -            238 42894at7898          -            497   1.2e-09   35.5   0.5   1   1   6.2e-11   2.3e-09   34.6   0.5    42   136   110   228    98   237 0.76 -
NODE_92096_length_4051_cov_42.503543:2266-3225    -            320 42894at7898          -            497   1.3e-09   35.4   3.2   1   2       1.4        50    0.5   0.6    19   129     1   117     1   137 0.65 -
NODE_92096_length_4051_cov_42.503543:2266-3225    -            320 42894at7898          -            497   1.3e-09   35.4   3.2   2   2     4e-11   1.5e-09   35.2   0.1   245   359   179   295   152   318 0.84 -
NODE_355_length_27665_cov_74.544294:14424-24719   -            480 42894at7898          -            497   1.3e-09   35.4   3.6   1   2   2.9e-08   1.1e-06   25.8   0.1    44   159    30   172    19   203 0.68 -
NODE_355_length_27665_cov_74.544294:14424-24719   -            480 42894at7898          -            497   1.3e-09   35.4   3.6   2   2    0.0044      0.16    8.7   0.5   280   358   327   415   291   477 0.54 -
NODE_45632_length_6615_cov_34.329650:301-465      -             55 42894at7898          -            497   1.4e-09   35.3   0.0   1   1   4.1e-11   1.5e-09   35.2   0.0   358   409     4    54     1    55 0.68 -
NODE_257108_length_854_cov_16.729801:574-753      -             60 42894at7898          -            497     2e-09   34.8   0.0   1   1     6e-11   2.2e-09   34.6   0.0   323   377     4    57     2    60 0.89 -
NODE_10585_length_12358_cov_33.789787:2241-2408   -             56 42894at7898          -            497   5.8e-09   33.3   0.1   1   1   1.6e-10     6e-09   33.2   0.1   371   424     4    56     1    56 0.87 -
NODE_34926_length_7636_cov_24.309009:2284-2469    -             62 42894at7898          -            497   6.3e-09   33.1   0.0   1   1   1.9e-10   6.8e-09   33.0   0.0   275   331     5    61     2    62 0.88 -
NODE_80195_length_4539_cov_40.032883:4005-4208    -             68 42894at7898          -            497   1.4e-08   32.0   0.0   1   1   3.9e-10   1.5e-08   31.9   0.0   311   376     2    66     1    68 0.95 -
NODE_28346_length_8449_cov_40.835808:2036-3133    -            366 42894at7898          -            497   1.4e-08   32.0   0.7   1   2    0.0029      0.11    9.3   0.1    19   155     1   144     1   163 0.74 -
NODE_28346_length_8449_cov_40.835808:2036-3133    -            366 42894at7898          -            497   1.4e-08   32.0   0.7   2   2   6.2e-07   2.3e-05   21.4   0.1   299   383   188   273   171   320 0.84 -
NODE_19357_length_9978_cov_42.382225:1298-1513    -             72 42894at7898          -            497   1.4e-08   31.9   0.0   1   1   4.1e-10   1.5e-08   31.9   0.0   254   314     6    72     1    72 0.86 -
NODE_21582_length_9543_cov_30.696421:4829-4972    -             48 42894at7898          -            497   2.2e-08   31.3   0.0   1   1     6e-10   2.2e-08   31.3   0.0   246   291     2    47     1    48 0.91 -
NODE_81989_length_4461_cov_28.475011:3091-3258    -             56 42894at7898          -            497   5.6e-08   30.0   0.0   1   1   1.5e-09   5.6e-08   30.0   0.0   349   399     7    56     1    56 0.89 -
NODE_46213_length_6564_cov_31.613921:933-1088     -             52 42894at7898          -            497   1.5e-07   28.6   0.1   1   1   4.2e-09   1.5e-07   28.6   0.1   220   266     6    52     1    52 0.92 -
NODE_10585_length_12358_cov_33.789787:7323-7993   -            121 42894at7898          -            497   1.8e-07   28.3   1.6   1   1     5e-08   1.8e-06   25.0   1.6    18   129     5   119     2   121 0.58 -
NODE_4287_length_16054_cov_46.731119:12248-12613  -            122 42894at7898          -            497   4.7e-07   27.0   0.7   1   2   0.00059     0.022   11.6   0.0    10    42    16    51    11    60 0.84 -
NODE_4287_length_16054_cov_46.731119:12248-12613  -            122 42894at7898          -            497   4.7e-07   27.0   0.7   2   2   8.4e-05    0.0031   14.4   0.1    37    83    64   120    56   122 0.77 -
NODE_50717_length_6218_cov_42.044452:5628-5774    -             49 42894at7898          -            497   6.4e-07   26.5   0.1   1   1   1.8e-08   6.5e-07   26.5   0.1   464   496    15    47     7    48 0.91 -
NODE_49809_length_6282_cov_31.292415:3422-3607    -             62 42894at7898          -            497   1.9e-06   25.0   0.3   1   1   1.2e-07   4.5e-06   23.7   0.3   388   435     2    50     1    61 0.58 -
NODE_52096_length_6119_cov_39.218439:1335-1490    -             52 42894at7898          -            497   2.1e-06   24.8   0.0   1   1     6e-08   2.2e-06   24.7   0.0   374   424     2    52     1    52 0.92 -
NODE_117332_length_3217_cov_32.716485:790-1854    -            355 42894at7898          -            497   2.1e-06   24.8   0.1   1   2   0.00011    0.0041   13.9   0.0     9    39    18    51     6    58 0.86 -
NODE_117332_length_3217_cov_32.716485:790-1854    -            355 42894at7898          -            497   2.1e-06   24.8   0.1   2   2    0.0034      0.13    9.1   0.0    38    79    69   117    59   140 0.82 -
NODE_54236_length_5969_cov_33.425554:3200-4492    -            431 42894at7898          -            497   5.2e-06   23.5   0.2   1   1   2.5e-07   9.1e-06   22.7   0.2     2    76    11   113    10   122 0.70 -
NODE_73198_length_4869_cov_36.183438:1730-1888    -             53 42894at7898          -            497   6.6e-06   23.2   0.1   1   1   1.8e-07   6.7e-06   23.1   0.1   403   452     1    52     1    53 0.77 -
NODE_311_length_28423_cov_25.444958:7755-8705     -            317 42894at7898          -            497   8.1e-06   22.9   0.2   1   2   1.7e-05   0.00062   16.7   0.1    12   159    32   226    21   285 0.62 -
NODE_311_length_28423_cov_25.444958:7755-8705     -            317 42894at7898          -            497   8.1e-06   22.9   0.2   2   2       6.1   2.2e+02   -1.7   0.0   356   388   273   303   265   308 0.72 -
NODE_74588_length_4800_cov_33.488194:3479-3682    -             68 42894at7898          -            497   1.3e-05   22.2   0.0   1   1   3.8e-07   1.4e-05   22.1   0.0   316   376     9    68     4    68 0.91 -
NODE_52230_length_6111_cov_28.884897:4922-5806    -            295 42894at7898          -            497   1.4e-05   22.1   1.6   1   2   0.00031     0.012   12.5   0.0     7    40    29    65    23    73 0.82 -
NODE_52230_length_6111_cov_28.884897:4922-5806    -            295 42894at7898          -            497   1.4e-05   22.1   1.6   2   2    0.0038      0.14    8.9   0.3    42   167   113   256    94   281 0.76 -
NODE_65947_length_5246_cov_33.118516:3737-5073    -            412 42894at7898          -            497   1.5e-05   22.0   0.9   1   1   2.2e-05   0.00081   16.3   0.9     7    77    24   125    16   132 0.69 -
NODE_82028_length_4459_cov_32.400917:293-892      -            200 42894at7898          -            497   2.4e-05   21.3   2.1   1   1   1.1e-05    0.0004   17.3   2.1    35    92    68   135    15   196 0.74 -
NODE_6643_length_14217_cov_31.033362:10691-11053  -            121 42894at7898          -            497     3e-05   21.0   0.6   1   1   7.2e-05    0.0027   14.6   0.6    10    77    18   115     6   120 0.66 -
NODE_136917_length_2705_cov_23.749424:637-981     -            115 42894at7898          -            497     3e-05   21.0   2.0   1   1   1.7e-05   0.00064   16.6   2.0    10    39    13    45     3   114 0.58 -
NODE_28029_length_8493_cov_30.753872:8213-8359    -             49 42894at7898          -            497   4.1e-05   20.6   0.0   1   1   1.1e-06   4.2e-05   20.5   0.0   374   412     1    39     1    48 0.91 -
NODE_58823_length_5662_cov_35.999101:2083-3171    -            363 42894at7898          -            497   4.6e-05   20.4   2.4   1   1   5.8e-05    0.0021   14.9   2.4     9    77    22   120    11   128 0.74 -
NODE_7031_length_14000_cov_38.143299:1234-2616    -            461 42894at7898          -            497   6.6e-05   19.9   0.3   1   1   3.4e-06   0.00013   19.0   0.3     4    76    14   106    11   143 0.63 -
NODE_23362_length_9221_cov_48.590660:7920-8288    -            123 42894at7898          -            497    0.0001   19.3   0.2   1   1   7.4e-06   0.00027   17.8   0.2     3    67    11    77     7   118 0.63 -
NODE_34445_length_7691_cov_29.713119:6604-6960    -            119 42894at7898          -            497    0.0003   17.7   0.1   1   2    0.0027       0.1    9.4   0.1    10    38    18    49     8    56 0.85 -
NODE_34445_length_7691_cov_29.713119:6604-6960    -            119 42894at7898          -            497    0.0003   17.7   0.1   2   2     0.018      0.65    6.7   0.0    40    72    79   119    70   119 0.72 -
NODE_97316_length_3858_cov_60.321894:2918-3067    -             50 42894at7898          -            497   0.00059   16.7   0.0   1   1   1.6e-05   0.00059   16.7   0.0   248   290     2    45     1    50 0.81 -
NODE_53585_length_6018_cov_37.457003:3282-4670    -            463 42894at7898          -            497    0.0006   16.7   0.1   1   1   2.6e-05   0.00097   16.0   0.1     8    79    15   110     5   113 0.66 -
NODE_196785_length_1585_cov_21.886272:251-610     -            120 42894at7898          -            497   0.00073   16.4   0.2   1   1   0.00019    0.0071   13.2   0.2    10    50    26    69    14   120 0.63 -
NODE_32339_length_7932_cov_54.512447:1249-4809    -            659 42894at7898          -            497    0.0008   16.3   0.6   1   1   7.6e-05    0.0028   14.5   0.6     4    40    38    77    35   143 0.60 -
NODE_2232_length_18896_cov_36.788211:16787-17389  -            201 42894at7898          -            497    0.0013   15.6   0.3   1   2    0.0057      0.21    8.3   0.0     3    39    23    65    21    68 0.79 -
NODE_2232_length_18896_cov_36.788211:16787-17389  -            201 42894at7898          -            497    0.0013   15.6   0.3   2   2     0.038       1.4    5.6   0.1    41    77    99   134    78   142 0.73 -
NODE_65870_length_5250_cov_34.390021:2158-3072    -            305 42894at7898          -            497    0.0017   15.2   0.0   1   2      0.48        18    2.0   0.0    41    90   106   161    64   185 0.76 -
NODE_65870_length_5250_cov_34.390021:2158-3072    -            305 42894at7898          -            497    0.0017   15.2   0.0   2   2    0.0007     0.026   11.3   0.0   345   391   259   305   208   305 0.77 -
NODE_1976_length_19508_cov_31.967077:4383-6053    -            557 42894at7898          -            497    0.0018   15.2   0.1   1   1   8.3e-05    0.0031   14.4   0.1     9    76    22   117    11   124 0.66 -
NODE_29353_length_8306_cov_21.206165:4874-5008    -             45 42894at7898          -            497    0.0018   15.1   0.0   1   1   4.9e-05    0.0018   15.1   0.0   321   361     4    44     1    45 0.89 -
NODE_25927_length_8805_cov_34.052607:2114-3748    -            545 42894at7898          -            497    0.0019   15.1   0.0   1   1   8.1e-05     0.003   14.4   0.0    10    57    14    65     5    98 0.76 -
NODE_9932_length_12604_cov_40.482287:7050-7184    -             45 42894at7898          -            497    0.0021   14.9   0.1   1   1   6.2e-05    0.0023   14.8   0.1   322   359     2    39     1    43 0.93 -
NODE_55463_length_5888_cov_26.820349:302-1780     -            493 42894at7898          -            497     0.005   13.7   0.9   1   1    0.0031      0.11    9.2   0.9    10    77    23   118    14   126 0.60 -
NODE_20285_length_9786_cov_77.981935:6008-7897    -            630 42894at7898          -            497    0.0062   13.4   0.1   1   1   0.00031     0.011   12.5   0.1    10    74    23   117    11   124 0.64 -
NODE_5916_length_14681_cov_29.733027:6774-7130    -            119 42894at7898          -            497    0.0065   13.3   0.0   1   1   0.00019     0.007   13.2   0.0   326   397     2    76     1    99 0.79 -
NODE_12762_length_11627_cov_31.166551:3656-5356   -            452 42894at7898          -            497    0.0084   12.9   0.1   1   1   0.00033     0.012   12.4   0.1     4    39    22    60    19    94 0.79 -
NODE_2993_length_17619_cov_38.612215:2491-3726    -            412 42894at7898          -            497    0.0093   12.8   0.3   1   1   0.00046     0.017   11.9   0.3     9    39    37    70    29   130 0.67 -
NODE_27111_length_8619_cov_23.535915:6204-7619    -            472 42894at7898          -            497     0.011   12.5   0.5   1   1    0.0028       0.1    9.3   0.5    10    76    23   117    14   123 0.66 -
NODE_30327_length_8176_cov_26.360406:3326-4681    -            452 42894at7898          -            497     0.017   11.9   0.2   1   1    0.0025     0.091    9.5   0.2    10    39    43    75    31   144 0.75 -
NODE_30357_length_8171_cov_42.449950:845-2497     -            551 42894at7898          -            497      0.02   11.7   0.1   1   1    0.0016     0.058   10.2   0.1     7    39    15    50     6    86 0.82 -
NODE_26995_length_8636_cov_33.329273:1212-3755    -            848 42894at7898          -            497     0.022   11.6   0.0   1   1   0.00097     0.036   10.9   0.0     9    39    23    56    14    70 0.85 -
#
# Program:         hmmsearch
# Version:         3.1b2 (February 2015)
# Pipeline mode:   SEARCH
# Query file:      /home/e1garcia/shotgun_PIRE/abyss/busco_downloads/lineages/actinopterygii_odb10/hmms/42894at7898.hmm
# Target file:     /home/e1garcia/shotgun_PIRE/pire_ssl_data_processing/plotosus_lineatus/busco_scaffolds_results-SPAdes_decontam_R1R2_noIsolate/run_actinopterygii_odb10/metaeuk_output/rerun_results/scaffolds.modified.fasta.modified.fas
# Option settings: hmmsearch --domtblout /home/e1garcia/shotgun_PIRE/pire_ssl_data_processing/plotosus_lineatus/busco_scaffolds_results-SPAdes_decontam_R1R2_noIsolate/run_actinopterygii_odb10/hmmer_output/rerun_results/42894at7898.out --cpu 1 /home/e1garcia/shotgun_PIRE/abyss/busco_downloads/lineages/actinopterygii_odb10/hmms/42894at7898.hmm /home/e1garcia/shotgun_PIRE/pire_ssl_data_processing/plotosus_lineatus/busco_scaffolds_results-SPAdes_decontam_R1R2_noIsolate/run_actinopterygii_odb10/metaeuk_output/rerun_results/scaffolds.modified.fasta.modified.fas 
# Current dir:     /home/e1garcia/shotgun_PIRE/pire_ssl_data_processing/plotosus_lineatus
# Date:            Fri Aug 20 14:38:44 2021
# [ok]
