#                                                                                                         --- full sequence --- -------------- this domain -------------   hmm coord   ali coord   env coord
# target name                                     accession   tlen query name           accession   qlen   E-value  score  bias   #  of  c-Evalue  i-Evalue  score  bias  from    to  from    to  from    to  acc description of target
#                             ------------------- ---------- ----- -------------------- ---------- ----- --------- ------ ----- --- --- --------- --------- ------ ----- ----- ----- ----- ----- ----- ----- ---- ---------------------
NODE_6102_length_14561_cov_28.820426:5987-14073   -            307 43467at7898          -            482    2e-125  417.4  12.6   1   2   2.6e-92   2.5e-90  301.6   8.8   136   323     2   207     1   213 0.92 -
NODE_6102_length_14561_cov_28.820426:5987-14073   -            307 43467at7898          -            482    2e-125  417.4  12.6   2   2   1.1e-36     1e-34  118.3   0.1   356   442   212   307   203   307 0.89 -
NODE_15122_length_10963_cov_37.297680:2707-9412   -            354 43467at7898          -            482   2.6e-29  100.5   6.0   1   2   5.7e-20   5.5e-18   63.1   1.5   104   278    33   217     8   222 0.75 -
NODE_15122_length_10963_cov_37.297680:2707-9412   -            354 43467at7898          -            482   2.6e-29  100.5   6.0   2   2   2.6e-12   2.5e-10   37.8   0.2   116   240   223   347   209   353 0.84 -
NODE_81801_length_4468_cov_32.355001:698-1853     -            213 43467at7898          -            482   2.9e-22   77.2   1.6   1   2   1.2e-08   1.2e-06   25.7   0.0   113   175     8    69     2    80 0.88 -
NODE_81801_length_4468_cov_32.355001:698-1853     -            213 43467at7898          -            482   2.9e-22   77.2   1.6   2   2   3.8e-10   3.6e-08   30.7   0.1    80   129   160   213   149   213 0.71 -
NODE_91080_length_4088_cov_29.693407:1684-2940    -            211 43467at7898          -            482   2.6e-12   44.4   2.9   1   2    0.0073       0.7    6.7   0.0   119   171    31    85    20   102 0.78 -
NODE_91080_length_4088_cov_29.693407:1684-2940    -            211 43467at7898          -            482   2.6e-12   44.4   2.9   2   2   4.2e-12   4.1e-10   37.1   1.5    82   187   107   211    90   211 0.87 -
NODE_20033_length_9841_cov_39.089920:1549-9000    -            480 43467at7898          -            482   6.3e-12   43.1   1.9   1   1   1.7e-13   1.7e-11   41.7   1.9   115   242   339   478   311   480 0.68 -
NODE_8580_length_13201_cov_36.833155:1923-4844    -            558 43467at7898          -            482   6.7e-09   33.1   0.7   1   1   1.3e-10   1.2e-08   32.3   0.7   332   477    16   161     7   165 0.93 -
NODE_71396_length_4955_cov_41.006384:1945-2991    -            349 43467at7898          -            482   5.6e-08   30.1   0.1   1   1   9.3e-10   8.9e-08   29.4   0.1   325   467     3   154     1   196 0.89 -
NODE_4487_length_15861_cov_39.191346:11864-13432  -            523 43467at7898          -            482   7.1e-08   29.7   1.7   1   2   7.4e-10   7.1e-08   29.7   1.7   337   459    15   146     9   171 0.82 -
NODE_4487_length_15861_cov_39.191346:11864-13432  -            523 43467at7898          -            482   7.1e-08   29.7   1.7   2   2       2.6   2.5e+02   -1.8   0.1   179   201   348   371   326   418 0.67 -
NODE_29026_length_8350_cov_36.324082:304-4244     -            238 43467at7898          -            482   5.3e-07   26.9   0.2   1   1     7e-09   6.7e-07   26.5   0.2   347   476    77   206    31   211 0.82 -
NODE_33952_length_7750_cov_82.493269:5836-6612    -            259 43467at7898          -            482   2.1e-06   24.9   1.0   1   1   2.8e-08   2.7e-06   24.5   1.0   332   480    14   171     4   173 0.88 -
NODE_67929_length_5138_cov_35.610835:1653-3287    -            545 43467at7898          -            482   2.4e-06   24.7   0.0   1   1     4e-08   3.8e-06   24.0   0.0   316   459     7   156     2   175 0.86 -
NODE_4287_length_16054_cov_46.731119:12248-12613  -            122 43467at7898          -            482   2.7e-06   24.5   0.3   1   1   3.1e-08     3e-06   24.4   0.3   336   431    16   120     3   122 0.87 -
NODE_24147_length_9089_cov_39.359511:5177-6355    -            393 43467at7898          -            482   3.4e-06   24.2   0.3   1   1   4.9e-08   4.7e-06   23.7   0.3   340   460     3   125     1   136 0.90 -
NODE_62835_length_5425_cov_35.843222:2302-4224    -            448 43467at7898          -            482   2.5e-05   21.3   1.4   1   1   3.9e-07   3.7e-05   20.8   1.4   332   479    31   187     6   190 0.85 -
NODE_55847_length_5862_cov_34.359014:1474-3102    -            543 43467at7898          -            482   4.5e-05   20.5   3.9   1   1   8.4e-07   8.1e-05   19.7   3.9   335   478    13   166     6   169 0.83 -
NODE_11299_length_12100_cov_33.790517:3529-4293   -            190 43467at7898          -            482   4.7e-05   20.4   0.4   1   1     6e-07   5.8e-05   20.1   0.4   334   461    47   183    33   188 0.82 -
NODE_180045_length_1845_cov_94.415808:181-1746    -            522 43467at7898          -            482   5.3e-05   20.3   0.9   1   1   9.5e-07   9.1e-05   19.5   0.9   339   478     5   152     1   155 0.82 -
NODE_83001_length_4417_cov_23.203103:634-2919     -            238 43467at7898          -            482   9.6e-05   19.4   0.6   1   1   1.3e-06   0.00013   19.0   0.6   383   469    94   180    83   190 0.90 -
NODE_16248_length_10670_cov_36.267808:1185-3703   -            526 43467at7898          -            482   0.00014   18.8   0.1   1   1   2.1e-06    0.0002   18.4   0.1   350   479    24   159    10   162 0.83 -
NODE_132375_length_2817_cov_29.316041:554-1138    -            195 43467at7898          -            482   0.00017   18.6   0.9   1   1     2e-06   0.00019   18.4   0.9   336   479    18   170     2   173 0.85 -
NODE_9794_length_12658_cov_31.316825:3228-5038    -            565 43467at7898          -            482   0.00017   18.6   1.3   1   1     3e-06   0.00029   17.8   1.3   336   479    25   174    15   177 0.89 -
NODE_108082_length_3498_cov_29.638129:1851-2357   -            169 43467at7898          -            482   0.00018   18.5   0.4   1   1   2.1e-06    0.0002   18.4   0.4   344   480     4   149     1   151 0.89 -
NODE_153802_length_2328_cov_46.779273:1271-2320   -            350 43467at7898          -            482   0.00019   18.4   1.1   1   1     3e-06   0.00029   17.8   1.1   341   478     5   151     1   155 0.85 -
NODE_52096_length_6119_cov_39.218439:313-2998     -            533 43467at7898          -            482   0.00022   18.3   1.5   1   2   2.3e-06   0.00022   18.3   1.5   351   478     2   138     1   142 0.82 -
NODE_52096_length_6119_cov_39.218439:313-2998     -            533 43467at7898          -            482   0.00022   18.3   1.5   2   2       7.6   7.3e+02   -3.3   0.0    72   115   469   512   461   527 0.69 -
NODE_133160_length_2797_cov_35.557821:421-1572    -            384 43467at7898          -            482   0.00053   17.0   0.8   1   1   8.2e-06   0.00078   16.4   0.8   343   474    32   172    17   179 0.77 -
NODE_65870_length_5250_cov_34.390021:2158-3072    -            305 43467at7898          -            482   0.00056   16.9   0.0   1   1   7.5e-06   0.00072   16.5   0.0   333   461    52   184    12   200 0.78 -
NODE_2232_length_18896_cov_36.788211:16787-17389  -            201 43467at7898          -            482   0.00063   16.7   0.0   1   1   8.7e-06   0.00083   16.3   0.0   369   426    81   138    29   163 0.84 -
NODE_311_length_28423_cov_25.444958:7755-8705     -            317 43467at7898          -            482    0.0012   15.8   0.1   1   1   1.5e-05    0.0015   15.5   0.1   367   476    70   179    23   184 0.88 -
NODE_2848_length_17803_cov_38.453061:2988-4595    -            536 43467at7898          -            482    0.0012   15.7   2.1   1   1   2.1e-05    0.0021   15.0   2.1   335   478    27   180    10   184 0.81 -
NODE_117332_length_3217_cov_32.716485:790-1854    -            355 43467at7898          -            482    0.0015   15.4   0.0   1   1   2.3e-05    0.0022   14.9   0.0   337   424    20   117     7   123 0.82 -
NODE_6643_length_14217_cov_31.033362:10691-11053  -            121 43467at7898          -            482    0.0017   15.3   0.3   1   1   2.1e-05     0.002   15.1   0.3   336   422    18   115     2   120 0.79 -
NODE_854_length_23157_cov_37.333897:10652-12238   -            529 43467at7898          -            482     0.002   15.0   3.0   1   1   3.5e-05    0.0034   14.3   3.0   341   462    12   142     4   161 0.80 -
NODE_31354_length_8052_cov_34.537282:4516-5376    -            287 43467at7898          -            482    0.0022   14.9   0.0   1   2   0.00012     0.011   12.6   0.0   325   377    49   101    34   145 0.88 -
NODE_31354_length_8052_cov_34.537282:4516-5376    -            287 43467at7898          -            482    0.0022   14.9   0.0   2   2       1.1     1e+02   -0.5   0.0   348   367   220   239   213   243 0.89 -
NODE_17709_length_10337_cov_38.663508:2948-7079   -            465 43467at7898          -            482    0.0035   14.3   0.9   1   1   5.3e-05    0.0051   13.7   0.9   337   479    26   177    13   180 0.88 -
NODE_170180_length_2016_cov_45.454877:30-914      -            295 43467at7898          -            482    0.0037   14.2   0.6   1   1   4.7e-05    0.0046   13.9   0.6   337   470     4   145     1   157 0.81 -
NODE_27667_length_8539_cov_33.061730:1109-2914    -            478 43467at7898          -            482    0.0042   14.0   0.8   1   1   6.5e-05    0.0062   13.4   0.8   366   472    49   155     7   163 0.81 -
NODE_12932_length_11572_cov_134.994596:8208-8909  -            234 43467at7898          -            482    0.0064   13.4   0.4   1   1   7.7e-05    0.0074   13.2   0.4   367   470    61   164    12   204 0.82 -
NODE_22775_length_9323_cov_33.814397:1889-3994    -            489 43467at7898          -            482    0.0067   13.3   0.1   1   1   0.00012     0.011   12.6   0.1   358   469    44   156    26   166 0.86 -
NODE_355_length_27665_cov_74.544294:14424-24719   -            480 43467at7898          -            482    0.0093   12.9   1.2   1   2   0.00014     0.013   12.4   0.4   377   478    25   126    12   130 0.90 -
NODE_355_length_27665_cov_74.544294:14424-24719   -            480 43467at7898          -            482    0.0093   12.9   1.2   2   2       6.8   6.5e+02   -3.1   0.0    18    40   400   422   395   426 0.82 -
NODE_130428_length_2864_cov_34.004702:472-2085    -            538 43467at7898          -            482     0.011   12.6   0.1   1   1   0.00017     0.017   12.0   0.1   378   478    70   170    20   173 0.91 -
NODE_65947_length_5246_cov_33.118516:3737-5073    -            412 43467at7898          -            482     0.011   12.6   0.3   1   1   0.00017     0.017   12.0   0.3   337   424    29   127    17   134 0.77 -
NODE_54236_length_5969_cov_33.425554:3200-4492    -            431 43467at7898          -            482     0.013   12.4   0.0   1   1   0.00019     0.018   11.9   0.0   322   441     8   132     4   139 0.78 -
NODE_10663_length_12323_cov_35.525851:10377-11939 -            521 43467at7898          -            482     0.022   11.7   7.9   1   2   7.9e-05    0.0076   13.2   2.6   341   478     5   152     1   156 0.80 -
NODE_10663_length_12323_cov_35.525851:10377-11939 -            521 43467at7898          -            482     0.022   11.7   7.9   2   2      0.28        27    1.5   0.2    82   157   331   406   264   418 0.66 -
NODE_2993_length_17619_cov_38.612215:2491-3726    -            412 43467at7898          -            482     0.023   11.6   1.1   1   1   0.00044     0.042   10.7   1.1   323   428    25   136     7   150 0.74 -
NODE_854_length_23157_cov_37.333897:13092-14639   -            516 43467at7898          -            482     0.027   11.3   1.4   1   1   0.00046     0.044   10.6   1.4   341   475     5   149     1   155 0.78 -
NODE_5916_length_14681_cov_29.733027:7980-9918    -            419 43467at7898          -            482     0.052   10.4   0.2   1   1   0.00072     0.069   10.0   0.2   322   452     4   144     1   171 0.82 -
NODE_354_length_27665_cov_100.191069:14088-25935  -            365 43467at7898          -            482     0.059   10.2   3.6   1   2   0.00035     0.033   11.0   0.5   382   479    28   125     9   128 0.93 -
NODE_354_length_27665_cov_100.191069:14088-25935  -            365 43467at7898          -            482     0.059   10.2   3.6   2   2      0.96        92   -0.3   0.1    70   140   244   310   214   337 0.66 -
NODE_35058_length_7623_cov_45.227804:7-1056       -            350 43467at7898          -            482     0.075    9.9   7.3   1   2   6.7e-05    0.0065   13.4   1.5   341   478     5   151     1   155 0.83 -
NODE_35058_length_7623_cov_45.227804:7-1056       -            350 43467at7898          -            482     0.075    9.9   7.3   2   2       1.1     1e+02   -0.4   0.4    73   140   271   341   247   349 0.53 -
#
# Program:         hmmsearch
# Version:         3.1b2 (February 2015)
# Pipeline mode:   SEARCH
# Query file:      /home/e1garcia/shotgun_PIRE/abyss/busco_downloads/lineages/actinopterygii_odb10/hmms/43467at7898.hmm
# Target file:     /home/e1garcia/shotgun_PIRE/pire_ssl_data_processing/plotosus_lineatus/busco_scaffolds_results-SPAdes_decontam_R1R2_noIsolate/run_actinopterygii_odb10/metaeuk_output/rerun_results/scaffolds.modified.fasta.modified.fas
# Option settings: hmmsearch --domtblout /home/e1garcia/shotgun_PIRE/pire_ssl_data_processing/plotosus_lineatus/busco_scaffolds_results-SPAdes_decontam_R1R2_noIsolate/run_actinopterygii_odb10/hmmer_output/rerun_results/43467at7898.out --cpu 1 /home/e1garcia/shotgun_PIRE/abyss/busco_downloads/lineages/actinopterygii_odb10/hmms/43467at7898.hmm /home/e1garcia/shotgun_PIRE/pire_ssl_data_processing/plotosus_lineatus/busco_scaffolds_results-SPAdes_decontam_R1R2_noIsolate/run_actinopterygii_odb10/metaeuk_output/rerun_results/scaffolds.modified.fasta.modified.fas 
# Current dir:     /home/e1garcia/shotgun_PIRE/pire_ssl_data_processing/plotosus_lineatus
# Date:            Fri Aug 20 14:38:06 2021
# [ok]
