#                                                                                                        --- full sequence --- -------------- this domain -------------   hmm coord   ali coord   env coord
# target name                                    accession   tlen query name           accession   qlen   E-value  score  bias   #  of  c-Evalue  i-Evalue  score  bias  from    to  from    to  from    to  acc description of target
#                            ------------------- ---------- ----- -------------------- ---------- ----- --------- ------ ----- --- --- --------- --------- ------ ----- ----- ----- ----- ----- ----- ----- ---- ---------------------
NODE_3817_length_16556_cov_36.304551:1542-2555   -            338 51195at7898          -            407   3.7e-20   70.1   0.0   1   3      0.18        74   -0.1   0.0   274   304    23    53     3    57 0.78 -
NODE_3817_length_16556_cov_36.304551:1542-2555   -            338 51195at7898          -            407   3.7e-20   70.1   0.0   2   3   5.4e-11   2.3e-08   31.2   0.0   358   406    67   115    62   116 0.96 -
NODE_3817_length_16556_cov_36.304551:1542-2555   -            338 51195at7898          -            407   3.7e-20   70.1   0.0   3   3   4.3e-12   1.8e-09   34.8   0.0   357   406   182   231   179   232 0.96 -
NODE_65_length_37589_cov_5.578181:30718-32352    -            545 51195at7898          -            407   4.1e-20   69.9  13.0   1   7     0.023       9.5    2.8   0.0    28    94    23    89     9    93 0.77 -
NODE_65_length_37589_cov_5.578181:30718-32352    -            545 51195at7898          -            407   4.1e-20   69.9  13.0   2   7   5.8e-06    0.0024   14.7   0.1    32    95    95   158    78   160 0.93 -
NODE_65_length_37589_cov_5.578181:30718-32352    -            545 51195at7898          -            407   4.1e-20   69.9  13.0   3   7   0.00017     0.072    9.8   0.2    32   111   162   241   158   253 0.90 -
NODE_65_length_37589_cov_5.578181:30718-32352    -            545 51195at7898          -            407   4.1e-20   69.9  13.0   4   7   4.5e-07   0.00019   18.3   0.1    29    95   261   327   244   329 0.91 -
NODE_65_length_37589_cov_5.578181:30718-32352    -            545 51195at7898          -            407   4.1e-20   69.9  13.0   5   7   0.00095       0.4    7.4   0.0    27    98   327   398   324   403 0.93 -
NODE_65_length_37589_cov_5.578181:30718-32352    -            545 51195at7898          -            407   4.1e-20   69.9  13.0   6   7   3.4e-07   0.00014   18.7   0.1    35    97   403   465   395   472 0.90 -
NODE_65_length_37589_cov_5.578181:30718-32352    -            545 51195at7898          -            407   4.1e-20   69.9  13.0   7   7     0.012         5    3.7   0.0    31    95   467   531   463   536 0.83 -
NODE_13613_length_11377_cov_31.327895:1369-5940  -            335 51195at7898          -            407   4.7e-11   40.1   0.0   1   1   1.6e-13   6.9e-11   39.5   0.0   235   290   272   327   246   335 0.86 -
NODE_57354_length_5759_cov_155.717845:3444-4160  -            239 51195at7898          -            407   1.5e-07   28.6   0.0   1   1   4.7e-10     2e-07   28.1   0.0   357   405    26    79    20    81 0.85 -
NODE_2465_length_18479_cov_32.946681:11511-12293 -            261 51195at7898          -            407   3.7e-07   27.2   0.0   1   1   1.2e-09   5.1e-07   26.8   0.0   357   406    48   102    42   103 0.86 -
NODE_1296_length_21303_cov_31.644029:2020-8132   -            258 51195at7898          -            407   1.4e-06   25.3   0.1   1   2      0.11        45    0.6   0.1   131   164    46    79    26    94 0.83 -
NODE_1296_length_21303_cov_31.644029:2020-8132   -            258 51195at7898          -            407   1.4e-06   25.3   0.1   2   2   2.7e-08   1.1e-05   22.4   0.0   354   406   202   256   198   257 0.85 -
NODE_18481_length_10164_cov_34.937606:3145-7976  -            255 51195at7898          -            407   5.2e-06   23.5   0.0   1   1   1.8e-08   7.4e-06   23.0   0.0   356   405     2    53     1    55 0.91 -
NODE_66208_length_5232_cov_30.912137:1588-4940   -            409 51195at7898          -            407   0.00032   17.6   0.0   1   1   1.1e-06   0.00046   17.0   0.0   358   406     4    54     2    55 0.90 -
NODE_12987_length_11552_cov_31.810006:3873-8423  -            283 51195at7898          -            407     0.001   15.9   0.0   1   1   3.2e-06    0.0014   15.5   0.0   356   406     4    53     1    54 0.89 -
NODE_9466_length_12803_cov_36.126338:239-6602    -            444 51195at7898          -            407    0.0011   15.8   0.0   1   1     4e-06    0.0017   15.2   0.0   238   284   385   432   366   436 0.60 -
NODE_46_length_39786_cov_4.487716:18932-19795    -            288 51195at7898          -            407    0.0076   13.0   0.1   1   1   2.8e-05     0.012   12.4   0.1    36    96   158   220   148   257 0.84 -
#
# Program:         hmmsearch
# Version:         3.1b2 (February 2015)
# Pipeline mode:   SEARCH
# Query file:      /home/e1garcia/shotgun_PIRE/abyss/busco_downloads/lineages/actinopterygii_odb10/hmms/51195at7898.hmm
# Target file:     /home/e1garcia/shotgun_PIRE/pire_ssl_data_processing/plotosus_lineatus/busco_scaffolds_results-SPAdes_decontam_R1R2_noIsolate/run_actinopterygii_odb10/metaeuk_output/rerun_results/scaffolds.modified.fasta.modified.fas
# Option settings: hmmsearch --domtblout /home/e1garcia/shotgun_PIRE/pire_ssl_data_processing/plotosus_lineatus/busco_scaffolds_results-SPAdes_decontam_R1R2_noIsolate/run_actinopterygii_odb10/hmmer_output/rerun_results/51195at7898.out --cpu 1 /home/e1garcia/shotgun_PIRE/abyss/busco_downloads/lineages/actinopterygii_odb10/hmms/51195at7898.hmm /home/e1garcia/shotgun_PIRE/pire_ssl_data_processing/plotosus_lineatus/busco_scaffolds_results-SPAdes_decontam_R1R2_noIsolate/run_actinopterygii_odb10/metaeuk_output/rerun_results/scaffolds.modified.fasta.modified.fas 
# Current dir:     /home/e1garcia/shotgun_PIRE/pire_ssl_data_processing/plotosus_lineatus
# Date:            Fri Aug 20 14:36:29 2021
# [ok]
