#                                                                                                        --- full sequence --- -------------- this domain -------------   hmm coord   ali coord   env coord
# target name                                    accession   tlen query name           accession   qlen   E-value  score  bias   #  of  c-Evalue  i-Evalue  score  bias  from    to  from    to  from    to  acc description of target
#                            ------------------- ---------- ----- -------------------- ---------- ----- --------- ------ ----- --- --- --------- --------- ------ ----- ----- ----- ----- ----- ----- ----- ---- ---------------------
NODE_105119_length_3594_cov_29.295851:760-2201   -            410 64151at7898          -            365     2e-21   74.6   0.0   1   6      0.15        33    1.5   0.0   252   288    85   121    77   130 0.86 -
NODE_105119_length_3594_cov_29.295851:760-2201   -            410 64151at7898          -            365     2e-21   74.6   0.0   2   6   0.00053      0.12    9.6   0.0   249   286   155   192   145   196 0.90 -
NODE_105119_length_3594_cov_29.295851:760-2201   -            410 64151at7898          -            365     2e-21   74.6   0.0   3   6    0.0066       1.4    6.0   0.0   248   283   196   231   191   239 0.91 -
NODE_105119_length_3594_cov_29.295851:760-2201   -            410 64151at7898          -            365     2e-21   74.6   0.0   4   6   1.7e-06   0.00037   17.8   0.1   249   293   239   283   231   284 0.93 -
NODE_105119_length_3594_cov_29.295851:760-2201   -            410 64151at7898          -            365     2e-21   74.6   0.0   5   6   3.3e-06   0.00072   16.8   0.0   249   286   281   318   277   325 0.90 -
NODE_105119_length_3594_cov_29.295851:760-2201   -            410 64151at7898          -            365     2e-21   74.6   0.0   6   6   1.9e-06   0.00041   17.6   0.0   250   286   324   360   317   373 0.92 -
NODE_8961_length_13017_cov_33.997600:5056-12401  -            269 64151at7898          -            365   1.1e-15   55.8   2.6   1   3   4.6e-10     1e-07   29.5   0.0   181   296    23   139     9   150 0.80 -
NODE_8961_length_13017_cov_33.997600:5056-12401  -            269 64151at7898          -            365   1.1e-15   55.8   2.6   2   3      0.05        11    3.1   0.1   258   288   153   183   147   194 0.85 -
NODE_8961_length_13017_cov_33.997600:5056-12401  -            269 64151at7898          -            365   1.1e-15   55.8   2.6   3   3   5.8e-08   1.3e-05   22.6   0.1    74   146   191   267   183   269 0.87 -
NODE_36206_length_7499_cov_40.033649:1693-6852   -            299 64151at7898          -            365   3.8e-15   53.9   8.4   1   6   0.00072      0.16    9.1   0.0   258   286     7    35     3    40 0.87 -
NODE_36206_length_7499_cov_40.033649:1693-6852   -            299 64151at7898          -            365   3.8e-15   53.9   8.4   2   6   1.7e-05    0.0036   14.5   0.1   250   290    41    81    35    95 0.87 -
NODE_36206_length_7499_cov_40.033649:1693-6852   -            299 64151at7898          -            365   3.8e-15   53.9   8.4   3   6     0.073        16    2.5   0.1   264   284   103   123    82   128 0.70 -
NODE_36206_length_7499_cov_40.033649:1693-6852   -            299 64151at7898          -            365   3.8e-15   53.9   8.4   4   6     4e-06   0.00087   16.6   0.3   248   299   129   177   123   189 0.81 -
NODE_36206_length_7499_cov_40.033649:1693-6852   -            299 64151at7898          -            365   3.8e-15   53.9   8.4   5   6         1   2.3e+02   -1.3   0.0   270   283   234   247   224   257 0.85 -
NODE_36206_length_7499_cov_40.033649:1693-6852   -            299 64151at7898          -            365   3.8e-15   53.9   8.4   6   6    0.0001     0.022   11.9   0.0   251   284   258   291   249   298 0.90 -
NODE_5583_length_14928_cov_36.355452:1-3265      -            357 64151at7898          -            365   7.1e-15   53.0  10.1   1   3      0.12        27    1.8   0.1    90   112    59    81    56    88 0.83 -
NODE_5583_length_14928_cov_36.355452:1-3265      -            357 64151at7898          -            365   7.1e-15   53.0  10.1   2   3   2.5e-05    0.0056   13.9   0.1   257   294    91   128    83   135 0.88 -
NODE_5583_length_14928_cov_36.355452:1-3265      -            357 64151at7898          -            365   7.1e-15   53.0  10.1   3   3   1.2e-13   2.6e-11   41.3   1.5    82   291   134   341   131   354 0.78 -
NODE_26513_length_8706_cov_34.847798:5710-8501   -            293 64151at7898          -            365   1.3e-14   52.2   5.2   1   3    0.0034      0.76    6.9   0.0   249   286     3    40     2    47 0.86 -
NODE_26513_length_8706_cov_34.847798:5710-8501   -            293 64151at7898          -            365   1.3e-14   52.2   5.2   2   3   5.4e-10   1.2e-07   29.3   0.5   182   297    25   151    23   162 0.74 -
NODE_26513_length_8706_cov_34.847798:5710-8501   -            293 64151at7898          -            365   1.3e-14   52.2   5.2   3   3   5.7e-11   1.2e-08   32.5   0.5   155   286   100   222    93   264 0.84 -
NODE_48403_length_6391_cov_22.934679:1793-6133   -            344 64151at7898          -            365   2.6e-13   47.9   6.6   1   4    0.0039      0.86    6.7   0.0   115   145     3    33     1    42 0.86 -
NODE_48403_length_6391_cov_22.934679:1793-6133   -            344 64151at7898          -            365   2.6e-13   47.9   6.6   2   4   1.7e-06   0.00038   17.8   0.2   252   293    48    89    42   101 0.86 -
NODE_48403_length_6391_cov_22.934679:1793-6133   -            344 64151at7898          -            365   2.6e-13   47.9   6.6   3   4   0.00011     0.024   11.8   0.1   240   286   122   170    94   173 0.81 -
NODE_48403_length_6391_cov_22.934679:1793-6133   -            344 64151at7898          -            365   2.6e-13   47.9   6.6   4   4   6.6e-05     0.015   12.5   0.3   252   288   179   214   169   230 0.84 -
NODE_7237_length_13885_cov_29.940012:4767-11972  -            294 64151at7898          -            365     6e-12   43.4   0.5   1   3    0.0087       1.9    5.6   0.0   265   293    19    48     9    60 0.83 -
NODE_7237_length_13885_cov_29.940012:4767-11972  -            294 64151at7898          -            365     6e-12   43.4   0.5   2   3   4.1e-06   0.00089   16.5   0.0    92   147   106   162    93   181 0.86 -
NODE_7237_length_13885_cov_29.940012:4767-11972  -            294 64151at7898          -            365     6e-12   43.4   0.5   3   3   1.1e-06   0.00024   18.4   0.0   212   289   181   257   175   281 0.81 -
NODE_792_length_23596_cov_33.653105:4175-4966    -            264 64151at7898          -            365   1.2e-11   42.4  11.4   1   5   2.7e-06    0.0006   17.1   0.2   252   294    25    67    14    74 0.81 -
NODE_792_length_23596_cov_33.653105:4175-4966    -            264 64151at7898          -            365   1.2e-11   42.4  11.4   2   5   2.7e-05    0.0059   13.8   0.3   251   289    66   104    59   108 0.88 -
NODE_792_length_23596_cov_33.653105:4175-4966    -            264 64151at7898          -            365   1.2e-11   42.4  11.4   3   5   0.00081      0.18    9.0   0.0   250   287   107   144   104   151 0.89 -
NODE_792_length_23596_cov_33.653105:4175-4966    -            264 64151at7898          -            365   1.2e-11   42.4  11.4   4   5     0.012       2.7    5.1   0.0   248   293   147   192   143   197 0.90 -
NODE_792_length_23596_cov_33.653105:4175-4966    -            264 64151at7898          -            365   1.2e-11   42.4  11.4   5   5     0.013       2.8    5.0   0.4    82   145   199   264   177   264 0.64 -
NODE_49885_length_6277_cov_39.555520:1398-5838   -            295 64151at7898          -            365   7.9e-10   36.4   4.3   1   3   8.3e-05     0.018   12.2   0.1   253   289    16    53     9    65 0.80 -
NODE_49885_length_6277_cov_39.555520:1398-5838   -            295 64151at7898          -            365   7.9e-10   36.4   4.3   2   3   1.6e-05    0.0035   14.6   0.1   253   286    69   100    61   131 0.85 -
NODE_49885_length_6277_cov_39.555520:1398-5838   -            295 64151at7898          -            365   7.9e-10   36.4   4.3   3   3   0.00081      0.18    9.0   0.0   254   297   150   191   143   203 0.80 -
NODE_95404_length_3927_cov_24.090125:2947-3147   -             67 64151at7898          -            365   4.9e-09   33.8   1.1   1   2   2.1e-05    0.0046   14.2   0.1   271   295     2    26     1    39 0.86 -
NODE_95404_length_3927_cov_24.090125:2947-3147   -             67 64151at7898          -            365   4.9e-09   33.8   1.1   2   2   1.4e-07     3e-05   21.4   0.2   251   293    24    64    22    66 0.84 -
NODE_3986_length_16360_cov_29.584896:5811-14344  -            189 64151at7898          -            365   2.2e-08   31.7   0.5   1   1   1.9e-10   4.1e-08   30.8   0.5   128   294    27   184    22   187 0.84 -
NODE_329948_length_453_cov_0.864407:57-272       -             72 64151at7898          -            365   1.9e-07   28.6   0.2   1   2   2.3e-05    0.0051   14.0   0.0   264   285     7    28     1    33 0.81 -
NODE_329948_length_453_cov_0.864407:57-272       -             72 64151at7898          -            365   1.9e-07   28.6   0.2   2   2   3.8e-05    0.0082   13.3   0.0   250   285    35    71    30    72 0.89 -
NODE_7302_length_13842_cov_40.399258:739-8444    -            354 64151at7898          -            365   6.8e-07   26.8   2.8   1   2   3.6e-07   7.9e-05   20.0   0.2   213   285     5    75     2    83 0.86 -
NODE_7302_length_13842_cov_40.399258:739-8444    -            354 64151at7898          -            365   6.8e-07   26.8   2.8   2   2     0.003      0.66    7.1   0.2   160   196    84   119    78   124 0.52 -
NODE_58634_length_5675_cov_31.793580:2052-5302   -            342 64151at7898          -            365   6.7e-06   23.5   1.1   1   1   1.4e-06    0.0003   18.1   1.1   246   286   214   252   202   337 0.65 -
NODE_74524_length_4803_cov_30.628401:216-392     -             59 64151at7898          -            365   2.1e-05   21.9   0.1   1   1   1.3e-07   2.8e-05   21.5   0.1   242   284    15    57     1    59 0.88 -
NODE_89667_length_4142_cov_25.976008:3409-3906   -            166 64151at7898          -            365   2.9e-05   21.4   2.8   1   2    0.0044      0.96    6.5   0.1   248   281    10    41     3    44 0.87 -
NODE_89667_length_4142_cov_25.976008:3409-3906   -            166 64151at7898          -            365   2.9e-05   21.4   2.8   2   2   1.3e-05    0.0029   14.9   0.4    98   169    79   147    61   166 0.75 -
NODE_6422_length_14350_cov_40.480949:10992-14106 -            295 64151at7898          -            365   3.1e-05   21.3   7.1   1   4    0.0073       1.6    5.8   0.0   263   291   107   135   103   144 0.78 -
NODE_6422_length_14350_cov_40.480949:10992-14106 -            295 64151at7898          -            365   3.1e-05   21.3   7.1   2   4     0.052        11    3.0   0.1   176   197   153   174   131   180 0.57 -
NODE_6422_length_14350_cov_40.480949:10992-14106 -            295 64151at7898          -            365   3.1e-05   21.3   7.1   3   4    0.0037      0.81    6.8   0.1   249   283   183   217   175   221 0.90 -
NODE_6422_length_14350_cov_40.480949:10992-14106 -            295 64151at7898          -            365   3.1e-05   21.3   7.1   4   4    0.0021      0.46    7.6   0.1   251   285   253   286   245   293 0.84 -
NODE_13571_length_11385_cov_39.676147:8538-9649  -            297 64151at7898          -            365   7.7e-05   20.0   2.5   1   3   6.1e-05     0.013   12.7   0.0   251   286    14    50     5    66 0.82 -
NODE_13571_length_11385_cov_39.676147:8538-9649  -            297 64151at7898          -            365   7.7e-05   20.0   2.5   2   3      0.56   1.2e+02   -0.4   0.0   247   275    55    84    49   102 0.73 -
NODE_13571_length_11385_cov_39.676147:8538-9649  -            297 64151at7898          -            365   7.7e-05   20.0   2.5   3   3     0.093        20    2.2   2.0   117   148   117   149    72   296 0.66 -
NODE_95341_length_3929_cov_43.464491:2022-3199   -            169 64151at7898          -            365   0.00025   18.4   0.6   1   3      0.28        61    0.6   0.1   111   145    10    44     5    48 0.87 -
NODE_95341_length_3929_cov_43.464491:2022-3199   -            169 64151at7898          -            365   0.00025   18.4   0.6   2   3   7.3e-05     0.016   12.4   0.0   248   283    54    89    43    96 0.90 -
NODE_95341_length_3929_cov_43.464491:2022-3199   -            169 64151at7898          -            365   0.00025   18.4   0.6   3   3     0.084        19    2.3   0.0   249   286   130   168   100   169 0.74 -
NODE_124989_length_3006_cov_42.138287:1018-1758  -            247 64151at7898          -            365     0.001   16.4   1.4   1   4    0.0025      0.55    7.3   0.0   247   294    16    67     2    78 0.64 -
NODE_124989_length_3006_cov_42.138287:1018-1758  -            247 64151at7898          -            365     0.001   16.4   1.4   2   4    0.0025      0.54    7.4   0.0    95   145    44    95    35   104 0.78 -
NODE_124989_length_3006_cov_42.138287:1018-1758  -            247 64151at7898          -            365     0.001   16.4   1.4   3   4      0.51   1.1e+02   -0.3   0.0   253   286    65    99    60   128 0.69 -
NODE_124989_length_3006_cov_42.138287:1018-1758  -            247 64151at7898          -            365     0.001   16.4   1.4   4   4     0.007       1.5    5.9   0.1   261   287   161   186   121   216 0.61 -
NODE_57263_length_5766_cov_27.977590:1499-4565   -            215 64151at7898          -            365    0.0024   15.1   0.2   1   2   3.7e-05    0.0082   13.4   0.1   240   295    51   107    45   117 0.82 -
NODE_57263_length_5766_cov_27.977590:1499-4565   -            215 64151at7898          -            365    0.0024   15.1   0.2   2   2       1.2   2.7e+02   -1.5   0.0   277   294   176   193   158   210 0.72 -
#
# Program:         hmmsearch
# Version:         3.1b2 (February 2015)
# Pipeline mode:   SEARCH
# Query file:      /home/e1garcia/shotgun_PIRE/abyss/busco_downloads/lineages/actinopterygii_odb10/hmms/64151at7898.hmm
# Target file:     /home/e1garcia/shotgun_PIRE/pire_ssl_data_processing/plotosus_lineatus/busco_scaffolds_results-SPAdes_decontam_R1R2_noIsolate/run_actinopterygii_odb10/metaeuk_output/rerun_results/scaffolds.modified.fasta.modified.fas
# Option settings: hmmsearch --domtblout /home/e1garcia/shotgun_PIRE/pire_ssl_data_processing/plotosus_lineatus/busco_scaffolds_results-SPAdes_decontam_R1R2_noIsolate/run_actinopterygii_odb10/hmmer_output/rerun_results/64151at7898.out --cpu 1 /home/e1garcia/shotgun_PIRE/abyss/busco_downloads/lineages/actinopterygii_odb10/hmms/64151at7898.hmm /home/e1garcia/shotgun_PIRE/pire_ssl_data_processing/plotosus_lineatus/busco_scaffolds_results-SPAdes_decontam_R1R2_noIsolate/run_actinopterygii_odb10/metaeuk_output/rerun_results/scaffolds.modified.fasta.modified.fas 
# Current dir:     /home/e1garcia/shotgun_PIRE/pire_ssl_data_processing/plotosus_lineatus
# Date:            Fri Aug 20 14:37:14 2021
# [ok]
