#                                                                                                        --- full sequence --- -------------- this domain -------------   hmm coord   ali coord   env coord
# target name                                    accession   tlen query name           accession   qlen   E-value  score  bias   #  of  c-Evalue  i-Evalue  score  bias  from    to  from    to  from    to  acc description of target
#                            ------------------- ---------- ----- -------------------- ---------- ----- --------- ------ ----- --- --- --------- --------- ------ ----- ----- ----- ----- ----- ----- ----- ---- ---------------------
NODE_1528_length_20633_cov_36.089218:4189-6020   -            328 73085at7898          -            376  6.4e-141  468.1  12.4   1   1  2.2e-142  9.2e-141  467.6  12.4    88   376     2   325     1   325 0.94 -
NODE_54124_length_5978_cov_41.162613:1768-2727   -            320 73085at7898          -            376   3.9e-21   73.9  17.4   1   4    0.0041      0.18    9.2   0.4   168   226     3    60     1    67 0.76 -
NODE_54124_length_5978_cov_41.162613:1768-2727   -            320 73085at7898          -            376   3.9e-21   73.9  17.4   2   4   0.00033     0.014   12.8   0.5   145   204    50   110    46   112 0.87 -
NODE_54124_length_5978_cov_41.162613:1768-2727   -            320 73085at7898          -            376   3.9e-21   73.9  17.4   3   4   1.2e-12   5.2e-11   40.6   3.4   124   248    73   198    64   201 0.87 -
NODE_54124_length_5978_cov_41.162613:1768-2727   -            320 73085at7898          -            376   3.9e-21   73.9  17.4   4   4   3.2e-11   1.4e-09   35.9   4.4   165   288   185   317   185   320 0.84 -
NODE_4223_length_16105_cov_35.803449:10350-11270 -            307 73085at7898          -            376   2.6e-14   51.5  14.1   1   4      0.16       6.8    4.0   1.3   164   199    48    84    23   102 0.65 -
NODE_4223_length_16105_cov_35.803449:10350-11270 -            307 73085at7898          -            376   2.6e-14   51.5  14.1   2   4   3.8e-05    0.0016   15.9   0.2   144   193    98   147    92   165 0.77 -
NODE_4223_length_16105_cov_35.803449:10350-11270 -            307 73085at7898          -            376   2.6e-14   51.5  14.1   3   4    0.0011     0.046   11.2   0.1   164   204   143   184   138   187 0.88 -
NODE_4223_length_16105_cov_35.803449:10350-11270 -            307 73085at7898          -            376   2.6e-14   51.5  14.1   4   4   6.2e-12   2.6e-10   38.3   1.9   143   246   168   270   159   280 0.91 -
NODE_19505_length_9949_cov_32.586396:799-8165    -            383 73085at7898          -            376   6.7e-14   50.1  13.9   1   4     0.017      0.74    7.2   0.8   168   228     2    59     1    83 0.45 -
NODE_19505_length_9949_cov_32.586396:799-8165    -            383 73085at7898          -            376   6.7e-14   50.1  13.9   2   4   0.00033     0.014   12.8   0.0   164   219    90   146    86   152 0.86 -
NODE_19505_length_9949_cov_32.586396:799-8165    -            383 73085at7898          -            376   6.7e-14   50.1  13.9   3   4   1.6e-07   6.8e-06   23.8   0.6   158   267   172   293   165   304 0.74 -
NODE_19505_length_9949_cov_32.586396:799-8165    -            383 73085at7898          -            376   6.7e-14   50.1  13.9   4   4   0.00074     0.031   11.7   0.1   144   202   300   360   299   378 0.82 -
NODE_24649_length_9010_cov_23.639883:7365-7931   -            189 73085at7898          -            376   5.9e-13   47.0   6.8   1   2   2.4e-11     1e-09   36.4   3.2   164   295    10   150     3   154 0.87 -
NODE_24649_length_9010_cov_23.639883:7365-7931   -            189 73085at7898          -            376   5.9e-13   47.0   6.8   2   2   5.1e-06   0.00022   18.8   0.1   160   228    98   164    92   183 0.81 -
NODE_106073_length_3563_cov_46.506928:496-3083   -            261 73085at7898          -            376   8.9e-13   46.4   7.1   1   2   1.3e-10   5.5e-09   33.9   2.9   149   246    16   113     1   118 0.79 -
NODE_106073_length_3563_cov_46.506928:496-3083   -            261 73085at7898          -            376   8.9e-13   46.4   7.1   2   2   6.8e-06   0.00029   18.4   0.6   145   226   105   184   103   202 0.66 -
NODE_19661_length_9919_cov_32.479633:3021-4004   -            328 73085at7898          -            376   1.5e-12   45.7   7.5   1   3      0.35        15    2.9   1.0   162   198    68   108    48   118 0.76 -
NODE_19661_length_9919_cov_32.479633:3021-4004   -            328 73085at7898          -            376   1.5e-12   45.7   7.5   2   3     9e-09   3.9e-07   27.9   2.2   164   285   120   252   115   255 0.84 -
NODE_19661_length_9919_cov_32.479633:3021-4004   -            328 73085at7898          -            376   1.5e-12   45.7   7.5   3   3   6.2e-09   2.7e-07   28.4   0.3   136   246   186   295   183   310 0.90 -
NODE_95796_length_3913_cov_28.392764:1333-2442   -            370 73085at7898          -            376   5.9e-12   43.7   9.8   1   3   0.00012     0.005   14.3   0.2   144   207    76   142    67   149 0.85 -
NODE_95796_length_3913_cov_28.392764:1333-2442   -            370 73085at7898          -            376   5.9e-12   43.7   9.8   2   3   1.4e-05   0.00061   17.3   0.6   168   250   149   233   143   258 0.75 -
NODE_95796_length_3913_cov_28.392764:1333-2442   -            370 73085at7898          -            376   5.9e-12   43.7   9.8   3   3   9.8e-06   0.00042   17.9   0.6   143   243   243   346   235   353 0.83 -
NODE_26932_length_8644_cov_36.271153:5736-6650   -            305 73085at7898          -            376   2.4e-11   41.7  15.2   1   3     0.012      0.53    7.6   3.1   152   236    59   143    39   156 0.52 -
NODE_26932_length_8644_cov_36.271153:5736-6650   -            305 73085at7898          -            376   2.4e-11   41.7  15.2   2   3   1.6e-09     7e-08   30.3   5.6   144   246   122   225   112   227 0.86 -
NODE_26932_length_8644_cov_36.271153:5736-6650   -            305 73085at7898          -            376   2.4e-11   41.7  15.2   3   3   8.5e-06   0.00036   18.1   0.2   143   211   215   284   213   292 0.89 -
NODE_373675_length_359_cov_0.611538:1-324        -            108 73085at7898          -            376   3.8e-10   37.7   3.3   1   1   1.8e-10   7.6e-09   33.5   3.3   168   284     2   104     1   106 0.80 -
NODE_2557_length_18307_cov_36.773616:14743-15660 -            306 73085at7898          -            376   5.8e-10   37.2  14.9   1   3   2.1e-06   9.1e-05   20.0   3.4   145   231    98   185    92   191 0.81 -
NODE_2557_length_18307_cov_36.773616:14743-15660 -            306 73085at7898          -            376   5.8e-10   37.2  14.9   2   3   6.2e-07   2.6e-05   21.8   3.7   163   246   187   270   185   277 0.90 -
NODE_2557_length_18307_cov_36.773616:14743-15660 -            306 73085at7898          -            376   5.8e-10   37.2  14.9   3   3    0.0015     0.066   10.6   0.6   165   213   236   286   230   291 0.87 -
NODE_59952_length_5596_cov_37.077497:4676-5290   -            205 73085at7898          -            376   6.4e-10   37.0  15.6   1   3   3.7e-07   1.6e-05   22.5   3.9   148   247    16   114     9   117 0.79 -
NODE_59952_length_5596_cov_37.077497:4676-5290   -            205 73085at7898          -            376   6.4e-10   37.0  15.6   2   3   3.5e-07   1.5e-05   22.6   1.7   155   245    69   158    54   163 0.78 -
NODE_59952_length_5596_cov_37.077497:4676-5290   -            205 73085at7898          -            376   6.4e-10   37.0  15.6   3   3   0.00083     0.035   11.5   0.0   143   211   126   195   116   200 0.85 -
NODE_33888_length_7758_cov_33.423815:518-1237    -            240 73085at7898          -            376   1.6e-09   35.7   8.5   1   3     0.056       2.4    5.5   1.0   167   252     5    92     2   104 0.77 -
NODE_33888_length_7758_cov_33.423815:518-1237    -            240 73085at7898          -            376   1.6e-09   35.7   8.5   2   3   0.00027     0.011   13.1   0.8   143   194   102   153    74   156 0.82 -
NODE_33888_length_7758_cov_33.423815:518-1237    -            240 73085at7898          -            376   1.6e-09   35.7   8.5   3   3   3.3e-07   1.4e-05   22.7   0.2   165   246   149   229   143   240 0.84 -
NODE_67973_length_5136_cov_32.489577:1394-2341   -            316 73085at7898          -            376   2.2e-09   35.2  15.1   1   3   5.5e-05    0.0023   15.4   2.5   167   273    53   172    40   182 0.67 -
NODE_67973_length_5136_cov_32.489577:1394-2341   -            316 73085at7898          -            376   2.2e-09   35.2  15.1   2   3     0.091       3.9    4.8   0.6   194   246   154   207   146   216 0.64 -
NODE_67973_length_5136_cov_32.489577:1394-2341   -            316 73085at7898          -            376   2.2e-09   35.2  15.1   3   3   8.6e-07   3.7e-05   21.3   4.3   147   248   201   304   195   313 0.77 -
NODE_114125_length_3311_cov_30.417186:1734-2306  -            191 73085at7898          -            376   6.8e-09   33.6   9.5   1   2     0.005      0.21    9.0   0.1   163   204    13    55     4    60 0.77 -
NODE_114125_length_3311_cov_30.417186:1734-2306  -            191 73085at7898          -            376   6.8e-09   33.6   9.5   2   2   8.7e-08   3.7e-06   24.6   8.5   146   269    42   165    35   176 0.68 -
NODE_115841_length_3260_cov_38.071180:1741-2730  -            330 73085at7898          -            376   1.3e-08   32.7  16.6   1   2    0.0083      0.35    8.2   5.6   144   193   121   170     1   180 0.72 -
NODE_115841_length_3260_cov_38.071180:1741-2730  -            330 73085at7898          -            376   1.3e-08   32.7  16.6   2   2    0.0011     0.047   11.1   1.4   144   215   238   311   236   318 0.85 -
NODE_45948_length_6588_cov_25.869317:804-1700    -            299 73085at7898          -            376   1.9e-08   32.2   8.2   1   2   4.3e-06   0.00018   19.0   1.5   161   247    47   135    20   145 0.80 -
NODE_45948_length_6588_cov_25.869317:804-1700    -            299 73085at7898          -            376   1.9e-08   32.2   8.2   2   2   1.8e-05   0.00077   17.0   0.9   144   253   149   261   137   276 0.80 -
NODE_167550_length_2064_cov_28.499237:643-1374   -            244 73085at7898          -            376     2e-08   32.1  10.1   1   3   0.00018    0.0075   13.7   0.5   163   246    16    98     1   112 0.70 -
NODE_167550_length_2064_cov_28.499237:643-1374   -            244 73085at7898          -            376     2e-08   32.1  10.1   2   3     0.002     0.084   10.3   0.3   151   202    72   125    62   131 0.67 -
NODE_167550_length_2064_cov_28.499237:643-1374   -            244 73085at7898          -            376     2e-08   32.1  10.1   3   3   1.3e-06   5.4e-05   20.8   4.1   144   241   112   208   106   219 0.88 -
NODE_517_length_25899_cov_72.245891:12242-12970  -            243 73085at7898          -            376   2.1e-08   32.0   3.4   1   2   1.7e-07   7.2e-06   23.7   0.8   139   228    36   122    28   144 0.81 -
NODE_517_length_25899_cov_72.245891:12242-12970  -            243 73085at7898          -            376   2.1e-08   32.0   3.4   2   2    0.0083      0.35    8.2   0.2   143   224   131   210   123   217 0.79 -
NODE_14047_length_11249_cov_108.891839:1685-2584 -            300 73085at7898          -            376   4.3e-08   31.0  11.3   1   3      0.02      0.83    7.0   0.4   215   247    32    66    24   103 0.70 -
NODE_14047_length_11249_cov_108.891839:1685-2584 -            300 73085at7898          -            376   4.3e-08   31.0  11.3   2   3   1.2e-06   5.2e-05   20.8   3.4   146   255    82   193    78   218 0.77 -
NODE_14047_length_11249_cov_108.891839:1685-2584 -            300 73085at7898          -            376   4.3e-08   31.0  11.3   3   3     0.031       1.3    6.3   0.1   167   206   224   265   199   279 0.58 -
NODE_40551_length_7069_cov_47.955811:1354-2106   -            251 73085at7898          -            376   6.4e-08   30.4   5.4   1   3   0.00012    0.0051   14.3   0.4   138   238    26   126    16   138 0.71 -
NODE_40551_length_7069_cov_47.955811:1354-2106   -            251 73085at7898          -            376   6.4e-08   30.4   5.4   2   3   0.00059     0.025   12.0   0.1   140   218    97   180    93   188 0.83 -
NODE_40551_length_7069_cov_47.955811:1354-2106   -            251 73085at7898          -            376   6.4e-08   30.4   5.4   3   3   9.5e-06   0.00041   17.9   0.7   165   260   149   241   141   251 0.83 -
NODE_9431_length_12816_cov_30.231265:9890-10531  -            214 73085at7898          -            376   7.8e-08   30.1   4.8   1   3     0.015      0.64    7.4   0.7   189   229    11    51     4    71 0.85 -
NODE_9431_length_12816_cov_30.231265:9890-10531  -            214 73085at7898          -            376   7.8e-08   30.1   4.8   2   3   2.8e-06   0.00012   19.7   0.3   140   216    58   134    49   138 0.91 -
NODE_9431_length_12816_cov_30.231265:9890-10531  -            214 73085at7898          -            376   7.8e-08   30.1   4.8   3   3   3.6e-06   0.00015   19.3   0.6   133   246    73   180    70   204 0.79 -
NODE_121749_length_3095_cov_24.992991:278-1114   -            279 73085at7898          -            376   7.9e-08   30.1   5.5   1   3     1e-05   0.00043   17.8   1.0   165   227    61   120    54   145 0.83 -
NODE_121749_length_3095_cov_24.992991:278-1114   -            279 73085at7898          -            376   7.9e-08   30.1   5.5   2   3   0.00024      0.01   13.3   0.2   167   268   134   241   128   248 0.68 -
NODE_121749_length_3095_cov_24.992991:278-1114   -            279 73085at7898          -            376   7.9e-08   30.1   5.5   3   3   0.00062     0.026   11.9   0.0   144   209   179   245   173   269 0.71 -
NODE_3075_length_17506_cov_32.273683:13116-13937 -            274 73085at7898          -            376   9.9e-08   29.8  19.9   1   3   3.8e-05    0.0016   15.9   7.1   166   291     5   139     2   141 0.76 -
NODE_3075_length_17506_cov_32.273683:13116-13937 -            274 73085at7898          -            376   9.9e-08   29.8  19.9   2   3     3e-07   1.3e-05   22.8   6.0   164   291    72   206    65   213 0.81 -
NODE_3075_length_17506_cov_32.273683:13116-13937 -            274 73085at7898          -            376   9.9e-08   29.8  19.9   3   3    0.0024       0.1   10.0   0.6   139   202   204   270   200   273 0.80 -
NODE_5680_length_14850_cov_33.046980:146-1763    -            388 73085at7898          -            376   1.6e-07   29.1  10.8   1   2   7.1e-08     3e-06   24.9   5.7   160   277    42   168    35   173 0.83 -
NODE_5680_length_14850_cov_33.046980:146-1763    -            388 73085at7898          -            376   1.6e-07   29.1  10.8   2   2     0.038       1.6    6.1   0.2   163   202   186   226   176   247 0.78 -
NODE_203209_length_1490_cov_33.702372:1167-1454  -             96 73085at7898          -            376   2.3e-07   28.6   1.0   1   1   6.7e-09   2.9e-07   28.3   1.0   167   246     3    83     1    95 0.89 -
NODE_68324_length_5118_cov_32.153816:3517-4221   -            235 73085at7898          -            376     8e-07   26.8  14.8   1   2   2.3e-05   0.00097   16.7   4.6   214   294    49   140    38   142 0.80 -
NODE_68324_length_5118_cov_32.153816:3517-4221   -            235 73085at7898          -            376     8e-07   26.8  14.8   2   2   4.2e-05    0.0018   15.8   3.2   143   237   141   234   134   235 0.76 -
NODE_1294_length_21308_cov_44.412325:19010-19681 -            224 73085at7898          -            376   8.8e-07   26.7   4.4   1   2     2e-06   8.5e-05   20.2   0.9   168   286    56   176    45   180 0.84 -
NODE_1294_length_21308_cov_44.412325:19010-19681 -            224 73085at7898          -            376   8.8e-07   26.7   4.4   2   2   0.00077     0.033   11.6   0.1   168   244   141   216   138   223 0.68 -
NODE_43442_length_6803_cov_28.154236:909-2426    -            506 73085at7898          -            376   1.1e-06   26.4  18.9   1   4   4.9e-05    0.0021   15.6   1.8   146   247    50   151    29   163 0.74 -
NODE_43442_length_6803_cov_28.154236:909-2426    -            506 73085at7898          -            376   1.1e-06   26.4  18.9   2   4     0.027       1.2    6.5   1.3   166   244   119   199   115   212 0.78 -
NODE_43442_length_6803_cov_28.154236:909-2426    -            506 73085at7898          -            376   1.1e-06   26.4  18.9   3   4      0.98        42    1.4   0.5   144   182   168   207   160   232 0.59 -
NODE_43442_length_6803_cov_28.154236:909-2426    -            506 73085at7898          -            376   1.1e-06   26.4  18.9   4   4     9e-06   0.00038   18.0   3.5   142   262   238   361   223   369 0.82 -
NODE_83438_length_4398_cov_29.933938:1437-3891   -            220 73085at7898          -            376   1.4e-06   26.0   1.6   1   2   5.9e-05    0.0025   15.3   0.4   146   206     3    63     1   110 0.69 -
NODE_83438_length_4398_cov_29.933938:1437-3891   -            220 73085at7898          -            376   1.4e-06   26.0   1.6   2   2    0.0033      0.14    9.5   0.1   145   208   107   173   102   184 0.78 -
NODE_44632_length_6700_cov_46.595819:4037-4996   -            320 73085at7898          -            376     2e-06   25.5   8.5   1   3       2.3        98    0.2   0.0   216   228    68    80    51    83 0.83 -
NODE_44632_length_6700_cov_46.595819:4037-4996   -            320 73085at7898          -            376     2e-06   25.5   8.5   2   3   8.5e-06   0.00036   18.1   3.3   145   229    68   154    65   170 0.75 -
NODE_44632_length_6700_cov_46.595819:4037-4996   -            320 73085at7898          -            376     2e-06   25.5   8.5   3   3    0.0038      0.16    9.4   0.9   171   271   164   274   153   296 0.45 -
NODE_169241_length_2034_cov_25.396899:378-1022   -            215 73085at7898          -            376   2.1e-06   25.4   8.4   1   2    0.0053      0.23    8.9   0.4   173   246     1    75     1    77 0.73 -
NODE_169241_length_2034_cov_25.396899:378-1022   -            215 73085at7898          -            376   2.1e-06   25.4   8.4   2   2   1.3e-05   0.00055   17.5   4.4   146   262    68   187    65   195 0.72 -
NODE_1294_length_21308_cov_44.412325:18356-19768 -            471 73085at7898          -            376   2.4e-06   25.2  33.3   1   4     0.058       2.5    5.5   7.5   195   267    35   117     2   137 0.62 -
NODE_1294_length_21308_cov_44.412325:18356-19768 -            471 73085at7898          -            376   2.4e-06   25.2  33.3   2   4     0.018      0.75    7.2   0.8   167   270   147   244   138   271 0.75 -
NODE_1294_length_21308_cov_44.412325:18356-19768 -            471 73085at7898          -            376   2.4e-06   25.2  33.3   3   4   1.1e-05   0.00048   17.7   1.0   169   286   275   394   269   398 0.84 -
NODE_1294_length_21308_cov_44.412325:18356-19768 -            471 73085at7898          -            376   2.4e-06   25.2  33.3   4   4      0.02      0.84    7.0   2.7   161   285   421   461   394   469 0.49 -
NODE_66290_length_5228_cov_21.853773:1190-1759   -            190 73085at7898          -            376   2.8e-06   25.0   5.1   1   2     0.042       1.8    5.9   0.3   192   247    49   104    39   107 0.77 -
NODE_66290_length_5228_cov_21.853773:1190-1759   -            190 73085at7898          -            376   2.8e-06   25.0   5.1   2   2     8e-07   3.4e-05   21.5   0.7   157   212   107   164   104   187 0.79 -
NODE_1092_length_22058_cov_27.210119:9619-10293  -            225 73085at7898          -            376   3.2e-06   24.8   3.4   1   2   3.1e-06   0.00013   19.5   1.9   137   227    25   112    20   133 0.87 -
NODE_1092_length_22058_cov_27.210119:9619-10293  -            225 73085at7898          -            376   3.2e-06   24.8   3.4   2   2     0.068       2.9    5.2   0.1   144   203   123   182   113   201 0.71 -
NODE_49757_length_6286_cov_28.536771:4905-5468   -            188 73085at7898          -            376   3.7e-06   24.6   4.7   1   1     2e-07   8.6e-06   23.4   4.7   138   233    38   135    33   177 0.75 -
NODE_124094_length_3030_cov_36.624019:1354-2172  -            273 73085at7898          -            376   3.9e-06   24.6  10.5   1   2   8.6e-06   0.00037   18.1   0.8   166   247    55   135    28   143 0.84 -
NODE_124094_length_3030_cov_36.624019:1354-2172  -            273 73085at7898          -            376   3.9e-06   24.6  10.5   2   2    0.0014     0.062   10.7   3.4   164   250   148   233   139   263 0.82 -
NODE_19946_length_9860_cov_35.171806:6155-6715   -            187 73085at7898          -            376   4.3e-06   24.4   0.6   1   1   2.2e-07   9.6e-06   23.3   0.5   168   253    32   119    27   172 0.68 -
NODE_37086_length_7406_cov_31.454085:6025-6807   -            261 73085at7898          -            376   4.4e-06   24.4   3.1   1   3       0.5        22    2.4   0.0   192   250    12    70     8    79 0.73 -
NODE_37086_length_7406_cov_31.454085:6025-6807   -            261 73085at7898          -            376   4.4e-06   24.4   3.1   2   3     1e-07   4.4e-06   24.4   3.1   144   246    82   186    69   195 0.82 -
NODE_37086_length_7406_cov_31.454085:6025-6807   -            261 73085at7898          -            376   4.4e-06   24.4   3.1   3   3       3.2   1.4e+02   -0.3   0.1   198   246   210   258   193   260 0.65 -
NODE_42907_length_6850_cov_36.657828:4795-5373   -            193 73085at7898          -            376   4.8e-06   24.3  15.1   1   2    0.0001    0.0045   14.5   6.7   142   227    19   105     8   112 0.83 -
NODE_42907_length_6850_cov_36.657828:4795-5373   -            193 73085at7898          -            376   4.8e-06   24.3  15.1   2   2   4.7e-05     0.002   15.6   1.2   156   232   108   182   105   193 0.80 -
NODE_33424_length_7811_cov_26.943465:3698-4324   -            209 73085at7898          -            376     5e-06   24.2   2.3   1   1   2.1e-07   8.8e-06   23.4   2.3   167   278    32   144     8   165 0.69 -
NODE_10062_length_12554_cov_35.899880:1266-2351  -            335 73085at7898          -            376     6e-06   23.9   9.2   1   3     0.069       2.9    5.2   0.2   247   290   112   154    99   165 0.84 -
NODE_10062_length_12554_cov_35.899880:1266-2351  -            335 73085at7898          -            376     6e-06   23.9   9.2   2   3   4.8e-06    0.0002   18.9   0.8   164   244   183   263   170   266 0.83 -
NODE_10062_length_12554_cov_35.899880:1266-2351  -            335 73085at7898          -            376     6e-06   23.9   9.2   3   3      0.01      0.43    8.0   0.5   145   209   232   296   230   324 0.74 -
NODE_14087_length_11238_cov_32.850974:7916-8671  -            252 73085at7898          -            376   7.3e-06   23.7  11.2   1   2   6.5e-05    0.0028   15.2   2.9   164   233    44   112    22   116 0.84 -
NODE_14087_length_11238_cov_32.850974:7916-8671  -            252 73085at7898          -            376   7.3e-06   23.7  11.2   2   2   0.00019    0.0083   13.6   1.0   166   231   116   182   112   200 0.84 -
NODE_36548_length_7463_cov_37.653721:6359-7093   -            245 73085at7898          -            376   7.3e-06   23.7   1.9   1   1   1.7e-07   7.3e-06   23.7   1.9   144   236    69   163    53   228 0.81 -
NODE_175364_length_1925_cov_2.082147:1007-1579   -            191 73085at7898          -            376     8e-06   23.5   6.4   1   2   2.2e-06   9.5e-05   20.0   2.4   140   266     8   137     5   147 0.78 -
NODE_175364_length_1925_cov_2.082147:1007-1579   -            191 73085at7898          -            376     8e-06   23.5   6.4   2   2      0.36        16    2.8   0.1   165   194   153   183   142   190 0.58 -
NODE_57133_length_5774_cov_74.376035:3107-4492   -            462 73085at7898          -            376   8.2e-06   23.5   2.2   1   1   3.1e-07   1.3e-05   22.8   2.2   148   268    61   195     5   203 0.81 -
NODE_23089_length_9267_cov_26.251854:6719-8437   -            573 73085at7898          -            376   8.3e-06   23.5  11.7   1   3   8.7e-05    0.0037   14.7   2.2   173   295    29   165    23   183 0.75 -
NODE_23089_length_9267_cov_26.251854:6719-8437   -            573 73085at7898          -            376   8.3e-06   23.5  11.7   2   3      0.82        35    1.7   0.1   168   226   372   430   366   440 0.69 -
NODE_23089_length_9267_cov_26.251854:6719-8437   -            573 73085at7898          -            376   8.3e-06   23.5  11.7   3   3   0.00018    0.0075   13.7   0.8   138   224   410   500   407   511 0.70 -
NODE_95305_length_3931_cov_25.043580:1987-3363   -            459 73085at7898          -            376   8.8e-06   23.4   7.2   1   2   3.6e-06   0.00015   19.3   7.4   144   247    77   186    67   215 0.76 -
NODE_95305_length_3931_cov_25.043580:1987-3363   -            459 73085at7898          -            376   8.8e-06   23.4   7.2   2   2      0.19       7.9    3.8   0.5   146   189   176   221   173   240 0.69 -
NODE_48971_length_6346_cov_22.943173:888-4790    -            144 73085at7898          -            376   1.2e-05   22.9   0.6   1   1   4.7e-07     2e-05   22.2   0.6   163   246    45   128    21   139 0.83 -
NODE_47686_length_6445_cov_31.015916:2924-4300   -            459 73085at7898          -            376   1.3e-05   22.8   5.8   1   1   3.8e-06   0.00016   19.2   5.7   161   246    95   183    67   235 0.74 -
NODE_123725_length_3041_cov_26.705642:997-1845   -            283 73085at7898          -            376   1.3e-05   22.8   7.1   1   2   2.2e-06   9.2e-05   20.0   3.4   162   250    10   107     1   111 0.77 -
NODE_123725_length_3041_cov_26.705642:997-1845   -            283 73085at7898          -            376   1.3e-05   22.8   7.1   2   2      0.12       5.2    4.4   0.1   162   227   113   176   107   202 0.81 -
NODE_117385_length_3216_cov_21.155278:1428-2201  -            258 73085at7898          -            376   1.5e-05   22.6   7.9   1   3     0.066       2.8    5.3   0.1   171   226    32    87     4    96 0.51 -
NODE_117385_length_3216_cov_21.155278:1428-2201  -            258 73085at7898          -            376   1.5e-05   22.6   7.9   2   3     7e-06    0.0003   18.3   2.8   165   281    98   228    90   233 0.67 -
NODE_117385_length_3216_cov_21.155278:1428-2201  -            258 73085at7898          -            376   1.5e-05   22.6   7.9   3   3      0.63        27    2.0   0.0   165   200   218   255   189   257 0.61 -
NODE_62631_length_5437_cov_32.263957:3163-3819   -            219 73085at7898          -            376   1.8e-05   22.4   5.9   1   2     0.088       3.8    4.9   0.2   164   202    13    52     4    58 0.81 -
NODE_62631_length_5437_cov_32.263957:3163-3819   -            219 73085at7898          -            376   1.8e-05   22.4   5.9   2   2   5.1e-06   0.00022   18.8   1.5   164   287    65   181    58   196 0.72 -
NODE_14230_length_11202_cov_35.104386:8949-9707  -            253 73085at7898          -            376   2.4e-05   21.9   9.1   1   2    0.0042      0.18    9.2   0.4   170   247    32   109    28   116 0.78 -
NODE_14230_length_11202_cov_35.104386:8949-9707  -            253 73085at7898          -            376   2.4e-05   21.9   9.1   2   2   2.7e-05    0.0011   16.4   3.0   167   283   125   252   113   253 0.80 -
NODE_281124_length_651_cov_76.110507:47-649      -            201 73085at7898          -            376   2.8e-05   21.7   9.5   1   1    0.0022     0.093   10.1   3.3   165   246     9    92     5    98 0.74 -
NODE_79291_length_4579_cov_29.039509:2720-3337   -            206 73085at7898          -            376   2.9e-05   21.7   7.7   1   2     7e-05     0.003   15.1   1.6   165   227    66   128    58   139 0.78 -
NODE_79291_length_4579_cov_29.039509:2720-3337   -            206 73085at7898          -            376   2.9e-05   21.7   7.7   2   2     0.016       0.7    7.3   0.2   167   200   142   179   133   197 0.83 -
NODE_64740_length_5313_cov_34.065593:1474-2037   -            188 73085at7898          -            376   3.5e-05   21.4  13.7   1   2   0.00017    0.0073   13.8   6.8   171   271    12   121     4   126 0.58 -
NODE_64740_length_5313_cov_34.065593:1474-2037   -            188 73085at7898          -            376   3.5e-05   21.4  13.7   2   2   3.8e-05    0.0016   15.9   3.5   144   229   101   184    94   187 0.87 -
NODE_99695_length_3775_cov_28.128945:1269-1553   -             95 73085at7898          -            376   3.6e-05   21.4   0.5   1   1   1.4e-06   6.2e-05   20.6   0.5   160   241    11    93     5    95 0.79 -
NODE_96232_length_3898_cov_25.400632:2602-3201   -            200 73085at7898          -            376   4.4e-05   21.1  16.2   1   3   0.00096     0.041   11.3   5.3   173   246     1    76     1    78 0.80 -
NODE_96232_length_3898_cov_25.400632:2602-3201   -            200 73085at7898          -            376   4.4e-05   21.1  16.2   2   3   0.00089     0.038   11.4   2.0   163   246    63   147    61   152 0.81 -
NODE_96232_length_3898_cov_25.400632:2602-3201   -            200 73085at7898          -            376   4.4e-05   21.1  16.2   3   3    0.0026      0.11    9.9   0.5   145   202   139   198   134   200 0.83 -
NODE_8532_length_13223_cov_30.661689:624-1985    -            454 73085at7898          -            376   4.5e-05   21.0   8.6   1   2   2.3e-06   9.6e-05   20.0   3.5   191   289    54   165    45   170 0.71 -
NODE_8532_length_13223_cov_30.661689:624-1985    -            454 73085at7898          -            376   4.5e-05   21.0   8.6   2   2      0.87        37    1.6   0.2   164   182   194   212   169   220 0.81 -
NODE_64475_length_5328_cov_30.326449:2874-3839   -            322 73085at7898          -            376   4.8e-05   21.0   5.0   1   1   3.1e-06   0.00013   19.5   4.9   169   292    31   170    23   186 0.75 -
NODE_80020_length_4547_cov_29.602743:2316-4087   -            226 73085at7898          -            376   4.9e-05   20.9   4.9   1   2     0.043       1.8    5.9   0.1   166   208    31    72    18    89 0.59 -
NODE_80020_length_4547_cov_29.602743:2316-4087   -            226 73085at7898          -            376   4.9e-05   20.9   4.9   2   2   5.8e-05    0.0025   15.3   2.4   162   241    95   174    78   208 0.82 -
NODE_28810_length_8382_cov_22.040444:3534-4085   -            184 73085at7898          -            376   6.3e-05   20.6   0.2   1   1   3.3e-06   0.00014   19.4   0.2   169   254    33   120    27   172 0.76 -
NODE_53133_length_6047_cov_30.631137:2417-3322   -            302 73085at7898          -            376   6.4e-05   20.6   9.6   1   3    0.0011     0.048   11.1   1.1   145   201    42   101    14   108 0.50 -
NODE_53133_length_6047_cov_30.631137:2417-3322   -            302 73085at7898          -            376   6.4e-05   20.6   9.6   2   3   7.1e-05     0.003   15.0   3.0   162   227    60   125    35   136 0.73 -
NODE_53133_length_6047_cov_30.631137:2417-3322   -            302 73085at7898          -            376   6.4e-05   20.6   9.6   3   3     0.011      0.45    7.9   0.4   165   205   138   182   133   201 0.78 -
NODE_90568_length_4108_cov_40.790721:1708-2313   -            202 73085at7898          -            376   6.6e-05   20.5   8.4   1   2     0.069       2.9    5.2   0.1   142   199    30    86    25    89 0.79 -
NODE_90568_length_4108_cov_40.790721:1708-2313   -            202 73085at7898          -            376   6.6e-05   20.5   8.4   2   2   2.7e-06   0.00012   19.7   6.7   139   246    71   178    57   186 0.79 -
NODE_52984_length_6057_cov_28.999329:1637-3226   -            530 73085at7898          -            376   6.8e-05   20.5  15.3   1   2    0.0057      0.24    8.8   1.9   215   289    83   170    28   186 0.68 -
NODE_52984_length_6057_cov_28.999329:1637-3226   -            530 73085at7898          -            376   6.8e-05   20.5  15.3   2   2   9.7e-05    0.0041   14.6   5.8   143   247   343   449   335   467 0.82 -
NODE_7739_length_13622_cov_40.676181:4588-5961   -            458 73085at7898          -            376   7.8e-05   20.3   2.3   1   1   5.1e-06   0.00022   18.8   2.3   143   268    75   214    52   221 0.77 -
NODE_614_length_24890_cov_34.029487:992-2485     -            498 73085at7898          -            376   8.5e-05   20.1  36.9   1   4   0.00068     0.029   11.8   6.0   158   257    51   146    27   171 0.74 -
NODE_614_length_24890_cov_34.029487:992-2485     -            498 73085at7898          -            376   8.5e-05   20.1  36.9   2   4     0.081       3.5    5.0   7.1   170   285   178   293   169   308 0.61 -
NODE_614_length_24890_cov_34.029487:992-2485     -            498 73085at7898          -            376   8.5e-05   20.1  36.9   3   4   0.00096     0.041   11.3   2.4   160   246   342   428   313   428 0.74 -
NODE_614_length_24890_cov_34.029487:992-2485     -            498 73085at7898          -            376   8.5e-05   20.1  36.9   4   4    0.0037      0.16    9.4   3.4   162   231   414   482   392   497 0.78 -
NODE_6886_length_14077_cov_35.708256:1342-2317   -            239 73085at7898          -            376   9.3e-05   20.0  18.9   1   3    0.0031      0.13    9.7   3.5   165   246     2    84     1    89 0.79 -
NODE_6886_length_14077_cov_35.708256:1342-2317   -            239 73085at7898          -            376   9.3e-05   20.0  18.9   2   3     0.009      0.38    8.1   2.4   244   290   113   163    74   167 0.54 -
NODE_6886_length_14077_cov_35.708256:1342-2317   -            239 73085at7898          -            376   9.3e-05   20.0  18.9   3   3   0.00076     0.033   11.6   2.2   161   227   158   232   157   238 0.78 -
NODE_71461_length_4952_cov_30.923758:2474-3199   -            242 73085at7898          -            376   9.7e-05   20.0  13.9   1   2     1e-05   0.00044   17.8   1.1   143   246    22   128    12   137 0.83 -
NODE_71461_length_4952_cov_30.923758:2474-3199   -            242 73085at7898          -            376   9.7e-05   20.0  13.9   2   2     0.013      0.56    7.6   5.0   165   256   141   232   134   239 0.86 -
NODE_84342_length_4362_cov_29.339198:748-3679    -            340 73085at7898          -            376   0.00011   19.8   9.9   1   3      0.69        29    1.9   0.2   173   243    76   147    36   151 0.55 -
NODE_84342_length_4362_cov_29.339198:748-3679    -            340 73085at7898          -            376   0.00011   19.8   9.9   2   3    0.0018     0.077   10.4   1.8   143   263   140   245   110   252 0.57 -
NODE_84342_length_4362_cov_29.339198:748-3679    -            340 73085at7898          -            376   0.00011   19.8   9.9   3   3   0.00044     0.019   12.4   2.0   162   227   253   320   233   340 0.72 -
NODE_200146_length_1535_cov_29.974930:107-433    -            109 73085at7898          -            376   0.00013   19.6   0.0   1   1   3.7e-06   0.00016   19.2   0.0   144   227    22   106     8   109 0.83 -
NODE_13581_length_11383_cov_26.684864:2782-5970  -            678 73085at7898          -            376   0.00016   19.2   6.4   1   2   8.5e-06   0.00036   18.1   1.8   188   289    51   165    38   172 0.74 -
NODE_13581_length_11383_cov_26.684864:2782-5970  -            678 73085at7898          -            376   0.00016   19.2   6.4   2   2      0.91        39    1.5   0.2   160   182   189   212   172   219 0.77 -
NODE_52984_length_6057_cov_28.999329:2486-3175   -            230 73085at7898          -            376   0.00017   19.2   6.9   1   1   3.7e-05    0.0016   16.0   6.8   143   246    60   165    49   182 0.83 -
NODE_119173_length_3167_cov_28.115711:2112-2735  -            208 73085at7898          -            376   0.00018   19.1   3.9   1   1     8e-05    0.0034   14.9   3.9   165   290    69   183    36   194 0.59 -
NODE_239140_length_1035_cov_95.089744:182-997    -            272 73085at7898          -            376   0.00034   18.2  15.6   1   2   2.1e-05   0.00089   16.8   4.9   165   272    60   180    55   194 0.80 -
NODE_239140_length_1035_cov_95.089744:182-997    -            272 73085at7898          -            376   0.00034   18.2  15.6   2   2     0.017      0.72    7.2   3.8   168   251   183   267   178   270 0.74 -
NODE_41945_length_6938_cov_33.095628:2538-3419   -            294 73085at7898          -            376   0.00034   18.2   1.6   1   1     8e-06   0.00034   18.2   1.6   169   285     7   136     4   165 0.74 -
NODE_133574_length_2787_cov_27.526414:997-1698   -            234 73085at7898          -            376   0.00052   17.6   2.1   1   2      0.32        14    3.0   0.1   168   224    63   119    54   129 0.67 -
NODE_133574_length_2787_cov_27.526414:997-1698   -            234 73085at7898          -            376   0.00052   17.6   2.1   2   2    0.0002    0.0084   13.6   0.3   164   230   131   197   111   225 0.82 -
NODE_44074_length_6748_cov_39.562190:3189-5571   -            335 73085at7898          -            376   0.00057   17.4   0.0   1   1   1.8e-05   0.00078   17.0   0.0     3   119    10   128     8   161 0.72 -
NODE_62631_length_5437_cov_32.263957:1879-2529   -            217 73085at7898          -            376   0.00069   17.2   2.0   1   2   1.6e-05   0.00069   17.2   2.0   181   280     8    99     4   106 0.82 -
NODE_62631_length_5437_cov_32.263957:1879-2529   -            217 73085at7898          -            376   0.00069   17.2   2.0   2   2      0.69        29    1.9   0.1   248   282   153   189   136   216 0.75 -
NODE_51586_length_6154_cov_38.076466:4388-5230   -            281 73085at7898          -            376   0.00071   17.1   8.9   1   2    0.0037      0.16    9.4   0.6   149   227    64   145    39   159 0.74 -
NODE_51586_length_6154_cov_38.076466:4388-5230   -            281 73085at7898          -            376   0.00071   17.1   8.9   2   2   7.9e-05    0.0034   14.9   4.0   168   291   134   268   120   276 0.76 -
NODE_353_length_27691_cov_39.389062:635-13989    -            735 73085at7898          -            376   0.00081   16.9   6.8   1   2    0.0046      0.19    9.1   3.3   174   253     3    84     1   109 0.61 -
NODE_353_length_27691_cov_39.389062:635-13989    -            735 73085at7898          -            376   0.00081   16.9   6.8   2   2     0.004      0.17    9.3   0.1   236   282   111   159    90   166 0.83 -
NODE_1773_length_19990_cov_42.323865:16855-18564 -            570 73085at7898          -            376   0.00091   16.8   2.4   1   2   2.1e-05   0.00091   16.8   2.4   138   247    36   148    28   173 0.81 -
NODE_1773_length_19990_cov_42.323865:16855-18564 -            570 73085at7898          -            376   0.00091   16.8   2.4   2   2      0.29        12    3.2   1.3   159   249   178   270   151   306 0.68 -
NODE_73272_length_4865_cov_45.601133:1273-4765   -            411 73085at7898          -            376    0.0012   16.4   0.7   1   1     4e-05    0.0017   15.9   0.7   161   214    76   129    49   198 0.75 -
NODE_10451_length_12410_cov_34.656486:2741-3079  -            113 73085at7898          -            376    0.0015   16.1   1.2   1   1    0.0001    0.0043   14.5   1.2   171   283     3   113     1   113 0.66 -
NODE_31054_length_8087_cov_28.347271:6479-6838   -            120 73085at7898          -            376    0.0019   15.7   0.5   1   2      0.14         6    4.2   0.3   189   226    17    55     1    66 0.51 -
NODE_31054_length_8087_cov_28.347271:6479-6838   -            120 73085at7898          -            376    0.0019   15.7   0.5   2   2     0.002     0.084   10.3   0.0   142   180    67   105    61   116 0.85 -
NODE_35899_length_7535_cov_29.740990:236-2896    -            218 73085at7898          -            376    0.0019   15.7   1.9   1   1   8.9e-05    0.0038   14.7   1.9   167   247    56   138    29   155 0.64 -
NODE_96232_length_3898_cov_25.400632:2941-3258   -            106 73085at7898          -            376    0.0023   15.4   1.0   1   1   7.2e-05    0.0031   15.0   1.0   144   208    25    91     2   105 0.77 -
NODE_38301_length_7288_cov_25.503130:2552-3940   -            463 73085at7898          -            376    0.0027   15.2   6.4   1   1   0.00044     0.019   12.4   6.1   162   267    95   212    60   221 0.59 -
NODE_18600_length_10141_cov_40.330910:638-1300   -            221 73085at7898          -            376    0.0029   15.1  10.1   1   3      0.23        10    3.5   0.3   189   246    45   104    18   105 0.70 -
NODE_18600_length_10141_cov_40.330910:638-1300   -            221 73085at7898          -            376    0.0029   15.1  10.1   2   3    0.0017     0.073   10.5   3.0   165   228    93   158    74   170 0.81 -
NODE_18600_length_10141_cov_40.330910:638-1300   -            221 73085at7898          -            376    0.0029   15.1  10.1   3   3    0.0066      0.28    8.6   0.2   216   247   170   202   164   218 0.78 -
NODE_321732_length_474_cov_73.634667:19-300      -             94 73085at7898          -            376    0.0031   15.0   0.1   1   1   8.9e-05    0.0038   14.7   0.1   169   246    14    92    10    94 0.83 -
NODE_10182_length_12508_cov_33.058022:6031-6726  -            232 73085at7898          -            376    0.0046   14.4   2.8   1   2       0.1       4.4    4.6   0.2   214   246    65    99    15   126 0.63 -
NODE_10182_length_12508_cov_33.058022:6031-6726  -            232 73085at7898          -            376    0.0046   14.4   2.8   2   2    0.0011     0.047   11.1   0.3   143   224   110   195   102   213 0.70 -
NODE_10120_length_12532_cov_37.345049:9269-10666 -            466 73085at7898          -            376    0.0057   14.1   4.9   1   1   0.00056     0.024   12.1   4.6   164   268   100   216    80   231 0.73 -
NODE_96189_length_3900_cov_22.134438:629-1324    -            232 73085at7898          -            376    0.0072   13.8   3.8   1   2      0.07         3    5.2   0.2   214   272    70   130    42   140 0.56 -
NODE_96189_length_3900_cov_22.134438:629-1324    -            232 73085at7898          -            376    0.0072   13.8   3.8   2   2    0.0023     0.098   10.1   1.1   165   221   141   197   118   216 0.75 -
NODE_82861_length_4423_cov_28.369103:1532-2920   -            463 73085at7898          -            376    0.0083   13.6   5.5   1   1   0.00097     0.041   11.3   5.4   164   267    79   195    61   200 0.74 -
NODE_60351_length_5571_cov_45.466374:858-2318    -            487 73085at7898          -            376    0.0088   13.5   5.6   1   3       4.1   1.7e+02   -0.6   0.0   150   289     3    34     1    52 0.56 -
NODE_60351_length_5571_cov_45.466374:858-2318    -            487 73085at7898          -            376    0.0088   13.5   5.6   2   3       7.6   3.2e+02   -1.5   0.0   166   176   258   268   222   273 0.51 -
NODE_60351_length_5571_cov_45.466374:858-2318    -            487 73085at7898          -            376    0.0088   13.5   5.6   3   3   0.00015    0.0064   14.0   1.0   144   285   288   440   280   445 0.67 -
NODE_35347_length_7593_cov_24.159194:2658-3398   -            247 73085at7898          -            376    0.0089   13.5  12.9   1   2     0.013      0.55    7.6   4.9   167   244    72   148    37   162 0.72 -
NODE_35347_length_7593_cov_24.159194:2658-3398   -            247 73085at7898          -            376    0.0089   13.5  12.9   2   2     0.004      0.17    9.3   3.2   144   231   144   233   137   246 0.75 -
NODE_61824_length_5485_cov_21.028778:162-518     -            119 73085at7898          -            376    0.0095   13.4   0.1   1   1   0.00047      0.02   12.3   0.1   145   227     3    86     1    95 0.77 -
NODE_30132_length_8202_cov_33.811058:5167-6000   -            278 73085at7898          -            376      0.01   13.3  10.9   1   3      0.72        31    1.9   0.0   252   291    59    99    38   101 0.77 -
NODE_30132_length_8202_cov_33.811058:5167-6000   -            278 73085at7898          -            376      0.01   13.3  10.9   2   3     0.047         2    5.7   2.2   171   248    60   137    54   182 0.61 -
NODE_30132_length_8202_cov_33.811058:5167-6000   -            278 73085at7898          -            376      0.01   13.3  10.9   3   3    0.0015     0.064   10.7   1.0   165   224   221   278   215   278 0.90 -
NODE_42877_length_6853_cov_31.698253:1674-2246   -            191 73085at7898          -            376     0.011   13.2   2.9   1   3       7.1     3e+02   -1.4   0.0   268   285    17    35     2    39 0.56 -
NODE_42877_length_6853_cov_31.698253:1674-2246   -            191 73085at7898          -            376     0.011   13.2   2.9   2   3   0.00087     0.037   11.5   1.6   145   227    49   132    42   157 0.71 -
NODE_42877_length_6853_cov_31.698253:1674-2246   -            191 73085at7898          -            376     0.011   13.2   2.9   3   3      0.52        22    2.3   0.1   166   228   119   181   111   190 0.65 -
NODE_55024_length_5916_cov_224.821042:4308-4898  -            197 73085at7898          -            376     0.012   13.1   0.0   1   1   0.00063     0.027   11.9   0.0   166   247    88   172    80   196 0.80 -
NODE_29146_length_8333_cov_29.504129:3849-4559   -            237 73085at7898          -            376     0.023   12.2   8.9   1   3     0.066       2.8    5.3   0.6   171   247    33   109    28   121 0.69 -
NODE_29146_length_8333_cov_29.504129:3849-4559   -            237 73085at7898          -            376     0.023   12.2   8.9   2   3    0.0081      0.34    8.3   1.3   167   247   125   206   121   214 0.83 -
NODE_29146_length_8333_cov_29.504129:3849-4559   -            237 73085at7898          -            376     0.023   12.2   8.9   3   3      0.05       2.1    5.7   0.1   160   202   189   231   184   235 0.87 -
NODE_96189_length_3900_cov_22.134438:1514-2287   -            258 73085at7898          -            376     0.028   11.9   2.2   1   3       1.9        79    0.5   0.0   216   247    58    91    36   100 0.78 -
NODE_96189_length_3900_cov_22.134438:1514-2287   -            258 73085at7898          -            376     0.028   11.9   2.2   2   3       2.7   1.2e+02   -0.0   0.1   162   183   100   121    92   143 0.75 -
NODE_96189_length_3900_cov_22.134438:1514-2287   -            258 73085at7898          -            376     0.028   11.9   2.2   3   3    0.0054      0.23    8.8   0.1   248   290   150   193   133   210 0.85 -
NODE_54383_length_5960_cov_21.784678:3124-4050   -            309 73085at7898          -            376     0.028   11.9   2.0   1   2       8.6   3.7e+02   -1.7   0.0   165   182    19    36     6    50 0.71 -
NODE_54383_length_5960_cov_21.784678:3124-4050   -            309 73085at7898          -            376     0.028   11.9   2.0   2   2    0.0032      0.14    9.6   1.4   160   249    63   152    40   178 0.56 -
NODE_110279_length_3429_cov_28.116216:2172-2894  -            241 73085at7898          -            376     0.047   11.1   6.9   1   1    0.0075      0.32    8.4   6.8   169   289    61   170    10   180 0.59 -
NODE_101529_length_3712_cov_32.653750:1654-2670  -            339 73085at7898          -            376     0.072   10.5  11.4   1   2    0.0015     0.064   10.7   3.2   189   287    54   150    30   153 0.80 -
NODE_101529_length_3712_cov_32.653750:1654-2670  -            339 73085at7898          -            376     0.072   10.5  11.4   2   2     0.066       2.8    5.3   1.1   163   206   151   195   147   217 0.82 -
NODE_114883_length_3289_cov_31.054232:642-1409   -            256 73085at7898          -            376      0.13    9.6   8.9   1   3    0.0081      0.34    8.3   1.2   166   227    74   137    12   156 0.48 -
NODE_114883_length_3289_cov_31.054232:642-1409   -            256 73085at7898          -            376      0.13    9.6   8.9   2   3      0.11       4.5    4.6   1.2   193   289   129   234   119   240 0.56 -
NODE_114883_length_3289_cov_31.054232:642-1409   -            256 73085at7898          -            376      0.13    9.6   8.9   3   3       3.2   1.3e+02   -0.3   0.0   165   180   240   255   236   256 0.81 -
NODE_180466_length_1838_cov_87.224267:57-1808    -            584 73085at7898          -            376      0.32    8.4  29.4   1   4       4.3   1.8e+02   -0.7   0.2   169   225    28    85    17   116 0.55 -
NODE_180466_length_1838_cov_87.224267:57-1808    -            584 73085at7898          -            376      0.32    8.4  29.4   2   4      0.86        37    1.6   0.2   189   227   125   162   108   236 0.69 -
NODE_180466_length_1838_cov_87.224267:57-1808    -            584 73085at7898          -            376      0.32    8.4  29.4   3   4     0.009      0.38    8.1   9.6   146   250   296   401   269   436 0.55 -
NODE_180466_length_1838_cov_87.224267:57-1808    -            584 73085at7898          -            376      0.32    8.4  29.4   4   4    0.0041      0.18    9.2   1.6   151   236   478   562   456   568 0.75 -
#
# Program:         hmmsearch
# Version:         3.1b2 (February 2015)
# Pipeline mode:   SEARCH
# Query file:      /home/e1garcia/shotgun_PIRE/abyss/busco_downloads/lineages/actinopterygii_odb10/hmms/73085at7898.hmm
# Target file:     /home/e1garcia/shotgun_PIRE/pire_ssl_data_processing/plotosus_lineatus/busco_scaffolds_results-SPAdes_decontam_R1R2_noIsolate/run_actinopterygii_odb10/metaeuk_output/rerun_results/scaffolds.modified.fasta.modified.fas
# Option settings: hmmsearch --domtblout /home/e1garcia/shotgun_PIRE/pire_ssl_data_processing/plotosus_lineatus/busco_scaffolds_results-SPAdes_decontam_R1R2_noIsolate/run_actinopterygii_odb10/hmmer_output/rerun_results/73085at7898.out --cpu 1 /home/e1garcia/shotgun_PIRE/abyss/busco_downloads/lineages/actinopterygii_odb10/hmms/73085at7898.hmm /home/e1garcia/shotgun_PIRE/pire_ssl_data_processing/plotosus_lineatus/busco_scaffolds_results-SPAdes_decontam_R1R2_noIsolate/run_actinopterygii_odb10/metaeuk_output/rerun_results/scaffolds.modified.fasta.modified.fas 
# Current dir:     /home/e1garcia/shotgun_PIRE/pire_ssl_data_processing/plotosus_lineatus
# Date:            Fri Aug 20 14:42:32 2021
# [ok]
