#                                                                                                        --- full sequence --- -------------- this domain -------------   hmm coord   ali coord   env coord
# target name                                    accession   tlen query name           accession   qlen   E-value  score  bias   #  of  c-Evalue  i-Evalue  score  bias  from    to  from    to  from    to  acc description of target
#                            ------------------- ---------- ----- -------------------- ---------- ----- --------- ------ ----- --- --- --------- --------- ------ ----- ----- ----- ----- ----- ----- ----- ---- ---------------------
NODE_4922_length_15455_cov_33.200899:3017-10906  -            252 77631at7898          -            396  1.5e-104  347.9   0.0   1   1  3.6e-106  1.7e-104  347.8   0.0   155   393     1   252     1   252 0.95 -
NODE_55672_length_5873_cov_45.021995:3189-5607   -            305 77631at7898          -            396   1.3e-69  232.9   0.0   1   1   4.4e-71     2e-69  232.3   0.0   113   375    21   305    11   305 0.88 -
NODE_91373_length_4078_cov_14.514954:476-2265    -            241 77631at7898          -            396     2e-64  215.9   0.0   1   1   4.8e-66   2.2e-64  215.7   0.0   171   394     2   236     1   238 0.90 -
NODE_17435_length_10397_cov_33.888425:1925-9701  -            671 77631at7898          -            396     9e-62  207.1   0.1   1   2   8.5e-26   3.9e-24   83.2   0.0    57   392    83   444    75   447 0.70 -
NODE_17435_length_10397_cov_33.888425:1925-9701  -            671 77631at7898          -            396     9e-62  207.1   0.1   2   2   2.7e-37   1.3e-35  121.0   0.0   162   336   458   660   453   667 0.82 -
NODE_7392_length_13791_cov_24.086109:7350-12757  -            235 77631at7898          -            396   1.4e-61  206.4   0.0   1   1   3.5e-63   1.6e-61  206.2   0.0   171   394     1   226     1   228 0.91 -
NODE_7291_length_13851_cov_27.585079:2494-6537   -            241 77631at7898          -            396   4.1e-61  204.9   0.0   1   1     1e-62   4.7e-61  204.7   0.0   184   393    23   239     2   241 0.88 -
NODE_15258_length_10932_cov_26.057048:5056-9531  -            240 77631at7898          -            396   5.9e-61  204.4   0.0   1   1   1.5e-62   6.7e-61  204.2   0.0   171   395     1   237     1   238 0.89 -
NODE_74420_length_4808_cov_25.488214:757-2853    -            269 77631at7898          -            396   1.1e-60  203.5   2.6   1   2   3.8e-28   1.8e-26   90.9   0.0   159   277     5   129     2   139 0.88 -
NODE_74420_length_4808_cov_25.488214:757-2853    -            269 77631at7898          -            396   1.1e-60  203.5   2.6   2   2   1.1e-34   5.1e-33  112.4   0.8   276   377   156   268   134   269 0.88 -
NODE_9534_length_12773_cov_44.562648:3457-11742  -            420 77631at7898          -            396   1.2e-60  203.4   0.1   1   1   5.8e-62   2.7e-60  202.2   0.1   158   393    65   328    52   331 0.88 -
NODE_51001_length_6195_cov_40.597605:2835-5837   -            313 77631at7898          -            396   8.6e-59  197.3   0.2   1   2       7.4   3.4e+02   -2.3   0.0   109   135    59    85    44    95 0.77 -
NODE_51001_length_6195_cov_40.597605:2835-5837   -            313 77631at7898          -            396   8.6e-59  197.3   0.2   2   2   3.1e-60   1.4e-58  196.5   0.2   161   393    95   313    57   313 0.91 -
NODE_98680_length_3809_cov_34.939892:1966-3726   -            228 77631at7898          -            396   1.7e-57  193.0   0.0   1   1   7.4e-58   3.4e-56  188.7   0.0   171   395     1   225     1   226 0.90 -
NODE_110204_length_3431_cov_35.601441:1036-1908  -            291 77631at7898          -            396   2.6e-54  182.5   0.0   1   1   9.5e-55   4.4e-53  178.5   0.0   164   394    13   285     5   287 0.83 -
NODE_80285_length_4535_cov_29.713481:29-3882     -            230 77631at7898          -            396   1.3e-53  180.2   0.2   1   1   6.6e-55     3e-53  179.0   0.2   185   391     1   228     1   230 0.90 -
NODE_59799_length_5606_cov_34.314509:683-1519    -            279 77631at7898          -            396   1.4e-52  176.8   0.1   1   1   2.1e-53   9.9e-52  174.0   0.1   164   393     8   279     2   279 0.81 -
NODE_8100_length_13441_cov_31.221706:4564-5760   -            248 77631at7898          -            396   8.9e-52  174.2   0.2   1   2   8.4e-09   3.8e-07   27.2   0.0   185   245     1    65     1    75 0.86 -
NODE_8100_length_13441_cov_31.221706:4564-5760   -            248 77631at7898          -            396   8.9e-52  174.2   0.2   2   2   1.7e-44   7.7e-43  144.8   0.1   251   387    97   246    93   248 0.90 -
NODE_28534_length_8424_cov_31.974414:469-4783    -            255 77631at7898          -            396   7.2e-51  171.2   0.6   1   1   2.6e-52   1.2e-50  170.4   0.6   162   393    10   253     3   255 0.82 -
NODE_33671_length_7782_cov_157.722374:65-3870    -            300 77631at7898          -            396   1.5e-46  157.0   0.0   1   1   6.4e-47     3e-45  152.7   0.0    57   341     1   299     1   300 0.83 -
NODE_12987_length_11552_cov_31.810006:3873-8423  -            283 77631at7898          -            396   7.1e-25   85.6   0.0   1   1     2e-26   9.3e-25   85.2   0.0     9   253    14   273     9   283 0.79 -
NODE_66146_length_5235_cov_36.220016:1250-2660   -            276 77631at7898          -            396   7.8e-25   85.5   0.0   1   1   2.2e-26   9.9e-25   85.1   0.0    51   274    37   276    29   276 0.82 -
NODE_142391_length_2574_cov_29.122020:426-1394   -            323 77631at7898          -            396   6.6e-22   75.8   0.0   1   1   7.2e-23   3.3e-21   73.5   0.0   166   390    52   312    45   317 0.70 -
NODE_18481_length_10164_cov_34.937606:3145-7976  -            255 77631at7898          -            396   2.1e-20   70.9   0.0   1   1   5.7e-22   2.6e-20   70.6   0.0     8   236    11   255     7   255 0.77 -
NODE_56603_length_5808_cov_33.269925:437-4531    -            229 77631at7898          -            396   4.7e-19   66.4   0.0   1   1   1.3e-20   5.8e-19   66.1   0.0   184   374     2   211     1   221 0.82 -
NODE_33059_length_7852_cov_28.374823:2625-3314   -            230 77631at7898          -            396   7.9e-19   65.7   0.1   1   1   1.4e-19   6.4e-18   62.7   0.1   181   345     8   198     1   230 0.78 -
NODE_73466_length_4856_cov_28.538154:655-4685    -            196 77631at7898          -            396   2.3e-18   64.2   0.0   1   1   6.2e-20   2.9e-18   63.8   0.0    57   237     1   196     1   196 0.76 -
NODE_3165_length_17388_cov_34.354445:13453-16559 -            308 77631at7898          -            396   1.6e-17   61.4   0.1   1   2   1.2e-17   5.4e-16   56.3   0.0   160   300    28   175    12   183 0.83 -
NODE_3165_length_17388_cov_34.354445:13453-16559 -            308 77631at7898          -            396   1.6e-17   61.4   0.1   2   2      0.18       8.4    3.0   0.0   305   333   209   236   188   241 0.77 -
NODE_4294_length_16050_cov_30.535954:3820-8245   -            229 77631at7898          -            396     5e-17   59.8   0.0   1   1   1.4e-18   6.5e-17   59.4   0.0   167   333    12   188     6   198 0.75 -
NODE_53727_length_6007_cov_33.355281:2049-2852   -            268 77631at7898          -            396   7.3e-17   59.2   0.1   1   1   2.2e-18     1e-16   58.8   0.1   184   386    33   257     9   262 0.77 -
NODE_57354_length_5759_cov_155.717845:3444-4160  -            239 77631at7898          -            396   7.5e-17   59.2   0.0   1   2     0.099       4.5    3.9   0.0     8    72    34    99    30   108 0.78 -
NODE_57354_length_5759_cov_155.717845:3444-4160  -            239 77631at7898          -            396   7.5e-17   59.2   0.0   2   2   8.5e-17   3.9e-15   53.5   0.0   161   280   109   239   103   239 0.89 -
NODE_2526_length_18357_cov_45.410505:12287-12754 -            156 77631at7898          -            396   8.4e-17   59.0   0.0   1   1   2.4e-18   1.1e-16   58.6   0.0   254   389     7   151     3   154 0.85 -
NODE_21657_length_9529_cov_36.362990:1037-7595   -            292 77631at7898          -            396   1.2e-16   58.4   0.0   1   2   8.9e-17   4.1e-15   53.5   0.0   164   299     3   153     1   161 0.85 -
NODE_21657_length_9529_cov_36.362990:1037-7595   -            292 77631at7898          -            396   1.2e-16   58.4   0.0   2   2      0.18       8.3    3.0   0.0   305   333   191   218   169   224 0.78 -
NODE_2465_length_18479_cov_32.946681:11511-12293 -            261 77631at7898          -            396   1.4e-15   55.0   0.0   1   2       9.5   4.4e+02   -2.6   0.0     9    36    57    83    54    93 0.75 -
NODE_2465_length_18479_cov_32.946681:11511-12293 -            261 77631at7898          -            396   1.4e-15   55.0   0.0   2   2   6.1e-17   2.8e-15   54.0   0.0   162   280   132   261   124   261 0.86 -
NODE_15020_length_10987_cov_38.645481:329-10513  -            130 77631at7898          -            396   8.5e-15   52.4   0.0   1   1     2e-16     9e-15   52.3   0.0   226   333    17   129     2   130 0.87 -
NODE_50528_length_6232_cov_34.149519:2747-3775   -            199 77631at7898          -            396     2e-14   51.2   0.0   1   1     5e-16   2.3e-14   51.0   0.0   168   334     1   179     1   192 0.81 -
NODE_35971_length_7526_cov_32.898479:5455-6016   -            138 77631at7898          -            396     5e-14   49.9   0.0   1   1   1.4e-15   6.2e-14   49.6   0.0   226   333     5   126     2   136 0.82 -
NODE_6724_length_14175_cov_47.007673:6727-10055  -            636 77631at7898          -            396   9.1e-14   49.0   0.0   1   1   6.2e-15   2.9e-13   47.4   0.0   158   332    64   275    40   289 0.72 -
NODE_22819_length_9316_cov_34.085277:2980-3504   -            175 77631at7898          -            396   1.4e-13   48.4   0.3   1   1   3.3e-15   1.5e-13   48.3   0.3   169   299     2   143     1   168 0.81 -
NODE_91312_length_4080_cov_26.856820:2193-2459   -             89 77631at7898          -            396   1.5e-13   48.3   0.0   1   1   3.7e-15   1.7e-13   48.1   0.0   244   299    15    71     5    79 0.89 -
NODE_160896_length_2189_cov_17.298086:5-244      -             80 77631at7898          -            396   1.7e-13   48.1   0.0   1   1   4.3e-15     2e-13   47.9   0.0   245   299    12    67     7    71 0.91 -
NODE_31_length_43713_cov_39.443734:18540-23945   -            167 77631at7898          -            396   2.2e-13   47.7   0.1   1   2    0.0062      0.29    7.9   0.0   166   216     6    68     1    72 0.67 -
NODE_31_length_43713_cov_39.443734:18540-23945   -            167 77631at7898          -            396   2.2e-13   47.7   0.1   2   2   2.4e-12   1.1e-10   38.9   0.0   260   332    71   144    65   155 0.91 -
NODE_8596_length_13193_cov_36.716740:761-1285    -            175 77631at7898          -            396   3.6e-13   47.0   0.2   1   1   8.9e-15   4.1e-13   46.9   0.2   169   302     2   146     1   163 0.80 -
NODE_268465_length_749_cov_1.407692:16-663       -            216 77631at7898          -            396     4e-13   46.9   0.0   1   1   1.3e-14     6e-13   46.3   0.0   166   347     5   211     2   216 0.79 -
NODE_61048_length_5530_cov_31.037562:2645-5201   -            114 77631at7898          -            396   5.8e-13   46.4   0.1   1   1   1.4e-14   6.4e-13   46.2   0.1   200   304     8   108     3   114 0.88 -
NODE_23481_length_9201_cov_68.986596:3238-6434   -            162 77631at7898          -            396   7.1e-13   46.1   0.1   1   2      0.15       6.7    3.4   0.0   167   216     6    65     3    69 0.63 -
NODE_23481_length_9201_cov_68.986596:3238-6434   -            162 77631at7898          -            396   7.1e-13   46.1   0.1   2   2   4.7e-13   2.1e-11   41.2   0.0   261   333    69   143    64   149 0.89 -
NODE_20033_length_9841_cov_39.089920:1549-9000   -            480 77631at7898          -            396   1.3e-12   45.2   0.1   1   1   4.6e-14   2.1e-12   44.5   0.1   194   340    78   238    41   265 0.77 -
NODE_2966_length_17661_cov_39.343355:15521-16189 -            223 77631at7898          -            396   2.9e-12   44.1   0.0   1   1   9.8e-14   4.5e-12   43.4   0.0   168   340     7   200     2   217 0.74 -
NODE_6145_length_14537_cov_39.373390:8509-9282   -            258 77631at7898          -            396   3.7e-12   43.7   0.1   1   1   9.5e-14   4.4e-12   43.5   0.1   165   353     2   208     1   244 0.76 -
NODE_54531_length_5950_cov_30.968894:1532-2026   -            165 77631at7898          -            396   4.5e-12   43.4   0.0   1   1   1.3e-13   5.8e-12   43.1   0.0   258   339     8   103     3   129 0.78 -
NODE_7402_length_13786_cov_39.829400:1964-13041  -            550 77631at7898          -            396   6.4e-12   42.9   0.0   1   1     2e-13   9.2e-12   42.4   0.0   197   389     3   207     1   212 0.73 -
NODE_68599_length_5103_cov_34.569544:1777-2340   -            188 77631at7898          -            396   1.1e-11   42.1   0.0   1   1   3.6e-13   1.6e-11   41.6   0.0   179   300    26   161     8   181 0.74 -
NODE_14922_length_11011_cov_54.859971:429-4575   -            171 77631at7898          -            396   1.8e-11   41.5   0.4   1   2      0.02      0.94    6.2   0.1   166   192     5    32     2    42 0.86 -
NODE_14922_length_11011_cov_54.859971:429-4575   -            171 77631at7898          -            396   1.8e-11   41.5   0.4   2   2     7e-11   3.2e-09   34.0   0.0   190   295    63   171    40   171 0.84 -
NODE_5930_length_14671_cov_44.521411:2550-10154  -            261 77631at7898          -            396     3e-11   40.7   0.2   1   1   8.6e-13     4e-11   40.3   0.2   195   332    15   166     1   172 0.73 -
NODE_7870_length_13561_cov_43.773288:3009-9701   -            236 77631at7898          -            396   8.4e-11   39.3   0.0   1   1   2.3e-12   1.1e-10   38.9   0.0   227   350     1   131     1   139 0.77 -
NODE_18771_length_10107_cov_38.069644:4464-10073 -            186 77631at7898          -            396     9e-11   39.2   0.0   1   1   4.5e-12   2.1e-10   38.0   0.0   227   335     1   123     1   153 0.83 -
NODE_83488_length_4395_cov_427.152933:1861-2385  -            175 77631at7898          -            396   1.6e-10   38.3   0.1   1   1   1.3e-11   6.2e-10   36.4   0.1   169   302     9   162     4   167 0.69 -
NODE_16106_length_10704_cov_44.048373:1967-3147  -            160 77631at7898          -            396   2.4e-10   37.8   0.0   1   1     2e-09     9e-08   29.3   0.0   171   328     1   158     1   160 0.68 -
NODE_936_length_22725_cov_201.497437:12564-17709 -            183 77631at7898          -            396   3.7e-10   37.1   0.1   1   2      0.32        15    2.2   0.1   204   233     6    36     2    43 0.79 -
NODE_936_length_22725_cov_201.497437:12564-17709 -            183 77631at7898          -            396   3.7e-10   37.1   0.1   2   2   6.8e-11   3.1e-09   34.1   0.0   254   347    36   139    25   156 0.77 -
NODE_150969_length_2386_cov_41.975514:1448-1900  -            151 77631at7898          -            396   4.5e-10   36.9   0.0   1   1   1.1e-11   5.1e-10   36.7   0.0   168   297     2   151     1   151 0.84 -
NODE_29232_length_8320_cov_59.148157:68-556      -            163 77631at7898          -            396   6.1e-10   36.4   0.0   1   1   1.7e-11     8e-10   36.0   0.0   258   340     8   104     3   114 0.71 -
NODE_250211_length_919_cov_1.091463:227-784      -            186 77631at7898          -            396   6.5e-10   36.3   0.0   1   1   2.9e-11   1.3e-09   35.3   0.0   205   335     4   147     1   165 0.81 -
NODE_100417_length_3749_cov_38.876712:44-3155    -            255 77631at7898          -            396   2.5e-09   34.4   0.1   1   1   7.8e-11   3.6e-09   33.9   0.1   191   298    44   164     7   169 0.72 -
NODE_98259_length_3823_cov_43.067401:1103-3058   -            192 77631at7898          -            396   2.9e-09   34.2   0.0   1   1   9.6e-11   4.4e-09   33.6   0.0   198   335    17   164     7   184 0.75 -
NODE_35898_length_7535_cov_30.338757:2481-6844   -            113 77631at7898          -            396   1.3e-08   32.0   0.2   1   2     0.001     0.046   10.5   0.0   166   193     5    35     1    61 0.69 -
NODE_35898_length_7535_cov_30.338757:2481-6844   -            113 77631at7898          -            396   1.3e-08   32.0   0.2   2   2     1e-06   4.8e-05   20.3   0.0   258   297    76   113    66   113 0.91 -
NODE_111777_length_3380_cov_34.353551:673-1671   -            333 77631at7898          -            396   1.8e-08   31.5   0.0   1   1   5.7e-10   2.6e-08   31.0   0.0   166   333    27   217    19   225 0.71 -
NODE_1839_length_19838_cov_42.013679:52-4369     -            337 77631at7898          -            396   1.9e-08   31.5   0.0   1   1   5.5e-10   2.5e-08   31.1   0.0   163   333    83   279    59   298 0.69 -
NODE_7253_length_13874_cov_39.136334:2428-8891   -            242 77631at7898          -            396   1.9e-08   31.5   0.0   1   3   1.9e-05    0.0009   16.1   0.0   166   217     6    64     2    71 0.79 -
NODE_7253_length_13874_cov_39.136334:2428-8891   -            242 77631at7898          -            396   1.9e-08   31.5   0.0   2   3   0.00045     0.021   11.6   0.0   258   296    73   112    66   126 0.84 -
NODE_7253_length_13874_cov_39.136334:2428-8891   -            242 77631at7898          -            396   1.9e-08   31.5   0.0   3   3       1.7        77   -0.1   0.0   307   333   195   222   190   232 0.76 -
NODE_5419_length_15059_cov_42.829880:4716-5816   -            367 77631at7898          -            396   2.4e-08   31.2   0.0   1   1   7.8e-10   3.6e-08   30.6   0.0   166   333    27   217    20   225 0.71 -
NODE_10817_length_12270_cov_29.897708:9504-9794  -             97 77631at7898          -            396     5e-08   30.1   0.0   1   1   1.2e-09   5.6e-08   30.0   0.0   226   306     3    91     1    96 0.86 -
NODE_83284_length_4404_cov_23.418118:3443-4000   -            186 77631at7898          -            396   9.2e-08   29.2   0.0   1   1   2.8e-09   1.3e-07   28.8   0.0   262   333    19   105     9   114 0.73 -
NODE_9590_length_12744_cov_31.935310:6637-7115   -            132 77631at7898          -            396   1.2e-07   28.9   0.0   1   1     3e-09   1.4e-07   28.7   0.0   259   340    14   104     4   117 0.76 -
NODE_13242_length_11478_cov_36.884788:3231-3521  -             97 77631at7898          -            396   2.2e-07   28.0   0.2   1   1   5.3e-09   2.4e-07   27.8   0.2   234   299    19    88     9    95 0.86 -
NODE_61710_length_5490_cov_40.641810:4032-5014   -             87 77631at7898          -            396   5.7e-07   26.6   0.5   1   1   1.3e-08     6e-07   26.6   0.5   209   290     3    86     1    87 0.89 -
NODE_92924_length_4019_cov_35.050255:1953-2273   -            107 77631at7898          -            396   6.2e-07   26.5   0.1   1   1   1.4e-08   6.6e-07   26.4   0.1   223   297    30   107     3   107 0.79 -
NODE_15399_length_10891_cov_27.271405:2694-3273  -            162 77631at7898          -            396   8.8e-07   26.0   0.0   1   1   2.2e-08     1e-06   25.8   0.0   254   340    61   157    19   161 0.79 -
NODE_69865_length_5036_cov_43.110391:2073-3069   -            179 77631at7898          -            396   1.4e-06   25.4   0.0   1   2   6.2e-08   2.9e-06   24.3   0.0   182   306    19   150     1   155 0.77 -
NODE_69865_length_5036_cov_43.110391:2073-3069   -            179 77631at7898          -            396   1.4e-06   25.4   0.0   2   2      0.58        27    1.4   0.0   320   339   146   164   142   177 0.77 -
NODE_1554_length_20580_cov_52.558078:9008-9739   -            244 77631at7898          -            396   1.4e-06   25.3   0.0   1   1   3.2e-08   1.5e-06   25.3   0.0   187   354    20   201     1   235 0.70 -
NODE_19368_length_9976_cov_32.146907:424-864     -            147 77631at7898          -            396   1.6e-06   25.2   0.0   1   1   4.2e-08   1.9e-06   24.9   0.0   205   330     5   145     1   147 0.67 -
NODE_37_length_41439_cov_5.115385:27781-28284    -            168 77631at7898          -            396   2.2e-06   24.7   0.0   1   1   5.2e-08   2.4e-06   24.6   0.0   228   314    45   147     9   167 0.69 -
NODE_12252_length_11788_cov_29.610488:5565-9783  -            152 77631at7898          -            396   2.4e-06   24.6   0.0   1   1   1.2e-06   5.5e-05   20.1   0.0   252   340    41   139     1   146 0.70 -
NODE_40308_length_7091_cov_39.265875:5532-6044   -            121 77631at7898          -            396   2.6e-06   24.5   0.1   1   1   7.8e-07   3.6e-05   20.7   0.1   252   298    70   118     1   120 0.85 -
NODE_34573_length_7675_cov_40.090549:455-3476    -            693 77631at7898          -            396   5.3e-06   23.4   0.1   1   1   1.6e-07   7.6e-06   22.9   0.1   168   298   539   679   518   688 0.78 -
NODE_13442_length_11422_cov_237.913362:1959-3611 -            150 77631at7898          -            396   6.7e-06   23.1   0.0   1   2     0.075       3.5    4.3   0.0   254   277    19    42     3    54 0.82 -
NODE_13442_length_11422_cov_237.913362:1959-3611 -            150 77631at7898          -            396   6.7e-06   23.1   0.0   2   2   1.2e-05   0.00054   16.8   0.0   275   334    71   141    65   148 0.77 -
NODE_340083_length_428_cov_0.620061:11-400       -            130 77631at7898          -            396   1.5e-05   22.0   0.0   1   1   3.6e-07   1.7e-05   21.8   0.0   204   299     4    99     1   107 0.87 -
NODE_153463_length_2336_cov_27.911936:1414-1992  -            193 77631at7898          -            396   2.6e-05   21.2   0.1   1   2   3.3e-06   0.00015   18.7   0.0   253   300     7    56     2    69 0.86 -
NODE_153463_length_2336_cov_27.911936:1414-1992  -            193 77631at7898          -            396   2.6e-05   21.2   0.1   2   2       1.1        50    0.5   0.0   320   334    97   111    87   152 0.87 -
NODE_202463_length_1501_cov_32.092725:1234-1479  -             82 77631at7898          -            396   3.2e-05   20.9   0.0   1   1   7.1e-07   3.3e-05   20.9   0.0   225   295    12    82     1    82 0.91 -
NODE_30108_length_8206_cov_51.036882:2344-7077   -            431 77631at7898          -            396   3.3e-05   20.8   0.0   1   2     2e-06   9.1e-05   19.4   0.0   260   303    32    75    21    91 0.86 -
NODE_30108_length_8206_cov_51.036882:2344-7077   -            431 77631at7898          -            396   3.3e-05   20.8   0.0   2   2       6.8   3.1e+02   -2.1   0.0   318   348   139   168   135   183 0.71 -
NODE_5371_length_15088_cov_45.747948:322-12256   -            320 77631at7898          -            396   3.9e-05   20.6   0.0   1   1   1.3e-06   5.9e-05   20.0   0.0   255   390    63   211    38   216 0.74 -
NODE_93718_length_3989_cov_28.774807:414-715     -             69 77631at7898          -            396   4.3e-05   20.4   0.0   1   1     1e-06   4.6e-05   20.4   0.0   166   219     5    64     1    68 0.82 -
NODE_462377_length_257_cov_0.645570:2-256        -             85 77631at7898          -            396   4.6e-05   20.3   0.0   1   1   1.1e-06     5e-05   20.2   0.0   227   296    12    84     7    85 0.84 -
NODE_743_length_23933_cov_36.637157:4156-22248   -            208 77631at7898          -            396   0.00014   18.8   0.1   1   1   5.1e-05    0.0024   14.7   0.1   148   333    11   198     2   206 0.56 -
NODE_3165_length_17388_cov_34.354445:16278-16475 -             66 77631at7898          -            396   0.00014   18.7   0.0   1   1   3.1e-06   0.00014   18.7   0.0   164   217     4    64     1    66 0.74 -
NODE_20224_length_9798_cov_38.137952:6653-7210   -            186 77631at7898          -            396   0.00026   17.9   0.0   1   2     0.021      0.96    6.1   0.0   168   227     2    74     1    97 0.77 -
NODE_20224_length_9798_cov_38.137952:6653-7210   -            186 77631at7898          -            396   0.00026   17.9   0.0   2   2    0.0013     0.061   10.1   0.0   226   283   129   186   111   186 0.82 -
NODE_3351_length_17150_cov_38.547534:5341-16750  -            353 77631at7898          -            396   0.00083   16.2   0.0   1   1   2.3e-05    0.0011   15.8   0.0   245   368   104   233    78   263 0.76 -
NODE_36384_length_7481_cov_36.148198:5994-6335   -            114 77631at7898          -            396    0.0015   15.4   0.0   1   1   3.9e-05    0.0018   15.1   0.0   199   291     3   107     1   110 0.77 -
NODE_9503_length_12788_cov_40.111356:4456-11540  -            178 77631at7898          -            396    0.0029   14.4   0.0   1   1     8e-05    0.0037   14.1   0.0   207   333     4   134     1   151 0.73 -
NODE_232897_length_1105_cov_32.114314:684-1004   -            107 77631at7898          -            396    0.0037   14.1   0.0   1   1   8.7e-05     0.004   14.0   0.0   211   295    14   105     4   107 0.79 -
NODE_172815_length_1970_cov_29.452699:1358-1549  -             64 77631at7898          -            396     0.011   12.6   0.0   1   1   0.00023     0.011   12.6   0.0   181   223    18    62     1    64 0.79 -
NODE_260780_length_819_cov_0.818056:0-458        -            153 77631at7898          -            396     0.011   12.6   0.0   1   1   0.00034     0.016   12.0   0.0   254   340    45   146    38   150 0.67 -
NODE_16808_length_10541_cov_37.451542:5293-9428  -            544 77631at7898          -            396     0.018   11.8   0.0   1   1    0.0006     0.028   11.2   0.0   262   333   394   473   384   484 0.81 -
NODE_19053_length_10045_cov_39.776091:7125-7388  -             88 77631at7898          -            396     0.033   10.9   0.0   1   1   0.00072     0.033   10.9   0.0   238   295    28    88     1    88 0.79 -
NODE_28199_length_8467_cov_31.843810:2265-7026   -            362 77631at7898          -            396     0.053   10.3   0.0   1   1    0.0018     0.084    9.6   0.0   320   391    11    80     2    84 0.92 -
#
# Program:         hmmsearch
# Version:         3.1b2 (February 2015)
# Pipeline mode:   SEARCH
# Query file:      /home/e1garcia/shotgun_PIRE/abyss/busco_downloads/lineages/actinopterygii_odb10/hmms/77631at7898.hmm
# Target file:     /home/e1garcia/shotgun_PIRE/pire_ssl_data_processing/plotosus_lineatus/busco_scaffolds_results-SPAdes_decontam_R1R2_noIsolate/run_actinopterygii_odb10/metaeuk_output/rerun_results/scaffolds.modified.fasta.modified.fas
# Option settings: hmmsearch --domtblout /home/e1garcia/shotgun_PIRE/pire_ssl_data_processing/plotosus_lineatus/busco_scaffolds_results-SPAdes_decontam_R1R2_noIsolate/run_actinopterygii_odb10/hmmer_output/rerun_results/77631at7898.out --cpu 1 /home/e1garcia/shotgun_PIRE/abyss/busco_downloads/lineages/actinopterygii_odb10/hmms/77631at7898.hmm /home/e1garcia/shotgun_PIRE/pire_ssl_data_processing/plotosus_lineatus/busco_scaffolds_results-SPAdes_decontam_R1R2_noIsolate/run_actinopterygii_odb10/metaeuk_output/rerun_results/scaffolds.modified.fasta.modified.fas 
# Current dir:     /home/e1garcia/shotgun_PIRE/pire_ssl_data_processing/plotosus_lineatus
# Date:            Fri Aug 20 14:37:37 2021
# [ok]
