#                                                                                                        --- full sequence --- -------------- this domain -------------   hmm coord   ali coord   env coord
# target name                                    accession   tlen query name           accession   qlen   E-value  score  bias   #  of  c-Evalue  i-Evalue  score  bias  from    to  from    to  from    to  acc description of target
#                            ------------------- ---------- ----- -------------------- ---------- ----- --------- ------ ----- --- --- --------- --------- ------ ----- ----- ----- ----- ----- ----- ----- ---- ---------------------
NODE_102209_length_3690_cov_27.694514:2623-3210  -            196 86776at7898          -            322   2.9e-95  317.5  43.4   1   2   5.2e-78   3.2e-76  254.9  20.4   156   273     1   118     1   124 0.97 -
NODE_102209_length_3690_cov_27.694514:2623-3210  -            196 86776at7898          -            322   2.9e-95  317.5  43.4   2   2   4.7e-22   2.9e-20   71.1   9.5   267   322   132   196   129   196 0.85 -
NODE_51132_length_6186_cov_29.089042:65-1323     -            220 86776at7898          -            322   1.4e-71  239.7  24.3   1   2   1.1e-40   6.7e-39  132.3  17.1     1   101     1   143     1   157 0.81 -
NODE_51132_length_6186_cov_29.089042:65-1323     -            220 86776at7898          -            322   1.4e-71  239.7  24.3   2   2   1.3e-32   7.8e-31  105.8   3.7    97   156   162   220   140   220 0.79 -
NODE_1612_length_20437_cov_34.356967:4469-5306   -            235 86776at7898          -            322   3.8e-49  166.0   0.1   1   1   7.4e-51   4.6e-49  165.7   0.1   105   256    27   173     4   201 0.84 -
NODE_147862_length_2451_cov_23.971514:309-554    -             82 86776at7898          -            322   2.4e-19   68.0   2.4   1   1   4.5e-21   2.8e-19   67.9   2.4   101   168     8    74     2    80 0.87 -
NODE_92734_length_4028_cov_25.772970:168-377     -             70 86776at7898          -            322   4.9e-19   67.0   1.4   1   1   8.8e-21   5.4e-19   66.9   1.4   113   168     6    61     3    69 0.93 -
NODE_133869_length_2780_cov_33.606490:1387-1833  -            149 86776at7898          -            322     5e-19   67.0   0.1   1   1   9.2e-21   5.7e-19   66.8   0.1   111   171     1    61     1    92 0.90 -
NODE_192136_length_1653_cov_14.193694:175-543    -            123 86776at7898          -            322   1.1e-18   65.9   0.5   1   1   1.8e-20   1.1e-18   65.9   0.5   107   169    10    72     3   112 0.92 -
NODE_17048_length_10487_cov_36.307181:433-657    -             75 86776at7898          -            322   1.3e-17   62.3   2.4   1   1   2.3e-19   1.4e-17   62.3   2.4   111   170     1    60     1    73 0.90 -
NODE_192774_length_1644_cov_10.198058:1161-1418  -             86 86776at7898          -            322   4.5e-17   60.6   0.6   1   1   8.2e-19     5e-17   60.4   0.6   111   168     1    58     1    71 0.94 -
NODE_250185_length_919_cov_16.751220:221-448     -             76 86776at7898          -            322   5.4e-17   60.3   0.7   1   1   9.1e-19   5.6e-17   60.3   0.7   110   171     3    64     1    75 0.90 -
NODE_322009_length_474_cov_3.594667:27-230       -             68 86776at7898          -            322   7.6e-17   59.8   0.8   1   1   1.4e-18   8.5e-17   59.7   0.8   110   169     3    62     1    65 0.96 -
NODE_94472_length_3961_cov_22.790782:752-1015    -             88 86776at7898          -            322   5.2e-16   57.1   0.3   1   1     9e-18   5.5e-16   57.0   0.3   109   169     3    63     1    78 0.92 -
NODE_30980_length_8096_cov_19.999750:6734-7390   -            219 86776at7898          -            322   6.8e-16   56.7   0.1   1   1   1.3e-17   8.1e-16   56.5   0.1    97   171    96   169    76   214 0.81 -
NODE_33611_length_7791_cov_24.434607:5299-5487   -             63 86776at7898          -            322   8.4e-16   56.4   0.8   1   1   1.4e-17   8.8e-16   56.3   0.8   109   168     3    62     1    63 0.96 -
NODE_127398_length_2944_cov_21.283656:2257-2712  -            152 86776at7898          -            322   9.6e-16   56.2   0.8   1   1     2e-17   1.2e-15   55.9   0.8   108   172    23    87     5    99 0.89 -
NODE_37145_length_7400_cov_205.541844:114-530    -            139 86776at7898          -            322   1.3e-15   55.8   1.1   1   1   2.5e-17   1.5e-15   55.6   1.1    88   171    42   124    21   138 0.79 -
NODE_179447_length_1856_cov_12.511098:825-1340   -            172 86776at7898          -            322   1.7e-15   55.4   8.3   1   3   2.7e-17   1.7e-15   55.4   8.3   106   180    16    90     4   106 0.87 -
NODE_179447_length_1856_cov_12.511098:825-1340   -            172 86776at7898          -            322   1.7e-15   55.4   8.3   2   3       1.2        73    0.8   3.6   215   273    84   143    82   150 0.68 -
NODE_179447_length_1856_cov_12.511098:825-1340   -            172 86776at7898          -            322   1.7e-15   55.4   8.3   3   3         3   1.8e+02   -0.6   3.1   245   274   138   168   126   171 0.74 -
NODE_120816_length_3119_cov_26.414238:2559-2810  -             84 86776at7898          -            322   3.1e-15   54.6   3.1   1   1   5.3e-17   3.2e-15   54.5   3.1   111   170     2    61     1    75 0.91 -
NODE_33532_length_7800_cov_37.831970:264-458     -             65 86776at7898          -            322   4.2e-15   54.1   3.6   1   1   7.6e-17   4.7e-15   54.0   3.6   110   167     2    59     1    63 0.95 -
NODE_165452_length_2103_cov_35.460080:1589-1783  -             65 86776at7898          -            322   5.2e-15   53.8   3.4   1   1   9.2e-17   5.7e-15   53.7   3.4   114   169     1    56     1    63 0.92 -
NODE_96164_length_3901_cov_26.366386:171-422     -             84 86776at7898          -            322   5.5e-15   53.7   1.1   1   1   9.5e-17   5.8e-15   53.6   1.1   114   168     1    55     1    76 0.97 -
NODE_136009_length_2727_cov_24.000761:2422-2616  -             65 86776at7898          -            322   6.9e-15   53.4   0.6   1   1   1.1e-16     7e-15   53.4   0.6   107   167     3    63     1    65 0.93 -
NODE_17048_length_10487_cov_36.307181:9215-9583  -            123 86776at7898          -            322   8.3e-15   53.1   0.4   1   1   1.7e-16     1e-14   52.8   0.4   111   169     1    59     1    73 0.92 -
NODE_188413_length_1709_cov_23.874534:256-624    -            123 86776at7898          -            322   9.3e-15   53.0   0.1   1   1   1.5e-16   9.5e-15   53.0   0.1   108   169    13    74     4   113 0.93 -
NODE_242963_length_994_cov_11.665922:346-537     -             64 86776at7898          -            322   9.5e-15   52.9   1.6   1   1   1.6e-16   9.7e-15   52.9   1.6   111   170     3    62     1    64 0.95 -
NODE_139191_length_2650_cov_30.127793:861-1403   -            181 86776at7898          -            322   1.1e-14   52.7   0.2   1   1     2e-16   1.3e-14   52.6   0.2   111   174    18    81    10   137 0.91 -
NODE_193312_length_1636_cov_25.068315:217-441    -             75 86776at7898          -            322   2.7e-14   51.5   0.6   1   1   4.6e-16   2.8e-14   51.4   0.6   112   171     3    62     1    72 0.94 -
NODE_49334_length_6318_cov_29.462293:585-806     -             74 86776at7898          -            322   3.8e-14   51.0   3.2   1   1   6.8e-16   4.2e-14   50.8   3.2   114   169     1    56     1    66 0.93 -
NODE_171279_length_1998_cov_7.720906:956-1153    -             66 86776at7898          -            322   5.4e-14   50.5   1.1   1   1   8.8e-16   5.4e-14   50.5   1.1   111   169     5    63     1    66 0.94 -
NODE_12414_length_11733_cov_27.023981:9672-9965  -             98 86776at7898          -            322   9.8e-14   49.6   3.4   1   1     2e-15   1.2e-13   49.3   3.4   106   167    33    94    26    97 0.94 -
NODE_252065_length_901_cov_17.105985:85-660      -            192 86776at7898          -            322     2e-13   48.6   1.7   1   1   5.4e-15   3.3e-13   47.9   1.7   111   173     6    68     2    82 0.91 -
NODE_19374_length_9975_cov_23.546274:290-763     -            158 86776at7898          -            322   2.4e-13   48.3   1.8   1   1   4.8e-15   2.9e-13   48.1   1.4   109   171    50   112    39   155 0.89 -
NODE_7433_length_13772_cov_33.662693:7923-8694   -            199 86776at7898          -            322   3.2e-13   47.9   0.3   1   1     7e-15   4.3e-13   47.5   0.3   108   169     7    68     2   104 0.92 -
NODE_555_length_25421_cov_31.304913:21023-25258  -            118 86776at7898          -            322   3.5e-13   47.8   0.8   1   1   5.6e-15   3.5e-13   47.8   0.8   100   168    48   117     3   118 0.83 -
NODE_3427_length_17044_cov_36.639304:11755-12982 -            202 86776at7898          -            322   4.4e-13   47.5   0.4   1   1   1.1e-14   6.6e-13   46.9   0.4   109   169     8    68     3    85 0.93 -
NODE_64965_length_5300_cov_34.716593:2900-3091   -             64 86776at7898          -            322   5.3e-13   47.2   2.7   1   1   9.5e-15   5.8e-13   47.1   2.7   114   169     1    56     1    63 0.93 -
NODE_83600_length_4391_cov_34.895853:532-1453    -            157 86776at7898          -            322   5.3e-13   47.2   1.3   1   1   9.7e-15     6e-13   47.0   1.3   103   169    51   118     8   127 0.86 -
NODE_34662_length_7665_cov_99.941581:4945-5550   -            202 86776at7898          -            322   7.7e-13   46.7   3.9   1   1   1.3e-14   8.2e-13   46.6   3.9   100   170    13    83     4   166 0.91 -
NODE_103146_length_3660_cov_22.862398:568-1946   -            273 86776at7898          -            322   9.4e-13   46.4   0.1   1   1   1.5e-14   9.4e-13   46.4   0.1   108   167   119   178    90   186 0.94 -
NODE_149835_length_2410_cov_10.089139:1787-2182  -            132 86776at7898          -            322   1.3e-12   45.9   5.6   1   1   3.5e-14   2.1e-12   45.2   5.5   109   171    15    77     2   126 0.88 -
NODE_52714_length_6077_cov_30.411174:49-1295     -            213 86776at7898          -            322   2.5e-12   45.0   0.7   1   1     4e-14   2.5e-12   45.0   0.7    96   171     4    79     2    95 0.94 -
NODE_54798_length_5932_cov_26.521858:4049-4593   -            147 86776at7898          -            322   3.6e-12   44.5   0.6   1   1   5.9e-14   3.6e-12   44.5   0.6   114   167    11    64     5    74 0.90 -
NODE_116744_length_3233_cov_44.070198:2182-3194  -            142 86776at7898          -            322   5.3e-12   43.9   1.9   1   1     1e-13   6.3e-12   43.7   1.9   108   177     7    76     1    86 0.87 -
NODE_67213_length_5176_cov_35.789246:189-2250    -            212 86776at7898          -            322     8e-12   43.3   1.1   1   2   1.3e-13     8e-12   43.3   1.1   107   169    24    87    11    95 0.90 -
NODE_67213_length_5176_cov_35.789246:189-2250    -            212 86776at7898          -            322     8e-12   43.3   1.1   2   2       4.6   2.8e+02   -1.2   0.1   256   275   160   178   111   198 0.57 -
NODE_224382_length_1209_cov_13.023423:362-823    -            154 86776at7898          -            322   1.4e-11   42.6   0.9   1   1     3e-13   1.8e-11   42.2   0.9   106   169    14    77     6    84 0.92 -
NODE_105919_length_3569_cov_24.407781:2158-2631  -            158 86776at7898          -            322   1.5e-11   42.4   1.7   1   1   2.9e-13   1.8e-11   42.2   1.2   107   169    13    75     5   103 0.87 -
NODE_248432_length_936_cov_19.915173:259-741     -            161 86776at7898          -            322   2.8e-11   41.5   1.9   1   1   5.3e-13   3.3e-11   41.3   1.3   107   170    14    77     6    94 0.91 -
NODE_17723_length_10335_cov_46.228703:5587-6085  -             93 86776at7898          -            322   6.5e-11   40.4   1.2   1   1   1.1e-12   6.5e-11   40.4   1.2    96   167    19    90     1    93 0.87 -
NODE_153058_length_2345_cov_19.714159:1132-1632  -            167 86776at7898          -            322   9.3e-11   39.8   0.7   1   1     2e-12   1.2e-10   39.4   0.7   105   169    15    79     5    90 0.87 -
NODE_81660_length_4475_cov_19.079753:2701-2892   -             64 86776at7898          -            322   1.1e-10   39.7   3.3   1   1   1.8e-12   1.1e-10   39.6   3.3   109   169     3    63     1    64 0.95 -
NODE_9896_length_12618_cov_30.803579:517-1572    -            208 86776at7898          -            322   1.4e-10   39.2   4.7   1   1   4.1e-12   2.5e-10   38.4   4.7    96   173     7    84     4    94 0.91 -
NODE_115188_length_3280_cov_28.245835:2491-2943  -            151 86776at7898          -            322     2e-10   38.7   0.8   1   1   4.1e-12   2.5e-10   38.4   0.8   104   170    30    96    14   106 0.89 -
NODE_38378_length_7280_cov_20.972427:185-733     -            183 86776at7898          -            322   3.2e-10   38.1   0.5   1   1   7.1e-12   4.4e-10   37.6   0.5   114   169     1    56     1    64 0.95 -
NODE_78277_length_4625_cov_31.759832:2064-3433   -             67 86776at7898          -            322   2.2e-09   35.3   2.1   1   1   3.8e-11   2.3e-09   35.2   2.1   114   172     1    59     1    66 0.93 -
NODE_33770_length_7772_cov_33.683435:4710-6543   -            281 86776at7898          -            322   5.3e-09   34.1   1.4   1   2   8.9e-08   5.4e-06   24.2   0.1   108   173    99   164    92   172 0.85 -
NODE_33770_length_7772_cov_33.683435:4710-6543   -            281 86776at7898          -            322   5.3e-09   34.1   1.4   2   2    0.0022      0.13    9.7   0.2   140   167   160   188   153   196 0.79 -
NODE_2506_length_18386_cov_23.083994:4697-14008  -             80 86776at7898          -            322   9.7e-09   33.2   4.2   1   1   1.8e-10   1.1e-08   33.0   4.2   109   169    10    70     6    77 0.93 -
NODE_606_length_24967_cov_33.288966:1623-2072    -            150 86776at7898          -            322   8.8e-08   30.1   2.0   1   2     0.017         1    6.8   0.1   142   169    14    40     4    56 0.82 -
NODE_606_length_24967_cov_33.288966:1623-2072    -            150 86776at7898          -            322   8.8e-08   30.1   2.0   2   2     2e-07   1.2e-05   23.0   0.4   104   167    73   136    61   143 0.84 -
NODE_188114_length_1713_cov_35.463445:568-1618   -            224 86776at7898          -            322   2.2e-06   25.4   0.0   1   1   5.6e-08   3.4e-06   24.8   0.0   105   170    90   155    70   168 0.86 -
NODE_98760_length_3807_cov_14.693635:998-1420    -            141 86776at7898          -            322   3.6e-05   21.5   0.0   1   1   6.8e-07   4.2e-05   21.3   0.0   106   168    52   114    30   127 0.86 -
NODE_71245_length_4963_cov_32.118832:204-1173    -            183 86776at7898          -            322   3.8e-05   21.4   0.7   1   2       2.9   1.8e+02   -0.5   0.1    92   122    85   115    79   129 0.82 -
NODE_71245_length_4963_cov_32.118832:204-1173    -            183 86776at7898          -            322   3.8e-05   21.4   0.7   2   2   1.7e-06   0.00011   19.9   0.1   108   153   137   182   130   183 0.93 -
NODE_968_length_22571_cov_39.242302:11728-12204  -            159 86776at7898          -            322   5.8e-05   20.8   0.2   1   1   1.3e-06     8e-05   20.3   0.2   112   167     2    57     1    61 0.85 -
NODE_74602_length_4800_cov_23.926611:1030-1542   -            171 86776at7898          -            322   6.8e-05   20.6   0.0   1   1   1.6e-06    0.0001   20.0   0.0   107   168    91   152    73   157 0.86 -
NODE_71532_length_4948_cov_22.784492:270-2028    -            175 86776at7898          -            322   7.4e-05   20.5   0.1   1   1   1.2e-06   7.4e-05   20.5   0.1   108   153   129   174   117   175 0.93 -
NODE_260203_length_824_cov_18.379310:288-602     -            105 86776at7898          -            322   0.00044   17.9   1.1   1   1   7.2e-06   0.00044   17.9   1.1   106   158    39    91    28   100 0.89 -
NODE_97986_length_3833_cov_15.411355:2038-2595   -            186 86776at7898          -            322   0.00046   17.8   0.0   1   1   1.1e-05   0.00065   17.3   0.0   107   167   126   186   105   186 0.84 -
NODE_50425_length_6239_cov_31.997068:1334-1933   -            200 86776at7898          -            322   0.00068   17.3   0.2   1   1   1.5e-05   0.00091   16.9   0.2   109   163   143   197   135   200 0.91 -
NODE_151477_length_2376_cov_26.671937:86-1214    -            197 86776at7898          -            322   0.00088   16.9   0.0   1   1     2e-05    0.0012   16.5   0.0   110   156   151   197   125   197 0.86 -
NODE_177708_length_1885_cov_20.879619:234-422    -             63 86776at7898          -            322   0.00092   16.8   0.1   1   1   1.5e-05   0.00092   16.8   0.1   114   158     1    45     1    61 0.84 -
NODE_175828_length_1917_cov_11.647415:586-1903   -            117 86776at7898          -            322   0.00098   16.8   0.0   1   1     2e-05    0.0012   16.5   0.0   102   167    52   117    39   117 0.76 -
NODE_51539_length_6158_cov_24.426473:3345-5049   -            205 86776at7898          -            322    0.0019   15.9   0.1   1   1   4.9e-05     0.003   15.2   0.1   124   172   145   193   134   199 0.82 -
NODE_38972_length_7224_cov_36.993404:5247-5585   -            113 86776at7898          -            322     0.002   15.7   0.0   1   1   3.4e-05    0.0021   15.7   0.0   109   167    55   113    29   113 0.72 -
NODE_187914_length_1716_cov_32.441558:1182-1520  -            113 86776at7898          -            322     0.007   13.9   1.0   1   1   0.00013    0.0081   13.7   1.0    99   134    72   107    55   113 0.84 -
NODE_217300_length_1299_cov_29.587500:207-704    -            166 86776at7898          -            322     0.024   12.2   0.0   1   1   0.00047     0.029   11.9   0.0   153   170     2    19     1    64 0.90 -
NODE_1393_length_21000_cov_33.609301:3052-3438   -            129 86776at7898          -            322     0.028   12.0   1.5   1   1   0.00057     0.035   11.7   1.5   155   230     2    76     1   120 0.68 -
NODE_14235_length_11201_cov_23.095658:521-1015   -            165 86776at7898          -            322     0.093   10.3   7.0   1   1    0.0027      0.16    9.5   7.0   154   300     2   153     1   159 0.66 -
#
# Program:         hmmsearch
# Version:         3.1b2 (February 2015)
# Pipeline mode:   SEARCH
# Query file:      /home/e1garcia/shotgun_PIRE/abyss/busco_downloads/lineages/actinopterygii_odb10/hmms/86776at7898.hmm
# Target file:     /home/e1garcia/shotgun_PIRE/pire_ssl_data_processing/plotosus_lineatus/busco_scaffolds_results-SPAdes_decontam_R1R2_noIsolate/run_actinopterygii_odb10/metaeuk_output/rerun_results/scaffolds.modified.fasta.modified.fas
# Option settings: hmmsearch --domtblout /home/e1garcia/shotgun_PIRE/pire_ssl_data_processing/plotosus_lineatus/busco_scaffolds_results-SPAdes_decontam_R1R2_noIsolate/run_actinopterygii_odb10/hmmer_output/rerun_results/86776at7898.out --cpu 1 /home/e1garcia/shotgun_PIRE/abyss/busco_downloads/lineages/actinopterygii_odb10/hmms/86776at7898.hmm /home/e1garcia/shotgun_PIRE/pire_ssl_data_processing/plotosus_lineatus/busco_scaffolds_results-SPAdes_decontam_R1R2_noIsolate/run_actinopterygii_odb10/metaeuk_output/rerun_results/scaffolds.modified.fasta.modified.fas 
# Current dir:     /home/e1garcia/shotgun_PIRE/pire_ssl_data_processing/plotosus_lineatus
# Date:            Fri Aug 20 14:34:26 2021
# [ok]
