#                                                                                                        --- full sequence --- -------------- this domain -------------   hmm coord   ali coord   env coord
# target name                                    accession   tlen query name           accession   qlen   E-value  score  bias   #  of  c-Evalue  i-Evalue  score  bias  from    to  from    to  from    to  acc description of target
#                            ------------------- ---------- ----- -------------------- ---------- ----- --------- ------ ----- --- --- --------- --------- ------ ----- ----- ----- ----- ----- ----- ----- ---- ---------------------
NODE_31005_length_8092_cov_36.001877:5211-7172   -            654 8910at7898           -           1166   1.3e-37  127.1  50.3   1   7     3e-10   9.6e-09   31.5   0.6    42   138    13   112     9   114 0.90 -
NODE_31005_length_8092_cov_36.001877:5211-7172   -            654 8910at7898           -           1166   1.3e-37  127.1  50.3   2   7   6.3e-10     2e-08   30.4   1.8    43   132   110   202   106   212 0.92 -
NODE_31005_length_8092_cov_36.001877:5211-7172   -            654 8910at7898           -           1166   1.3e-37  127.1  50.3   3   7   8.3e-06   0.00027   16.8   1.3    85   140   216   271   209   280 0.86 -
NODE_31005_length_8092_cov_36.001877:5211-7172   -            654 8910at7898           -           1166   1.3e-37  127.1  50.3   4   7   1.5e-09   4.8e-08   29.2   7.7    38   145   287   395   277   399 0.89 -
NODE_31005_length_8092_cov_36.001877:5211-7172   -            654 8910at7898           -           1166   1.3e-37  127.1  50.3   5   7   2.4e-08   7.7e-07   25.2   4.7    44   149   316   426   315   437 0.86 -
NODE_31005_length_8092_cov_36.001877:5211-7172   -            654 8910at7898           -           1166   1.3e-37  127.1  50.3   6   7   2.4e-11   7.7e-10   35.1   4.6    43   136   504   600   462   603 0.90 -
NODE_31005_length_8092_cov_36.001877:5211-7172   -            654 8910at7898           -           1166   1.3e-37  127.1  50.3   7   7   4.2e-10   1.3e-08   31.0   3.9    44   140   553   652   552   654 0.91 -
NODE_30032_length_8218_cov_21.383914:2701-4161   -            487 8910at7898           -           1166     1e-35  120.8   3.5   1   3     1e-19   3.3e-18   62.8   0.1    12   139     9   144     1   153 0.83 -
NODE_30032_length_8218_cov_21.383914:2701-4161   -            487 8910at7898           -           1166     1e-35  120.8   3.5   2   3     0.063       2.1    3.9   0.1    43   117   165   242   150   257 0.75 -
NODE_30032_length_8218_cov_21.383914:2701-4161   -            487 8910at7898           -           1166     1e-35  120.8   3.5   3   3   1.5e-17   4.9e-16   55.6   0.1    42   296   236   484   221   486 0.85 -
NODE_39600_length_7160_cov_32.796488:343-1857    -            505 8910at7898           -           1166   7.8e-34  114.6  27.0   1   4   6.2e-12     2e-10   37.1   3.2    37   152     3   121     1   168 0.87 -
NODE_39600_length_7160_cov_32.796488:343-1857    -            505 8910at7898           -           1166   7.8e-34  114.6  27.0   2   4   3.4e-09   1.1e-07   28.0   2.7    37   144   204   312   181   318 0.83 -
NODE_39600_length_7160_cov_32.796488:343-1857    -            505 8910at7898           -           1166   7.8e-34  114.6  27.0   3   4   6.3e-11     2e-09   33.7   3.2    46   139   284   378   282   386 0.87 -
NODE_39600_length_7160_cov_32.796488:343-1857    -            505 8910at7898           -           1166   7.8e-34  114.6  27.0   4   4   3.9e-12   1.3e-10   37.7   0.8    37   135   394   501   380   504 0.59 -
NODE_95796_length_3913_cov_28.392764:1333-2442   -            370 8910at7898           -           1166   7.1e-33  111.4   8.7   1   4     3e-11   9.8e-10   34.8   0.4    11   137    20   152    12   155 0.86 -
NODE_95796_length_3913_cov_28.392764:1333-2442   -            370 8910at7898           -           1166   7.1e-33  111.4   8.7   2   4   1.1e-05   0.00035   16.4   0.0    89   139   152   202   146   205 0.91 -
NODE_95796_length_3913_cov_28.392764:1333-2442   -            370 8910at7898           -           1166   7.1e-33  111.4   8.7   3   4   2.2e-16     7e-15   51.8   0.4    44   135   200   294   198   297 0.94 -
NODE_95796_length_3913_cov_28.392764:1333-2442   -            370 8910at7898           -           1166   7.1e-33  111.4   8.7   4   4   3.6e-05    0.0012   14.7   0.1    44   113   296   368   293   370 0.72 -
NODE_54106_length_5980_cov_27.937426:2141-3364   -            408 8910at7898           -           1166   2.2e-32  109.8   5.8   1   3   7.4e-15   2.4e-13   46.7   0.2    11   138    13   144     1   147 0.87 -
NODE_54106_length_5980_cov_27.937426:2141-3364   -            408 8910at7898           -           1166   2.2e-32  109.8   5.8   2   3   7.9e-08   2.6e-06   23.5   0.0    43   116    94   171    91   183 0.91 -
NODE_54106_length_5980_cov_27.937426:2141-3364   -            408 8910at7898           -           1166   2.2e-32  109.8   5.8   3   3   1.1e-17   3.6e-16   56.1   0.8    60   292   182   404   172   408 0.87 -
NODE_9100_length_12950_cov_31.391409:9985-11547  -            521 8910at7898           -           1166   3.7e-31  105.7   4.0   1   2   7.7e-21   2.5e-19   66.5   1.3     3   139     2   149     1   160 0.86 -
NODE_9100_length_12950_cov_31.391409:9985-11547  -            521 8910at7898           -           1166   3.7e-31  105.7   4.0   2   2   9.8e-13   3.2e-11   39.7   0.0    43   246   242   447   228   496 0.70 -
NODE_52984_length_6057_cov_28.999329:1637-3226   -            530 8910at7898           -           1166   4.7e-31  105.4  12.6   1   4   1.7e-05   0.00055   15.7   0.1    88   145    38    95    13    96 0.90 -
NODE_52984_length_6057_cov_28.999329:1637-3226   -            530 8910at7898           -           1166   4.7e-31  105.4  12.6   2   4   4.7e-12   1.5e-10   37.5   0.2    53   191    96   238    94   262 0.81 -
NODE_52984_length_6057_cov_28.999329:1637-3226   -            530 8910at7898           -           1166   4.7e-31  105.4  12.6   3   4   7.4e-14   2.4e-12   43.4   1.0    13   145   287   428   282   429 0.82 -
NODE_52984_length_6057_cov_28.999329:1637-3226   -            530 8910at7898           -           1166   4.7e-31  105.4  12.6   4   4     2e-07   6.6e-06   22.1   0.5    85   188   416   521   413   529 0.84 -
NODE_47880_length_6429_cov_29.033649:4466-6019   -            518 8910at7898           -           1166   1.6e-29  100.3  16.3   1   4   3.9e-15   1.3e-13   47.6   5.1    15   142    20   151    11   155 0.86 -
NODE_47880_length_6429_cov_29.033649:4466-6019   -            518 8910at7898           -           1166   1.6e-29  100.3  16.3   2   4      0.01      0.33    6.6   0.2    88   140   145   197   144   225 0.81 -
NODE_47880_length_6429_cov_29.033649:4466-6019   -            518 8910at7898           -           1166   1.6e-29  100.3  16.3   3   4   2.5e-17     8e-16   54.9   0.1    42   188   240   389   224   401 0.86 -
NODE_47880_length_6429_cov_29.033649:4466-6019   -            518 8910at7898           -           1166   1.6e-29  100.3  16.3   4   4         3        99   -1.7   0.1   267   296   457   486   450   492 0.87 -
NODE_23089_length_9267_cov_26.251854:6719-8437   -            573 8910at7898           -           1166   2.8e-29   99.5  19.6   1   4   2.9e-13   9.5e-12   41.4   0.9    33   145    14   131     3   132 0.86 -
NODE_23089_length_9267_cov_26.251854:6719-8437   -            573 8910at7898           -           1166   2.8e-29   99.5  19.6   2   4   3.7e-14   1.2e-12   44.4   0.5    44   188    75   224    73   233 0.88 -
NODE_23089_length_9267_cov_26.251854:6719-8437   -            573 8910at7898           -           1166   2.8e-29   99.5  19.6   3   4   2.4e-11   7.8e-10   35.1   0.2    14   144   314   454   309   459 0.82 -
NODE_23089_length_9267_cov_26.251854:6719-8437   -            573 8910at7898           -           1166   2.8e-29   99.5  19.6   4   4   4.1e-05    0.0013   14.5   0.9    87   191   445   551   443   567 0.83 -
NODE_36_length_42078_cov_176.768051:10049-11275  -            409 8910at7898           -           1166     3e-29   99.4   2.6   1   3   2.5e-14   8.1e-13   45.0   0.0    15   137    14   140     2   152 0.88 -
NODE_36_length_42078_cov_176.768051:10049-11275  -            409 8910at7898           -           1166     3e-29   99.4   2.6   2   3   2.2e-06   7.2e-05   18.7   0.0    43   116    91   168    89   177 0.88 -
NODE_36_length_42078_cov_176.768051:10049-11275  -            409 8910at7898           -           1166     3e-29   99.4   2.6   3   3   1.4e-15   4.5e-14   49.1   0.8    61   291   181   404   175   409 0.77 -
NODE_36_length_42078_cov_176.768051:30802-32028  -            409 8910at7898           -           1166     3e-29   99.4   2.6   1   3   2.5e-14   8.1e-13   45.0   0.0    15   137    14   140     2   152 0.88 -
NODE_36_length_42078_cov_176.768051:30802-32028  -            409 8910at7898           -           1166     3e-29   99.4   2.6   2   3   2.2e-06   7.2e-05   18.7   0.0    43   116    91   168    89   177 0.88 -
NODE_36_length_42078_cov_176.768051:30802-32028  -            409 8910at7898           -           1166     3e-29   99.4   2.6   3   3   1.4e-15   4.5e-14   49.1   0.8    61   291   181   404   175   409 0.77 -
NODE_44632_length_6700_cov_46.595819:4037-4996   -            320 8910at7898           -           1166   3.9e-28   95.7   2.8   1   2   1.8e-18   5.8e-17   58.7   1.0    34   137    37   143     1   163 0.81 -
NODE_44632_length_6700_cov_46.595819:4037-4996   -            320 8910at7898           -           1166   3.9e-28   95.7   2.8   2   2     6e-12     2e-10   37.1   0.0    46   173   189   320   177   320 0.90 -
NODE_1773_length_19990_cov_42.323865:16855-18564 -            570 8910at7898           -           1166   1.5e-27   93.8   2.2   1   3     0.001     0.032    9.9   0.2    79   125    35    83    22    92 0.68 -
NODE_1773_length_19990_cov_42.323865:16855-18564 -            570 8910at7898           -           1166   1.5e-27   93.8   2.2   2   3   8.4e-11   2.7e-09   33.3   0.1    42   187    92   239    81   241 0.91 -
NODE_1773_length_19990_cov_42.323865:16855-18564 -            570 8910at7898           -           1166   1.5e-27   93.8   2.2   3   3   3.8e-16   1.2e-14   51.0   0.0    44   233   238   431   226   490 0.80 -
NODE_9026_length_12988_cov_25.245403:5518-6741   -            408 8910at7898           -           1166   1.8e-27   93.5  11.8   1   3   1.3e-14   4.2e-13   45.9   0.8    12   138    14   144     3   147 0.88 -
NODE_9026_length_12988_cov_25.245403:5518-6741   -            408 8910at7898           -           1166   1.8e-27   93.5  11.8   2   3   4.7e-08   1.5e-06   24.2   0.1    43   116    94   171    91   182 0.90 -
NODE_9026_length_12988_cov_25.245403:5518-6741   -            408 8910at7898           -           1166   1.8e-27   93.5  11.8   3   3   3.2e-14     1e-12   44.6   1.3    62   292   184   404   173   408 0.80 -
NODE_11419_length_12059_cov_32.340134:3371-4615  -            415 8910at7898           -           1166   2.6e-27   93.0   1.1   1   2   5.1e-14   1.6e-12   44.0   0.1    14   138    23   151    19   162 0.90 -
NODE_11419_length_12059_cov_32.340134:3371-4615  -            415 8910at7898           -           1166   2.6e-27   93.0   1.1   2   2   3.1e-15   9.9e-14   48.0   0.2    60   232   189   368   169   411 0.78 -
NODE_17441_length_10396_cov_28.782170:4574-6031  -            486 8910at7898           -           1166   1.4e-26   90.6   8.3   1   2     3e-15   9.8e-14   48.0   1.5    15   138     4   131     2   138 0.88 -
NODE_17441_length_10396_cov_28.782170:4574-6031  -            486 8910at7898           -           1166   1.4e-26   90.6   8.3   2   2   1.2e-14   3.9e-13   46.1   0.4    44   221   226   406   220   463 0.80 -
NODE_43442_length_6803_cov_28.154236:909-2426    -            506 8910at7898           -           1166   1.5e-26   90.5  15.2   1   3   3.8e-17   1.2e-15   54.3   1.9    15   139    22   150    15   156 0.84 -
NODE_43442_length_6803_cov_28.154236:909-2426    -            506 8910at7898           -           1166   1.5e-26   90.5  15.2   2   3    0.0024     0.077    8.6   0.9    48   115   152   222   148   240 0.78 -
NODE_43442_length_6803_cov_28.154236:909-2426    -            506 8910at7898           -           1166   1.5e-26   90.5  15.2   3   3   9.1e-12     3e-10   36.5   1.0    36   188   236   391   227   425 0.82 -
NODE_14047_length_11249_cov_108.891839:1685-2584 -            300 8910at7898           -           1166   1.7e-26   90.3   2.4   1   2   1.1e-13   3.5e-12   42.9   0.1    39   137    55   156    30   159 0.84 -
NODE_14047_length_11249_cov_108.891839:1685-2584 -            300 8910at7898           -           1166   1.7e-26   90.3   2.4   2   2   4.5e-15   1.4e-13   47.5   0.2    44   157   156   271   151   287 0.85 -
NODE_117385_length_3216_cov_21.155278:1428-2201  -            258 8910at7898           -           1166   2.2e-26   89.9   4.2   1   3   4.2e-17   1.3e-15   54.2   0.1    26   138    12   129     4   140 0.86 -
NODE_117385_length_3216_cov_21.155278:1428-2201  -            258 8910at7898           -           1166   2.2e-26   89.9   4.2   2   3   9.8e-08   3.2e-06   23.1   0.0    85   137   100   152    98   155 0.94 -
NODE_117385_length_3216_cov_21.155278:1428-2201  -            258 8910at7898           -           1166   2.2e-26   89.9   4.2   3   3   8.5e-09   2.7e-07   26.7   0.3    44   142   152   253   141   257 0.89 -
NODE_45948_length_6588_cov_25.869317:804-1700    -            299 8910at7898           -           1166   1.6e-24   83.7   3.4   1   2   4.3e-14   1.4e-12   44.2   0.2    37   144    26   136     3   138 0.85 -
NODE_45948_length_6588_cov_25.869317:804-1700    -            299 8910at7898           -           1166   1.6e-24   83.7   3.4   2   2   8.1e-13   2.6e-11   40.0   0.3    44   145   153   257   147   282 0.90 -
NODE_111955_length_3375_cov_35.443223:745-1740   -            332 8910at7898           -           1166   1.7e-24   83.7  15.8   1   3   1.3e-10   4.2e-09   32.7   2.0    51   142     2    96     1    98 0.91 -
NODE_111955_length_3375_cov_35.443223:745-1740   -            332 8910at7898           -           1166   1.7e-24   83.7  15.8   2   3   4.7e-08   1.5e-06   24.2   0.1    43   142    90   192    87   197 0.89 -
NODE_111955_length_3375_cov_35.443223:745-1740   -            332 8910at7898           -           1166   1.7e-24   83.7  15.8   3   3   8.9e-12   2.9e-10   36.5   4.5    48   159   216   330   199   332 0.85 -
NODE_67973_length_5136_cov_32.489577:1394-2341   -            316 8910at7898           -           1166   3.7e-24   82.5   7.7   1   3   8.2e-12   2.7e-10   36.7   0.1    44   143    57   159    41   161 0.89 -
NODE_67973_length_5136_cov_32.489577:1394-2341   -            316 8910at7898           -           1166   3.7e-24   82.5   7.7   2   3   8.7e-11   2.8e-09   33.2   2.4    43   142   152   255   149   258 0.86 -
NODE_67973_length_5136_cov_32.489577:1394-2341   -            316 8910at7898           -           1166   3.7e-24   82.5   7.7   3   3   1.4e-06   4.7e-05   19.3   0.1    44   104   250   313   246   315 0.87 -
NODE_7739_length_13622_cov_40.676181:4588-5961   -            458 8910at7898           -           1166   8.6e-24   81.3   4.0   1   2     9e-14   2.9e-12   43.1   0.6    15   131    24   146     5   151 0.86 -
NODE_7739_length_13622_cov_40.676181:4588-5961   -            458 8910at7898           -           1166   8.6e-24   81.3   4.0   2   2   2.4e-12   7.7e-11   38.4   0.2    44   295   153   376   146   388 0.74 -
NODE_26773_length_8666_cov_29.140773:6899-7795   -            299 8910at7898           -           1166   1.1e-23   81.0   2.0   1   2   4.5e-14   1.5e-12   44.1   0.0    12   140    18   152     2   156 0.81 -
NODE_26773_length_8666_cov_29.140773:6899-7795   -            299 8910at7898           -           1166   1.1e-23   81.0   2.0   2   2   3.9e-12   1.3e-10   37.7   1.1    44   189   149   297   148   299 0.90 -
NODE_59457_length_5627_cov_27.561686:2435-3865   -            477 8910at7898           -           1166   1.2e-23   80.8   0.9   1   3   2.2e-16     7e-15   51.8   0.2    16   137     7   134     2   142 0.86 -
NODE_59457_length_5627_cov_27.561686:2435-3865   -            477 8910at7898           -           1166   1.2e-23   80.8   0.9   2   3     0.041       1.3    4.5   0.0    44   114   134   207   128   211 0.71 -
NODE_59457_length_5627_cov_27.561686:2435-3865   -            477 8910at7898           -           1166   1.2e-23   80.8   0.9   3   3   1.3e-07   4.1e-06   22.8   0.0    60   188   244   375   214   439 0.80 -
NODE_136768_length_2708_cov_33.168647:1572-2417  -            282 8910at7898           -           1166   1.4e-23   80.7  11.1   1   2   4.1e-14   1.3e-12   44.3   0.8    24   135    12   129     3   131 0.87 -
NODE_136768_length_2708_cov_33.168647:1572-2417  -            282 8910at7898           -           1166   1.4e-23   80.7  11.1   2   2   2.4e-15   7.8e-14   48.4   3.6    44   201   107   275   105   281 0.80 -
NODE_133574_length_2787_cov_27.526414:997-1698   -            234 8910at7898           -           1166   2.9e-23   79.6   1.5   1   2     2e-14   6.5e-13   45.3   0.1    15   144     6   145     3   147 0.83 -
NODE_133574_length_2787_cov_27.526414:997-1698   -            234 8910at7898           -           1166   2.9e-23   79.6   1.5   2   2   5.4e-13   1.7e-11   40.6   0.2    45   178    91   228    90   234 0.86 -
NODE_10120_length_12532_cov_37.345049:9269-10666 -            466 8910at7898           -           1166   3.3e-23   79.4   0.9   1   2   1.2e-10   3.7e-09   32.8   0.6    14   115    26   133     7   134 0.84 -
NODE_10120_length_12532_cov_37.345049:9269-10666 -            466 8910at7898           -           1166   3.3e-23   79.4   0.9   2   2   4.1e-15   1.3e-13   47.6   0.0    43   297   130   378   127   392 0.81 -
NODE_4139_length_16196_cov_31.378828:13290-14855 -            522 8910at7898           -           1166   1.2e-22   77.6   4.6   1   2   4.2e-11   1.4e-09   34.3   1.3    43   136     2    98     1   108 0.91 -
NODE_4139_length_16196_cov_31.378828:13290-14855 -            522 8910at7898           -           1166   1.2e-22   77.6   4.6   2   2     4e-14   1.3e-12   44.3   0.1    44   219   147   326   138   396 0.78 -
NODE_71166_length_4968_cov_24.703635:2711-3538   -            276 8910at7898           -           1166   1.8e-22   76.9   0.2   1   2     7e-07   2.3e-05   20.3   0.0    36   115    18   100     1   108 0.55 -
NODE_71166_length_4968_cov_24.703635:2711-3538   -            276 8910at7898           -           1166   1.8e-22   76.9   0.2   2   2   2.6e-17   8.4e-16   54.9   0.1    60   194   112   251   105   262 0.88 -
NODE_54383_length_5960_cov_21.784678:3124-4050   -            309 8910at7898           -           1166   2.5e-22   76.5   0.6   1   2   0.00012    0.0039   12.9   0.0    45   116     2    77     1    85 0.88 -
NODE_54383_length_5960_cov_21.784678:3124-4050   -            309 8910at7898           -           1166   2.5e-22   76.5   0.6   2   2     2e-19   6.5e-18   61.9   0.6    60   289    88   308    81   309 0.85 -
NODE_119173_length_3167_cov_28.115711:1002-1724  -            241 8910at7898           -           1166     7e-22   75.0   1.7   1   2     3e-15   9.8e-14   48.0   0.2    13   144     5   146     1   148 0.84 -
NODE_119173_length_3167_cov_28.115711:1002-1724  -            241 8910at7898           -           1166     7e-22   75.0   1.7   2   2   7.6e-11   2.5e-09   33.4   0.1    70   184   117   236   115   241 0.87 -
NODE_180466_length_1838_cov_87.224267:57-1808    -            584 8910at7898           -           1166   1.2e-21   74.2  22.3   1   5   1.9e-06     6e-05   18.9   0.1    27   118    11   108     2   115 0.81 -
NODE_180466_length_1838_cov_87.224267:57-1808    -            584 8910at7898           -           1166   1.2e-21   74.2  22.3   2   5     0.025      0.83    5.2   0.1    54   117   115   184   109   193 0.77 -
NODE_180466_length_1838_cov_87.224267:57-1808    -            584 8910at7898           -           1166   1.2e-21   74.2  22.3   3   5   9.5e-13   3.1e-11   39.7   4.2    42   140   272   373   259   378 0.88 -
NODE_180466_length_1838_cov_87.224267:57-1808    -            584 8910at7898           -           1166   1.2e-21   74.2  22.3   4   5   1.9e-06   6.3e-05   18.9   1.1    44   145   346   449   343   469 0.83 -
NODE_180466_length_1838_cov_87.224267:57-1808    -            584 8910at7898           -           1166   1.2e-21   74.2  22.3   5   5   3.3e-06   0.00011   18.1   0.4    43   120   496   571   484   578 0.87 -
NODE_8532_length_13223_cov_30.661689:624-1985    -            454 8910at7898           -           1166     2e-21   73.5   2.0   1   2     7e-14   2.3e-12   43.5   0.7     7   131    16   146     7   150 0.88 -
NODE_8532_length_13223_cov_30.661689:624-1985    -            454 8910at7898           -           1166     2e-21   73.5   2.0   2   2   5.5e-12   1.8e-10   37.2   0.0    44   296   128   375   126   381 0.80 -
NODE_37086_length_7406_cov_31.454085:6025-6807   -            261 8910at7898           -           1166   2.5e-21   73.2   9.8   1   3   1.5e-12   4.8e-11   39.1   0.4    37   147     6   121     1   132 0.84 -
NODE_37086_length_7406_cov_31.454085:6025-6807   -            261 8910at7898           -           1166   2.5e-21   73.2   9.8   2   3   1.7e-12   5.4e-11   38.9   2.6    43   145   132   237   126   244 0.91 -
NODE_37086_length_7406_cov_31.454085:6025-6807   -            261 8910at7898           -           1166   2.5e-21   73.2   9.8   3   3     0.073       2.4    3.7   0.0   104   144   220   260   216   261 0.79 -
NODE_38301_length_7288_cov_25.503130:2552-3940   -            463 8910at7898           -           1166   2.6e-21   73.1   2.1   1   2   2.8e-10     9e-09   31.6   0.9    15   118    24   133     6   133 0.82 -
NODE_38301_length_7288_cov_25.503130:2552-3940   -            463 8910at7898           -           1166   2.6e-21   73.1   2.1   2   2   3.6e-14   1.2e-12   44.5   0.1    43   297   127   375   124   387 0.81 -
NODE_73037_length_4876_cov_33.348336:1453-3012   -            520 8910at7898           -           1166   5.9e-21   71.9   6.5   1   3     0.047       1.5    4.3   0.5    68   125    43    99    35   108 0.78 -
NODE_73037_length_4876_cov_33.348336:1453-3012   -            520 8910at7898           -           1166   5.9e-21   71.9   6.5   2   3   2.3e-08   7.5e-07   25.2   0.4    40   135   107   205   102   211 0.91 -
NODE_73037_length_4876_cov_33.348336:1453-3012   -            520 8910at7898           -           1166   5.9e-21   71.9   6.5   3   3   4.3e-14   1.4e-12   44.2   0.0    35   296   247   518   235   520 0.82 -
NODE_14087_length_11238_cov_32.850974:7916-8671  -            252 8910at7898           -           1166   1.1e-20   71.0  12.2   1   3   4.9e-06   0.00016   17.5   0.6    87   139     1    53     1    54 0.96 -
NODE_14087_length_11238_cov_32.850974:7916-8671  -            252 8910at7898           -           1166   1.1e-20   71.0  12.2   2   3   3.2e-12     1e-10   38.0   1.9    59   141    42   125    40   129 0.93 -
NODE_14087_length_11238_cov_32.850974:7916-8671  -            252 8910at7898           -           1166   1.1e-20   71.0  12.2   3   3   9.3e-12     3e-10   36.5   0.6    63   191   116   250   114   252 0.89 -
NODE_239140_length_1035_cov_95.089744:182-997    -            272 8910at7898           -           1166   3.8e-20   69.3   9.3   1   3   2.2e-08     7e-07   25.3   0.1    33   135     7   112     2   117 0.90 -
NODE_239140_length_1035_cov_95.089744:182-997    -            272 8910at7898           -           1166   3.8e-20   69.3   9.3   2   3   1.3e-07   4.2e-06   22.8   0.4    65   140   111   189   107   194 0.88 -
NODE_239140_length_1035_cov_95.089744:182-997    -            272 8910at7898           -           1166   3.8e-20   69.3   9.3   3   3   2.2e-09     7e-08   28.6   1.1    69   145   187   266   185   268 0.91 -
NODE_281124_length_651_cov_76.110507:47-649      -            201 8910at7898           -           1166     7e-20   68.4   4.6   1   2   2.3e-09   7.4e-08   28.6   0.4    84   145    10    71     1    82 0.89 -
NODE_281124_length_651_cov_76.110507:47-649      -            201 8910at7898           -           1166     7e-20   68.4   4.6   2   2   2.1e-13   6.9e-12   41.9   0.4    44   144    87   190    81   197 0.90 -
NODE_95305_length_3931_cov_25.043580:1987-3363   -            459 8910at7898           -           1166     2e-19   66.9   3.0   1   2   9.8e-12   3.2e-10   36.4   0.6    15   131    25   147     8   151 0.83 -
NODE_95305_length_3931_cov_25.043580:1987-3363   -            459 8910at7898           -           1166     2e-19   66.9   3.0   2   2   9.9e-10   3.2e-08   29.8   0.1    44   254   154   344   149   381 0.72 -
NODE_11248_length_12119_cov_32.418885:8806-10296 -            497 8910at7898           -           1166     2e-19   66.8   2.3   1   2   5.3e-11   1.7e-09   34.0   0.8    42   188     3   151     1   154 0.83 -
NODE_11248_length_12119_cov_32.418885:8806-10296 -            497 8910at7898           -           1166     2e-19   66.8   2.3   2   2   6.4e-11   2.1e-09   33.7   0.1    44   221   149   330   145   343 0.80 -
NODE_3654_length_16754_cov_37.413870:8685-9404   -            240 8910at7898           -           1166   3.9e-19   65.9   1.0   1   2     6e-14     2e-12   43.7   0.2    23   144    16   145     2   149 0.84 -
NODE_3654_length_16754_cov_37.413870:8685-9404   -            240 8910at7898           -           1166   3.9e-19   65.9   1.0   2   2   3.3e-09   1.1e-07   28.0   0.0    76   184   122   235   121   240 0.86 -
NODE_13581_length_11383_cov_26.684864:2782-5970  -            678 8910at7898           -           1166   4.1e-19   65.8  10.2   1   3   7.3e-18   2.4e-16   56.7   1.3     5   130     8   145     4   147 0.85 -
NODE_13581_length_11383_cov_26.684864:2782-5970  -            678 8910at7898           -           1166   4.1e-19   65.8  10.2   2   3   0.00034     0.011   11.4   0.3    64   234   149   323   145   387 0.45 -
NODE_13581_length_11383_cov_26.684864:2782-5970  -            678 8910at7898           -           1166   4.1e-19   65.8  10.2   3   3       1.6        52   -0.7   0.1   754   782   508   536   503   541 0.87 -
NODE_33316_length_7822_cov_56.045967:3565-4284   -            240 8910at7898           -           1166   1.1e-18   64.4   0.3   1   2     4e-12   1.3e-10   37.7   0.0    37   139    13   118     3   119 0.92 -
NODE_33316_length_7822_cov_56.045967:3565-4284   -            240 8910at7898           -           1166   1.1e-18   64.4   0.3   2   2   1.8e-09   5.8e-08   28.9   0.4    34   139   107   215   104   224 0.86 -
NODE_19556_length_9939_cov_34.813313:3123-3854   -            244 8910at7898           -           1166   1.9e-18   63.6   2.8   1   2   1.5e-14   4.7e-13   45.8   0.7    14   140    11   140     4   140 0.87 -
NODE_19556_length_9939_cov_34.813313:3123-3854   -            244 8910at7898           -           1166   1.9e-18   63.6   2.8   2   2   8.4e-07   2.7e-05   20.1   0.2    44   128   137   224   133   231 0.87 -
NODE_26259_length_8748_cov_36.050179:4649-5347   -            233 8910at7898           -           1166   2.6e-18   63.2   0.3   1   2   0.00023    0.0074   12.0   0.0    72   135     5    72     1    75 0.77 -
NODE_26259_length_8748_cov_36.050179:4649-5347   -            233 8910at7898           -           1166   2.6e-18   63.2   0.3   2   2   1.2e-15   3.9e-14   49.4   0.5    44   189    74   222    73   228 0.92 -
NODE_57133_length_5774_cov_74.376035:3107-4492   -            462 8910at7898           -           1166   3.9e-18   62.6   2.9   1   2   4.5e-10   1.5e-08   30.9   1.0    28   130    18   126     3   132 0.83 -
NODE_57133_length_5774_cov_74.376035:3107-4492   -            462 8910at7898           -           1166   3.9e-18   62.6   2.9   2   2   5.9e-10   1.9e-08   30.5   0.0    44   253   134   323   129   356 0.77 -
NODE_110279_length_3429_cov_28.116216:2172-2894  -            241 8910at7898           -           1166   6.6e-18   61.8   1.5   1   2   7.7e-05    0.0025   13.6   0.1    12    89     2    84     1    91 0.84 -
NODE_110279_length_3429_cov_28.116216:2172-2894  -            241 8910at7898           -           1166   6.6e-18   61.8   1.5   2   2   2.5e-15   7.9e-14   48.3   0.6    44   188    87   234    84   239 0.90 -
NODE_47686_length_6445_cov_31.015916:2924-4300   -            459 8910at7898           -           1166   3.2e-17   59.6   4.1   1   2   4.4e-10   1.4e-08   30.9   0.6    11   131    21   147     8   152 0.81 -
NODE_47686_length_6445_cov_31.015916:2924-4300   -            459 8910at7898           -           1166   3.2e-17   59.6   4.1   2   2   1.8e-09   5.8e-08   28.9   0.2    44   254   154   348   150   397 0.75 -
NODE_96189_length_3900_cov_22.134438:1514-2287   -            258 8910at7898           -           1166   4.3e-17   59.1   0.1   1   2     0.024      0.79    5.3   0.0    14    87    26   104    20   108 0.84 -
NODE_96189_length_3900_cov_22.134438:1514-2287   -            258 8910at7898           -           1166   4.3e-17   59.1   0.1   2   2   1.7e-16   5.6e-15   52.1   0.2    44   188   109   258   104   258 0.91 -
NODE_35899_length_7535_cov_29.740990:236-2896    -            218 8910at7898           -           1166   4.7e-17   59.0   0.0   1   1   1.7e-18   5.6e-17   58.8   0.0    22   141    11   136     2   161 0.88 -
NODE_64475_length_5328_cov_30.326449:2874-3839   -            322 8910at7898           -           1166   5.5e-17   58.8   6.4   1   2   6.8e-16   2.2e-14   50.2   0.3    15   139     5   131     2   143 0.88 -
NODE_64475_length_5328_cov_30.326449:2874-3839   -            322 8910at7898           -           1166   5.5e-17   58.8   6.4   2   2   1.7e-06   5.6e-05   19.0   1.2    55   234    92   282    89   301 0.77 -
NODE_52984_length_6057_cov_28.999329:2486-3175   -            230 8910at7898           -           1166   5.6e-17   58.8   4.0   1   2   1.5e-14   4.9e-13   45.7   1.0    14   145     5   145     2   146 0.81 -
NODE_52984_length_6057_cov_28.999329:2486-3175   -            230 8910at7898           -           1166   5.6e-17   58.8   4.0   2   2     7e-07   2.3e-05   20.3   0.6    85   176   133   225   131   228 0.84 -
NODE_35899_length_7535_cov_29.740990:737-1831    -            365 8910at7898           -           1166   1.1e-16   57.8   1.1   1   2   2.3e-09   7.5e-08   28.5   0.1    40   143    41   147    19   152 0.87 -
NODE_35899_length_7535_cov_29.740990:737-1831    -            365 8910at7898           -           1166   1.1e-16   57.8   1.1   2   2   1.9e-09   6.3e-08   28.8   0.1    99   221   151   273   141   336 0.72 -
NODE_7967_length_13508_cov_40.101275:3469-4026   -            186 8910at7898           -           1166   2.1e-16   56.9   5.0   1   2   1.4e-14   4.7e-13   45.8   3.1    31   136    24   132     2   133 0.86 -
NODE_7967_length_13508_cov_40.101275:3469-4026   -            186 8910at7898           -           1166   2.1e-16   56.9   5.0   2   2   1.2e-05    0.0004   16.2   0.0    84   136   128   180   126   186 0.92 -
NODE_35347_length_7593_cov_24.159194:2658-3398   -            247 8910at7898           -           1166   2.1e-16   56.9  13.3   1   2   6.7e-11   2.2e-09   33.6   4.1    41   140    49   151    27   156 0.85 -
NODE_35347_length_7593_cov_24.159194:2658-3398   -            247 8910at7898           -           1166   2.1e-16   56.9  13.3   2   2   1.3e-09   4.3e-08   29.3   2.4    46   138   150   245   147   247 0.91 -
NODE_101529_length_3712_cov_32.653750:1654-2670  -            339 8910at7898           -           1166   2.5e-16   56.6   9.2   1   3   6.2e-10     2e-08   30.4   0.1    24   119    10   112     1   119 0.88 -
NODE_101529_length_3712_cov_32.653750:1654-2670  -            339 8910at7898           -           1166   2.5e-16   56.6   9.2   2   3     8e-06   0.00026   16.8   1.3    73   137   119   185   110   194 0.83 -
NODE_101529_length_3712_cov_32.653750:1654-2670  -            339 8910at7898           -           1166   2.5e-16   56.6   9.2   3   3   2.2e-05   0.00073   15.3   0.4   110   196   179   269   177   280 0.79 -
NODE_42907_length_6850_cov_36.657828:3568-4494   -            309 8910at7898           -           1166   3.2e-16   56.3  24.2   1   3   5.5e-07   1.8e-05   20.7   1.7    44   139     4   103     1   104 0.91 -
NODE_42907_length_6850_cov_36.657828:3568-4494   -            309 8910at7898           -           1166   3.2e-16   56.3  24.2   2   3   1.1e-10   3.5e-09   33.0   6.4    43   140    52   152    45   161 0.90 -
NODE_42907_length_6850_cov_36.657828:3568-4494   -            309 8910at7898           -           1166   3.2e-16   56.3  24.2   3   3   2.9e-09   9.5e-08   28.2   1.4    27   136   157   277   152   286 0.80 -
NODE_82861_length_4423_cov_28.369103:1532-2920   -            463 8910at7898           -           1166   4.3e-16   55.8   1.1   1   2   2.9e-08   9.3e-07   24.9   0.3    15   130     6   127     3   134 0.86 -
NODE_82861_length_4423_cov_28.369103:1532-2920   -            463 8910at7898           -           1166   4.3e-16   55.8   1.1   2   2   1.4e-09   4.5e-08   29.3   0.0    44   243   135   314   129   358 0.81 -
NODE_18600_length_10141_cov_40.330910:638-1300   -            221 8910at7898           -           1166   5.3e-16   55.5  18.2   1   3   0.00012    0.0039   12.9   0.3    74   134    34    96    14    99 0.73 -
NODE_18600_length_10141_cov_40.330910:638-1300   -            221 8910at7898           -           1166   5.3e-16   55.5  18.2   2   3   4.4e-09   1.4e-07   27.6   1.8    43   134    48   146    42   148 0.83 -
NODE_18600_length_10141_cov_40.330910:638-1300   -            221 8910at7898           -           1166   5.3e-16   55.5  18.2   3   3   4.1e-12   1.3e-10   37.7   3.3    43   158    98   217    94   220 0.90 -
NODE_321732_length_474_cov_73.634667:19-300      -             94 8910at7898           -           1166   1.7e-15   53.9   0.2   1   1     6e-17   1.9e-15   53.7   0.2    35   119     7    93     3    94 0.92 -
NODE_71461_length_4952_cov_30.923758:2474-3199   -            242 8910at7898           -           1166   2.5e-15   53.3   8.9   1   2   2.2e-06   7.2e-05   18.6   0.2    88   138     2    52     1    59 0.90 -
NODE_71461_length_4952_cov_30.923758:2474-3199   -            242 8910at7898           -           1166   2.5e-15   53.3   8.9   2   2   1.5e-10   4.8e-09   32.5   3.8    43   156    98   214    87   237 0.87 -
NODE_353_length_27691_cov_39.389062:635-13989    -            735 8910at7898           -           1166   4.8e-15   52.4  12.8   1   4   8.8e-05    0.0029   13.4   2.1    47   128     3    87     1    99 0.64 -
NODE_353_length_27691_cov_39.389062:635-13989    -            735 8910at7898           -           1166   4.8e-15   52.4  12.8   2   4   4.8e-10   1.6e-08   30.8   0.4    43   139   105   207    90   211 0.85 -
NODE_353_length_27691_cov_39.389062:635-13989    -            735 8910at7898           -           1166   4.8e-15   52.4  12.8   3   4   0.00015     0.005   12.6   0.2   205   288   224   311   210   331 0.78 -
NODE_353_length_27691_cov_39.389062:635-13989    -            735 8910at7898           -           1166   4.8e-15   52.4  12.8   4   4      0.87        28    0.1   0.0   265   324   382   441   371   443 0.88 -
NODE_28810_length_8382_cov_22.040444:3534-4085   -            184 8910at7898           -           1166     5e-15   52.3   0.9   1   2   7.5e-08   2.4e-06   23.5   0.0    14   118     5   112     2   120 0.83 -
NODE_28810_length_8382_cov_22.040444:3534-4085   -            184 8910at7898           -           1166     5e-15   52.3   0.9   2   2   4.8e-11   1.6e-09   34.1   0.2    65   161    80   180    78   184 0.84 -
NODE_66290_length_5228_cov_21.853773:1190-1759   -            190 8910at7898           -           1166     8e-15   51.6   5.3   1   2   1.5e-07   4.8e-06   22.6   0.3     5   110     6   119     2   120 0.77 -
NODE_66290_length_5228_cov_21.853773:1190-1759   -            190 8910at7898           -           1166     8e-15   51.6   5.3   2   2   3.1e-12   9.9e-11   38.1   0.7    44   150    74   183    74   190 0.93 -
NODE_41945_length_6938_cov_33.095628:2538-3419   -            294 8910at7898           -           1166     8e-15   51.6   2.9   1   1   9.5e-15   3.1e-13   46.4   2.9    42   219    31   209     1   293 0.74 -
NODE_10182_length_12508_cov_33.058022:6031-6726  -            232 8910at7898           -           1166   9.8e-15   51.3   3.8   1   2   4.9e-13   1.6e-11   40.7   1.2    15   144    10   149     2   152 0.80 -
NODE_10182_length_12508_cov_33.058022:6031-6726  -            232 8910at7898           -           1166   9.8e-15   51.3   3.8   2   2   5.8e-05    0.0019   14.0   0.2    91   175   144   229   142   232 0.88 -
NODE_19946_length_9860_cov_35.171806:6155-6715   -            187 8910at7898           -           1166     1e-14   51.3   0.3   1   2   3.2e-06    0.0001   18.1   0.0    24   118    12   112     2   113 0.82 -
NODE_19946_length_9860_cov_35.171806:6155-6715   -            187 8910at7898           -           1166     1e-14   51.3   0.3   2   2   3.7e-12   1.2e-10   37.8   0.2    66   164    81   183    77   186 0.86 -
NODE_124094_length_3030_cov_36.624019:1354-2172  -            273 8910at7898           -           1166   1.5e-14   50.7   2.5   1   2   2.7e-05   0.00088   15.1   0.0    86   144    33    91    20    94 0.86 -
NODE_124094_length_3030_cov_36.624019:1354-2172  -            273 8910at7898           -           1166   1.5e-14   50.7   2.5   2   2   2.1e-11   6.8e-10   35.3   0.5    63   134   100   176    91   187 0.86 -
NODE_49757_length_6286_cov_28.536771:4905-5468   -            188 8910at7898           -           1166   1.6e-14   50.7   4.1   1   2   9.9e-13   3.2e-11   39.7   2.5     4   130     3   137     1   143 0.83 -
NODE_49757_length_6286_cov_28.536771:4905-5468   -            188 8910at7898           -           1166   1.6e-14   50.7   4.1   2   2   6.3e-06    0.0002   17.2   0.0    86   154   117   185   116   188 0.94 -
NODE_53133_length_6047_cov_30.631137:2417-3322   -            302 8910at7898           -           1166   1.9e-14   50.4  12.7   1   2   1.3e-10   4.1e-09   32.7   1.0    28   140     1   120     1   126 0.85 -
NODE_53133_length_6047_cov_30.631137:2417-3322   -            302 8910at7898           -           1166   1.9e-14   50.4  12.7   2   2   8.6e-10   2.8e-08   30.0   4.8    44   195    69   233    68   253 0.79 -
NODE_9856_length_12633_cov_38.131083:11350-12603 -            418 8910at7898           -           1166   5.2e-14   48.9   7.6   1   3   6.7e-06   0.00022   17.1   0.3    84   140     5    61     1    68 0.91 -
NODE_9856_length_12633_cov_38.131083:11350-12603 -            418 8910at7898           -           1166   5.2e-14   48.9   7.6   2   3     0.071       2.3    3.7   0.5    45   139    59   156    56   168 0.76 -
NODE_9856_length_12633_cov_38.131083:11350-12603 -            418 8910at7898           -           1166   5.2e-14   48.9   7.6   3   3   6.6e-11   2.1e-09   33.7   0.4    44   155   130   244   122   283 0.79 -
NODE_36548_length_7463_cov_37.653721:6359-7093   -            245 8910at7898           -           1166     2e-13   47.0   1.5   1   2   7.9e-11   2.6e-09   33.4   0.1    37   129    40   136    16   141 0.84 -
NODE_36548_length_7463_cov_37.653721:6359-7093   -            245 8910at7898           -           1166     2e-13   47.0   1.5   2   2   0.00011    0.0035   13.1   0.2    39   139   141   242   139   245 0.92 -
NODE_96189_length_3900_cov_22.134438:629-1324    -            232 8910at7898           -           1166   4.4e-13   45.9   4.2   1   2   8.3e-07   2.7e-05   20.1   0.3    87   145    49   107    31   111 0.92 -
NODE_96189_length_3900_cov_22.134438:629-1324    -            232 8910at7898           -           1166   4.4e-13   45.9   4.2   2   2   6.9e-10   2.2e-08   30.3   0.6    46   151   101   209    99   229 0.89 -
NODE_614_length_24890_cov_34.029487:992-2485     -            498 8910at7898           -           1166     7e-13   45.2  22.1   1   4   1.4e-09   4.5e-08   29.3   2.3    42   125    62   145    45   166 0.81 -
NODE_614_length_24890_cov_34.029487:992-2485     -            498 8910at7898           -           1166     7e-13   45.2  22.1   2   4   7.7e-08   2.5e-06   23.5   2.8    35   142   219   326   212   338 0.84 -
NODE_614_length_24890_cov_34.029487:992-2485     -            498 8910at7898           -           1166     7e-13   45.2  22.1   3   4         1        34   -0.1   0.0    83   116   347   379   322   391 0.76 -
NODE_614_length_24890_cov_34.029487:992-2485     -            498 8910at7898           -           1166     7e-13   45.2  22.1   4   4      0.17       5.5    2.5   1.8    51   152   384   485   372   492 0.71 -
NODE_58014_length_5716_cov_34.058750:3105-3935   -            277 8910at7898           -           1166   8.6e-13   44.9   7.6   1   4   3.6e-05    0.0012   14.6   0.2    28    80     1    57     1    96 0.74 -
NODE_58014_length_5716_cov_34.058750:3105-3935   -            277 8910at7898           -           1166   8.6e-13   44.9   7.6   2   4       0.1       3.3    3.2   0.1    53   118    67   132    60   137 0.91 -
NODE_58014_length_5716_cov_34.058750:3105-3935   -            277 8910at7898           -           1166   8.6e-13   44.9   7.6   3   4   6.1e-08     2e-06   23.8   0.3    49   119   140   210   111   216 0.87 -
NODE_58014_length_5716_cov_34.058750:3105-3935   -            277 8910at7898           -           1166   8.6e-13   44.9   7.6   4   4    0.0067      0.22    7.1   0.1    54   143   231   275   221   277 0.53 -
NODE_51586_length_6154_cov_38.076466:4388-5230   -            281 8910at7898           -           1166   8.7e-13   44.9   3.5   1   3     0.005      0.16    7.6   0.0    36    79    79   122    66   136 0.82 -
NODE_51586_length_6154_cov_38.076466:4388-5230   -            281 8910at7898           -           1166   8.7e-13   44.9   3.5   2   3   9.9e-08   3.2e-06   23.1   0.4    57   136   126   207   122   217 0.85 -
NODE_51586_length_6154_cov_38.076466:4388-5230   -            281 8910at7898           -           1166   8.7e-13   44.9   3.5   3   3   7.7e-06   0.00025   16.9   0.2    56   136   196   277   191   280 0.83 -
NODE_79291_length_4579_cov_29.039509:2720-3337   -            206 8910at7898           -           1166   1.1e-12   44.6   0.9   1   1   5.4e-14   1.8e-12   43.9   0.8    35   144    15   127     2   186 0.87 -
NODE_119173_length_3167_cov_28.115711:2112-2735  -            208 8910at7898           -           1166     2e-12   43.7   1.1   1   2    0.0085      0.28    6.8   0.0    39    86    46    93    13    98 0.70 -
NODE_119173_length_3167_cov_28.115711:2112-2735  -            208 8910at7898           -           1166     2e-12   43.7   1.1   2   2   1.1e-11   3.5e-10   36.3   0.3    44   125    99   182    95   208 0.83 -
NODE_96232_length_3898_cov_25.400632:2602-3201   -            200 8910at7898           -           1166   2.7e-12   43.3  11.2   1   2   1.4e-07   4.7e-06   22.6   2.5    46   128     1    86     1    92 0.84 -
NODE_96232_length_3898_cov_25.400632:2602-3201   -            200 8910at7898           -           1166   2.7e-12   43.3  11.2   2   2   1.3e-08   4.1e-07   26.1   1.6    44   132    94   185    88   198 0.84 -
NODE_20267_length_9791_cov_28.365662:4035-5321   -            429 8910at7898           -           1166   2.8e-12   43.2  10.1   1   3     1e-05   0.00032   16.5   0.2    61   136    18    72     1    92 0.61 -
NODE_20267_length_9791_cov_28.365662:4035-5321   -            429 8910at7898           -           1166   2.8e-12   43.2  10.1   2   3   0.00058     0.019   10.7   0.4    44   141    49   149    48   152 0.92 -
NODE_20267_length_9791_cov_28.365662:4035-5321   -            429 8910at7898           -           1166   2.8e-12   43.2  10.1   3   3   2.7e-09   8.7e-08   28.3   3.0    35   193   137   299   125   395 0.71 -
NODE_169241_length_2034_cov_25.396899:378-1022   -            215 8910at7898           -           1166   4.6e-12   42.5   1.4   1   2    0.0001    0.0033   13.2   0.1    86   145    19    78    13    79 0.93 -
NODE_169241_length_2034_cov_25.396899:378-1022   -            215 8910at7898           -           1166   4.6e-12   42.5   1.4   2   2     6e-11     2e-09   33.8   0.2    43   184    69   210    66   215 0.84 -
NODE_123725_length_3041_cov_26.705642:997-1845   -            283 8910at7898           -           1166   5.6e-12   42.2   5.6   1   2    0.0019     0.062    8.9   0.3    51   134     2    95     1    95 0.79 -
NODE_123725_length_3041_cov_26.705642:997-1845   -            283 8910at7898           -           1166   5.6e-12   42.2   5.6   2   2   1.7e-12   5.6e-11   38.9   3.4    48   203    53   217    36   226 0.81 -
NODE_62631_length_5437_cov_32.263957:3163-3819   -            219 8910at7898           -           1166   8.8e-12   41.6   4.9   1   2   2.2e-06   7.1e-05   18.7   1.0    61   152    13   111     3   141 0.78 -
NODE_62631_length_5437_cov_32.263957:3163-3819   -            219 8910at7898           -           1166   8.8e-12   41.6   4.9   2   2     2e-08   6.6e-07   25.4   0.4    65   156   120   218   113   219 0.76 -
NODE_121749_length_3095_cov_24.992991:278-1114   -            279 8910at7898           -           1166   1.1e-11   41.2   4.6   1   3   2.3e-06   7.5e-05   18.6   0.9    42   145    37   146    16   150 0.86 -
NODE_121749_length_3095_cov_24.992991:278-1114   -            279 8910at7898           -           1166   1.1e-11   41.2   4.6   2   3   1.6e-07   5.3e-06   22.4   0.1    36    96   151   214   146   252 0.85 -
NODE_121749_length_3095_cov_24.992991:278-1114   -            279 8910at7898           -           1166   1.1e-11   41.2   4.6   3   3      0.44        14    1.1   0.0    36    74   220   265   214   274 0.72 -
NODE_40551_length_7069_cov_47.955811:1354-2106   -            251 8910at7898           -           1166   1.6e-11   40.7   2.5   1   2   1.2e-07     4e-06   22.8   0.1    43   120    59   136    49   140 0.95 -
NODE_40551_length_7069_cov_47.955811:1354-2106   -            251 8910at7898           -           1166   1.6e-11   40.7   2.5   2   2   3.8e-06   0.00012   17.9   0.2    55   135   142   221   137   234 0.90 -
NODE_5280_length_15151_cov_27.032155:3823-4407   -            195 8910at7898           -           1166   2.9e-11   39.8   4.6   1   2   1.3e-12   4.1e-11   39.3   1.5    39   144     8   116     2   119 0.91 -
NODE_5280_length_15151_cov_27.032155:3823-4407   -            195 8910at7898           -           1166   2.9e-11   39.8   4.6   2   2    0.0055      0.18    7.4   0.1   110   175   106   173   104   181 0.74 -
NODE_3075_length_17506_cov_32.273683:13116-13937 -            274 8910at7898           -           1166   3.4e-11   39.6  11.9   1   3   5.3e-06   0.00017   17.4   0.5    36    96    23    86     3    99 0.79 -
NODE_3075_length_17506_cov_32.273683:13116-13937 -            274 8910at7898           -           1166   3.4e-11   39.6  11.9   2   3   1.3e-06   4.1e-05   19.5   0.8    45   139   102   194    95   201 0.91 -
NODE_3075_length_17506_cov_32.273683:13116-13937 -            274 8910at7898           -           1166   3.4e-11   39.6  11.9   3   3   0.00059     0.019   10.6   0.5    67   145   191   269   184   272 0.65 -
NODE_42877_length_6853_cov_31.698253:1674-2246   -            191 8910at7898           -           1166   3.8e-11   39.4   0.2   1   2   1.7e-08   5.4e-07   25.7   0.0    44   137     3   100     1   107 0.87 -
NODE_42877_length_6853_cov_31.698253:1674-2246   -            191 8910at7898           -           1166   3.8e-11   39.4   0.2   2   2   7.1e-05    0.0023   13.7   0.3    43   104    99   163    94   184 0.67 -
NODE_11930_length_11889_cov_39.170992:7339-7860  -            174 8910at7898           -           1166     4e-11   39.4   0.7   1   1   1.3e-12   4.1e-11   39.3   0.7    44   140     1   100     1   138 0.89 -
NODE_114883_length_3289_cov_31.054232:642-1409   -            256 8910at7898           -           1166   5.2e-11   39.0   4.2   1   3    0.0018     0.059    9.0   0.1    36    86    71   123    57   128 0.86 -
NODE_114883_length_3289_cov_31.054232:642-1409   -            256 8910at7898           -           1166   5.2e-11   39.0   4.2   2   3   3.2e-09     1e-07   28.1   0.1    56   142   117   205   115   210 0.91 -
NODE_114883_length_3289_cov_31.054232:642-1409   -            256 8910at7898           -           1166   5.2e-11   39.0   4.2   3   3     0.035       1.1    4.7   0.1    64    96   218   253   213   256 0.62 -
NODE_4896_length_15474_cov_35.607154:12107-14260 -            718 8910at7898           -           1166   1.5e-10   37.5  32.8   1   7     0.042       1.4    4.5   0.1    41   121    19    91     1   109 0.79 -
NODE_4896_length_15474_cov_35.607154:12107-14260 -            718 8910at7898           -           1166   1.5e-10   37.5  32.8   2   7    0.0022     0.072    8.7   0.1    54   118   143   207   121   213 0.87 -
NODE_4896_length_15474_cov_35.607154:12107-14260 -            718 8910at7898           -           1166   1.5e-10   37.5  32.8   3   7     0.029      0.95    5.0   0.3    41   130   241   287   230   299 0.54 -
NODE_4896_length_15474_cov_35.607154:12107-14260 -            718 8910at7898           -           1166   1.5e-10   37.5  32.8   4   7     0.015      0.48    6.0   4.0    68   145   303   383   286   390 0.79 -
NODE_4896_length_15474_cov_35.607154:12107-14260 -            718 8910at7898           -           1166   1.5e-10   37.5  32.8   5   7   0.00016    0.0051   12.5   0.1    37   120   444   532   420   550 0.69 -
NODE_4896_length_15474_cov_35.607154:12107-14260 -            718 8910at7898           -           1166   1.5e-10   37.5  32.8   6   7   1.5e-05   0.00048   15.9   0.4    61   144   548   641   540   644 0.64 -
NODE_4896_length_15474_cov_35.607154:12107-14260 -            718 8910at7898           -           1166   1.5e-10   37.5  32.8   7   7      0.16       5.2    2.6   0.3    76   123   671   716   644   718 0.62 -
NODE_517_length_25899_cov_72.245891:12242-12970  -            243 8910at7898           -           1166   2.3e-10   36.8   0.2   1   2     2e-07   6.4e-06   22.1   0.0    16   140    14   139     1   145 0.82 -
NODE_517_length_25899_cov_72.245891:12242-12970  -            243 8910at7898           -           1166   2.3e-10   36.8   0.2   2   2     6e-06   0.00019   17.2   0.1    61   147   129   215   120   239 0.79 -
NODE_19505_length_9949_cov_32.586396:799-8165    -            383 8910at7898           -           1166   4.2e-10   36.0   5.8   1   3   1.4e-06   4.5e-05   19.3   0.2    43   130    49   137    32   148 0.82 -
NODE_19505_length_9949_cov_32.586396:799-8165    -            383 8910at7898           -           1166   4.2e-10   36.0   5.8   2   3    0.0042      0.14    7.8   0.0    77   133   173   231   164   245 0.82 -
NODE_19505_length_9949_cov_32.586396:799-8165    -            383 8910at7898           -           1166   4.2e-10   36.0   5.8   3   3   0.00064     0.021   10.5   1.1    45   139   236   330   225   338 0.78 -
NODE_56690_length_5802_cov_31.204278:3280-4104   -            275 8910at7898           -           1166   4.7e-10   35.8   1.4   1   2   1.6e-11   5.1e-10   35.7   0.5    44   145    24   136    15   142 0.83 -
NODE_56690_length_5802_cov_31.204278:3280-4104   -            275 8910at7898           -           1166   4.7e-10   35.8   1.4   2   2      0.56        18    0.8   0.0   113   174   128   194   127   224 0.72 -
NODE_1294_length_21308_cov_44.412325:18356-19768 -            471 8910at7898           -           1166   6.4e-10   35.4  18.0   1   5   6.8e-06   0.00022   17.1   2.6    58   146    23   114     3   132 0.66 -
NODE_1294_length_21308_cov_44.412325:18356-19768 -            471 8910at7898           -           1166   6.4e-10   35.4  18.0   2   5      0.77        25    0.3   0.1    41   102   123   186   115   206 0.77 -
NODE_1294_length_21308_cov_44.412325:18356-19768 -            471 8910at7898           -           1166   6.4e-10   35.4  18.0   3   5     1e-07   3.3e-06   23.1   0.5    85   142   273   332   224   343 0.78 -
NODE_1294_length_21308_cov_44.412325:18356-19768 -            471 8910at7898           -           1166   6.4e-10   35.4  18.0   4   5      0.14       4.4    2.8   0.1    61   133   355   430   347   441 0.79 -
NODE_1294_length_21308_cov_44.412325:18356-19768 -            471 8910at7898           -           1166   6.4e-10   35.4  18.0   5   5       2.1        67   -1.1   0.1    44    79   431   464   424   468 0.80 -
NODE_1092_length_22058_cov_27.210119:9619-10293  -            225 8910at7898           -           1166   7.2e-10   35.2   0.1   1   2   7.8e-06   0.00025   16.9   0.1    13   141     4   131     2   136 0.83 -
NODE_1092_length_22058_cov_27.210119:9619-10293  -            225 8910at7898           -           1166   7.2e-10   35.2   0.1   2   2   6.3e-07   2.1e-05   20.5   0.1    61   164   120   225   113   225 0.93 -
NODE_14230_length_11202_cov_35.104386:8949-9707  -            253 8910at7898           -           1166   1.3e-09   34.4   0.7   1   2     7e-05    0.0023   13.7   0.0    15   145     6   137     2   138 0.78 -
NODE_14230_length_11202_cov_35.104386:8949-9707  -            253 8910at7898           -           1166   1.3e-09   34.4   0.7   2   2   3.6e-07   1.2e-05   21.3   0.4    60   139   121   202   115   252 0.80 -
NODE_80020_length_4547_cov_29.602743:2316-4087   -            226 8910at7898           -           1166   1.4e-09   34.2   3.5   1   2   3.7e-09   1.2e-07   27.9   0.5    42   143    10   110     3   111 0.92 -
NODE_80020_length_4547_cov_29.602743:2316-4087   -            226 8910at7898           -           1166   1.4e-09   34.2   3.5   2   2     1e-05   0.00034   16.4   1.7    43   169    80   205    79   221 0.87 -
NODE_30132_length_8202_cov_33.811058:5167-6000   -            278 8910at7898           -           1166   1.5e-09   34.2   4.9   1   3   0.00096     0.031    9.9   0.2    37    90    99   154    81   166 0.79 -
NODE_30132_length_8202_cov_33.811058:5167-6000   -            278 8910at7898           -           1166   1.5e-09   34.2   4.9   2   3   4.7e-08   1.5e-06   24.2   0.1    56   144   144   234   141   240 0.90 -
NODE_30132_length_8202_cov_33.811058:5167-6000   -            278 8910at7898           -           1166   1.5e-09   34.2   4.9   3   3    0.0056      0.18    7.4   0.5    58   118   217   278   216   278 0.76 -
NODE_62631_length_5437_cov_32.263957:1879-2529   -            217 8910at7898           -           1166     6e-09   32.2   5.1   1   3       0.5        16    0.9   0.1    84   118    14    48     6    59 0.80 -
NODE_62631_length_5437_cov_32.263957:1879-2529   -            217 8910at7898           -           1166     6e-09   32.2   5.1   2   3   2.8e-06   9.1e-05   18.3   0.1    54   119    61   126    52   131 0.92 -
NODE_62631_length_5437_cov_32.263957:1879-2529   -            217 8910at7898           -           1166     6e-09   32.2   5.1   3   3   5.7e-05    0.0019   14.0   0.2   103   145   150   192   140   196 0.91 -
NODE_33424_length_7811_cov_26.943465:3698-4324   -            209 8910at7898           -           1166   8.1e-09   31.7   1.0   1   2   4.3e-10   1.4e-08   30.9   0.5    17   144     9   140     3   144 0.86 -
NODE_33424_length_7811_cov_26.943465:3698-4324   -            209 8910at7898           -           1166   8.1e-09   31.7   1.0   2   2     0.098       3.2    3.3   0.0   102   150   122   170   121   184 0.80 -
NODE_373675_length_359_cov_0.611538:1-324        -            108 8910at7898           -           1166     1e-08   31.4   0.5   1   1     4e-10   1.3e-08   31.1   0.5    44   144     5   104     1   107 0.87 -
NODE_42907_length_6850_cov_36.657828:4795-5373   -            193 8910at7898           -           1166   1.5e-08   30.9   5.8   1   2   4.5e-10   1.5e-08   30.9   5.8    46   144     3   104     1   109 0.89 -
NODE_42907_length_6850_cov_36.657828:4795-5373   -            193 8910at7898           -           1166   1.5e-08   30.9   5.8   2   2   0.00016    0.0053   12.5   2.1    43   139    72   171    72   185 0.73 -
NODE_54124_length_5978_cov_41.162613:1768-2727   -            320 8910at7898           -           1166   1.8e-08   30.6   8.8   1   3   0.00012    0.0039   12.9   0.2    44   127     6    90     2   109 0.83 -
NODE_54124_length_5978_cov_41.162613:1768-2727   -            320 8910at7898           -           1166   1.8e-08   30.6   8.8   2   3   3.9e-07   1.3e-05   21.2   2.0    44   192    76   220    74   244 0.80 -
NODE_54124_length_5978_cov_41.162613:1768-2727   -            320 8910at7898           -           1166   1.8e-08   30.6   8.8   3   3      0.02      0.65    5.6   0.2    62   125   231   295   214   311 0.64 -
NODE_61824_length_5485_cov_21.028778:162-518     -            119 8910at7898           -           1166   1.8e-08   30.6   0.0   1   1   6.5e-10   2.1e-08   30.4   0.0    44   129     6    94     2   106 0.88 -
NODE_1294_length_21308_cov_44.412325:19010-19681 -            224 8910at7898           -           1166   2.3e-08   30.2   2.0   1   2   2.4e-08   7.9e-07   25.2   0.4    85   142    55   114     5   125 0.76 -
NODE_1294_length_21308_cov_44.412325:19010-19681 -            224 8910at7898           -           1166   2.3e-08   30.2   2.0   2   2     0.039       1.3    4.6   0.0    61   133   137   212   130   220 0.79 -
NODE_90568_length_4108_cov_40.790721:1708-2313   -            202 8910at7898           -           1166   3.4e-08   29.7   4.0   1   2     0.001     0.033    9.8   0.1    44   125    36   116    25   117 0.80 -
NODE_90568_length_4108_cov_40.790721:1708-2313   -            202 8910at7898           -           1166   3.4e-08   29.7   4.0   2   2   3.6e-09   1.2e-07   27.9   1.2    43   139   103   199   101   202 0.94 -
NODE_614_length_24890_cov_34.029487:1742-2389    -            216 8910at7898           -           1166   5.2e-08   29.1   4.9   1   2   1.6e-09   5.2e-08   29.1   4.9    42   125    30   113    14   135 0.80 -
NODE_614_length_24890_cov_34.029487:1742-2389    -            216 8910at7898           -           1166   5.2e-08   29.1   4.9   2   2       1.7        54   -0.8   0.0    36   109   137   215   125   216 0.71 -
NODE_90319_length_4118_cov_34.424235:2346-3107   -            254 8910at7898           -           1166     1e-07   28.1   1.3   1   2   4.6e-09   1.5e-07   27.6   0.8    28   125     1   103     1   124 0.84 -
NODE_90319_length_4118_cov_34.424235:2346-3107   -            254 8910at7898           -           1166     1e-07   28.1   1.3   2   2       3.2     1e+02   -1.8   0.0    86   139   115   168   110   174 0.90 -
NODE_10451_length_12410_cov_34.656486:2741-3079  -            113 8910at7898           -           1166   1.2e-07   27.8   0.2   1   1   7.2e-09   2.3e-07   26.9   0.2    44   134     3   104     1   112 0.76 -
NODE_6886_length_14077_cov_35.708256:1342-2317   -            239 8910at7898           -           1166   1.3e-07   27.7   3.4   1   3      0.35        11    1.5   0.1    62   115     2    55     1    58 0.89 -
NODE_6886_length_14077_cov_35.708256:1342-2317   -            239 8910at7898           -           1166   1.3e-07   27.7   3.4   2   3   6.2e-06    0.0002   17.2   0.1    44   120    53   131    46   135 0.92 -
NODE_6886_length_14077_cov_35.708256:1342-2317   -            239 8910at7898           -           1166   1.3e-07   27.7   3.4   3   3    0.0014     0.044    9.4   0.2    54   132   136   214   132   229 0.89 -
NODE_84342_length_4362_cov_29.339198:748-3679    -            340 8910at7898           -           1166   1.3e-07   27.7   2.3   1   2   2.8e-08     9e-07   25.0   0.2    42   145    96   200    84   240 0.87 -
NODE_84342_length_4362_cov_29.339198:748-3679    -            340 8910at7898           -           1166   1.3e-07   27.7   2.3   2   2      0.17       5.4    2.5   0.2    46   110   239   303   215   337 0.73 -
NODE_9194_length_12908_cov_25.969553:11044-11622 -            193 8910at7898           -           1166   2.9e-07   26.6   0.0   1   1   1.1e-08   3.4e-07   26.3   0.0    43   132    66   158    41   173 0.90 -
NODE_33739_length_7775_cov_42.896170:391-3375    -            187 8910at7898           -           1166   3.3e-07   26.4   0.0   1   1   1.2e-08   3.8e-07   26.2   0.0    57   146    20   109    13   150 0.83 -
NODE_2557_length_18307_cov_36.773616:14743-15660 -            306 8910at7898           -           1166   7.2e-07   25.3   1.8   1   1   3.5e-08   1.1e-06   24.6   1.4    42   144   147   249   130   262 0.84 -
NODE_83438_length_4398_cov_29.933938:1437-3891   -            220 8910at7898           -           1166   7.4e-07   25.2   0.3   1   2   0.00015    0.0049   12.6   0.0    43   110     4    71     2    76 0.91 -
NODE_83438_length_4398_cov_29.933938:1437-3891   -            220 8910at7898           -           1166   7.4e-07   25.2   0.3   2   2    0.0004     0.013   11.2   0.1    34    97    76   142    72   175 0.82 -
NODE_26711_length_8675_cov_38.145639:752-1619    -            216 8910at7898           -           1166   7.5e-07   25.2   0.6   1   1   3.9e-08   1.3e-06   24.5   0.6    36   135   115   214   110   216 0.85 -
NODE_60351_length_5571_cov_45.466374:858-2318    -            487 8910at7898           -           1166   1.4e-06   24.3   3.2   1   3         5   1.6e+02   -2.4   0.0    83   133    16    67     6    76 0.73 -
NODE_60351_length_5571_cov_45.466374:858-2318    -            487 8910at7898           -           1166   1.4e-06   24.3   3.2   2   3      0.56        18    0.8   0.0    54   120   249   325   229   333 0.63 -
NODE_60351_length_5571_cov_45.466374:858-2318    -            487 8910at7898           -           1166   1.4e-06   24.3   3.2   3   3   1.5e-07   4.7e-06   22.6   0.3    39   190   335   487   331   487 0.79 -
NODE_96232_length_3898_cov_25.400632:2941-3258   -            106 8910at7898           -           1166   2.1e-06   23.7   1.2   1   1   6.9e-08   2.2e-06   23.6   1.2    44   137     5   100     1   105 0.75 -
NODE_48971_length_6346_cov_22.943173:888-4790    -            144 8910at7898           -           1166   2.4e-06   23.6   1.5   1   1     9e-08   2.9e-06   23.3   1.5    39   145    24   131    15   139 0.86 -
NODE_29146_length_8333_cov_29.504129:3849-4559   -            237 8910at7898           -           1166   3.5e-06   23.0   3.3   1   2   0.00057     0.018   10.7   0.1    26    92    60   132    40   135 0.79 -
NODE_29146_length_8333_cov_29.504129:3849-4559   -            237 8910at7898           -           1166   3.5e-06   23.0   3.3   2   2   8.3e-06   0.00027   16.8   0.5    55   122   116   183   113   210 0.84 -
NODE_200146_length_1535_cov_29.974930:107-433    -            109 8910at7898           -           1166   4.2e-06   22.7   0.0   1   1     2e-07   6.5e-06   22.1   0.0    44   123    26   108     4   109 0.82 -
NODE_9431_length_12816_cov_30.231265:9890-10531  -            214 8910at7898           -           1166   7.6e-06   21.9   2.1   1   1   2.8e-07   9.2e-06   21.6   2.1    37   157    59   177     9   188 0.85 -
NODE_47844_length_6432_cov_28.795358:2892-4151   -            420 8910at7898           -           1166   1.1e-05   21.4  10.9   1   1     4e-07   1.3e-05   21.1  10.9   596   836   113   363    47   377 0.72 -
NODE_9431_length_12816_cov_30.231265:10952-11509 -            186 8910at7898           -           1166   1.4e-05   21.0   1.2   1   1   6.8e-07   2.2e-05   20.4   1.2    38   140     9   116     2   144 0.83 -
NODE_17364_length_10413_cov_37.330425:9230-9874  -            215 8910at7898           -           1166   3.5e-05   19.7  12.4   1   2    0.0036      0.12    8.0   2.7    62   121    29    89     6   116 0.73 -
NODE_17364_length_10413_cov_37.330425:9230-9874  -            215 8910at7898           -           1166   3.5e-05   19.7  12.4   2   2   8.7e-06   0.00028   16.7   3.3    68   162   108   205    92   215 0.71 -
NODE_11930_length_11889_cov_39.170992:8248-8835  -            196 8910at7898           -           1166   4.8e-05   19.2   0.5   1   1   1.8e-06   5.9e-05   18.9   0.5    44   140    19   122     4   136 0.84 -
NODE_31611_length_8021_cov_32.390432:4987-6678   -            309 8910at7898           -           1166   6.6e-05   18.8   4.4   1   3   0.00057     0.018   10.7   0.2    68   127    35    99    16   112 0.78 -
NODE_31611_length_8021_cov_32.390432:4987-6678   -            309 8910at7898           -           1166   6.6e-05   18.8   4.4   2   3     0.011      0.36    6.4   0.7    63   121    80   138    74   165 0.69 -
NODE_31611_length_8021_cov_32.390432:4987-6678   -            309 8910at7898           -           1166   6.6e-05   18.8   4.4   3   3     0.007      0.23    7.1   0.7    42   129   128   219   123   268 0.81 -
NODE_31054_length_8087_cov_28.347271:6479-6838   -            120 8910at7898           -           1166   7.8e-05   18.6   0.1   1   1   4.5e-06   0.00015   17.7   0.1    83   139    15    74     4    85 0.83 -
NODE_204617_length_1470_cov_39.978848:200-844    -            215 8910at7898           -           1166   8.6e-05   18.4   5.6   1   2    0.0005     0.016   10.9   0.4    49   138     1    96     1    99 0.81 -
NODE_204617_length_1470_cov_39.978848:200-844    -            215 8910at7898           -           1166   8.6e-05   18.4   5.6   2   2   6.4e-05    0.0021   13.8   1.6    59   149    86   180    82   204 0.84 -
NODE_64740_length_5313_cov_34.065593:1474-2037   -            188 8910at7898           -           1166   0.00011   18.1  10.3   1   2     0.019       0.6    5.7   0.5    83   127    30    72     6    80 0.76 -
NODE_64740_length_5313_cov_34.065593:1474-2037   -            188 8910at7898           -           1166   0.00011   18.1  10.3   2   2   1.6e-05   0.00052   15.8   4.4    41   142    78   179    68   184 0.86 -
NODE_4896_length_15474_cov_35.607154:13163-13993 -            277 8910at7898           -           1166   0.00018   17.4   4.7   1   2   0.00049     0.016   10.9   0.1    54   118    54   118    31   124 0.87 -
NODE_4896_length_15474_cov_35.607154:13163-13993 -            277 8910at7898           -           1166   0.00018   17.4   4.7   2   2    0.0055      0.18    7.4   1.6    41   138   152   206   139   277 0.59 -
NODE_68324_length_5118_cov_32.153816:3517-4221   -            235 8910at7898           -           1166   0.00029   16.7   6.9   1   3   0.00084     0.027   10.1   0.3    83   137    48   100    37   110 0.82 -
NODE_68324_length_5118_cov_32.153816:3517-4221   -            235 8910at7898           -           1166   0.00029   16.7   6.9   2   3    0.0015     0.049    9.3   1.0    81   129   115   162    93   180 0.81 -
NODE_68324_length_5118_cov_32.153816:3517-4221   -            235 8910at7898           -           1166   0.00029   16.7   6.9   3   3       1.9        62   -1.0   0.0    82   126   185   228   174   233 0.80 -
NODE_167550_length_2064_cov_28.499237:643-1374   -            244 8910at7898           -           1166    0.0015   14.3   4.3   1   2      0.83        27    0.2   0.1    84   127    19    61    16    78 0.81 -
NODE_167550_length_2064_cov_28.499237:643-1374   -            244 8910at7898           -           1166    0.0015   14.3   4.3   2   2     3e-05   0.00097   14.9   1.4    43   141    92   189    72   230 0.82 -
NODE_10062_length_12554_cov_35.899880:1266-2351  -            335 8910at7898           -           1166     0.002   13.9   6.4   1   2   0.00025     0.008   11.9   3.1    44   142    94   195    74   199 0.87 -
NODE_10062_length_12554_cov_35.899880:1266-2351  -            335 8910at7898           -           1166     0.002   13.9   6.4   2   2      0.12       3.9    3.0   0.1    36    98   203   269   190   317 0.72 -
NODE_41295_length_6997_cov_34.772108:2726-6626   -            389 8910at7898           -           1166    0.0039   12.9   0.1   1   1   0.00016    0.0052   12.5   0.1   142   234    12   106     6   123 0.71 -
NODE_26704_length_8676_cov_33.861956:115-1317    -            401 8910at7898           -           1166     0.015   11.0   0.0   1   1   0.00045     0.015   11.0   0.0   793   855   168   230   161   235 0.77 -
NODE_60474_length_5565_cov_28.963044:2519-3082   -            188 8910at7898           -           1166     0.033    9.9   0.1   1   1    0.0014     0.044    9.4   0.1   145   196     3    59     2   113 0.75 -
NODE_60746_length_5548_cov_34.529455:3063-3836   -            258 8910at7898           -           1166     0.073    8.7   5.2   1   2   0.00036     0.012   11.4   0.3    89   138     1    50     1    65 0.87 -
NODE_60746_length_5548_cov_34.529455:3063-3836   -            258 8910at7898           -           1166     0.073    8.7   5.2   2   2       1.4        44   -0.5   0.6    79   142   193   256   147   258 0.67 -
NODE_17364_length_10413_cov_37.330425:8837-9598  -            254 8910at7898           -           1166       3.1    3.3  11.0   1   2      0.64        21    0.6   1.4    81   188    32   138     7   153 0.82 -
NODE_17364_length_10413_cov_37.330425:8837-9598  -            254 8910at7898           -           1166       3.1    3.3  11.0   2   2     0.013      0.43    6.1   4.9    58   121   156   220   124   249 0.69 -
#
# Program:         hmmsearch
# Version:         3.1b2 (February 2015)
# Pipeline mode:   SEARCH
# Query file:      /home/e1garcia/shotgun_PIRE/abyss/busco_downloads/lineages/actinopterygii_odb10/hmms/8910at7898.hmm
# Target file:     /home/e1garcia/shotgun_PIRE/pire_ssl_data_processing/plotosus_lineatus/busco_scaffolds_results-SPAdes_decontam_R1R2_noIsolate/run_actinopterygii_odb10/metaeuk_output/rerun_results/scaffolds.modified.fasta.modified.fas
# Option settings: hmmsearch --domtblout /home/e1garcia/shotgun_PIRE/pire_ssl_data_processing/plotosus_lineatus/busco_scaffolds_results-SPAdes_decontam_R1R2_noIsolate/run_actinopterygii_odb10/hmmer_output/rerun_results/8910at7898.out --cpu 1 /home/e1garcia/shotgun_PIRE/abyss/busco_downloads/lineages/actinopterygii_odb10/hmms/8910at7898.hmm /home/e1garcia/shotgun_PIRE/pire_ssl_data_processing/plotosus_lineatus/busco_scaffolds_results-SPAdes_decontam_R1R2_noIsolate/run_actinopterygii_odb10/metaeuk_output/rerun_results/scaffolds.modified.fasta.modified.fas 
# Current dir:     /home/e1garcia/shotgun_PIRE/pire_ssl_data_processing/plotosus_lineatus
# Date:            Fri Aug 20 14:39:51 2021
# [ok]
