#                                                                                                        --- full sequence --- -------------- this domain -------------   hmm coord   ali coord   env coord
# target name                                    accession   tlen query name           accession   qlen   E-value  score  bias   #  of  c-Evalue  i-Evalue  score  bias  from    to  from    to  from    to  acc description of target
#                            ------------------- ---------- ----- -------------------- ---------- ----- --------- ------ ----- --- --- --------- --------- ------ ----- ----- ----- ----- ----- ----- ----- ---- ---------------------
NODE_71245_length_4963_cov_32.118832:204-1173    -            183 98211at7898          -            234   1.5e-89  297.9   8.2   1   1     3e-91   1.8e-89  297.8   8.2     1   165     1   183     1   183 0.92 -
NODE_103146_length_3660_cov_22.862398:568-1946   -            273 98211at7898          -            234   4.7e-74  247.3   8.0   1   2     8e-76   4.7e-74  247.3   8.0     1   210     1   210     1   227 0.88 -
NODE_103146_length_3660_cov_22.862398:568-1946   -            273 98211at7898          -            234   4.7e-74  247.3   8.0   2   2       5.2   3.1e+02   -0.8   1.5   189   233   223   272   213   273 0.61 -
NODE_33770_length_7772_cov_33.683435:4710-6543   -            281 98211at7898          -            234     2e-62  209.2  11.1   1   2   1.9e-52   1.1e-50  170.8   4.9    23   170     1   150     1   157 0.82 -
NODE_33770_length_7772_cov_33.683435:4710-6543   -            281 98211at7898          -            234     2e-62  209.2  11.1   2   2   3.7e-13   2.2e-11   42.2   0.4   162   209   172   218   157   230 0.81 -
NODE_71532_length_4948_cov_22.784492:270-2028    -            175 98211at7898          -            234   8.2e-48  161.4   6.5   1   1   1.5e-49     9e-48  161.3   6.5     4   165     5   175     1   175 0.82 -
NODE_19374_length_9975_cov_23.546274:290-763     -            158 98211at7898          -            234   7.1e-22   76.5   0.5   1   1   1.4e-23   8.4e-22   76.3   0.5   117   182    47   112    42   151 0.82 -
NODE_188413_length_1709_cov_23.874534:256-624    -            123 98211at7898          -            234   2.2e-21   74.9   1.3   1   1   4.6e-23   2.7e-21   74.6   1.3   117   180    11    74     7    95 0.92 -
NODE_177708_length_1885_cov_20.879619:234-422    -             63 98211at7898          -            234     3e-20   71.2   0.8   1   1   5.2e-22   3.1e-20   71.2   0.8   125   176     1    50     1    61 0.84 -
NODE_139191_length_2650_cov_30.127793:861-1403   -            181 98211at7898          -            234   8.6e-19   66.4   0.9   1   2   1.5e-20   8.6e-19   66.4   0.9   118   182    14    78     9    91 0.89 -
NODE_139191_length_2650_cov_30.127793:861-1403   -            181 98211at7898          -            234   8.6e-19   66.4   0.9   2   2       5.1     3e+02   -0.8   0.3   193   210   131   148   110   166 0.58 -
NODE_179447_length_1856_cov_12.511098:825-1340   -            172 98211at7898          -            234   1.2e-18   66.0   0.6   1   2     2e-20   1.2e-18   66.0   0.6   109   179     8    78     2   106 0.82 -
NODE_179447_length_1856_cov_12.511098:825-1340   -            172 98211at7898          -            234   1.2e-18   66.0   0.6   2   2       1.8   1.1e+02    0.6   3.3    33    54   141   162   129   171 0.68 -
NODE_33611_length_7791_cov_24.434607:5299-5487   -             63 98211at7898          -            234     2e-18   65.2   1.0   1   1   3.5e-20   2.1e-18   65.2   1.0   120   178     3    61     1    63 0.95 -
NODE_94472_length_3961_cov_22.790782:752-1015    -             88 98211at7898          -            234   3.4e-18   64.4   0.1   1   1   6.4e-20   3.8e-18   64.3   0.1   122   194     5    77     1    87 0.85 -
NODE_34662_length_7665_cov_99.941581:4945-5550   -            202 98211at7898          -            234   3.6e-18   64.4   0.6   1   2   6.2e-20   3.6e-18   64.4   0.6   119   180    21    82     7    94 0.92 -
NODE_34662_length_7665_cov_99.941581:4945-5550   -            202 98211at7898          -            234   3.6e-18   64.4   0.6   2   2       3.4     2e+02   -0.2   3.7    50    87   116   152   110   168 0.67 -
NODE_252065_length_901_cov_17.105985:85-660      -            192 98211at7898          -            234   4.7e-18   64.0   0.6   1   1     8e-20   4.7e-18   64.0   0.6   121   183     5    67     1    85 0.88 -
NODE_193312_length_1636_cov_25.068315:217-441    -             75 98211at7898          -            234   6.6e-18   63.5   0.7   1   1   1.1e-19   6.6e-18   63.5   0.7   122   186     2    66     1    75 0.91 -
NODE_127398_length_2944_cov_21.283656:2257-2712  -            152 98211at7898          -            234   1.1e-17   62.8   0.1   1   1   1.9e-19   1.1e-17   62.8   0.1   104   188     7    92     1   130 0.80 -
NODE_30980_length_8096_cov_19.999750:6734-7390   -            219 98211at7898          -            234   9.3e-17   59.8   0.3   1   1   3.5e-18   2.1e-16   58.6   0.3   121   196   108   182    92   187 0.89 -
NODE_133869_length_2780_cov_33.606490:1387-1833  -            149 98211at7898          -            234   9.4e-17   59.7   0.2   1   1   2.1e-18   1.3e-16   59.3   0.1   123   199     2    81     1   125 0.78 -
NODE_242963_length_994_cov_11.665922:346-537     -             64 98211at7898          -            234   1.6e-16   59.0   1.8   1   1   2.8e-18   1.6e-16   59.0   1.8   122   179     3    60     1    64 0.95 -
NODE_153058_length_2345_cov_19.714159:1132-1632  -            167 98211at7898          -            234   2.4e-16   58.4   1.2   1   1   5.5e-18   3.2e-16   58.0   1.2   114   192    13    92     8   113 0.80 -
NODE_81660_length_4475_cov_19.079753:2701-2892   -             64 98211at7898          -            234   3.3e-16   58.0   2.1   1   1   6.3e-18   3.7e-16   57.8   2.1   120   178     3    61     1    63 0.96 -
NODE_54798_length_5932_cov_26.521858:4049-4593   -            147 98211at7898          -            234   3.9e-16   57.7   0.5   1   1   8.5e-18     5e-16   57.4   0.5   116   178     2    64     1    93 0.87 -
NODE_250185_length_919_cov_16.751220:221-448     -             76 98211at7898          -            234   4.8e-16   57.4   0.5   1   1   8.2e-18   4.8e-16   57.4   0.5   120   187     2    68     1    76 0.90 -
NODE_192136_length_1653_cov_14.193694:175-543    -            123 98211at7898          -            234     5e-16   57.4   2.1   1   1   1.1e-17   6.5e-16   57.0   2.1   119   178    11    70     4    81 0.93 -
NODE_322009_length_474_cov_3.594667:27-230       -             68 98211at7898          -            234   5.1e-16   57.4   0.7   1   1   8.8e-18   5.2e-16   57.3   0.7   120   184     2    65     1    68 0.94 -
NODE_149835_length_2410_cov_10.089139:1787-2182  -            132 98211at7898          -            234     8e-16   56.7   0.4   1   1   1.5e-17   8.8e-16   56.6   0.4   118   182    13    77     7   116 0.87 -
NODE_115188_length_3280_cov_28.245835:2491-2943  -            151 98211at7898          -            234     1e-15   56.4   0.5   1   1   2.2e-17   1.3e-15   56.0   0.5   117   179    32    94    16   107 0.91 -
NODE_248432_length_936_cov_19.915173:259-741     -            161 98211at7898          -            234   2.6e-15   55.0   0.5   1   1   6.3e-17   3.7e-15   54.5   0.5   117   182    13    78     9    93 0.92 -
NODE_136009_length_2727_cov_24.000761:2422-2616  -             65 98211at7898          -            234   3.8e-15   54.5   1.3   1   1   6.5e-17   3.8e-15   54.5   1.3   119   178     4    63     1    65 0.95 -
NODE_38378_length_7280_cov_20.972427:185-733     -            183 98211at7898          -            234     5e-15   54.1   2.4   1   1   1.5e-16   9.1e-15   53.3   2.4   125   185     1    61     1    89 0.82 -
NODE_171279_length_1998_cov_7.720906:956-1153    -             66 98211at7898          -            234   5.4e-15   54.0   1.8   1   1     1e-16   5.9e-15   53.9   1.8   122   180     5    63     2    66 0.95 -
NODE_105919_length_3569_cov_24.407781:2158-2631  -            158 98211at7898          -            234   6.1e-15   53.8   1.2   1   1   1.2e-16   7.2e-15   53.6   1.2   115   184    10    79     4   136 0.91 -
NODE_92734_length_4028_cov_25.772970:168-377     -             70 98211at7898          -            234     8e-15   53.4   0.7   1   1   1.5e-16   8.9e-15   53.3   0.7   125   186     7    68     3    70 0.94 -
NODE_37145_length_7400_cov_205.541844:114-530    -            139 98211at7898          -            234     1e-14   53.1   0.1   1   1   1.8e-16   1.1e-14   53.0   0.1   122   189    64   130    30   139 0.88 -
NODE_224382_length_1209_cov_13.023423:362-823    -            154 98211at7898          -            234   4.9e-14   50.8   0.9   1   1   8.4e-16   4.9e-14   50.8   0.9   118   181    15    78    10    92 0.93 -
NODE_120816_length_3119_cov_26.414238:2559-2810  -             84 98211at7898          -            234   8.2e-14   50.1   0.4   1   1   1.4e-15   8.5e-14   50.1   0.4   122   179     2    59     1    79 0.93 -
NODE_17723_length_10335_cov_46.228703:5587-6085  -             93 98211at7898          -            234   8.7e-14   50.0   0.2   1   1   1.5e-15   8.9e-14   50.0   0.2   114   178    27    90     8    93 0.92 -
NODE_192774_length_1644_cov_10.198058:1161-1418  -             86 98211at7898          -            234   2.8e-13   48.4   0.1   1   1   4.8e-15   2.8e-13   48.4   0.1   123   184     2    63     1    82 0.89 -
NODE_96164_length_3901_cov_26.366386:171-422     -             84 98211at7898          -            234   2.9e-13   48.3   0.3   1   1     5e-15     3e-13   48.3   0.3   125   184     1    60     1    79 0.90 -
NODE_33532_length_7800_cov_37.831970:264-458     -             65 98211at7898          -            234   4.5e-13   47.7   0.7   1   1   7.8e-15   4.6e-13   47.7   0.7   121   182     2    63     1    65 0.97 -
NODE_17048_length_10487_cov_36.307181:9215-9583  -            123 98211at7898          -            234   5.4e-13   47.4   0.1   1   1     1e-14     6e-13   47.3   0.1   123   206     2    90     1   109 0.78 -
NODE_17048_length_10487_cov_36.307181:433-657    -             75 98211at7898          -            234   6.7e-13   47.1   0.7   1   1   1.2e-14   7.1e-13   47.1   0.7   123   181     2    60     1    72 0.92 -
NODE_67213_length_5176_cov_35.789246:189-2250    -            212 98211at7898          -            234   8.7e-13   46.8   0.4   1   1   2.1e-14   1.2e-12   46.3   0.4   114   185    20    91     7   133 0.85 -
NODE_52714_length_6077_cov_30.411174:49-1295     -            213 98211at7898          -            234   1.5e-12   46.0   0.5   1   1   2.5e-14   1.5e-12   46.0   0.5   118   184    15    81    10   100 0.88 -
NODE_9896_length_12618_cov_30.803579:517-1572    -            208 98211at7898          -            234   2.1e-12   45.5   0.6   1   1   5.3e-14   3.1e-12   45.0   0.6   118   181    18    81    13   101 0.90 -
NODE_12414_length_11733_cov_27.023981:9672-9965  -             98 98211at7898          -            234   3.7e-12   44.7   1.3   1   1   7.2e-14   4.3e-12   44.5   1.3   120   180    36    96    30    98 0.95 -
NODE_147862_length_2451_cov_23.971514:309-554    -             82 98211at7898          -            234   4.2e-12   44.5   0.6   1   1   8.1e-14   4.8e-12   44.3   0.6   121   178    16    73     8    80 0.93 -
NODE_49334_length_6318_cov_29.462293:585-806     -             74 98211at7898          -            234   7.2e-12   43.8   0.3   1   1   1.3e-13   7.4e-12   43.7   0.3   125   181     1    57     1    72 0.88 -
NODE_3427_length_17044_cov_36.639304:11755-12982 -            202 98211at7898          -            234   7.8e-12   43.6   0.0   1   1   1.8e-13     1e-11   43.2   0.0   119   192     7    82     2   111 0.85 -
NODE_7433_length_13772_cov_33.662693:7923-8694   -            199 98211at7898          -            234   9.3e-12   43.4   1.1   1   1   1.9e-13   1.1e-11   43.2   0.2   118   191     6    81     2   111 0.79 -
NODE_83600_length_4391_cov_34.895853:532-1453    -            157 98211at7898          -            234   9.9e-12   43.3   0.6   1   1   1.9e-13   1.1e-11   43.2   0.6   117   201    54   140    10   149 0.86 -
NODE_165452_length_2103_cov_35.460080:1589-1783  -             65 98211at7898          -            234   1.8e-11   42.4   1.2   1   1   3.2e-13   1.9e-11   42.4   1.2   125   181     1    57     1    64 0.93 -
NODE_64965_length_5300_cov_34.716593:2900-3091   -             64 98211at7898          -            234     2e-11   42.3   0.4   1   1   3.5e-13   2.1e-11   42.3   0.4   125   185     1    61     1    64 0.91 -
NODE_555_length_25421_cov_31.304913:21023-25258  -            118 98211at7898          -            234   1.4e-10   39.5   2.3   1   1   2.5e-12   1.5e-10   39.5   1.6   117   178    54   115    47   118 0.94 -
NODE_78277_length_4625_cov_31.759832:2064-3433   -             67 98211at7898          -            234   1.7e-10   39.3   0.5   1   1     3e-12   1.8e-10   39.2   0.5   125   178     1    54     1    64 0.95 -
NODE_151477_length_2376_cov_26.671937:86-1214    -            197 98211at7898          -            234   2.5e-10   38.7   0.0   1   1   6.6e-12   3.9e-10   38.1   0.0   112   167   142   197   131   197 0.89 -
NODE_1612_length_20437_cov_34.356967:4469-5306   -            235 98211at7898          -            234     9e-10   36.9   0.0   1   1   2.8e-11   1.6e-09   36.1   0.0   109   180    21    91     5   108 0.87 -
NODE_116744_length_3233_cov_44.070198:2182-3194  -            142 98211at7898          -            234   6.1e-09   34.2   1.2   1   1   1.3e-10   7.9e-09   33.8   1.2   117   181     5    69     3   102 0.83 -
NODE_2506_length_18386_cov_23.083994:4697-14008  -             80 98211at7898          -            234   5.7e-08   31.0   1.3   1   1   1.2e-09   6.8e-08   30.8   1.3   119   180     9    70     5    79 0.92 -
NODE_606_length_24967_cov_33.288966:1623-2072    -            150 98211at7898          -            234   3.2e-07   28.5   0.2   1   2      0.14       8.5    4.3   0.0   152   178    13    39     8    53 0.81 -
NODE_606_length_24967_cov_33.288966:1623-2072    -            150 98211at7898          -            234   3.2e-07   28.5   0.2   2   2   3.7e-07   2.2e-05   22.6   0.1   121   182    79   140    62   148 0.91 -
NODE_260203_length_824_cov_18.379310:288-602     -            105 98211at7898          -            234   3.6e-06   25.1   0.1   1   1   8.2e-08   4.8e-06   24.7   0.1   116   169    38    91    28    98 0.89 -
NODE_188114_length_1713_cov_35.463445:568-1618   -            224 98211at7898          -            234   6.4e-06   24.3   0.2   1   1   1.7e-07   9.8e-06   23.7   0.2   116   193    90   167    82   179 0.89 -
NODE_50425_length_6239_cov_31.997068:1334-1933   -            200 98211at7898          -            234   1.2e-05   23.4   0.8   1   2       1.5        87    0.9   0.1   157   165    23    31    15    38 0.88 -
NODE_50425_length_6239_cov_31.997068:1334-1933   -            200 98211at7898          -            234   1.2e-05   23.4   0.8   2   2   1.2e-06   7.1e-05   20.9   0.1   111   177   134   200   124   200 0.93 -
NODE_51132_length_6186_cov_29.089042:65-1323     -            220 98211at7898          -            234   2.9e-05   22.2   3.5   1   1   1.5e-06     9e-05   20.5   3.5   114   167   167   220    75   220 0.91 -
NODE_98760_length_3807_cov_14.693635:998-1420    -            141 98211at7898          -            234   3.5e-05   21.9   0.0   1   1   7.1e-07   4.2e-05   21.6   0.0   119   183    55   118    34   139 0.79 -
NODE_74602_length_4800_cov_23.926611:1030-1542   -            171 98211at7898          -            234   5.2e-05   21.3   0.0   1   1   1.3e-06   7.4e-05   20.8   0.0   119   186    93   159    71   170 0.82 -
NODE_76478_length_4707_cov_30.641927:3204-4120   -            130 98211at7898          -            234   5.5e-05   21.2   0.0   1   1   1.2e-06   6.9e-05   20.9   0.0   117   166    80   129    65   130 0.91 -
NODE_38972_length_7224_cov_36.993404:5247-5585   -            113 98211at7898          -            234   0.00012   20.1   0.0   1   1     2e-06   0.00012   20.1   0.0   113   178    48   113    12   113 0.88 -
NODE_968_length_22571_cov_39.242302:11728-12204  -            159 98211at7898          -            234   0.00013   20.1   0.2   1   1   3.7e-06   0.00022   19.3   0.1   122   182     1    61     1    70 0.92 -
NODE_217300_length_1299_cov_29.587500:207-704    -            166 98211at7898          -            234    0.0011   17.0   0.4   1   2   1.8e-05    0.0011   17.0   0.4   164   200     2    37     1    40 0.69 -
NODE_217300_length_1299_cov_29.587500:207-704    -            166 98211at7898          -            234    0.0011   17.0   0.4   2   2       7.8   4.6e+02   -1.4   0.1   182   213    66    97    62   107 0.76 -
NODE_14235_length_11201_cov_23.095658:521-1015   -            165 98211at7898          -            234    0.0033   15.4   1.2   1   2   7.4e-05    0.0043   15.0   0.0   164   191     1    30     1    38 0.71 -
NODE_14235_length_11201_cov_23.095658:521-1015   -            165 98211at7898          -            234    0.0033   15.4   1.2   2   2       6.2   3.7e+02   -1.1   0.2    27    47    85   104    58   163 0.56 -
NODE_189870_length_1687_cov_19.365869:551-1348   -            266 98211at7898          -            234    0.0057   14.6   0.1   1   1   0.00016    0.0097   13.9   0.1   132   183    26    77    11    89 0.79 -
NODE_175828_length_1917_cov_11.647415:586-1903   -            117 98211at7898          -            234    0.0077   14.2   0.0   1   1   0.00015    0.0091   14.0   0.0   121   178    60   117    51   117 0.79 -
NODE_77575_length_4658_cov_16.201799:3391-4122   -            244 98211at7898          -            234    0.0082   14.1   0.4   1   1   0.00027     0.016   13.2   0.4   130   181    45    96    25   106 0.82 -
NODE_97986_length_3833_cov_15.411355:2038-2595   -            186 98211at7898          -            234    0.0087   14.0   0.0   1   1   0.00021     0.012   13.5   0.0   122   177   130   185   110   186 0.83 -
NODE_131367_length_2842_cov_18.440758:1463-1972  -            170 98211at7898          -            234     0.012   13.6   1.5   1   2    0.0013     0.079   10.9   0.0   165   184     1    20     1    40 0.87 -
NODE_131367_length_2842_cov_18.440758:1463-1972  -            170 98211at7898          -            234     0.012   13.6   1.5   2   2       0.8        47    1.8   0.4   191   226   132   165   111   169 0.72 -
NODE_187914_length_1716_cov_32.441558:1182-1520  -            113 98211at7898          -            234     0.014   13.3   0.1   1   1   0.00028     0.016   13.1   0.1   119   145    81   107    55   113 0.90 -
NODE_50321_length_6246_cov_35.472588:566-958     -            131 98211at7898          -            234      0.02   12.9   0.0   1   1   0.00054     0.032   12.2   0.0   129   174     1    46     1    58 0.92 -
NODE_51539_length_6158_cov_24.426473:3345-5049   -            205 98211at7898          -            234     0.035   12.1   0.0   1   1    0.0011     0.066   11.2   0.0   135   180   145   190   138   198 0.88 -
#
# Program:         hmmsearch
# Version:         3.1b2 (February 2015)
# Pipeline mode:   SEARCH
# Query file:      /home/e1garcia/shotgun_PIRE/abyss/busco_downloads/lineages/actinopterygii_odb10/hmms/98211at7898.hmm
# Target file:     /home/e1garcia/shotgun_PIRE/pire_ssl_data_processing/plotosus_lineatus/busco_scaffolds_results-SPAdes_decontam_R1R2_noIsolate/run_actinopterygii_odb10/metaeuk_output/rerun_results/scaffolds.modified.fasta.modified.fas
# Option settings: hmmsearch --domtblout /home/e1garcia/shotgun_PIRE/pire_ssl_data_processing/plotosus_lineatus/busco_scaffolds_results-SPAdes_decontam_R1R2_noIsolate/run_actinopterygii_odb10/hmmer_output/rerun_results/98211at7898.out --cpu 1 /home/e1garcia/shotgun_PIRE/abyss/busco_downloads/lineages/actinopterygii_odb10/hmms/98211at7898.hmm /home/e1garcia/shotgun_PIRE/pire_ssl_data_processing/plotosus_lineatus/busco_scaffolds_results-SPAdes_decontam_R1R2_noIsolate/run_actinopterygii_odb10/metaeuk_output/rerun_results/scaffolds.modified.fasta.modified.fas 
# Current dir:     /home/e1garcia/shotgun_PIRE/pire_ssl_data_processing/plotosus_lineatus
# Date:            Fri Aug 20 14:38:30 2021
# [ok]
