
Analysis complete for Par-CPas_076A_L3_1.fq.gz
Started analysis of Par-CPas_076A_L3_1.fq.gz
Approx 5% complete for Par-CPas_076A_L3_1.fq.gz
Approx 10% complete for Par-CPas_076A_L3_1.fq.gz
Approx 15% complete for Par-CPas_076A_L3_1.fq.gz
Approx 20% complete for Par-CPas_076A_L3_1.fq.gz
Approx 25% complete for Par-CPas_076A_L3_1.fq.gz
Approx 30% complete for Par-CPas_076A_L3_1.fq.gz
Approx 35% complete for Par-CPas_076A_L3_1.fq.gz
Approx 40% complete for Par-CPas_076A_L3_1.fq.gz
Approx 45% complete for Par-CPas_076A_L3_1.fq.gz
Approx 50% complete for Par-CPas_076A_L3_1.fq.gz
Approx 55% complete for Par-CPas_076A_L3_1.fq.gz
Approx 60% complete for Par-CPas_076A_L3_1.fq.gz
Approx 65% complete for Par-CPas_076A_L3_1.fq.gz
Approx 70% complete for Par-CPas_076A_L3_1.fq.gz
Approx 75% complete for Par-CPas_076A_L3_1.fq.gz
Approx 80% complete for Par-CPas_076A_L3_1.fq.gz
Approx 85% complete for Par-CPas_076A_L3_1.fq.gz
Approx 90% complete for Par-CPas_076A_L3_1.fq.gz
Approx 95% complete for Par-CPas_076A_L3_1.fq.gz
Analysis complete for Par-CPas_076A_L3_2.fq.gz
Started analysis of Par-CPas_076A_L3_2.fq.gz
Approx 5% complete for Par-CPas_076A_L3_2.fq.gz
Approx 10% complete for Par-CPas_076A_L3_2.fq.gz
Approx 15% complete for Par-CPas_076A_L3_2.fq.gz
Approx 20% complete for Par-CPas_076A_L3_2.fq.gz
Approx 25% complete for Par-CPas_076A_L3_2.fq.gz
Approx 30% complete for Par-CPas_076A_L3_2.fq.gz
Approx 35% complete for Par-CPas_076A_L3_2.fq.gz
Approx 40% complete for Par-CPas_076A_L3_2.fq.gz
Approx 45% complete for Par-CPas_076A_L3_2.fq.gz
Approx 50% complete for Par-CPas_076A_L3_2.fq.gz
Approx 55% complete for Par-CPas_076A_L3_2.fq.gz
Approx 60% complete for Par-CPas_076A_L3_2.fq.gz
Approx 65% complete for Par-CPas_076A_L3_2.fq.gz
Approx 70% complete for Par-CPas_076A_L3_2.fq.gz
Approx 75% complete for Par-CPas_076A_L3_2.fq.gz
Approx 80% complete for Par-CPas_076A_L3_2.fq.gz
Approx 85% complete for Par-CPas_076A_L3_2.fq.gz
Approx 90% complete for Par-CPas_076A_L3_2.fq.gz
Approx 95% complete for Par-CPas_076A_L3_2.fq.gz
Analysis complete for Par-CPas_076B_L3_1.fq.gz
Started analysis of Par-CPas_076B_L3_1.fq.gz
Approx 5% complete for Par-CPas_076B_L3_1.fq.gz
Approx 10% complete for Par-CPas_076B_L3_1.fq.gz
Approx 15% complete for Par-CPas_076B_L3_1.fq.gz
Approx 20% complete for Par-CPas_076B_L3_1.fq.gz
Approx 25% complete for Par-CPas_076B_L3_1.fq.gz
Approx 30% complete for Par-CPas_076B_L3_1.fq.gz
Approx 35% complete for Par-CPas_076B_L3_1.fq.gz
Approx 40% complete for Par-CPas_076B_L3_1.fq.gz
Approx 45% complete for Par-CPas_076B_L3_1.fq.gz
Approx 50% complete for Par-CPas_076B_L3_1.fq.gz
Approx 55% complete for Par-CPas_076B_L3_1.fq.gz
Approx 60% complete for Par-CPas_076B_L3_1.fq.gz
Approx 65% complete for Par-CPas_076B_L3_1.fq.gz
Approx 70% complete for Par-CPas_076B_L3_1.fq.gz
Approx 75% complete for Par-CPas_076B_L3_1.fq.gz
Approx 80% complete for Par-CPas_076B_L3_1.fq.gz
Approx 85% complete for Par-CPas_076B_L3_1.fq.gz
Approx 90% complete for Par-CPas_076B_L3_1.fq.gz
Approx 95% complete for Par-CPas_076B_L3_1.fq.gz
Analysis complete for Par-CPas_076B_L3_2.fq.gz
Started analysis of Par-CPas_076B_L3_2.fq.gz
Approx 5% complete for Par-CPas_076B_L3_2.fq.gz
Approx 10% complete for Par-CPas_076B_L3_2.fq.gz
Approx 15% complete for Par-CPas_076B_L3_2.fq.gz
Approx 20% complete for Par-CPas_076B_L3_2.fq.gz
Approx 25% complete for Par-CPas_076B_L3_2.fq.gz
Approx 30% complete for Par-CPas_076B_L3_2.fq.gz
Approx 35% complete for Par-CPas_076B_L3_2.fq.gz
Approx 40% complete for Par-CPas_076B_L3_2.fq.gz
Approx 45% complete for Par-CPas_076B_L3_2.fq.gz
Approx 50% complete for Par-CPas_076B_L3_2.fq.gz
Approx 55% complete for Par-CPas_076B_L3_2.fq.gz
Approx 60% complete for Par-CPas_076B_L3_2.fq.gz
Approx 65% complete for Par-CPas_076B_L3_2.fq.gz
Approx 70% complete for Par-CPas_076B_L3_2.fq.gz
Approx 75% complete for Par-CPas_076B_L3_2.fq.gz
Approx 80% complete for Par-CPas_076B_L3_2.fq.gz
Approx 85% complete for Par-CPas_076B_L3_2.fq.gz
Approx 90% complete for Par-CPas_076B_L3_2.fq.gz
Approx 95% complete for Par-CPas_076B_L3_2.fq.gz
Analysis complete for Par-CPas_076C_L3_1.fq.gz
Started analysis of Par-CPas_076C_L3_1.fq.gz
Approx 5% complete for Par-CPas_076C_L3_1.fq.gz
Approx 10% complete for Par-CPas_076C_L3_1.fq.gz
Approx 15% complete for Par-CPas_076C_L3_1.fq.gz
Approx 20% complete for Par-CPas_076C_L3_1.fq.gz
Approx 25% complete for Par-CPas_076C_L3_1.fq.gz
Approx 30% complete for Par-CPas_076C_L3_1.fq.gz
Approx 35% complete for Par-CPas_076C_L3_1.fq.gz
Approx 40% complete for Par-CPas_076C_L3_1.fq.gz
Approx 45% complete for Par-CPas_076C_L3_1.fq.gz
Approx 50% complete for Par-CPas_076C_L3_1.fq.gz
Approx 55% complete for Par-CPas_076C_L3_1.fq.gz
Approx 60% complete for Par-CPas_076C_L3_1.fq.gz
Approx 65% complete for Par-CPas_076C_L3_1.fq.gz
Approx 70% complete for Par-CPas_076C_L3_1.fq.gz
Approx 75% complete for Par-CPas_076C_L3_1.fq.gz
Approx 80% complete for Par-CPas_076C_L3_1.fq.gz
Approx 85% complete for Par-CPas_076C_L3_1.fq.gz
Approx 90% complete for Par-CPas_076C_L3_1.fq.gz
Approx 95% complete for Par-CPas_076C_L3_1.fq.gz
Analysis complete for Par-CPas_076C_L3_2.fq.gz
Started analysis of Par-CPas_076C_L3_2.fq.gz
Approx 5% complete for Par-CPas_076C_L3_2.fq.gz
Approx 10% complete for Par-CPas_076C_L3_2.fq.gz
Approx 15% complete for Par-CPas_076C_L3_2.fq.gz
Approx 20% complete for Par-CPas_076C_L3_2.fq.gz
Approx 25% complete for Par-CPas_076C_L3_2.fq.gz
Approx 30% complete for Par-CPas_076C_L3_2.fq.gz
Approx 35% complete for Par-CPas_076C_L3_2.fq.gz
Approx 40% complete for Par-CPas_076C_L3_2.fq.gz
Approx 45% complete for Par-CPas_076C_L3_2.fq.gz
Approx 50% complete for Par-CPas_076C_L3_2.fq.gz
Approx 55% complete for Par-CPas_076C_L3_2.fq.gz
Approx 60% complete for Par-CPas_076C_L3_2.fq.gz
Approx 65% complete for Par-CPas_076C_L3_2.fq.gz
Approx 70% complete for Par-CPas_076C_L3_2.fq.gz
Approx 75% complete for Par-CPas_076C_L3_2.fq.gz
Approx 80% complete for Par-CPas_076C_L3_2.fq.gz
Approx 85% complete for Par-CPas_076C_L3_2.fq.gz
Approx 90% complete for Par-CPas_076C_L3_2.fq.gz
Approx 95% complete for Par-CPas_076C_L3_2.fq.gz
[WARNING]         multiqc : MultiQC Version v1.12 now available!
[INFO   ]         multiqc : This is MultiQC v1.9
[INFO   ]         multiqc : Template    : default
[INFO   ]         multiqc : Searching   : /home/e1garcia/shotgun_PIRE/pire_ssl_data_processing/periophthalmus_argentilineatus/shotgun_raw_fq
[INFO   ]          fastqc : Found 6 reports
[INFO   ]         multiqc : Compressing plot data
[INFO   ]         multiqc : Report      : ../Multi_FASTQC/multiqc_report_fq.gz.html
[INFO   ]         multiqc : Data        : ../Multi_FASTQC/multiqc_report_fq.gz_data
[INFO   ]         multiqc : MultiQC complete
mv: cannot stat '*out': No such file or directory
