#                                                                                                        --- full sequence --- -------------- this domain -------------   hmm coord   ali coord   env coord
# target name                                    accession   tlen query name           accession   qlen   E-value  score  bias   #  of  c-Evalue  i-Evalue  score  bias  from    to  from    to  from    to  acc description of target
#                            ------------------- ---------- ----- -------------------- ---------- ----- --------- ------ ----- --- --- --------- --------- ------ ----- ----- ----- ----- ----- ----- ----- ---- ---------------------
NODE_76341_length_4626_cov_39.896399:1209-2511   -            137 105551at7898         -            221   4.5e-67  224.1   6.4   1   1   8.1e-69   6.3e-67  223.7   6.4   114   220    30   136    27   137 0.98 -
NODE_110905_length_3406_cov_31.863018:2172-2756  -            195 105551at7898         -            221   9.8e-10   36.6   0.4   1   1   1.7e-11   1.3e-09   36.2   0.4    59   119     3    61     1    79 0.76 -
NODE_119686_length_3164_cov_41.775530:759-1337   -            193 105551at7898         -            221   1.1e-09   36.5   1.0   1   2   1.4e-11   1.1e-09   36.5   1.0    61   108     1    48     1    83 0.88 -
NODE_119686_length_3164_cov_41.775530:759-1337   -            193 105551at7898         -            221   1.1e-09   36.5   1.0   2   2       6.8   5.2e+02   -1.7   0.1    95   106    87    98    74   111 0.68 -
NODE_13973_length_10740_cov_53.732168:858-1241   -            128 105551at7898         -            221   3.8e-09   34.7   1.6   1   1   4.9e-11   3.8e-09   34.7   1.6    60   110     2    52     1    78 0.90 -
NODE_146762_length_2528_cov_58.366406:343-837    -            165 105551at7898         -            221   8.4e-09   33.6   1.6   1   1   1.1e-10   8.4e-09   33.6   1.6    59   125     3    69     1    89 0.79 -
NODE_11019_length_11636_cov_66.850308:2183-2836  -            218 105551at7898         -            221   9.4e-09   33.4   0.5   1   1   2.4e-10   1.9e-08   32.4   0.5    60   106     2    47     1    66 0.90 -
NODE_71864_length_4831_cov_33.864117:3687-4277   -            197 105551at7898         -            221   1.3e-08   32.9   0.4   1   1   2.6e-10     2e-08   32.3   0.4    58   107     2    48     1    83 0.81 -
NODE_11223_length_11565_cov_102.689342:8429-9025 -            199 105551at7898         -            221   1.4e-08   32.9   2.6   1   2   1.8e-10   1.4e-08   32.9   2.6    58   107    11    60     6    66 0.94 -
NODE_11223_length_11565_cov_102.689342:8429-9025 -            199 105551at7898         -            221   1.4e-08   32.9   2.6   2   2       1.6   1.2e+02    0.4   0.3   101   141   120   162    74   175 0.62 -
NODE_288394_length_708_cov_16.527094:192-641     -            150 105551at7898         -            221   2.9e-08   31.8   1.1   1   1   5.4e-10   4.1e-08   31.3   1.1    61   127     1    64     1    89 0.80 -
NODE_51890_length_5944_cov_144.974850:2445-3029  -            195 105551at7898         -            221     3e-08   31.8   1.9   1   2     4e-10     3e-08   31.8   1.9    59   108    18    67    11   104 0.89 -
NODE_51890_length_5944_cov_144.974850:2445-3029  -            195 105551at7898         -            221     3e-08   31.8   1.9   2   2       1.9   1.5e+02    0.1   0.3    39    83    86   132    75   150 0.72 -
NODE_15177_length_10430_cov_36.031943:4632-8336  -            288 105551at7898         -            221   3.4e-08   31.6   0.0   1   1   5.7e-10   4.4e-08   31.2   0.0    58   127     5    71     2   116 0.89 -
NODE_69070_length_4963_cov_75.849507:2591-3040   -            150 105551at7898         -            221   5.4e-08   30.9   1.2   1   1     7e-10   5.4e-08   30.9   1.2    61   128     1    65     1    88 0.84 -
NODE_89958_length_4084_cov_23.435885:2080-2562   -            161 105551at7898         -            221   5.7e-08   30.9   0.7   1   1     1e-09   7.7e-08   30.4   0.7    59   126    10    74     6    95 0.83 -
NODE_141878_length_2635_cov_34.958991:1461-2054  -            198 105551at7898         -            221   8.2e-08   30.3   2.0   1   1   1.2e-09   9.2e-08   30.2   1.0    58   108     5    55     1    86 0.83 -
NODE_84016_length_4309_cov_31.176247:876-4193    -            291 105551at7898         -            221   9.4e-08   30.2   0.9   1   1   2.3e-09   1.8e-07   29.3   0.9    59   108     3    52     1    76 0.88 -
NODE_209711_length_1512_cov_15.436660:2-397      -            132 105551at7898         -            221   1.3e-07   29.7   4.4   1   1   2.7e-09   2.1e-07   29.0   4.4    59   140     3    82     1   102 0.80 -
NODE_58639_length_5522_cov_30.525355:5020-5355   -            112 105551at7898         -            221   1.6e-07   29.4   2.5   1   1   2.2e-09   1.7e-07   29.3   2.5    58   122     6    68     1   100 0.76 -
NODE_22829_length_8898_cov_28.233549:1405-1797   -            131 105551at7898         -            221   1.6e-07   29.4   1.9   1   1   3.3e-09   2.5e-07   28.8   1.9    60   108     2    50     1    66 0.93 -
NODE_157996_length_2311_cov_33.755425:630-1088   -            153 105551at7898         -            221   1.7e-07   29.3   2.9   1   1   2.6e-09     2e-07   29.1   2.9    59   126     2    69     1   101 0.79 -
NODE_24160_length_8677_cov_68.504663:2639-7204   -            407 105551at7898         -            221   3.1e-07   28.5   0.8   1   1   6.4e-09   4.9e-07   27.8   0.8    58   127     5    74     2    87 0.80 -
NODE_94713_length_3917_cov_16.681771:601-1155    -            185 105551at7898         -            221   3.3e-07   28.4   3.5   1   1   4.7e-09   3.6e-07   28.2   2.8    59   126     2    66     1   100 0.82 -
NODE_47362_length_6261_cov_36.489614:3447-4025   -            193 105551at7898         -            221   3.7e-07   28.2   0.7   1   1   8.4e-09   6.5e-07   27.4   0.7    58   106     5    53     2    80 0.93 -
NODE_159192_length_2288_cov_18.692097:730-1179   -            150 105551at7898         -            221   3.8e-07   28.2   1.8   1   1     6e-09   4.6e-07   27.9   1.8    61   125     1    65     1    94 0.81 -
NODE_115425_length_3278_cov_36.639824:222-785    -            188 105551at7898         -            221   4.4e-07   28.0   5.1   1   2   5.7e-09   4.4e-07   28.0   5.1    58   118    16    77     7   107 0.77 -
NODE_115425_length_3278_cov_36.639824:222-785    -            188 105551at7898         -            221   4.4e-07   28.0   5.1   2   2       6.3   4.9e+02   -1.6   0.1    59    89   102   123    82   137 0.55 -
NODE_58118_length_5554_cov_27.054079:389-739     -            117 105551at7898         -            221   6.4e-07   27.4   0.7   1   1     1e-08   7.7e-07   27.2   0.7    58   107     3    49     1    77 0.91 -
NODE_160258_length_2268_cov_34.285846:433-1002   -            190 105551at7898         -            221   6.9e-07   27.3   2.8   1   2     9e-09   6.9e-07   27.3   2.8    58   105    15    60     7    86 0.89 -
NODE_160258_length_2268_cov_34.285846:433-1002   -            190 105551at7898         -            221   6.9e-07   27.3   2.8   2   2       7.9   6.1e+02   -1.9   0.0    60    82   117   139   104   149 0.78 -
NODE_38240_length_7017_cov_49.686181:1383-6744   -            513 105551at7898         -            221   7.1e-07   27.3   1.8   1   1   1.8e-08   1.4e-06   26.3   1.8    58   108     5    55     2    64 0.91 -
NODE_133570_length_2823_cov_15.929148:1153-1611  -            153 105551at7898         -            221   1.5e-06   26.2   1.1   1   1   2.5e-08   1.9e-06   25.9   1.1    59   125     2    68     1    88 0.78 -
NODE_194086_length_1722_cov_19.382009:897-1346   -            150 105551at7898         -            221   1.5e-06   26.2   0.8   1   1   2.5e-08   1.9e-06   25.9   0.8    61   126     1    66     1    95 0.81 -
NODE_113439_length_3333_cov_35.871676:936-1289   -            118 105551at7898         -            221   1.7e-06   26.1   3.9   1   1   2.6e-08     2e-06   25.8   3.9    58   106     1    46     1    70 0.93 -
NODE_198647_length_1659_cov_18.935256:47-505     -            153 105551at7898         -            221   1.9e-06   25.9   2.3   1   1   3.3e-08   2.5e-06   25.5   2.3    59   125     2    68     1    83 0.79 -
NODE_88956_length_4119_cov_62.350249:2157-2621   -            155 105551at7898         -            221   2.1e-06   25.7   3.0   1   2   2.7e-08   2.1e-06   25.7   3.0    59   124     3    68     1    85 0.81 -
NODE_88956_length_4119_cov_62.350249:2157-2621   -            155 105551at7898         -            221   2.1e-06   25.7   3.0   2   2       9.7   7.4e+02   -2.2   0.2    32    63   102   134    88   154 0.50 -
NODE_39372_length_6913_cov_92.282066:4172-4741   -            190 105551at7898         -            221   2.4e-06   25.5   3.1   1   2   3.2e-08   2.4e-06   25.5   3.1    59   106     3    47     1    69 0.85 -
NODE_39372_length_6913_cov_92.282066:4172-4741   -            190 105551at7898         -            221   2.4e-06   25.5   3.1   2   2     0.073       5.6    4.7   1.6    43    83    72   114    53   126 0.72 -
NODE_44775_length_6453_cov_58.633302:2901-3437   -            179 105551at7898         -            221     3e-06   25.2   2.1   1   2   3.9e-08     3e-06   25.2   2.1    59   120     3    61     1    84 0.77 -
NODE_44775_length_6453_cov_58.633302:2901-3437   -            179 105551at7898         -            221     3e-06   25.2   2.1   2   2       8.8   6.7e+02   -2.1   0.2    32    64   102   135    90   163 0.50 -
NODE_134429_length_2803_cov_23.880547:2104-2700  -            199 105551at7898         -            221   3.3e-06   25.1   0.8   1   2   4.3e-08   3.3e-06   25.1   0.8    61   108     1    48     1    69 0.91 -
NODE_134429_length_2803_cov_23.880547:2104-2700  -            199 105551at7898         -            221   3.3e-06   25.1   0.8   2   2       5.1   3.9e+02   -1.3   0.1    53    65    95   107    51   116 0.61 -
NODE_90294_length_4071_cov_38.121853:3618-4070   -            151 105551at7898         -            221   7.1e-06   24.0   1.2   1   1   1.1e-07   8.5e-06   23.7   0.5    63   127     1    62     1    84 0.83 -
NODE_77390_length_4581_cov_45.842704:730-1116    -            129 105551at7898         -            221   7.1e-06   24.0   1.6   1   1   1.3e-07     1e-05   23.5   1.6    58   106     1    46     1    74 0.92 -
NODE_12966_length_11022_cov_36.094205:4297-6195  -            329 105551at7898         -            221   9.1e-06   23.7   0.5   1   1   1.2e-07   9.1e-06   23.7   0.5    59   104     4    46     1    72 0.85 -
NODE_47777_length_6232_cov_30.596282:850-5412    -            402 105551at7898         -            221   9.9e-06   23.5   0.7   1   1   2.7e-07   2.1e-05   22.5   0.7    59   108     3    49     1    73 0.86 -
NODE_34499_length_7386_cov_32.851105:629-4287    -            326 105551at7898         -            221   1.1e-05   23.4   0.8   1   1   2.5e-07     2e-05   22.6   0.8    57   106    13    59     4    75 0.90 -
NODE_14363_length_10634_cov_28.399241:2600-5565  -            326 105551at7898         -            221   1.6e-05   22.9   1.2   1   1   3.1e-07   2.4e-05   22.3   1.2    58   108     2    49     1    61 0.91 -
NODE_113288_length_3338_cov_18.253782:182-2287   -            280 105551at7898         -            221   1.9e-05   22.6   1.3   1   1   3.6e-07   2.8e-05   22.1   1.3    58   106     2    47     1    70 0.90 -
NODE_24003_length_8702_cov_36.184006:6065-6463   -            133 105551at7898         -            221   2.8e-05   22.1   1.3   1   1   3.6e-07   2.8e-05   22.1   1.3    58   105     1    45     1    70 0.89 -
NODE_35210_length_7315_cov_34.034645:2765-3337   -            191 105551at7898         -            221   3.1e-05   21.9   3.5   1   2     4e-07   3.1e-05   21.9   3.5    60   106     1    47     1    64 0.95 -
NODE_35210_length_7315_cov_34.034645:2765-3337   -            191 105551at7898         -            221   3.1e-05   21.9   3.5   2   2       1.6   1.2e+02    0.3   0.1   108   140   117   149    66   161 0.67 -
NODE_76584_length_4616_cov_30.507195:3819-4409   -            197 105551at7898         -            221   0.00014   19.8   4.0   1   1   2.6e-06    0.0002   19.2   4.0    61   108     1    45     1    76 0.85 -
NODE_104799_length_3589_cov_44.806877:1431-2861  -            477 105551at7898         -            221   0.00028   18.8   0.5   1   1   5.9e-06   0.00045   18.1   0.5    57   104    12    59     3    81 0.88 -
NODE_34279_length_7408_cov_32.693939:4078-4431   -            118 105551at7898         -            221   0.00045   18.1   2.7   1   1   7.8e-06    0.0006   17.7   2.7    58   103    14    55     6    62 0.83 -
NODE_63282_length_5263_cov_31.357862:961-1806    -            282 105551at7898         -            221   0.00086   17.2   2.1   1   2   1.1e-05   0.00086   17.2   2.1    58   132     4    86     2    95 0.79 -
NODE_63282_length_5263_cov_31.357862:961-1806    -            282 105551at7898         -            221   0.00086   17.2   2.1   2   2       5.8   4.5e+02   -1.5   0.0    68   108    93   136    72   145 0.68 -
NODE_3156_length_16347_cov_40.479444:9646-12190  -            151 105551at7898         -            221     0.001   17.0   0.4   1   1     2e-05    0.0016   16.3   0.4    54   105    19    81     4    92 0.68 -
NODE_104869_length_3587_cov_33.966743:343-726    -            128 105551at7898         -            221    0.0013   16.6   2.9   1   2   1.7e-05    0.0013   16.6   2.9    58    88     7    37     3    58 0.85 -
NODE_104869_length_3587_cov_33.966743:343-726    -            128 105551at7898         -            221    0.0013   16.6   2.9   2   2       2.6     2e+02   -0.4   0.1    30    55    66    89    47   123 0.60 -
NODE_13917_length_10754_cov_34.893383:4194-4808  -            205 105551at7898         -            221    0.0015   16.4   0.2   1   1   2.8e-05    0.0022   15.9   0.2    58   109     6    62     2    90 0.82 -
NODE_36138_length_7225_cov_31.140752:1019-3441   -            235 105551at7898         -            221    0.0017   16.2   0.2   1   1   3.6e-05    0.0028   15.5   0.2    74   106    57    89    49    94 0.91 -
NODE_178332_length_1961_cov_32.845328:302-1219   -            306 105551at7898         -            221    0.0021   15.9   0.3   1   1   5.2e-05     0.004   15.0   0.3    57   109    15    72     2    91 0.79 -
NODE_137142_length_2740_cov_29.602802:1120-1575  -            152 105551at7898         -            221    0.0028   15.5   1.5   1   1   3.6e-05    0.0028   15.5   1.5    59   127     3    69     1    82 0.75 -
NODE_18040_length_9766_cov_38.311989:6396-7769   -            217 105551at7898         -            221    0.0036   15.2   0.2   1   1   7.8e-05     0.006   14.4   0.2    74   106    73   105    62   110 0.90 -
NODE_44520_length_6474_cov_43.918431:2117-5906   -            411 105551at7898         -            221     0.012   13.5   7.3   1   1    0.0004     0.031   12.1   7.3    58   129     8    77     4   111 0.75 -
NODE_138351_length_2712_cov_36.578645:1348-1857  -            170 105551at7898         -            221     0.015   13.2   0.9   1   1   0.00029     0.022   12.6   0.9    53    88   123   158    91   170 0.84 -
NODE_111213_length_3396_cov_37.270246:828-1706   -            293 105551at7898         -            221     0.015   13.1   0.8   1   2    0.0002     0.015   13.1   0.8    58   109     2    60     1    64 0.78 -
NODE_111213_length_3396_cov_37.270246:828-1706   -            293 105551at7898         -            221     0.015   13.1   0.8   2   2         2   1.6e+02    0.0   0.5    45    92    75   123    69   144 0.65 -
NODE_41969_length_6682_cov_41.529242:3710-4153   -            148 105551at7898         -            221     0.024   12.5   4.0   1   1   0.00032     0.025   12.4   3.8    57   105    13    59     2   129 0.85 -
NODE_17608_length_9863_cov_26.980438:1291-1986   -            232 105551at7898         -            221       3.7    5.3   9.7   1   1   0.00021     0.016   13.0   0.8    57   109     7    66     2    99 0.81 -
#
# Program:         hmmsearch
# Version:         3.1b2 (February 2015)
# Pipeline mode:   SEARCH
# Query file:      /home/e1garcia/shotgun_PIRE/abyss/busco_downloads/lineages/actinopterygii_odb10/hmms/105551at7898.hmm
# Target file:     /home/e1garcia/shotgun_PIRE/pire_ssl_data_processing/plotosus_lineatus/busco_contigs_results-SPAdes_decontam_R1R2_noIsolate/run_actinopterygii_odb10/metaeuk_output/rerun_results/contigs.modified.fasta.modified.fas
# Option settings: hmmsearch --domtblout /home/e1garcia/shotgun_PIRE/pire_ssl_data_processing/plotosus_lineatus/busco_contigs_results-SPAdes_decontam_R1R2_noIsolate/run_actinopterygii_odb10/hmmer_output/rerun_results/105551at7898.out --cpu 1 /home/e1garcia/shotgun_PIRE/abyss/busco_downloads/lineages/actinopterygii_odb10/hmms/105551at7898.hmm /home/e1garcia/shotgun_PIRE/pire_ssl_data_processing/plotosus_lineatus/busco_contigs_results-SPAdes_decontam_R1R2_noIsolate/run_actinopterygii_odb10/metaeuk_output/rerun_results/contigs.modified.fasta.modified.fas 
# Current dir:     /home/e1garcia/shotgun_PIRE/pire_ssl_data_processing/plotosus_lineatus
# Date:            Fri Aug 20 14:34:44 2021
# [ok]
