#                                                                                                       --- full sequence --- -------------- this domain -------------   hmm coord   ali coord   env coord
# target name                                   accession   tlen query name           accession   qlen   E-value  score  bias   #  of  c-Evalue  i-Evalue  score  bias  from    to  from    to  from    to  acc description of target
#                           ------------------- ---------- ----- -------------------- ---------- ----- --------- ------ ----- --- --- --------- --------- ------ ----- ----- ----- ----- ----- ----- ----- ---- ---------------------
NODE_27625_length_8184_cov_34.588250:164-1126   -            112 121539at7898         -            187   6.4e-34  115.2   4.9   1   2   3.4e-30   5.3e-27   92.7   1.3    79   140     1    63     1    65 0.95 -
NODE_27625_length_8184_cov_34.588250:164-1126   -            112 121539at7898         -            187   6.4e-34  115.2   4.9   2   2   9.9e-10   1.5e-06   25.9   0.2   160   183    62    85    58    88 0.90 -
NODE_62156_length_5322_cov_449.834386:1526-3514 -            137 121539at7898         -            187   1.8e-32  110.5  10.2   1   2   8.5e-15   1.3e-11   42.5   0.2     1    39     7    45     7    50 0.96 -
NODE_62156_length_5322_cov_449.834386:1526-3514 -            137 121539at7898         -            187   1.8e-32  110.5  10.2   2   2     4e-24   6.2e-21   72.9   5.9    71   162    44   136    43   137 0.91 -
NODE_94412_length_3926_cov_34.787039:866-3673   -            359 121539at7898         -            187     0.078   10.6   9.7   1   3    0.0001      0.16    9.6   0.4   153   179   185   211   174   217 0.87 -
NODE_94412_length_3926_cov_34.787039:866-3673   -            359 121539at7898         -            187     0.078   10.6   9.7   2   3    0.0039         6    4.4   0.2   147   183   264   300   238   303 0.84 -
NODE_94412_length_3926_cov_34.787039:866-3673   -            359 121539at7898         -            187     0.078   10.6   9.7   3   3     0.035        54    1.3   0.5    71   100   304   333   300   354 0.84 -
#
# Program:         hmmsearch
# Version:         3.1b2 (February 2015)
# Pipeline mode:   SEARCH
# Query file:      /home/e1garcia/shotgun_PIRE/abyss/busco_downloads/lineages/actinopterygii_odb10/hmms/121539at7898.hmm
# Target file:     /home/e1garcia/shotgun_PIRE/pire_ssl_data_processing/plotosus_lineatus/busco_contigs_results-SPAdes_decontam_R1R2_noIsolate/run_actinopterygii_odb10/metaeuk_output/rerun_results/contigs.modified.fasta.modified.fas
# Option settings: hmmsearch --domtblout /home/e1garcia/shotgun_PIRE/pire_ssl_data_processing/plotosus_lineatus/busco_contigs_results-SPAdes_decontam_R1R2_noIsolate/run_actinopterygii_odb10/hmmer_output/rerun_results/121539at7898.out --cpu 1 /home/e1garcia/shotgun_PIRE/abyss/busco_downloads/lineages/actinopterygii_odb10/hmms/121539at7898.hmm /home/e1garcia/shotgun_PIRE/pire_ssl_data_processing/plotosus_lineatus/busco_contigs_results-SPAdes_decontam_R1R2_noIsolate/run_actinopterygii_odb10/metaeuk_output/rerun_results/contigs.modified.fasta.modified.fas 
# Current dir:     /home/e1garcia/shotgun_PIRE/pire_ssl_data_processing/plotosus_lineatus
# Date:            Fri Aug 20 14:37:54 2021
# [ok]
