#                                                                                                        --- full sequence --- -------------- this domain -------------   hmm coord   ali coord   env coord
# target name                                    accession   tlen query name           accession   qlen   E-value  score  bias   #  of  c-Evalue  i-Evalue  score  bias  from    to  from    to  from    to  acc description of target
#                            ------------------- ---------- ----- -------------------- ---------- ----- --------- ------ ----- --- --- --------- --------- ------ ----- ----- ----- ----- ----- ----- ----- ---- ---------------------
NODE_3557_length_15891_cov_38.354610:5248-8639   -            739 25470at7898          -            682  8.9e-139  461.6  45.1   1   6     1e-13   9.8e-12   41.8   0.2   102   177     1    78     1    96 0.81 -
NODE_3557_length_15891_cov_38.354610:5248-8639   -            739 25470at7898          -            682  8.9e-139  461.6  45.1   2   6   1.6e-22   1.6e-20   70.8   0.2   175   245   146   225   120   236 0.81 -
NODE_3557_length_15891_cov_38.354610:5248-8639   -            739 25470at7898          -            682  8.9e-139  461.6  45.1   3   6   4.1e-05     0.004   13.3   1.5   223   263   238   278   227   282 0.89 -
NODE_3557_length_15891_cov_38.354610:5248-8639   -            739 25470at7898          -            682  8.9e-139  461.6  45.1   4   6   1.2e-14   1.1e-12   44.9   5.8   254   300   317   367   308   423 0.85 -
NODE_3557_length_15891_cov_38.354610:5248-8639   -            739 25470at7898          -            682  8.9e-139  461.6  45.1   5   6   2.4e-62   2.3e-60  202.5   6.9   308   476   442   628   431   645 0.85 -
NODE_3557_length_15891_cov_38.354610:5248-8639   -            739 25470at7898          -            682  8.9e-139  461.6  45.1   6   6   2.3e-34   2.2e-32  110.0   0.1   531   598   665   732   655   739 0.87 -
NODE_3000_length_16569_cov_31.751973:9869-10894  -            342 25470at7898          -            682   4.3e-31  105.7   8.9   1   4   1.9e-09   1.8e-07   27.7   0.0    38   127    27   113     2   117 0.83 -
NODE_3000_length_16569_cov_31.751973:9869-10894  -            342 25470at7898          -            682   4.3e-31  105.7   8.9   2   4     3e-15   2.9e-13   46.9   0.3     9   125    97   211    93   217 0.91 -
NODE_3000_length_16569_cov_31.751973:9869-10894  -            342 25470at7898          -            682   4.3e-31  105.7   8.9   3   4   6.9e-10   6.6e-08   29.1   0.2    32   118   220   303   213   308 0.87 -
NODE_3000_length_16569_cov_31.751973:9869-10894  -            342 25470at7898          -            682   4.3e-31  105.7   8.9   4   4   0.00011     0.011   11.9   0.0    54    90   305   341   300   342 0.91 -
NODE_552_length_23726_cov_56.450629:5341-6441    -            367 25470at7898          -            682   5.3e-27   92.2   7.5   1   3   6.2e-10     6e-08   29.3   0.4     4   132     2   127     1   131 0.88 -
NODE_552_length_23726_cov_56.450629:5341-6441    -            367 25470at7898          -            682   5.3e-27   92.2   7.5   2   3     8e-13   7.7e-11   38.8   0.4    14   129   111   225   109   234 0.87 -
NODE_552_length_23726_cov_56.450629:5341-6441    -            367 25470at7898          -            682   5.3e-27   92.2   7.5   3   3   1.4e-11   1.3e-09   34.7   0.2     4   134   236   364   233   366 0.89 -
NODE_4045_length_15369_cov_38.484086:3003-4001   -            333 25470at7898          -            682   4.4e-25   85.9   3.4   1   4     1e-06   9.8e-05   18.6   0.1    50   108    28    86     1    92 0.81 -
NODE_4045_length_15369_cov_38.484086:3003-4001   -            333 25470at7898          -            682   4.4e-25   85.9   3.4   2   4   8.5e-15   8.2e-13   45.3   0.1     7   129    87   206    84   210 0.92 -
NODE_4045_length_15369_cov_38.484086:3003-4001   -            333 25470at7898          -            682   4.4e-25   85.9   3.4   3   4   3.2e-05     0.003   13.7   0.0    53   106   196   249   194   259 0.93 -
NODE_4045_length_15369_cov_38.484086:3003-4001   -            333 25470at7898          -            682   4.4e-25   85.9   3.4   4   4   1.3e-07   1.3e-05   21.6   0.1     6   123   218   332   213   333 0.91 -
NODE_20722_length_9255_cov_34.523373:5332-6360   -            343 25470at7898          -            682   1.8e-23   80.5   2.6   1   4   1.7e-08   1.6e-06   24.5   0.2    12   111     9   105     1   109 0.89 -
NODE_20722_length_9255_cov_34.523373:5332-6360   -            343 25470at7898          -            682   1.8e-23   80.5   2.6   2   4   5.7e-06   0.00054   16.2   0.0    50    97   118   165   103   178 0.73 -
NODE_20722_length_9255_cov_34.523373:5332-6360   -            343 25470at7898          -            682   1.8e-23   80.5   2.6   3   4   1.3e-10   1.2e-08   31.5   0.2     6   124   179   296   174   300 0.89 -
NODE_20722_length_9255_cov_34.523373:5332-6360   -            343 25470at7898          -            682   1.8e-23   80.5   2.6   4   4   0.00089     0.086    8.9   0.0    53   104   291   342   286   343 0.93 -
NODE_129609_length_2914_cov_32.075666:771-2216   -            259 25470at7898          -            682   3.4e-22   76.3   5.9   1   3   5.5e-09   5.3e-07   26.1   0.1    16    78    25    83    10    86 0.86 -
NODE_129609_length_2914_cov_32.075666:771-2216   -            259 25470at7898          -            682   3.4e-22   76.3   5.9   2   3   6.9e-17   6.7e-15   52.2   0.5     5   120    46   159    43   168 0.90 -
NODE_129609_length_2914_cov_32.075666:771-2216   -            259 25470at7898          -            682   3.4e-22   76.3   5.9   3   3   3.7e-05    0.0035   13.5   0.0    53   108   166   221   157   235 0.89 -
NODE_10516_length_11804_cov_29.004870:4583-5770  -            396 25470at7898          -            682   2.7e-21   73.3   5.4   1   5    0.0026      0.25    7.4   0.0    57   111     2    56     2    63 0.94 -
NODE_10516_length_11804_cov_29.004870:4583-5770  -            396 25470at7898          -            682   2.7e-21   73.3   5.4   2   5   5.2e-09     5e-07   26.2   0.1     5   111    19   123    15   128 0.89 -
NODE_10516_length_11804_cov_29.004870:4583-5770  -            396 25470at7898          -            682   2.7e-21   73.3   5.4   3   5   5.3e-08   5.1e-06   22.9   0.1    52   114   130   192   123   198 0.93 -
NODE_10516_length_11804_cov_29.004870:4583-5770  -            396 25470at7898          -            682   2.7e-21   73.3   5.4   4   5   0.00013     0.012   11.7   0.1     8   111   188   288   186   293 0.86 -
NODE_10516_length_11804_cov_29.004870:4583-5770  -            396 25470at7898          -            682   2.7e-21   73.3   5.4   5   5   1.3e-05    0.0012   15.0   0.0    49   143   292   390   285   394 0.75 -
NODE_20722_length_9255_cov_34.523373:5953-6831   -            293 25470at7898          -            682   4.2e-21   72.8   0.7   1   4     1e-06   9.8e-05   18.6   0.1    37   127     3    92     1   100 0.85 -
NODE_20722_length_9255_cov_34.523373:5953-6831   -            293 25470at7898          -            682   4.2e-21   72.8   0.7   2   4   0.00039     0.037   10.1   0.0    53   105    84   136    79   142 0.92 -
NODE_20722_length_9255_cov_34.523373:5953-6831   -            293 25470at7898          -            682   4.2e-21   72.8   0.7   3   4   1.6e-09   1.5e-07   27.9   0.0     4   123   104   221   101   231 0.83 -
NODE_20722_length_9255_cov_34.523373:5953-6831   -            293 25470at7898          -            682   4.2e-21   72.8   0.7   4   4   1.5e-07   1.5e-05   21.4   0.0    61   126   226   292   214   293 0.86 -
NODE_68067_length_5013_cov_29.526048:2685-4541   -            356 25470at7898          -            682   6.3e-19   65.5   9.1   1   3     6e-09   5.8e-07   26.0   0.3     3    78    12    83    10    85 0.90 -
NODE_68067_length_5013_cov_29.526048:2685-4541   -            356 25470at7898          -            682   6.3e-19   65.5   9.1   2   3   5.8e-13   5.5e-11   39.3   0.5     5   118    46   156    43   160 0.89 -
NODE_68067_length_5013_cov_29.526048:2685-4541   -            356 25470at7898          -            682   6.3e-19   65.5   9.1   3   3   5.1e-07   4.9e-05   19.6   0.1    50   108   165   223   153   236 0.90 -
NODE_28509_length_8071_cov_48.009032:969-6545    -            337 25470at7898          -            682   5.8e-18   62.4   2.0   1   2   7.8e-16   7.5e-14   48.8   0.4     5   111   154   256   150   263 0.92 -
NODE_28509_length_8071_cov_48.009032:969-6545    -            337 25470at7898          -            682   5.8e-18   62.4   2.0   2   2   5.4e-05    0.0052   12.9   0.1    46   109   265   328   258   335 0.88 -
NODE_10405_length_11838_cov_53.144135:297-863    -            189 25470at7898          -            682   3.2e-17   59.9   0.0   1   2   2.2e-12   2.1e-10   37.4   0.0    34   142    15   124     3   131 0.78 -
NODE_10405_length_11838_cov_53.144135:297-863    -            189 25470at7898          -            682   3.2e-17   59.9   0.0   2   2   1.9e-07   1.8e-05   21.0   0.0    55   109   132   187   125   189 0.90 -
NODE_32947_length_7553_cov_37.309364:5502-5900   -            133 25470at7898          -            682   2.5e-16   56.9   0.0   1   2   4.3e-12   4.2e-10   36.4   0.0    46   128    15    97     6    98 0.90 -
NODE_32947_length_7553_cov_37.309364:5502-5900   -            133 25470at7898          -            682   2.5e-16   56.9   0.0   2   2   1.4e-08   1.4e-06   24.8   0.0    51   108    53   110    49   116 0.94 -
NODE_7570_length_12977_cov_40.875602:4711-5052   -            114 25470at7898          -            682   7.5e-11   38.9   0.1   1   1   8.3e-13   7.9e-11   38.8   0.1    31   115    22   106     2   114 0.74 -
NODE_126014_length_3001_cov_28.849414:1884-2545  -            128 25470at7898          -            682   1.1e-10   38.3   0.2   1   2      0.37        36    0.3   0.0    75    96     2    23     1    35 0.79 -
NODE_126014_length_3001_cov_28.849414:1884-2545  -            128 25470at7898          -            682   1.1e-10   38.3   0.2   2   2   4.5e-12   4.3e-10   36.3   0.1    14   103    42   128    30   128 0.87 -
NODE_5952_length_13905_cov_29.547878:1768-5589   -            112 25470at7898          -            682   1.2e-10   38.2   0.2   1   2   5.4e-08   5.2e-06   22.9   0.0    52    99     6    53     2    56 0.93 -
NODE_5952_length_13905_cov_29.547878:1768-5589   -            112 25470at7898          -            682   1.2e-10   38.2   0.2   2   2   1.2e-05    0.0012   15.0   0.1     5    66    52   111    49   112 0.84 -
NODE_1275_length_20131_cov_43.979583:15286-15843 -            186 25470at7898          -            682   6.4e-10   35.8   0.6   1   2   1.7e-08   1.6e-06   24.5   0.1     6   114    50   155    45   160 0.88 -
NODE_1275_length_20131_cov_43.979583:15286-15843 -            186 25470at7898          -            682   6.4e-10   35.8   0.6   2   2   2.7e-05    0.0026   13.9   0.1    20    79   130   186   128   186 0.79 -
NODE_61826_length_5341_cov_34.851011:2908-3660   -            251 25470at7898          -            682   2.1e-09   34.1   0.5   1   2   3.1e-09     3e-07   27.0   0.1     6   101    46   138    41   149 0.93 -
NODE_61826_length_5341_cov_34.851011:2908-3660   -            251 25470at7898          -            682   2.1e-09   34.1   0.5   2   2     0.018       1.7    4.6   0.0    51    96   163   218   158   233 0.65 -
NODE_13065_length_10994_cov_36.057458:9454-9753  -            100 25470at7898          -            682     6e-09   32.6   0.0   1   1   6.6e-11   6.4e-09   32.5   0.0     9    90    20    98    14   100 0.89 -
NODE_67850_length_5024_cov_31.899492:2060-2422   -            121 25470at7898          -            682   8.4e-09   32.1   0.0   1   1   8.9e-11   8.6e-09   32.1   0.0    34   113    28   111    10   121 0.79 -
NODE_101880_length_3680_cov_31.234292:460-831    -            124 25470at7898          -            682   8.9e-09   32.0   0.1   1   1   9.7e-11   9.4e-09   31.9   0.1     6   119     2   119     1   124 0.82 -
NODE_135491_length_2778_cov_27.580440:780-1127   -            116 25470at7898          -            682   1.9e-08   30.9   0.0   1   1   2.1e-10   2.1e-08   30.8   0.0    55   123    11    79     4    99 0.89 -
NODE_86575_length_4206_cov_109.858047:791-1096   -            102 25470at7898          -            682   3.5e-08   30.0   0.3   1   1   0.00021      0.02   11.0   0.1    53    97    57   101    53   102 0.79 -
NODE_175700_length_2004_cov_22.409449:332-996    -            180 25470at7898          -            682   6.1e-08   29.2   1.5   1   1   1.1e-09   1.1e-07   28.4   1.5     6   120    67   176    62   180 0.86 -
NODE_122907_length_3080_cov_28.986246:2012-2428  -            139 25470at7898          -            682   2.8e-07   27.0   0.3   1   2   9.7e-07   9.3e-05   18.7   0.1    55   111    34    90    29    90 0.93 -
NODE_122907_length_3080_cov_28.986246:2012-2428  -            139 25470at7898          -            682   2.8e-07   27.0   0.3   2   2   5.7e-05    0.0055   12.9   0.0    56   114    68   128    63   132 0.85 -
NODE_3137_length_16373_cov_30.217279:4346-5032   -            229 25470at7898          -            682     3e-07   27.0   0.1   1   2   0.00037     0.036   10.2   0.0    52   109    86   143    80   155 0.89 -
NODE_3137_length_16373_cov_30.217279:4346-5032   -            229 25470at7898          -            682     3e-07   27.0   0.1   2   2   1.1e-05     0.001   15.3   0.0    54    94   154   194   146   221 0.85 -
NODE_13827_length_10777_cov_31.810826:5073-5540  -            156 25470at7898          -            682   5.8e-07   26.0   0.3   1   1   7.3e-09     7e-07   25.7   0.3    18   124    44   151    25   155 0.79 -
NODE_103794_length_3620_cov_33.763135:428-799    -            124 25470at7898          -            682   8.2e-07   25.5   0.0   1   1   9.3e-09     9e-07   25.4   0.0    27   109    29   119     7   123 0.72 -
NODE_79879_length_4475_cov_38.021024:1919-2266   -            116 25470at7898          -            682   1.2e-06   24.9   0.0   1   1   1.6e-08   1.6e-06   24.6   0.0     6   105     3   109     1   113 0.77 -
NODE_10475_length_11815_cov_39.266302:6292-6708  -            139 25470at7898          -            682   1.7e-06   24.4   0.2   1   2    0.0011       0.1    8.7   0.0    71    99     4    32     1    41 0.89 -
NODE_10475_length_11815_cov_39.266302:6292-6708  -            139 25470at7898          -            682   1.7e-06   24.4   0.2   2   2   2.1e-05     0.002   14.3   0.1    47    99    55   104    48   133 0.87 -
NODE_72603_length_4797_cov_26.074074:4057-4356   -            100 25470at7898          -            682     2e-06   24.2   0.0   1   1   2.5e-08   2.4e-06   24.0   0.0    55   109    34    88    20    98 0.78 -
NODE_24421_length_8640_cov_28.458494:5843-6334   -            164 25470at7898          -            682   2.3e-06   24.0   1.7   1   2     0.001     0.096    8.8   0.1    34   111    10    84     4    88 0.85 -
NODE_24421_length_8640_cov_28.458494:5843-6334   -            164 25470at7898          -            682   2.3e-06   24.0   1.7   2   2   5.8e-06   0.00056   16.1   0.4     6    91    81   162    77   164 0.72 -
NODE_72341_length_4808_cov_33.744744:1452-1739   -             96 25470at7898          -            682   8.4e-06   22.2   0.3   1   1   9.9e-08   9.6e-06   22.0   0.3    38   123    11    92     3    95 0.85 -
NODE_54956_length_5743_cov_39.389617:1880-3366   -            208 25470at7898          -            682   1.4e-05   21.4   1.3   1   4     0.073         7    2.6   0.0    74   107     1    34     1    37 0.92 -
NODE_54956_length_5743_cov_39.389617:1880-3366   -            208 25470at7898          -            682   1.4e-05   21.4   1.3   2   4   0.00054     0.052    9.6   0.1    55    92    82   119    61   126 0.68 -
NODE_54956_length_5743_cov_39.389617:1880-3366   -            208 25470at7898          -            682   1.4e-05   21.4   1.3   3   4   0.00011     0.011   11.9   0.2    55   115    82   158    78   171 0.76 -
NODE_54956_length_5743_cov_39.389617:1880-3366   -            208 25470at7898          -            682   1.4e-05   21.4   1.3   4   4     0.046       4.4    3.3   0.2    93   115   136   158   130   208 0.67 -
NODE_40694_length_6794_cov_27.685586:2809-3141   -            111 25470at7898          -            682   3.1e-05   20.3   0.1   1   2   3.4e-05    0.0033   13.6   0.0    73   117     4    48     1    57 0.62 -
NODE_40694_length_6794_cov_27.685586:2809-3141   -            111 25470at7898          -            682   3.1e-05   20.3   0.1   2   2    0.0062       0.6    6.1   0.1    54    98    51    97    46   103 0.75 -
NODE_91878_length_4015_cov_30.663432:1691-2313   -            129 25470at7898          -            682   7.5e-05   19.0   0.1   1   1   1.2e-06   0.00011   18.5   0.1    51   116    53   120    16   127 0.80 -
NODE_8290_length_12655_cov_32.960975:1091-9640   -            413 25470at7898          -            682   0.00011   18.5   0.3   1   1   1.6e-06   0.00016   18.0   0.3    52   138     5    96     2   129 0.82 -
NODE_6253_length_13721_cov_32.122376:2578-2928   -            117 25470at7898          -            682   0.00017   17.8   0.0   1   2   0.00048     0.046    9.8   0.0    52   108     2    66     1    73 0.74 -
NODE_6253_length_13721_cov_32.122376:2578-2928   -            117 25470at7898          -            682   0.00017   17.8   0.0   2   2    0.0055      0.53    6.3   0.0     9    51    70   112    64   116 0.82 -
NODE_190_length_28962_cov_38.794962:19825-20898  -            358 25470at7898          -            682   0.00036   16.8   0.0   1   1   4.8e-06   0.00046   16.4   0.0    34    98   270   344   258   358 0.71 -
NODE_310113_length_575_cov_1.279412:164-574      -            137 25470at7898          -            682    0.0005   16.3   0.0   1   1   5.7e-06   0.00055   16.2   0.0    17   125     3   108     1   122 0.88 -
NODE_51321_length_5984_cov_31.346134:3617-4108   -            164 25470at7898          -            682   0.00052   16.2   0.1   1   2     0.015       1.4    4.9   0.0    52    99    17    63    12    67 0.74 -
NODE_51321_length_5984_cov_31.346134:3617-4108   -            164 25470at7898          -            682   0.00052   16.2   0.1   2   2   5.6e-05    0.0054   12.9   0.1     6    99    39   135    36   155 0.77 -
NODE_6395_length_13646_cov_39.873994:5520-5861   -            114 25470at7898          -            682   0.00061   16.0   0.1   1   1   6.8e-06   0.00065   15.9   0.1    32   102    19    87    12   112 0.70 -
NODE_81139_length_4424_cov_31.915376:1585-3028   -            120 25470at7898          -            682   0.00073   15.8   0.0   1   1   8.5e-06   0.00082   15.6   0.0    51   123    47   119    31   120 0.91 -
NODE_75651_length_4657_cov_29.659280:2288-2839   -            184 25470at7898          -            682    0.0013   14.9   0.0   1   1   1.6e-05    0.0016   14.7   0.0    69   112   133   176    94   181 0.92 -
NODE_106014_length_3552_cov_45.658558:1452-1760  -            103 25470at7898          -            682    0.0017   14.6   0.0   1   1   2.1e-05     0.002   14.3   0.0    52   123    11    83     4    89 0.81 -
NODE_54324_length_5784_cov_33.701319:1286-1669   -            128 25470at7898          -            682    0.0018   14.4   0.1   1   1   0.00013     0.012   11.7   0.1     6    98     5   100     2   110 0.80 -
NODE_350220_length_448_cov_1.312321:6-284        -             93 25470at7898          -            682    0.0025   14.0   0.0   1   1   2.6e-05    0.0025   14.0   0.0    72   121     5    54     2    90 0.79 -
NODE_190_length_28962_cov_38.794962:18985-19536  -            184 25470at7898          -            682    0.0032   13.6   0.6   1   2      0.11        10    2.0   0.0    50    92     9    56     4    69 0.77 -
NODE_190_length_28962_cov_38.794962:18985-19536  -            184 25470at7898          -            682    0.0032   13.6   0.6   2   2    0.0004     0.039   10.1   0.1    51   126    90   165    81   182 0.82 -
NODE_105152_length_3578_cov_38.068410:2464-2859  -            132 25470at7898          -            682     0.014   11.5   0.1   1   2    0.0054      0.52    6.3   0.0    87   131     7    51     1    59 0.79 -
NODE_105152_length_3578_cov_38.068410:2464-2859  -            132 25470at7898          -            682     0.014   11.5   0.1   2   2     0.038       3.6    3.5   0.0    71   122    79   131    60   132 0.77 -
#
# Program:         hmmsearch
# Version:         3.1b2 (February 2015)
# Pipeline mode:   SEARCH
# Query file:      /home/e1garcia/shotgun_PIRE/abyss/busco_downloads/lineages/actinopterygii_odb10/hmms/25470at7898.hmm
# Target file:     /home/e1garcia/shotgun_PIRE/pire_ssl_data_processing/plotosus_lineatus/busco_contigs_results-SPAdes_decontam_R1R2_noIsolate/run_actinopterygii_odb10/metaeuk_output/rerun_results/contigs.modified.fasta.modified.fas
# Option settings: hmmsearch --domtblout /home/e1garcia/shotgun_PIRE/pire_ssl_data_processing/plotosus_lineatus/busco_contigs_results-SPAdes_decontam_R1R2_noIsolate/run_actinopterygii_odb10/hmmer_output/rerun_results/25470at7898.out --cpu 1 /home/e1garcia/shotgun_PIRE/abyss/busco_downloads/lineages/actinopterygii_odb10/hmms/25470at7898.hmm /home/e1garcia/shotgun_PIRE/pire_ssl_data_processing/plotosus_lineatus/busco_contigs_results-SPAdes_decontam_R1R2_noIsolate/run_actinopterygii_odb10/metaeuk_output/rerun_results/contigs.modified.fasta.modified.fas 
# Current dir:     /home/e1garcia/shotgun_PIRE/pire_ssl_data_processing/plotosus_lineatus
# Date:            Fri Aug 20 14:33:50 2021
# [ok]
