#                                                                                                        --- full sequence --- -------------- this domain -------------   hmm coord   ali coord   env coord
# target name                                    accession   tlen query name           accession   qlen   E-value  score  bias   #  of  c-Evalue  i-Evalue  score  bias  from    to  from    to  from    to  acc description of target
#                            ------------------- ---------- ----- -------------------- ---------- ----- --------- ------ ----- --- --- --------- --------- ------ ----- ----- ----- ----- ----- ----- ----- ---- ---------------------
NODE_15313_length_10397_cov_33.888425:1925-9701  -            671 37282at7898          -            498   6.4e-66  220.7   1.0   1   2   9.2e-25   4.6e-23   79.4   0.1   242   490   191   444   151   449 0.74 -
NODE_15313_length_10397_cov_33.888425:1925-9701  -            671 37282at7898          -            498   6.4e-66  220.7   1.0   2   2   4.4e-43   2.2e-41  139.8   0.1   246   439   461   662   448   665 0.88 -
NODE_52981_length_5873_cov_45.021995:3189-5607   -            305 37282at7898          -            498   5.9e-59  197.8   0.1   1   1   1.4e-60   7.1e-59  197.5   0.1   189   473    15   305    10   305 0.87 -
NODE_8054_length_12773_cov_44.562648:3457-11742  -            420 37282at7898          -            498   1.4e-57  193.2   0.0   1   1   3.7e-59   1.9e-57  192.8   0.0   243   489    70   326    41   332 0.90 -
NODE_6740_length_13441_cov_31.221706:4564-5760   -            248 37282at7898          -            498   6.9e-54  181.1   0.5   1   2   1.1e-10   5.7e-09   32.9   0.1   271   336     1    66     1    79 0.87 -
NODE_6740_length_13441_cov_31.221706:4564-5760   -            248 37282at7898          -            498   6.9e-54  181.1   0.5   2   2   3.3e-45   1.6e-43  146.8   0.1   343   486   102   247    97   248 0.96 -
NODE_109292_length_3453_cov_30.720036:683-1519   -            279 37282at7898          -            498   1.4e-51  173.4   0.1   1   1   5.1e-52   2.6e-50  169.3   0.1   247   491    10   279     3   279 0.85 -
NODE_110085_length_3431_cov_35.601441:1036-1908  -            291 37282at7898          -            498   1.7e-51  173.1   0.0   1   2   4.5e-07   2.2e-05   21.0   0.0   247   333    15   103     4   110 0.83 -
NODE_110085_length_3431_cov_35.601441:1036-1908  -            291 37282at7898          -            498   1.7e-51  173.1   0.0   2   2   3.3e-46   1.6e-44  150.1   0.0   342   494   133   287   121   288 0.95 -
NODE_6031_length_13851_cov_27.585079:2494-6537   -            241 37282at7898          -            498   1.1e-50  170.5   0.0   1   1   2.5e-52   1.2e-50  170.3   0.0   252   490     4   238     1   241 0.92 -
NODE_78478_length_4535_cov_29.713481:29-3882     -            230 37282at7898          -            498   1.5e-50  170.0   0.0   1   1   3.3e-52   1.7e-50  169.9   0.0   271   487     1   226     1   230 0.91 -
NODE_72356_length_4808_cov_25.488214:757-2853    -            269 37282at7898          -            498   3.1e-50  169.0   1.2   1   2   1.7e-19   8.6e-18   62.0   0.0   246   364    12   129     1   138 0.83 -
NODE_72356_length_4808_cov_25.488214:757-2853    -            269 37282at7898          -            498   3.1e-50  169.0   1.2   2   2   6.5e-33   3.3e-31  106.3   0.2   364   475   157   268   144   269 0.92 -
NODE_13510_length_10869_cov_24.658032:4428-9835  -            235 37282at7898          -            498   1.4e-48  163.5   0.3   1   1   2.3e-49   1.2e-47  160.5   0.3   252   491     1   225     1   231 0.91 -
NODE_25950_length_8424_cov_31.974414:469-4783    -            255 37282at7898          -            498   1.5e-48  163.5   0.3   1   1   3.5e-50   1.8e-48  163.2   0.3   247   491    14   253     7   255 0.87 -
NODE_97826_length_3809_cov_34.939892:1966-3726   -            228 37282at7898          -            498   1.8e-48  163.2   0.0   1   1   6.4e-50   3.2e-48  162.4   0.0   252   489     1   221     1   227 0.92 -
NODE_30932_length_7782_cov_157.722374:65-3870    -            300 37282at7898          -            498     3e-45  152.5   0.0   1   1   1.2e-46   6.2e-45  151.5   0.0   142   443     2   300     1   300 0.85 -
NODE_48247_length_6195_cov_40.597605:2835-5837   -            313 37282at7898          -            498   1.8e-39  133.5   6.7   1   2     0.025       1.2    5.4   0.0   176   215    42    83     2    91 0.79 -
NODE_48247_length_6195_cov_40.597605:2835-5837   -            313 37282at7898          -            498   1.8e-39  133.5   6.7   2   2   1.2e-38     6e-37  125.2   3.9   283   491   121   313    84   313 0.90 -
NODE_50983_length_6007_cov_33.355281:2049-2852   -            268 37282at7898          -            498   1.2e-19   68.1   0.1   1   1   2.6e-21   1.3e-19   68.0   0.1   248   435    13   206     5   260 0.81 -
NODE_42661_length_6623_cov_28.106376:771-3506    -            226 37282at7898          -            498   7.7e-17   58.8   0.0   1   1   2.2e-18   1.1e-16   58.3   0.0   142   342     2   211     1   223 0.76 -
NODE_63784_length_5235_cov_36.220016:1250-2660   -            276 37282at7898          -            498   2.1e-15   54.1   0.3   1   2   6.3e-14   3.2e-12   43.6   0.0   136   277    37   188    30   193 0.80 -
NODE_63784_length_5235_cov_36.220016:1250-2660   -            276 37282at7898          -            498   2.1e-15   54.1   0.3   2   2    0.0022      0.11    8.9   0.1   317   361   226   276   206   276 0.69 -
NODE_1880_length_18479_cov_32.946681:11511-12293 -            261 37282at7898          -            498   4.2e-15   53.1   0.0   1   1     1e-16   5.2e-15   52.8   0.0   243   366   133   260   116   261 0.81 -
NODE_53930_length_5808_cov_33.269925:437-4531    -            229 37282at7898          -            498   1.1e-14   51.8   0.0   1   1   2.5e-16   1.2e-14   51.6   0.0   270   432     2   166     1   189 0.82 -
NODE_30325_length_7852_cov_28.374823:2625-3314   -            230 37282at7898          -            498   1.2e-14   51.6   0.0   1   1   2.9e-16   1.5e-14   51.3   0.0   285   451    30   203     5   224 0.75 -
NODE_1933_length_18357_cov_45.410505:12287-12754 -            156 37282at7898          -            498     4e-14   49.9   0.0   1   1     1e-15   5.1e-14   49.5   0.0   341   487     7   151     4   154 0.84 -
NODE_3408_length_16050_cov_30.535954:3820-8245   -            229 37282at7898          -            498   5.5e-14   49.4   0.1   1   1   1.4e-15   7.1e-14   49.1   0.1   249   429    13   184     7   198 0.81 -
NODE_164798_length_2189_cov_17.298086:5-244      -             80 37282at7898          -            498   1.3e-13   48.2   0.0   1   1   2.5e-15   1.3e-13   48.2   0.0   341   392    22    73     6    80 0.83 -
NODE_97374_length_3823_cov_43.067401:1103-3058   -            192 37282at7898          -            498   1.5e-13   48.0   0.3   1   1   3.2e-15   1.6e-13   47.9   0.3   286   441    15   168     1   187 0.77 -
NODE_7173_length_13193_cov_36.716740:761-1285    -            175 37282at7898          -            498   1.5e-13   47.9   0.1   1   1   3.4e-15   1.7e-13   47.8   0.1   250   389     2   146     1   164 0.83 -
NODE_20413_length_9316_cov_34.085277:2980-3504   -            175 37282at7898          -            498   1.9e-13   47.6   0.1   1   1   4.3e-15   2.2e-13   47.5   0.1   250   386     2   143     1   159 0.84 -
NODE_90065_length_4080_cov_26.856820:2193-2459   -             89 37282at7898          -            498   1.9e-13   47.6   0.0   1   1   4.1e-15     2e-13   47.5   0.0   340   396    25    82     6    88 0.80 -
NODE_16527_length_10107_cov_38.069644:4464-10073 -            186 37282at7898          -            498   2.1e-13   47.5   0.0   1   1   5.1e-15   2.6e-13   47.2   0.0   324   435    10   122     2   137 0.85 -
NODE_54721_length_5759_cov_155.717845:3444-4160  -            239 37282at7898          -            498   2.4e-12   44.0   0.0   1   1   5.8e-14   2.9e-12   43.7   0.0   246   367   113   239    90   239 0.79 -
NODE_16264_length_10164_cov_34.937606:3145-7976  -            255 37282at7898          -            498   3.3e-12   43.6   0.0   1   1   9.8e-14   4.9e-12   43.0   0.0   141   322    62   251    52   255 0.79 -
NODE_14086_length_10704_cov_44.048373:1967-3147  -            160 37282at7898          -            498   7.5e-12   42.4   0.0   1   1   3.8e-12   1.9e-10   37.7   0.0   252   429     1   158     1   160 0.85 -
NODE_71360_length_4856_cov_28.538154:655-4685    -            196 37282at7898          -            498   1.6e-11   41.3   0.0   1   1   1.1e-12   5.7e-11   39.5   0.0   144   323     4   192     1   196 0.71 -
NODE_5526_length_14175_cov_47.007673:6727-10055  -            636 37282at7898          -            498   2.1e-11   40.9   0.0   1   1   6.1e-13     3e-11   40.4   0.0   248   434    79   276    68   297 0.77 -
NODE_6133_length_13786_cov_39.829400:1964-13041  -            550 37282at7898          -            498   2.2e-11   40.8   0.0   1   1   1.4e-12   7.2e-11   39.1   0.0   287   432     3   149     2   205 0.78 -
NODE_4844_length_14671_cov_44.521411:2550-10154  -            261 37282at7898          -            498     3e-11   40.4   0.4   1   1   6.6e-13   3.3e-11   40.3   0.4   271   444     1   176     1   216 0.76 -
NODE_58503_length_5530_cov_31.037562:2645-5201   -            114 37282at7898          -            498   3.6e-11   40.1   0.0   1   1   7.8e-13   3.9e-11   40.0   0.0   287   389     5   105     1   113 0.89 -
NODE_283038_length_749_cov_1.407692:16-663       -            216 37282at7898          -            498     1e-10   38.7   0.0   1   1   2.4e-12   1.2e-10   38.4   0.0   248   444     6   207     2   216 0.76 -
NODE_2282_length_17661_cov_39.343355:15521-16189 -            223 37282at7898          -            498   1.1e-10   38.5   0.0   1   1   2.7e-12   1.4e-10   38.2   0.0   249   435     7   195     3   216 0.80 -
NODE_17710_length_9841_cov_39.089920:1549-9000   -            480 37282at7898          -            498   1.1e-10   38.5   0.1   1   1   3.5e-12   1.7e-10   37.9   0.1   249   436    45   233    31   242 0.82 -
NODE_99684_length_3749_cov_38.876712:44-3155     -            255 37282at7898          -            498   1.6e-10   38.0   0.1   1   1   4.1e-12     2e-10   37.7   0.1   249   396    14   175     6   184 0.76 -
NODE_47776_length_6232_cov_34.149519:2747-3775   -            199 37282at7898          -            498   2.3e-10   37.5   0.0   1   1   5.2e-12   2.6e-10   37.3   0.0   250   434     2   178     1   198 0.80 -
NODE_51818_length_5950_cov_30.968894:1532-2026   -            165 37282at7898          -            498   5.3e-10   36.3   0.0   1   1   1.4e-11     7e-10   35.9   0.0   342   432     5    96     2   112 0.77 -
NODE_33117_length_7535_cov_30.338757:2481-6844   -            113 37282at7898          -            498   1.2e-09   35.1   0.2   1   2   1.4e-07     7e-06   22.7   0.0   247   306     5    61     1    68 0.89 -
NODE_33117_length_7535_cov_30.338757:2481-6844   -            113 37282at7898          -            498   1.2e-09   35.1   0.2   2   2   0.00044     0.022   11.2   0.1   339   383    70   112    64   113 0.89 -
NODE_115239_length_3283_cov_37.686872:1777-2340  -            188 37282at7898          -            498   3.8e-09   33.5   0.0   1   1   9.1e-11   4.6e-09   33.2   0.0   248   402    11   173     3   188 0.76 -
NODE_144650_length_2574_cov_29.122020:426-1394   -            323 37282at7898          -            498   5.2e-09   33.0   0.0   1   1   4.4e-10   2.2e-08   30.9   0.0   243   494    48   318    15   320 0.73 -
NODE_111762_length_3380_cov_34.353551:673-1671   -            333 37282at7898          -            498   5.3e-09   33.0   0.1   1   1   1.4e-10     7e-09   32.6   0.1   249   433    29   216    16   237 0.78 -
NODE_91751_length_4019_cov_35.050255:1953-2273   -            107 37282at7898          -            498   8.2e-09   32.4   0.5   1   1   1.9e-10   9.5e-09   32.2   0.5   290   383     6   106     2   107 0.82 -
NODE_28925_length_8019_cov_42.195328:923-1852    -            202 37282at7898          -            498   8.5e-09   32.3   0.0   1   1     3e-10   1.5e-08   31.5   0.0   249   434    12   184     6   199 0.82 -
NODE_2688_length_17009_cov_40.457599:3653-4186   -            178 37282at7898          -            498   1.2e-08   31.8   0.0   1   1     3e-10   1.5e-08   31.5   0.0   249   388     7   156     3   172 0.74 -
NODE_81813_length_4395_cov_427.152933:1861-2385  -            175 37282at7898          -            498   1.7e-08   31.4   0.3   1   1   2.2e-09   1.1e-07   28.6   0.3   249   388     8   161     3   169 0.67 -
NODE_21047_length_9201_cov_68.986596:3238-6434   -            162 37282at7898          -            498   2.5e-08   30.8   0.1   1   2    0.0015     0.078    9.4   0.0   247   306     5    65     3    68 0.84 -
NODE_21047_length_9201_cov_68.986596:3238-6434   -            162 37282at7898          -            498   2.5e-08   30.8   0.1   2   2   1.8e-07   9.1e-06   22.3   0.0   341   395    62   116    57   151 0.77 -
NODE_26626_length_8320_cov_59.148157:68-556      -            163 37282at7898          -            498   3.3e-08   30.4   0.0   1   1   8.8e-10   4.4e-08   29.9   0.0   342   432     5    96     2   112 0.73 -
NODE_7208_length_13174_cov_42.165660:7146-7919   -            258 37282at7898          -            498   5.4e-08   29.7   0.0   1   1   1.3e-09   6.3e-08   29.4   0.0   247   455     3   209     1   238 0.79 -
NODE_11470_length_11478_cov_36.884788:3231-3521  -             97 37282at7898          -            498   6.9e-08   29.3   0.4   1   1   1.5e-09   7.6e-08   29.2   0.4   308   394     4    96     2    97 0.80 -
NODE_4396_length_15059_cov_42.829880:4716-5816   -            367 37282at7898          -            498   7.2e-08   29.2   0.0   1   1     2e-09   9.9e-08   28.8   0.0   249   434    29   217    17   247 0.78 -
NODE_37273_length_7111_cov_36.352824:1037-1717   -            227 37282at7898          -            498   7.7e-08   29.2   0.0   1   1   5.2e-09   2.6e-07   27.4   0.0   316   389    12    91     7   156 0.70 -
NODE_3689_length_15748_cov_35.312736:13453-14085 -            211 37282at7898          -            498   9.1e-08   28.9   0.0   1   1   3.4e-09   1.7e-07   28.0   0.0   317   432     2   137     1   145 0.65 -
NODE_12104_length_11275_cov_36.638422:2946-3470  -            175 37282at7898          -            498   1.1e-07   28.6   0.0   1   1   2.8e-09   1.4e-07   28.3   0.0   249   388    12   161     5   174 0.73 -
NODE_59175_length_5490_cov_40.641810:4032-5014   -             87 37282at7898          -            498   1.4e-07   28.3   1.3   1   1   2.9e-09   1.5e-07   28.2   1.3   298   377     2    86     1    87 0.83 -
NODE_31816_length_7675_cov_40.090549:455-3476    -            693 37282at7898          -            498     4e-07   26.8   0.2   1   1     1e-08   5.2e-07   26.4   0.2   242   395   532   691   501   693 0.77 -
NODE_1144_length_20580_cov_52.558078:9008-9739   -            244 37282at7898          -            498   4.9e-07   26.5   0.0   1   1   9.7e-09   4.9e-07   26.5   0.0   334   457    83   203     1   235 0.77 -
NODE_81612_length_4404_cov_23.418118:3443-4000   -            186 37282at7898          -            498   6.6e-07   26.1   0.0   1   1   1.8e-08   8.8e-07   25.7   0.0   340   432    10   103     6   118 0.74 -
NODE_15471_length_10359_cov_39.597661:6939-7397  -            153 37282at7898          -            498   6.6e-07   26.1   0.0   1   1   1.6e-08   8.1e-07   25.8   0.0   249   382     8   151     4   153 0.73 -
NODE_4359_length_15088_cov_45.747948:322-12256   -            320 37282at7898          -            498   1.1e-06   25.4   0.0   1   1   2.9e-08   1.4e-06   25.0   0.0   327   454    44   173    28   193 0.77 -
NODE_67602_length_5036_cov_43.110391:2073-3069   -            179 37282at7898          -            498   1.6e-06   24.8   0.1   1   2   6.6e-08   3.3e-06   23.8   0.0   249   384     2   141     1   147 0.82 -
NODE_67602_length_5036_cov_43.110391:2073-3069   -            179 37282at7898          -            498   1.6e-06   24.8   0.1   2   2       2.7   1.4e+02   -1.4   0.0   421   440   146   164   141   168 0.77 -
NODE_91262_length_4038_cov_32.737751:424-864     -            147 37282at7898          -            498   3.4e-06   23.7   0.0   1   1   8.5e-08   4.3e-06   23.4   0.0   292   430     2   144     1   146 0.73 -
NODE_263062_length_919_cov_1.091463:227-784      -            186 37282at7898          -            498   4.6e-06   23.3   0.0   1   1   1.1e-07   5.4e-06   23.1   0.0   293   441     2   151     1   165 0.81 -
NODE_37483_length_7091_cov_39.265875:5532-6044   -            121 37282at7898          -            498   4.8e-06   23.2   0.1   1   1   1.4e-06   7.2e-05   19.4   0.1   293   387    38   120     1   121 0.68 -
NODE_33189_length_7526_cov_32.898479:5455-6016   -            138 37282at7898          -            498   5.4e-06   23.1   0.0   1   1   1.3e-07   6.7e-06   22.7   0.0   315   439     4   135     1   138 0.69 -
NODE_681_length_22725_cov_201.497437:12564-17709 -            183 37282at7898          -            498   6.2e-06   22.9   0.0   1   1   1.3e-07   6.6e-06   22.8   0.0   343   432    38   124     4   153 0.75 -
NODE_27470_length_8206_cov_51.036882:2344-7077   -            431 37282at7898          -            498   6.3e-06   22.8   0.1   1   1   2.8e-07   1.4e-05   21.7   0.0   342   411    27    98    14   114 0.82 -
NODE_13425_length_10891_cov_27.271405:2694-3273  -            162 37282at7898          -            498   8.8e-06   22.4   0.0   1   1   1.9e-07   9.4e-06   22.3   0.0   326   440    41   156     7   161 0.73 -
NODE_13094_length_10987_cov_38.645481:329-10513  -            130 37282at7898          -            498   1.1e-05   22.0   0.0   1   1   3.6e-07   1.8e-05   21.3   0.0   316   432    17   127     5   130 0.76 -
NODE_33601_length_7481_cov_36.148198:5994-6335   -            114 37282at7898          -            498   2.3e-05   21.0   0.0   1   1   5.5e-07   2.7e-05   20.7   0.0   289   378     3   107     1   110 0.76 -
NODE_358655_length_428_cov_0.620061:11-400       -            130 37282at7898          -            498   6.6e-05   19.5   0.0   1   1   1.3e-06   6.7e-05   19.5   0.0   316   389    27   102     1   115 0.81 -
NODE_8106_length_12744_cov_31.935310:6637-7115   -            132 37282at7898          -            498     8e-05   19.2   0.0   1   1   1.9e-06   9.5e-05   19.0   0.0   342   445    10   108     3   126 0.78 -
NODE_6000_length_13874_cov_39.136334:2428-8891   -            242 37282at7898          -            498   0.00014   18.4   0.0   1   3   6.4e-05    0.0032   13.9   0.0   249   313     8    69     2    81 0.85 -
NODE_6000_length_13874_cov_39.136334:2428-8891   -            242 37282at7898          -            498   0.00014   18.4   0.0   2   3       0.5        25    1.1   0.0   344   382    72   111    68   127 0.80 -
NODE_6000_length_13874_cov_39.136334:2428-8891   -            242 37282at7898          -            498   0.00014   18.4   0.0   3   3       1.3        66   -0.3   0.0   407   447   194   234   180   241 0.74 -
NODE_11650_length_11422_cov_237.913362:1959-3611 -            150 37282at7898          -            498   0.00018   18.0   0.0   1   2      0.26        13    2.0   0.1   343   366    21    44    10    63 0.85 -
NODE_11650_length_11422_cov_237.913362:1959-3611 -            150 37282at7898          -            498   0.00018   18.0   0.0   2   2   5.2e-05    0.0026   14.2   0.0   361   443    70   148    62   150 0.80 -
NODE_531_length_23933_cov_36.637157:4156-22248   -            208 37282at7898          -            498   0.00027   17.5   0.0   1   1   7.9e-06   0.00039   16.9   0.0   369   433   138   197   120   205 0.85 -
NODE_484128_length_257_cov_0.645570:2-256        -             85 37282at7898          -            498   0.00046   16.7   0.0   1   1   9.5e-06   0.00048   16.6   0.0   318   382    13    83     4    85 0.70 -
NODE_16834_length_10036_cov_51.379692:324-6176   -            193 37282at7898          -            498   0.00057   16.4   0.0   1   1   1.4e-05   0.00068   16.1   0.0   361   433     4    71     1    96 0.83 -
NODE_177793_length_1970_cov_29.452699:1358-1549  -             64 37282at7898          -            498   0.00071   16.1   0.0   1   1   1.5e-05   0.00074   16.0   0.0   252   312     1    61     1    64 0.88 -
NODE_17890_length_9798_cov_38.137952:6653-7210   -            186 37282at7898          -            498   0.00077   16.0   0.0   1   1   2.7e-05    0.0013   15.2   0.0   315   369   128   185   124   186 0.88 -
NODE_92602_length_3989_cov_28.774807:414-715     -             69 37282at7898          -            498    0.0016   14.9   0.0   1   1   3.3e-05    0.0017   14.9   0.0   249   309     7    64     3    69 0.81 -
NODE_24_length_41439_cov_5.115385:27781-28284    -            168 37282at7898          -            498    0.0016   14.9   0.1   1   1   3.4e-05    0.0017   14.8   0.1   278   430     2   164     1   168 0.69 -
NODE_156686_length_2336_cov_27.911936:1414-1992  -            193 37282at7898          -            498    0.0022   14.4   0.3   1   2   0.00011    0.0054   13.2   0.0   343   385    10    54     3   125 0.87 -
NODE_156686_length_2336_cov_27.911936:1414-1992  -            193 37282at7898          -            498    0.0022   14.4   0.3   2   2       3.7   1.9e+02   -1.8   0.0   400   415   139   156   120   162 0.71 -
NODE_17080_length_9983_cov_66.492210:2625-3041   -            139 37282at7898          -            498    0.0072   12.8   0.0   1   1   0.00017    0.0085   12.5   0.0   302   384    15   105     7   114 0.72 -
NODE_210465_length_1501_cov_32.092725:1234-1479  -             82 37282at7898          -            498    0.0091   12.4   0.0   1   1   0.00018    0.0091   12.4   0.0   317   382    14    82     2    82 0.74 -
NODE_13007_length_11011_cov_54.859971:429-4575   -            171 37282at7898          -            498     0.013   11.9   0.2   1   2       1.1        55   -0.1   0.0   245   279     3    33     1    59 0.72 -
NODE_13007_length_11011_cov_54.859971:429-4575   -            171 37282at7898          -            498     0.013   11.9   0.2   2   2   0.00093     0.047   10.1   0.1   298   382    81   171    70   171 0.68 -
NODE_785_length_22111_cov_49.688761:18543-18743  -             67 37282at7898          -            498     0.023   11.1   0.0   1   1   0.00049     0.025   11.0   0.0   247   299     5    57     3    67 0.81 -
NODE_80646_length_4445_cov_37.713530:2371-2580   -             70 37282at7898          -            498     0.024   11.1   0.0   1   1    0.0005     0.025   11.0   0.0   250   305    17    70     8    70 0.89 -
NODE_102390_length_3664_cov_38.764656:63-2439    -            359 37282at7898          -            498     0.042   10.2   0.0   1   1   0.00095     0.048   10.0   0.0   336   390   202   256    86   300 0.65 -
#
# Program:         hmmsearch
# Version:         3.1b2 (February 2015)
# Pipeline mode:   SEARCH
# Query file:      /home/e1garcia/shotgun_PIRE/abyss/busco_downloads/lineages/actinopterygii_odb10/hmms/37282at7898.hmm
# Target file:     /home/e1garcia/shotgun_PIRE/pire_ssl_data_processing/plotosus_lineatus/busco_contigs_results-SPAdes_decontam_R1R2_noIsolate/run_actinopterygii_odb10/metaeuk_output/rerun_results/contigs.modified.fasta.modified.fas
# Option settings: hmmsearch --domtblout /home/e1garcia/shotgun_PIRE/pire_ssl_data_processing/plotosus_lineatus/busco_contigs_results-SPAdes_decontam_R1R2_noIsolate/run_actinopterygii_odb10/hmmer_output/rerun_results/37282at7898.out --cpu 1 /home/e1garcia/shotgun_PIRE/abyss/busco_downloads/lineages/actinopterygii_odb10/hmms/37282at7898.hmm /home/e1garcia/shotgun_PIRE/pire_ssl_data_processing/plotosus_lineatus/busco_contigs_results-SPAdes_decontam_R1R2_noIsolate/run_actinopterygii_odb10/metaeuk_output/rerun_results/contigs.modified.fasta.modified.fas 
# Current dir:     /home/e1garcia/shotgun_PIRE/pire_ssl_data_processing/plotosus_lineatus
# Date:            Fri Aug 20 14:36:05 2021
# [ok]
