#                                                                                                        --- full sequence --- -------------- this domain -------------   hmm coord   ali coord   env coord
# target name                                    accession   tlen query name           accession   qlen   E-value  score  bias   #  of  c-Evalue  i-Evalue  score  bias  from    to  from    to  from    to  acc description of target
#                            ------------------- ---------- ----- -------------------- ---------- ----- --------- ------ ----- --- --- --------- --------- ------ ----- ----- ----- ----- ----- ----- ----- ---- ---------------------
NODE_4722_length_14765_cov_42.823265:8529-12936  -            293 53002at7898          -            445   6.2e-79  264.1  19.3   1   3    0.0017      0.21    8.6   0.2     1    21    21    43    21    49 0.84 -
NODE_4722_length_14765_cov_42.823265:8529-12936  -            293 53002at7898          -            445   6.2e-79  264.1  19.3   2   3   6.9e-74   8.6e-72  240.5   8.0    26   169    75   227    69   230 0.96 -
NODE_4722_length_14765_cov_42.823265:8529-12936  -            293 53002at7898          -            445   6.2e-79  264.1  19.3   3   3   6.4e-12     8e-10   36.3   1.7    45   120   207   282   204   289 0.95 -
NODE_41748_length_6700_cov_46.595819:4037-4996   -            320 53002at7898          -            445   1.2e-07   29.1   3.4   1   2   0.00059     0.074   10.0   0.3   201   284    84   113    54   151 0.47 -
NODE_41748_length_6700_cov_46.595819:4037-4996   -            320 53002at7898          -            445   1.2e-07   29.1   3.4   2   2   7.2e-07     9e-05   19.7   0.2   126   219   158   264   153   293 0.70 -
NODE_42302_length_6652_cov_50.779796:3469-4026   -            186 53002at7898          -            445   4.8e-07   27.1   6.1   1   2   1.5e-06   0.00018   18.6   1.6   155   270     5   114     3   119 0.78 -
NODE_42302_length_6652_cov_50.779796:3469-4026   -            186 53002at7898          -            445   4.8e-07   27.1   6.1   2   2   0.00027     0.033   11.2   0.4   367   422   105   159   101   170 0.73 -
NODE_950_length_21308_cov_44.412325:18356-19768  -            471 53002at7898          -            445     1e-05   22.8  18.9   1   4   1.6e-05    0.0019   15.3   0.6   339   402     4    64     1    86 0.74 -
NODE_950_length_21308_cov_44.412325:18356-19768  -            471 53002at7898          -            445     1e-05   22.8  18.9   2   4    0.0019      0.24    8.4   7.1   203   270    24    87    19   273 0.58 -
NODE_950_length_21308_cov_44.412325:18356-19768  -            471 53002at7898          -            445     1e-05   22.8  18.9   3   4     0.028       3.5    4.5   0.6   237   292   277   329   231   341 0.60 -
NODE_950_length_21308_cov_44.412325:18356-19768  -            471 53002at7898          -            445     1e-05   22.8  18.9   4   4   8.4e-05     0.011   12.8   1.6    52   196   302   454   299   466 0.73 -
NODE_12195_length_11249_cov_108.891839:1685-2584 -            300 53002at7898          -            445   2.7e-05   21.4   1.4   1   2   0.00013     0.016   12.2   0.1   287   398    79   182    36   208 0.64 -
NODE_12195_length_11249_cov_108.891839:1685-2584 -            300 53002at7898          -            445   2.7e-05   21.4   1.4   2   2    0.0015      0.19    8.7   0.3   246   318   208   278   170   286 0.65 -
NODE_24391_length_8644_cov_36.271153:5736-6650   -            305 53002at7898          -            445   3.5e-05   21.0  14.8   1   2    0.0054      0.68    6.9   2.8   149   221    50   135     2   141 0.61 -
NODE_24391_length_8644_cov_36.271153:5736-6650   -            305 53002at7898          -            445   3.5e-05   21.0  14.8   2   2   1.1e-06   0.00013   19.1  11.1    49   237    99   291    97   298 0.75 -
NODE_17348_length_9919_cov_32.479633:3021-4004   -            328 53002at7898          -            445   4.4e-05   20.7   7.5   1   3   0.00064      0.08    9.9   4.2   229   322   119   204    70   205 0.75 -
NODE_17348_length_9919_cov_32.479633:3021-4004   -            328 53002at7898          -            445   4.4e-05   20.7   7.5   2   3     0.065       8.1    3.3   0.0   105   138   194   227   186   240 0.85 -
NODE_17348_length_9919_cov_32.479633:3021-4004   -            328 53002at7898          -            445   4.4e-05   20.7   7.5   3   3    0.0031      0.39    7.7   0.2   205   271   237   296   230   304 0.78 -
NODE_60124_length_5437_cov_32.263957:3163-3819   -            219 53002at7898          -            445   5.2e-05   20.4   1.2   1   2   3.6e-06   0.00045   17.4   1.0   203   377    11   177     7   180 0.78 -
NODE_60124_length_5437_cov_32.263957:3163-3819   -            219 53002at7898          -            445   5.2e-05   20.4   1.2   2   2     0.023       2.8    4.8   0.1   204   245   139   179   131   204 0.68 -
NODE_33118_length_7535_cov_29.740990:236-2896    -            218 53002at7898          -            445   0.00011   19.4   1.0   1   1   1.5e-06   0.00019   18.6   1.0   163   239    50   134    32   151 0.79 -
NODE_68986_length_4968_cov_24.703635:2711-3538   -            276 53002at7898          -            445   0.00021   18.5   1.0   1   1   5.4e-06   0.00067   16.8   0.9   203   335    64   187    44   202 0.60 -
NODE_30689_length_7811_cov_26.943465:3698-4324   -            209 53002at7898          -            445    0.0003   17.9   0.8   1   2     0.005      0.62    7.0   0.1   363   417    52   105    20   108 0.80 -
NODE_30689_length_7811_cov_26.943465:3698-4324   -            209 53002at7898          -            445    0.0003   17.9   0.8   2   2   4.2e-05    0.0052   13.8   0.2   346   431    84   167    80   175 0.83 -
NODE_51659_length_5960_cov_21.784678:3124-4050   -            309 53002at7898          -            445   0.00035   17.7   1.0   1   1     2e-05    0.0025   14.9   1.0   167   295    51   171    42   180 0.71 -
NODE_793_length_22058_cov_27.210119:9619-10293   -            225 53002at7898          -            445   0.00053   17.1   2.1   1   3    0.0026      0.32    7.9   0.0   236   271    30    65    18    71 0.91 -
NODE_793_length_22058_cov_27.210119:9619-10293   -            225 53002at7898          -            445   0.00053   17.1   2.1   2   3     0.012       1.5    5.7   0.2   204   219   119   134    94   141 0.70 -
NODE_793_length_22058_cov_27.210119:9619-10293   -            225 53002at7898          -            445   0.00053   17.1   2.1   3   3      0.32        39    1.1   0.0   392   419   144   171   134   186 0.70 -
NODE_170353_length_2093_cov_32.823972:810-2063   -            418 53002at7898          -            445   0.00061   16.9   3.7   1   1   6.7e-05    0.0083   13.2   0.1   101   185   122   214   114   229 0.79 -
NODE_51393_length_5978_cov_41.162613:1768-2727   -            320 53002at7898          -            445   0.00065   16.8  11.6   1   2   7.2e-06    0.0009   16.4   5.9   164   286    44   167     2   192 0.64 -
NODE_51393_length_5978_cov_41.162613:1768-2727   -            320 53002at7898          -            445   0.00065   16.8  11.6   2   2     0.071       8.9    3.2   2.3   167   218   162   220   156   290 0.55 -
NODE_21197_length_9175_cov_30.745483:4041-5920   -            588 53002at7898          -            445   0.00089   16.4   0.3   1   1   1.3e-05    0.0016   15.5   0.3   301   392   488   579   464   584 0.76 -
NODE_7557_length_12988_cov_25.245403:5518-6741   -            408 53002at7898          -            445    0.0013   15.9   2.8   1   1   0.00013     0.016   12.2   2.8    95   294    62   264    44   275 0.65 -
NODE_57790_length_5571_cov_45.466374:858-2318    -            487 53002at7898          -            445    0.0018   15.4   8.5   1   4     0.016         2    5.3   0.1   234   379    19   166     9   187 0.53 -
NODE_57790_length_5571_cov_45.466374:858-2318    -            487 53002at7898          -            445    0.0018   15.4   8.5   2   4     0.029       3.7    4.5   0.2   177   217   226   268   224   277 0.82 -
NODE_57790_length_5571_cov_45.466374:858-2318    -            487 53002at7898          -            445    0.0018   15.4   8.5   3   4    0.0033      0.41    7.6   0.3   206   297   286   367   278   394 0.54 -
NODE_57790_length_5571_cov_45.466374:858-2318    -            487 53002at7898          -            445    0.0018   15.4   8.5   4   4      0.15        19    2.1   0.1   170   218   337   392   331   437 0.55 -
NODE_7952_length_12816_cov_30.231265:10952-11509 -            186 53002at7898          -            445    0.0019   15.3   1.1   1   1   2.1e-05    0.0027   14.8   1.1   159   253    25   129    10   148 0.79 -
NODE_33118_length_7535_cov_29.740990:737-1831    -            365 53002at7898          -            445     0.002   15.2   1.2   1   2      0.59        74    0.2   0.0   387   431    12    56     7    69 0.71 -
NODE_33118_length_7535_cov_29.740990:737-1831    -            365 53002at7898          -            445     0.002   15.2   1.2   2   2   5.3e-05    0.0067   13.5   0.3   104   185    88   177    76   209 0.75 -
NODE_40366_length_6824_cov_30.682825:5499-6235   -            217 53002at7898          -            445    0.0021   15.2   2.2   1   2   0.00019     0.024   11.7   1.5   227   270     2    44     1    76 0.76 -
NODE_40366_length_6824_cov_30.682825:5499-6235   -            217 53002at7898          -            445    0.0021   15.2   2.2   2   2     0.096        12    2.8   0.1   233   283    64   114    53   128 0.61 -
NODE_105641_length_3563_cov_46.506928:496-3083   -            261 53002at7898          -            445    0.0036   14.4   6.1   1   2   0.00038     0.047   10.7   2.6   200   271    49   114     4   129 0.55 -
NODE_105641_length_3563_cov_46.506928:496-3083   -            261 53002at7898          -            445    0.0036   14.4   6.1   2   2     0.027       3.4    4.6   0.1   205   271   124   183   117   187 0.79 -
NODE_207931_length_1535_cov_29.974930:107-433    -            109 53002at7898          -            445    0.0042   14.2   0.0   1   2     0.067       8.4    3.3   0.0   365   420    20    74    11    75 0.80 -
NODE_207931_length_1535_cov_29.974930:107-433    -            109 53002at7898          -            445    0.0042   14.2   0.0   2   2   8.5e-05     0.011   12.8   0.0   206   271    44   104    38   107 0.80 -
NODE_393321_length_359_cov_0.611538:1-324        -            108 53002at7898          -            445    0.0043   14.1   1.1   1   1   5.1e-05    0.0064   13.5   1.1   148   203    22    81     1   105 0.40 -
NODE_212825_length_1470_cov_39.978848:200-844    -            215 53002at7898          -            445    0.0069   13.4   6.0   1   2     0.047       5.9    3.8   0.1   365   421    14    71    10    83 0.72 -
NODE_212825_length_1470_cov_39.978848:200-844    -            215 53002at7898          -            445    0.0069   13.4   6.0   2   2   0.00068     0.085    9.8   5.0   166   270    63   173    56   213 0.58 -
NODE_51380_length_5980_cov_27.937426:2141-3364   -            408 53002at7898          -            445    0.0076   13.3   1.2   1   1    0.0027      0.34    7.9   0.2   200   270   131   195    48   199 0.69 -
NODE_56883_length_5627_cov_27.561686:2435-3865   -            477 53002at7898          -            445    0.0094   13.0  11.6   1   2   0.00022     0.028   11.5   0.1   364   422    31    88     8    99 0.81 -
NODE_56883_length_5627_cov_27.561686:2435-3865   -            477 53002at7898          -            445    0.0094   13.0  11.6   2   2    0.0074      0.92    6.4  11.6   126   377    56   306    51   330 0.63 -
NODE_77443_length_4579_cov_29.039509:2720-3337   -            206 53002at7898          -            445     0.011   12.8   1.1   1   1   0.00023     0.029   11.4   0.9   187   271    45   126    23   159 0.63 -
NODE_79360_length_4497_cov_34.904729:1266-2351   -            335 53002at7898          -            445     0.013   12.6   0.8   1   2      0.18        22    1.9   0.1   356   403   151   197   128   217 0.65 -
NODE_79360_length_4497_cov_34.904729:1266-2351   -            335 53002at7898          -            445     0.013   12.6   0.8   2   2    0.0003     0.037   11.0   0.5   165   245   182   268   158   322 0.69 -
NODE_124468_length_3041_cov_26.705642:997-1845   -            283 53002at7898          -            445     0.016   12.3   9.1   1   2    0.0004      0.05   10.6   7.7   202   321     9   127     4   130 0.82 -
NODE_124468_length_3041_cov_26.705642:997-1845   -            283 53002at7898          -            445     0.016   12.3   9.1   2   2     0.011       1.3    5.9   1.2   161   218   110   128    90   225 0.66 -
NODE_60124_length_5437_cov_32.263957:1879-2529   -            217 53002at7898          -            445     0.017   12.1   3.9   1   2      0.15        18    2.2   0.6   255   268    65    78     3   104 0.41 -
NODE_60124_length_5437_cov_32.263957:1879-2529   -            217 53002at7898          -            445     0.017   12.1   3.9   2   2   0.00068     0.085    9.8   0.1    82   137   161   217   148   217 0.88 -
NODE_357_length_25899_cov_72.245891:12242-12970  -            243 53002at7898          -            445     0.027   11.5   4.6   1   2   0.00086      0.11    9.5   2.0   180   271    35   142    24   148 0.72 -
NODE_357_length_25899_cov_72.245891:12242-12970  -            243 53002at7898          -            445     0.027   11.5   4.6   2   2     0.013       1.6    5.6   0.6   152   238   113   206    98   231 0.56 -
NODE_8590_length_12532_cov_37.345049:9269-10666  -            466 53002at7898          -            445     0.038   11.0   0.7   1   1    0.0036      0.46    7.4   0.7   201   271   144   209   101   212 0.60 -
NODE_55396_length_5716_cov_34.058750:3105-3935   -            277 53002at7898          -            445     0.045   10.8   1.7   1   1    0.0012      0.15    9.1   0.8   143   239   171   271   147   277 0.70 -
NODE_114234_length_3311_cov_30.417186:1734-2306  -            191 53002at7898          -            445     0.052   10.5   6.5   1   1    0.0015      0.19    8.7   6.5   164   245    35   123    18   167 0.79 -
NODE_33764_length_7463_cov_37.653721:6359-7093   -            245 53002at7898          -            445     0.053   10.5   3.4   1   2    0.0011      0.13    9.2   0.2   343   406    44   107    38   129 0.62 -
NODE_33764_length_7463_cov_37.653721:6359-7093   -            245 53002at7898          -            445     0.053   10.5   3.4   2   2       0.2        25    1.7   0.3   139   216   200   244   143   245 0.50 -
NODE_12234_length_11238_cov_32.850974:7916-8671  -            252 53002at7898          -            445     0.088    9.8   9.9   1   2     0.055       6.9    3.6   0.9   173   235     3    74     1    81 0.67 -
NODE_12234_length_11238_cov_32.850974:7916-8671  -            252 53002at7898          -            445     0.088    9.8   9.9   2   2    0.0018      0.22    8.5   5.6   126   218    45   151    40   156 0.63 -
#
# Program:         hmmsearch
# Version:         3.1b2 (February 2015)
# Pipeline mode:   SEARCH
# Query file:      /home/e1garcia/shotgun_PIRE/abyss/busco_downloads/lineages/actinopterygii_odb10/hmms/53002at7898.hmm
# Target file:     /home/e1garcia/shotgun_PIRE/pire_ssl_data_processing/plotosus_lineatus/busco_contigs_results-SPAdes_decontam_R1R2_noIsolate/run_actinopterygii_odb10/metaeuk_output/rerun_results/contigs.modified.fasta.modified.fas
# Option settings: hmmsearch --domtblout /home/e1garcia/shotgun_PIRE/pire_ssl_data_processing/plotosus_lineatus/busco_contigs_results-SPAdes_decontam_R1R2_noIsolate/run_actinopterygii_odb10/hmmer_output/rerun_results/53002at7898.out --cpu 1 /home/e1garcia/shotgun_PIRE/abyss/busco_downloads/lineages/actinopterygii_odb10/hmms/53002at7898.hmm /home/e1garcia/shotgun_PIRE/pire_ssl_data_processing/plotosus_lineatus/busco_contigs_results-SPAdes_decontam_R1R2_noIsolate/run_actinopterygii_odb10/metaeuk_output/rerun_results/contigs.modified.fasta.modified.fas 
# Current dir:     /home/e1garcia/shotgun_PIRE/pire_ssl_data_processing/plotosus_lineatus
# Date:            Fri Aug 20 14:36:48 2021
# [ok]
