#                                                                                                        --- full sequence --- -------------- this domain -------------   hmm coord   ali coord   env coord
# target name                                    accession   tlen query name           accession   qlen   E-value  score  bias   #  of  c-Evalue  i-Evalue  score  bias  from    to  from    to  from    to  acc description of target
#                            ------------------- ---------- ----- -------------------- ---------- ----- --------- ------ ----- --- --- --------- --------- ------ ----- ----- ----- ----- ----- ----- ----- ---- ---------------------
NODE_51393_length_5978_cov_41.162613:1768-2727   -            320 55416at7898          -            459   2.7e-51  172.8  30.1   1   4   2.2e-10   8.7e-09   32.6   1.4   130   214     3    89     1    93 0.89 -
NODE_51393_length_5978_cov_41.162613:1768-2727   -            320 55416at7898          -            459   2.7e-51  172.8  30.1   2   4   2.4e-05   0.00093   16.1   0.1    58    95    70   107    63   109 0.84 -
NODE_51393_length_5978_cov_41.162613:1768-2727   -            320 55416at7898          -            459   2.7e-51  172.8  30.1   3   4   1.3e-34   5.2e-33  112.5   9.0    21   207    80   266    78   267 0.97 -
NODE_51393_length_5978_cov_41.162613:1768-2727   -            320 55416at7898          -            459   2.7e-51  172.8  30.1   4   4   1.7e-14   6.6e-13   46.2   1.4   140   203   244   307   243   319 0.89 -
NODE_17217_length_9949_cov_32.586396:799-8165    -            383 55416at7898          -            459   3.7e-31  106.4  14.2   1   3     2e-17   7.9e-16   55.9   2.2    85   212     3   131     1   143 0.89 -
NODE_17217_length_9949_cov_32.586396:799-8165    -            383 55416at7898          -            459   3.7e-31  106.4  14.2   2   3   2.8e-10   1.1e-08   32.3   0.7    80   192   178   294   166   297 0.82 -
NODE_17217_length_9949_cov_32.586396:799-8165    -            383 55416at7898          -            459   3.7e-31  106.4  14.2   3   3   1.5e-09     6e-08   29.9   0.3    38   118   278   359   276   368 0.90 -
NODE_28334_length_8092_cov_36.001877:5211-7172   -            654 55416at7898          -            459   2.8e-29  100.2  52.1   1   3   1.8e-05   0.00072   16.4   1.1   130   212    12    98     4   101 0.65 -
NODE_28334_length_8092_cov_36.001877:5211-7172   -            654 55416at7898          -            459   2.8e-29  100.2  52.1   2   3   2.6e-17     1e-15   55.5  24.9    14   292   108   395   106   401 0.84 -
NODE_28334_length_8092_cov_36.001877:5211-7172   -            654 55416at7898          -            459   2.8e-29  100.2  52.1   3   3   5.4e-12   2.1e-10   38.0  10.8    45   204   485   652   451   654 0.82 -
NODE_105641_length_3563_cov_46.506928:496-3083   -            261 55416at7898          -            459   5.9e-28   95.8   4.1   1   1   1.8e-29   7.2e-28   95.6   4.1    51   241     2   200     1   238 0.87 -
NODE_24391_length_8644_cov_36.271153:5736-6650   -            305 55416at7898          -            459   6.6e-27   92.4  10.6   1   2   6.8e-09   2.7e-07   27.7   1.4    40   174     4   144     1   151 0.79 -
NODE_24391_length_8644_cov_36.271153:5736-6650   -            305 55416at7898          -            459   6.6e-27   92.4  10.6   2   2     1e-21   4.1e-20   70.0   3.3    60   200   147   287   137   302 0.93 -
NODE_3341_length_16105_cov_35.803449:10350-11270 -            307 55416at7898          -            459   4.8e-26   89.5  11.3   1   4   2.8e-07   1.1e-05   22.4   3.5    93   212    10   136     1   144 0.41 -
NODE_3341_length_16105_cov_35.803449:10350-11270 -            307 55416at7898          -            459   4.8e-26   89.5  11.3   2   4   1.4e-06   5.5e-05   20.1   0.4   235   291   122   180   121   180 0.88 -
NODE_3341_length_16105_cov_35.803449:10350-11270 -            307 55416at7898          -            459   4.8e-26   89.5  11.3   3   4   3.9e-10   1.5e-08   31.9   0.1    36    92   168   224   165   226 0.93 -
NODE_3341_length_16105_cov_35.803449:10350-11270 -            307 55416at7898          -            459   4.8e-26   89.5  11.3   4   4   3.3e-11   1.3e-09   35.4   0.1    38   108   216   286   213   295 0.93 -
NODE_17348_length_9919_cov_32.479633:3021-4004   -            328 55416at7898          -            459   1.2e-25   88.2  11.5   1   3   1.9e-06   7.3e-05   19.7   2.7    89   211    31   160    21   166 0.49 -
NODE_17348_length_9919_cov_32.479633:3021-4004   -            328 55416at7898          -            459   1.2e-25   88.2  11.5   2   3   3.5e-10   1.4e-08   32.0   0.2   123   208   165   251   163   252 0.94 -
NODE_17348_length_9919_cov_32.479633:3021-4004   -            328 55416at7898          -            459   1.2e-25   88.2  11.5   3   3   6.7e-14   2.6e-12   44.3   0.1    43   112   246   315   239   326 0.91 -
NODE_66002_length_5118_cov_32.153816:3517-4221   -            235 55416at7898          -            459     4e-25   86.5   9.9   1   1   1.2e-26   4.6e-25   86.3   9.9    86   275    30   229    12   235 0.91 -
NODE_116072_length_3260_cov_38.071180:1741-2730  -            330 55416at7898          -            459   4.1e-24   83.2  13.0   1   2   1.7e-07   6.7e-06   23.1   4.4    99   201    67   170    19   174 0.85 -
NODE_116072_length_3260_cov_38.071180:1741-2730  -            330 55416at7898          -            459   4.1e-24   83.2  13.0   2   2   2.5e-20   9.6e-19   65.5   1.5    18   154   174   309   168   329 0.89 -
NODE_27867_length_8152_cov_39.011300:4588-5505   -            306 55416at7898          -            459   4.2e-23   79.8   4.8   1   1   1.5e-24   5.7e-23   79.4   4.8    58   282    48   286    14   303 0.85 -
NODE_172033_length_2064_cov_28.499237:643-1374   -            244 55416at7898          -            459   6.9e-23   79.1   8.2   1   2   5.4e-11   2.1e-09   34.7   0.8    47   135     7    95     1    97 0.70 -
NODE_172033_length_2064_cov_28.499237:643-1374   -            244 55416at7898          -            459   6.9e-23   79.1   8.2   2   2   5.8e-17   2.2e-15   54.4   3.1    93   218    76   202    74   241 0.72 -
NODE_65639_length_5136_cov_32.489577:1394-2341   -            316 55416at7898          -            459   1.1e-21   75.2   6.2   1   2   3.1e-11   1.2e-09   35.5   0.6    54   189    47   187    23   196 0.87 -
NODE_65639_length_5136_cov_32.489577:1394-2341   -            316 55416at7898          -            459   1.1e-21   75.2   6.2   2   2   1.7e-13   6.5e-12   42.9   0.7    31   140   192   305   185   314 0.87 -
NODE_57389_length_5596_cov_37.077497:4676-5290   -            205 55416at7898          -            459   5.1e-21   73.0   5.2   1   1   2.1e-22   8.3e-21   72.3   5.1    64   231    16   188     6   199 0.92 -
NODE_1123_length_20633_cov_36.089218:4189-6020   -            328 55416at7898          -            459   1.2e-19   68.4   3.5   1   1   3.8e-21   1.5e-19   68.1   3.5    36   186    62   214    38   264 0.92 -
NODE_4622_length_14850_cov_33.046980:146-1763    -            388 55416at7898          -            459   2.3e-19   67.5  13.7   1   3   1.2e-10   4.7e-09   33.5   2.9   128   197    48   118    40   119 0.88 -
NODE_4622_length_14850_cov_33.046980:146-1763    -            388 55416at7898          -            459   2.3e-19   67.5  13.7   2   3   3.3e-07   1.3e-05   22.2   0.9   234   293   119   180   117   181 0.93 -
NODE_4622_length_14850_cov_33.046980:146-1763    -            388 55416at7898          -            459   2.3e-19   67.5  13.7   3   3   1.7e-07   6.6e-06   23.2   0.5    61   118   168   225   162   243 0.87 -
NODE_22182_length_9010_cov_23.639883:7365-7931   -            189 55416at7898          -            459   6.9e-19   65.9   3.0   1   1   3.3e-20   1.3e-18   65.1   3.0    25   204     2   180     1   188 0.85 -
NODE_393321_length_359_cov_0.611538:1-324        -            108 55416at7898          -            459   1.2e-18   65.2   1.8   1   1   3.8e-20   1.5e-18   64.9   1.8    38   134     2    98     1   106 0.72 -
NODE_180613_length_1925_cov_2.082147:1007-1579   -            191 55416at7898          -            459   4.9e-18   63.1   8.5   1   2   2.8e-15   1.1e-13   48.8   1.7    41   140    21   120    15   126 0.95 -
NODE_180613_length_1925_cov_2.082147:1007-1579   -            191 55416at7898          -            459   4.9e-18   63.1   8.5   2   2   5.3e-06   0.00021   18.2   0.7    37    94   132   189   125   191 0.87 -
NODE_31131_length_7758_cov_33.423815:518-1237    -            240 55416at7898          -            459     7e-18   62.6   9.3   1   2   1.6e-09   6.2e-08   29.8   5.3    60   198     5   149     1   152 0.84 -
NODE_31131_length_7758_cov_33.423815:518-1237    -            240 55416at7898          -            459     7e-18   62.6   9.3   2   2   1.2e-11   4.8e-10   36.8   0.1    55   135   146   226   141   236 0.92 -
NODE_114234_length_3311_cov_30.417186:1734-2306  -            191 55416at7898          -            459   5.4e-17   59.7   7.5   1   1     3e-18   1.2e-16   58.6   7.5    43   184    23   166     8   176 0.61 -
NODE_17625_length_9860_cov_35.171806:6155-6715   -            187 55416at7898          -            459   7.3e-17   59.3   9.0   1   2   1.7e-11   6.7e-10   36.3   0.5   102   192     6    96     2   112 0.82 -
NODE_17625_length_9860_cov_35.171806:6155-6715   -            187 55416at7898          -            459   7.3e-17   59.3   9.0   2   2   1.1e-10   4.2e-09   33.7   2.4    61   182    32   159    30   165 0.86 -
NODE_75817_length_4649_cov_39.459341:2883-3725   -            281 55416at7898          -            459   1.8e-15   54.7   7.5   1   3   4.6e-06   0.00018   18.4   0.4    36   100    82   150    62   153 0.85 -
NODE_75817_length_4649_cov_39.459341:2883-3725   -            281 55416at7898          -            459   1.8e-15   54.7   7.5   2   3    0.0088      0.34    7.6   0.0    37    71   154   189   151   197 0.81 -
NODE_75817_length_4649_cov_39.459341:2883-3725   -            281 55416at7898          -            459   1.8e-15   54.7   7.5   3   3   4.3e-10   1.7e-08   31.7   0.8   122   192   197   267   191   274 0.92 -
NODE_39880_length_6866_cov_22.465790:1349-2809   -            487 55416at7898          -            459   6.7e-15   52.8  10.1   1   2   4.2e-12   1.6e-10   38.3   3.8    87   214    46   179    33   181 0.87 -
NODE_39880_length_6866_cov_22.465790:1349-2809   -            487 55416at7898          -            459   6.7e-15   52.8  10.1   2   2   9.2e-08   3.6e-06   24.0   1.3   123   291   156   341   153   357 0.82 -
NODE_95260_length_3898_cov_25.400632:2602-3201   -            200 55416at7898          -            459   6.7e-15   52.8  10.9   1   2   1.3e-07   5.2e-06   23.5   2.9   147   212    14    82     1    84 0.80 -
NODE_95260_length_3898_cov_25.400632:2602-3201   -            200 55416at7898          -            459   6.7e-15   52.8  10.9   2   2   2.5e-12   9.5e-11   39.1   2.6    28   167    58   200    58   200 0.92 -
NODE_62346_length_5313_cov_34.065593:1474-2037   -            188 55416at7898          -            459   7.9e-15   52.6  12.0   1   1   1.1e-12   4.2e-11   40.3   6.1   235   339    78   186    77   188 0.86 -
NODE_117719_length_3216_cov_21.155278:1428-2201  -            258 55416at7898          -            459   4.6e-14   50.0   7.6   1   2    0.0014     0.056   10.2   0.1   121   185    23    86     3    88 0.50 -
NODE_117719_length_3216_cov_21.155278:1428-2201  -            258 55416at7898          -            459   4.6e-14   50.0   7.6   2   2   3.9e-15   1.5e-13   48.3   5.6    21   209    60   256    53   258 0.87 -
NODE_69290_length_4952_cov_30.923758:2474-3199   -            242 55416at7898          -            459   5.5e-14   49.8  11.4   1   2   1.7e-06   6.7e-05   19.8   0.2    23    77     9    64     1    67 0.87 -
NODE_69290_length_4952_cov_30.923758:2474-3199   -            242 55416at7898          -            459   5.5e-14   49.8  11.4   2   2   3.9e-12   1.5e-10   38.5   7.7    40   184    50   200    48   213 0.89 -
NODE_173895_length_2034_cov_25.396899:378-1022   -            215 55416at7898          -            459   7.7e-14   49.3   8.2   1   1   5.6e-14   2.2e-12   44.5   8.2    90   235     2   157     1   170 0.85 -
NODE_250892_length_1035_cov_95.089744:182-997    -            272 55416at7898          -            459   7.8e-14   49.3  13.8   1   2   2.9e-13   1.1e-11   42.2   7.5    39   190    64   221    50   224 0.88 -
NODE_250892_length_1035_cov_95.089744:182-997    -            272 55416at7898          -            459   7.8e-14   49.3  13.8   2   2   1.8e-06   6.9e-05   19.8   4.5   108   193   184   272   182   272 0.82 -
NODE_46198_length_6346_cov_22.943173:888-4790    -            144 55416at7898          -            459   8.1e-14   49.2   0.4   1   1   2.9e-15   1.1e-13   48.8   0.4    18   135     2   125     1   143 0.85 -
NODE_12195_length_11249_cov_108.891839:1685-2584 -            300 55416at7898          -            459   1.3e-13   48.5   4.7   1   2       0.2       7.8    3.1   0.1   140   184    22    65    13    67 0.60 -
NODE_12195_length_11249_cov_108.891839:1685-2584 -            300 55416at7898          -            459   1.3e-13   48.5   4.7   2   2   1.3e-14   5.1e-13   46.6   2.1    21   222    64   273    62   281 0.86 -
NODE_37723_length_7069_cov_47.955811:1354-2106   -            251 55416at7898          -            459   1.4e-13   48.4   1.6   1   2   6.5e-10   2.5e-08   31.1   0.5    28   167    47   187    24   188 0.83 -
NODE_37723_length_7069_cov_47.955811:1354-2106   -            251 55416at7898          -            459   1.4e-13   48.4   1.6   2   2   1.1e-06   4.1e-05   20.5   0.1    37    95   172   231   169   245 0.89 -
NODE_44875_length_6445_cov_31.015916:2924-4300   -            459 55416at7898          -            459   2.3e-13   47.7   3.2   1   1   8.7e-15   3.4e-13   47.2   3.2    23   190    42   213    19   228 0.87 -
NODE_7557_length_12988_cov_25.245403:5518-6741   -            408 55416at7898          -            459   3.2e-13   47.2   8.4   1   2   2.1e-07   8.3e-06   22.8   0.8    78   192    17   132     9   147 0.76 -
NODE_7557_length_12988_cov_25.245403:5518-6741   -            408 55416at7898          -            459   3.2e-13   47.2   8.4   2   2   1.7e-11   6.4e-10   36.4   1.4    24   184   102   267   101   275 0.84 -
NODE_35474_length_7288_cov_25.503130:2552-3940   -            463 55416at7898          -            459   3.3e-13   47.2   4.1   1   1     2e-14   7.9e-13   46.0   4.1    23   190    41   211    35   216 0.85 -
NODE_40069_length_6850_cov_36.657828:4795-5373   -            193 55416at7898          -            459   4.7e-13   46.7   8.8   1   1   1.4e-14   5.4e-13   46.5   8.8    65   226     2   175     1   189 0.84 -
NODE_51380_length_5980_cov_27.937426:2141-3364   -            408 55416at7898          -            459   6.2e-13   46.3   5.9   1   2   0.00063     0.025   11.4   0.2   143   213    36   107    21   110 0.77 -
NODE_51380_length_5980_cov_27.937426:2141-3364   -            408 55416at7898          -            459   6.2e-13   46.3   5.9   2   2   9.2e-13   3.6e-11   40.5   2.1    24   184   102   267    94   275 0.84 -
NODE_296798_length_651_cov_76.110507:47-649      -            201 55416at7898          -            459   6.3e-13   46.3   1.9   1   2   2.3e-05   0.00087   16.2   0.1    81   140     9    70     3    77 0.71 -
NODE_296798_length_651_cov_76.110507:47-649      -            201 55416at7898          -            459   6.3e-13   46.3   1.9   2   2   6.1e-10   2.4e-08   31.2   0.2    20   143    66   193    58   199 0.82 -
NODE_77443_length_4579_cov_29.039509:2720-3337   -            206 55416at7898          -            459   8.1e-13   45.9   1.6   1   1   2.4e-14   9.5e-13   45.7   1.6   107   238    21   164     6   191 0.86 -
NODE_50233_length_6057_cov_28.999329:1637-3226   -            530 55416at7898          -            459   1.4e-12   45.2  18.6   1   2   1.2e-10   4.6e-09   33.6   1.6    68   194    44   172    35   194 0.85 -
NODE_50233_length_6057_cov_28.999329:1637-3226   -            530 55416at7898          -            459   1.4e-12   45.2  18.6   2   2   4.6e-05    0.0018   15.1   9.4    35   184   318   473   311   489 0.85 -
NODE_34302_length_7406_cov_31.454085:6025-6807   -            261 55416at7898          -            459   1.5e-12   45.0  10.9   1   2   7.6e-14   2.9e-12   44.1   6.7    17   212    13   216     7   218 0.82 -
NODE_34302_length_7406_cov_31.454085:6025-6807   -            261 55416at7898          -            459   1.5e-12   45.0  10.9   2   2     0.043       1.7    5.3   0.7   111   164   206   261   201   261 0.81 -
NODE_70909_length_4876_cov_33.348336:1453-3012   -            520 55416at7898          -            459   1.6e-12   44.9  14.7   1   2   2.5e-07   9.7e-06   22.6   6.8    87   214    43   172    26   195 0.43 -
NODE_70909_length_4876_cov_33.348336:1453-3012   -            520 55416at7898          -            459   1.6e-12   44.9  14.7   2   2   1.9e-08   7.5e-07   26.3   2.1    37   208   179   360   171   364 0.83 -
NODE_15320_length_10396_cov_28.782170:4574-6031  -            486 55416at7898          -            459   1.9e-12   44.7  12.4   1   2   3.1e-10   1.2e-08   32.2   3.8    68   211    17   164     5   168 0.84 -
NODE_15320_length_10396_cov_28.782170:4574-6031  -            486 55416at7898          -            459   1.9e-12   44.7  12.4   2   2   1.4e-06   5.4e-05   20.1   2.1   124   284   145   322   142   363 0.77 -
NODE_950_length_21308_cov_44.412325:18356-19768  -            471 55416at7898          -            459   2.4e-12   44.4  25.4   1   4   3.7e-06   0.00014   18.7   6.9   108   229     4   135     2   146 0.69 -
NODE_950_length_21308_cov_44.412325:18356-19768  -            471 55416at7898          -            459   2.4e-12   44.4  25.4   2   4    0.0026     0.099    9.4   0.1   339   378   141   180   135   198 0.87 -
NODE_950_length_21308_cov_44.412325:18356-19768  -            471 55416at7898          -            459   2.4e-12   44.4  25.4   3   4   6.4e-05    0.0025   14.7   0.9    33   139   221   330   211   340 0.75 -
NODE_950_length_21308_cov_44.412325:18356-19768  -            471 55416at7898          -            459   2.4e-12   44.4  25.4   4   4   0.00012    0.0046   13.8   0.5    57   165   355   462   338   469 0.81 -
NODE_41748_length_6700_cov_46.595819:4037-4996   -            320 55416at7898          -            459     3e-12   44.0   7.0   1   2   1.2e-07   4.7e-06   23.6   4.1   122   227    60   171    38   181 0.78 -
NODE_41748_length_6700_cov_46.595819:4037-4996   -            320 55416at7898          -            459     3e-12   44.0   7.0   2   2   8.1e-07   3.1e-05   20.9   0.0    78   147   202   272   173   290 0.84 -
NODE_82714_length_4362_cov_29.339198:748-3679    -            340 55416at7898          -            459   5.4e-12   43.2   8.7   1   3      0.01      0.39    7.4   0.1    29    87    86   147    72   150 0.67 -
NODE_82714_length_4362_cov_29.339198:748-3679    -            340 55416at7898          -            459   5.4e-12   43.2   8.7   2   3   5.4e-06   0.00021   18.2   1.0   122   212   113   203   109   206 0.75 -
NODE_82714_length_4362_cov_29.339198:748-3679    -            340 55416at7898          -            459   5.4e-12   43.2   8.7   3   3   1.2e-08   4.7e-07   26.9   1.0    38   143   210   324   206   338 0.80 -
NODE_115033_length_3289_cov_31.054232:642-1409   -            256 55416at7898          -            459   6.2e-12   43.0   8.8   1   2   1.2e-07   4.6e-06   23.7   1.3   178   293    32   159    14   177 0.78 -
NODE_115033_length_3289_cov_31.054232:642-1409   -            256 55416at7898          -            459   6.2e-12   43.0   8.8   2   2   6.3e-10   2.4e-08   31.2   5.7    38   189   100   256    99   256 0.86 -
NODE_357_length_25899_cov_72.245891:12242-12970  -            243 55416at7898          -            459     9e-12   42.5   1.0   1   1   2.9e-13   1.1e-11   42.2   1.0     4   193    11   195     8   223 0.73 -
NODE_79360_length_4497_cov_34.904729:1266-2351   -            335 55416at7898          -            459     1e-11   42.3  11.3   1   3      0.12       4.8    3.8   0.4   235   295    67   131    51   143 0.67 -
NODE_79360_length_4497_cov_34.904729:1266-2351   -            335 55416at7898          -            459     1e-11   42.3  11.3   2   3   9.8e-13   3.8e-11   40.4   9.8   126   317    90   294    82   312 0.79 -
NODE_79360_length_4497_cov_34.904729:1266-2351   -            335 55416at7898          -            459     1e-11   42.3  11.3   3   3    0.0017     0.067    9.9   0.2   149   269   253   317   247   334 0.44 -
NODE_78194_length_4547_cov_29.602743:2316-4087   -            226 55416at7898          -            459   1.5e-11   41.8   8.2   1   2   5.6e-12   2.2e-10   37.9   3.4    79   214     4   138     1   140 0.87 -
NODE_78194_length_4547_cov_29.602743:2316-4087   -            226 55416at7898          -            459   1.5e-11   41.8   8.2   2   2     0.021      0.82    6.4   0.2   124   187   143   206   138   221 0.78 -
NODE_124864_length_3030_cov_36.624019:1354-2172  -            273 55416at7898          -            459     2e-11   41.3  19.9   1   2   2.4e-08   9.2e-07   26.0   4.9    44   184    39   181    30   189 0.77 -
NODE_124864_length_3030_cov_36.624019:1354-2172  -            273 55416at7898          -            459     2e-11   41.3  19.9   2   2     4e-09   1.5e-07   28.5   7.0    37   186   101   252    99   265 0.83 -
NODE_8590_length_12532_cov_37.345049:9269-10666  -            466 55416at7898          -            459   2.5e-11   41.0   5.1   1   1     0.012      0.47    7.1   0.0    64    97    59    93    54    95 0.85 -
NODE_45504_length_6397_cov_36.610670:624-1985    -            454 55416at7898          -            459   3.8e-11   40.4   5.4   1   1   3.1e-11   1.2e-09   35.5   5.4   102   233    72   214    41   220 0.65 -
NODE_54483_length_5774_cov_74.376035:3107-4492   -            462 55416at7898          -            459   3.8e-11   40.4   1.5   1   1   1.4e-12   5.5e-11   39.9   1.5   146   272    51   193    31   206 0.83 -
NODE_52297_length_5918_cov_35.457295:3123-3854   -            244 55416at7898          -            459   3.9e-11   40.4   1.2   1   1   1.2e-12   4.7e-11   40.1   1.2    32   191    56   221    25   243 0.79 -
NODE_23809_length_8735_cov_27.405975:6719-8437   -            573 55416at7898          -            459   5.8e-11   39.8  16.1   1   2   6.6e-09   2.6e-07   27.8   5.2   122   248    64   194    27   202 0.84 -
NODE_23809_length_8735_cov_27.405975:6719-8437   -            573 55416at7898          -            459   5.8e-11   39.8  16.1   2   2   1.9e-05   0.00073   16.4   3.1    39   182   373   521   354   541 0.74 -
NODE_85122_length_4262_cov_38.004084:1227-2060   -            278 55416at7898          -            459   9.4e-11   39.1   8.5   1   3    0.0052       0.2    8.4   0.0   309   380    44   115    26   120 0.61 -
NODE_85122_length_4262_cov_38.004084:1227-2060   -            278 55416at7898          -            459   9.4e-11   39.1   8.5   2   3   6.3e-06   0.00024   18.0   0.9   152   234   102   191    98   196 0.78 -
NODE_85122_length_4262_cov_38.004084:1227-2060   -            278 55416at7898          -            459   9.4e-11   39.1   8.5   3   3   5.7e-07   2.2e-05   21.4   1.2    30   115   190   278   184   278 0.82 -
NODE_26216_length_8382_cov_22.040444:3534-4085   -            184 55416at7898          -            459   1.6e-10   38.4   2.2   1   2   1.7e-11   6.6e-10   36.3   1.8   102   204     6   110     2   150 0.80 -
NODE_26216_length_8382_cov_22.040444:3534-4085   -            184 55416at7898          -            459   1.6e-10   38.4   2.2   2   2      0.47        18    1.9   0.1   152   206   103   161    92   172 0.52 -
NODE_81174_length_4423_cov_28.369103:1532-2920   -            463 55416at7898          -            459   1.8e-10   38.2   3.6   1   1   1.6e-11   6.1e-10   36.4   3.5   142   272    48   194    32   202 0.80 -
NODE_30689_length_7811_cov_26.943465:3698-4324   -            209 55416at7898          -            459   2.3e-10   37.8   2.4   1   1   4.3e-11   1.7e-09   35.0   2.4    61   184    33   162    11   165 0.78 -
NODE_42302_length_6652_cov_50.779796:3469-4026   -            186 55416at7898          -            459   2.7e-10   37.6   7.1   1   1   8.4e-12   3.3e-10   37.3   7.1    62   206    35   186    24   186 0.84 -
NODE_12234_length_11238_cov_32.850974:7916-8671  -            252 55416at7898          -            459   3.8e-10   37.1  12.9   1   2   0.00018    0.0071   13.1   1.2   134   212     6    84     3    89 0.78 -
NODE_12234_length_11238_cov_32.850974:7916-8671  -            252 55416at7898          -            459   3.8e-10   37.1  12.9   2   2   2.2e-09   8.6e-08   29.4   4.8   147   235    88   184    82   193 0.80 -
NODE_55396_length_5716_cov_34.058750:3105-3935   -            277 55416at7898          -            459     4e-10   37.1   7.9   1   1   4.3e-11   1.7e-09   35.0   7.9   103   290    75   275    59   277 0.80 -
NODE_138533_length_2708_cov_33.168647:1572-2417  -            282 55416at7898          -            459   4.5e-10   36.9  10.3   1   2     2e-10     8e-09   32.8   4.8    16   186    34   210    25   212 0.64 -
NODE_138533_length_2708_cov_33.168647:1572-2417  -            282 55416at7898          -            459   4.5e-10   36.9  10.3   2   2   6.2e-05    0.0024   14.7   0.2    14   137   128   258   127   269 0.75 -
NODE_12365_length_11202_cov_35.104386:8949-9707  -            253 55416at7898          -            459   5.3e-10   36.6  11.4   1   3      0.02      0.76    6.5   0.2   165   213    44    91    22    93 0.74 -
NODE_12365_length_11202_cov_35.104386:8949-9707  -            253 55416at7898          -            459   5.3e-10   36.6  11.4   2   3   0.00012    0.0048   13.7   0.3    37   100    75   142    66   145 0.83 -
NODE_12365_length_11202_cov_35.104386:8949-9707  -            253 55416at7898          -            459   5.3e-10   36.6  11.4   3   3   3.3e-09   1.3e-07   28.8   5.9    38   186   100   253   100   253 0.84 -
NODE_94287_length_3931_cov_25.043580:1987-3363   -            459 55416at7898          -            459   5.9e-10   36.5   2.8   1   1   3.1e-11   1.2e-09   35.5   2.8    95   274    65   215    40   245 0.45 -
NODE_16381_length_10141_cov_40.330910:638-1300   -            221 55416at7898          -            459   7.4e-10   36.2   7.6   1   1   3.4e-11   1.3e-09   35.3   7.6    98   270    16   205     6   214 0.80 -
NODE_11773_length_11383_cov_26.684864:2782-5970  -            678 55416at7898          -            459     1e-09   35.7   2.8   1   1   7.5e-11   2.9e-09   34.2   2.8    85   234    54   215    46   220 0.81 -
NODE_122350_length_3095_cov_24.992991:278-1114   -            279 55416at7898          -            459   1.1e-09   35.6   3.3   1   1   3.4e-10   1.3e-08   32.1   3.3    37   250    11   240     8   262 0.50 -
NODE_15727_length_10299_cov_44.676863:1265-2638  -            458 55416at7898          -            459   1.7e-09   35.0   0.9   1   2   4.4e-05    0.0017   15.2   0.1    63   132    55   127    50   136 0.75 -
NODE_15727_length_10299_cov_44.676863:1265-2638  -            458 55416at7898          -            459   1.7e-09   35.0   0.9   2   2     2e-06   7.9e-05   19.6   0.4   145   236   117   217   114   231 0.78 -
NODE_30578_length_7822_cov_56.045967:3565-4284   -            240 55416at7898          -            459   2.5e-09   34.5   0.5   1   1   7.8e-11     3e-09   34.2   0.5    78   230    35   198     6   237 0.57 -
NODE_39097_length_6938_cov_33.095628:2538-3419   -            294 55416at7898          -            459   2.6e-09   34.4   1.8   1   1     1e-10     4e-09   33.8   1.8    40   145     8   117     4   136 0.87 -
NODE_28912_length_8021_cov_32.390432:4987-6678   -            309 55416at7898          -            459   2.9e-09   34.2   9.3   1   1   1.1e-10   4.4e-09   33.6   9.3   123   311    49   254    37   267 0.82 -
NODE_33118_length_7535_cov_29.740990:236-2896    -            218 55416at7898          -            459   3.8e-09   33.8   0.1   1   1   1.2e-10   4.6e-09   33.6   0.1   132   253    14   140     4   171 0.72 -
NODE_3705_length_15732_cov_35.772724:635-13989   -            735 55416at7898          -            459   4.5e-09   33.6   2.8   1   1   2.8e-10   1.1e-08   32.3   2.8    33   191    17   193     6   216 0.77 -
NODE_46991_length_6286_cov_28.536771:4905-5468   -            188 55416at7898          -            459   8.7e-09   32.6   0.8   1   1   2.8e-10   1.1e-08   32.3   0.8    37   161    44   173    23   176 0.78 -
NODE_100852_length_3712_cov_32.653750:1654-2670  -            339 55416at7898          -            459   9.6e-09   32.5   5.6   1   1   3.3e-10   1.3e-08   32.1   5.6    40   191    32   194     7   242 0.83 -
NODE_89265_length_4108_cov_40.790721:1708-2313   -            202 55416at7898          -            459     1e-08   32.4   8.5   1   1   2.4e-09   9.4e-08   29.2   7.8    89   250    38   185    26   192 0.45 -
NODE_211287_length_1490_cov_33.702372:1167-1454  -             96 55416at7898          -            459   1.1e-08   32.3   1.8   1   1   8.5e-10   3.3e-08   30.7   1.8   130   215     4    92     1    96 0.77 -
NODE_60124_length_5437_cov_32.263957:3163-3819   -            219 55416at7898          -            459   1.4e-08   31.9   3.9   1   1   3.9e-09   1.5e-07   28.6   3.6    51   207    30   205    17   213 0.71 -
NODE_51659_length_5960_cov_21.784678:3124-4050   -            309 55416at7898          -            459   3.4e-08   30.7   1.7   1   1   1.2e-09   4.7e-08   30.2   1.7    24   184     8   173     1   182 0.81 -
NODE_81761_length_4398_cov_29.933938:1437-3891   -            220 55416at7898          -            459   3.6e-08   30.6   0.4   1   2    0.0074      0.29    7.9   0.0    44    97     8    60     1    78 0.63 -
NODE_81761_length_4398_cov_29.933938:1437-3891   -            220 55416at7898          -            459   3.6e-08   30.6   0.4   2   2   6.2e-07   2.4e-05   21.3   0.1    37   120    82   167    77   189 0.89 -
NODE_95260_length_3898_cov_25.400632:2941-3258   -            106 55416at7898          -            459   3.7e-08   30.6   1.4   1   1     1e-09   3.9e-08   30.5   1.4    87   184     5   105     1   106 0.89 -
NODE_170353_length_2093_cov_32.823972:810-2063   -            418 55416at7898          -            459   4.3e-08   30.3   6.2   1   1   3.9e-09   1.5e-07   28.5   6.2    81   307     4   253     1   268 0.75 -
NODE_59297_length_5485_cov_21.028778:162-518     -            119 55416at7898          -            459   5.6e-08   30.0   0.5   1   1   1.6e-09   6.2e-08   29.8   0.5   131   219     6    96     1   111 0.85 -
NODE_68986_length_4968_cov_24.703635:2711-3538   -            276 55416at7898          -            459   8.2e-08   29.4   4.6   1   1   0.00062     0.024   11.4   0.1   145   191    14    61     2    77 0.75 -
NODE_40035_length_6853_cov_31.698253:1674-2246   -            191 55416at7898          -            459   8.8e-08   29.3   2.0   1   2   1.3e-05    0.0005   16.9   0.2   162   238     9    94     2    95 0.74 -
NODE_40035_length_6853_cov_31.698253:1674-2246   -            191 55416at7898          -            459   8.8e-08   29.3   2.0   2   2    0.0052       0.2    8.4   0.1    24    77   107   161   103   177 0.85 -
NODE_793_length_22058_cov_27.210119:9619-10293   -            225 55416at7898          -            459   9.1e-08   29.3   1.4   1   1   8.4e-09   3.3e-07   27.4   1.6    38   185    33   178    20   184 0.63 -
NODE_9793_length_12059_cov_32.340134:3371-4615   -            415 55416at7898          -            459     1e-07   29.1   4.8   1   2   9.2e-06   0.00036   17.4   0.2   107   191    54   138    18   163 0.70 -
NODE_9793_length_12059_cov_32.340134:3371-4615   -            415 55416at7898          -            459     1e-07   29.1   4.8   2   2    0.0016     0.061   10.1   0.1   121   184   209   274   199   278 0.83 -
NODE_23_length_42078_cov_176.768051:10049-11275  -            409 55416at7898          -            459   1.1e-07   29.1   7.3   1   1   5.2e-06    0.0002   18.3   3.0    27   184   102   265   102   274 0.80 -
NODE_23_length_42078_cov_176.768051:30802-32028  -            409 55416at7898          -            459   1.1e-07   29.1   7.3   1   1   5.2e-06    0.0002   18.3   3.0    27   184   102   265   102   274 0.80 -
NODE_110167_length_3429_cov_28.116216:2172-2894  -            241 55416at7898          -            459   1.3e-07   28.8   8.7   1   2   2.2e-05   0.00085   16.2   1.3   113   186    42   118    35   125 0.86 -
NODE_110167_length_3429_cov_28.116216:2172-2894  -            241 55416at7898          -            459   1.3e-07   28.8   8.7   2   2   1.6e-05   0.00062   16.6   1.2   123   168   125   170   116   204 0.82 -
NODE_135084_length_2787_cov_27.526414:997-1698   -            234 55416at7898          -            459   1.5e-07   28.6   2.7   1   1   7.6e-09   2.9e-07   27.6   2.7    62   206    40   191    26   211 0.85 -
NODE_7952_length_12816_cov_30.231265:9890-10531  -            214 55416at7898          -            459   1.7e-07   28.4   3.1   1   1     1e-08   3.9e-07   27.2   3.1    93   224    24   161     6   183 0.67 -
NODE_88990_length_4118_cov_34.424235:1449-2045   -            199 55416at7898          -            459   2.8e-07   27.7   0.4   1   1   8.3e-09   3.2e-07   27.5   0.4   153   273     2   129     1   150 0.82 -
NODE_5675_length_14077_cov_35.708256:1342-2317   -            239 55416at7898          -            459   2.8e-07   27.7  10.7   1   1   1.5e-07   5.7e-06   23.4  10.7    58   246     2   203     1   237 0.69 -
NODE_27802_length_8159_cov_37.857568:4060-4758   -            233 55416at7898          -            459   4.6e-07   27.0   6.1   1   3     0.097       3.8    4.2   0.0   160   185     5    31     1    39 0.77 -
NODE_27802_length_8159_cov_37.857568:4060-4758   -            233 55416at7898          -            459   4.6e-07   27.0   6.1   2   3   2.2e-06   8.7e-05   19.5   0.8    13    88    46   120    39   120 0.87 -
NODE_27802_length_8159_cov_37.857568:4060-4758   -            233 55416at7898          -            459   4.6e-07   27.0   6.1   3   3    0.0054      0.21    8.3   0.2    28    78   109   160   107   175 0.84 -
NODE_8964_length_12379_cov_37.915961:4310-5029   -            240 55416at7898          -            459   5.7e-07   26.7   0.5   1   1   3.3e-08   1.3e-06   25.5   0.5    60   191    38   173    22   191 0.79 -
NODE_111516_length_3388_cov_24.836120:1514-2287  -            258 55416at7898          -            459   6.5e-07   26.5   3.8   1   2    0.0013     0.051   10.3   0.5   141   211    70   143    42   144 0.77 -
NODE_111516_length_3388_cov_24.836120:1514-2287  -            258 55416at7898          -            459   6.5e-07   26.5   3.8   2   2   2.8e-06   0.00011   19.2   0.7    38    98   130   191   124   210 0.84 -
NODE_98896_length_3775_cov_28.128945:1269-1553   -             95 55416at7898          -            459   1.3e-06   25.5   0.7   1   1   0.00065     0.025   11.3   0.1   168   204    11    46     5    49 0.88 -
NODE_119597_length_3167_cov_28.115711:1002-1724  -            241 55416at7898          -            459   1.5e-06   25.3   3.2   1   1   9.5e-08   3.7e-06   24.0   2.5    41   177    43   185    36   202 0.48 -
NODE_207931_length_1535_cov_29.974930:107-433    -            109 55416at7898          -            459   2.3e-06   24.7   0.0   1   1   8.1e-08   3.1e-06   24.2   0.0    30   230    39   108     5   109 0.41 -
NODE_4283_length_15151_cov_27.032155:3823-4407   -            195 55416at7898          -            459   2.7e-06   24.4   1.3   1   1   9.3e-08   3.6e-06   24.0   1.3   133   237    13   126     2   138 0.79 -
NODE_24234_length_8666_cov_29.140773:6899-7795   -            299 55416at7898          -            459   4.4e-06   23.7   2.5   1   1   2.1e-07   8.3e-06   22.8   2.4    37   208    72   252    55   261 0.75 -
NODE_33118_length_7535_cov_29.740990:737-1831    -            365 55416at7898          -            459   5.5e-06   23.4   4.5   1   1   3.3e-07   1.3e-05   22.2   4.5    19   291    23   196     7   231 0.48 -
NODE_52322_length_5916_cov_224.821042:4308-4898  -            197 55416at7898          -            459     1e-05   22.5   0.1   1   1   4.7e-07   1.8e-05   21.7   0.0   214   305    87   188    59   197 0.71 -
NODE_50898_length_6014_cov_28.646999:3849-4559   -            237 55416at7898          -            459   1.2e-05   22.3   9.4   1   2   6.5e-06   0.00025   17.9   5.3   120   286    45   176     8   189 0.47 -
NODE_50898_length_6014_cov_28.646999:3849-4559   -            237 55416at7898          -            459   1.2e-05   22.3   9.4   2   2     0.022      0.85    6.3   0.8   150   212   168   233   165   236 0.62 -
NODE_54017_length_5802_cov_31.204278:3280-4104   -            275 55416at7898          -            459   1.6e-05   21.9   4.4   1   1   7.4e-07   2.9e-05   21.0   4.1    79   207    16   159     6   186 0.81 -
NODE_7723_length_12908_cov_25.969553:11044-11622 -            193 55416at7898          -            459   4.1e-05   20.5   0.2   1   1   1.3e-06     5e-05   20.2   0.2   141   238    30   133     6   152 0.76 -
NODE_8648_length_12508_cov_33.058022:6031-6726   -            232 55416at7898          -            459   4.4e-05   20.4   1.4   1   1   1.7e-06   6.6e-05   19.9   1.4    35   165    64   199    44   228 0.54 -
NODE_50233_length_6057_cov_28.999329:2486-3175   -            230 55416at7898          -            459   7.5e-05   19.7   9.8   1   1   7.9e-06   0.00031   17.7   9.7    35   184    35   190    29   205 0.85 -
NODE_3951_length_15474_cov_35.607154:13163-13993 -            277 55416at7898          -            459   9.2e-05   19.4   9.4   1   3     0.059       2.3    4.9   0.1   174   219     9    54     5    82 0.80 -
NODE_3951_length_15474_cov_35.607154:13163-13993 -            277 55416at7898          -            459   9.2e-05   19.4   9.4   2   3     0.032       1.2    5.8   0.2   136   177    73   111    56   122 0.44 -
NODE_3951_length_15474_cov_35.607154:13163-13993 -            277 55416at7898          -            459   9.2e-05   19.4   9.4   3   3   0.00029     0.011   12.5   2.6    32   137   146   263   117   274 0.54 -
NODE_119597_length_3167_cov_28.115711:2112-2735  -            208 55416at7898          -            459   0.00011   19.2   3.7   1   2     0.049       1.9    5.1   0.4   156   209    51   107    38   118 0.74 -
NODE_119597_length_3167_cov_28.115711:2112-2735  -            208 55416at7898          -            459   0.00011   19.2   3.7   2   2   3.1e-05    0.0012   15.7   0.2    36    98   118   181   107   204 0.77 -
NODE_124468_length_3041_cov_26.705642:997-1845   -            283 55416at7898          -            459   0.00011   19.1   2.0   1   1   4.3e-06   0.00017   18.5   2.0    55   184    10   153     4   161 0.74 -
NODE_339692_length_474_cov_73.634667:19-300      -             94 55416at7898          -            459   0.00019   18.4   0.1   1   1   6.9e-06   0.00027   17.8   0.1   110   185    16    93     1    94 0.50 -
NODE_60124_length_5437_cov_32.263957:1879-2529   -            217 55416at7898          -            459   0.00024   18.0   6.2   1   2     0.038       1.5    5.5   0.2   269   304     6    41     1    56 0.52 -
NODE_60124_length_5437_cov_32.263957:1879-2529   -            217 55416at7898          -            459   0.00024   18.0   6.2   2   2   0.00026      0.01   12.6   1.5    54   181    65   214    52   217 0.59 -
NODE_122516_length_3089_cov_37.265552:399-1266   -            216 55416at7898          -            459    0.0014   15.5   0.4   1   1   4.7e-05    0.0018   15.1   0.4   110   172   123   187    90   214 0.48 -
NODE_12457_length_11171_cov_35.266980:1502-1840  -            113 55416at7898          -            459    0.0027   14.5   0.3   1   1   0.00049     0.019   11.7   0.3    78   166    18    93     1   113 0.43 -
NODE_10268_length_11889_cov_39.170992:7339-7860  -            174 55416at7898          -            459    0.0071   13.2   0.2   1   1   0.00026      0.01   12.7   0.2   235   291    22    80     8   108 0.69 -
#
# Program:         hmmsearch
# Version:         3.1b2 (February 2015)
# Pipeline mode:   SEARCH
# Query file:      /home/e1garcia/shotgun_PIRE/abyss/busco_downloads/lineages/actinopterygii_odb10/hmms/55416at7898.hmm
# Target file:     /home/e1garcia/shotgun_PIRE/pire_ssl_data_processing/plotosus_lineatus/busco_contigs_results-SPAdes_decontam_R1R2_noIsolate/run_actinopterygii_odb10/metaeuk_output/rerun_results/contigs.modified.fasta.modified.fas
# Option settings: hmmsearch --domtblout /home/e1garcia/shotgun_PIRE/pire_ssl_data_processing/plotosus_lineatus/busco_contigs_results-SPAdes_decontam_R1R2_noIsolate/run_actinopterygii_odb10/hmmer_output/rerun_results/55416at7898.out --cpu 1 /home/e1garcia/shotgun_PIRE/abyss/busco_downloads/lineages/actinopterygii_odb10/hmms/55416at7898.hmm /home/e1garcia/shotgun_PIRE/pire_ssl_data_processing/plotosus_lineatus/busco_contigs_results-SPAdes_decontam_R1R2_noIsolate/run_actinopterygii_odb10/metaeuk_output/rerun_results/contigs.modified.fasta.modified.fas 
# Current dir:     /home/e1garcia/shotgun_PIRE/pire_ssl_data_processing/plotosus_lineatus
# Date:            Fri Aug 20 14:34:38 2021
# [ok]
