#                                                                                                       --- full sequence --- -------------- this domain -------------   hmm coord   ali coord   env coord
# target name                                   accession   tlen query name           accession   qlen   E-value  score  bias   #  of  c-Evalue  i-Evalue  score  bias  from    to  from    to  from    to  acc description of target
#                           ------------------- ---------- ----- -------------------- ---------- ----- --------- ------ ----- --- --- --------- --------- ------ ----- ----- ----- ----- ----- ----- ----- ---- ---------------------
NODE_17208_length_9950_cov_33.398335:2023-5355  -            270 56874at7898          -            387  7.4e-125  414.7   0.0   1   1  7.2e-128  8.3e-125  414.5   0.0   125   387     2   270     1   270 0.94 -
NODE_6673_length_13472_cov_28.140058:7975-9844  -            168 56874at7898          -            387   1.8e-83  278.5   3.2   1   2   7.4e-44   8.5e-41  138.0   0.3   177   253     1    80     1    82 0.92 -
NODE_6673_length_13472_cov_28.140058:7975-9844  -            168 56874at7898          -            387   1.8e-83  278.5   3.2   2   2   4.7e-45   5.4e-42  141.9   0.1   283   367    82   167    78   168 0.94 -
NODE_107077_length_3520_cov_21.225665:1463-2634 -            200 56874at7898          -            387   5.8e-73  243.9   9.8   1   3   3.9e-34   4.5e-31  106.0   1.3   198   259     1    65     1    71 0.92 -
NODE_107077_length_3520_cov_21.225665:1463-2634 -            200 56874at7898          -            387   5.8e-73  243.9   9.8   2   3   7.4e-27   8.5e-24   82.0   0.1   283   330    68   115    61   118 0.91 -
NODE_107077_length_3520_cov_21.225665:1463-2634 -            200 56874at7898          -            387   5.8e-73  243.9   9.8   3   3     1e-20   1.2e-17   61.8   0.2   327   363   154   190   150   200 0.90 -
NODE_58637_length_5522_cov_69.285820:269-1599   -            412 56874at7898          -            387      0.79    6.4   5.6   1   1    0.0012       1.4    5.6   5.6    37    86   148   195   121   227 0.70 -
#
# Program:         hmmsearch
# Version:         3.1b2 (February 2015)
# Pipeline mode:   SEARCH
# Query file:      /home/e1garcia/shotgun_PIRE/abyss/busco_downloads/lineages/actinopterygii_odb10/hmms/56874at7898.hmm
# Target file:     /home/e1garcia/shotgun_PIRE/pire_ssl_data_processing/plotosus_lineatus/busco_contigs_results-SPAdes_decontam_R1R2_noIsolate/run_actinopterygii_odb10/metaeuk_output/rerun_results/contigs.modified.fasta.modified.fas
# Option settings: hmmsearch --domtblout /home/e1garcia/shotgun_PIRE/pire_ssl_data_processing/plotosus_lineatus/busco_contigs_results-SPAdes_decontam_R1R2_noIsolate/run_actinopterygii_odb10/hmmer_output/rerun_results/56874at7898.out --cpu 1 /home/e1garcia/shotgun_PIRE/abyss/busco_downloads/lineages/actinopterygii_odb10/hmms/56874at7898.hmm /home/e1garcia/shotgun_PIRE/pire_ssl_data_processing/plotosus_lineatus/busco_contigs_results-SPAdes_decontam_R1R2_noIsolate/run_actinopterygii_odb10/metaeuk_output/rerun_results/contigs.modified.fasta.modified.fas 
# Current dir:     /home/e1garcia/shotgun_PIRE/pire_ssl_data_processing/plotosus_lineatus
# Date:            Fri Aug 20 14:40:40 2021
# [ok]
