#                                                                                                        --- full sequence --- -------------- this domain -------------   hmm coord   ali coord   env coord
# target name                                    accession   tlen query name           accession   qlen   E-value  score  bias   #  of  c-Evalue  i-Evalue  score  bias  from    to  from    to  from    to  acc description of target
#                            ------------------- ---------- ----- -------------------- ---------- ----- --------- ------ ----- --- --- --------- --------- ------ ----- ----- ----- ----- ----- ----- ----- ---- ---------------------
NODE_4359_length_15088_cov_45.747948:322-12256   -            320 60173at7898          -            371  1.3e-159  528.8  12.8   1   1  1.6e-159  1.3e-157  522.2  12.8   109   371    15   313     6   313 0.92 -
NODE_26626_length_8320_cov_59.148157:68-556      -            163 60173at7898          -            371   1.4e-10   38.4   0.0   1   1   6.5e-12   5.3e-10   36.5   0.0   161   290     9   161     4   163 0.71 -
NODE_2282_length_17661_cov_39.343355:15521-16189 -            223 60173at7898          -            371   1.7e-09   34.8   0.0   1   1   9.3e-11   7.7e-09   32.7   0.0   143   258    87   219    81   222 0.80 -
NODE_50983_length_6007_cov_33.355281:2049-2852   -            268 60173at7898          -            371     3e-09   34.0   0.1   1   1   7.5e-11   6.2e-09   33.0   0.1   146   290   105   261    23   264 0.80 -
NODE_53930_length_5808_cov_33.269925:437-4531    -            229 60173at7898          -            371   6.7e-09   32.9   0.0   1   1   6.6e-10   5.4e-08   29.9   0.0   146   260    68   195    60   226 0.73 -
NODE_59175_length_5490_cov_40.641810:4032-5014   -             87 60173at7898          -            371   7.3e-09   32.7   0.3   1   1   8.9e-11   7.3e-09   32.7   0.3   138   188    32    82     5    86 0.89 -
NODE_20413_length_9316_cov_34.085277:2980-3504   -            175 60173at7898          -            371   8.7e-09   32.5   0.0   1   1   1.2e-10   9.7e-09   32.3   0.0   138   225    78   165    30   168 0.89 -
NODE_7208_length_13174_cov_42.165660:7146-7919   -            258 60173at7898          -            371   1.4e-08   31.8   0.0   1   1   4.1e-10   3.4e-08   30.5   0.0   149   291    91   249    82   254 0.78 -
NODE_1933_length_18357_cov_45.410505:12287-12754 -            156 60173at7898          -            371   3.2e-08   30.6   0.0   1   1   1.1e-09   8.8e-08   29.2   0.0   159   289    10   151     4   154 0.78 -
NODE_17710_length_9841_cov_39.089920:1549-9000   -            480 60173at7898          -            371   8.3e-08   29.3   0.0   1   1   1.4e-09   1.2e-07   28.7   0.0   149   231   134   215   100   288 0.79 -
NODE_1144_length_20580_cov_52.558078:9008-9739   -            244 60173at7898          -            371     2e-07   28.0   0.0   1   1   7.2e-09   5.9e-07   26.4   0.0   149   291    83   241    77   243 0.80 -
NODE_51818_length_5950_cov_30.968894:1532-2026   -            165 60173at7898          -            371   2.1e-07   27.9   0.0   1   1   2.9e-08   2.4e-06   24.5   0.0   161   290     9   164     3   165 0.68 -
NODE_11470_length_11478_cov_36.884788:3231-3521  -             97 60173at7898          -            371   5.1e-07   26.7   0.6   1   1   6.6e-09   5.5e-07   26.6   0.6   142   207    26    93     9    96 0.81 -
NODE_17080_length_9983_cov_66.492210:2625-3041   -            139 60173at7898          -            371   2.4e-06   24.4   0.0   1   1   3.8e-08   3.1e-06   24.1   0.0   139   200    43   105    36   114 0.86 -
NODE_7173_length_13193_cov_36.716740:761-1285    -            175 60173at7898          -            371   3.2e-06   24.0   0.0   1   1   4.4e-08   3.7e-06   23.9   0.0   140   225    80   165    37   168 0.90 -
NODE_47776_length_6232_cov_34.149519:2747-3775   -            199 60173at7898          -            371   3.4e-06   24.0   0.0   1   1   6.4e-08   5.3e-06   23.3   0.0   143   251    82   198    72   199 0.74 -
NODE_112081_length_3371_cov_35.654340:684-3151   -            418 60173at7898          -            371   4.6e-06   23.5   0.1   1   3   4.8e-07   3.9e-05   20.5   0.1   137   220    53   143    33   153 0.78 -
NODE_112081_length_3371_cov_35.654340:684-3151   -            418 60173at7898          -            371   4.6e-06   23.5   0.1   2   3       5.5   4.6e+02   -2.8   0.0   226   242   276   292   269   305 0.81 -
NODE_112081_length_3371_cov_35.654340:684-3151   -            418 60173at7898          -            371   4.6e-06   23.5   0.1   3   3         1        86   -0.4   0.0   262   291   382   411   373   414 0.88 -
NODE_13094_length_10987_cov_38.645481:329-10513  -            130 60173at7898          -            371   9.2e-06   22.5   0.0   1   1   1.4e-07   1.2e-05   22.2   0.0   141   224    31   106    24   111 0.82 -
NODE_53426_length_5843_cov_34.767061:2338-5817   -            312 60173at7898          -            371   1.1e-05   22.3   0.0   1   1   3.8e-07   3.1e-05   20.8   0.0   224   290    48   111     3   125 0.78 -
NODE_283038_length_749_cov_1.407692:16-663       -            216 60173at7898          -            371   1.4e-05   21.9   0.0   1   1   2.4e-07   1.9e-05   21.5   0.0   149   227   101   178    85   215 0.81 -
NODE_16527_length_10107_cov_38.069644:4464-10073 -            186 60173at7898          -            371   1.6e-05   21.7   0.0   1   1   2.2e-07   1.9e-05   21.5   0.0   135   207     5    77     2   108 0.81 -
NODE_27470_length_8206_cov_51.036882:2344-7077   -            431 60173at7898          -            371   3.7e-05   20.5   0.1   1   2   0.00019     0.016   11.9   0.0   141   204    10    73     7   101 0.81 -
NODE_27470_length_8206_cov_51.036882:2344-7077   -            431 60173at7898          -            371   3.7e-05   20.5   0.1   2   2    0.0077      0.63    6.6   0.0   268   326   210   267   203   314 0.76 -
NODE_1999_length_18173_cov_33.339936:16228-16530 -            101 60173at7898          -            371   5.5e-05   20.0   0.0   1   1   7.6e-07   6.3e-05   19.8   0.0   135   197    38   100    31   101 0.93 -
NODE_81813_length_4395_cov_427.152933:1861-2385  -            175 60173at7898          -            371   6.5e-05   19.7   0.0   1   1   1.3e-06   0.00011   19.0   0.0   143   201   100   158    90   165 0.91 -
NODE_115239_length_3283_cov_37.686872:1777-2340  -            188 60173at7898          -            371   7.4e-05   19.5   0.0   1   1   1.3e-06   0.00011   19.0   0.0   153   201   111   159    92   166 0.90 -
NODE_81612_length_4404_cov_23.418118:3443-4000   -            186 60173at7898          -            371    0.0001   19.1   0.0   1   1     1e-05   0.00084   16.1   0.0   166   289    21   169    13   177 0.62 -
NODE_67602_length_5036_cov_43.110391:2073-3069   -            179 60173at7898          -            371   0.00011   19.0   0.7   1   2       1.3   1.1e+02   -0.8   0.0    45    71    11    37     9    69 0.63 -
NODE_67602_length_5036_cov_43.110391:2073-3069   -            179 60173at7898          -            371   0.00011   19.0   0.7   2   2   0.00017     0.014   12.1   0.1   162   203   104   144    92   179 0.75 -
NODE_30325_length_7852_cov_28.374823:2625-3314   -            230 60173at7898          -            371   0.00012   18.9   0.0   1   1   2.2e-06   0.00018   18.3   0.0   161   225    96   165    84   169 0.77 -
NODE_274605_length_819_cov_0.818056:0-458        -            153 60173at7898          -            371   0.00014   18.7   0.0   1   1   7.3e-06    0.0006   16.6   0.0   154   223    43   114    29   153 0.71 -
NODE_97374_length_3823_cov_43.067401:1103-3058   -            192 60173at7898          -            371   0.00015   18.6   0.0   1   1   2.5e-06   0.00021   18.1   0.0   169   226    85   141    61   147 0.86 -
NODE_263062_length_919_cov_1.091463:227-784      -            186 60173at7898          -            371    0.0002   18.1   0.0   1   1   3.6e-06    0.0003   17.6   0.0   157   223    54   121    42   166 0.81 -
NODE_25618_length_8467_cov_31.843810:2265-7026   -            362 60173at7898          -            371   0.00034   17.4   0.0   1   1   7.8e-06   0.00064   16.5   0.0   226   290    17    79     5    83 0.83 -
NODE_37483_length_7091_cov_39.265875:5532-6044   -            121 60173at7898          -            371   0.00075   16.2   0.1   1   1     1e-05   0.00083   16.1   0.1   161   203    77   120    49   121 0.82 -
NODE_68850_length_4974_cov_20.854359:1562-1819   -             86 60173at7898          -            371   0.00088   16.0   0.0   1   1   1.1e-05   0.00094   15.9   0.0   141   197    29    85    19    86 0.85 -
NODE_358655_length_428_cov_0.620061:11-400       -            130 60173at7898          -            371    0.0013   15.5   0.0   1   1   1.8e-05    0.0015   15.2   0.0   149   223    47   122    40   129 0.83 -
NODE_19867_length_9414_cov_43.270961:6462-6794   -            111 60173at7898          -            371    0.0014   15.4   0.0   1   1   1.8e-05    0.0015   15.2   0.0   148   197    61   110    44   111 0.85 -
NODE_6031_length_13851_cov_27.585079:2494-6537   -            241 60173at7898          -            371    0.0016   15.2   0.0   1   1   2.5e-05    0.0021   14.8   0.0   168   292   106   238    93   241 0.74 -
NODE_4844_length_14671_cov_44.521411:2550-10154  -            261 60173at7898          -            371    0.0017   15.1   0.1   1   2   0.00025      0.02   11.5   0.1   154   200    76   121    29   144 0.80 -
NODE_4844_length_14671_cov_44.521411:2550-10154  -            261 60173at7898          -            371    0.0017   15.1   0.1   2   2      0.29        24    1.4   0.0   271   291   229   249   222   256 0.87 -
NODE_681_length_22725_cov_201.497437:12564-17709 -            183 60173at7898          -            371    0.0018   15.0   0.1   1   1   2.7e-05    0.0022   14.7   0.1   132   199    12    78     8   105 0.79 -
NODE_45474_length_6399_cov_35.913333:1170-1496   -            109 60173at7898          -            371    0.0018   15.0   0.0   1   1   2.5e-05    0.0021   14.8   0.0   150   197    61   108    49   109 0.88 -
NODE_196715_length_1685_cov_61.622951:133-390    -             86 60173at7898          -            371     0.002   14.9   0.0   1   1   2.6e-05    0.0021   14.8   0.0   140   197    28    85    19    86 0.85 -
NODE_13425_length_10891_cov_27.271405:2694-3273  -            162 60173at7898          -            371    0.0023   14.7   0.3   1   1   4.1e-05    0.0034   14.1   0.3   147   201    52   106    35   161 0.83 -
NODE_37273_length_7111_cov_36.352824:1037-1717   -            227 60173at7898          -            371    0.0025   14.5   0.0   1   1   5.2e-05    0.0043   13.8   0.0   164   201    48    87    36    91 0.78 -
NODE_3408_length_16050_cov_30.535954:3820-8245   -            229 60173at7898          -            371    0.0027   14.4   0.1   1   1   4.9e-05     0.004   13.8   0.1   165   199   111   144    95   152 0.82 -
NODE_210465_length_1501_cov_32.092725:1234-1479  -             82 60173at7898          -            371    0.0029   14.3   0.0   1   1   3.7e-05    0.0031   14.2   0.0   154   190    39    75    22    81 0.82 -
NODE_5526_length_14175_cov_47.007673:6727-10055  -            636 60173at7898          -            371    0.0031   14.2   0.0   1   1   6.4e-05    0.0053   13.5   0.0   141   202   164   225   153   236 0.77 -
NODE_52981_length_5873_cov_45.021995:3189-5607   -            305 60173at7898          -            371    0.0034   14.1   0.0   1   1   6.2e-05    0.0051   13.5   0.0   148   203   161   218   146   247 0.78 -
NODE_52416_length_5911_cov_35.832588:789-1115    -            109 60173at7898          -            371    0.0035   14.1   0.0   1   1   4.7e-05    0.0039   13.9   0.0   137   197    48   108    35   109 0.89 -
NODE_3689_length_15748_cov_35.312736:13453-14085 -            211 60173at7898          -            371    0.0035   14.0   0.0   1   1   5.9e-05    0.0049   13.6   0.0   158   201    31    76    11    98 0.74 -
NODE_218537_length_1398_cov_28.222479:1011-1268  -             86 60173at7898          -            371    0.0035   14.0   0.0   1   1   4.8e-05    0.0039   13.9   0.0   138   197    26    85    19    86 0.90 -
NODE_11650_length_11422_cov_237.913362:1959-3611 -            150 60173at7898          -            371    0.0044   13.7   0.3   1   2   0.00018     0.015   12.0   0.1   158   181    21    44     5    85 0.71 -
NODE_11650_length_11422_cov_237.913362:1959-3611 -            150 60173at7898          -            371    0.0044   13.7   0.3   2   2      0.66        55    0.2   0.0   224   239   131   146    67   149 0.80 -
NODE_15313_length_10397_cov_33.888425:1925-9701  -            671 60173at7898          -            371    0.0047   13.6   0.0   1   1   9.6e-05    0.0079   12.9   0.0   139   227   546   637   543   660 0.70 -
NODE_86282_length_4217_cov_111.394123:3382-3639  -             86 60173at7898          -            371     0.011   12.3   0.1   1   1   0.00016     0.014   12.1   0.1   148   197    36    85    33    86 0.90 -
NODE_31816_length_7675_cov_40.090549:455-3476    -            693 60173at7898          -            371     0.026   11.2   0.1   1   1   0.00069     0.057   10.0   0.0   160   200   639   678   622   690 0.81 -
NODE_8106_length_12744_cov_31.935310:6637-7115   -            132 60173at7898          -            371     0.036   10.7   0.2   1   1   0.00069     0.057   10.0   0.2   156   203     9    56     2   111 0.79 -
NODE_48247_length_6195_cov_40.597605:2835-5837   -            313 60173at7898          -            371     0.038   10.6   0.0   1   1   0.00062     0.051   10.2   0.0   156   200   174   220   154   254 0.81 -
#
# Program:         hmmsearch
# Version:         3.1b2 (February 2015)
# Pipeline mode:   SEARCH
# Query file:      /home/e1garcia/shotgun_PIRE/abyss/busco_downloads/lineages/actinopterygii_odb10/hmms/60173at7898.hmm
# Target file:     /home/e1garcia/shotgun_PIRE/pire_ssl_data_processing/plotosus_lineatus/busco_contigs_results-SPAdes_decontam_R1R2_noIsolate/run_actinopterygii_odb10/metaeuk_output/rerun_results/contigs.modified.fasta.modified.fas
# Option settings: hmmsearch --domtblout /home/e1garcia/shotgun_PIRE/pire_ssl_data_processing/plotosus_lineatus/busco_contigs_results-SPAdes_decontam_R1R2_noIsolate/run_actinopterygii_odb10/hmmer_output/rerun_results/60173at7898.out --cpu 1 /home/e1garcia/shotgun_PIRE/abyss/busco_downloads/lineages/actinopterygii_odb10/hmms/60173at7898.hmm /home/e1garcia/shotgun_PIRE/pire_ssl_data_processing/plotosus_lineatus/busco_contigs_results-SPAdes_decontam_R1R2_noIsolate/run_actinopterygii_odb10/metaeuk_output/rerun_results/contigs.modified.fasta.modified.fas 
# Current dir:     /home/e1garcia/shotgun_PIRE/pire_ssl_data_processing/plotosus_lineatus
# Date:            Fri Aug 20 14:40:52 2021
# [ok]
