#                                                                                                     --- full sequence --- -------------- this domain -------------   hmm coord   ali coord   env coord
# target name                                 accession   tlen query name           accession   qlen   E-value  score  bias   #  of  c-Evalue  i-Evalue  score  bias  from    to  from    to  from    to  acc description of target
#                         ------------------- ---------- ----- -------------------- ---------- ----- --------- ------ ----- --- --- --------- --------- ------ ----- ----- ----- ----- ----- ----- ----- ---- ---------------------
NODE_76168_length_4633_cov_41.584693:448-4305 -           1250 6383at7898           -           1191  1.1e-229  763.4 164.4   1   8   7.8e-78   3.6e-74  248.4  25.6    99   310     1   226     1   246 0.85 -
NODE_76168_length_4633_cov_41.584693:448-4305 -           1250 6383at7898           -           1191  1.1e-229  763.4 164.4   2   8   5.4e-20   2.5e-16   56.8  40.9   296   438   262   456   242   465 0.78 -
NODE_76168_length_4633_cov_41.584693:448-4305 -           1250 6383at7898           -           1191  1.1e-229  763.4 164.4   3   8   8.5e-15   3.9e-11   39.6  12.9   401   506   469   591   463   630 0.71 -
NODE_76168_length_4633_cov_41.584693:448-4305 -           1250 6383at7898           -           1191  1.1e-229  763.4 164.4   4   8   7.8e-13   3.6e-09   33.1   9.9   483   563   607   715   599   732 0.70 -
NODE_76168_length_4633_cov_41.584693:448-4305 -           1250 6383at7898           -           1191  1.1e-229  763.4 164.4   5   8   2.3e-45   1.1e-41  140.9   6.1   557   688   746   881   725   910 0.77 -
NODE_76168_length_4633_cov_41.584693:448-4305 -           1250 6383at7898           -           1191  1.1e-229  763.4 164.4   6   8   1.7e-39     8e-36  121.4  14.1   677   765   984  1078   936  1083 0.82 -
NODE_76168_length_4633_cov_41.584693:448-4305 -           1250 6383at7898           -           1191  1.1e-229  763.4 164.4   7   8   1.5e-27   6.8e-24   81.9   5.9   763   819  1105  1161  1097  1175 0.92 -
NODE_76168_length_4633_cov_41.584693:448-4305 -           1250 6383at7898           -           1191  1.1e-229  763.4 164.4   8   8   1.8e-25   8.5e-22   74.9   0.2   820   868  1202  1250  1189  1250 0.93 -
#
# Program:         hmmsearch
# Version:         3.1b2 (February 2015)
# Pipeline mode:   SEARCH
# Query file:      /home/e1garcia/shotgun_PIRE/abyss/busco_downloads/lineages/actinopterygii_odb10/hmms/6383at7898.hmm
# Target file:     /home/e1garcia/shotgun_PIRE/pire_ssl_data_processing/plotosus_lineatus/busco_contigs_results-SPAdes_decontam_R1R2_noIsolate/run_actinopterygii_odb10/metaeuk_output/rerun_results/contigs.modified.fasta.modified.fas
# Option settings: hmmsearch --domtblout /home/e1garcia/shotgun_PIRE/pire_ssl_data_processing/plotosus_lineatus/busco_contigs_results-SPAdes_decontam_R1R2_noIsolate/run_actinopterygii_odb10/hmmer_output/rerun_results/6383at7898.out --cpu 1 /home/e1garcia/shotgun_PIRE/abyss/busco_downloads/lineages/actinopterygii_odb10/hmms/6383at7898.hmm /home/e1garcia/shotgun_PIRE/pire_ssl_data_processing/plotosus_lineatus/busco_contigs_results-SPAdes_decontam_R1R2_noIsolate/run_actinopterygii_odb10/metaeuk_output/rerun_results/contigs.modified.fasta.modified.fas 
# Current dir:     /home/e1garcia/shotgun_PIRE/pire_ssl_data_processing/plotosus_lineatus
# Date:            Fri Aug 20 14:34:24 2021
# [ok]
