#                                                                                                        --- full sequence --- -------------- this domain -------------   hmm coord   ali coord   env coord
# target name                                    accession   tlen query name           accession   qlen   E-value  score  bias   #  of  c-Evalue  i-Evalue  score  bias  from    to  from    to  from    to  acc description of target
#                            ------------------- ---------- ----- -------------------- ---------- ----- --------- ------ ----- --- --- --------- --------- ------ ----- ----- ----- ----- ----- ----- ----- ---- ---------------------
NODE_99684_length_3749_cov_38.876712:44-3155     -            255 75013at7898          -            354  3.6e-141  468.3   0.2   1   1  9.7e-143    4e-141  468.1   0.2     1   253     1   255     1   255 0.98 -
NODE_50983_length_6007_cov_33.355281:2049-2852   -            268 75013at7898          -            354   5.6e-64  214.4   0.5   1   1   1.6e-65   6.5e-64  214.1   0.5     3   265     3   262     1   267 0.94 -
NODE_17710_length_9841_cov_39.089920:1549-9000   -            480 75013at7898          -            354   4.5e-47  158.7   0.6   1   1   1.7e-48   6.9e-47  158.1   0.6    11   216    42   239    34   252 0.93 -
NODE_97374_length_3823_cov_43.067401:1103-3058   -            192 75013at7898          -            354   6.1e-45  151.7   0.5   1   1   1.8e-46   7.3e-45  151.5   0.5    35   236     1   190     1   192 0.94 -
NODE_53930_length_5808_cov_33.269925:437-4531    -            229 75013at7898          -            354   1.2e-31  108.1   0.1   1   1   3.2e-33   1.3e-31  107.8   0.1    39   267     8   226     2   229 0.85 -
NODE_283038_length_749_cov_1.407692:16-663       -            216 75013at7898          -            354   4.1e-29   99.7   0.0   1   1   1.1e-30   4.5e-29   99.5   0.0     9   226     2   216     1   216 0.82 -
NODE_30325_length_7852_cov_28.374823:2625-3314   -            230 75013at7898          -            354   9.8e-28   95.1   0.0   1   1   4.5e-29   1.8e-27   94.2   0.0    39   220    19   199     5   228 0.76 -
NODE_1933_length_18357_cov_45.410505:12287-12754 -            156 75013at7898          -            354   5.1e-25   86.2   0.0   1   1   1.3e-26   5.6e-25   86.1   0.0   133   265    22   153     5   156 0.95 -
NODE_263062_length_919_cov_1.091463:227-784      -            186 75013at7898          -            354   1.3e-24   84.9   0.0   1   1   3.6e-26   1.5e-24   84.7   0.0    57   240     3   176     1   186 0.89 -
NODE_6133_length_13786_cov_39.829400:1964-13041  -            550 75013at7898          -            354   1.8e-24   84.4   0.0   1   1   4.5e-26   1.8e-24   84.4   0.0    50   285     3   229     1   248 0.79 -
NODE_5526_length_14175_cov_47.007673:6727-10055  -            636 75013at7898          -            354   2.7e-24   83.8   0.0   1   1   1.1e-25   4.4e-24   83.1   0.0     6   208    72   276    69   292 0.84 -
NODE_47776_length_6232_cov_34.149519:2747-3775   -            199 75013at7898          -            354   6.4e-24   82.6   0.0   1   1   1.6e-25   6.5e-24   82.6   0.0    35   224    22   196     1   199 0.84 -
NODE_2282_length_17661_cov_39.343355:15521-16189 -            223 75013at7898          -            354   9.4e-23   78.7   0.0   1   1   2.9e-24   1.2e-22   78.4   0.0     8   231     1   217     1   220 0.85 -
NODE_3408_length_16050_cov_30.535954:3820-8245   -            229 75013at7898          -            354   9.2e-22   75.5   0.2   1   1   2.8e-23   1.2e-21   75.2   0.2     4   221     3   199     1   207 0.89 -
NODE_15313_length_10397_cov_33.888425:1925-9701  -            671 75013at7898          -            354   1.2e-20   71.8   0.4   1   2      0.11       4.4    4.2   0.0   180   265   361   443   244   458 0.68 -
NODE_15313_length_10397_cov_33.888425:1925-9701  -            671 75013at7898          -            354   1.2e-20   71.8   0.4   2   2   1.9e-20   7.7e-19   65.9   0.2    12   211   462   660   449   667 0.82 -
NODE_21047_length_9201_cov_68.986596:3238-6434   -            162 75013at7898          -            354   1.2e-20   71.8   0.0   1   2   2.5e-06    0.0001   19.4   0.0     8    69     1    65     1    69 0.92 -
NODE_21047_length_9201_cov_68.986596:3238-6434   -            162 75013at7898          -            354   1.2e-20   71.8   0.0   2   2     1e-15   4.2e-14   50.3   0.0   134   217    78   152    74   161 0.90 -
NODE_358655_length_428_cov_0.620061:11-400       -            130 75013at7898          -            354   2.2e-20   70.9   0.0   1   1   6.6e-22   2.7e-20   70.7   0.0    61   186     8   124     2   128 0.88 -
NODE_16527_length_10107_cov_38.069644:4464-10073 -            186 75013at7898          -            354   6.9e-20   69.3   0.1   1   1   2.1e-21   8.8e-20   69.0   0.1   105   215    17   128     4   142 0.86 -
NODE_10567_length_11788_cov_29.610488:5565-9783  -            152 75013at7898          -            354   7.1e-20   69.3   0.1   1   2   0.00011    0.0044   14.0   0.0    46    72     3    29     1    42 0.89 -
NODE_10567_length_11788_cov_29.610488:5565-9783  -            152 75013at7898          -            354   7.1e-20   69.3   0.1   2   2   8.4e-17   3.5e-15   53.9   0.0   120   216    48   141    31   152 0.80 -
NODE_52981_length_5873_cov_45.021995:3189-5607   -            305 75013at7898          -            354   2.3e-19   67.6   0.1   1   1     1e-20   4.2e-19   66.7   0.0     6   209    71   264    67   276 0.87 -
NODE_7173_length_13193_cov_36.716740:761-1285    -            175 75013at7898          -            354   3.7e-19   66.9   0.1   1   1   9.8e-21     4e-19   66.8   0.1    20   168     7   148     1   171 0.81 -
NODE_681_length_22725_cov_201.497437:12564-17709 -            183 75013at7898          -            354   2.9e-18   64.0   0.2   1   2     0.003      0.12    9.3   0.1    53    88     2    35     1    38 0.79 -
NODE_681_length_22725_cov_201.497437:12564-17709 -            183 75013at7898          -            354   2.9e-18   64.0   0.2   2   2   1.2e-16   4.9e-15   53.4   0.0   116   216    37   134    33   146 0.89 -
NODE_8106_length_12744_cov_31.935310:6637-7115   -            132 75013at7898          -            354   3.2e-18   63.8   0.0   1   1   7.8e-20   3.2e-18   63.8   0.0   107   219     1   109     1   132 0.85 -
NODE_14086_length_10704_cov_44.048373:1967-3147  -            160 75013at7898          -            354   1.1e-17   62.0   0.2   1   2     1e-07   4.3e-06   23.9   0.1    17    93     1    75     1    80 0.90 -
NODE_14086_length_10704_cov_44.048373:1967-3147  -            160 75013at7898          -            354   1.1e-17   62.0   0.2   2   2   7.8e-12   3.2e-10   37.5   0.0   117   203    76   158    73   160 0.89 -
NODE_4844_length_14671_cov_44.521411:2550-10154  -            261 75013at7898          -            354   1.6e-17   61.6   0.4   1   1   6.9e-19   2.8e-17   60.7   0.4    55   212    22   171     6   183 0.77 -
NODE_30932_length_7782_cov_157.722374:65-3870    -            300 75013at7898          -            354   2.9e-17   60.7   0.0   1   2    0.0014     0.059   10.3   0.0    14    97   125   202   115   216 0.74 -
NODE_30932_length_7782_cov_157.722374:65-3870    -            300 75013at7898          -            354   2.9e-17   60.7   0.0   2   2   2.9e-15   1.2e-13   48.8   0.0   135   209   217   292   203   300 0.91 -
NODE_20413_length_9316_cov_34.085277:2980-3504   -            175 75013at7898          -            354   3.3e-17   60.5   0.1   1   1   8.9e-19   3.7e-17   60.4   0.1    15   185     2   164     1   172 0.84 -
NODE_67602_length_5036_cov_43.110391:2073-3069   -            179 75013at7898          -            354     7e-17   59.4   0.1   1   2   8.9e-15   3.7e-13   47.2   0.0    13   160     1   140     1   142 0.84 -
NODE_67602_length_5036_cov_43.110391:2073-3069   -            179 75013at7898          -            354     7e-17   59.4   0.1   2   2   0.00063     0.026   11.5   0.0   190   227   141   178   140   179 0.87 -
NODE_58503_length_5530_cov_31.037562:2645-5201   -            114 75013at7898          -            354   2.6e-16   57.6   1.5   1   1   1.9e-17   7.9e-16   56.0   1.5    53   163     8   102     4   106 0.90 -
NODE_13094_length_10987_cov_38.645481:329-10513  -            130 75013at7898          -            354   1.3e-14   52.0   0.0   1   1   3.8e-16   1.6e-14   51.7   0.0    78   209    13   130     2   130 0.90 -
NODE_27470_length_8206_cov_51.036882:2344-7077   -            431 75013at7898          -            354   1.3e-14   52.0   0.1   1   2   1.3e-11   5.5e-10   36.7   0.0   101   185    12    98     6   104 0.80 -
NODE_27470_length_8206_cov_51.036882:2344-7077   -            431 75013at7898          -            354   1.3e-14   52.0   0.1   2   2   0.00019    0.0077   13.2   0.0   191   288   137   237   131   288 0.83 -
NODE_53426_length_5843_cov_34.767061:2338-5817   -            312 75013at7898          -            354   1.9e-14   51.4   0.2   1   1   1.1e-15   4.6e-14   50.2   0.0   153   264     2   111     1   118 0.91 -
NODE_78478_length_4535_cov_29.713481:29-3882     -            230 75013at7898          -            354   2.2e-14   51.2   0.0   1   1   6.8e-16   2.8e-14   50.9   0.0    52   228    20   190     7   214 0.86 -
NODE_4359_length_15088_cov_45.747948:322-12256   -            320 75013at7898          -            354   2.3e-14   51.2   0.5   1   1     1e-15   4.2e-14   50.3   0.4    92   266    40   213    18   285 0.85 -
NODE_109292_length_3453_cov_30.720036:683-1519   -            279 75013at7898          -            354   4.6e-14   50.2   0.0   1   1   1.9e-15     8e-14   49.4   0.0    37   233    43   245    31   270 0.77 -
NODE_115239_length_3283_cov_37.686872:1777-2340  -            188 75013at7898          -            354   1.2e-13   48.8   0.1   1   1     5e-15   2.1e-13   48.0   0.1    14   167    12   164     4   172 0.76 -
NODE_11470_length_11478_cov_36.884788:3231-3521  -             97 75013at7898          -            354   3.2e-13   47.4   0.8   1   1   8.4e-15   3.5e-13   47.3   0.8    86   166    15    91     4    97 0.84 -
NODE_59175_length_5490_cov_40.641810:4032-5014   -             87 75013at7898          -            354   3.6e-13   47.2   1.1   1   1   9.3e-15   3.8e-13   47.1   1.1    62   155     3    87     1    87 0.91 -
NODE_81813_length_4395_cov_427.152933:1861-2385  -            175 75013at7898          -            354   3.6e-13   47.2   0.4   1   1   1.5e-14   6.1e-13   46.5   0.4    25   167    20   163     2   170 0.74 -
NODE_31816_length_7675_cov_40.090549:455-3476    -            693 75013at7898          -            354     4e-13   47.1   0.2   1   1   9.8e-15     4e-13   47.1   0.2     8   162   533   679   526   692 0.85 -
NODE_531_length_23933_cov_36.637157:4156-22248   -            208 75013at7898          -            354   5.8e-13   46.5   0.2   1   2   0.00071     0.029   11.3   0.0     7   102    24   120    21   140 0.72 -
NODE_531_length_23933_cov_36.637157:4156-22248   -            208 75013at7898          -            354   5.8e-13   46.5   0.2   2   2   1.4e-10   5.6e-09   33.4   0.0   152   208   144   198   136   205 0.84 -
NODE_28925_length_8019_cov_42.195328:923-1852    -            202 75013at7898          -            354   6.5e-13   46.4   0.1   1   2      0.15       6.3    3.7   0.0     5    39     3    37     1    46 0.87 -
NODE_28925_length_8019_cov_42.195328:923-1852    -            202 75013at7898          -            354   6.5e-13   46.4   0.1   2   2   7.6e-13   3.1e-11   40.9   0.0   112   209    89   185    43   200 0.79 -
NODE_16834_length_10036_cov_51.379692:324-6176   -            193 75013at7898          -            354   1.9e-12   44.8   0.0   1   1   6.5e-14   2.7e-12   44.4   0.0   137   209     3    73     1    92 0.87 -
NODE_11650_length_11422_cov_237.913362:1959-3611 -            150 75013at7898          -            354   2.5e-12   44.4   0.4   1   1   2.2e-13     9e-12   42.6   0.4    78   216     9   148     3   150 0.74 -
NODE_72356_length_4808_cov_25.488214:757-2853    -            269 75013at7898          -            354   3.4e-12   44.0   0.4   1   1   2.7e-13   1.1e-11   42.3   0.4    43   226    42   243    13   263 0.69 -
NODE_1372_length_19838_cov_42.013679:52-4369     -            337 75013at7898          -            354     4e-12   43.8   0.3   1   1   1.6e-13   6.4e-12   43.1   0.3   118   228   191   299    77   301 0.66 -
NODE_8054_length_12773_cov_44.562648:3457-11742  -            420 75013at7898          -            354   4.7e-12   43.6   0.0   1   1   2.1e-13   8.8e-12   42.7   0.0    52   229   117   290    65   324 0.74 -
NODE_26626_length_8320_cov_59.148157:68-556      -            163 75013at7898          -            354   7.2e-12   43.0   0.0   1   1     2e-13   8.3e-12   42.7   0.0   115   263     4   160     1   163 0.75 -
NODE_3689_length_15748_cov_35.312736:13453-14085 -            211 75013at7898          -            354     1e-11   42.5   0.0   1   1   4.5e-12   1.9e-10   38.3   0.0    82   222     1   153     1   168 0.69 -
NODE_111762_length_3380_cov_34.353551:673-1671   -            333 75013at7898          -            354   1.1e-11   42.4   0.8   1   1   5.3e-13   2.2e-11   41.4   0.8     7   210    22   219    17   230 0.72 -
NODE_37273_length_7111_cov_36.352824:1037-1717   -            227 75013at7898          -            354   1.3e-11   42.1   0.0   1   2   5.4e-10   2.2e-08   31.5   0.0    81   163    11    88     6    94 0.83 -
NODE_37273_length_7111_cov_36.352824:1037-1717   -            227 75013at7898          -            354   1.3e-11   42.1   0.0   2   2    0.0045      0.18    8.7   0.0   174   208   120   153   110   223 0.86 -
NODE_6740_length_13441_cov_31.221706:4564-5760   -            248 75013at7898          -            354   1.3e-11   42.1   0.0   1   2     0.025         1    6.3   0.0    54   100    20    64     4    77 0.79 -
NODE_6740_length_13441_cov_31.221706:4564-5760   -            248 75013at7898          -            354   1.3e-11   42.1   0.0   2   2     8e-11   3.3e-09   34.2   0.0   131   263   113   248    93   248 0.86 -
NODE_6031_length_13851_cov_27.585079:2494-6537   -            241 75013at7898          -            354   1.4e-11   42.0   0.0   1   2   0.00018    0.0074   13.3   0.0    32    97    22    84     3    88 0.78 -
NODE_6031_length_13851_cov_27.585079:2494-6537   -            241 75013at7898          -            354   1.4e-11   42.0   0.0   2   2   1.5e-08   6.1e-07   26.7   0.0   132   263   108   235   101   239 0.71 -
NODE_4396_length_15059_cov_42.829880:4716-5816   -            367 75013at7898          -            354   1.8e-11   41.7   0.2   1   1   7.1e-13   2.9e-11   41.0   0.2     7   215    22   224    17   237 0.73 -
NODE_97826_length_3809_cov_34.939892:1966-3726   -            228 75013at7898          -            354   1.9e-11   41.6   0.0   1   2   0.00013    0.0055   13.7   0.0    36   110    23    93     3    97 0.76 -
NODE_97826_length_3809_cov_34.939892:1966-3726   -            228 75013at7898          -            354   1.9e-11   41.6   0.0   2   2   1.7e-08   6.9e-07   26.6   0.0   135   226    96   182    92   193 0.82 -
NODE_102390_length_3664_cov_38.764656:63-2439    -            359 75013at7898          -            354   2.5e-11   41.2   0.0   1   1   8.6e-13   3.6e-11   40.7   0.0    13   205   110   303   103   338 0.80 -
NODE_1144_length_20580_cov_52.558078:9008-9739   -            244 75013at7898          -            354   9.2e-11   39.3   0.1   1   1   2.6e-12   1.1e-10   39.1   0.1    85   231    64   204     6   236 0.76 -
NODE_7208_length_13174_cov_42.165660:7146-7919   -            258 75013at7898          -            354   1.9e-10   38.3   0.1   1   1   5.4e-12   2.2e-10   38.1   0.1    45   232    33   213     3   240 0.84 -
NODE_6000_length_13874_cov_39.136334:2428-8891   -            242 75013at7898          -            354   3.1e-10   37.6   0.6   1   3    0.0067      0.28    8.1   0.0     8    69     2    63     1    70 0.91 -
NODE_6000_length_13874_cov_39.136334:2428-8891   -            242 75013at7898          -            354   3.1e-10   37.6   0.6   2   3    0.0006     0.025   11.6   0.0   128   159    82   111    66   118 0.78 -
NODE_6000_length_13874_cov_39.136334:2428-8891   -            242 75013at7898          -            354   3.1e-10   37.6   0.6   3   3   5.2e-05    0.0021   15.1   0.0   174   214   187   228   182   241 0.85 -
NODE_81612_length_4404_cov_23.418118:3443-4000   -            186 75013at7898          -            354   6.6e-10   36.5   0.0   1   1   1.6e-11   6.6e-10   36.5   0.0   108   212     4   109     1   166 0.82 -
NODE_91262_length_4038_cov_32.737751:424-864     -            147 75013at7898          -            354     1e-09   35.8   0.0   1   1   3.1e-11   1.3e-09   35.5   0.0    54   206     1   146     1   147 0.79 -
NODE_25950_length_8424_cov_31.974414:469-4783    -            255 75013at7898          -            354   2.1e-09   34.8   0.0   1   1   9.9e-11   4.1e-09   33.9   0.0   133   241   118   229    35   252 0.84 -
NODE_13425_length_10891_cov_27.271405:2694-3273  -            162 75013at7898          -            354   3.6e-09   34.1   0.0   1   1   8.7e-11   3.6e-09   34.1   0.0   104   216    50   159     1   161 0.81 -
NODE_484128_length_257_cov_0.645570:2-256        -             85 75013at7898          -            354   3.6e-09   34.1   0.0   1   1     1e-10   4.1e-09   33.9   0.0    81   161    10    85     4    85 0.91 -
NODE_110085_length_3431_cov_35.601441:1036-1908  -            291 75013at7898          -            354   5.4e-09   33.5   0.0   1   1   2.9e-10   1.2e-08   32.4   0.0   133   231   147   248    57   268 0.78 -
NODE_51818_length_5950_cov_30.968894:1532-2026   -            165 75013at7898          -            354   6.2e-09   33.3   0.0   1   1   1.5e-10   6.2e-09   33.3   0.0   115   211     4    99     1   164 0.80 -
NODE_210465_length_1501_cov_32.092725:1234-1479  -             82 75013at7898          -            354   7.3e-09   33.1   0.0   1   1   2.1e-10   8.8e-09   32.8   0.0    79   159    10    82     6    82 0.89 -
NODE_48247_length_6195_cov_40.597605:2835-5837   -            313 75013at7898          -            354   7.5e-09   33.0   1.8   1   1   3.5e-09   1.4e-07   28.8   1.8    54   209   127   256    82   265 0.68 -
NODE_91751_length_4019_cov_35.050255:1953-2273   -            107 75013at7898          -            354   1.8e-08   31.8   0.1   1   1   4.6e-10   1.9e-08   31.7   0.1    50   161     3   107     1   107 0.86 -
NODE_92602_length_3989_cov_28.774807:414-715     -             69 75013at7898          -            354   3.7e-08   30.8   0.0   1   1     1e-09   4.2e-08   30.6   0.0     8    72     1    64     1    67 0.90 -
NODE_8021_length_12788_cov_40.111356:4456-11540  -            178 75013at7898          -            354   4.6e-08   30.4   0.1   1   1     4e-08   1.6e-06   25.3   0.1    58   216     2   142     1   161 0.81 -
NODE_144650_length_2574_cov_29.122020:426-1394   -            323 75013at7898          -            354   5.4e-08   30.2   0.0   1   1   1.5e-09   6.3e-08   30.0   0.0    83   222   131   264    47   313 0.83 -
NODE_13510_length_10869_cov_24.658032:4428-9835  -            235 75013at7898          -            354   9.6e-08   29.4   0.1   1   1   1.7e-06   6.9e-05   20.0   0.1    37   227    24   185     2   207 0.76 -
NODE_13007_length_11011_cov_54.859971:429-4575   -            171 75013at7898          -            354   3.4e-07   27.6   0.2   1   1   1.4e-08   5.7e-07   26.8   0.2    54   159    74   171    67   171 0.72 -
NODE_66775_length_5078_cov_42.730468:169-1694    -            381 75013at7898          -            354   3.9e-07   27.4   0.1   1   1   1.2e-08   5.1e-07   27.0   0.1    12   100   295   379   287   381 0.89 -
NODE_100171_length_3733_cov_36.396258:933-1385   -            151 75013at7898          -            354   4.2e-07   27.3   0.0   1   1   1.4e-08   5.8e-07   26.8   0.0   162   215    93   146    58   151 0.74 -
NODE_274605_length_819_cov_0.818056:0-458        -            153 75013at7898          -            354   1.7e-06   25.3   0.0   1   1   5.2e-08   2.1e-06   24.9   0.0   133   217    60   149    44   153 0.83 -
NODE_24_length_41439_cov_5.115385:27781-28284    -            168 75013at7898          -            354     2e-06   25.0   0.1   1   1   5.4e-08   2.2e-06   24.9   0.1    57   207    15   168     2   168 0.73 -
NODE_12104_length_11275_cov_36.638422:2946-3470  -            175 75013at7898          -            354   2.7e-06   24.6   0.0   1   1   7.4e-08   3.1e-06   24.4   0.0     4   179     2   173     1   175 0.77 -
NODE_16795_length_10045_cov_39.776091:7125-7388  -             88 75013at7898          -            354   2.9e-06   24.5   0.0   1   1   7.1e-08   2.9e-06   24.5   0.0   108   159    39    88    12    88 0.86 -
NODE_14728_length_10541_cov_37.451542:5293-9428  -            544 75013at7898          -            354     3e-06   24.5   0.0   1   1   1.1e-07   4.6e-06   23.8   0.0   118   214   389   479   373   513 0.84 -
NODE_33601_length_7481_cov_36.148198:5994-6335   -            114 75013at7898          -            354   6.4e-06   23.4   0.0   1   1   2.5e-07     1e-05   22.7   0.0    52   155     3   107     1   110 0.78 -
NODE_156686_length_2336_cov_27.911936:1414-1992  -            193 75013at7898          -            354   6.9e-06   23.3   0.0   1   1   3.1e-07   1.3e-05   22.4   0.0   113   252     6   162     1   175 0.58 -
NODE_198040_length_1667_cov_33.116709:404-670    -             89 75013at7898          -            354   1.1e-05   22.6   0.0   1   1   2.7e-07   1.1e-05   22.6   0.0   106   159    37    89    14    89 0.85 -
NODE_37483_length_7091_cov_39.265875:5532-6044   -            121 75013at7898          -            354   1.7e-05   22.0   0.3   1   2     0.003      0.12    9.3   0.0    19    81     3    63     1    87 0.78 -
NODE_37483_length_7091_cov_39.265875:5532-6044   -            121 75013at7898          -            354   1.7e-05   22.0   0.3   2   2   0.00049      0.02   11.9   0.1   133   164    87   120    67   121 0.77 -
NODE_68850_length_4974_cov_20.854359:1562-1819   -             86 75013at7898          -            354   1.7e-05   22.0   0.0   1   1   4.4e-07   1.8e-05   21.9   0.0    84   159    16    86     5    86 0.81 -
NODE_112081_length_3371_cov_35.654340:684-3151   -            418 75013at7898          -            354   1.8e-05   21.9   0.1   1   2   0.00015    0.0062   13.6   0.0   114   162    71   117    27   123 0.74 -
NODE_112081_length_3371_cov_35.654340:684-3151   -            418 75013at7898          -            354   1.8e-05   21.9   0.1   2   2      0.03       1.2    6.0   0.0   175   219   249   294   164   308 0.77 -
NODE_90065_length_4080_cov_26.856820:2193-2459   -             89 75013at7898          -            354   2.2e-05   21.6   0.0   1   1   5.4e-07   2.2e-05   21.6   0.0   131   173    39    81    15    85 0.88 -
NODE_1880_length_18479_cov_32.946681:11511-12293 -            261 75013at7898          -            354   2.7e-05   21.3   0.0   1   1   7.8e-07   3.2e-05   21.1   0.0    51   144   175   261   132   261 0.75 -
NODE_785_length_22111_cov_49.688761:18543-18743  -             67 75013at7898          -            354     3e-05   21.2   0.0   1   1   7.8e-07   3.2e-05   21.1   0.0     8    69     1    67     1    67 0.83 -
NODE_164798_length_2189_cov_17.298086:5-244      -             80 75013at7898          -            354   3.1e-05   21.1   0.0   1   1   7.8e-07   3.2e-05   21.1   0.0   131   172    35    76    15    79 0.88 -
NODE_86282_length_4217_cov_111.394123:3382-3639  -             86 75013at7898          -            354   3.4e-05   21.0   0.1   1   1   9.1e-07   3.8e-05   20.9   0.1   116   159    45    86    36    86 0.77 -
NODE_52416_length_5911_cov_35.832588:789-1115    -            109 75013at7898          -            354   4.4e-05   20.6   0.1   1   1   1.1e-06   4.5e-05   20.6   0.1   116   159    68   109    37   109 0.81 -
NODE_33189_length_7526_cov_32.898479:5455-6016   -            138 75013at7898          -            354   4.8e-05   20.5   0.1   1   1   2.7e-06   0.00011   19.3   0.1    81   219     4   137     1   138 0.62 -
NODE_218537_length_1398_cov_28.222479:1011-1268  -             86 75013at7898          -            354   4.9e-05   20.5   0.1   1   1   1.2e-06     5e-05   20.4   0.1   100   159    29    86     4    86 0.83 -
NODE_17890_length_9798_cov_38.137952:6653-7210   -            186 75013at7898          -            354   4.9e-05   20.5   0.0   1   1   1.8e-06   7.3e-05   19.9   0.0    80   146   127   185    89   186 0.82 -
NODE_1999_length_18173_cov_33.339936:16228-16530 -            101 75013at7898          -            354   6.1e-05   20.2   0.0   1   1   1.5e-06   6.1e-05   20.2   0.0    99   159    44   101     7   101 0.82 -
NODE_17080_length_9983_cov_66.492210:2625-3041   -            139 75013at7898          -            354   7.3e-05   19.9   0.0   1   1   1.8e-06   7.3e-05   19.9   0.0   105   165    51   109     2   117 0.82 -
NODE_45474_length_6399_cov_35.913333:1170-1496   -            109 75013at7898          -            354   7.8e-05   19.8   0.0   1   1   1.9e-06   7.8e-05   19.8   0.0   110   159    62   109     4   109 0.84 -
NODE_195854_length_1697_cov_24.998748:72-347     -             92 75013at7898          -            354   8.7e-05   19.6   0.0   1   1   2.7e-06   0.00011   19.3   0.0   137   167    51    81    47    88 0.91 -
NODE_19867_length_9414_cov_43.270961:6462-6794   -            111 75013at7898          -            354   0.00011   19.3   0.1   1   1   2.8e-06   0.00011   19.3   0.1   108   159    62   111    21   111 0.88 -
NODE_54721_length_5759_cov_155.717845:3444-4160  -            239 75013at7898          -            354   0.00012   19.3   0.0   1   1   3.3e-06   0.00014   19.0   0.0    14   144   116   239   103   239 0.76 -
NODE_15471_length_10359_cov_39.597661:6939-7397  -            153 75013at7898          -            354   0.00015   18.9   0.0   1   1   4.4e-06   0.00018   18.6   0.0     8   160     2   152     1   153 0.78 -
NODE_153978_length_2386_cov_41.975514:1448-1900  -            151 75013at7898          -            354   0.00016   18.8   0.0   1   1   4.8e-06    0.0002   18.5   0.0    61   161    50   151    38   151 0.86 -
NODE_25618_length_8467_cov_31.843810:2265-7026   -            362 75013at7898          -            354   0.00019   18.5   0.0   1   1   6.1e-06   0.00025   18.1   0.0   194   264    10    79     3   137 0.88 -
NODE_80646_length_4445_cov_37.713530:2371-2580   -             70 75013at7898          -            354   0.00074   16.6   0.1   1   1   2.1e-05   0.00085   16.4   0.1     4    68     6    70     4    70 0.95 -
NODE_196715_length_1685_cov_61.622951:133-390    -             86 75013at7898          -            354   0.00078   16.5   0.0   1   1     2e-05   0.00082   16.4   0.0   100   159    29    86    11    86 0.84 -
NODE_5571_length_14145_cov_34.742774:1990-2181   -             64 75013at7898          -            354   0.00087   16.4   0.0   1   1   2.2e-05   0.00092   16.3   0.0     8    68     1    64     1    64 0.91 -
NODE_33117_length_7535_cov_30.338757:2481-6844   -            113 75013at7898          -            354     0.001   16.1   0.2   1   2      0.45        18    2.1   0.0    11    67     4    59     1    62 0.78 -
NODE_33117_length_7535_cov_30.338757:2481-6844   -            113 75013at7898          -            354     0.001   16.1   0.2   2   2   0.00013    0.0053   13.8   0.1   101   161    58   113    30   113 0.80 -
NODE_66359_length_5100_cov_27.302739:2334-2624   -             97 75013at7898          -            354     0.001   16.1   0.1   1   1     3e-05    0.0012   15.9   0.1    80   161     1    82     1    90 0.73 -
NODE_150775_length_2447_cov_28.638842:1005-1334  -            110 75013at7898          -            354    0.0011   16.1   0.0   1   1   2.6e-05    0.0011   16.1   0.0    54   159     7   110     1   110 0.84 -
NODE_228119_length_1284_cov_10.444726:2-289      -             96 75013at7898          -            354      0.01   12.9   0.0   1   1   0.00024      0.01   12.9   0.0   132   166    49    85    20    96 0.75 -
#
# Program:         hmmsearch
# Version:         3.1b2 (February 2015)
# Pipeline mode:   SEARCH
# Query file:      /home/e1garcia/shotgun_PIRE/abyss/busco_downloads/lineages/actinopterygii_odb10/hmms/75013at7898.hmm
# Target file:     /home/e1garcia/shotgun_PIRE/pire_ssl_data_processing/plotosus_lineatus/busco_contigs_results-SPAdes_decontam_R1R2_noIsolate/run_actinopterygii_odb10/metaeuk_output/rerun_results/contigs.modified.fasta.modified.fas
# Option settings: hmmsearch --domtblout /home/e1garcia/shotgun_PIRE/pire_ssl_data_processing/plotosus_lineatus/busco_contigs_results-SPAdes_decontam_R1R2_noIsolate/run_actinopterygii_odb10/hmmer_output/rerun_results/75013at7898.out --cpu 1 /home/e1garcia/shotgun_PIRE/abyss/busco_downloads/lineages/actinopterygii_odb10/hmms/75013at7898.hmm /home/e1garcia/shotgun_PIRE/pire_ssl_data_processing/plotosus_lineatus/busco_contigs_results-SPAdes_decontam_R1R2_noIsolate/run_actinopterygii_odb10/metaeuk_output/rerun_results/contigs.modified.fasta.modified.fas 
# Current dir:     /home/e1garcia/shotgun_PIRE/pire_ssl_data_processing/plotosus_lineatus
# Date:            Fri Aug 20 14:42:40 2021
# [ok]
