#                                                                                                        --- full sequence --- -------------- this domain -------------   hmm coord   ali coord   env coord
# target name                                    accession   tlen query name           accession   qlen   E-value  score  bias   #  of  c-Evalue  i-Evalue  score  bias  from    to  from    to  from    to  acc description of target
#                            ------------------- ---------- ----- -------------------- ---------- ----- --------- ------ ----- --- --- --------- --------- ------ ----- ----- ----- ----- ----- ----- ----- ---- ---------------------
NODE_52981_length_5873_cov_45.021995:3189-5607   -            305 77631at7898          -            396   1.3e-69  232.9   0.0   1   1   4.1e-71     2e-69  232.3   0.0   113   375    21   305    11   305 0.88 -
NODE_15313_length_10397_cov_33.888425:1925-9701  -            671 77631at7898          -            396     9e-62  207.1   0.1   1   2   8.1e-26   3.9e-24   83.2   0.0    57   392    83   444    75   447 0.70 -
NODE_15313_length_10397_cov_33.888425:1925-9701  -            671 77631at7898          -            396     9e-62  207.1   0.1   2   2   2.6e-37   1.3e-35  121.0   0.0   162   336   458   660   453   667 0.82 -
NODE_13510_length_10869_cov_24.658032:4428-9835  -            235 77631at7898          -            396   1.4e-61  206.4   0.0   1   1   3.4e-63   1.6e-61  206.2   0.0   171   394     1   226     1   228 0.91 -
NODE_6031_length_13851_cov_27.585079:2494-6537   -            241 77631at7898          -            396   4.1e-61  204.9   0.0   1   1   9.6e-63   4.7e-61  204.7   0.0   184   393    23   239     2   241 0.88 -
NODE_72356_length_4808_cov_25.488214:757-2853    -            269 77631at7898          -            396   1.1e-60  203.5   2.6   1   2   3.6e-28   1.8e-26   90.9   0.0   159   277     5   129     2   139 0.88 -
NODE_72356_length_4808_cov_25.488214:757-2853    -            269 77631at7898          -            396   1.1e-60  203.5   2.6   2   2   1.1e-34   5.1e-33  112.4   0.8   276   377   156   268   134   269 0.88 -
NODE_8054_length_12773_cov_44.562648:3457-11742  -            420 77631at7898          -            396   1.2e-60  203.4   0.1   1   1   5.5e-62   2.7e-60  202.2   0.1   158   393    65   328    52   331 0.88 -
NODE_48247_length_6195_cov_40.597605:2835-5837   -            313 77631at7898          -            396   8.6e-59  197.3   0.2   1   2         7   3.4e+02   -2.3   0.0   109   135    59    85    44    95 0.77 -
NODE_48247_length_6195_cov_40.597605:2835-5837   -            313 77631at7898          -            396   8.6e-59  197.3   0.2   2   2     3e-60   1.4e-58  196.5   0.2   161   393    95   313    57   313 0.91 -
NODE_97826_length_3809_cov_34.939892:1966-3726   -            228 77631at7898          -            396   1.7e-57  193.0   0.0   1   1   7.1e-58   3.4e-56  188.7   0.0   171   395     1   225     1   226 0.90 -
NODE_110085_length_3431_cov_35.601441:1036-1908  -            291 77631at7898          -            396   2.7e-54  182.5   0.0   1   1     9e-55   4.4e-53  178.5   0.0   164   394    13   285     5   287 0.83 -
NODE_78478_length_4535_cov_29.713481:29-3882     -            230 77631at7898          -            396   1.3e-53  180.2   0.2   1   1   6.3e-55     3e-53  179.0   0.2   185   391     1   228     1   230 0.90 -
NODE_109292_length_3453_cov_30.720036:683-1519   -            279 77631at7898          -            396   1.4e-52  176.8   0.1   1   1     2e-53   9.9e-52  174.0   0.1   164   393     8   279     2   279 0.81 -
NODE_6740_length_13441_cov_31.221706:4564-5760   -            248 77631at7898          -            396     9e-52  174.2   0.2   1   2   7.9e-09   3.9e-07   27.2   0.0   185   245     1    65     1    75 0.86 -
NODE_6740_length_13441_cov_31.221706:4564-5760   -            248 77631at7898          -            396     9e-52  174.2   0.2   2   2   1.6e-44   7.7e-43  144.8   0.1   251   387    97   246    93   248 0.90 -
NODE_25950_length_8424_cov_31.974414:469-4783    -            255 77631at7898          -            396   7.2e-51  171.2   0.6   1   1   2.5e-52   1.2e-50  170.4   0.6   162   393    10   253     3   255 0.82 -
NODE_30932_length_7782_cov_157.722374:65-3870    -            300 77631at7898          -            396   1.5e-46  157.0   0.0   1   1   6.1e-47     3e-45  152.7   0.0    57   341     1   299     1   300 0.83 -
NODE_63784_length_5235_cov_36.220016:1250-2660   -            276 77631at7898          -            396   7.8e-25   85.5   0.0   1   1   2.1e-26     1e-24   85.1   0.0    51   274    37   276    29   276 0.82 -
NODE_144650_length_2574_cov_29.122020:426-1394   -            323 77631at7898          -            396   6.6e-22   75.8   0.0   1   1   6.8e-23   3.3e-21   73.5   0.0   166   390    52   312    45   317 0.70 -
NODE_16264_length_10164_cov_34.937606:3145-7976  -            255 77631at7898          -            396   2.1e-20   70.9   0.0   1   1   5.4e-22   2.6e-20   70.6   0.0     8   236    11   255     7   255 0.77 -
NODE_42661_length_6623_cov_28.106376:771-3506    -            226 77631at7898          -            396   1.2e-19   68.4   0.0   1   1     3e-21   1.5e-19   68.1   0.0   150   253   104   212     1   223 0.68 -
NODE_53930_length_5808_cov_33.269925:437-4531    -            229 77631at7898          -            396   4.7e-19   66.4   0.0   1   1   1.2e-20   5.8e-19   66.1   0.0   184   374     2   211     1   221 0.82 -
NODE_30325_length_7852_cov_28.374823:2625-3314   -            230 77631at7898          -            396   7.9e-19   65.7   0.1   1   1   1.3e-19   6.5e-18   62.7   0.1   181   345     8   198     1   230 0.78 -
NODE_71360_length_4856_cov_28.538154:655-4685    -            196 77631at7898          -            396   2.3e-18   64.2   0.0   1   1   5.9e-20   2.9e-18   63.8   0.0    57   237     1   196     1   196 0.76 -
NODE_3408_length_16050_cov_30.535954:3820-8245   -            229 77631at7898          -            396     5e-17   59.8   0.0   1   1   1.3e-18   6.5e-17   59.4   0.0   167   333    12   188     6   198 0.75 -
NODE_50983_length_6007_cov_33.355281:2049-2852   -            268 77631at7898          -            396   7.3e-17   59.2   0.1   1   1   2.1e-18     1e-16   58.8   0.1   184   386    33   257     9   262 0.77 -
NODE_54721_length_5759_cov_155.717845:3444-4160  -            239 77631at7898          -            396   7.5e-17   59.2   0.0   1   2     0.094       4.6    3.9   0.0     8    72    34    99    30   108 0.78 -
NODE_54721_length_5759_cov_155.717845:3444-4160  -            239 77631at7898          -            396   7.5e-17   59.2   0.0   2   2   8.1e-17   3.9e-15   53.5   0.0   161   280   109   239   103   239 0.89 -
NODE_1933_length_18357_cov_45.410505:12287-12754 -            156 77631at7898          -            396   8.5e-17   59.0   0.0   1   1   2.3e-18   1.1e-16   58.6   0.0   254   389     7   151     3   154 0.85 -
NODE_1880_length_18479_cov_32.946681:11511-12293 -            261 77631at7898          -            396   1.4e-15   55.0   0.0   1   2         9   4.4e+02   -2.6   0.0     9    36    57    83    54    93 0.75 -
NODE_1880_length_18479_cov_32.946681:11511-12293 -            261 77631at7898          -            396   1.4e-15   55.0   0.0   2   2   5.8e-17   2.8e-15   54.0   0.0   162   280   132   261   124   261 0.86 -
NODE_13094_length_10987_cov_38.645481:329-10513  -            130 77631at7898          -            396   8.5e-15   52.4   0.0   1   1   1.9e-16     9e-15   52.3   0.0   226   333    17   129     2   130 0.87 -
NODE_47776_length_6232_cov_34.149519:2747-3775   -            199 77631at7898          -            396     2e-14   51.2   0.0   1   1   4.7e-16   2.3e-14   51.0   0.0   168   334     1   179     1   192 0.81 -
NODE_33189_length_7526_cov_32.898479:5455-6016   -            138 77631at7898          -            396     5e-14   49.9   0.0   1   1   1.3e-15   6.2e-14   49.6   0.0   226   333     5   126     2   136 0.82 -
NODE_5526_length_14175_cov_47.007673:6727-10055  -            636 77631at7898          -            396   9.2e-14   49.0   0.0   1   1   5.9e-15   2.9e-13   47.4   0.0   158   332    64   275    40   289 0.72 -
NODE_20413_length_9316_cov_34.085277:2980-3504   -            175 77631at7898          -            396   1.4e-13   48.4   0.3   1   1   3.1e-15   1.5e-13   48.3   0.3   169   299     2   143     1   168 0.81 -
NODE_90065_length_4080_cov_26.856820:2193-2459   -             89 77631at7898          -            396   1.5e-13   48.3   0.0   1   1   3.5e-15   1.7e-13   48.1   0.0   244   299    15    71     5    79 0.89 -
NODE_164798_length_2189_cov_17.298086:5-244      -             80 77631at7898          -            396   1.7e-13   48.1   0.0   1   1     4e-15     2e-13   47.9   0.0   245   299    12    67     7    71 0.91 -
NODE_7173_length_13193_cov_36.716740:761-1285    -            175 77631at7898          -            396   3.7e-13   47.0   0.2   1   1   8.4e-15   4.1e-13   46.9   0.2   169   302     2   146     1   163 0.80 -
NODE_283038_length_749_cov_1.407692:16-663       -            216 77631at7898          -            396     4e-13   46.9   0.0   1   1   1.2e-14     6e-13   46.3   0.0   166   347     5   211     2   216 0.79 -
NODE_58503_length_5530_cov_31.037562:2645-5201   -            114 77631at7898          -            396   5.8e-13   46.4   0.1   1   1   1.3e-14   6.4e-13   46.2   0.1   200   304     8   108     3   114 0.88 -
NODE_21047_length_9201_cov_68.986596:3238-6434   -            162 77631at7898          -            396   7.1e-13   46.1   0.1   1   2      0.14       6.7    3.4   0.0   167   216     6    65     3    69 0.63 -
NODE_21047_length_9201_cov_68.986596:3238-6434   -            162 77631at7898          -            396   7.1e-13   46.1   0.1   2   2   4.4e-13   2.2e-11   41.2   0.0   261   333    69   143    64   149 0.89 -
NODE_17710_length_9841_cov_39.089920:1549-9000   -            480 77631at7898          -            396   1.3e-12   45.2   0.1   1   1   4.3e-14   2.1e-12   44.5   0.1   194   340    78   238    41   265 0.77 -
NODE_2282_length_17661_cov_39.343355:15521-16189 -            223 77631at7898          -            396   2.9e-12   44.1   0.0   1   1   9.3e-14   4.5e-12   43.4   0.0   168   340     7   200     2   217 0.74 -
NODE_7208_length_13174_cov_42.165660:7146-7919   -            258 77631at7898          -            396   3.7e-12   43.7   0.1   1   1     9e-14   4.4e-12   43.5   0.1   165   353     2   208     1   244 0.76 -
NODE_51818_length_5950_cov_30.968894:1532-2026   -            165 77631at7898          -            396   4.5e-12   43.4   0.0   1   1   1.2e-13   5.9e-12   43.1   0.0   258   339     8   103     3   129 0.78 -
NODE_6133_length_13786_cov_39.829400:1964-13041  -            550 77631at7898          -            396   6.4e-12   42.9   0.0   1   1   1.9e-13   9.3e-12   42.4   0.0   197   389     3   207     1   212 0.73 -
NODE_115239_length_3283_cov_37.686872:1777-2340  -            188 77631at7898          -            396   1.1e-11   42.1   0.0   1   1   3.4e-13   1.6e-11   41.6   0.0   179   300    26   161     8   181 0.74 -
NODE_13007_length_11011_cov_54.859971:429-4575   -            171 77631at7898          -            396   1.8e-11   41.5   0.4   1   2     0.019      0.95    6.2   0.1   166   192     5    32     2    42 0.86 -
NODE_13007_length_11011_cov_54.859971:429-4575   -            171 77631at7898          -            396   1.8e-11   41.5   0.4   2   2   6.6e-11   3.2e-09   34.0   0.0   190   295    63   171    40   171 0.84 -
NODE_4844_length_14671_cov_44.521411:2550-10154  -            261 77631at7898          -            396     3e-11   40.7   0.2   1   1   8.2e-13     4e-11   40.3   0.2   195   332    15   166     1   172 0.73 -
NODE_16527_length_10107_cov_38.069644:4464-10073 -            186 77631at7898          -            396     9e-11   39.2   0.0   1   1   4.3e-12   2.1e-10   38.0   0.0   227   335     1   123     1   153 0.83 -
NODE_81813_length_4395_cov_427.152933:1861-2385  -            175 77631at7898          -            396   1.6e-10   38.3   0.1   1   1   1.3e-11   6.2e-10   36.4   0.1   169   302     9   162     4   167 0.69 -
NODE_14086_length_10704_cov_44.048373:1967-3147  -            160 77631at7898          -            396   2.4e-10   37.8   0.0   1   1   1.9e-09     9e-08   29.3   0.0   171   328     1   158     1   160 0.68 -
NODE_681_length_22725_cov_201.497437:12564-17709 -            183 77631at7898          -            396   3.7e-10   37.1   0.1   1   2      0.31        15    2.2   0.1   204   233     6    36     2    43 0.79 -
NODE_681_length_22725_cov_201.497437:12564-17709 -            183 77631at7898          -            396   3.7e-10   37.1   0.1   2   2   6.5e-11   3.2e-09   34.1   0.0   254   347    36   139    25   156 0.77 -
NODE_153978_length_2386_cov_41.975514:1448-1900  -            151 77631at7898          -            396   4.5e-10   36.9   0.0   1   1   1.1e-11   5.1e-10   36.7   0.0   168   297     2   151     1   151 0.84 -
NODE_26626_length_8320_cov_59.148157:68-556      -            163 77631at7898          -            396   6.2e-10   36.4   0.0   1   1   1.7e-11   8.1e-10   36.0   0.0   258   340     8   104     3   114 0.71 -
NODE_263062_length_919_cov_1.091463:227-784      -            186 77631at7898          -            396   6.5e-10   36.3   0.0   1   1   2.7e-11   1.3e-09   35.3   0.0   205   335     4   147     1   165 0.81 -
NODE_99684_length_3749_cov_38.876712:44-3155     -            255 77631at7898          -            396   2.5e-09   34.4   0.1   1   1   7.4e-11   3.6e-09   33.9   0.1   191   298    44   164     7   169 0.72 -
NODE_97374_length_3823_cov_43.067401:1103-3058   -            192 77631at7898          -            396   2.9e-09   34.2   0.0   1   1   9.1e-11   4.4e-09   33.6   0.0   198   335    17   164     7   184 0.75 -
NODE_3689_length_15748_cov_35.312736:13453-14085 -            211 77631at7898          -            396     3e-09   34.1   0.0   1   2   3.5e-09   1.7e-07   28.4   0.0   227   300     2    78     1    86 0.89 -
NODE_3689_length_15748_cov_35.312736:13453-14085 -            211 77631at7898          -            396     3e-09   34.1   0.0   2   2     0.097       4.7    3.9   0.0   305   333   112   139    91   145 0.77 -
NODE_37273_length_7111_cov_36.352824:1037-1717   -            227 77631at7898          -            396   4.1e-09   33.7   0.0   1   2   4.3e-09   2.1e-07   28.1   0.0   226   299    12    88    10    96 0.92 -
NODE_37273_length_7111_cov_36.352824:1037-1717   -            227 77631at7898          -            396   4.1e-09   33.7   0.0   2   2      0.12       5.7    3.6   0.0   305   333   126   153   104   159 0.78 -
NODE_33117_length_7535_cov_30.338757:2481-6844   -            113 77631at7898          -            396   1.3e-08   32.0   0.2   1   2   0.00095     0.046   10.5   0.0   166   193     5    35     1    61 0.69 -
NODE_33117_length_7535_cov_30.338757:2481-6844   -            113 77631at7898          -            396   1.3e-08   32.0   0.2   2   2     1e-06   4.8e-05   20.3   0.0   258   297    76   113    66   113 0.91 -
NODE_111762_length_3380_cov_34.353551:673-1671   -            333 77631at7898          -            396   1.8e-08   31.5   0.0   1   1   5.5e-10   2.7e-08   31.0   0.0   166   333    27   217    19   225 0.71 -
NODE_1372_length_19838_cov_42.013679:52-4369     -            337 77631at7898          -            396   1.9e-08   31.5   0.0   1   1   5.2e-10   2.5e-08   31.1   0.0   163   333    83   279    59   298 0.69 -
NODE_6000_length_13874_cov_39.136334:2428-8891   -            242 77631at7898          -            396   1.9e-08   31.5   0.0   1   3   1.8e-05    0.0009   16.1   0.0   166   217     6    64     2    71 0.79 -
NODE_6000_length_13874_cov_39.136334:2428-8891   -            242 77631at7898          -            396   1.9e-08   31.5   0.0   2   3   0.00043     0.021   11.6   0.0   258   296    73   112    66   126 0.84 -
NODE_6000_length_13874_cov_39.136334:2428-8891   -            242 77631at7898          -            396   1.9e-08   31.5   0.0   3   3       1.6        77   -0.1   0.0   307   333   195   222   190   232 0.76 -
NODE_4396_length_15059_cov_42.829880:4716-5816   -            367 77631at7898          -            396   2.4e-08   31.2   0.0   1   1   7.4e-10   3.6e-08   30.6   0.0   166   333    27   217    20   225 0.71 -
NODE_66359_length_5100_cov_27.302739:2334-2624   -             97 77631at7898          -            396     5e-08   30.1   0.0   1   1   1.2e-09   5.6e-08   30.0   0.0   226   306     3    91     1    96 0.86 -
NODE_81612_length_4404_cov_23.418118:3443-4000   -            186 77631at7898          -            396   9.2e-08   29.2   0.0   1   1   2.7e-09   1.3e-07   28.8   0.0   262   333    19   105     9   114 0.73 -
NODE_8106_length_12744_cov_31.935310:6637-7115   -            132 77631at7898          -            396   1.2e-07   28.9   0.0   1   1   2.8e-09   1.4e-07   28.7   0.0   259   340    14   104     4   117 0.76 -
NODE_11470_length_11478_cov_36.884788:3231-3521  -             97 77631at7898          -            396   2.2e-07   28.0   0.2   1   1   5.1e-09   2.5e-07   27.8   0.2   234   299    19    88     9    95 0.86 -
NODE_59175_length_5490_cov_40.641810:4032-5014   -             87 77631at7898          -            396   5.7e-07   26.6   0.5   1   1   1.2e-08     6e-07   26.6   0.5   209   290     3    86     1    87 0.89 -
NODE_91751_length_4019_cov_35.050255:1953-2273   -            107 77631at7898          -            396   6.2e-07   26.5   0.1   1   1   1.4e-08   6.6e-07   26.4   0.1   223   297    30   107     3   107 0.79 -
NODE_13425_length_10891_cov_27.271405:2694-3273  -            162 77631at7898          -            396   8.8e-07   26.0   0.0   1   1   2.1e-08     1e-06   25.8   0.0   254   340    61   157    19   161 0.79 -
NODE_67602_length_5036_cov_43.110391:2073-3069   -            179 77631at7898          -            396   1.4e-06   25.4   0.0   1   2   5.9e-08   2.9e-06   24.3   0.0   182   306    19   150     1   155 0.77 -
NODE_67602_length_5036_cov_43.110391:2073-3069   -            179 77631at7898          -            396   1.4e-06   25.4   0.0   2   2      0.55        27    1.4   0.0   320   339   146   164   142   177 0.77 -
NODE_1144_length_20580_cov_52.558078:9008-9739   -            244 77631at7898          -            396   1.4e-06   25.3   0.0   1   1     3e-08   1.5e-06   25.3   0.0   187   354    20   201     1   235 0.70 -
NODE_91262_length_4038_cov_32.737751:424-864     -            147 77631at7898          -            396   1.6e-06   25.2   0.0   1   1     4e-08   1.9e-06   24.9   0.0   205   330     5   145     1   147 0.67 -
NODE_24_length_41439_cov_5.115385:27781-28284    -            168 77631at7898          -            396   2.2e-06   24.7   0.0   1   1     5e-08   2.4e-06   24.6   0.0   228   314    45   147     9   167 0.69 -
NODE_10567_length_11788_cov_29.610488:5565-9783  -            152 77631at7898          -            396   2.4e-06   24.6   0.0   1   1   1.1e-06   5.5e-05   20.1   0.0   252   340    41   139     1   146 0.70 -
NODE_37483_length_7091_cov_39.265875:5532-6044   -            121 77631at7898          -            396   2.6e-06   24.5   0.1   1   1   7.4e-07   3.6e-05   20.7   0.1   252   298    70   118     1   120 0.85 -
NODE_31816_length_7675_cov_40.090549:455-3476    -            693 77631at7898          -            396   5.3e-06   23.4   0.1   1   1   1.6e-07   7.6e-06   22.9   0.1   168   298   539   679   518   688 0.78 -
NODE_11650_length_11422_cov_237.913362:1959-3611 -            150 77631at7898          -            396   6.7e-06   23.1   0.0   1   2     0.071       3.5    4.3   0.0   254   277    19    42     3    54 0.82 -
NODE_11650_length_11422_cov_237.913362:1959-3611 -            150 77631at7898          -            396   6.7e-06   23.1   0.0   2   2   1.1e-05   0.00055   16.8   0.0   275   334    71   141    65   148 0.77 -
NODE_358655_length_428_cov_0.620061:11-400       -            130 77631at7898          -            396   1.5e-05   22.0   0.0   1   1   3.4e-07   1.7e-05   21.8   0.0   204   299     4    99     1   107 0.87 -
NODE_156686_length_2336_cov_27.911936:1414-1992  -            193 77631at7898          -            396   2.6e-05   21.2   0.1   1   2   3.1e-06   0.00015   18.7   0.0   253   300     7    56     2    69 0.86 -
NODE_156686_length_2336_cov_27.911936:1414-1992  -            193 77631at7898          -            396   2.6e-05   21.2   0.1   2   2         1        50    0.5   0.0   320   334    97   111    87   152 0.87 -
NODE_210465_length_1501_cov_32.092725:1234-1479  -             82 77631at7898          -            396   3.3e-05   20.9   0.0   1   1   6.7e-07   3.3e-05   20.9   0.0   225   295    12    82     1    82 0.91 -
NODE_27470_length_8206_cov_51.036882:2344-7077   -            431 77631at7898          -            396   3.3e-05   20.8   0.0   1   2   1.9e-06   9.1e-05   19.4   0.0   260   303    32    75    21    91 0.86 -
NODE_27470_length_8206_cov_51.036882:2344-7077   -            431 77631at7898          -            396   3.3e-05   20.8   0.0   2   2       6.4   3.1e+02   -2.1   0.0   318   348   139   168   135   183 0.71 -
NODE_4359_length_15088_cov_45.747948:322-12256   -            320 77631at7898          -            396   3.9e-05   20.6   0.0   1   1   1.2e-06     6e-05   20.0   0.0   255   390    63   211    38   216 0.74 -
NODE_92602_length_3989_cov_28.774807:414-715     -             69 77631at7898          -            396   4.3e-05   20.4   0.0   1   1   9.5e-07   4.6e-05   20.4   0.0   166   219     5    64     1    68 0.82 -
NODE_484128_length_257_cov_0.645570:2-256        -             85 77631at7898          -            396   4.6e-05   20.3   0.0   1   1     1e-06     5e-05   20.2   0.0   227   296    12    84     7    85 0.84 -
NODE_531_length_23933_cov_36.637157:4156-22248   -            208 77631at7898          -            396   0.00014   18.8   0.1   1   1   4.9e-05    0.0024   14.7   0.1   148   333    11   198     2   206 0.56 -
NODE_207573_length_1540_cov_28.691881:430-627    -             66 77631at7898          -            396   0.00014   18.7   0.0   1   1     3e-06   0.00014   18.7   0.0   164   217     4    64     1    66 0.74 -
NODE_17890_length_9798_cov_38.137952:6653-7210   -            186 77631at7898          -            396   0.00026   17.9   0.0   1   2      0.02      0.96    6.1   0.0   168   227     2    74     1    97 0.77 -
NODE_17890_length_9798_cov_38.137952:6653-7210   -            186 77631at7898          -            396   0.00026   17.9   0.0   2   2    0.0013     0.062   10.1   0.0   226   283   129   186   111   186 0.82 -
NODE_16834_length_10036_cov_51.379692:324-6176   -            193 77631at7898          -            396    0.0012   15.8   0.0   1   1   2.9e-05    0.0014   15.4   0.0   274   350     4    88     1    97 0.77 -
NODE_33601_length_7481_cov_36.148198:5994-6335   -            114 77631at7898          -            396    0.0015   15.4   0.0   1   1   3.7e-05    0.0018   15.1   0.0   199   291     3   107     1   110 0.77 -
NODE_8021_length_12788_cov_40.111356:4456-11540  -            178 77631at7898          -            396    0.0029   14.4   0.0   1   1   7.6e-05    0.0037   14.1   0.0   207   333     4   134     1   151 0.73 -
NODE_243999_length_1105_cov_32.114314:684-1004   -            107 77631at7898          -            396    0.0037   14.1   0.0   1   1   8.2e-05     0.004   14.0   0.0   211   295    14   105     4   107 0.79 -
NODE_177793_length_1970_cov_29.452699:1358-1549  -             64 77631at7898          -            396     0.011   12.6   0.0   1   1   0.00022     0.011   12.6   0.0   181   223    18    62     1    64 0.79 -
NODE_274605_length_819_cov_0.818056:0-458        -            153 77631at7898          -            396     0.011   12.6   0.0   1   1   0.00032     0.016   12.0   0.0   254   340    45   146    38   150 0.67 -
NODE_14728_length_10541_cov_37.451542:5293-9428  -            544 77631at7898          -            396     0.019   11.8   0.0   1   1   0.00057     0.028   11.2   0.0   262   333   394   473   384   484 0.81 -
NODE_16795_length_10045_cov_39.776091:7125-7388  -             88 77631at7898          -            396     0.033   10.9   0.0   1   1   0.00069     0.033   10.9   0.0   238   295    28    88     1    88 0.79 -
NODE_25618_length_8467_cov_31.843810:2265-7026   -            362 77631at7898          -            396     0.053   10.3   0.0   1   1    0.0017     0.085    9.6   0.0   320   391    11    80     2    84 0.92 -
#
# Program:         hmmsearch
# Version:         3.1b2 (February 2015)
# Pipeline mode:   SEARCH
# Query file:      /home/e1garcia/shotgun_PIRE/abyss/busco_downloads/lineages/actinopterygii_odb10/hmms/77631at7898.hmm
# Target file:     /home/e1garcia/shotgun_PIRE/pire_ssl_data_processing/plotosus_lineatus/busco_contigs_results-SPAdes_decontam_R1R2_noIsolate/run_actinopterygii_odb10/metaeuk_output/rerun_results/contigs.modified.fasta.modified.fas
# Option settings: hmmsearch --domtblout /home/e1garcia/shotgun_PIRE/pire_ssl_data_processing/plotosus_lineatus/busco_contigs_results-SPAdes_decontam_R1R2_noIsolate/run_actinopterygii_odb10/hmmer_output/rerun_results/77631at7898.out --cpu 1 /home/e1garcia/shotgun_PIRE/abyss/busco_downloads/lineages/actinopterygii_odb10/hmms/77631at7898.hmm /home/e1garcia/shotgun_PIRE/pire_ssl_data_processing/plotosus_lineatus/busco_contigs_results-SPAdes_decontam_R1R2_noIsolate/run_actinopterygii_odb10/metaeuk_output/rerun_results/contigs.modified.fasta.modified.fas 
# Current dir:     /home/e1garcia/shotgun_PIRE/pire_ssl_data_processing/plotosus_lineatus
# Date:            Fri Aug 20 14:36:34 2021
# [ok]
