#                                                                                                        --- full sequence --- -------------- this domain -------------   hmm coord   ali coord   env coord
# target name                                    accession   tlen query name           accession   qlen   E-value  score  bias   #  of  c-Evalue  i-Evalue  score  bias  from    to  from    to  from    to  acc description of target
#                            ------------------- ---------- ----- -------------------- ---------- ----- --------- ------ ----- --- --- --------- --------- ------ ----- ----- ----- ----- ----- ----- ----- ---- ---------------------
NODE_5805_length_13996_cov_35.075268:11886-13555 -            400 8186at7898           -            966   4.9e-67  224.8  30.3   1   1   7.3e-69   5.6e-67  224.6  30.3    21   415     1   400     1   400 0.85 -
NODE_1739_length_18799_cov_35.387005:7523-10489  -            695 8186at7898           -            966   6.5e-63  211.1  16.5   1   1   1.4e-64   1.1e-62  210.5  16.5    15   352   338   695   332   695 0.84 -
NODE_10592_length_11778_cov_29.828239:3380-4507  -            376 8186at7898           -            966   5.8e-17   59.1   0.6   1   3   7.1e-09   5.5e-07   26.0   0.1   803   927    52   187    36   198 0.82 -
NODE_10592_length_11778_cov_29.828239:3380-4507  -            376 8186at7898           -            966   5.8e-17   59.1   0.6   2   3   2.1e-09   1.6e-07   27.8   0.1   794   916   141   271   136   286 0.81 -
NODE_10592_length_11778_cov_29.828239:3380-4507  -            376 8186at7898           -            966   5.8e-17   59.1   0.6   3   3   3.9e-06    0.0003   17.0   0.0   807   915   249   369   247   374 0.82 -
NODE_18937_length_9591_cov_24.560156:3361-4437   -            359 8186at7898           -            966   7.2e-16   55.4   0.0   1   3   1.2e-11   9.3e-10   35.2   0.0   846   933    26   117    13   132 0.87 -
NODE_18937_length_9591_cov_24.560156:3361-4437   -            359 8186at7898           -            966   7.2e-16   55.4   0.0   2   3      0.26        20    1.0   0.0   849   914   133   206   113   219 0.54 -
NODE_18937_length_9591_cov_24.560156:3361-4437   -            359 8186at7898           -            966   7.2e-16   55.4   0.0   3   3   8.2e-06   0.00063   15.9   0.0   826   916   244   340   232   352 0.82 -
NODE_48552_length_6173_cov_45.924432:2261-2956   -            232 8186at7898           -            966   2.8e-15   53.5   0.1   1   2   0.00075     0.057    9.4   0.0   886   926     1    41     1    63 0.80 -
NODE_48552_length_6173_cov_45.924432:2261-2956   -            232 8186at7898           -            966   2.8e-15   53.5   0.1   2   2   1.4e-13   1.1e-11   41.6   0.0   815   914   123   227   103   231 0.85 -
NODE_10592_length_11778_cov_29.828239:4565-5233  -            223 8186at7898           -            966   4.3e-15   52.9   0.5   1   2   1.8e-06   0.00014   18.1   0.1   813   915     7   123     1   128 0.71 -
NODE_10592_length_11778_cov_29.828239:4565-5233  -            223 8186at7898           -            966   4.3e-15   52.9   0.5   2   2   3.9e-13     3e-11   40.2   0.1   815   914   112   218    99   222 0.83 -
NODE_48552_length_6173_cov_45.924432:3101-4138   -            346 8186at7898           -            966   4.2e-14   49.6   0.0   1   3      0.13        10    2.0   0.0   805   870    25    96    18   115 0.67 -
NODE_48552_length_6173_cov_45.924432:3101-4138   -            346 8186at7898           -            966   4.2e-14   49.6   0.0   2   3   1.1e-12   8.8e-11   38.6   0.0   799   919   117   244   108   258 0.84 -
NODE_48552_length_6173_cov_45.924432:3101-4138   -            346 8186at7898           -            966   4.2e-14   49.6   0.0   3   3     0.011      0.83    5.6   0.0   845   915   260   339   254   344 0.74 -
NODE_18146_length_9748_cov_37.338792:6271-7464   -            398 8186at7898           -            966   8.1e-14   48.7   0.0   1   3   4.2e-06   0.00032   16.9   0.0   808   931     2   141     1   145 0.73 -
NODE_18146_length_9748_cov_37.338792:6271-7464   -            398 8186at7898           -            966   8.1e-14   48.7   0.0   2   3   2.5e-11   1.9e-09   34.2   0.1   808   914   105   218   101   233 0.80 -
NODE_18146_length_9748_cov_37.338792:6271-7464   -            398 8186at7898           -            966   8.1e-14   48.7   0.0   3   3    0.0073      0.56    6.1   0.0   859   924   257   329   220   340 0.66 -
NODE_3705_length_15732_cov_35.772724:635-13989   -            735 8186at7898           -            966   1.9e-12   44.1   0.1   1   3      0.45        35    0.2   0.0   696   731   222   257   218   270 0.90 -
NODE_3705_length_15732_cov_35.772724:635-13989   -            735 8186at7898           -            966   1.9e-12   44.1   0.1   2   3   5.8e-10   4.5e-08   29.6   0.0   812   929   291   413   271   418 0.79 -
NODE_3705_length_15732_cov_35.772724:635-13989   -            735 8186at7898           -            966   1.9e-12   44.1   0.1   3   3   0.00054     0.042    9.9   0.0   853   914   426   489   418   499 0.83 -
NODE_9082_length_12323_cov_35.525851:1401-7040   -            307 8186at7898           -            966   2.4e-12   43.8  12.1   1   1   4.1e-14   3.2e-12   43.4  12.1   540   689    54   222    33   260 0.62 -
NODE_20491_length_9301_cov_41.241687:5653-6315   -            221 8186at7898           -            966   2.6e-12   43.7   0.5   1   2     8e-11   6.1e-09   32.5   0.1   806   917     1   122     1   137 0.79 -
NODE_20491_length_9301_cov_41.241687:5653-6315   -            221 8186at7898           -            966   2.6e-12   43.7   0.5   2   2   0.00031     0.024   10.7   0.1   847   917   143   218   121   221 0.73 -
NODE_12457_length_11171_cov_35.266980:7571-8215  -            215 8186at7898           -            966   3.4e-12   43.3   0.1   1   2     0.024       1.9    4.4   0.0   816   869     7    62     2    84 0.83 -
NODE_12457_length_11171_cov_35.266980:7571-8215  -            215 8186at7898           -            966   3.4e-12   43.3   0.1   2   2   3.1e-12   2.4e-10   37.2   0.0   802   915    88   211    73   214 0.83 -
NODE_82673_length_4364_cov_23.010551:991-1614    -            208 8186at7898           -            966   3.5e-10   36.6  24.2   1   1   2.8e-11   2.1e-09   34.0  24.2   302   441    13   177     9   201 0.71 -
NODE_6553_length_13544_cov_63.701971:11385-12063 -            172 8186at7898           -            966   4.3e-10   36.3   0.0   1   2   2.1e-06   0.00016   17.9   0.0   848   915    10    82     6    90 0.82 -
NODE_6553_length_13544_cov_63.701971:11385-12063 -            172 8186at7898           -            966   4.3e-10   36.3   0.0   2   2   4.7e-06   0.00036   16.7   0.0   853   913    96   158    88   165 0.86 -
NODE_48552_length_6173_cov_45.924432:437-1240    -            268 8186at7898           -            966   6.7e-10   35.7   0.3   1   3     0.049       3.8    3.4   0.0   743   799     7    64     3    95 0.81 -
NODE_48552_length_6173_cov_45.924432:437-1240    -            268 8186at7898           -            966   6.7e-10   35.7   0.3   2   3   2.9e-09   2.2e-07   27.3   0.0   807   929   100   233    79   242 0.81 -
NODE_48552_length_6173_cov_45.924432:437-1240    -            268 8186at7898           -            966   6.7e-10   35.7   0.3   3   3   0.00015     0.012   11.7   0.1   807   869   198   268   195   268 0.77 -
NODE_17724_length_9836_cov_29.589607:7163-7723   -            187 8186at7898           -            966   1.2e-09   34.9   0.3   1   2   4.6e-07   3.6e-05   20.0   0.0   848   929     4    89     1   101 0.87 -
NODE_17724_length_9836_cov_29.589607:7163-7723   -            187 8186at7898           -            966   1.2e-09   34.9   0.3   2   2   4.3e-05    0.0033   13.5   0.0   854   918   110   178    95   187 0.76 -
NODE_8704_length_12483_cov_35.744428:8266-11997  -            155 8186at7898           -            966   1.3e-09   34.8   0.0   1   2   1.3e-05   0.00096   15.3   0.0   853   914     1    66     1    79 0.81 -
NODE_8704_length_12483_cov_35.744428:8266-11997  -            155 8186at7898           -            966   1.3e-09   34.8   0.0   2   2   1.7e-06   0.00013   18.2   0.0   847   915    75   147    66   154 0.83 -
NODE_24954_length_8563_cov_26.185964:3575-3916   -            114 8186at7898           -            966   3.5e-09   33.3   1.6   1   1   4.9e-11   3.8e-09   33.2   1.6   370   438    22    91     5   107 0.86 -
NODE_3316_length_16135_cov_29.665440:14025-14602 -            142 8186at7898           -            966   3.9e-09   33.1   0.0   1   2     0.029       2.2    4.2   0.0   872   912     3    46     1    52 0.84 -
NODE_3316_length_16135_cov_29.665440:14025-14602 -            142 8186at7898           -            966   3.9e-09   33.1   0.0   2   2     3e-09   2.3e-07   27.3   0.0   840   913    54   130    49   139 0.88 -
NODE_6027_length_13853_cov_34.743711:5859-7578   -            185 8186at7898           -            966   5.8e-09   32.6   0.1   1   2   2.1e-06   0.00016   17.9   0.0   851   915    31    95    24   102 0.87 -
NODE_6027_length_13853_cov_34.743711:5859-7578   -            185 8186at7898           -            966   5.8e-09   32.6   0.1   2   2   5.3e-05     0.004   13.2   0.0   850   925   105   180    96   185 0.84 -
NODE_160843_length_2258_cov_27.987957:1139-1579  -            147 8186at7898           -            966   2.1e-08   30.7   5.0   1   2   0.00015     0.011   11.8   0.1   882   925    12    58     1    74 0.77 -
NODE_160843_length_2258_cov_27.987957:1139-1579  -            147 8186at7898           -            966   2.1e-08   30.7   5.0   2   2   3.1e-07   2.4e-05   20.6   1.8   626   679    89   143    75   147 0.91 -
NODE_5377_length_14265_cov_24.435832:4158-4697   -            180 8186at7898           -            966   2.2e-08   30.7  10.7   1   1   3.5e-10   2.7e-08   30.4  10.7   335   440    15   135     7   178 0.75 -
NODE_26048_length_8407_cov_32.965696:1964-3993   -            242 8186at7898           -            966     4e-08   29.8   0.1   1   3       0.8        61   -0.6   0.0   890   914    23    47    18    53 0.87 -
NODE_26048_length_8407_cov_32.965696:1964-3993   -            242 8186at7898           -            966     4e-08   29.8   0.1   2   3    0.0068      0.52    6.3   0.1   846   905    53   114    33   125 0.80 -
NODE_26048_length_8407_cov_32.965696:1964-3993   -            242 8186at7898           -            966     4e-08   29.8   0.1   3   3     3e-07   2.3e-05   20.7   0.0   814   915   142   237   129   242 0.89 -
NODE_20491_length_9301_cov_41.241687:7268-8377   -            370 8186at7898           -            966   7.6e-08   28.9   0.0   1   3   8.5e-05    0.0065   12.6   0.0   815   914    11   115     1   131 0.80 -
NODE_20491_length_9301_cov_41.241687:7268-8377   -            370 8186at7898           -            966   7.6e-08   28.9   0.0   2   3      0.11       8.1    2.3   0.0   887   915   188   216   170   234 0.85 -
NODE_20491_length_9301_cov_41.241687:7268-8377   -            370 8186at7898           -            966   7.6e-08   28.9   0.0   3   3   0.00064     0.049    9.7   0.0   801   870   288   360   275   369 0.82 -
NODE_19972_length_9397_cov_40.270703:7596-8273   -            226 8186at7898           -            966   1.2e-07   28.2   0.0   1   2    0.0018      0.14    8.2   0.0   814   876     8    73     2    83 0.82 -
NODE_19972_length_9397_cov_40.270703:7596-8273   -            226 8186at7898           -            966   1.2e-07   28.2   0.0   2   2   1.8e-06   0.00014   18.1   0.0   807   915    96   214    88   221 0.82 -
NODE_7067_length_13252_cov_34.202996:429-986     -            186 8186at7898           -            966   7.5e-07   25.6   0.4   1   2   4.6e-05    0.0035   13.4   0.0   855   929     1    79     1    91 0.76 -
NODE_7067_length_13252_cov_34.202996:429-986     -            186 8186at7898           -            966   7.5e-07   25.6   0.4   2   2   0.00016     0.013   11.6   0.1   844   915    95   171    65   185 0.76 -
NODE_51380_length_5980_cov_27.937426:2141-3364   -            408 8186at7898           -            966   1.9e-06   24.3   0.7   1   1   3.2e-08   2.5e-06   23.9   0.7   846   925   322   406   288   408 0.77 -
NODE_59084_length_5495_cov_48.452557:1754-2314   -            187 8186at7898           -            966   3.5e-06   23.4   0.3   1   1   7.9e-08   6.1e-06   22.6   0.3   805   917    44   167     8   186 0.74 -
NODE_45076_length_6429_cov_29.033649:4466-6019   -            518 8186at7898           -            966   5.7e-06   22.7   0.0   1   1     1e-07   7.8e-06   22.2   0.0   845   922   400   481   378   495 0.79 -
NODE_51659_length_5960_cov_21.784678:3124-4050   -            309 8186at7898           -            966   7.6e-06   22.3   0.2   1   1   1.3e-07     1e-05   21.8   0.2   846   914   228   300   218   308 0.83 -
NODE_44875_length_6445_cov_31.015916:2924-4300   -            459 8186at7898           -            966   1.3e-05   21.5   0.0   1   1   2.3e-07   1.8e-05   21.0   0.0   846   929   295   380   285   392 0.85 -
NODE_78_length_34103_cov_50.625044:11174-20599   -           3142 8186at7898           -            966   1.3e-05   21.5   0.3   1   4   4.9e-06   0.00038   16.7   0.0   852   930   328   408   316   418 0.85 -
NODE_78_length_34103_cov_50.625044:11174-20599   -           3142 8186at7898           -            966   1.3e-05   21.5   0.3   2   4       2.3   1.8e+02   -2.1   0.0   848   927   611   694   574   697 0.71 -
NODE_78_length_34103_cov_50.625044:11174-20599   -           3142 8186at7898           -            966   1.3e-05   21.5   0.3   3   4      0.48        37    0.1   0.0   847   919  1692  1768  1635  1779 0.69 -
NODE_78_length_34103_cov_50.625044:11174-20599   -           3142 8186at7898           -            966   1.3e-05   21.5   0.3   4   4       1.8   1.4e+02   -1.8   0.0   853   930  2493  2572  2480  2578 0.76 -
NODE_10400_length_11841_cov_29.710186:1973-2263  -             97 8186at7898           -            966   1.6e-05   21.2   0.1   1   1   2.3e-07   1.8e-05   21.1   0.1   845   927    11    96     6    97 0.83 -
NODE_78_length_34103_cov_50.625044:12119-15640   -           1174 8186at7898           -            966   2.2e-05   20.8   0.1   1   2   1.7e-06   0.00013   18.2   0.0   853   930    14    93     3   103 0.85 -
NODE_78_length_34103_cov_50.625044:12119-15640   -           1174 8186at7898           -            966   2.2e-05   20.8   0.1   2   2      0.62        48   -0.2   0.0   847   927   295   379   250   383 0.71 -
NODE_589_length_23404_cov_27.999743:18281-18523  -             81 8186at7898           -            966   2.3e-05   20.7   0.1   1   1     3e-07   2.3e-05   20.7   0.1   858   924     4    75     1    81 0.79 -
NODE_589_length_23404_cov_27.999743:4880-5122    -             81 8186at7898           -            966   2.3e-05   20.7   0.1   1   1     3e-07   2.3e-05   20.7   0.1   858   924     4    75     1    81 0.79 -
NODE_292786_length_678_cov_7.917098:76-588       -            171 8186at7898           -            966   3.7e-05   20.0   0.3   1   2    0.0015      0.12    8.4   0.0   821   884     1    65     1   108 0.76 -
NODE_292786_length_678_cov_7.917098:76-588       -            171 8186at7898           -            966   3.7e-05   20.0   0.3   2   2   0.00034     0.026   10.6   0.1   896   934   110   148   100   168 0.81 -
NODE_7557_length_12988_cov_25.245403:5518-6741   -            408 8186at7898           -            966   4.7e-05   19.6   0.5   1   1   8.8e-07   6.8e-05   19.1   0.5   846   927   322   406   313   408 0.82 -
NODE_7633_length_12950_cov_31.391409:9985-11547  -            521 8186at7898           -            966   0.00021   17.5   0.0   1   1   2.7e-06   0.00021   17.5   0.0   853   915   409   475   397   492 0.83 -
NODE_39880_length_6866_cov_22.465790:1349-2809   -            487 8186at7898           -            966   0.00021   17.5   0.0   1   2       3.5   2.7e+02   -2.7   1.0   303   323     7    27     5    32 0.62 -
NODE_39880_length_6866_cov_22.465790:1349-2809   -            487 8186at7898           -            966   0.00021   17.5   0.0   2   2   2.8e-06   0.00021   17.5   0.0   851   915   402   470   382   484 0.85 -
NODE_7208_length_13174_cov_42.165660:9800-10306  -            169 8186at7898           -            966    0.0008   15.6   0.0   1   2   2.4e-05    0.0018   14.4   0.0   858   916     1    63     1    79 0.89 -
NODE_7208_length_13174_cov_42.165660:9800-10306  -            169 8186at7898           -            966    0.0008   15.6   0.0   2   2   0.00039      0.03   10.4   0.0   801   912    37   154    34   167 0.74 -
NODE_23_length_42078_cov_176.768051:10049-11275  -            409 8186at7898           -            966    0.0015   14.6   0.1   1   1   3.3e-05    0.0026   13.9   0.1   846   915   323   395   313   409 0.78 -
NODE_23_length_42078_cov_176.768051:30802-32028  -            409 8186at7898           -            966    0.0015   14.6   0.1   1   1   3.3e-05    0.0026   13.9   0.1   846   915   323   395   313   409 0.78 -
NODE_170353_length_2093_cov_32.823972:810-2063   -            418 8186at7898           -            966    0.0016   14.6   0.0   1   1   2.8e-05    0.0021   14.2   0.0   851   929   294   376   283   388 0.79 -
NODE_20491_length_9301_cov_41.241687:979-1512    -            178 8186at7898           -            966    0.0016   14.6   0.0   1   1   2.2e-05    0.0017   14.5   0.0   807   915    47   162     3   177 0.81 -
NODE_9793_length_12059_cov_32.340134:3371-4615   -            415 8186at7898           -            966     0.002   14.3   0.0   1   1   3.7e-05    0.0029   13.7   0.0   846   916   329   402   313   415 0.75 -
NODE_81174_length_4423_cov_28.369103:1532-2920   -            463 8186at7898           -            966    0.0021   14.2   0.0   1   1   3.7e-05    0.0028   13.8   0.0   846   929   272   357   266   361 0.87 -
NODE_56883_length_5627_cov_27.561686:2435-3865   -            477 8186at7898           -            966    0.0039   13.3   0.1   1   1   7.4e-05    0.0057   12.8   0.1   851   924   392   471   378   476 0.81 -
NODE_17929_length_9791_cov_28.365662:4035-5321   -            429 8186at7898           -            966    0.0041   13.2   0.1   1   1     7e-05    0.0054   12.8   0.1   848   941   307   405   296   418 0.74 -
NODE_1144_length_20580_cov_52.558078:6454-7053   -            200 8186at7898           -            966    0.0048   13.0   0.0   1   1   8.6e-05    0.0066   12.5   0.0   855   916    20    85     5    99 0.84 -
NODE_8590_length_12532_cov_37.345049:9269-10666  -            466 8186at7898           -            966    0.0061   12.7   0.0   1   1   9.8e-05    0.0075   12.4   0.0   799   857   334   394   292   459 0.79 -
NODE_94287_length_3931_cov_25.043580:1987-3363   -            459 8186at7898           -            966    0.0069   12.5   0.0   1   1   0.00014     0.011   11.9   0.0   846   930   291   377   283   385 0.86 -
NODE_97671_length_3815_cov_25.044133:2050-3373   -            308 8186at7898           -            966    0.0076   12.3   0.0   1   1   0.00014     0.011   11.8   0.0   803   929   181   306   161   308 0.69 -
NODE_17038_length_9992_cov_24.911857:2635-5355   -            158 8186at7898           -            966    0.0093   12.0   0.1   1   1   0.00014     0.011   11.8   0.1   629   671    68   113    56   127 0.76 -
NODE_33118_length_7535_cov_29.740990:737-1831    -            365 8186at7898           -            966      0.02   11.0   0.0   1   1   0.00034     0.027   10.5   0.0   851   935   257   345   247   357 0.76 -
NODE_50387_length_6047_cov_30.631137:2417-3322   -            302 8186at7898           -            966     0.022   10.8   0.0   1   1   0.00035     0.027   10.5   0.0   823   914   207   300   197   302 0.65 -
NODE_35474_length_7288_cov_25.503130:2552-3940   -            463 8186at7898           -            966     0.029   10.4   0.1   1   1   0.00051     0.039   10.0   0.1   846   914   289   359   285   423 0.76 -
NODE_40601_length_6803_cov_28.154236:909-2426    -            506 8186at7898           -            966     0.043    9.8   0.0   1   1   0.00079     0.061    9.3   0.0   853   928   410   491   396   501 0.78 -
NODE_200_length_28590_cov_38.267488:9268-11904   -            879 8186at7898           -            966     0.051    9.6   0.1   1   2    0.0051      0.39    6.7   0.1   873   928    31    89     6    94 0.79 -
NODE_200_length_28590_cov_38.267488:9268-11904   -            879 8186at7898           -            966     0.051    9.6   0.1   2   2      0.44        34    0.3   0.0   854   912   807   867   788   878 0.77 -
NODE_200_length_28590_cov_38.267488:18919-21597  -            893 8186at7898           -            966      0.06    9.4   0.0   1   2      0.53        40    0.0   0.0   773   826   381   442   377   456 0.66 -
NODE_200_length_28590_cov_38.267488:18919-21597  -            893 8186at7898           -            966      0.06    9.4   0.0   2   2    0.0055      0.43    6.6   0.0   853   930   791   870   764   880 0.81 -
#
# Program:         hmmsearch
# Version:         3.1b2 (February 2015)
# Pipeline mode:   SEARCH
# Query file:      /home/e1garcia/shotgun_PIRE/abyss/busco_downloads/lineages/actinopterygii_odb10/hmms/8186at7898.hmm
# Target file:     /home/e1garcia/shotgun_PIRE/pire_ssl_data_processing/plotosus_lineatus/busco_contigs_results-SPAdes_decontam_R1R2_noIsolate/run_actinopterygii_odb10/metaeuk_output/rerun_results/contigs.modified.fasta.modified.fas
# Option settings: hmmsearch --domtblout /home/e1garcia/shotgun_PIRE/pire_ssl_data_processing/plotosus_lineatus/busco_contigs_results-SPAdes_decontam_R1R2_noIsolate/run_actinopterygii_odb10/hmmer_output/rerun_results/8186at7898.out --cpu 1 /home/e1garcia/shotgun_PIRE/abyss/busco_downloads/lineages/actinopterygii_odb10/hmms/8186at7898.hmm /home/e1garcia/shotgun_PIRE/pire_ssl_data_processing/plotosus_lineatus/busco_contigs_results-SPAdes_decontam_R1R2_noIsolate/run_actinopterygii_odb10/metaeuk_output/rerun_results/contigs.modified.fasta.modified.fas 
# Current dir:     /home/e1garcia/shotgun_PIRE/pire_ssl_data_processing/plotosus_lineatus
# Date:            Fri Aug 20 14:35:13 2021
# [ok]
