#                                                                                                        --- full sequence --- -------------- this domain -------------   hmm coord   ali coord   env coord
# target name                                    accession   tlen query name           accession   qlen   E-value  score  bias   #  of  c-Evalue  i-Evalue  score  bias  from    to  from    to  from    to  acc description of target
#                            ------------------- ---------- ----- -------------------- ---------- ----- --------- ------ ----- --- --- --------- --------- ------ ----- ----- ----- ----- ----- ----- ----- ---- ---------------------
NODE_130727_length_2887_cov_32.429340:74-1778    -            205 82120at7898          -            283   7.5e-93  308.7  10.6   1   1   1.2e-90   9.7e-89  295.2  10.6    90   282     3   196     2   197 0.90 -
NODE_87032_length_4190_cov_26.074065:1030-1542   -            171 82120at7898          -            283   7.9e-56  187.3   0.2   1   1   1.2e-57   9.1e-56  187.1   0.2   131   275     4   152     1   158 0.93 -
NODE_131660_length_2866_cov_15.310083:1071-1628  -            186 82120at7898          -            283   8.2e-55  183.9   0.0   1   1   1.3e-56   9.9e-55  183.6   0.0   123   274    31   186    22   186 0.93 -
NODE_97906_length_3807_cov_14.693635:998-1420    -            141 82120at7898          -            283   2.8e-41  139.5   0.3   1   1   4.2e-43   3.3e-41  139.3   0.3   167   275     2   114     1   117 0.92 -
NODE_47662_length_6239_cov_31.997068:1334-1933   -            200 82120at7898          -            283     1e-32  111.5   1.1   1   2   3.8e-14     3e-12   44.3   0.0   134   177     7    50     3    62 0.93 -
NODE_47662_length_6239_cov_31.997068:1334-1933   -            200 82120at7898          -            283     1e-32  111.5   1.1   2   2   8.3e-21   6.5e-19   66.1   0.2   174   271    94   198    89   200 0.84 -
NODE_263028_length_919_cov_16.751220:221-448     -             76 82120at7898          -            283     7e-07   26.7   3.0   1   1   9.7e-09   7.6e-07   26.5   3.0   217   278     2    64     1    69 0.90 -
NODE_63969_length_5226_cov_19.076458:3864-4520   -            219 82120at7898          -            283   8.3e-07   26.4   0.9   1   1   1.6e-08   1.2e-06   25.9   0.9   216   275   106   166    94   174 0.87 -
NODE_339979_length_474_cov_3.594667:27-230       -             68 82120at7898          -            283   8.8e-07   26.3   2.4   1   1   1.2e-08     9e-07   26.3   2.4   218   278     3    64     1    68 0.90 -
NODE_110307_length_3424_cov_421.487820:114-530   -            139 82120at7898          -            283   1.1e-06   26.0   0.8   1   1   1.7e-08   1.3e-06   25.8   0.8   210   275    54   121    44   129 0.85 -
NODE_173156_length_2046_cov_11.767334:1423-1818  -            132 82120at7898          -            283   1.3e-06   25.8   1.5   1   1     2e-08   1.5e-06   25.5   1.5   217   275    15    74     2    97 0.88 -
NODE_81929_length_4391_cov_34.895853:532-1453    -            157 82120at7898          -            283   1.6e-06   25.5   1.2   1   1   2.6e-08   2.1e-06   25.1   1.2   197   281    36   122    28   124 0.84 -
NODE_390_length_25421_cov_31.304913:21023-25258  -            118 82120at7898          -            283   2.8e-06   24.7   0.5   1   1   3.8e-08     3e-06   24.6   0.5   196   273    35   114    16   118 0.84 -
NODE_64859_length_5176_cov_35.789246:189-2250    -            212 82120at7898          -            283   3.3e-06   24.5   0.1   1   1   6.9e-08   5.4e-06   23.7   0.1   210   273    19    83    11    92 0.88 -
NODE_200384_length_1636_cov_25.068315:217-441    -             75 82120at7898          -            283   3.9e-06   24.2   0.8   1   1   5.5e-08   4.3e-06   24.1   0.8   218   276     1    60     1    67 0.88 -
NODE_255063_length_994_cov_11.665922:346-537     -             64 82120at7898          -            283   4.1e-06   24.1   2.8   1   1   5.8e-08   4.6e-06   24.0   2.8   217   274     1    59     1    63 0.88 -
NODE_195032_length_1709_cov_23.874534:256-624    -            123 82120at7898          -            283   4.4e-06   24.0   2.1   1   1   7.5e-08   5.9e-06   23.6   2.1   216   276    13    74     8    80 0.89 -
NODE_77380_length_4582_cov_25.849208:517-1572    -            208 82120at7898          -            283   4.9e-06   23.9   0.5   1   1   8.4e-08   6.6e-06   23.5   0.5   207   274     8    78     4    87 0.79 -
NODE_185119_length_1856_cov_12.511098:825-1340   -            172 82120at7898          -            283   7.7e-06   23.2   1.9   1   1   1.4e-07   1.1e-05   22.7   1.9   209   278    11    81     4    87 0.88 -
NODE_176120_length_1998_cov_7.720906:956-1153    -             66 82120at7898          -            283   7.9e-06   23.2   2.2   1   1   1.1e-07   8.6e-06   23.1   2.2   217   274     3    61     1    65 0.86 -
NODE_26005_length_8416_cov_51.163400:5587-6085   -             93 82120at7898          -            283   9.5e-06   22.9   1.4   1   1   1.2e-07   9.7e-06   22.9   1.4   215   273    30    89     6    93 0.80 -
NODE_17114_length_9975_cov_23.546274:290-763     -            158 82120at7898          -            283   1.1e-05   22.8   1.2   1   1   1.8e-07   1.4e-05   22.4   1.2   216   276    49   110    38   116 0.89 -
NODE_79902_length_4475_cov_19.079753:2701-2892   -             64 82120at7898          -            283   4.2e-05   20.8   2.3   1   1   5.5e-07   4.3e-05   20.8   2.3   217   276     3    63     1    64 0.89 -
NODE_1191_length_20437_cov_34.356967:4469-5306   -            235 82120at7898          -            283     6e-05   20.3   0.7   1   1   1.1e-06   8.5e-05   19.8   0.7   217   280    31    95    18    97 0.82 -
NODE_76366_length_4625_cov_31.759832:2064-3433   -             67 82120at7898          -            283     8e-05   19.9   0.6   1   1   1.1e-06   8.9e-05   19.7   0.6   222   279     1    59     1    63 0.86 -
NODE_156240_length_2345_cov_19.714159:1132-1632  -            167 82120at7898          -            283   8.4e-05   19.8   0.4   1   1   1.8e-06   0.00014   19.1   0.4   218   275    20    78     5    84 0.87 -
NODE_115365_length_3280_cov_28.245835:2491-2943  -            151 82120at7898          -            283   0.00012   19.3   3.9   1   1     2e-06   0.00016   18.9   3.9   215   277    33    96    28   101 0.83 -
NODE_21941_length_9048_cov_27.059560:1623-2072   -            150 82120at7898          -            283   0.00013   19.2   0.1   1   2      0.22        17    2.4   0.0   250   276    15    42     2    49 0.67 -
NODE_21941_length_9048_cov_27.059560:1623-2072   -            150 82120at7898          -            283   0.00013   19.2   0.1   2   2   3.2e-05    0.0025   15.0   0.1   207   274    70   136    56   143 0.78 -
NODE_95187_length_3901_cov_26.366386:171-422     -             84 82120at7898          -            283   0.00016   18.9   2.3   1   1   2.3e-06   0.00018   18.7   2.3   224   277     3    58     1    63 0.72 -
NODE_194699_length_1713_cov_35.463445:568-1618   -            224 82120at7898          -            283   0.00021   18.5   0.0   1   1   4.1e-06   0.00032   17.9   0.0   219   274    96   152    81   158 0.84 -
NODE_31900_length_7665_cov_99.941581:4945-5550   -            202 82120at7898          -            283   0.00039   17.6   2.5   1   1   7.6e-06   0.00059   17.0   2.5   216   276    21    82     5    88 0.81 -
NODE_40988_length_6770_cov_26.421676:4709-5002   -             98 82120at7898          -            283   0.00042   17.5   1.4   1   1   6.2e-06   0.00048   17.3   1.4   211   275    30    95    24    98 0.79 -
NODE_6160_length_13772_cov_33.662693:7923-8694   -            199 82120at7898          -            283   0.00044   17.5   1.8   1   1   1.2e-05   0.00094   16.4   1.8   216   275     7    67     3    76 0.82 -
NODE_128427_length_2944_cov_21.283656:2257-2712  -            152 82120at7898          -            283   0.00044   17.5   0.7   1   1   7.9e-06   0.00062   17.0   0.7   217   278    24    86     7    91 0.80 -
NODE_2670_length_17044_cov_36.639304:11755-12982 -            202 82120at7898          -            283   0.00045   17.4   1.0   1   1   9.4e-06   0.00074   16.7   1.0   216   275     7    67     5    74 0.83 -
NODE_199094_length_1653_cov_14.193694:175-543    -            123 82120at7898          -            283    0.0005   17.3   1.1   1   1   9.7e-06   0.00076   16.7   1.1   216   275    12    71     5    77 0.78 -
NODE_91547_length_4028_cov_25.772970:168-377     -             70 82120at7898          -            283   0.00051   17.2   0.9   1   1   6.9e-06   0.00054   17.2   0.9   222   281     7    68     3    70 0.73 -
NODE_182380_length_1898_cov_20.994441:752-1015   -             88 82120at7898          -            283   0.00053   17.2   0.3   1   1   7.3e-06   0.00057   17.1   0.3   217   274     3    61     1    69 0.87 -
NODE_30867_length_7791_cov_24.434607:5299-5487   -             63 82120at7898          -            283   0.00054   17.2   0.6   1   1   6.9e-06   0.00054   17.2   0.6   218   274     4    61     1    63 0.86 -
NODE_50624_length_6032_cov_26.520142:177-1864    -            132 82120at7898          -            283   0.00056   17.1   2.7   1   1   9.7e-06   0.00076   16.7   2.5   217   276    22    82    16    91 0.83 -
NODE_52084_length_5932_cov_26.521858:4049-4593   -            147 82120at7898          -            283   0.00087   16.5   1.5   1   1   1.5e-05    0.0011   16.1   1.5   218   276     7    66     2    73 0.81 -
NODE_199790_length_1644_cov_10.198058:1161-1418  -             86 82120at7898          -            283   0.00094   16.4   1.0   1   1   1.3e-05     0.001   16.3   1.0   221   274     3    57     1    66 0.81 -
NODE_102565_length_3660_cov_22.862398:568-1946   -            273 82120at7898          -            283    0.0014   15.8   0.2   1   1   3.2e-05    0.0025   15.0   0.2   216   274   119   178   106   183 0.87 -
NODE_14959_length_10487_cov_36.307181:9215-9583  -            123 82120at7898          -            283    0.0017   15.5   0.3   1   1   2.7e-05    0.0021   15.2   0.3   222   276     4    59     1    65 0.73 -
NODE_5148_length_14445_cov_32.302454:10633-11315 -            122 82120at7898          -            283    0.0018   15.5   0.5   1   1   2.7e-05    0.0021   15.2   0.5   217   277    17    78     9    84 0.80 -
NODE_105486_length_3569_cov_24.407781:2158-2631  -            158 82120at7898          -            283    0.0027   14.9   0.8   1   1   4.7e-05    0.0037   14.4   0.8   217   276    15    75     7    82 0.83 -
NODE_265072_length_901_cov_17.105985:85-660      -            192 82120at7898          -            283    0.0029   14.8   3.4   1   1     5e-05    0.0039   14.4   3.4   217   277     4    65     1    72 0.83 -
NODE_117033_length_3233_cov_44.070198:2182-3194  -            142 82120at7898          -            283    0.0038   14.4   0.7   1   1   6.3e-05    0.0049   14.0   0.7   217   274     8    66     3    74 0.81 -
NODE_234595_length_1209_cov_13.023423:362-823    -            154 82120at7898          -            283     0.005   14.0   0.4   1   1   8.5e-05    0.0067   13.6   0.4   214   274    14    75     7    83 0.81 -
NODE_150604_length_2451_cov_23.971514:309-554    -             82 82120at7898          -            283    0.0051   14.0   1.2   1   1   7.8e-05    0.0061   13.7   1.2   216   274    15    73     6    79 0.75 -
NODE_141163_length_2650_cov_30.127793:861-1403   -            181 82120at7898          -            283    0.0054   13.9   3.0   1   1   9.5e-05    0.0074   13.4   3.0   218   277    17    77    11    84 0.84 -
NODE_261114_length_936_cov_19.915173:259-741     -            161 82120at7898          -            283    0.0066   13.6   0.1   1   1   0.00012    0.0091   13.2   0.1   216   274    15    74     4    82 0.80 -
NODE_30787_length_7800_cov_37.831970:264-458     -             65 82120at7898          -            283    0.0068   13.6   1.8   1   1   9.2e-05    0.0072   13.5   1.8   219   275     3    60     1    64 0.80 -
NODE_157062_length_2328_cov_44.942127:351-689    -            113 82120at7898          -            283    0.0076   13.4   0.0   1   1   0.00011    0.0089   13.2   0.0   217   273    55   112    40   113 0.81 -
NODE_169734_length_2103_cov_35.460080:1589-1783  -             65 82120at7898          -            283     0.017   12.3   0.9   1   1   0.00022     0.017   12.2   0.9   232   277    11    57     1    63 0.72 -
NODE_137715_length_2727_cov_24.000761:2422-2616  -             65 82120at7898          -            283      0.02   12.1   0.9   1   1   0.00025      0.02   12.0   0.9   215   274     4    63     1    65 0.77 -
NODE_14959_length_10487_cov_36.307181:433-657    -             75 82120at7898          -            283      0.02   12.0   1.4   1   1   0.00027     0.021   11.9   1.4   222   274     4    57     1    67 0.73 -
NODE_156776_length_2334_cov_29.085011:1774-2025  -             84 82120at7898          -            283     0.033   11.3   1.8   1   1   0.00047     0.037   11.2   1.8   222   274     5    58     1    66 0.72 -
NODE_112953_length_3347_cov_38.317734:2900-3091  -             64 82120at7898          -            283     0.058   10.5   1.5   1   1     0.001     0.078   10.1   1.5   233   274    12    54     1    61 0.66 -
NODE_135394_length_2780_cov_33.606490:1387-1833  -            149 82120at7898          -            283     0.064   10.4   1.6   1   2    0.0012     0.093    9.8   0.5   222   276     4    59     1    67 0.71 -
NODE_135394_length_2780_cov_33.606490:1387-1833  -            149 82120at7898          -            283     0.064   10.4   1.6   2   2       2.1   1.6e+02   -0.8   0.0    39    70   102   133    89   147 0.72 -
#
# Program:         hmmsearch
# Version:         3.1b2 (February 2015)
# Pipeline mode:   SEARCH
# Query file:      /home/e1garcia/shotgun_PIRE/abyss/busco_downloads/lineages/actinopterygii_odb10/hmms/82120at7898.hmm
# Target file:     /home/e1garcia/shotgun_PIRE/pire_ssl_data_processing/plotosus_lineatus/busco_contigs_results-SPAdes_decontam_R1R2_noIsolate/run_actinopterygii_odb10/metaeuk_output/rerun_results/contigs.modified.fasta.modified.fas
# Option settings: hmmsearch --domtblout /home/e1garcia/shotgun_PIRE/pire_ssl_data_processing/plotosus_lineatus/busco_contigs_results-SPAdes_decontam_R1R2_noIsolate/run_actinopterygii_odb10/hmmer_output/rerun_results/82120at7898.out --cpu 1 /home/e1garcia/shotgun_PIRE/abyss/busco_downloads/lineages/actinopterygii_odb10/hmms/82120at7898.hmm /home/e1garcia/shotgun_PIRE/pire_ssl_data_processing/plotosus_lineatus/busco_contigs_results-SPAdes_decontam_R1R2_noIsolate/run_actinopterygii_odb10/metaeuk_output/rerun_results/contigs.modified.fasta.modified.fas 
# Current dir:     /home/e1garcia/shotgun_PIRE/pire_ssl_data_processing/plotosus_lineatus
# Date:            Fri Aug 20 14:41:06 2021
# [ok]
