#                                                                                                        --- full sequence --- -------------- this domain -------------   hmm coord   ali coord   env coord
# target name                                    accession   tlen query name           accession   qlen   E-value  score  bias   #  of  c-Evalue  i-Evalue  score  bias  from    to  from    to  from    to  acc description of target
#                            ------------------- ---------- ----- -------------------- ---------- ----- --------- ------ ----- --- --- --------- --------- ------ ----- ----- ----- ----- ----- ----- ----- ---- ---------------------
NODE_31392_length_7722_cov_38.115440:275-721     -            149 88055at7898          -            208   1.4e-53  179.7  12.2   1   2   1.1e-21   1.1e-19   68.9   3.5     5    47     1    43     1    48 0.96 -
NODE_31392_length_7722_cov_38.115440:275-721     -            149 88055at7898          -            208   1.4e-53  179.7  12.2   2   2   3.2e-36   3.2e-34  116.4   1.5    42   102    89   149    60   149 0.90 -
NODE_39372_length_6913_cov_92.282066:4172-4741   -            190 88055at7898          -            208   1.5e-13   48.9  12.6   1   1   2.2e-15   2.2e-13   48.3  12.6     9   103    89   186    82   190 0.82 -
NODE_17608_length_9863_cov_26.980438:1291-1986   -            232 88055at7898          -            208   6.1e-13   46.9   8.3   1   2       2.8   2.8e+02   -1.0   0.2     9    32    42    64    39    79 0.83 -
NODE_17608_length_9863_cov_26.980438:1291-1986   -            232 88055at7898          -            208   6.1e-13   46.9   8.3   2   2     6e-15   6.1e-13   46.9   8.3     9    99   129   228   123   232 0.79 -
NODE_94713_length_3917_cov_16.681771:601-1155    -            185 88055at7898          -            208   8.7e-13   46.4   7.2   1   1   1.7e-14   1.7e-12   45.5   7.2     7   105    76   177    70   184 0.81 -
NODE_11019_length_11636_cov_66.850308:2183-2836  -            218 88055at7898          -            208   1.2e-11   42.7   6.6   1   1   1.2e-13   1.2e-11   42.7   6.6     7   111    86   195    83   206 0.81 -
NODE_146762_length_2528_cov_58.366406:343-837    -            165 88055at7898          -            208   1.4e-11   42.5   7.8   1   1   1.4e-13   1.4e-11   42.5   7.8     9    92    79   165    71   165 0.82 -
NODE_84016_length_4309_cov_31.176247:876-4193    -            291 88055at7898          -            208   4.6e-11   40.8  10.4   1   2       5.6   5.7e+02   -2.0   0.2    11    34    30    53    22    77 0.77 -
NODE_84016_length_4309_cov_31.176247:876-4193    -            291 88055at7898          -            208   4.6e-11   40.8  10.4   2   2   4.5e-13   4.6e-11   40.8  10.4     7   158    89   249    86   262 0.73 -
NODE_44520_length_6474_cov_43.918431:2117-5906   -            411 88055at7898          -            208     6e-11   40.4  14.8   1   1   1.4e-12   1.4e-10   39.2  14.8     7   160    81   250    75   258 0.63 -
NODE_35210_length_7315_cov_34.034645:2765-3337   -            191 88055at7898          -            208   1.6e-10   39.0  10.0   1   2       1.4   1.4e+02   -0.0   0.3    12    37    28    53    20    75 0.74 -
NODE_35210_length_7315_cov_34.034645:2765-3337   -            191 88055at7898          -            208   1.6e-10   39.0  10.0   2   2   1.6e-12   1.6e-10   39.0  10.0     7    93    85   174    81   186 0.85 -
NODE_38240_length_7017_cov_49.686181:1383-6744   -            513 88055at7898          -            208     2e-10   38.7  17.1   1   1   5.5e-12   5.5e-10   37.3  17.1     5   187    86   276    83   292 0.65 -
NODE_44775_length_6453_cov_58.633302:2901-3437   -            179 88055at7898          -            208   2.5e-10   38.4   7.5   1   1     4e-12   4.1e-10   37.7   7.5     7   104    77   177    71   179 0.82 -
NODE_63282_length_5263_cov_31.357862:961-1806    -            282 88055at7898          -            208     1e-09   36.4   1.8   1   1   4.2e-11   4.2e-09   34.4   1.7    53   159    83   196    66   245 0.69 -
NODE_11223_length_11565_cov_102.689342:8429-9025 -            199 88055at7898          -            208   1.2e-09   36.1  11.0   1   2         1     1e+02    0.4   0.8    11    38    39    66    29    85 0.81 -
NODE_11223_length_11565_cov_102.689342:8429-9025 -            199 88055at7898          -            208   1.2e-09   36.1  11.0   2   2   1.2e-11   1.2e-09   36.1  11.0     7    93    97   186    93   194 0.86 -
NODE_47362_length_6261_cov_36.489614:3447-4025   -            193 88055at7898          -            208   1.8e-09   35.6  10.7   1   2       2.4   2.4e+02   -0.8   0.3    11    34    33    56    20    77 0.80 -
NODE_47362_length_6261_cov_36.489614:3447-4025   -            193 88055at7898          -            208   1.8e-09   35.6  10.7   2   2   1.8e-11   1.8e-09   35.6  10.7     7    96    92   184    89   193 0.80 -
NODE_141878_length_2635_cov_34.958991:1461-2054  -            198 88055at7898          -            208   1.9e-09   35.5   7.4   1   2       5.2   5.2e+02   -1.9   0.3    27    45    22    40    17    55 0.75 -
NODE_141878_length_2635_cov_34.958991:1461-2054  -            198 88055at7898          -            208   1.9e-09   35.5   7.4   2   2   1.9e-11   1.9e-09   35.5   7.4     7    98    92   185    89   196 0.81 -
NODE_24160_length_8677_cov_68.504663:2639-7204   -            407 88055at7898          -            208   1.9e-09   35.5  12.0   1   1   4.1e-11   4.1e-09   34.4  12.0     7   145    80   228    75   255 0.63 -
NODE_134429_length_2803_cov_23.880547:2104-2700  -            199 88055at7898          -            208   1.9e-09   35.5   8.8   1   2       3.4   3.4e+02   -1.3   0.3    27    47    15    35    10    48 0.82 -
NODE_134429_length_2803_cov_23.880547:2104-2700  -            199 88055at7898          -            208   1.9e-09   35.5   8.8   2   2   1.9e-11   1.9e-09   35.5   8.8     6    95    85   177    81   192 0.83 -
NODE_51890_length_5944_cov_144.974850:2445-3029  -            195 88055at7898          -            208   4.6e-09   34.3  14.7   1   2       1.3   1.3e+02    0.1   0.3    17    52    32    67    19    76 0.81 -
NODE_51890_length_5944_cov_144.974850:2445-3029  -            195 88055at7898          -            208   4.6e-09   34.3  14.7   2   2   4.5e-11   4.6e-09   34.3  14.7     5    92   103   193    99   195 0.84 -
NODE_119686_length_3164_cov_41.775530:759-1337   -            193 88055at7898          -            208   6.1e-09   33.9   7.8   1   1   9.4e-11   9.4e-09   33.2   7.8     7    94    89   179    83   191 0.83 -
NODE_76584_length_4616_cov_30.507195:3819-4409   -            197 88055at7898          -            208   1.4e-08   32.6  12.7   1   2       3.8   3.9e+02   -1.4   0.3    25    69    37    76    15    80 0.51 -
NODE_76584_length_4616_cov_30.507195:3819-4409   -            197 88055at7898          -            208   1.4e-08   32.6  12.7   2   2   1.4e-10   1.4e-08   32.6  12.7     7    95    82   173    76   195 0.81 -
NODE_90294_length_4071_cov_38.121853:3618-4070   -            151 88055at7898          -            208   2.2e-08   32.0   9.0   1   1   3.3e-10   3.4e-08   31.4   9.0     9    80    76   151    68   151 0.85 -
NODE_157996_length_2311_cov_33.755425:630-1088   -            153 88055at7898          -            208   4.6e-08   31.0   9.8   1   1   8.1e-10   8.1e-08   30.2   9.8     8    80    77   153    70   153 0.85 -
NODE_71864_length_4831_cov_33.864117:3687-4277   -            197 88055at7898          -            208   6.9e-08   30.4   9.5   1   1   1.1e-09   1.1e-07   29.7   9.5     9    93   108   195   102   197 0.78 -
NODE_133570_length_2823_cov_15.929148:1153-1611  -            153 88055at7898          -            208   1.6e-07   29.2  10.5   1   1   2.8e-09   2.8e-07   28.4  10.5     9    80    78   153    71   153 0.85 -
NODE_159192_length_2288_cov_18.692097:730-1179   -            150 88055at7898          -            208   2.1e-07   28.9  10.6   1   1   3.4e-09   3.4e-07   28.1  10.6     7    80    73   150    67   150 0.82 -
NODE_41969_length_6682_cov_41.529242:3710-4153   -            148 88055at7898          -            208   2.1e-07   28.8   4.5   1   2         1     1e+02    0.4   1.8    23    43    27    47    13    53 0.79 -
NODE_41969_length_6682_cov_41.529242:3710-4153   -            148 88055at7898          -            208   2.1e-07   28.8   4.5   2   2   2.1e-09   2.1e-07   28.8   4.5    56    98   106   148    50   148 0.80 -
NODE_89958_length_4084_cov_23.435885:2080-2562   -            161 88055at7898          -            208   4.1e-07   27.9   8.6   1   1     8e-09   8.1e-07   26.9   8.6     9    80    86   161    79   161 0.84 -
NODE_198647_length_1659_cov_18.935256:47-505     -            153 88055at7898          -            208   5.8e-07   27.4   9.1   1   1   9.9e-09     1e-06   26.6   9.1     9    80    78   153    70   153 0.82 -
NODE_69070_length_4963_cov_75.849507:2591-3040   -            150 88055at7898          -            208   9.4e-07   26.7   7.8   1   1   9.3e-09   9.4e-07   26.7   7.8     6    80    72   150    67   150 0.78 -
NODE_194086_length_1722_cov_19.382009:897-1346   -            150 88055at7898          -            208   1.5e-06   26.1   7.7   1   1   1.4e-08   1.5e-06   26.1   7.7     8    80    74   150    67   150 0.79 -
NODE_111213_length_3396_cov_37.270246:828-1706   -            293 88055at7898          -            208   2.1e-06   25.5   3.1   1   1   4.5e-08   4.5e-06   24.5   2.9    58   104    92   139    87   245 0.82 -
NODE_288394_length_708_cov_16.527094:192-641     -            150 88055at7898          -            208   2.3e-06   25.4   7.7   1   1   2.3e-08   2.3e-06   25.4   7.7     9    80    75   150    68   150 0.78 -
NODE_88956_length_4119_cov_62.350249:2157-2621   -            155 88055at7898          -            208   4.1e-06   24.6   8.4   1   2       3.3   3.3e+02   -1.2   0.8    28    44    36    52    18    75 0.56 -
NODE_88956_length_4119_cov_62.350249:2157-2621   -            155 88055at7898          -            208   4.1e-06   24.6   8.4   2   2   4.1e-08   4.1e-06   24.6   8.4     8    80    78   154    71   155 0.80 -
NODE_115425_length_3278_cov_36.639824:222-785    -            188 88055at7898          -            208   2.3e-05   22.1  13.9   1   1   3.7e-07   3.7e-05   21.5  13.9     9    90   103   187    94   188 0.79 -
NODE_77390_length_4581_cov_45.842704:730-1116    -            129 88055at7898          -            208   2.9e-05   21.9   2.2   1   2       8.8   8.9e+02   -2.6   0.5    22    32    21    31     8    46 0.59 -
NODE_77390_length_4581_cov_45.842704:730-1116    -            129 88055at7898          -            208   2.9e-05   21.9   2.2   2   2   2.8e-07   2.9e-05   21.9   2.2    56    99    79   122    58   128 0.84 -
NODE_110905_length_3406_cov_31.863018:2172-2756  -            195 88055at7898          -            208   6.9e-05   20.6   0.7   1   2       7.9   7.9e+02   -2.5   0.2    22    34    39    51    23    72 0.58 -
NODE_110905_length_3406_cov_31.863018:2172-2756  -            195 88055at7898          -            208   6.9e-05   20.6   0.7   2   2   6.9e-07   6.9e-05   20.6   0.7    57    92   158   192   150   195 0.94 -
NODE_13917_length_10754_cov_34.893383:4194-4808  -            205 88055at7898          -            208   7.9e-05   20.4   1.7   1   1   1.5e-06   0.00015   19.5   1.7    50   105   100   155    83   201 0.80 -
NODE_178332_length_1961_cov_32.845328:302-1219   -            306 88055at7898          -            208   9.1e-05   20.2   8.7   1   1   2.6e-06   0.00026   18.7   8.7    57   156   123   227   117   274 0.65 -
NODE_15177_length_10430_cov_36.031943:4632-8336  -            288 88055at7898          -            208   0.00034   18.3   1.2   1   1   3.4e-06   0.00034   18.3   1.2    57   105   172   219   165   269 0.82 -
NODE_137142_length_2740_cov_29.602802:1120-1575  -            152 88055at7898          -            208   0.00045   17.9   5.8   1   1   4.5e-06   0.00045   17.9   5.8     9    80    77   152    70   152 0.74 -
NODE_47777_length_6232_cov_30.596282:850-5412    -            402 88055at7898          -            208   0.00049   17.8  13.3   1   1   1.8e-05    0.0018   16.0  13.3    50   138    72   165    24   205 0.54 -
NODE_58118_length_5554_cov_27.054079:389-739     -            117 88055at7898          -            208    0.0014   16.4   0.6   1   2       8.1   8.2e+02   -2.5   1.0    22    32    23    33     3    49 0.61 -
NODE_58118_length_5554_cov_27.054079:389-739     -            117 88055at7898          -            208    0.0014   16.4   0.6   2   2   1.4e-05    0.0014   16.4   0.6    57    90    82   115    67   117 0.89 -
NODE_160258_length_2268_cov_34.285846:433-1002   -            190 88055at7898          -            208    0.0047   14.6  11.4   1   1   9.7e-05    0.0098   13.6  11.4     9    82    94   172    87   184 0.81 -
NODE_13973_length_10740_cov_53.732168:858-1241   -            128 88055at7898          -            208     0.017   12.8   1.1   1   2      0.52        52    1.4   0.3    24    46    14    36     9    51 0.84 -
NODE_13973_length_10740_cov_53.732168:858-1241   -            128 88055at7898          -            208     0.017   12.8   1.1   2   2   0.00017     0.017   12.8   1.1     7    48    87   127    84   128 0.89 -
NODE_22829_length_8898_cov_28.233549:1405-1797   -            131 88055at7898          -            208      0.16    9.6   4.2   1   2       3.4   3.4e+02   -1.2   0.1    21    34    38    51    21    71 0.74 -
NODE_22829_length_8898_cov_28.233549:1405-1797   -            131 88055at7898          -            208      0.16    9.6   4.2   2   2   0.00067     0.067   10.8   1.4     7    48    90   130    86   131 0.88 -
NODE_113439_length_3333_cov_35.871676:936-1289   -            118 88055at7898          -            208       1.6    6.4   9.8   1   1   0.00011     0.011   13.4   1.6    57    93    80   116    57   118 0.85 -
#
# Program:         hmmsearch
# Version:         3.1b2 (February 2015)
# Pipeline mode:   SEARCH
# Query file:      /home/e1garcia/shotgun_PIRE/abyss/busco_downloads/lineages/actinopterygii_odb10/hmms/88055at7898.hmm
# Target file:     /home/e1garcia/shotgun_PIRE/pire_ssl_data_processing/plotosus_lineatus/busco_contigs_results-SPAdes_decontam_R1R2_noIsolate/run_actinopterygii_odb10/metaeuk_output/rerun_results/contigs.modified.fasta.modified.fas
# Option settings: hmmsearch --domtblout /home/e1garcia/shotgun_PIRE/pire_ssl_data_processing/plotosus_lineatus/busco_contigs_results-SPAdes_decontam_R1R2_noIsolate/run_actinopterygii_odb10/hmmer_output/rerun_results/88055at7898.out --cpu 1 /home/e1garcia/shotgun_PIRE/abyss/busco_downloads/lineages/actinopterygii_odb10/hmms/88055at7898.hmm /home/e1garcia/shotgun_PIRE/pire_ssl_data_processing/plotosus_lineatus/busco_contigs_results-SPAdes_decontam_R1R2_noIsolate/run_actinopterygii_odb10/metaeuk_output/rerun_results/contigs.modified.fasta.modified.fas 
# Current dir:     /home/e1garcia/shotgun_PIRE/pire_ssl_data_processing/plotosus_lineatus
# Date:            Fri Aug 20 14:36:33 2021
# [ok]
