#                                                                                                        --- full sequence --- -------------- this domain -------------   hmm coord   ali coord   env coord
# target name                                    accession   tlen query name           accession   qlen   E-value  score  bias   #  of  c-Evalue  i-Evalue  score  bias  from    to  from    to  from    to  acc description of target
#                            ------------------- ---------- ----- -------------------- ---------- ----- --------- ------ ----- --- --- --------- --------- ------ ----- ----- ----- ----- ----- ----- ----- ---- ---------------------
NODE_202_length_28536_cov_34.537012:21594-22524  -            218 94808at7898          -            258   1.2e-56  190.0   4.7   1   2     6e-22   4.7e-20   70.1   0.0    64   112     2    58     1    69 0.89 -
NODE_202_length_28536_cov_34.537012:21594-22524  -            218 94808at7898          -            258   1.2e-56  190.0   4.7   2   2   3.7e-37   2.9e-35  120.0   2.7   110   202    82   185    78   200 0.89 -
NODE_110905_length_3406_cov_31.863018:2172-2756  -            195 94808at7898          -            258   1.3e-09   35.9   6.8   1   1     3e-11   2.3e-09   35.1   6.8   204   248     4    51     1    58 0.82 -
NODE_15177_length_10430_cov_36.031943:4632-8336  -            288 94808at7898          -            258   2.4e-09   35.0   3.3   1   1   4.9e-11   3.8e-09   34.4   3.3   201   249     4    54     2    65 0.86 -
NODE_11019_length_11636_cov_66.850308:2183-2836  -            218 94808at7898          -            258   6.1e-09   33.7   2.6   1   2   7.8e-11   6.1e-09   33.7   2.6   204   250     2    52     1    59 0.81 -
NODE_11019_length_11636_cov_66.850308:2183-2836  -            218 94808at7898          -            258   6.1e-09   33.7   2.6   2   2       6.4     5e+02   -2.1   0.1   186   209   140   164   121   179 0.55 -
NODE_47777_length_6232_cov_30.596282:850-5412    -            402 94808at7898          -            258   9.1e-09   33.1   2.3   1   2   1.2e-10   9.1e-09   33.1   2.3   204   254     4    56     1    59 0.85 -
NODE_47777_length_6232_cov_30.596282:850-5412    -            402 94808at7898          -            258   9.1e-09   33.1   2.3   2   2         5   3.9e+02   -1.7   0.9   101   137   156   192   146   205 0.78 -
NODE_71864_length_4831_cov_33.864117:3687-4277   -            197 94808at7898          -            258     1e-08   33.0   5.4   1   2   1.3e-10     1e-08   33.0   5.4   201   247     1    49     1    58 0.86 -
NODE_71864_length_4831_cov_33.864117:3687-4277   -            197 94808at7898          -            258     1e-08   33.0   5.4   2   2       4.3   3.3e+02   -1.5   0.7   198   216   173   192   168   196 0.59 -
NODE_104869_length_3587_cov_33.966743:343-726    -            128 94808at7898          -            258     2e-08   32.0   3.8   1   1   4.3e-10   3.4e-08   31.3   3.8   203   251     8    57     4    63 0.91 -
NODE_44520_length_6474_cov_43.918431:2117-5906   -            411 94808at7898          -            258   4.8e-08   30.8   7.8   1   3   6.1e-10   4.8e-08   30.8   7.8   202   248     8    54     4    60 0.88 -
NODE_44520_length_6474_cov_43.918431:2117-5906   -            411 94808at7898          -            258   4.8e-08   30.8   7.8   2   3      0.76        60    1.0   0.5   185   230    63   111    57   120 0.71 -
NODE_44520_length_6474_cov_43.918431:2117-5906   -            411 94808at7898          -            258   4.8e-08   30.8   7.8   3   3         3   2.3e+02   -1.0   0.0    26    81   195   255   170   259 0.57 -
NODE_51890_length_5944_cov_144.974850:2445-3029  -            195 94808at7898          -            258   7.4e-08   30.1   2.5   1   2   9.5e-10   7.4e-08   30.1   2.5   204   249    19    69    11    76 0.81 -
NODE_51890_length_5944_cov_144.974850:2445-3029  -            195 94808at7898          -            258   7.4e-08   30.1   2.5   2   2         2   1.6e+02   -0.4   0.2   202   237   105   134    84   155 0.62 -
NODE_288394_length_708_cov_16.527094:192-641     -            150 94808at7898          -            258     1e-07   29.7   9.8   1   2   1.3e-09     1e-07   29.7   9.8   205   248     1    46     1    54 0.87 -
NODE_288394_length_708_cov_16.527094:192-641     -            150 94808at7898          -            258     1e-07   29.7   9.8   2   2       2.2   1.7e+02   -0.5   0.1   184   225    54    98    48   105 0.66 -
NODE_69070_length_4963_cov_75.849507:2591-3040   -            150 94808at7898          -            258   1.1e-07   29.6   9.8   1   2   1.4e-09   1.1e-07   29.6   9.8   205   248     1    46     1    54 0.87 -
NODE_69070_length_4963_cov_75.849507:2591-3040   -            150 94808at7898          -            258   1.1e-07   29.6   9.8   2   2       3.8     3e+02   -1.3   0.1   190   225    60    98    48   107 0.56 -
NODE_134429_length_2803_cov_23.880547:2104-2700  -            199 94808at7898          -            258   1.1e-07   29.5   3.1   1   2   1.4e-09   1.1e-07   29.5   3.1   205   253     1    54     1    59 0.82 -
NODE_134429_length_2803_cov_23.880547:2104-2700  -            199 94808at7898          -            258   1.1e-07   29.5   3.1   2   2       4.7   3.7e+02   -1.6   0.2   201   235    85   113    65   130 0.65 -
NODE_115425_length_3278_cov_36.639824:222-785    -            188 94808at7898          -            258   1.6e-07   29.0   8.8   1   2   2.1e-09   1.6e-07   29.0   8.8   202   249    16    65    11    76 0.80 -
NODE_115425_length_3278_cov_36.639824:222-785    -            188 94808at7898          -            258   1.6e-07   29.0   8.8   2   2       3.2   2.5e+02   -1.1   0.3   199   220    98   118    66   144 0.60 -
NODE_157996_length_2311_cov_33.755425:630-1088   -            153 94808at7898          -            258   2.5e-07   28.4  11.7   1   2   3.2e-09   2.5e-07   28.4  11.7   204   248     3    49     1    55 0.86 -
NODE_157996_length_2311_cov_33.755425:630-1088   -            153 94808at7898          -            258   2.5e-07   28.4  11.7   2   2       1.8   1.4e+02   -0.3   0.1   181   225    54   101    51   121 0.70 -
NODE_39372_length_6913_cov_92.282066:4172-4741   -            190 94808at7898          -            258   3.3e-07   28.0  12.1   1   2     7e-09   5.5e-07   27.3   5.0   203   247     3    49     1    57 0.85 -
NODE_39372_length_6913_cov_92.282066:4172-4741   -            190 94808at7898          -            258   3.3e-07   28.0  12.1   2   2     0.044       3.4    5.0   0.6   180   225    65   112    57   133 0.83 -
NODE_13973_length_10740_cov_53.732168:858-1241   -            128 94808at7898          -            258   4.6e-07   27.6   4.0   1   2   5.8e-09   4.6e-07   27.6   4.0   204   248     2    51     1    60 0.77 -
NODE_13973_length_10740_cov_53.732168:858-1241   -            128 94808at7898          -            258   4.6e-07   27.6   4.0   2   2       9.4   7.4e+02   -2.6   0.2   225   232   104   111    85   117 0.61 -
NODE_24160_length_8677_cov_68.504663:2639-7204   -            407 94808at7898          -            258   4.8e-07   27.5   8.7   1   2   6.1e-09   4.8e-07   27.5   8.7   202   248     5    53     2    57 0.84 -
NODE_24160_length_8677_cov_68.504663:2639-7204   -            407 94808at7898          -            258   4.8e-07   27.5   8.7   2   2       1.7   1.3e+02   -0.1   0.2   181   225    58   105    55   110 0.73 -
NODE_88956_length_4119_cov_62.350249:2157-2621   -            155 94808at7898          -            258   4.8e-07   27.5  11.5   1   2   6.1e-09   4.8e-07   27.5  11.5   204   249     4    51     1    62 0.84 -
NODE_88956_length_4119_cov_62.350249:2157-2621   -            155 94808at7898          -            258   4.8e-07   27.5  11.5   2   2       3.3   2.6e+02   -1.1   0.4   225   248    94   108    53   121 0.54 -
NODE_12966_length_11022_cov_36.094205:4297-6195  -            329 94808at7898          -            258   5.1e-07   27.4   3.4   1   2   6.5e-09   5.1e-07   27.4   3.4   203   246     4    49     1    57 0.85 -
NODE_12966_length_11022_cov_36.094205:4297-6195  -            329 94808at7898          -            258   5.1e-07   27.4   3.4   2   2       6.3   4.9e+02   -2.0   0.3   100   132   213   248   178   269 0.53 -
NODE_209711_length_1512_cov_15.436660:2-397      -            132 94808at7898          -            258     1e-06   26.4  11.6   1   2   1.3e-08     1e-06   26.4  11.6   204   248     4    50     1    58 0.85 -
NODE_209711_length_1512_cov_15.436660:2-397      -            132 94808at7898          -            258     1e-06   26.4  11.6   2   2       1.1        83    0.5   0.4   193   242    67   111    52   123 0.53 -
NODE_89958_length_4084_cov_23.435885:2080-2562   -            161 94808at7898          -            258     1e-06   26.4  11.9   1   2   1.3e-08     1e-06   26.4  11.9   203   248    10    57     6    67 0.85 -
NODE_89958_length_4084_cov_23.435885:2080-2562   -            161 94808at7898          -            258     1e-06   26.4  11.9   2   2       1.5   1.2e+02   -0.0   0.2   224   251   100   127    59   133 0.62 -
NODE_41969_length_6682_cov_41.529242:3710-4153   -            148 94808at7898          -            258   1.3e-06   26.0   4.6   1   2   1.7e-08   1.3e-06   26.0   4.6   200   248    12    63     7    78 0.87 -
NODE_41969_length_6682_cov_41.529242:3710-4153   -            148 94808at7898          -            258   1.3e-06   26.0   4.6   2   2       2.1   1.7e+02   -0.5   0.1   198   215   120   137    96   143 0.65 -
NODE_47362_length_6261_cov_36.489614:3447-4025   -            193 94808at7898          -            258   1.4e-06   25.9   4.0   1   1   4.4e-08   3.4e-06   24.7   4.0   202   250     5    58     2    65 0.77 -
NODE_146762_length_2528_cov_58.366406:343-837    -            165 94808at7898          -            258   1.5e-06   25.8  11.0   1   2     2e-08   1.5e-06   25.8  11.0   204   248     4    50     1    60 0.85 -
NODE_146762_length_2528_cov_58.366406:343-837    -            165 94808at7898          -            258   1.5e-06   25.8  11.0   2   2       2.5     2e+02   -0.8   0.3   216   226    93   103    54   121 0.59 -
NODE_198647_length_1659_cov_18.935256:47-505     -            153 94808at7898          -            258   1.7e-06   25.7  11.2   1   2   2.1e-08   1.7e-06   25.7  11.2   204   248     3    49     1    58 0.88 -
NODE_198647_length_1659_cov_18.935256:47-505     -            153 94808at7898          -            258   1.7e-06   25.7  11.2   2   2      0.79        61    0.9   0.5   189   226    62   102    51   123 0.63 -
NODE_159192_length_2288_cov_18.692097:730-1179   -            150 94808at7898          -            258   2.3e-06   25.2  10.7   1   3     3e-08   2.3e-06   25.2  10.7   205   248     1    46     1    53 0.87 -
NODE_159192_length_2288_cov_18.692097:730-1179   -            150 94808at7898          -            258   2.3e-06   25.2  10.7   2   3      0.62        49    1.3   0.6   188   226    58    99    49   119 0.66 -
NODE_159192_length_2288_cov_18.692097:730-1179   -            150 94808at7898          -            258   2.3e-06   25.2  10.7   3   3       5.7   4.5e+02   -1.9   1.0   187   226   101   140    82   150 0.55 -
NODE_39548_length_6896_cov_61.600559:451-2052    -             98 94808at7898          -            258   4.8e-06   24.2   6.4   1   1   6.2e-08   4.9e-06   24.2   6.4   200   245    31    79     4    84 0.80 -
NODE_13655_length_10824_cov_33.243730:7519-7743  -             75 94808at7898          -            258   4.9e-06   24.2   1.6   1   1   7.1e-08   5.6e-06   24.0   1.6   188   246     9    67     3    72 0.78 -
NODE_133570_length_2823_cov_15.929148:1153-1611  -            153 94808at7898          -            258   6.7e-06   23.7  12.0   1   2   8.6e-08   6.7e-06   23.7  12.0   204   248     3    49     1    55 0.86 -
NODE_133570_length_2823_cov_15.929148:1153-1611  -            153 94808at7898          -            258   6.7e-06   23.7  12.0   2   2      0.89        70    0.7   0.4   185   226    58   102    51   121 0.60 -
NODE_6496_length_13582_cov_37.544315:7277-7504   -             76 94808at7898          -            258   8.1e-06   23.5   1.5   1   1   1.1e-07     9e-06   23.3   1.5   202   246    20    65     6    70 0.85 -
NODE_194086_length_1722_cov_19.382009:897-1346   -            150 94808at7898          -            258   9.5e-06   23.2   9.3   1   2   1.2e-07   9.5e-06   23.2   9.3   205   248     1    46     1    55 0.88 -
NODE_194086_length_1722_cov_19.382009:897-1346   -            150 94808at7898          -            258   9.5e-06   23.2   9.3   2   2         2   1.6e+02   -0.4   0.2   186   225    56    98    48   104 0.66 -
NODE_22829_length_8898_cov_28.233549:1405-1797   -            131 94808at7898          -            258   9.9e-06   23.2   2.5   1   1   1.3e-07   9.9e-06   23.2   2.5   204   247     2    50     1    57 0.77 -
NODE_141878_length_2635_cov_34.958991:1461-2054  -            198 94808at7898          -            258     1e-05   23.2   3.7   1   3   1.3e-07     1e-05   23.2   3.7   204   250     7    58     3    65 0.78 -
NODE_141878_length_2635_cov_34.958991:1461-2054  -            198 94808at7898          -            258     1e-05   23.2   3.7   2   3       9.4   7.4e+02   -2.6   0.8   225   247    95   117    83   123 0.57 -
NODE_141878_length_2635_cov_34.958991:1461-2054  -            198 94808at7898          -            258     1e-05   23.2   3.7   3   3       7.2   5.6e+02   -2.2   0.1   202   217   163   178   147   186 0.68 -
NODE_119686_length_3164_cov_41.775530:759-1337   -            193 94808at7898          -            258   1.2e-05   22.9   1.0   1   3   1.6e-07   1.2e-05   22.9   1.0   205   249     1    50     1    57 0.81 -
NODE_119686_length_3164_cov_41.775530:759-1337   -            193 94808at7898          -            258   1.2e-05   22.9   1.0   2   3       3.6   2.8e+02   -1.2   0.1   225   252   106   133   100   137 0.85 -
NODE_119686_length_3164_cov_41.775530:759-1337   -            193 94808at7898          -            258   1.2e-05   22.9   1.0   3   3       2.6   2.1e+02   -0.8   0.6   198   211   156   169   136   177 0.78 -
NODE_44775_length_6453_cov_58.633302:2901-3437   -            179 94808at7898          -            258   1.5e-05   22.6  10.9   1   2   1.9e-07   1.5e-05   22.6  10.9   204   246     4    48     1    57 0.83 -
NODE_44775_length_6453_cov_58.633302:2901-3437   -            179 94808at7898          -            258   1.5e-05   22.6  10.9   2   2       3.3   2.6e+02   -1.1   1.4   217   250    71   110    56   119 0.66 -
NODE_90294_length_4071_cov_38.121853:3618-4070   -            151 94808at7898          -            258   1.6e-05   22.5  10.0   1   2     2e-07   1.6e-05   22.5  10.0   207   248     1    44     1    57 0.85 -
NODE_90294_length_4071_cov_38.121853:3618-4070   -            151 94808at7898          -            258   1.6e-05   22.5  10.0   2   2       4.1   3.2e+02   -1.4   0.2   206   226    78   100    47   109 0.59 -
NODE_58639_length_5522_cov_30.525355:5020-5355   -            112 94808at7898          -            258   2.2e-05   22.0   7.6   1   1   2.8e-07   2.2e-05   22.0   7.6   202   244     6    50     2    66 0.84 -
NODE_76584_length_4616_cov_30.507195:3819-4409   -            197 94808at7898          -            258     3e-05   21.6   7.3   1   2   3.8e-07     3e-05   21.6   7.3   205   250     1    48     1    55 0.82 -
NODE_76584_length_4616_cov_30.507195:3819-4409   -            197 94808at7898          -            258     3e-05   21.6   7.3   2   2       9.7   7.6e+02   -2.7   0.2   198   211   149   162   141   170 0.59 -
NODE_35210_length_7315_cov_34.034645:2765-3337   -            191 94808at7898          -            258   3.3e-05   21.5   4.0   1   3   4.2e-07   3.3e-05   21.5   4.0   205   250     2    52     1    59 0.80 -
NODE_35210_length_7315_cov_34.034645:2765-3337   -            191 94808at7898          -            258   3.3e-05   21.5   4.0   2   3       1.2        95    0.3   1.0   224   252   101   129    62   134 0.76 -
NODE_35210_length_7315_cov_34.034645:2765-3337   -            191 94808at7898          -            258   3.3e-05   21.5   4.0   3   3       3.8     3e+02   -1.3   0.3   196   209   150   163   133   176 0.62 -
NODE_11223_length_11565_cov_102.689342:8429-9025 -            199 94808at7898          -            258     5e-05   20.9   2.8   1   3   6.4e-07     5e-05   20.9   2.8   202   250    11    64     7    72 0.79 -
NODE_11223_length_11565_cov_102.689342:8429-9025 -            199 94808at7898          -            258     5e-05   20.9   2.8   2   3       1.7   1.3e+02   -0.2   0.9   223   252   112   141    67   146 0.65 -
NODE_11223_length_11565_cov_102.689342:8429-9025 -            199 94808at7898          -            258     5e-05   20.9   2.8   3   3       4.5   3.5e+02   -1.6   0.2   199   211   165   177   144   190 0.63 -
NODE_84016_length_4309_cov_31.176247:876-4193    -            291 94808at7898          -            258   5.6e-05   20.7   4.5   1   2   7.2e-07   5.6e-05   20.7   4.5   204   253     4    58     1    62 0.77 -
NODE_84016_length_4309_cov_31.176247:876-4193    -            291 94808at7898          -            258   5.6e-05   20.7   4.5   2   2       4.6   3.6e+02   -1.6   0.1   194   212   152   170   130   181 0.69 -
NODE_138351_length_2712_cov_36.578645:1348-1857  -            170 94808at7898          -            258   6.4e-05   20.5   4.0   1   2      0.19        15    2.9   0.0   124   166    28    70    12    82 0.79 -
NODE_138351_length_2712_cov_36.578645:1348-1857  -            170 94808at7898          -            258   6.4e-05   20.5   4.0   2   2   5.6e-06   0.00044   17.8   2.1   194   242   120   170    92   170 0.78 -
NODE_38240_length_7017_cov_49.686181:1383-6744   -            513 94808at7898          -            258   6.8e-05   20.4   3.9   1   1   8.7e-07   6.8e-05   20.4   3.9   204   251     7    59     2    64 0.80 -
NODE_94713_length_3917_cov_16.681771:601-1155    -            185 94808at7898          -            258   0.00016   19.2  11.9   1   2     2e-06   0.00016   19.2  11.9   204   248     3    49     1    55 0.86 -
NODE_94713_length_3917_cov_16.681771:601-1155    -            185 94808at7898          -            258   0.00016   19.2  11.9   2   2      0.79        62    0.9   0.5   191   227    64   103    51   121 0.67 -
NODE_34279_length_7408_cov_32.693939:4078-4431   -            118 94808at7898          -            258   0.00037   18.0   3.4   1   1   6.1e-06   0.00048   17.7   3.4   204   249    16    62    10    66 0.85 -
NODE_2023_length_18135_cov_197.764028:2429-13212 -            200 94808at7898          -            258   0.00038   18.0   0.6   1   1   6.9e-06   0.00054   17.5   0.6   218   251   122   157   105   162 0.85 -
NODE_3156_length_16347_cov_40.479444:9646-12190  -            151 94808at7898          -            258   0.00072   17.1   1.2   1   1   1.3e-05   0.00098   16.6   1.2   211   245    41    82    12    88 0.80 -
NODE_176671_length_1988_cov_33.984648:414-668    -             85 94808at7898          -            258    0.0013   16.2   3.1   1   1   1.9e-05    0.0015   16.0   3.1   195   242     5    55     1    61 0.80 -
NODE_34499_length_7386_cov_32.851105:629-4287    -            326 94808at7898          -            258    0.0022   15.5   6.1   1   1   4.9e-05    0.0038   14.7   6.1   200   256    12    73     2    75 0.78 -
NODE_104799_length_3589_cov_44.806877:1431-2861  -            477 94808at7898          -            258    0.0026   15.2   5.9   1   1   6.2e-05    0.0049   14.4   5.9   197   248     8    64     3    73 0.80 -
NODE_160258_length_2268_cov_34.285846:433-1002   -            190 94808at7898          -            258    0.0029   15.1   4.8   1   1   3.7e-05    0.0029   15.1   4.8   201   246    14    62     7    69 0.82 -
NODE_24003_length_8702_cov_36.184006:6065-6463   -            133 94808at7898          -            258    0.0041   14.6   7.6   1   2   5.2e-05    0.0041   14.6   7.6   204   246     3    47     1    54 0.88 -
NODE_24003_length_8702_cov_36.184006:6065-6463   -            133 94808at7898          -            258    0.0041   14.6   7.6   2   2      0.84        65    0.8   0.9   204   227   101   124    93   130 0.78 -
NODE_137142_length_2740_cov_29.602802:1120-1575  -            152 94808at7898          -            258    0.0066   13.9   8.4   1   2   8.4e-05    0.0066   13.9   8.4   204   248     4    48     1    54 0.80 -
NODE_137142_length_2740_cov_29.602802:1120-1575  -            152 94808at7898          -            258    0.0066   13.9   8.4   2   2      0.12       9.2    3.6   0.3   180   226    52   101    50   106 0.77 -
NODE_131203_length_2876_cov_33.929420:1624-2129  -            128 94808at7898          -            258    0.0068   13.9   1.8   1   1   0.00011    0.0089   13.5   1.8   201   243     6    49     2    61 0.83 -
NODE_113288_length_3338_cov_18.253782:182-2287   -            280 94808at7898          -            258    0.0077   13.7   5.9   1   1   0.00018     0.014   12.9   5.9   203   246     3    48     1    62 0.87 -
NODE_58118_length_5554_cov_27.054079:389-739     -            117 94808at7898          -            258     0.011   13.2  13.2   1   2    0.0001     0.008   13.7   6.2   202   246     3    49     1    54 0.89 -
NODE_58118_length_5554_cov_27.054079:389-739     -            117 94808at7898          -            258     0.011   13.2  13.2   2   2     0.076         6    4.2   0.6   189   220    86   117    79   117 0.78 -
NODE_14363_length_10634_cov_28.399241:2600-5565  -            326 94808at7898          -            258     0.036   11.5   7.6   1   2   0.00043     0.034   11.6   6.0   202   244     2    46     1    62 0.87 -
NODE_14363_length_10634_cov_28.399241:2600-5565  -            326 94808at7898          -            258     0.036   11.5   7.6   2   2       6.3   4.9e+02   -2.0   0.0    22    75   106   163    93   172 0.50 -
NODE_1136_length_20601_cov_48.885816:3713-10278  -            442 94808at7898          -            258     0.071   10.6   7.4   1   1     0.002      0.16    9.4   7.4   196   249   384   434   372   440 0.82 -
NODE_77390_length_4581_cov_45.842704:730-1116    -            129 94808at7898          -            258      0.86    7.0  13.1   1   2   0.00042     0.033   11.6   6.8   204   244     3    45     1    51 0.90 -
NODE_77390_length_4581_cov_45.842704:730-1116    -            129 94808at7898          -            258      0.86    7.0  13.1   2   2       3.5   2.8e+02   -1.2   0.4   200   218    95   113    68   124 0.71 -
#
# Program:         hmmsearch
# Version:         3.1b2 (February 2015)
# Pipeline mode:   SEARCH
# Query file:      /home/e1garcia/shotgun_PIRE/abyss/busco_downloads/lineages/actinopterygii_odb10/hmms/94808at7898.hmm
# Target file:     /home/e1garcia/shotgun_PIRE/pire_ssl_data_processing/plotosus_lineatus/busco_contigs_results-SPAdes_decontam_R1R2_noIsolate/run_actinopterygii_odb10/metaeuk_output/rerun_results/contigs.modified.fasta.modified.fas
# Option settings: hmmsearch --domtblout /home/e1garcia/shotgun_PIRE/pire_ssl_data_processing/plotosus_lineatus/busco_contigs_results-SPAdes_decontam_R1R2_noIsolate/run_actinopterygii_odb10/hmmer_output/rerun_results/94808at7898.out --cpu 1 /home/e1garcia/shotgun_PIRE/abyss/busco_downloads/lineages/actinopterygii_odb10/hmms/94808at7898.hmm /home/e1garcia/shotgun_PIRE/pire_ssl_data_processing/plotosus_lineatus/busco_contigs_results-SPAdes_decontam_R1R2_noIsolate/run_actinopterygii_odb10/metaeuk_output/rerun_results/contigs.modified.fasta.modified.fas 
# Current dir:     /home/e1garcia/shotgun_PIRE/pire_ssl_data_processing/plotosus_lineatus
# Date:            Fri Aug 20 14:34:04 2021
# [ok]
