#                                                                                                        --- full sequence --- -------------- this domain -------------   hmm coord   ali coord   env coord
# target name                                    accession   tlen query name           accession   qlen   E-value  score  bias   #  of  c-Evalue  i-Evalue  score  bias  from    to  from    to  from    to  acc description of target
#                            ------------------- ---------- ----- -------------------- ---------- ----- --------- ------ ----- --- --- --------- --------- ------ ----- ----- ----- ----- ----- ----- ----- ---- ---------------------
NODE_95908_length_4131_cov_42.035466:528-1884    -            123 102227at7898         -            208   3.7e-70  234.1   1.4   1   1   6.3e-72   4.1e-70  233.9   1.4    50   171     1   123     1   123 0.99 -
NODE_1_length_1070312_cov_4.967607:154906-155640 -            245 102227at7898         -            208   9.7e-36  121.6   0.2   1   1   1.8e-37   1.2e-35  121.4   0.2     4   195     1   201     1   215 0.86 -
NODE_211327_length_1015_cov_0.946507:60-809      -            250 102227at7898         -            208   2.3e-32  110.6   1.6   1   1   3.9e-34   2.6e-32  110.4   1.6     1   208     1   219     1   219 0.82 -
NODE_213819_length_979_cov_1.007955:373-939      -            189 102227at7898         -            208   7.4e-30  102.4   1.4   1   1   1.3e-31   8.3e-30  102.2   1.4     7   185     1   189     1   189 0.86 -
NODE_218535_length_915_cov_1.181373:364-876      -            171 102227at7898         -            208   1.4e-29  101.5   2.9   1   1   2.4e-31   1.6e-29  101.3   2.9     9   180     2   170     1   171 0.94 -
NODE_5604_length_18020_cov_3.615367:10307-11038  -            244 102227at7898         -            208   3.5e-29  100.2   1.9   1   1   7.2e-31   4.8e-29   99.8   1.9     7   207     2   213     1   214 0.84 -
NODE_325538_length_358_cov_0.590734:4-333        -            110 102227at7898         -            208   5.4e-26   89.8   0.3   1   1   9.5e-28   6.3e-26   89.6   0.3    76   180     5   109     2   110 0.94 -
NODE_5_length_211341_cov_5.135854:125829-201415  -            250 102227at7898         -            208   1.1e-24   85.5   0.0   1   1   2.3e-26   1.5e-24   85.1   0.0     8   191     5   198     2   205 0.84 -
NODE_217450_length_929_cov_0.798795:5-715        -            237 102227at7898         -            208   3.6e-23   80.6   0.7   1   1   6.6e-25   4.3e-23   80.3   0.7    10   207     3   203     1   204 0.88 -
NODE_174350_length_1687_cov_1.022670:706-1431    -            242 102227at7898         -            208   6.8e-23   79.7   1.0   1   1   1.2e-24   7.9e-23   79.5   1.0     3   204     2   208     1   212 0.83 -
NODE_167233_length_1842_cov_0.969593:1076-1678   -            201 102227at7898         -            208   2.1e-22   78.1   0.0   1   1   3.8e-24   2.5e-22   77.8   0.0     7   188     2   193     1   200 0.83 -
NODE_1_length_1070312_cov_4.967607:962688-963269 -            194 102227at7898         -            208   2.5e-22   77.8   0.7   1   2   8.1e-06   0.00054   17.9   0.3     7    37     3    33     1    40 0.89 -
NODE_1_length_1070312_cov_4.967607:962688-963269 -            194 102227at7898         -            208   2.5e-22   77.8   0.7   2   2   3.1e-18     2e-16   58.5   0.0    43   178    58   194    50   194 0.90 -
NODE_173893_length_1696_cov_0.989981:143-886     -            248 102227at7898         -            208   1.8e-19   68.5   1.6   1   1   3.5e-21   2.3e-19   68.2   1.6     6   206     2   215     1   217 0.80 -
NODE_235953_length_702_cov_1.386401:13-579       -            189 102227at7898         -            208   3.1e-19   67.7   1.0   1   1   5.2e-21   3.4e-19   67.6   1.0     5   182     3   186     1   189 0.91 -
NODE_7682_length_16354_cov_25.799200:2742-3278   -            179 102227at7898         -            208   8.9e-19   66.2   0.3   1   1   2.5e-20   1.7e-18   65.3   0.3    10   173     2   179     1   179 0.80 -
NODE_170487_length_1769_cov_0.946707:964-1563    -            200 102227at7898         -            208   9.4e-19   66.2   0.3   1   1   1.7e-20   1.1e-18   65.9   0.3     5   181     1   184     1   191 0.90 -
NODE_204401_length_1123_cov_0.910156:13-501      -            163 102227at7898         -            208   3.5e-17   61.0   3.9   1   1   7.2e-19   4.8e-17   60.6   3.9     7   154     2   162     1   163 0.81 -
NODE_276748_length_472_cov_0.680965:8-442        -            145 102227at7898         -            208   4.2e-17   60.8   0.0   1   1   7.5e-19   4.9e-17   60.5   0.0    75   186     2   118     1   130 0.90 -
NODE_216399_length_943_cov_0.900474:14-502       -            163 102227at7898         -            208   1.1e-16   59.4   0.5   1   1   4.4e-18   2.9e-16   58.0   0.5     6   156     2   160     1   163 0.77 -
NODE_238000_length_682_cov_0.873070:113-652      -            180 102227at7898         -            208     2e-16   58.5   0.0   1   1   3.5e-18   2.3e-16   58.3   0.0    11   184     1   179     1   180 0.89 -
NODE_268324_length_500_cov_0.381546:5-469        -            155 102227at7898         -            208   2.3e-16   58.3   0.1   1   1   4.2e-18   2.8e-16   58.1   0.1    68   197     2   132     1   139 0.90 -
NODE_276746_length_472_cov_0.683646:1-372        -            124 102227at7898         -            208   2.5e-16   58.2   0.0   1   1   3.9e-18   2.6e-16   58.2   0.0    68   174    20   124     1   124 0.88 -
NODE_1_length_1070312_cov_4.967607:957921-958454 -            178 102227at7898         -            208   3.1e-16   57.9   0.3   1   1   5.1e-18   3.4e-16   57.8   0.3    10   157     1   157     1   178 0.84 -
NODE_252616_length_567_cov_1.634615:10-483       -            158 102227at7898         -            208   3.5e-15   54.5   2.6   1   1   5.8e-17   3.8e-15   54.3   2.6     3   155     3   158     1   158 0.87 -
NODE_13_length_63147_cov_4.982680:40950-41645    -            232 102227at7898         -            208   5.2e-15   53.9   0.0   1   1     1e-16   6.7e-15   53.6   0.0    10   186     7   188     2   199 0.86 -
NODE_237669_length_685_cov_0.576792:2-529        -            176 102227at7898         -            208   6.3e-15   53.6   3.2   1   1   1.1e-16   7.3e-15   53.4   3.2     7   171     2   174     1   176 0.82 -
NODE_263519_length_518_cov_1.338902:24-422       -            133 102227at7898         -            208   1.9e-14   52.1   0.0   1   1   3.1e-16     2e-14   52.0   0.0    58   185     1   133     1   133 0.83 -
NODE_261217_length_527_cov_0.834112:159-500      -            114 102227at7898         -            208     2e-14   52.0   0.8   1   1   3.5e-16   2.3e-14   51.8   0.8     8   111     1   113     1   114 0.78 -
NODE_285408_length_447_cov_0.879310:1-441        -            147 102227at7898         -            208   6.6e-14   50.3   0.0   1   1   1.4e-15   9.2e-14   49.8   0.0   104   206    21   123     8   125 0.84 -
NODE_182165_length_1524_cov_1.323509:1024-1518   -            165 102227at7898         -            208   1.2e-13   49.5   0.6   1   1   2.6e-15   1.7e-13   49.0   0.6    14   167     1   161     1   164 0.81 -
NODE_202920_length_1147_cov_1.458015:3-389       -            129 102227at7898         -            208   1.5e-13   49.1   1.0   1   1   2.5e-15   1.7e-13   49.0   1.0    11   135     1   129     1   129 0.89 -
NODE_246135_length_612_cov_0.670565:96-608       -            171 102227at7898         -            208   1.7e-13   48.9   0.0   1   1   3.2e-15   2.1e-13   48.6   0.0    73   184     2   122     1   135 0.87 -
NODE_221338_length_879_cov_1.111538:396-827      -            144 102227at7898         -            208   2.4e-13   48.5   0.1   1   1   4.1e-15   2.7e-13   48.3   0.1   124   207    31   113     8   114 0.91 -
NODE_227011_length_804_cov_0.808511:44-604       -            187 102227at7898         -            208   2.4e-13   48.5   0.2   1   1     4e-15   2.6e-13   48.4   0.2    10   178     3   181     1   187 0.83 -
NODE_80_length_44198_cov_4.224540:10821-11576    -            252 102227at7898         -            208   4.3e-13   47.6   0.1   1   1   8.4e-15   5.5e-13   47.3   0.1     1   183     1   187     1   221 0.83 -
NODE_246537_length_609_cov_0.515686:174-560      -            129 102227at7898         -            208   4.3e-13   47.6   0.1   1   1     7e-15   4.6e-13   47.6   0.1    69   195     2   128     1   129 0.92 -
NODE_208199_length_1062_cov_1.456906:44-655      -            204 102227at7898         -            208   6.9e-13   47.0   0.0   1   1   1.4e-14   9.4e-13   46.5   0.0    62   190     9   145     3   157 0.80 -
NODE_69269_length_5591_cov_3.685178:4298-4993    -            232 102227at7898         -            208   1.1e-12   46.3   0.0   1   1   2.3e-14   1.5e-12   45.9   0.0     7   191     8   201     3   211 0.85 -
NODE_275447_length_476_cov_1.352785:3-473        -            157 102227at7898         -            208   1.8e-12   45.6   0.1   1   1     3e-14     2e-12   45.5   0.1    28   174     2   157     1   157 0.87 -
NODE_257738_length_542_cov_0.805869:6-458        -            151 102227at7898         -            208   2.3e-12   45.3   0.0   1   1   3.7e-14   2.4e-12   45.2   0.0    72   207    11   149     1   150 0.84 -
NODE_226935_length_805_cov_1.228045:302-802      -            167 102227at7898         -            208   6.8e-12   43.7   0.0   1   1   1.2e-13   7.9e-12   43.5   0.0    66   185    41   160     5   165 0.88 -
NODE_1_length_1070312_cov_4.967607:77903-162610  -            211 102227at7898         -            208   7.1e-12   43.7   0.4   1   1   2.3e-13   1.5e-11   42.6   0.4    11   180     4   190     1   199 0.76 -
NODE_13_length_63147_cov_4.982680:7833-8486      -            218 102227at7898         -            208   1.1e-11   43.1   0.0   1   1   2.5e-13   1.6e-11   42.5   0.0    11   183     2   183     1   199 0.84 -
NODE_276054_length_474_cov_1.088000:6-473        -            156 102227at7898         -            208   1.3e-11   42.8   0.3   1   1   2.5e-13   1.6e-11   42.5   0.3     6   150     2   155     1   156 0.75 -
NODE_216993_length_935_cov_1.177033:417-893      -            159 102227at7898         -            208   1.5e-11   42.7   5.9   1   2   7.8e-09   5.1e-07   27.8   0.7     2    36     1    35     1    44 0.94 -
NODE_216993_length_935_cov_1.177033:417-893      -            159 102227at7898         -            208   1.5e-11   42.7   5.9   2   2     1e-05   0.00067   17.6   0.3    67   136    83   153    66   156 0.87 -
NODE_239190_length_671_cov_1.248252:106-654      -            183 102227at7898         -            208   4.4e-11   41.1   0.1   1   1   7.4e-13   4.8e-11   41.0   0.1     9   177     4   182     1   183 0.85 -
NODE_10686_length_14744_cov_45.063913:2510-4334  -            247 102227at7898         -            208   8.8e-11   40.1   0.3   1   1   5.5e-12   3.6e-10   38.1   0.3     6   188     3   205     1   210 0.73 -
NODE_3_length_276070_cov_4.893833:33963-34496    -            178 102227at7898         -            208   1.4e-10   39.4   0.0   1   1   2.6e-12   1.7e-10   39.2   0.0     9   176     3   175     1   178 0.81 -
NODE_257071_length_545_cov_1.338565:42-470       -            143 102227at7898         -            208   3.9e-10   38.0   0.0   1   1   6.8e-12   4.5e-10   37.8   0.0   103   206     3   111     1   113 0.84 -
NODE_255972_length_550_cov_0.904656:0-476        -            159 102227at7898         -            208     8e-10   37.0   0.0   1   1   1.5e-11   9.6e-10   36.7   0.0   109   207    30   128    14   129 0.88 -
NODE_216104_length_947_cov_1.323113:191-928      -            246 102227at7898         -            208   1.1e-09   36.5   0.0   1   1   2.2e-11   1.4e-09   36.2   0.0    10   205     1   210     1   213 0.77 -
NODE_41832_length_7969_cov_46.237611:2030-5146   -            237 102227at7898         -            208   1.2e-09   36.4   0.1   1   2   2.2e-05    0.0014   16.5   0.1     7    41     4    38     1    68 0.88 -
NODE_41832_length_7969_cov_46.237611:2030-5146   -            237 102227at7898         -            208   1.2e-09   36.4   0.1   2   2   8.3e-06   0.00054   17.9   0.0   145   188   140   183   132   188 0.92 -
NODE_251789_length_572_cov_0.902748:92-565       -            158 102227at7898         -            208   1.5e-09   36.1   1.5   1   1   6.4e-11   4.2e-09   34.6   1.5     6   115     2   127     1   138 0.76 -
NODE_253674_length_561_cov_0.989177:2-508        -            169 102227at7898         -            208   1.5e-09   36.1   0.5   1   1   2.6e-11   1.7e-09   35.9   0.5     6   168     2   169     1   169 0.82 -
NODE_3675_length_20292_cov_34.625068:1238-4692   -            287 102227at7898         -            208   1.6e-09   36.0   0.1   1   1   3.1e-10   2.1e-08   32.4   0.1     6   188     2   209     1   213 0.72 -
NODE_304488_length_401_cov_0.850993:1-381        -            127 102227at7898         -            208   1.6e-09   36.0   0.0   1   1   2.6e-11   1.7e-09   35.9   0.0    63   180     2   124     1   127 0.84 -
NODE_223169_length_856_cov_0.656539:38-613       -            192 102227at7898         -            208   2.6e-09   35.3   2.9   1   1   7.5e-11     5e-09   34.4   2.9    10   180     2   191     1   192 0.79 -
NODE_147142_length_2340_cov_32.214190:494-1648   -            206 102227at7898         -            208   3.9e-09   34.7   0.0   1   1   7.7e-11   5.1e-09   34.3   0.0    14   139     1   131     1   145 0.77 -
NODE_70482_length_5509_cov_34.998152:1295-2674   -            272 102227at7898         -            208   7.5e-08   30.5   0.1   1   1   1.8e-08   1.2e-06   26.6   0.1    14   139     1   128     1   204 0.80 -
NODE_35465_length_8755_cov_32.525647:3590-8238   -            236 102227at7898         -            208   8.2e-08   30.4   0.0   1   1   1.7e-09   1.1e-07   30.0   0.0     6   187    20   206    15   220 0.77 -
NODE_12752_length_13833_cov_42.284040:2708-3888  -            266 102227at7898         -            208     2e-07   29.1   0.1   1   2   3.9e-07   2.6e-05   22.3   0.0    14    86     2    80     1    96 0.84 -
NODE_12752_length_13833_cov_42.284040:2708-3888  -            266 102227at7898         -            208     2e-07   29.1   0.1   2   2     0.072       4.7    5.0   0.0   143   188   146   191   112   198 0.88 -
NODE_168981_length_1803_cov_1.575704:20-397      -            126 102227at7898         -            208   4.2e-07   28.1   0.1   1   1   7.4e-09   4.9e-07   27.9   0.1     8   112     3   115     1   122 0.80 -
NODE_17703_length_12188_cov_41.765737:558-7972   -            154 102227at7898         -            208   7.5e-07   27.3   0.1   1   1   1.6e-08   1.1e-06   26.8   0.1     6   110    27   141    24   151 0.74 -
NODE_66769_length_5757_cov_36.574408:3422-5502   -            181 102227at7898         -            208   7.8e-07   27.2   0.0   1   1   1.4e-08   9.3e-07   27.0   0.0     7   136    22   155    19   177 0.79 -
NODE_237071_length_691_cov_0.445946:41-529       -            163 102227at7898         -            208   1.2e-06   26.6   0.0   1   1   2.4e-08   1.6e-06   26.2   0.0   105   186     7    93     3   109 0.78 -
NODE_95791_length_4136_cov_34.970770:405-2876    -            279 102227at7898         -            208   1.6e-06   26.2   0.9   1   1   1.3e-07   8.5e-06   23.8   0.9     5    87     7    99     4   213 0.68 -
NODE_236171_length_700_cov_1.016639:13-693       -            227 102227at7898         -            208   1.7e-05   22.8   0.1   1   1   4.4e-07   2.9e-05   22.1   0.1     8    80     1    79     1   171 0.71 -
NODE_34128_length_8946_cov_42.121623:1646-1921   -             92 102227at7898         -            208   7.5e-05   20.7   0.0   1   1   1.2e-06     8e-05   20.6   0.0   103   165    29    92     7    92 0.74 -
NODE_241719_length_648_cov_1.437158:260-601      -            114 102227at7898         -            208   0.00014   19.9   0.1   1   1   2.3e-06   0.00015   19.7   0.1     9    73     3    65     1    90 0.85 -
NODE_246393_length_610_cov_0.798434:27-524       -            166 102227at7898         -            208   0.00015   19.7   0.0   1   1   2.5e-06   0.00016   19.6   0.0   121   179    45   103     2   135 0.85 -
NODE_66142_length_5803_cov_33.634642:425-2522    -            174 102227at7898         -            208   0.00085   17.3   0.0   1   1   1.7e-05    0.0011   16.9   0.0    18   145     1   136     1   156 0.72 -
NODE_5_length_211341_cov_5.135854:11066-12052    -            329 102227at7898         -            208     0.045   11.7   0.0   1   1    0.0011     0.072   11.0   0.0    11    89     2    85     1   103 0.83 -
#
# Program:         hmmsearch
# Version:         3.1b2 (February 2015)
# Pipeline mode:   SEARCH
# Query file:      /home/e1garcia/shotgun_PIRE/abyss/busco_downloads/lineages/actinopterygii_odb10/hmms/102227at7898.hmm
# Target file:     /home/e1garcia/shotgun_PIRE/pire_ssl_data_processing/plotosus_lineatus/busco_scaffolds_results-SPAdes_contam_R1R2_noIsolate/run_actinopterygii_odb10/metaeuk_output/rerun_results/scaffolds.modified.fasta.modified.fas
# Option settings: hmmsearch --domtblout /home/e1garcia/shotgun_PIRE/pire_ssl_data_processing/plotosus_lineatus/busco_scaffolds_results-SPAdes_contam_R1R2_noIsolate/run_actinopterygii_odb10/hmmer_output/rerun_results/102227at7898.out --cpu 1 /home/e1garcia/shotgun_PIRE/abyss/busco_downloads/lineages/actinopterygii_odb10/hmms/102227at7898.hmm /home/e1garcia/shotgun_PIRE/pire_ssl_data_processing/plotosus_lineatus/busco_scaffolds_results-SPAdes_contam_R1R2_noIsolate/run_actinopterygii_odb10/metaeuk_output/rerun_results/scaffolds.modified.fasta.modified.fas 
# Current dir:     /home/e1garcia/shotgun_PIRE/pire_ssl_data_processing/plotosus_lineatus
# Date:            Fri Aug 20 14:42:23 2021
# [ok]
