#                                                                                                        --- full sequence --- -------------- this domain -------------   hmm coord   ali coord   env coord
# target name                                    accession   tlen query name           accession   qlen   E-value  score  bias   #  of  c-Evalue  i-Evalue  score  bias  from    to  from    to  from    to  acc description of target
#                            ------------------- ---------- ----- -------------------- ---------- ----- --------- ------ ----- --- --- --------- --------- ------ ----- ----- ----- ----- ----- ----- ----- ---- ---------------------
NODE_1251_length_26168_cov_39.094327:2635-10165  -            147 104789at7898         -            202     7e-44  147.8   0.0   1   2   8.6e-38   8.1e-35  118.2   0.0    46   144     2   108     1   111 0.90 -
NODE_1251_length_26168_cov_39.094327:2635-10165  -            147 104789at7898         -            202     7e-44  147.8   0.0   2   2     1e-10   9.4e-08   29.8   0.0   168   202   107   141   105   141 0.92 -
NODE_168285_length_1818_cov_2.685864:948-1523    -            192 104789at7898         -            202   1.3e-23   81.6   0.1   1   1   1.7e-25   1.6e-22   78.1   0.1     4   118     1   131     1   189 0.83 -
NODE_80_length_44198_cov_4.224540:6880-7404      -            175 104789at7898         -            202   7.5e-23   79.2   0.1   1   2   6.6e-25   6.2e-22   76.1   0.0     4   117     1   130     1   138 0.81 -
NODE_80_length_44198_cov_4.224540:6880-7404      -            175 104789at7898         -            202   7.5e-23   79.2   0.1   2   2     0.053        51    1.3   0.0   149   175   135   162   130   173 0.73 -
NODE_1_length_1070312_cov_4.967607:800800-801456 -            219 104789at7898         -            202   0.00022   18.8   0.0   1   1   4.7e-07   0.00044   17.9   0.0     6    34    43    71    37    96 0.79 -
NODE_222196_length_868_cov_0.794538:84-755       -            224 104789at7898         -            202    0.0049   14.4   0.0   1   1   8.6e-06    0.0082   13.7   0.0     3    37    35    69    33   118 0.79 -
#
# Program:         hmmsearch
# Version:         3.1b2 (February 2015)
# Pipeline mode:   SEARCH
# Query file:      /home/e1garcia/shotgun_PIRE/abyss/busco_downloads/lineages/actinopterygii_odb10/hmms/104789at7898.hmm
# Target file:     /home/e1garcia/shotgun_PIRE/pire_ssl_data_processing/plotosus_lineatus/busco_scaffolds_results-SPAdes_contam_R1R2_noIsolate/run_actinopterygii_odb10/metaeuk_output/rerun_results/scaffolds.modified.fasta.modified.fas
# Option settings: hmmsearch --domtblout /home/e1garcia/shotgun_PIRE/pire_ssl_data_processing/plotosus_lineatus/busco_scaffolds_results-SPAdes_contam_R1R2_noIsolate/run_actinopterygii_odb10/hmmer_output/rerun_results/104789at7898.out --cpu 1 /home/e1garcia/shotgun_PIRE/abyss/busco_downloads/lineages/actinopterygii_odb10/hmms/104789at7898.hmm /home/e1garcia/shotgun_PIRE/pire_ssl_data_processing/plotosus_lineatus/busco_scaffolds_results-SPAdes_contam_R1R2_noIsolate/run_actinopterygii_odb10/metaeuk_output/rerun_results/scaffolds.modified.fasta.modified.fas 
# Current dir:     /home/e1garcia/shotgun_PIRE/pire_ssl_data_processing/plotosus_lineatus
# Date:            Fri Aug 20 14:40:57 2021
# [ok]
