#                                                                                                      --- full sequence --- -------------- this domain -------------   hmm coord   ali coord   env coord
# target name                                  accession   tlen query name           accession   qlen   E-value  score  bias   #  of  c-Evalue  i-Evalue  score  bias  from    to  from    to  from    to  acc description of target
#                          ------------------- ---------- ----- -------------------- ---------- ----- --------- ------ ----- --- --- --------- --------- ------ ----- ----- ----- ----- ----- ----- ----- ---- ---------------------
NODE_8027_length_16155_cov_38.960638:3385-7087 -            211 120510at7898         -            206   6.2e-76  252.4  16.9   1   2   3.2e-64   3.7e-61  204.1   3.1    57   146     1    90     1    97 0.97 -
NODE_8027_length_16155_cov_38.960638:3385-7087 -            211 120510at7898         -            206   6.2e-76  252.4  16.9   2   2   2.8e-18   3.3e-15   54.1   5.9   138   194   132   192   108   204 0.77 -
NODE_3476_length_20572_cov_44.436868:278-12598 -            241 120510at7898         -            206   2.4e-42  142.7  35.5   1   3     3e-35   3.5e-32  109.5  15.6    23    97     1    74     1    76 0.96 -
NODE_3476_length_20572_cov_44.436868:278-12598 -            241 120510at7898         -            206   2.4e-42  142.7  35.5   2   3   7.3e-07   0.00086   16.8   5.9   119   147    74   102    73   112 0.87 -
NODE_3476_length_20572_cov_44.436868:278-12598 -            241 120510at7898         -            206   2.4e-42  142.7  35.5   3   3   3.3e-10     4e-07   27.7   0.7   144   182   192   230   158   236 0.88 -
NODE_34225_length_8931_cov_29.598392:2393-4922 -            117 120510at7898         -            206   6.5e-40  134.8  20.7   1   1   2.4e-42   2.9e-39  132.6  20.7    25   140     1   105     1   112 0.91 -
NODE_48525_length_7262_cov_37.520034:1429-4143 -            186 120510at7898         -            206   5.5e-25   86.0  11.7   1   2   2.6e-19   3.1e-16   57.4   7.0    57   196     1   136     1   146 0.76 -
NODE_48525_length_7262_cov_37.520034:1429-4143 -            186 120510at7898         -            206   5.5e-25   86.0  11.7   2   2   6.1e-11   7.2e-08   30.1   0.2   144   174   149   179   138   185 0.81 -
#
# Program:         hmmsearch
# Version:         3.1b2 (February 2015)
# Pipeline mode:   SEARCH
# Query file:      /home/e1garcia/shotgun_PIRE/abyss/busco_downloads/lineages/actinopterygii_odb10/hmms/120510at7898.hmm
# Target file:     /home/e1garcia/shotgun_PIRE/pire_ssl_data_processing/plotosus_lineatus/busco_scaffolds_results-SPAdes_contam_R1R2_noIsolate/run_actinopterygii_odb10/metaeuk_output/rerun_results/scaffolds.modified.fasta.modified.fas
# Option settings: hmmsearch --domtblout /home/e1garcia/shotgun_PIRE/pire_ssl_data_processing/plotosus_lineatus/busco_scaffolds_results-SPAdes_contam_R1R2_noIsolate/run_actinopterygii_odb10/hmmer_output/rerun_results/120510at7898.out --cpu 1 /home/e1garcia/shotgun_PIRE/abyss/busco_downloads/lineages/actinopterygii_odb10/hmms/120510at7898.hmm /home/e1garcia/shotgun_PIRE/pire_ssl_data_processing/plotosus_lineatus/busco_scaffolds_results-SPAdes_contam_R1R2_noIsolate/run_actinopterygii_odb10/metaeuk_output/rerun_results/scaffolds.modified.fasta.modified.fas 
# Current dir:     /home/e1garcia/shotgun_PIRE/pire_ssl_data_processing/plotosus_lineatus
# Date:            Fri Aug 20 14:36:44 2021
# [ok]
