#                                                                                                         --- full sequence --- -------------- this domain -------------   hmm coord   ali coord   env coord
# target name                                     accession   tlen query name           accession   qlen   E-value  score  bias   #  of  c-Evalue  i-Evalue  score  bias  from    to  from    to  from    to  acc description of target
#                             ------------------- ---------- ----- -------------------- ---------- ----- --------- ------ ----- --- --- --------- --------- ------ ----- ----- ----- ----- ----- ----- ----- ---- ---------------------
NODE_120068_length_3173_cov_25.566363:318-1576    -            213 125769at7898         -            150   3.8e-28   96.4   1.6   1   1     1e-29   5.8e-28   95.8   1.6    15    79    18    82    10    98 0.94 -
NODE_5924_length_17724_cov_202.434383:7906-8650   -            190 125769at7898         -            150   1.4e-27   94.6   0.1   1   1   3.6e-29   2.1e-27   94.0   0.1    15    83     4    72     2   115 0.85 -
NODE_6928_length_16922_cov_36.677703:13294-13792  -             93 125769at7898         -            150   2.8e-27   93.6   5.8   1   1   5.7e-29   3.3e-27   93.4   5.8    14    75    32    93    23    93 0.97 -
NODE_5156_length_18432_cov_24.972945:4720-13884   -             80 125769at7898         -            150   9.2e-27   91.9   6.6   1   1   1.9e-28   1.1e-26   91.7   6.6    15    78    11    74     5    78 0.95 -
NODE_215_length_36810_cov_34.859334:1775-3731     -            285 125769at7898         -            150   9.8e-27   91.8   4.9   1   1   1.7e-28   9.8e-27   91.8   4.9    15    81    98   164    92   171 0.93 -
NODE_6667_length_17119_cov_38.440893:11790-12990  -            193 125769at7898         -            150   1.2e-26   91.6   0.9   1   1     2e-28   1.2e-26   91.6   0.9    15    81     4    70     2    89 0.91 -
NODE_6981_length_16882_cov_30.023476:14816-15737  -            157 125769at7898         -            150   1.2e-26   91.6   2.9   1   2         6   3.4e+02   -0.8   0.1   105   130     6    31     2    40 0.64 -
NODE_6981_length_16882_cov_30.023476:14816-15737  -            157 125769at7898         -            150   1.2e-26   91.6   2.9   2   2   2.1e-28   1.2e-26   91.6   2.9     2    80    43   123    42   140 0.91 -
NODE_17107_length_12368_cov_27.358709:10330-11990 -            137 125769at7898         -            150   2.4e-25   87.3   2.0   1   1   6.2e-27   3.6e-25   86.8   2.0    16    89     1    75     1    94 0.89 -
NODE_7698_length_16343_cov_30.627432:6356-10605   -            118 125769at7898         -            150   5.1e-25   86.3   4.6   1   1   8.8e-27   5.1e-25   86.3   4.6     2    75    43   118    42   118 0.93 -
NODE_5556_length_18064_cov_28.251044:12237-15409  -            195 125769at7898         -            150   2.6e-24   84.0   0.7   1   1   8.2e-26   4.7e-24   83.1   0.7    15    79     2    66     1    85 0.91 -
NODE_83593_length_4736_cov_36.938754:2123-3492    -             67 125769at7898         -            150   3.1e-24   83.7   3.6   1   1   5.4e-26   3.1e-24   83.7   3.6    19    77     1    59     1    67 0.94 -
NODE_27010_length_10097_cov_52.834467:53-4620     -            173 125769at7898         -            150   7.3e-24   82.5   3.5   1   1   1.8e-25   1.1e-23   82.0   3.5    14    79   107   172    96   173 0.93 -
NODE_116176_length_3311_cov_44.198319:2168-3180   -            142 125769at7898         -            150   1.7e-23   81.3   1.1   1   1   3.8e-25   2.2e-23   81.0   1.1    14    77     8    71     2   104 0.92 -
NODE_75704_length_5180_cov_40.892738:189-2250     -            212 125769at7898         -            150   2.1e-23   81.0   3.2   1   1   5.9e-25   3.4e-23   80.3   3.2    15    78    27    90    18   122 0.94 -
NODE_21202_length_11285_cov_44.208117:3052-3438   -            129 125769at7898         -            150   3.8e-21   73.7   3.6   1   2   2.8e-16   1.6e-14   52.1   0.1    59   123     1    73     1    80 0.79 -
NODE_21202_length_11285_cov_44.208117:3052-3438   -            129 125769at7898         -            150   3.8e-21   73.7   3.6   2   2   1.2e-06     7e-05   20.9   1.0   115   150    82   129    70   129 0.68 -
NODE_62311_length_6079_cov_18.753177:3200-3514    -            105 125769at7898         -            150   8.9e-16   56.3   1.6   1   1     2e-17   1.1e-15   55.9   1.6    14    62    42    90    30    95 0.92 -
NODE_60121_length_6247_cov_28.024398:4784-5837    -            251 125769at7898         -            150   2.6e-15   54.8   0.0   1   1   6.4e-17   3.7e-15   54.2   0.0     9    76    27    94    23   143 0.91 -
NODE_903_length_27930_cov_121.548741:25938-26141  -             68 125769at7898         -            150   3.9e-15   54.2   1.3   1   1   7.3e-17   4.2e-15   54.1   1.3    15    72     3    60     1    66 0.94 -
NODE_24389_length_10586_cov_38.694956:9282-9650   -            123 125769at7898         -            150   4.2e-15   54.1   0.1   1   1   8.2e-17   4.7e-15   53.9   0.1    16    84     1    68     1   121 0.72 -
NODE_64849_length_5894_cov_22.258154:881-1108     -             76 125769at7898         -            150   4.4e-15   54.0   1.6   1   1   7.9e-17   4.5e-15   54.0   1.6    15    72     3    60     1    72 0.92 -
NODE_3353_length_20771_cov_65.228231:7459-7827    -            123 125769at7898         -            150   6.4e-15   53.5   0.1   1   1   1.2e-16   7.1e-15   53.3   0.1    15    87    15    87     3   120 0.81 -
NODE_99106_length_3989_cov_24.927506:754-1017     -             88 125769at7898         -            150   7.1e-15   53.3   0.0   1   1   1.2e-16   7.1e-15   53.3   0.0    15    75     4    64     1    87 0.90 -
NODE_56202_length_6566_cov_21.344054:373-846      -            158 125769at7898         -            150   1.6e-14   52.2   0.4   1   1   3.6e-16   2.1e-14   51.8   0.4    14    95    50   131    42   144 0.86 -
NODE_133090_length_2741_cov_26.931491:2436-2630   -             65 125769at7898         -            150   1.7e-14   52.1   2.2   1   1   3.2e-16   1.9e-14   52.0   2.2    15    72     6    63     2    65 0.95 -
NODE_83327_length_4751_cov_32.012038:3204-4120    -            130 125769at7898         -            150   2.6e-14   51.5   0.1   1   1     6e-16   3.5e-14   51.1   0.1    10    61    78   130    70   130 0.90 -
NODE_89146_length_4450_cov_28.231441:168-377      -             70 125769at7898         -            150   2.9e-14   51.4   2.5   1   1   5.7e-16   3.3e-14   51.2   2.5    18    75     6    63     2    68 0.95 -
NODE_6755_length_17045_cov_38.531984:159-1209     -            224 125769at7898         -            150   3.2e-14   51.2   0.2   1   1   9.5e-16   5.5e-14   50.5   0.2     9    74    90   154    83   178 0.90 -
NODE_68646_length_5633_cov_21.435128:1943-2200    -             86 125769at7898         -            150   3.8e-14   51.0   0.5   1   1   7.5e-16   4.3e-14   50.8   0.5    16    84     1    69     1    75 0.95 -
NODE_15801_length_12749_cov_27.055968:3837-4025   -             63 125769at7898         -            150   3.8e-14   51.0   0.9   1   1   6.8e-16   3.9e-14   50.9   0.9    15    74     4    63     1    63 0.96 -
NODE_128607_length_2883_cov_35.905532:1469-1897   -            143 125769at7898         -            150   4.7e-14   50.7   0.0   1   1   8.1e-16   4.7e-14   50.7   0.0    11    76     4    69     1   123 0.92 -
NODE_1001_length_27370_cov_28.493381:17774-23135  -            281 125769at7898         -            150   5.2e-14   50.5   0.2   1   1   1.6e-15   9.3e-14   49.7   0.2     9    92   166   246   159   274 0.80 -
NODE_30529_length_9491_cov_23.427811:6654-8465    -             99 125769at7898         -            150   8.5e-14   49.8   0.3   1   1   1.9e-15   1.1e-13   49.5   0.3    14    61    52    99    38    99 0.94 -
NODE_2177_length_23132_cov_36.882733:2413-3067    -            174 125769at7898         -            150   1.1e-13   49.5   0.0   1   1   2.4e-15   1.4e-13   49.1   0.0    15    98    23   104    19   129 0.80 -
NODE_121188_length_3134_cov_28.820099:895-1437    -            181 125769at7898         -            150   3.2e-13   48.0   2.3   1   1     8e-15   4.6e-13   47.4   2.3    14    75    16    77     9    90 0.90 -
NODE_97646_length_4055_cov_29.302073:3593-3844    -             84 125769at7898         -            150   3.4e-13   47.9   2.9   1   1   6.1e-15   3.5e-13   47.8   2.9    19    77     1    59     1    78 0.92 -
NODE_36824_length_8581_cov_18.857817:5195-5401    -             69 125769at7898         -            150   5.3e-13   47.3   3.9   1   1   9.4e-15   5.4e-13   47.2   3.9    15    78     2    65     1    69 0.91 -
NODE_109832_length_3546_cov_23.107920:493-2565    -             86 125769at7898         -            150   5.6e-13   47.2   3.5   1   1   1.1e-14   6.5e-13   47.0   3.5    12    77    15    80     4    85 0.90 -
NODE_27987_length_9914_cov_35.524605:502-747      -             82 125769at7898         -            150   1.1e-12   46.2   4.2   1   1   2.1e-14   1.2e-12   46.1   4.2     5    77     7    78     5    82 0.92 -
NODE_159389_length_2027_cov_32.274896:780-1385    -            202 125769at7898         -            150   1.2e-12   46.1   3.4   1   1     3e-14   1.7e-12   45.6   3.4    11    78    19    85    11   102 0.86 -
NODE_79232_length_4976_cov_30.621079:3826-4194    -            123 125769at7898         -            150   1.5e-12   45.8   1.2   1   1   2.9e-14   1.7e-12   45.6   1.2    14    76    12    74     3   112 0.80 -
NODE_47561_length_7358_cov_23.895165:659-1120     -            154 125769at7898         -            150   1.5e-12   45.8   0.2   1   1   3.5e-14     2e-12   45.4   0.2    11    79    14    83     6   123 0.83 -
NODE_13291_length_13629_cov_29.018477:1114-1587   -            158 125769at7898         -            150   1.6e-12   45.7   5.0   1   1   4.7e-14   2.7e-12   45.0   4.8    13    80    14    82     4   129 0.83 -
NODE_167185_length_1843_cov_22.071101:945-1520    -            192 125769at7898         -            150   2.7e-12   45.0   4.4   1   1   6.7e-14   3.9e-12   44.5   4.4    14    75     4    65     1    96 0.91 -
NODE_113119_length_3423_cov_22.160349:1302-1526   -             75 125769at7898         -            150     3e-12   44.8   1.1   1   1   5.6e-14   3.3e-12   44.7   1.1    16    73     2    59     1    69 0.94 -
NODE_155226_length_2129_cov_17.778818:1323-1532   -             70 125769at7898         -            150   3.4e-12   44.7   1.5   1   1   6.1e-14   3.5e-12   44.6   1.5    15    73     4    62     1    69 0.93 -
NODE_124638_length_3016_cov_12.499143:939-1136    -             66 125769at7898         -            150   3.5e-12   44.6   1.8   1   1   6.3e-14   3.7e-12   44.5   1.8    12    73     1    62     1    66 0.95 -
NODE_439_length_32170_cov_42.635839:26373-26822   -            150 125769at7898         -            150   3.9e-12   44.4   1.8   1   2    0.0096      0.56    8.2   0.0    36    89     3    56     1    71 0.79 -
NODE_439_length_32170_cov_42.635839:26373-26822   -            150 125769at7898         -            150   3.9e-12   44.4   1.8   2   2   3.3e-11   1.9e-09   35.7   0.8    11    73    75   137    63   147 0.90 -
NODE_21664_length_11175_cov_26.205309:6687-8859   -            190 125769at7898         -            150   5.9e-12   43.9   0.0   1   1   1.8e-13     1e-11   43.1   0.0    10    72   128   190   120   190 0.93 -
NODE_48824_length_7233_cov_38.152229:1638-1976    -            113 125769at7898         -            150     8e-12   43.4   0.0   1   1   1.8e-13     1e-11   43.1   0.0    17    72    58   113    50   113 0.95 -
NODE_17983_length_12119_cov_24.484609:6370-7882   -            269 125769at7898         -            150   8.9e-12   43.3   1.5   1   2       5.8   3.3e+02   -0.8   0.0    95   123    43    71    33    95 0.80 -
NODE_17983_length_12119_cov_24.484609:6370-7882   -            269 125769at7898         -            150   8.9e-12   43.3   1.5   2   2   4.3e-13   2.5e-11   41.8   0.9    12    73   121   183   113   206 0.84 -
NODE_27863_length_9939_cov_162.469512:302-490     -             63 125769at7898         -            150     1e-11   43.1   2.3   1   1   1.8e-13   1.1e-11   43.0   2.3    16    73     2    59     1    63 0.95 -
NODE_93028_length_4262_cov_13.285852:1440-1631    -             64 125769at7898         -            150     1e-11   43.1   2.6   1   1   1.8e-13   1.1e-11   43.0   2.6    15    73     2    60     1    64 0.94 -
NODE_55412_length_6632_cov_21.481096:2456-2647    -             64 125769at7898         -            150   1.8e-11   42.3   3.0   1   1   3.2e-13   1.8e-11   42.3   3.0    15    73     2    60     1    64 0.95 -
NODE_2769_length_21779_cov_31.282472:10072-11801  -            257 125769at7898         -            150     3e-11   41.6   0.5   1   1   8.6e-13     5e-11   40.9   0.5    15    77   145   207   139   219 0.90 -
NODE_24389_length_10586_cov_38.694956:498-722     -             75 125769at7898         -            150   3.8e-11   41.2   2.9   1   1   7.4e-13   4.3e-11   41.1   2.9    16    82     1    67     1    72 0.93 -
NODE_146597_length_2355_cov_21.008865:1165-1584   -            140 125769at7898         -            150   4.1e-11   41.1   2.4   1   1   7.2e-13   4.1e-11   41.1   2.4    15    75     1    61     1   125 0.83 -
NODE_16964_length_12408_cov_26.503940:6703-7251   -            183 125769at7898         -            150   1.1e-10   39.7   1.9   1   1   2.8e-12   1.6e-10   39.2   1.9    19   106     1    88     1   124 0.77 -
NODE_75470_length_5193_cov_31.332155:2459-2710    -             84 125769at7898         -            150   1.2e-10   39.6   4.1   1   1   2.3e-12   1.3e-10   39.5   4.1    15    80     1    66     1    79 0.93 -
NODE_72313_length_5393_cov_28.209294:4613-5029    -            139 125769at7898         -            150   1.6e-10   39.2   2.3   1   1   3.3e-12   1.9e-10   38.9   2.3    15    79    33    99    24   129 0.80 -
NODE_2554_length_22195_cov_22.643827:20181-20372  -             64 125769at7898         -            150   3.4e-10   38.1   4.8   1   1   6.1e-12   3.6e-10   38.1   4.8    14    72     3    61     1    64 0.93 -
NODE_40235_length_8150_cov_42.320333:7691-7885    -             65 125769at7898         -            150   8.4e-10   36.9   4.1   1   1   1.6e-11   9.5e-10   36.7   4.1    15    74     2    61     1    64 0.95 -
NODE_60048_length_6253_cov_37.647546:573-965      -            131 125769at7898         -            150   1.5e-09   36.1   0.0   1   2   8.4e-11   4.8e-09   34.4   0.0    23   114     1    93     1   101 0.92 -
NODE_60048_length_6253_cov_37.647546:573-965      -            131 125769at7898         -            150   1.5e-09   36.1   0.0   2   2       6.6   3.8e+02   -1.0   0.0     2    15   103   116   102   130 0.64 -
NODE_159680_length_2020_cov_30.351900:449-787     -            113 125769at7898         -            150     2e-09   35.7   0.9   1   1   4.8e-11   2.8e-09   35.2   0.9    15    45    83   113    71   113 0.94 -
NODE_19947_length_11594_cov_31.166333:7801-8094   -             98 125769at7898         -            150   3.8e-09   34.7   2.9   1   1     8e-11   4.6e-09   34.5   2.9    14    75    35    97    25    98 0.90 -
NODE_46458_length_7470_cov_26.907068:2811-3325    -            137 125769at7898         -            150   5.7e-09   34.2   0.5   1   1   1.3e-10   7.3e-09   33.8   0.5    19    73     1    55     1    71 0.92 -
NODE_8603_length_15824_cov_37.500477:12030-12224  -             65 125769at7898         -            150   9.1e-09   33.5   5.2   1   1   1.8e-10     1e-08   33.3   5.2    19    76     1    58     1    64 0.94 -
NODE_73269_length_5330_cov_41.358631:2900-3091    -             64 125769at7898         -            150   1.1e-08   33.2   3.4   1   1   2.1e-10   1.2e-08   33.1   3.4    19    75     1    57     1    63 0.94 -
NODE_57659_length_6439_cov_33.975237:674-895      -             74 125769at7898         -            150   5.5e-08   31.0   5.0   1   1   1.1e-09   6.2e-08   30.8   5.0    19    77     1    59     1    67 0.92 -
NODE_46_length_47181_cov_75.747908:19705-20181    -            159 125769at7898         -            150   6.6e-08   30.7   1.5   1   1   1.3e-09   7.2e-08   30.6   0.7    16    73     1    58     1    64 0.94 -
NODE_64532_length_5914_cov_33.147377:1604-1921    -            106 125769at7898         -            150   2.3e-06   25.7   0.1   1   1   5.1e-08   2.9e-06   25.4   0.1    13    67    51   106    43   106 0.90 -
NODE_66221_length_5797_cov_26.544577:2544-3860    -            203 125769at7898         -            150   1.1e-05   23.5   0.3   1   1   3.5e-07     2e-05   22.7   0.3    60    80     1    21     1    41 0.88 -
NODE_56811_length_6513_cov_34.258341:280-1594     -            220 125769at7898         -            150   2.4e-05   22.4   0.6   1   1   8.8e-07   5.1e-05   21.3   0.3    13    61   172   220   161   220 0.90 -
NODE_42128_length_7937_cov_36.062771:1618-2055    -            146 125769at7898         -            150   2.8e-05   22.2   5.3   1   2   0.00019     0.011   13.8   0.2    16    63    42    89    33    97 0.86 -
NODE_42128_length_7937_cov_36.062771:1618-2055    -            146 125769at7898         -            150   2.8e-05   22.2   5.3   2   2    0.0026      0.15   10.1   1.2    58    72   114   128   110   134 0.87 -
NODE_68754_length_5625_cov_25.891784:4268-4684    -            139 125769at7898         -            150   6.2e-05   21.1   1.8   1   1   1.3e-06   7.7e-05   20.8   1.8    60    78     1    19     1    71 0.84 -
NODE_168085_length_1822_cov_25.420197:618-1115    -            166 125769at7898         -            150   0.00024   19.2   0.2   1   1   5.7e-06   0.00033   18.7   0.2    58    79     2    24     1    45 0.74 -
NODE_71320_length_5459_cov_29.702799:4029-4268    -             80 125769at7898         -            150   0.00026   19.1   0.1   1   1   4.4e-06   0.00026   19.1   0.1    59    76     4    21     1    45 0.85 -
NODE_147897_length_2321_cov_20.388839:584-811     -             76 125769at7898         -            150   0.00036   18.6   0.2   1   1     7e-06   0.00041   18.4   0.2    59    77    10    28     7    55 0.76 -
NODE_52449_length_6892_cov_22.369204:648-1142     -            165 125769at7898         -            150   0.00057   17.9   0.0   1   1   1.5e-05   0.00085   17.4   0.0    59    75     2    18     1    63 0.80 -
NODE_163591_length_1926_cov_24.180624:275-463     -             63 125769at7898         -            150    0.0063   14.6   0.5   1   1   0.00012    0.0069   14.4   0.5    19    72     1    52     1    59 0.84 -
NODE_13564_length_13528_cov_38.657160:91-1134     -            157 125769at7898         -            150     0.014   13.5   0.0   1   1   0.00034      0.02   12.9   0.0    14    61   110   157   103   157 0.84 -
NODE_166670_length_1854_cov_35.698575:246-869     -            208 125769at7898         -            150     0.022   12.8   1.8   1   1   0.00041     0.024   12.7   0.4    60    80     4    24     2    61 0.86 -
NODE_71061_length_5476_cov_37.786126:621-1208     -            196 125769at7898         -            150     0.026   12.6   0.0   1   1     0.001     0.058   11.4   0.0    61    76     1    16     1    67 0.83 -
#
# Program:         hmmsearch
# Version:         3.1b2 (February 2015)
# Pipeline mode:   SEARCH
# Query file:      /home/e1garcia/shotgun_PIRE/abyss/busco_downloads/lineages/actinopterygii_odb10/hmms/125769at7898.hmm
# Target file:     /home/e1garcia/shotgun_PIRE/pire_ssl_data_processing/plotosus_lineatus/busco_scaffolds_results-SPAdes_contam_R1R2_noIsolate/run_actinopterygii_odb10/metaeuk_output/rerun_results/scaffolds.modified.fasta.modified.fas
# Option settings: hmmsearch --domtblout /home/e1garcia/shotgun_PIRE/pire_ssl_data_processing/plotosus_lineatus/busco_scaffolds_results-SPAdes_contam_R1R2_noIsolate/run_actinopterygii_odb10/hmmer_output/rerun_results/125769at7898.out --cpu 1 /home/e1garcia/shotgun_PIRE/abyss/busco_downloads/lineages/actinopterygii_odb10/hmms/125769at7898.hmm /home/e1garcia/shotgun_PIRE/pire_ssl_data_processing/plotosus_lineatus/busco_scaffolds_results-SPAdes_contam_R1R2_noIsolate/run_actinopterygii_odb10/metaeuk_output/rerun_results/scaffolds.modified.fasta.modified.fas 
# Current dir:     /home/e1garcia/shotgun_PIRE/pire_ssl_data_processing/plotosus_lineatus
# Date:            Fri Aug 20 14:37:17 2021
# [ok]
