#                                                                                                         --- full sequence --- -------------- this domain -------------   hmm coord   ali coord   env coord
# target name                                     accession   tlen query name           accession   qlen   E-value  score  bias   #  of  c-Evalue  i-Evalue  score  bias  from    to  from    to  from    to  acc description of target
#                             ------------------- ---------- ----- -------------------- ---------- ----- --------- ------ ----- --- --- --------- --------- ------ ----- ----- ----- ----- ----- ----- ----- ---- ---------------------
NODE_37145_length_8540_cov_62.288710:400-3619     -            819 17925at7898          -            680    4e-244  810.1  27.7   1   1  2.6e-244  2.3e-242  804.2  27.7     2   680    45   819    44   819 0.86 -
NODE_35113_length_8804_cov_28.067203:427-5335     -            825 17925at7898          -            680  6.4e-241  799.5  19.2   1   1  6.5e-241  5.7e-239  793.0  19.2     2   680    53   822    52   822 0.87 -
NODE_46802_length_7434_cov_31.779686:1565-5944    -            769 17925at7898          -            680  8.4e-241  799.1  19.4   1   1  4.8e-240  4.2e-238  790.1  19.4    14   680     3   766     1   766 0.86 -
NODE_30796_length_9446_cov_27.704397:108-3232     -            813 17925at7898          -            680  1.3e-235  781.9  39.4   1   2  1.1e-108  9.7e-107  356.0   8.1    16   401     2   485     1   502 0.79 -
NODE_30796_length_9446_cov_27.704397:108-3232     -            813 17925at7898          -            680  1.3e-235  781.9  39.4   2   2  2.1e-130  1.9e-128  427.8  23.2   401   680   518   813   514   813 0.94 -
NODE_3020_length_21293_cov_60.378928:1359-15291   -            809 17925at7898          -            680  1.5e-228  758.6  24.8   1   1  7.3e-230  6.4e-228  756.5  24.8     2   680    47   808    46   808 0.86 -
NODE_21612_length_11189_cov_37.732462:1517-4157   -            697 17925at7898          -            680  1.3e-225  748.8  30.3   1   1  6.8e-226    6e-224  743.4  30.3    80   680     6   697     1   697 0.87 -
NODE_21116_length_11308_cov_25.476314:109-11090   -            679 17925at7898          -            680    2e-220  731.7  23.4   1   1    7e-221  6.2e-219  726.8  23.4    89   680     1   679     1   679 0.86 -
NODE_83217_length_4757_cov_27.600902:993-3861     -            693 17925at7898          -            680  3.7e-220  730.8  22.7   1   2   4.3e-59   3.8e-57  192.1   0.0    88   268     1   200     1   214 0.88 -
NODE_83217_length_4757_cov_27.600902:993-3861     -            693 17925at7898          -            680  3.7e-220  730.8  22.7   2   2  1.3e-163  1.1e-161  537.6  20.9   265   680   224   693   218   693 0.89 -
NODE_69132_length_5601_cov_25.629771:2340-4901    -            690 17925at7898          -            680  1.4e-216  719.0  28.9   1   1  1.2e-217  1.1e-215  716.1  28.9    83   680     1   689     1   689 0.87 -
NODE_77932_length_5052_cov_28.993135:364-3782     -            806 17925at7898          -            680  6.4e-214  710.2  22.5   1   1  3.9e-213  3.5e-211  701.2  22.5     1   680    47   806    47   806 0.85 -
NODE_1295_length_25975_cov_84.653308:5668-8038    -            614 17925at7898          -            680  2.2e-199  662.2  33.0   1   2   1.1e-43   9.6e-42  141.2   0.4    86   309     2   262     1   269 0.78 -
NODE_1295_length_25975_cov_84.653308:5668-8038    -            614 17925at7898          -            680  2.2e-199  662.2  33.0   2   2  6.8e-160    6e-158  525.3  26.5   355   680   267   608   263   608 0.95 -
NODE_21612_length_11189_cov_37.732462:8461-11181  -            726 17925at7898          -            680  8.5e-191  633.8  22.3   1   1  1.6e-191  1.4e-189  629.8  22.3     1   592    29   726    29   726 0.84 -
NODE_22622_length_10964_cov_41.296549:1695-9947   -            821 17925at7898          -            680  3.5e-185  615.3  33.5   1   2   1.6e-69   1.4e-67  226.6   1.7     5   270    28   339    24   344 0.83 -
NODE_22622_length_10964_cov_41.296549:1695-9947   -            821 17925at7898          -            680  3.5e-185  615.3  33.5   2   2    1e-118  9.2e-117  389.2  24.3   264   672   361   821   355   821 0.86 -
NODE_70886_length_5486_cov_36.572675:171-5380     -            428 17925at7898          -            680  1.7e-167  556.8  23.0   1   1  3.9e-169  3.4e-167  555.8  23.0   304   680    15   425     5   425 0.91 -
NODE_89367_length_4439_cov_32.064516:1878-4438    -            631 17925at7898          -            680  2.6e-155  516.5  18.5   1   1  2.5e-155  2.2e-153  510.2  18.5     2   508    37   631    36   631 0.84 -
NODE_67839_length_5683_cov_26.351182:3480-5682    -            553 17925at7898          -            680  6.5e-151  502.0  12.3   1   1  3.9e-151  3.4e-149  496.3  12.3    89   553     1   553     1   553 0.82 -
NODE_58711_length_6351_cov_35.960013:0-2869       -            644 17925at7898          -            680  5.6e-150  498.9  18.1   1   1  7.9e-150  6.9e-148  492.0  18.1     2   508    28   644    27   644 0.81 -
NODE_30796_length_9446_cov_27.704397:6051-8853    -            391 17925at7898          -            680  8.1e-145  481.9  22.7   1   1  1.4e-146  1.2e-144  481.3  22.7   302   680     1   391     1   391 0.92 -
NODE_95030_length_4171_cov_32.492633:1-2692       -            632 17925at7898          -            680  5.7e-140  465.8  16.3   1   1  7.9e-140  6.9e-138  459.0  16.3     2   491    28   632    27   632 0.81 -
NODE_10241_length_14948_cov_35.157788:12778-14391 -            465 17925at7898          -            680  3.3e-136  453.4   7.2   1   3   2.2e-39   1.9e-37  127.0   0.0     1    90    52   161    52   168 0.88 -
NODE_10241_length_14948_cov_35.157788:12778-14391 -            465 17925at7898          -            680  3.3e-136  453.4   7.2   2   3   4.8e-89   4.2e-87  291.1   0.8    86   263   189   387   178   396 0.90 -
NODE_10241_length_14948_cov_35.157788:12778-14391 -            465 17925at7898          -            680  3.3e-136  453.4   7.2   3   3   4.8e-12   4.2e-10   36.7   0.3   263   293   409   439   403   447 0.90 -
NODE_79784_length_4943_cov_264.508877:1288-3746   -            529 17925at7898          -            680  7.4e-114  379.6   3.1   1   1  5.3e-115  4.7e-113  376.9   3.1     3   401    38   528    36   529 0.82 -
NODE_105659_length_3714_cov_29.149101:1-2520      -            550 17925at7898          -            680    3e-113  377.5   7.0   1   1  2.7e-113  2.4e-111  371.3   7.0    16   447     2   533     1   550 0.80 -
NODE_27839_length_9943_cov_29.207639:304-3496     -            494 17925at7898          -            680  1.8e-111  371.6   5.4   1   3     8e-14     7e-12   42.5   0.0    13    61     1    55     1    60 0.87 -
NODE_27839_length_9943_cov_29.207639:304-3496     -            494 17925at7898          -            680  1.8e-111  371.6   5.4   2   3   1.5e-65   1.3e-63  213.5   0.2    60   263    76   300    64   308 0.89 -
NODE_27839_length_9943_cov_29.207639:304-3496     -            494 17925at7898          -            680  1.8e-111  371.6   5.4   3   3   9.2e-36   8.1e-34  115.1   0.7   263   398   321   494   314   494 0.81 -
NODE_96855_length_4091_cov_29.580411:0-2434       -            589 17925at7898          -            680  8.8e-110  366.1  14.3   1   1  2.6e-109  2.3e-107  358.1  14.3     2   438    53   589    52   589 0.82 -
NODE_64213_length_5939_cov_33.081849:3360-5810    -            536 17925at7898          -            680    8e-109  362.9   3.5   1   2   3.4e-73     3e-71  238.8   0.2     2   264    33   340    32   349 0.84 -
NODE_64213_length_5939_cov_33.081849:3360-5810    -            536 17925at7898          -            680    8e-109  362.9   3.5   2   2   2.1e-38   1.9e-36  123.7   0.4   263   398   363   536   358   536 0.80 -
NODE_92509_length_4288_cov_38.214371:6-2497       -            552 17925at7898          -            680  4.1e-108  360.6   6.5   1   2   5.5e-73   4.8e-71  238.1   0.3     2   263    54   358    53   368 0.84 -
NODE_92509_length_4288_cov_38.214371:6-2497       -            552 17925at7898          -            680  4.1e-108  360.6   6.5   2   2   1.6e-38   1.4e-36  124.2   1.3   267   398   385   552   378   552 0.79 -
NODE_56550_length_6536_cov_30.945005:157-3214     -            544 17925at7898          -            680  1.8e-104  348.5   5.4   1   1  3.2e-105  2.8e-103  344.6   5.4     6   401    51   543    46   544 0.81 -
NODE_5488_length_18127_cov_30.239073:12575-16335  -            624 17925at7898          -            680  7.8e-103  343.1  17.3   1   1  3.8e-104  3.3e-102  341.0  17.3    90   667     2   623     1   624 0.85 -
NODE_120391_length_3161_cov_27.032985:152-2730    -            512 17925at7898          -            680   1.2e-98  329.3   2.9   1   1   4.4e-99   3.8e-97  324.3   2.9     1   396    27   512    27   512 0.80 -
NODE_52564_length_6880_cov_30.248193:1802-4068    -            469 17925at7898          -            680   1.5e-95  319.1   2.2   1   1   1.1e-95   9.6e-94  313.1   2.2    16   397     1   468     1   469 0.82 -
NODE_27839_length_9943_cov_29.207639:5731-8598    -            497 17925at7898          -            680     4e-95  317.6   0.6   1   2   7.8e-77   6.9e-75  250.8   0.1     1   263    40   346    40   362 0.85 -
NODE_27839_length_9943_cov_29.207639:5731-8598    -            497 17925at7898          -            680     4e-95  317.6   0.6   2   2   2.2e-20   1.9e-18   64.2   0.0   262   335   369   462   364   484 0.81 -
NODE_170849_length_1760_cov_31.605659:189-1747    -            426 17925at7898          -            680   1.7e-94  315.6  15.4   1   1   2.8e-94   2.5e-92  308.4  15.4    86   433     2   426     1   426 0.80 -
NODE_63649_length_5980_cov_29.161197:3501-5979    -            450 17925at7898          -            680   3.8e-94  314.4  18.9   1   2     2e-62   1.8e-60  203.2   7.3    13   293     5   320     1   324 0.80 -
NODE_63649_length_5980_cov_29.161197:3501-5979    -            450 17925at7898          -            680   3.8e-94  314.4  18.9   2   2   7.2e-35   6.3e-33  112.1   3.7   350   442   352   448   347   450 0.92 -
NODE_12557_length_13911_cov_46.964162:1880-11795  -            654 17925at7898          -            680   6.6e-92  307.0  10.4   1   1   1.1e-93   9.7e-92  306.5  10.4    76   672     2   654     1   654 0.82 -
NODE_116947_length_3284_cov_26.988383:140-3267    -            484 17925at7898          -            680   1.2e-91  306.2   6.2   1   1   2.5e-93   2.2e-91  305.3   6.2    19   441     1   484     1   484 0.79 -
NODE_24314_length_10600_cov_32.361299:260-2665    -            506 17925at7898          -            680   1.1e-89  299.7   3.1   1   1   3.7e-91   3.2e-89  298.1   3.1     2   401    24   502    23   505 0.80 -
NODE_129189_length_2863_cov_33.139653:30-1797     -            423 17925at7898          -            680   2.6e-86  288.5   0.9   1   2   2.3e-69     2e-67  226.1   0.8    14   263     1   294     1   302 0.84 -
NODE_129189_length_2863_cov_33.139653:30-1797     -            423 17925at7898          -            680   2.6e-86  288.5   0.9   2   2   7.2e-19   6.3e-17   59.2   0.0   263   335   318   410   312   417 0.85 -
NODE_74354_length_5265_cov_33.334301:5-2553       -            450 17925at7898          -            680   2.2e-83  278.8   8.5   1   1   2.6e-84   2.3e-82  275.5   8.5    15   387     2   450     1   450 0.80 -
NODE_10566_length_14799_cov_31.346463:2416-9226   -            631 17925at7898          -            680   1.7e-82  275.9  14.6   1   1   3.5e-84   3.1e-82  275.1  14.6    76   638     2   621     1   628 0.81 -
NODE_161070_length_1986_cov_29.468468:124-1982    -            400 17925at7898          -            680     4e-82  274.7   6.5   1   1   8.2e-84   7.2e-82  273.8   6.5    89   445     1   397     1   400 0.80 -
NODE_26990_length_10101_cov_27.994401:6754-10097  -            394 17925at7898          -            680   3.5e-81  271.6  10.5   1   1   5.2e-83   4.6e-81  271.2  10.5    84   440     2   394     1   394 0.81 -
NODE_100679_length_3921_cov_26.342752:1-2422      -            460 17925at7898          -            680   2.7e-79  265.3   7.8   1   1   2.6e-80   2.2e-78  262.3   7.8    25   423     1   460     1   460 0.78 -
NODE_119164_length_3205_cov_30.405988:355-3203    -            509 17925at7898          -            680   1.7e-78  262.7   6.6   1   1   7.6e-80   6.6e-78  260.7   6.6     4   389    51   509    48   509 0.79 -
NODE_34362_length_8911_cov_32.055152:985-4543     -            485 17925at7898          -            680   5.9e-78  260.9   0.1   1   1   3.7e-77   3.3e-75  251.8   0.1     2   347    38   462    37   476 0.81 -
NODE_84914_length_4667_cov_27.168783:468-4665     -            548 17925at7898          -            680   1.5e-77  259.6   4.7   1   1   6.3e-79   5.5e-77  257.7   4.7    12   398    84   548    77   548 0.81 -
NODE_93526_length_4237_cov_31.835428:1513-4231    -            507 17925at7898          -            680   7.7e-71  237.4   3.8   1   1   3.4e-72   2.9e-70  235.5   3.8     2   387    49   507    48   507 0.78 -
NODE_69874_length_5549_cov_29.290275:497-3903     -            616 17925at7898          -            680   2.9e-70  235.5  32.9   1   2     1e-33   8.8e-32  108.3   2.7    88   338     1   292     1   303 0.76 -
NODE_69874_length_5549_cov_29.290275:497-3903     -            616 17925at7898          -            680   2.9e-70  235.5  32.9   2   2   6.8e-41     6e-39  132.0  22.4   398   677   321   614   313   616 0.89 -
NODE_80286_length_4917_cov_24.297841:1732-4205    -            470 17925at7898          -            680   7.2e-69  230.9   4.6   1   1   3.5e-70   3.1e-68  228.8   4.6     3   348    38   447    36   455 0.79 -
NODE_94287_length_4203_cov_23.171296:420-2796     -            469 17925at7898          -            680   1.9e-68  229.5   4.9   1   1     5e-70   4.3e-68  228.3   4.9     1   347    36   445    36   453 0.80 -
NODE_993_length_27389_cov_37.057970:971-9860      -            679 17925at7898          -            680   7.1e-62  207.8  19.4   1   3   5.3e-33   4.7e-31  105.9   1.4    24   293    13   341     2   345 0.70 -
NODE_993_length_27389_cov_37.057970:971-9860      -            679 17925at7898          -            680   7.1e-62  207.8  19.4   2   3   5.8e-15   5.1e-13   46.3   2.9   350   485   361   511   354   518 0.79 -
NODE_993_length_27389_cov_37.057970:971-9860      -            679 17925at7898          -            680   7.1e-62  207.8  19.4   3   3   6.4e-20   5.6e-18   62.7   1.0   561   671   566   678   524   679 0.83 -
NODE_69700_length_5562_cov_23.067545:808-3342     -            464 17925at7898          -            680   2.5e-58  196.0   3.2   1   1   6.3e-59   5.6e-57  191.6   3.2    20   348    54   448    44   454 0.79 -
NODE_53530_length_6793_cov_30.570511:4014-6710    -            482 17925at7898          -            680   7.9e-58  194.4   3.1   1   1   6.2e-59   5.5e-57  191.6   3.1     2   347    48   458    47   470 0.75 -
NODE_1257_length_26143_cov_28.252611:15504-19179  -            390 17925at7898          -            680   2.4e-52  176.2  11.9   1   1   3.5e-54   3.1e-52  175.9  11.9   317   676     3   387     1   390 0.83 -
NODE_43477_length_7783_cov_32.065721:924-4282     -            431 17925at7898          -            680   2.8e-45  152.9  33.1   1   2     0.003      0.26    7.6   0.0   313   336    14    37     1    53 0.80 -
NODE_43477_length_7783_cov_32.065721:924-4282     -            431 17925at7898          -            680   2.8e-45  152.9  33.1   2   2   6.6e-45   5.8e-43  145.3  31.3   355   674    98   431    53   431 0.84 -
#
# Program:         hmmsearch
# Version:         3.1b2 (February 2015)
# Pipeline mode:   SEARCH
# Query file:      /home/e1garcia/shotgun_PIRE/abyss/busco_downloads/lineages/actinopterygii_odb10/hmms/17925at7898.hmm
# Target file:     /home/e1garcia/shotgun_PIRE/pire_ssl_data_processing/plotosus_lineatus/busco_scaffolds_results-SPAdes_contam_R1R2_noIsolate/run_actinopterygii_odb10/metaeuk_output/rerun_results/scaffolds.modified.fasta.modified.fas
# Option settings: hmmsearch --domtblout /home/e1garcia/shotgun_PIRE/pire_ssl_data_processing/plotosus_lineatus/busco_scaffolds_results-SPAdes_contam_R1R2_noIsolate/run_actinopterygii_odb10/hmmer_output/rerun_results/17925at7898.out --cpu 1 /home/e1garcia/shotgun_PIRE/abyss/busco_downloads/lineages/actinopterygii_odb10/hmms/17925at7898.hmm /home/e1garcia/shotgun_PIRE/pire_ssl_data_processing/plotosus_lineatus/busco_scaffolds_results-SPAdes_contam_R1R2_noIsolate/run_actinopterygii_odb10/metaeuk_output/rerun_results/scaffolds.modified.fasta.modified.fas 
# Current dir:     /home/e1garcia/shotgun_PIRE/pire_ssl_data_processing/plotosus_lineatus
# Date:            Fri Aug 20 14:47:25 2021
# [ok]
