#                                                                                                         --- full sequence --- -------------- this domain -------------   hmm coord   ali coord   env coord
# target name                                     accession   tlen query name           accession   qlen   E-value  score  bias   #  of  c-Evalue  i-Evalue  score  bias  from    to  from    to  from    to  acc description of target
#                             ------------------- ---------- ----- -------------------- ---------- ----- --------- ------ ----- --- --- --------- --------- ------ ----- ----- ----- ----- ----- ----- ----- ---- ---------------------
NODE_53433_length_6801_cov_34.981946:2544-6130    -            366 42894at7898          -            497  2.1e-172  572.4  18.8   1   3   3.3e-53   1.3e-51  174.0   1.3    50   172     7   149     4   156 0.90 -
NODE_53433_length_6801_cov_34.981946:2544-6130    -            366 42894at7898          -            497  2.1e-172  572.4  18.8   2   3     2e-36   7.7e-35  118.7   0.8   204   266   156   218   151   219 0.96 -
NODE_53433_length_6801_cov_34.981946:2544-6130    -            366 42894at7898          -            497  2.1e-172  572.4  18.8   3   3   1.1e-88   4.2e-87  291.0   3.1   353   497   219   366   218   366 0.99 -
NODE_23554_length_10754_cov_36.101455:7639-9267   -            543 42894at7898          -            497   2.1e-68  229.4   3.9   1   3    0.0051       0.2    8.5   0.1     4    50     8    57     5    75 0.81 -
NODE_23554_length_10754_cov_36.101455:7639-9267   -            543 42894at7898          -            497   2.1e-68  229.4   3.9   2   3     4e-54   1.5e-52  177.0   0.3    48   411    80   461    60   463 0.82 -
NODE_23554_length_10754_cov_36.101455:7639-9267   -            543 42894at7898          -            497   2.1e-68  229.4   3.9   3   3   7.2e-17   2.8e-15   54.2   0.1   353   439   451   535   448   541 0.93 -
NODE_6089_length_17594_cov_37.468191:5747-7354    -            536 42894at7898          -            497     1e-58  197.4  24.4   1   2   4.7e-40   1.8e-38  130.6  16.3     9   409    27   470    22   472 0.76 -
NODE_6089_length_17594_cov_37.468191:5747-7354    -            536 42894at7898          -            497     1e-58  197.4  24.4   2   2     1e-24     4e-23   80.0   1.1   275   424   381   530   379   536 0.92 -
NODE_8824_length_15690_cov_40.056571:11693-13261  -            523 42894at7898          -            497   1.3e-58  197.1   8.4   1   2   7.7e-53     3e-51  172.8   6.5     9   409    13   457     5   461 0.81 -
NODE_8824_length_15690_cov_40.056571:11693-13261  -            523 42894at7898          -            497   1.3e-58  197.1   8.4   2   2   1.7e-06   6.5e-05   19.9   0.0   367   429   462   523   457   523 0.87 -
NODE_2481_length_22367_cov_38.804114:18661-20223  -            521 42894at7898          -            497   8.2e-55  184.5  15.0   1   4      0.04       1.5    5.5   0.1    17    50    10    43     1    60 0.81 -
NODE_2481_length_22367_cov_38.804114:18661-20223  -            521 42894at7898          -            497   8.2e-55  184.5  15.0   2   4   2.5e-05   0.00095   16.1   2.6    50   149    68   188    62   242 0.74 -
NODE_2481_length_22367_cov_38.804114:18661-20223  -            521 42894at7898          -            497   8.2e-55  184.5  15.0   3   4   6.3e-18   2.4e-16   57.6   0.2   313   420   246   353   235   353 0.88 -
NODE_2481_length_22367_cov_38.804114:18661-20223  -            521 42894at7898          -            497   8.2e-55  184.5  15.0   4   4     3e-41   1.2e-39  134.6   0.8   226   437   302   514   297   519 0.94 -
NODE_16942_length_12413_cov_123.734043:6066-7589  -            508 42894at7898          -            497   6.7e-53  178.2  15.1   1   2   3.4e-38   1.3e-36  124.5   9.9    16   360    12   392     1   392 0.74 -
NODE_16942_length_12413_cov_123.734043:6066-7589  -            508 42894at7898          -            497   6.7e-53  178.2  15.1   2   2   5.1e-15     2e-13   48.0   0.2   322   424   403   503   402   508 0.91 -
NODE_1026_length_27183_cov_35.086952:17102-18649  -            516 42894at7898          -            497   1.2e-52  177.4   6.2   1   2   2.6e-44     1e-42  144.7   1.9    40   411    51   434     1   437 0.78 -
NODE_1026_length_27183_cov_35.086952:17102-18649  -            516 42894at7898          -            497   1.2e-52  177.4   6.2   2   2   5.1e-09     2e-07   28.2   0.2   367   436   437   505   433   514 0.87 -
NODE_1026_length_27183_cov_35.086952:14662-16248  -            529 42894at7898          -            497   3.1e-52  176.0   4.4   1   2   8.1e-43   3.1e-41  139.7   1.4     9   410     6   452     3   453 0.75 -
NODE_1026_length_27183_cov_35.086952:14662-16248  -            529 42894at7898          -            497   3.1e-52  176.0   4.4   2   2     2e-12   7.8e-11   39.5   0.1   354   436   444   524   443   528 0.92 -
NODE_12502_length_13931_cov_35.955755:10617-12090 -            474 42894at7898          -            497   9.8e-52  174.4   9.9   1   3   8.2e-15   3.2e-13   47.4   4.1     9   198     2   222     1   243 0.74 -
NODE_12502_length_13931_cov_35.955755:10617-12090 -            474 42894at7898          -            497   9.8e-52  174.4   9.9   2   3   2.7e-30     1e-28   98.4   0.1   309   496   235   417   230   417 0.90 -
NODE_12502_length_13931_cov_35.955755:10617-12090 -            474 42894at7898          -            497   9.8e-52  174.4   9.9   3   3   1.6e-12   6.3e-11   39.8   0.0   322   408   389   474   383   474 0.86 -
NODE_167057_length_1845_cov_94.479954:181-1746    -            522 42894at7898          -            497   1.5e-48  163.9  13.6   1   3   3.8e-13   1.5e-11   41.9   5.0    10   163     2   202     1   249 0.72 -
NODE_167057_length_1845_cov_94.479954:181-1746    -            522 42894at7898          -            497   1.5e-48  163.9  13.6   2   3      0.66        25    1.5   0.0   368   412   254   298   241   303 0.83 -
NODE_167057_length_1845_cov_94.479954:181-1746    -            522 42894at7898          -            497   1.5e-48  163.9  13.6   3   3   1.3e-37   5.1e-36  122.5   1.4   229   444   303   520   293   522 0.92 -
NODE_4848_length_18727_cov_32.482661:3219-5029    -            565 42894at7898          -            497   8.7e-46  154.8   8.1   1   3   6.2e-13   2.4e-11   41.2   2.0    54   269    94   328    16   332 0.73 -
NODE_4848_length_18727_cov_32.482661:3219-5029    -            565 42894at7898          -            497   8.7e-46  154.8   8.1   2   3   8.5e-13   3.3e-11   40.7   0.0   326   436   291   403   275   405 0.88 -
NODE_4848_length_18727_cov_32.482661:3219-5029    -            565 42894at7898          -            497   8.7e-46  154.8   8.1   3   3     5e-28   1.9e-26   90.9   0.5   224   435   334   550   329   563 0.90 -
NODE_21842_length_11132_cov_37.161697:7297-9815   -            526 42894at7898          -            497   5.9e-44  148.7   8.2   1   3   1.1e-19   4.3e-18   63.4   0.3     4   169     4   214     1   269 0.74 -
NODE_21842_length_11132_cov_37.161697:7297-9815   -            526 42894at7898          -            497   5.9e-44  148.7   8.2   2   3   5.2e-17     2e-15   54.6   0.0   332   459   278   418   255   421 0.83 -
NODE_21842_length_11132_cov_37.161697:7297-9815   -            526 42894at7898          -            497   5.9e-44  148.7   8.2   3   3   8.6e-11   3.3e-09   34.1   0.9   225   333   419   526   411   526 0.90 -
NODE_127108_length_2933_cov_33.962950:472-2085    -            538 42894at7898          -            497   1.1e-42  144.5  11.0   1   3   7.5e-18   2.9e-16   57.4   2.1     3   168     8   225     6   279 0.74 -
NODE_127108_length_2933_cov_33.962950:472-2085    -            538 42894at7898          -            497   1.1e-42  144.5  11.0   2   3   4.1e-17   1.6e-15   55.0   0.0   326   480   284   446   254   449 0.84 -
NODE_127108_length_2933_cov_33.962950:472-2085    -            538 42894at7898          -            497   1.1e-42  144.5  11.0   3   3   1.4e-11   5.4e-10   36.7   0.6   225   333   431   538   422   538 0.92 -
NODE_71404_length_5454_cov_35.819234:2331-4253    -            448 42894at7898          -            497   3.5e-41  139.6   9.5   1   1   1.3e-40   4.9e-39  132.5   9.5     4   361    29   442    26   447 0.79 -
NODE_8554_length_15852_cov_43.684758:8909-11830   -            558 42894at7898          -            497   5.2e-40  135.7   6.5   1   1   4.5e-41   1.7e-39  134.0   6.6     9   479    19   537    11   540 0.76 -
NODE_29934_length_9585_cov_32.777672:1415-6641    -            450 42894at7898          -            497   2.5e-39  133.5   1.8   1   3   5.4e-05    0.0021   15.0   0.0    66   166    10   110     4   117 0.82 -
NODE_29934_length_9585_cov_32.777672:1415-6641    -            450 42894at7898          -            497   2.5e-39  133.5   1.8   2   3   1.3e-09     5e-08   30.2   0.0   307   364   168   227   154   235 0.85 -
NODE_29934_length_9585_cov_32.777672:1415-6641    -            450 42894at7898          -            497   2.5e-39  133.5   1.8   3   3   1.1e-26   4.3e-25   86.5   0.4   271   482   233   449   228   450 0.87 -
NODE_5835_length_17809_cov_36.266177:3400-14045   -            348 42894at7898          -            497   1.4e-37  127.7   1.2   1   1   1.3e-36     5e-35  119.3   1.2     7   301    15   341     9   345 0.79 -
NODE_8960_length_15614_cov_37.012891:2306-3919    -            538 42894at7898          -            497   1.8e-37  127.4  14.6   1   3   1.3e-15   5.2e-14   50.0   3.6     2   168     7   225     6   279 0.77 -
NODE_8960_length_15614_cov_37.012891:2306-3919    -            538 42894at7898          -            497   1.8e-37  127.4  14.6   2   3     2e-17   7.5e-16   56.0   0.1   334   472   294   438   265   446 0.81 -
NODE_8960_length_15614_cov_37.012891:2306-3919    -            538 42894at7898          -            497   1.8e-37  127.4  14.6   3   3   3.3e-07   1.3e-05   22.3   1.2   229   333   435   538   431   538 0.91 -
NODE_21896_length_11121_cov_43.886863:6724-7761   -            322 42894at7898          -            497   1.2e-35  121.3   8.3   1   2   2.3e-05   0.00087   16.2   0.8    92   162     5    80     1    93 0.78 -
NODE_21896_length_11121_cov_43.886863:6724-7761   -            322 42894at7898          -            497   1.2e-35  121.3   8.3   2   2   1.4e-33   5.3e-32  109.3   1.4   221   435   108   321    94   322 0.93 -
NODE_10576_length_14794_cov_33.848248:5543-13156  -            413 42894at7898          -            497   1.5e-35  121.0   0.1   1   1   3.3e-36   1.3e-34  117.9   0.1    94   433    33   395     4   404 0.81 -
NODE_19371_length_11743_cov_48.357351:2270-5384   -            306 42894at7898          -            497   7.2e-35  118.7   0.8   1   2   5.1e-07     2e-05   21.6   0.0   102   214    12   127     3   132 0.72 -
NODE_19371_length_11743_cov_48.357351:2270-5384   -            306 42894at7898          -            497   7.2e-35  118.7   0.8   2   2   5.7e-30   2.2e-28   97.4   0.2   261   438   119   297   118   306 0.87 -
NODE_7570_length_16422_cov_37.973044:2364-4113    -            415 42894at7898          -            497     1e-32  111.7   0.3   1   1   7.4e-33   2.8e-31  106.9   0.3    15   325    65   415    44   415 0.75 -
NODE_766_length_28741_cov_45.159172:3819-24415    -            338 42894at7898          -            497   1.3e-32  111.3   9.4   1   2   1.1e-22   4.3e-21   73.3   4.9     4   178    27   247    21   271 0.72 -
NODE_766_length_28741_cov_45.159172:3819-24415    -            338 42894at7898          -            497   1.3e-32  111.3   9.4   2   2   9.3e-11   3.6e-09   34.0   0.1   250   313   275   338   265   338 0.95 -
NODE_28601_length_9810_cov_41.379364:2948-7079    -            465 42894at7898          -            497     6e-31  105.8   0.6   1   2   1.2e-21   4.5e-20   69.9   0.3     6   311    21   377    16   379 0.76 -
NODE_28601_length_9810_cov_41.379364:2948-7079    -            465 42894at7898          -            497     6e-31  105.8   0.6   2   2   2.7e-13     1e-11   42.4   0.0   231   357   344   464   344   465 0.91 -
NODE_32691_length_9154_cov_36.655439:1714-3819    -            489 42894at7898          -            497   2.6e-30  103.7   4.8   1   2   6.8e-11   2.6e-09   34.4   1.0     7   174    11   225     2   262 0.68 -
NODE_32691_length_9154_cov_36.655439:1714-3819    -            489 42894at7898          -            497   2.6e-30  103.7   4.8   2   2   2.8e-20   1.1e-18   65.4   0.1   261   480   267   489   262   489 0.84 -
NODE_9471_length_15352_cov_39.080705:8812-11716   -            568 42894at7898          -            497   1.4e-29  101.3   8.2   1   3   1.6e-06   6.3e-05   20.0   2.2    36   163    68   224    14   233 0.69 -
NODE_9471_length_15352_cov_39.080705:8812-11716   -            568 42894at7898          -            497   1.4e-29  101.3   8.2   2   3   1.3e-13   4.9e-12   43.4   0.0   275   376   315   415   287   422 0.83 -
NODE_9471_length_15352_cov_39.080705:8812-11716   -            568 42894at7898          -            497   1.4e-29  101.3   8.2   3   3   9.1e-12   3.5e-10   37.3   0.1   276   383   425   539   412   564 0.83 -
NODE_10075_length_15031_cov_39.900281:11856-13185 -            327 42894at7898          -            497   8.2e-28   95.5   0.0   1   1   3.2e-29   1.2e-27   94.9   0.0   133   431     2   308     1   325 0.85 -
NODE_26427_length_10205_cov_40.129428:1384-4069   -            533 42894at7898          -            497     8e-27   92.2  11.3   1   3     5e-07   1.9e-05   21.7   3.6    42   158    40   183     1   197 0.71 -
NODE_26427_length_10205_cov_40.129428:1384-4069   -            533 42894at7898          -            497     8e-27   92.2  11.3   2   3   8.2e-16   3.1e-14   50.7   0.0   293   454   279   440   267   448 0.91 -
NODE_26427_length_10205_cov_40.129428:1384-4069   -            533 42894at7898          -            497     8e-27   92.2  11.3   3   3   1.2e-08   4.8e-07   27.0   0.6   244   350   417   529   413   531 0.84 -
NODE_30488_length_9499_cov_29.991277:4620-7387    -            122 42894at7898          -            497   1.3e-26   91.6   0.3   1   1   3.5e-28   1.4e-26   91.5   0.3   276   392     4   120     1   122 0.95 -
NODE_1767_length_24271_cov_115.856859:10688-22541 -            365 42894at7898          -            497   3.4e-26   90.2   7.1   1   1   1.9e-26   7.2e-25   85.8   7.1    47   360    38   363    14   365 0.73 -
NODE_15531_length_12834_cov_40.989007:6756-8599   -            553 42894at7898          -            497   1.1e-24   85.2   0.2   1   3   5.4e-09   2.1e-07   28.2   0.0    21   160    12   194     7   204 0.70 -
NODE_15531_length_12834_cov_40.989007:6756-8599   -            553 42894at7898          -            497   1.1e-24   85.2   0.2   2   3   6.7e-14   2.6e-12   44.3   0.0   321   496   245   420   241   421 0.86 -
NODE_15531_length_12834_cov_40.989007:6756-8599   -            553 42894at7898          -            497   1.1e-24   85.2   0.2   3   3     0.068       2.6    4.7   0.0   251   287   499   535   490   548 0.88 -
NODE_147586_length_2328_cov_46.762225:1271-2320   -            350 42894at7898          -            497   9.8e-24   82.0  10.7   1   3   8.1e-05    0.0031   14.4   0.0    18    49    11    42     1    57 0.82 -
NODE_147586_length_2328_cov_46.762225:1271-2320   -            350 42894at7898          -            497   9.8e-24   82.0  10.7   2   3   2.3e-10     9e-09   32.7   2.7    49   172    67   211    45   253 0.75 -
NODE_147586_length_2328_cov_46.762225:1271-2320   -            350 42894at7898          -            497   9.8e-24   82.0  10.7   3   3   2.1e-12   8.2e-11   39.4   0.3   321   410   255   344   244   349 0.91 -
NODE_258028_length_540_cov_103.539683:14-457      -            148 42894at7898          -            497   9.9e-24   82.0   0.1   1   1   1.8e-24   6.9e-23   79.2   0.1   250   395     2   145     1   148 0.87 -
NODE_44990_length_7623_cov_46.723684:6566-7615    -            350 42894at7898          -            497   2.7e-23   80.6  12.4   1   2   2.7e-11     1e-09   35.8   6.1    17   167    10   205     1   214 0.68 -
NODE_44990_length_7623_cov_46.723684:6566-7615    -            350 42894at7898          -            497   2.7e-23   80.6  12.4   2   2     3e-13   1.1e-11   42.2   0.4   322   410   256   344   245   349 0.74 -
NODE_13217_length_13659_cov_31.669690:6859-8797   -            419 42894at7898          -            497   5.4e-23   79.6   1.7   1   2   1.9e-15   7.1e-14   49.5   0.1    18   159    30   217     9   249 0.72 -
NODE_13217_length_13659_cov_31.669690:6859-8797   -            419 42894at7898          -            497   5.4e-23   79.6   1.7   2   2   1.7e-08   6.6e-07   26.5   0.2   278   360   333   419   314   419 0.91 -
NODE_36537_length_8617_cov_34.175980:5702-7507    -            478 42894at7898          -            497   7.6e-22   75.8   9.2   1   2   7.7e-09     3e-07   27.7   4.8    19   173    22   220     1   234 0.68 -
NODE_36537_length_8617_cov_34.175980:5702-7507    -            478 42894at7898          -            497   7.6e-22   75.8   9.2   2   2   7.4e-15   2.8e-13   47.5   0.1   260   479   262   478   256   478 0.84 -
NODE_11444_length_14374_cov_38.109772:3628-4806   -            393 42894at7898          -            497   1.1e-20   71.9   0.3   1   4    0.0057      0.22    8.3   0.2    18   112    10   130     1   145 0.65 -
NODE_11444_length_14374_cov_38.109772:3628-4806   -            393 42894at7898          -            497   1.1e-20   71.9   0.3   2   4       6.8   2.6e+02   -1.8   0.0   436   465   151   180   139   197 0.81 -
NODE_11444_length_14374_cov_38.109772:3628-4806   -            393 42894at7898          -            497   1.1e-20   71.9   0.3   3   4   1.1e-13   4.3e-12   43.6   0.1   325   454   195   329   185   346 0.80 -
NODE_11444_length_14374_cov_38.109772:3628-4806   -            393 42894at7898          -            497   1.1e-20   71.9   0.3   4   4   7.9e-11   3.1e-09   34.2   0.0   239   368   256   379   256   391 0.83 -
NODE_90667_length_4374_cov_42.028772:3204-3554    -            117 42894at7898          -            497   5.5e-20   69.7   0.7   1   1   1.6e-21   6.2e-20   69.5   0.7   285   397     4   115     2   117 0.95 -
NODE_50214_length_7096_cov_33.991425:1353-6571    -            438 42894at7898          -            497   2.2e-18   64.4   4.7   1   2   2.5e-11   9.5e-10   35.9   1.9     8   174    35   251    28   284 0.65 -
NODE_50214_length_7096_cov_33.991425:1353-6571    -            438 42894at7898          -            497   2.2e-18   64.4   4.7   2   2   1.1e-06   4.2e-05   20.6   0.1   320   378   378   435   309   438 0.66 -
NODE_159819_length_2016_cov_50.733959:1101-1985   -            295 42894at7898          -            497   3.2e-18   63.9   7.2   1   2   1.2e-14   4.7e-13   46.8   4.1    16   181    12   221     1   226 0.72 -
NODE_159819_length_2016_cov_50.733959:1101-1985   -            295 42894at7898          -            497   3.2e-18   63.9   7.2   2   2   5.7e-05    0.0022   14.9   0.1   318   360   252   295   239   295 0.84 -
NODE_735_length_28909_cov_44.122805:19980-20875   -            108 42894at7898          -            497   3.8e-18   63.6   0.1   1   1   1.2e-19   4.4e-18   63.4   0.1   302   397     1    98     1   102 0.89 -
NODE_124723_length_3013_cov_23.970144:395-1750    -            452 42894at7898          -            497   5.8e-18   63.0   3.5   1   3   0.00039     0.015   12.1   0.0    63   172     1   130     1   171 0.68 -
NODE_124723_length_3013_cov_23.970144:395-1750    -            452 42894at7898          -            497   5.8e-18   63.0   3.5   2   3   3.3e-11   1.3e-09   35.5   0.1   317   431   236   354   164   361 0.85 -
NODE_124723_length_3013_cov_23.970144:395-1750    -            452 42894at7898          -            497   5.8e-18   63.0   3.5   3   3   3.7e-05    0.0014   15.5   0.2   277   335   388   447   339   452 0.60 -
NODE_31211_length_9382_cov_40.038781:6794-7813    -            340 42894at7898          -            497     3e-17   60.6   2.4   1   2   1.8e-17   6.9e-16   56.1   2.5    10   188    18   243    11   263 0.71 -
NODE_31211_length_9382_cov_40.038781:6794-7813    -            340 42894at7898          -            497     3e-17   60.6   2.4   2   2       8.8   3.4e+02   -2.2   0.0   325   360   303   339   296   340 0.77 -
NODE_74795_length_5236_cov_35.121277:1850-3484    -            545 42894at7898          -            497     3e-17   60.6   5.4   1   3    0.0031      0.12    9.2   0.2    10    83    24   128    15   230 0.66 -
NODE_74795_length_5236_cov_35.121277:1850-3484    -            545 42894at7898          -            497     3e-17   60.6   5.4   2   3      0.11       4.2    4.1   0.0   369   411   290   333   271   352 0.64 -
NODE_74795_length_5236_cov_35.121277:1850-3484    -            545 42894at7898          -            497     3e-17   60.6   5.4   3   3   1.8e-13   6.8e-12   43.0   0.5   320   496   348   522   340   523 0.84 -
NODE_85954_length_4611_cov_190.749557:1224-2375   -            384 42894at7898          -            497   6.1e-17   59.6  18.1   1   3   4.4e-08   1.7e-06   25.2   9.1    32   152    76   215    21   226 0.80 -
NODE_85954_length_4611_cov_190.749557:1224-2375   -            384 42894at7898          -            497   6.1e-17   59.6  18.1   2   3   2.9e-07   1.1e-05   22.5   0.3   339   435   247   343   223   346 0.79 -
NODE_85954_length_4611_cov_190.749557:1224-2375   -            384 42894at7898          -            497   6.1e-17   59.6  18.1   3   3   4.2e-05    0.0016   15.3   0.1   339   381   343   384   341   384 0.91 -
NODE_15081_length_12978_cov_28.590263:2421-2801   -            127 42894at7898          -            497   1.7e-16   58.1   0.7   1   2   3.6e-11   1.4e-09   35.3   0.0   253   304     1    52     1    73 0.90 -
NODE_15081_length_12978_cov_28.590263:2421-2801   -            127 42894at7898          -            497   1.7e-16   58.1   0.7   2   2   3.8e-07   1.4e-05   22.1   0.1   299   344    77   122    60   127 0.76 -
NODE_138062_length_2590_cov_35.278603:1137-1913   -            259 42894at7898          -            497     4e-16   56.9   2.5   1   1   1.4e-16   5.5e-15   53.2   2.5     8   177    16   233     6   259 0.75 -
NODE_15435_length_12865_cov_35.498433:3557-4321   -            190 42894at7898          -            497     1e-15   55.6   0.4   1   1   4.2e-16   1.6e-14   51.6   0.4     4   108    43   183    40   189 0.76 -
NODE_15665_length_12792_cov_36.781297:8062-11157  -            389 42894at7898          -            497   2.8e-15   54.1   1.7   1   2   8.5e-13   3.3e-11   40.7   0.3     2   173     7   236     6   297 0.69 -
NODE_15665_length_12792_cov_36.781297:8062-11157  -            389 42894at7898          -            497   2.8e-15   54.1   1.7   2   2    0.0024     0.091    9.6   0.0   323   359   353   389   342   389 0.89 -
NODE_12715_length_13846_cov_40.610242:2996-3396   -            103 42894at7898          -            497   4.5e-15   53.5   0.3   1   1   1.3e-16     5e-15   53.3   0.3   252   347     1    96     1   102 0.88 -
NODE_44109_length_7714_cov_30.198555:4271-4627    -            119 42894at7898          -            497   9.7e-15   52.4   0.1   1   1   2.7e-16     1e-14   52.3   0.1   234   339     5   110     1   119 0.53 -
NODE_1604_length_24830_cov_38.114472:11560-12624  -            355 42894at7898          -            497   1.3e-14   51.9   0.5   1   1   1.1e-15   4.4e-14   50.2   0.5    69   383     5   351     1   355 0.73 -
NODE_28848_length_9766_cov_45.644978:6963-8910    -            159 42894at7898          -            497   4.5e-14   50.1   2.9   1   1     2e-14   7.5e-13   46.1   2.9    10   128     1   158     1   159 0.73 -
NODE_99210_length_3984_cov_34.108366:587-1288     -            234 42894at7898          -            497   7.7e-14   49.4   3.1   1   1   7.1e-14   2.8e-12   44.3   3.1    17   170    31   229    15   234 0.69 -
NODE_76791_length_5118_cov_31.843196:3930-4988    -            353 42894at7898          -            497   1.2e-13   48.7   1.2   1   3     0.029       1.1    6.0   0.0     5    37    19    54    15    58 0.75 -
NODE_76791_length_5118_cov_31.843196:3930-4988    -            353 42894at7898          -            497   1.2e-13   48.7   1.2   2   3   4.3e-11   1.6e-09   35.1   0.5    48   170    93   235    65   252 0.77 -
NODE_76791_length_5118_cov_31.843196:3930-4988    -            353 42894at7898          -            497   1.2e-13   48.7   1.2   3   3     0.074       2.8    4.6   0.0   370   409   297   337   290   345 0.60 -
NODE_12985_length_13739_cov_34.774340:4299-11910  -            173 42894at7898          -            497   2.1e-13   48.0   0.3   1   1   6.2e-15   2.4e-13   47.8   0.3    57   169     2   132     1   167 0.79 -
NODE_65569_length_5842_cov_40.530211:1943-2989    -            349 42894at7898          -            497   5.9e-13   46.5   0.1   1   1   2.5e-13   9.7e-12   42.5   0.1     9   289    13   349     2   349 0.72 -
NODE_1706_length_24450_cov_28.046610:15075-15386  -            104 42894at7898          -            497   6.1e-13   46.4   0.0   1   1   1.8e-14     7e-13   46.2   0.0   343   438     1    96     1   103 0.95 -
NODE_12715_length_13846_cov_40.610242:3488-3712   -             75 42894at7898          -            497   2.2e-12   44.6   0.0   1   1   6.2e-14   2.4e-12   44.5   0.0   352   425     2    73     1    75 0.89 -
NODE_911_length_27900_cov_40.361750:26613-26819   -             69 42894at7898          -            497   2.5e-12   44.4   1.3   1   1   6.9e-14   2.7e-12   44.3   1.3   249   317     1    69     1    69 0.90 -
NODE_28601_length_9810_cov_41.379364:6666-7007    -            114 42894at7898          -            497   5.4e-12   43.3   0.2   1   1   1.8e-13   6.8e-12   43.0   0.2   222   336     8   114     2   114 0.92 -
NODE_75916_length_5167_cov_47.989740:204-3102     -            161 42894at7898          -            497     2e-11   41.4   1.6   1   1   1.1e-11   4.4e-10   37.0   1.6     7   104    20   158    12   161 0.66 -
NODE_49635_length_7158_cov_45.951835:4008-5110    -            322 42894at7898          -            497   3.1e-11   40.8   0.4   1   1   1.7e-11   6.7e-10   36.4   0.4     9   164    31   234    23   287 0.69 -
NODE_290664_length_432_cov_75.162162:3-251        -             83 42894at7898          -            497   3.2e-11   40.8   0.1   1   1   8.3e-13   3.2e-11   40.7   0.1   340   414     2    74     1    83 0.89 -
NODE_14011_length_13373_cov_29.288986:11143-12003 -            287 42894at7898          -            497   4.1e-11   40.4   0.9   1   2   0.00031     0.012   12.5   0.1   326   408   114   197   107   201 0.84 -
NODE_14011_length_13373_cov_29.288986:11143-12003 -            287 42894at7898          -            497   4.1e-11   40.4   0.9   2   2   9.4e-11   3.6e-09   34.0   0.1   232   334   163   259   150   269 0.86 -
NODE_68891_length_5616_cov_35.050027:4738-4905    -             56 42894at7898          -            497   4.6e-11   40.2   0.1   1   1   1.2e-12   4.7e-11   40.2   0.1   294   344     3    53     1    56 0.92 -
NODE_136793_length_2629_cov_33.007905:1580-1744   -             55 42894at7898          -            497   6.5e-11   39.7   0.0   1   1   1.8e-12   6.8e-11   39.7   0.0   253   306     1    54     1    55 0.96 -
NODE_60849_length_6186_cov_37.425168:5413-5568    -             52 42894at7898          -            497   7.9e-11   39.4   0.0   1   1   2.1e-12     8e-11   39.4   0.0   248   296     4    52     1    52 0.94 -
NODE_109017_length_3577_cov_31.554629:1851-2357   -            169 42894at7898          -            497     9e-11   39.3   0.6   1   1   1.5e-10   5.8e-09   33.3   0.6    21   136    10   167     1   169 0.66 -
NODE_129994_length_2838_cov_34.998540:1699-2283   -            195 42894at7898          -            497     1e-10   39.1   4.6   1   1   4.2e-11   1.6e-09   35.1   4.6     9   136    17   189    10   193 0.71 -
NODE_41076_length_8055_cov_30.884867:2594-7140    -            159 42894at7898          -            497   1.2e-10   38.9   1.8   1   1   1.6e-11   6.3e-10   36.5   1.8    43   136    39   156     1   158 0.69 -
NODE_39751_length_8209_cov_51.176326:1144-2046    -            301 42894at7898          -            497   1.2e-09   35.5   3.5   1   1     1e-09     4e-08   30.5   3.5    29   162    34   186     1   301 0.65 -
NODE_38531_length_8360_cov_38.035710:4105-8055    -            238 42894at7898          -            497   1.3e-09   35.5   0.5   1   1   6.1e-11   2.3e-09   34.6   0.5    42   136   110   228    98   237 0.76 -
NODE_87981_length_4507_cov_42.383167:2722-3681    -            320 42894at7898          -            497   1.3e-09   35.4   3.2   1   2       1.3        52    0.5   0.6    19   129     1   117     1   137 0.65 -
NODE_87981_length_4507_cov_42.383167:2722-3681    -            320 42894at7898          -            497   1.3e-09   35.4   3.2   2   2   3.9e-11   1.5e-09   35.2   0.1   245   359   179   295   152   318 0.84 -
NODE_686_length_29236_cov_75.179360:4511-14805    -            480 42894at7898          -            497   1.3e-09   35.4   3.6   1   2   2.9e-08   1.1e-06   25.8   0.1    44   159    30   172    19   203 0.68 -
NODE_686_length_29236_cov_75.179360:4511-14805    -            480 42894at7898          -            497   1.3e-09   35.4   3.6   2   2    0.0043      0.17    8.7   0.5   280   358   327   415   291   477 0.54 -
NODE_133973_length_2713_cov_31.221117:246-410     -             55 42894at7898          -            497   1.5e-09   35.3   0.0   1   1     4e-11   1.6e-09   35.2   0.0   358   409     4    54     1    55 0.68 -
NODE_44302_length_7695_cov_28.563191:5210-5413    -             68 42894at7898          -            497     2e-09   34.8   0.0   1   1   5.3e-11     2e-09   34.8   0.0   267   331     3    67     1    68 0.70 -
NODE_184696_length_1474_cov_15.318545:574-753     -             60 42894at7898          -            497   2.1e-09   34.8   0.0   1   1   5.9e-11   2.3e-09   34.6   0.0   323   377     4    57     2    60 0.89 -
NODE_13988_length_13381_cov_34.466948:10910-11077 -             56 42894at7898          -            497     6e-09   33.3   0.1   1   1   1.6e-10   6.1e-09   33.2   0.1   371   424     4    56     1    56 0.87 -
NODE_87640_length_4524_cov_39.992768:4005-4208    -             68 42894at7898          -            497   1.4e-08   32.0   0.0   1   1   3.9e-10   1.5e-08   31.9   0.0   311   376     2    66     1    68 0.95 -
NODE_37430_length_8506_cov_40.938979:2075-3172    -            366 42894at7898          -            497   1.4e-08   32.0   0.7   1   2    0.0028      0.11    9.3   0.1    19   155     1   144     1   163 0.74 -
NODE_37430_length_8506_cov_40.938979:2075-3172    -            366 42894at7898          -            497   1.4e-08   32.0   0.7   2   2   6.1e-07   2.3e-05   21.4   0.1   299   383   188   273   171   320 0.84 -
NODE_17984_length_12118_cov_45.139363:1076-1291   -             72 42894at7898          -            497   1.5e-08   31.9   0.0   1   1     4e-10   1.6e-08   31.9   0.0   254   314     6    72     1    72 0.86 -
NODE_29903_length_9590_cov_33.099252:4604-4747    -             48 42894at7898          -            497   2.3e-08   31.3   0.0   1   1   5.9e-10   2.3e-08   31.3   0.0   246   291     2    47     1    48 0.91 -
NODE_95134_length_4166_cov_32.257438:2797-2964    -             56 42894at7898          -            497   5.7e-08   30.0   0.0   1   1   1.5e-09   5.7e-08   30.0   0.0   349   399     7    56     1    56 0.89 -
NODE_11376_length_14404_cov_30.914366:8771-8926   -             52 42894at7898          -            497   1.6e-07   28.6   0.1   1   1   4.1e-09   1.6e-07   28.6   0.1   220   266     6    52     1    52 0.92 -
NODE_13988_length_13381_cov_34.466948:5289-5959   -            121 42894at7898          -            497   1.9e-07   28.3   1.6   1   1   4.9e-08   1.9e-06   25.0   1.6    18   129     5   119     2   121 0.58 -
NODE_7838_length_16264_cov_48.342468:12248-12613  -            122 42894at7898          -            497   4.8e-07   27.0   0.7   1   2   0.00058     0.022   11.6   0.0    10    42    16    51    11    60 0.84 -
NODE_7838_length_16264_cov_48.342468:12248-12613  -            122 42894at7898          -            497   4.8e-07   27.0   0.7   2   2   8.2e-05    0.0032   14.4   0.1    37    83    64   120    56   122 0.77 -
NODE_15787_length_12752_cov_39.872125:12162-12308 -             49 42894at7898          -            497   6.5e-07   26.5   0.1   1   1   1.7e-08   6.7e-07   26.5   0.1   464   496    15    47     7    48 0.91 -
NODE_87355_length_4539_cov_31.598198:3420-3605    -             62 42894at7898          -            497   1.9e-06   25.0   0.3   1   1   1.2e-07   4.6e-06   23.7   0.3   388   435     2    50     1    61 0.58 -
NODE_26427_length_10205_cov_40.129428:2406-2561   -             52 42894at7898          -            497   2.1e-06   24.8   0.0   1   1   5.9e-08   2.3e-06   24.7   0.0   374   424     2    52     1    52 0.92 -
NODE_706_length_29116_cov_31.424406:27232-28296   -            355 42894at7898          -            497   2.1e-06   24.8   0.1   1   2   0.00011    0.0043   13.9   0.0     9    39    18    51     6    58 0.86 -
NODE_706_length_29116_cov_31.424406:27232-28296   -            355 42894at7898          -            497   2.1e-06   24.8   0.1   2   2    0.0034      0.13    9.1   0.0    38    79    69   117    59   140 0.82 -
NODE_63820_length_5967_cov_33.817655:3200-4492    -            431 42894at7898          -            497   5.4e-06   23.5   0.2   1   1   2.4e-07   9.3e-06   22.7   0.2     2    76    11   113    10   122 0.70 -
NODE_75450_length_5194_cov_36.179392:2027-2185    -             53 42894at7898          -            497   6.8e-06   23.2   0.1   1   1   1.8e-07   6.9e-06   23.1   0.1   403   452     1    52     1    53 0.77 -
NODE_4168_length_19611_cov_36.264709:1150-12505   -            346 42894at7898          -            497   1.2e-05   22.3   1.2   1   2   0.00039     0.015   12.2   0.0     7    40    42    78    36    86 0.82 -
NODE_4168_length_19611_cov_36.264709:1150-12505   -            346 42894at7898          -            497   1.2e-05   22.3   1.2   2   2    0.0031      0.12    9.1   0.2    42   168   126   270   107   320 0.73 -
NODE_54379_length_6720_cov_38.808639:3486-3689    -             68 42894at7898          -            497   1.3e-05   22.2   0.0   1   1   3.8e-07   1.4e-05   22.1   0.0   316   376     9    68     4    68 0.91 -
NODE_74641_length_5246_cov_35.285603:3741-5077    -            412 42894at7898          -            497   1.5e-05   22.0   0.9   1   1   2.2e-05   0.00084   16.3   0.9     7    77    24   125    16   132 0.69 -
NODE_11003_length_14589_cov_39.558178:10835-11464 -            210 42894at7898          -            497   1.6e-05   22.0   0.8   1   1   2.3e-05   0.00089   16.2   0.8    12   139    10   182     1   206 0.62 -
NODE_11761_length_14240_cov_31.967824:10714-11076 -            121 42894at7898          -            497   3.1e-05   21.0   0.6   1   1   7.1e-05    0.0027   14.6   0.6    10    77    18   115     6   120 0.66 -
NODE_89986_length_4409_cov_22.892343:637-981      -            115 42894at7898          -            497   3.1e-05   21.0   2.0   1   1   1.7e-05   0.00066   16.6   2.0    10    39    13    45     3   114 0.58 -
NODE_50393_length_7080_cov_34.025355:6800-6946    -             49 42894at7898          -            497   4.2e-05   20.6   0.0   1   1   1.1e-06   4.3e-05   20.5   0.0   374   412     1    39     1    48 0.91 -
NODE_68156_length_5662_cov_35.971598:2083-3171    -            363 42894at7898          -            497   4.7e-05   20.4   2.4   1   1   5.7e-05    0.0022   14.9   2.4     9    77    22   120    11   128 0.74 -
NODE_5238_length_18357_cov_31.834593:915-2297     -            461 42894at7898          -            497   6.8e-05   19.9   0.3   1   1   3.4e-06   0.00013   19.0   0.3     4    76    14   106    11   143 0.63 -
NODE_29508_length_9652_cov_50.142154:7922-8290    -            123 42894at7898          -            497    0.0001   19.3   0.2   1   1   7.3e-06   0.00028   17.8   0.2     3    67    11    77     7   118 0.63 -
NODE_6359_length_17371_cov_30.431797:789-1145     -            119 42894at7898          -            497   0.00031   17.7   0.1   1   2    0.0027       0.1    9.4   0.1    10    38    18    49     8    56 0.85 -
NODE_6359_length_17371_cov_30.431797:789-1145     -            119 42894at7898          -            497   0.00031   17.7   0.1   2   2     0.017      0.67    6.7   0.0    40    72    79   119    70   119 0.72 -
NODE_117351_length_3269_cov_39.399054:2308-2457   -             50 42894at7898          -            497   0.00061   16.7   0.0   1   1   1.6e-05   0.00061   16.7   0.0   248   290     2    45     1    50 0.81 -
NODE_43170_length_7816_cov_36.243748:1347-2735    -            463 42894at7898          -            497   0.00062   16.7   0.1   1   1   2.6e-05     0.001   16.0   0.1     8    79    15   110     5   113 0.66 -
NODE_14266_length_13279_cov_26.434825:4400-4759   -            120 42894at7898          -            497   0.00075   16.4   0.2   1   1   0.00019    0.0073   13.2   0.2    10    50    26    69    14   120 0.63 -
NODE_41570_length_8000_cov_56.324642:1249-4809    -            659 42894at7898          -            497   0.00083   16.3   0.6   1   1   7.5e-05    0.0029   14.5   0.6     4    40    38    77    35   143 0.60 -
NODE_4651_length_18965_cov_38.752995:16804-17406  -            201 42894at7898          -            497    0.0014   15.6   0.3   1   2    0.0056      0.22    8.3   0.0     3    39    23    65    21    68 0.79 -
NODE_4651_length_18965_cov_38.752995:16804-17406  -            201 42894at7898          -            497    0.0014   15.6   0.3   2   2     0.038       1.5    5.6   0.1    41    77    99   134    78   142 0.73 -
NODE_74129_length_5279_cov_35.063514:2062-2976    -            305 42894at7898          -            497    0.0017   15.2   0.0   1   2      0.47        18    2.0   0.0    41    90   106   161    64   185 0.76 -
NODE_74129_length_5279_cov_35.063514:2062-2976    -            305 42894at7898          -            497    0.0017   15.2   0.0   2   2   0.00069     0.027   11.3   0.0   345   391   259   305   208   305 0.77 -
NODE_29_length_53597_cov_34.862518:3085-4755      -            557 42894at7898          -            497    0.0018   15.2   0.1   1   1   8.2e-05    0.0031   14.4   0.1     9    76    22   117    11   124 0.66 -
NODE_1706_length_24450_cov_28.046610:19236-19370  -             45 42894at7898          -            497    0.0019   15.1   0.0   1   1   4.8e-05    0.0019   15.1   0.0   321   361     4    44     1    45 0.89 -
NODE_26465_length_10199_cov_37.157921:6460-8094   -            545 42894at7898          -            497     0.002   15.1   0.0   1   1   7.9e-05    0.0031   14.4   0.0    10    57    14    65     5    98 0.76 -
NODE_10576_length_14794_cov_33.848248:8769-8903   -             45 42894at7898          -            497    0.0021   14.9   0.1   1   1   6.1e-05    0.0023   14.8   0.1   322   359     2    39     1    43 0.93 -
NODE_52631_length_6874_cov_23.622435:2145-3623    -            493 42894at7898          -            497    0.0051   13.7   0.9   1   1    0.0031      0.12    9.2   0.9    10    77    23   118    14   126 0.60 -
NODE_42761_length_7863_cov_70.297785:2464-4353    -            630 42894at7898          -            497    0.0063   13.4   0.1   1   1    0.0003     0.012   12.5   0.1    10    74    23   117    11   124 0.64 -
NODE_13217_length_13659_cov_31.669690:5653-6009   -            119 42894at7898          -            497    0.0067   13.3   0.0   1   1   0.00019    0.0072   13.2   0.0   326   397     2    76     1    99 0.79 -
NODE_14085_length_13348_cov_30.607140:6270-7970   -            452 42894at7898          -            497    0.0086   12.9   0.1   1   1   0.00032     0.012   12.4   0.1     4    39    22    60    19    94 0.79 -
NODE_2730_length_21851_cov_40.315419:2580-3815    -            412 42894at7898          -            497    0.0095   12.8   0.3   1   1   0.00046     0.018   11.9   0.3     9    39    37    70    29   130 0.67 -
NODE_8868_length_15657_cov_31.147127:8459-9874    -            472 42894at7898          -            497     0.011   12.5   0.5   1   1    0.0028      0.11    9.3   0.5    10    76    23   117    14   123 0.66 -
NODE_39284_length_8266_cov_29.623485:3584-4939    -            452 42894at7898          -            497     0.018   11.9   0.2   1   1    0.0024     0.094    9.5   0.2    10    39    43    75    31   144 0.75 -
NODE_39303_length_8263_cov_42.614527:915-2567     -            551 42894at7898          -            497      0.02   11.7   0.1   1   1    0.0015      0.06   10.2   0.1     7    39    15    50     6    86 0.82 -
NODE_20273_length_11515_cov_35.987036:3691-6222   -            844 42894at7898          -            497     0.022   11.6   0.0   1   1   0.00095     0.037   10.9   0.0     9    39    19    52    10    66 0.84 -
#
# Program:         hmmsearch
# Version:         3.1b2 (February 2015)
# Pipeline mode:   SEARCH
# Query file:      /home/e1garcia/shotgun_PIRE/abyss/busco_downloads/lineages/actinopterygii_odb10/hmms/42894at7898.hmm
# Target file:     /home/e1garcia/shotgun_PIRE/pire_ssl_data_processing/plotosus_lineatus/busco_scaffolds_results-SPAdes_contam_R1R2_noIsolate/run_actinopterygii_odb10/metaeuk_output/rerun_results/scaffolds.modified.fasta.modified.fas
# Option settings: hmmsearch --domtblout /home/e1garcia/shotgun_PIRE/pire_ssl_data_processing/plotosus_lineatus/busco_scaffolds_results-SPAdes_contam_R1R2_noIsolate/run_actinopterygii_odb10/hmmer_output/rerun_results/42894at7898.out --cpu 1 /home/e1garcia/shotgun_PIRE/abyss/busco_downloads/lineages/actinopterygii_odb10/hmms/42894at7898.hmm /home/e1garcia/shotgun_PIRE/pire_ssl_data_processing/plotosus_lineatus/busco_scaffolds_results-SPAdes_contam_R1R2_noIsolate/run_actinopterygii_odb10/metaeuk_output/rerun_results/scaffolds.modified.fasta.modified.fas 
# Current dir:     /home/e1garcia/shotgun_PIRE/pire_ssl_data_processing/plotosus_lineatus
# Date:            Fri Aug 20 14:40:28 2021
# [ok]
