#                                                                                                         --- full sequence --- -------------- this domain -------------   hmm coord   ali coord   env coord
# target name                                     accession   tlen query name           accession   qlen   E-value  score  bias   #  of  c-Evalue  i-Evalue  score  bias  from    to  from    to  from    to  acc description of target
#                             ------------------- ---------- ----- -------------------- ---------- ----- --------- ------ ----- --- --- --------- --------- ------ ----- ----- ----- ----- ----- ----- ----- ---- ---------------------
NODE_6089_length_17594_cov_37.468191:5747-7354    -            536 43179at7898          -            540   3.2e-61  205.4  10.6   1   2   1.9e-48   7.2e-47  158.0   5.9    19   479    17   493     4   494 0.84 -
NODE_6089_length_17594_cov_37.468191:5747-7354    -            536 43179at7898          -            540   3.2e-61  205.4  10.6   2   2   3.6e-18   1.3e-16   58.1   0.1   284   475   337   536   334   536 0.83 -
NODE_8960_length_15614_cov_37.012891:2306-3919    -            538 43179at7898          -            540   5.5e-60  201.3  13.8   1   3   1.8e-42   6.6e-41  138.3   1.3    16   266     4   267     1   284 0.87 -
NODE_8960_length_15614_cov_37.012891:2306-3919    -            538 43179at7898          -            540   5.5e-60  201.3  13.8   2   3     1e-17   3.9e-16   56.6   0.6   316   499   272   472   266   475 0.75 -
NODE_8960_length_15614_cov_37.012891:2306-3919    -            538 43179at7898          -            540   5.5e-60  201.3  13.8   3   3   6.8e-06   0.00026   17.5   1.7   283   386   436   538   430   538 0.87 -
NODE_21842_length_11132_cov_37.161697:7297-9815   -            526 43179at7898          -            540   5.8e-58  194.6   9.0   1   3   2.6e-38   9.7e-37  124.5   0.9    21   276     1   263     1   272 0.89 -
NODE_21842_length_11132_cov_37.161697:7297-9815   -            526 43179at7898          -            540   5.8e-58  194.6   9.0   2   3   7.8e-20   2.9e-18   63.6   0.1   316   501   260   462   254   470 0.77 -
NODE_21842_length_11132_cov_37.161697:7297-9815   -            526 43179at7898          -            540   5.8e-58  194.6   9.0   3   3   0.00013    0.0051   13.3   0.3   280   338   467   526   454   526 0.79 -
NODE_23554_length_10754_cov_36.101455:7639-9267   -            543 43179at7898          -            540   1.8e-56  189.6  18.4   1   2   5.1e-46   1.9e-44  150.0  11.2    24   435     8   429     4   429 0.84 -
NODE_23554_length_10754_cov_36.101455:7639-9267   -            543 43179at7898          -            540   1.8e-56  189.6  18.4   2   2   1.9e-16     7e-15   52.4   0.7   338   475   384   525   382   542 0.83 -
NODE_127108_length_2933_cov_33.962950:472-2085    -            538 43179at7898          -            540   4.5e-56  188.3   9.4   1   3   2.7e-37     1e-35  121.2   0.8    16   271     4   272     2   294 0.84 -
NODE_127108_length_2933_cov_33.962950:472-2085    -            538 43179at7898          -            540   4.5e-56  188.3   9.4   2   3   4.1e-15   1.5e-13   48.0   0.1   315   457   271   424   266   427 0.72 -
NODE_127108_length_2933_cov_33.962950:472-2085    -            538 43179at7898          -            540   4.5e-56  188.3   9.4   3   3     4e-09   1.5e-07   28.2   0.6   285   418   390   523   381   538 0.77 -
NODE_71404_length_5454_cov_35.819234:2331-4253    -            448 43179at7898          -            540   1.2e-54  183.7   9.0   1   2   1.4e-46   5.2e-45  151.8   4.3    18   250    23   266    17   284 0.91 -
NODE_71404_length_5454_cov_35.819234:2331-4253    -            448 43179at7898          -            540   1.2e-54  183.7   9.0   2   2   4.5e-11   1.7e-09   34.6   0.1   360   500   285   442   268   446 0.74 -
NODE_766_length_28741_cov_45.159172:3819-24415    -            338 43179at7898          -            540   9.5e-54  180.7   6.7   1   2   5.4e-51     2e-49  166.4   4.2    15   263    18   275     9   281 0.91 -
NODE_766_length_28741_cov_45.159172:3819-24415    -            338 43179at7898          -            540   9.5e-54  180.7   6.7   2   2   2.4e-05    0.0009   15.7   0.0   356   412   282   337   267   338 0.77 -
NODE_4848_length_18727_cov_32.482661:3219-5029    -            565 43179at7898          -            540   1.5e-50  170.1   9.9   1   1   9.8e-51   3.7e-49  165.5   9.9    16   521    11   549     6   564 0.79 -
NODE_28601_length_9810_cov_41.379364:2948-7079    -            465 43179at7898          -            540   1.6e-50  170.0   3.2   1   3     1e-45   3.9e-44  149.0   0.2    16   283    11   289     6   305 0.86 -
NODE_28601_length_9810_cov_41.379364:2948-7079    -            465 43179at7898          -            540   1.6e-50  170.0   3.2   2   3   0.00013    0.0049   13.3   0.1   313   411   277   377   248   384 0.77 -
NODE_28601_length_9810_cov_41.379364:2948-7079    -            465 43179at7898          -            540   1.6e-50  170.0   3.2   3   3    0.0014     0.053    9.9   0.0   330   410   384   464   379   465 0.82 -
NODE_8824_length_15690_cov_40.056571:11693-13261  -            523 43179at7898          -            540   9.9e-48  160.8  19.4   1   3   1.2e-28   4.7e-27   92.6   4.6    22   257     6   253     3   261 0.89 -
NODE_8824_length_15690_cov_40.056571:11693-13261  -            523 43179at7898          -            540   9.9e-48  160.8  19.4   2   3   0.00011    0.0043   13.5   0.5   373   416   274   318   261   322 0.85 -
NODE_8824_length_15690_cov_40.056571:11693-13261  -            523 43179at7898          -            540   9.9e-48  160.8  19.4   3   3   2.7e-20     1e-18   65.1   1.2   279   472   322   519   316   523 0.84 -
NODE_8554_length_15852_cov_43.684758:8909-11830   -            558 43179at7898          -            540   4.2e-47  158.7  10.9   1   3   4.4e-31   1.7e-29  100.7   1.9    16   254     6   245     3   284 0.88 -
NODE_8554_length_15852_cov_43.684758:8909-11830   -            558 43179at7898          -            540   4.2e-47  158.7  10.9   2   3   2.7e-08     1e-06   25.5   0.1   386   477   290   391   256   397 0.78 -
NODE_8554_length_15852_cov_43.684758:8909-11830   -            558 43179at7898          -            540   4.2e-47  158.7  10.9   3   3   5.3e-12     2e-10   37.7   0.4   356   466   407   526   396   551 0.77 -
NODE_16942_length_12413_cov_123.734043:6066-7589  -            508 43179at7898          -            540     5e-47  158.5  13.6   1   3   6.4e-26   2.4e-24   83.6   0.7    29   243     2   226     1   238 0.88 -
NODE_16942_length_12413_cov_123.734043:6066-7589  -            508 43179at7898          -            540     5e-47  158.5  13.6   2   3   8.6e-05    0.0032   13.9   0.2   373   416   256   300   243   307 0.84 -
NODE_16942_length_12413_cov_123.734043:6066-7589  -            508 43179at7898          -            540     5e-47  158.5  13.6   3   3   1.7e-21   6.5e-20   69.0   2.1   276   472   302   504   298   508 0.85 -
NODE_5835_length_17809_cov_36.266177:3400-14045   -            348 43179at7898          -            540   4.6e-46  155.3   3.5   1   1   4.1e-46   1.5e-44  150.3   3.5    20   348     8   336     3   339 0.85 -
NODE_7570_length_16422_cov_37.973044:2364-4113    -            415 43179at7898          -            540   1.9e-45  153.3   7.0   1   2   3.8e-39   1.4e-37  127.3   3.4    18   237    41   275    33   289 0.88 -
NODE_7570_length_16422_cov_37.973044:2364-4113    -            415 43179at7898          -            540   1.9e-45  153.3   7.0   2   2   6.2e-09   2.3e-07   27.6   0.1   312   417   299   407   297   414 0.90 -
NODE_138062_length_2590_cov_35.278603:1137-1913   -            259 43179at7898          -            540   3.8e-44  149.0   0.2   1   1   1.1e-45   4.1e-44  148.9   0.2    16   251     4   250     1   259 0.91 -
NODE_1026_length_27183_cov_35.086952:14662-16248  -            529 43179at7898          -            540   3.7e-43  145.7  16.7   1   2   1.9e-37   7.1e-36  121.7   8.2    27   479     4   474     2   476 0.83 -
NODE_1026_length_27183_cov_35.086952:14662-16248  -            529 43179at7898          -            540   3.7e-43  145.7  16.7   2   2   6.4e-12   2.4e-10   37.4   1.3   347   477   385   519   383   524 0.80 -
NODE_1767_length_24271_cov_115.856859:10688-22541 -            365 43179at7898          -            540     4e-42  142.3   5.7   1   2   1.2e-34   4.6e-33  112.4   2.2    59   264     2   213     1   225 0.88 -
NODE_1767_length_24271_cov_115.856859:10688-22541 -            365 43179at7898          -            540     4e-42  142.3   5.7   2   2   6.5e-10   2.4e-08   30.8   0.1   357   457   256   363   247   365 0.77 -
NODE_2481_length_22367_cov_38.804114:18661-20223  -            521 43179at7898          -            540   5.9e-42  141.8  14.9   1   3   1.5e-20   5.7e-19   65.9   1.7    31   206     1   185     1   211 0.85 -
NODE_2481_length_22367_cov_38.804114:18661-20223  -            521 43179at7898          -            540   5.9e-42  141.8  14.9   2   3   0.00073     0.027   10.8   0.0   368   414   248   295   200   314 0.78 -
NODE_2481_length_22367_cov_38.804114:18661-20223  -            521 43179at7898          -            540   5.9e-42  141.8  14.9   3   3   4.1e-22   1.6e-20   71.1   2.9   280   473   303   503   298   514 0.84 -
NODE_85954_length_4611_cov_190.749557:1224-2375   -            384 43179at7898          -            540   7.1e-42  141.5  10.9   1   2   9.3e-34   3.5e-32  109.5   4.2    17   214    11   217     6   246 0.86 -
NODE_85954_length_4611_cov_190.749557:1224-2375   -            384 43179at7898          -            540   7.1e-42  141.5  10.9   2   2   1.4e-11   5.3e-10   36.3   0.7   294   417   238   368   230   382 0.81 -
NODE_167057_length_1845_cov_94.479954:181-1746    -            522 43179at7898          -            540   1.3e-41  140.6  11.5   1   2   7.6e-39   2.9e-37  126.3   6.4    30   479     2   459     1   459 0.82 -
NODE_167057_length_1845_cov_94.479954:181-1746    -            522 43179at7898          -            540   1.3e-41  140.6  11.5   2   2   2.9e-08   1.1e-06   25.4   0.2   373   477   395   504   392   521 0.63 -
NODE_1026_length_27183_cov_35.086952:17102-18649  -            516 43179at7898          -            540   1.6e-41  140.3   5.4   1   2   3.5e-41   1.3e-39  134.0   1.4    31   479     1   455     1   459 0.85 -
NODE_1026_length_27183_cov_35.086952:17102-18649  -            516 43179at7898          -            540   1.6e-41  140.3   5.4   2   2     0.004      0.15    8.4   0.1   436   473   457   495   455   504 0.81 -
NODE_32691_length_9154_cov_36.655439:1714-3819    -            489 43179at7898          -            540   4.2e-41  138.9   7.9   1   2   1.3e-41   4.8e-40  135.4   6.8    18   470     2   476     1   485 0.85 -
NODE_32691_length_9154_cov_36.655439:1714-3819    -            489 43179at7898          -            540   4.2e-41  138.9   7.9   2   2       1.4        53   -0.0   0.0   374   386   476   488   472   489 0.89 -
NODE_36537_length_8617_cov_34.175980:5702-7507    -            478 43179at7898          -            540   5.2e-41  138.6   8.6   1   3   1.6e-33   5.8e-32  108.8   2.8    21   319     1   316     1   322 0.85 -
NODE_36537_length_8617_cov_34.175980:5702-7507    -            478 43179at7898          -            540   5.2e-41  138.6   8.6   2   3   5.4e-08     2e-06   24.5   0.0   381   459   336   418   325   423 0.86 -
NODE_36537_length_8617_cov_34.175980:5702-7507    -            478 43179at7898          -            540   5.2e-41  138.6   8.6   3   3    0.0076      0.29    7.5   0.1   433   466   429   462   420   478 0.80 -
NODE_13217_length_13659_cov_31.669690:6859-8797   -            419 43179at7898          -            540   6.8e-40  135.0   0.4   1   3   1.3e-35   4.8e-34  115.7   0.1    16   221     4   222     1   229 0.89 -
NODE_13217_length_13659_cov_31.669690:6859-8797   -            419 43179at7898          -            540   6.8e-40  135.0   0.4   2   3      0.19       7.1    2.9   0.0   376   415   331   370   273   376 0.71 -
NODE_13217_length_13659_cov_31.669690:6859-8797   -            419 43179at7898          -            540   6.8e-40  135.0   0.4   3   3   1.1e-05    0.0004   16.9   0.0   354   413   357   419   330   419 0.80 -
NODE_12502_length_13931_cov_35.955755:10617-12090 -            474 43179at7898          -            540   2.4e-39  133.1  17.0   1   1   2.2e-39   8.4e-38  128.0  17.0    29   479     2   451     1   474 0.84 -
NODE_50214_length_7096_cov_33.991425:1353-6571    -            438 43179at7898          -            540   6.4e-39  131.7   1.5   1   2   1.5e-35   5.6e-34  115.4   0.5     6   238    11   258     7   283 0.87 -
NODE_50214_length_7096_cov_33.991425:1353-6571    -            438 43179at7898          -            540   6.4e-39  131.7   1.5   2   2   9.4e-05    0.0035   13.8   0.0   368   416   373   421   313   437 0.67 -
NODE_49635_length_7158_cov_45.951835:4008-5110    -            322 43179at7898          -            540     1e-38  131.1   0.0   1   1   3.5e-40   1.3e-38  130.7   0.0    16   239    18   252    12   267 0.90 -
NODE_99210_length_3984_cov_34.108366:587-1288     -            234 43179at7898          -            540   1.2e-37  127.5   1.1   1   1   3.7e-39   1.4e-37  127.3   1.1    23   226    14   228     4   234 0.90 -
NODE_31211_length_9382_cov_40.038781:6794-7813    -            340 43179at7898          -            540   5.2e-37  125.4   3.4   1   1   1.7e-38   6.5e-37  125.1   3.0    20   237     8   236     1   246 0.91 -
NODE_15435_length_12865_cov_35.498433:3557-4321   -            190 43179at7898          -            540   8.6e-37  124.7   0.4   1   1   2.9e-38   1.1e-36  124.4   0.4    17   153    36   176    29   185 0.93 -
NODE_15665_length_12792_cov_36.781297:8062-11157  -            389 43179at7898          -            540   1.5e-35  120.6   0.9   1   2   1.1e-36   4.1e-35  119.2   0.3    18   243     6   249     3   263 0.88 -
NODE_15665_length_12792_cov_36.781297:8062-11157  -            389 43179at7898          -            540   1.5e-35  120.6   0.9   2   2       2.4        91   -0.8   0.0   379   412   356   389   347   389 0.78 -
NODE_28848_length_9766_cov_45.644978:6963-8910    -            159 43179at7898          -            540     3e-35  119.6   3.0   1   1   8.9e-37   3.3e-35  119.5   3.0    30   186     1   159     1   159 0.94 -
NODE_76791_length_5118_cov_31.843196:3930-4988    -            353 43179at7898          -            540   1.2e-33  114.4   0.1   1   2   1.1e-34   4.2e-33  112.5   0.0    20   238    14   246     4   273 0.87 -
NODE_76791_length_5118_cov_31.843196:3930-4988    -            353 43179at7898          -            540   1.2e-33  114.4   0.1   2   2       2.3        88   -0.7   0.0   435   458   312   337   294   342 0.71 -
NODE_53433_length_6801_cov_34.981946:2544-6130    -            366 43179at7898          -            540   3.3e-32  109.6   5.3   1   3   6.5e-18   2.4e-16   57.2   0.1    92   219     4   139     2   147 0.85 -
NODE_53433_length_6801_cov_34.981946:2544-6130    -            366 43179at7898          -            540   3.3e-32  109.6   5.3   2   3   3.8e-15   1.4e-13   48.1   2.5   362   501   167   324   159   327 0.77 -
NODE_53433_length_6801_cov_34.981946:2544-6130    -            366 43179at7898          -            540   3.3e-32  109.6   5.3   3   3   0.00025    0.0094   12.4   0.0   384   433   293   344   289   365 0.74 -
NODE_44990_length_7623_cov_46.723684:6566-7615    -            350 43179at7898          -            540   5.1e-32  109.0   8.7   1   2   9.6e-27   3.6e-25   86.3   1.3    31   235     1   216     1   230 0.90 -
NODE_44990_length_7623_cov_46.723684:6566-7615    -            350 43179at7898          -            540   5.1e-32  109.0   8.7   2   2     9e-09   3.4e-07   27.0   1.0   376   458   257   343   250   348 0.86 -
NODE_129994_length_2838_cov_34.998540:1699-2283   -            195 43179at7898          -            540   8.9e-32  108.2   1.3   1   1   2.8e-33   1.1e-31  107.9   1.3    16   195     4   191     1   194 0.90 -
NODE_15531_length_12834_cov_40.989007:6756-8599   -            553 43179at7898          -            540     2e-31  107.0   0.2   1   3   2.5e-25   9.3e-24   81.7   0.0    36   196     3   170     1   185 0.87 -
NODE_15531_length_12834_cov_40.989007:6756-8599   -            553 43179at7898          -            540     2e-31  107.0   0.2   2   3   2.3e-07   8.5e-06   22.4   0.1   376   530   247   415   240   431 0.71 -
NODE_15531_length_12834_cov_40.989007:6756-8599   -            553 43179at7898          -            540     2e-31  107.0   0.2   3   3       7.4   2.8e+02   -2.4   0.0   309   375   504   523   491   541 0.45 -
NODE_74795_length_5236_cov_35.121277:1850-3484    -            545 43179at7898          -            540   2.2e-30  103.5   0.0   1   2   9.1e-30   3.4e-28   96.3   0.1    18   476    12   506     6   508 0.74 -
NODE_74795_length_5236_cov_35.121277:1850-3484    -            545 43179at7898          -            540   2.2e-30  103.5   0.0   2   2      0.04       1.5    5.1   0.0   376   413   495   533   491   542 0.87 -
NODE_147586_length_2328_cov_46.762225:1271-2320   -            350 43179at7898          -            540   4.8e-30  102.4   9.7   1   2   1.6e-25   6.1e-24   82.3   2.5    31   240     1   221     1   233 0.89 -
NODE_147586_length_2328_cov_46.762225:1271-2320   -            350 43179at7898          -            540   4.8e-30  102.4   9.7   2   2   4.8e-08   1.8e-06   24.6   0.8   375   458   256   343   249   348 0.84 -
NODE_9471_length_15352_cov_39.080705:8812-11716   -            568 43179at7898          -            540   5.3e-30  102.3   2.7   1   3     5e-18   1.9e-16   57.6   0.4    20   229    11   235     4   247 0.80 -
NODE_9471_length_15352_cov_39.080705:8812-11716   -            568 43179at7898          -            540   5.3e-30  102.3   2.7   2   3   4.4e-05    0.0017   14.9   0.0   309   434   291   417   243   433 0.78 -
NODE_9471_length_15352_cov_39.080705:8812-11716   -            568 43179at7898          -            540   5.3e-30  102.3   2.7   3   3   2.8e-09   1.1e-07   28.7   0.1   383   477   432   539   427   556 0.80 -
NODE_75916_length_5167_cov_47.989740:204-3102     -            161 43179at7898          -            540   6.8e-30  102.0   1.3   1   1   2.1e-31   7.9e-30  101.7   1.3    16   155     9   157     4   161 0.88 -
NODE_26427_length_10205_cov_40.129428:1384-4069   -            533 43179at7898          -            540   8.4e-30  101.7   9.7   1   4   4.4e-22   1.7e-20   71.0   0.8    44   216     1   184     1   200 0.88 -
NODE_26427_length_10205_cov_40.129428:1384-4069   -            533 43179at7898          -            540   8.4e-30  101.7   9.7   2   4    0.0015     0.057    9.8   0.1   440   478   282   320   275   323 0.91 -
NODE_26427_length_10205_cov_40.129428:1384-4069   -            533 43179at7898          -            540   8.4e-30  101.7   9.7   3   4   1.7e-07   6.5e-06   22.8   0.5   300   440   325   466   321   492 0.70 -
NODE_26427_length_10205_cov_40.129428:1384-4069   -            533 43179at7898          -            540   8.4e-30  101.7   9.7   4   4     0.051       1.9    4.7   0.0   323   381   448   507   443   517 0.63 -
NODE_12985_length_13739_cov_34.774340:4299-11910  -            173 43179at7898          -            540     2e-28   97.1   0.6   1   1   6.3e-30   2.4e-28   96.9   0.6   101   256     1   157     1   167 0.88 -
NODE_159819_length_2016_cov_50.733959:1101-1985   -            295 43179at7898          -            540   2.1e-28   97.1   3.9   1   2     6e-27   2.3e-25   87.0   0.9    29   230     2   213     1   229 0.89 -
NODE_159819_length_2016_cov_50.733959:1101-1985   -            295 43179at7898          -            540   2.1e-28   97.1   3.9   2   2   0.00055     0.021   11.2   0.1   373   413   254   295   240   295 0.84 -
NODE_109017_length_3577_cov_31.554629:1851-2357   -            169 43179at7898          -            540   4.3e-26   89.4   0.8   1   1   1.3e-27   4.7e-26   89.3   0.8    37   195     3   169     1   169 0.91 -
NODE_41076_length_8055_cov_30.884867:2594-7140    -            159 43179at7898          -            540   6.2e-25   85.6   0.7   1   1   1.8e-26   6.9e-25   85.4   0.7    46   196     1   159     1   159 0.93 -
NODE_4168_length_19611_cov_36.264709:1150-12505   -            346 43179at7898          -            540   9.4e-25   85.0   0.1   1   2   2.1e-08   7.8e-07   25.8   0.0    17    64    32    79    22    90 0.88 -
NODE_4168_length_19611_cov_36.264709:1150-12505   -            346 43179at7898          -            540   9.4e-25   85.0   0.1   2   2   6.4e-18   2.4e-16   57.2   0.1    79   267   125   312   106   337 0.87 -
NODE_29934_length_9585_cov_32.777672:1415-6641    -            450 43179at7898          -            540   5.2e-24   82.5   0.3   1   3   0.00014    0.0053   13.2   0.0   124   224     3   111     1   184 0.74 -
NODE_29934_length_9585_cov_32.777672:1415-6641    -            450 43179at7898          -            540   5.2e-24   82.5   0.3   2   3     6e-07   2.3e-05   21.0   0.0   377   462   187   280   172   281 0.86 -
NODE_29934_length_9585_cov_32.777672:1415-6641    -            450 43179at7898          -            540   5.2e-24   82.5   0.3   3   3   4.4e-14   1.7e-12   44.6   0.5   321   476   281   447   278   449 0.82 -
NODE_65569_length_5842_cov_40.530211:1943-2989    -            349 43179at7898          -            540   8.5e-24   81.8   0.4   1   2   1.8e-23   6.8e-22   75.5   0.1    19   247     3   244     1   257 0.87 -
NODE_65569_length_5842_cov_40.530211:1943-2989    -            349 43179at7898          -            540   8.5e-24   81.8   0.4   2   2      0.05       1.9    4.8   0.0   384   433   292   342   268   348 0.56 -
NODE_686_length_29236_cov_75.179360:4511-14805    -            480 43179at7898          -            540   2.9e-23   80.1   1.2   1   3   3.8e-20   1.4e-18   64.6   0.2    58   211     3   167     1   189 0.87 -
NODE_686_length_29236_cov_75.179360:4511-14805    -            480 43179at7898          -            540   2.9e-23   80.1   1.2   2   3    0.0002    0.0073   12.7   0.0   357   423   300   370   259   413 0.74 -
NODE_686_length_29236_cov_75.179360:4511-14805    -            480 43179at7898          -            540   2.9e-23   80.1   1.2   3   3      0.65        25    1.1   0.0   327   346   375   394   364   476 0.69 -
NODE_39751_length_8209_cov_51.176326:1144-2046    -            301 43179at7898          -            540   2.9e-23   80.1   1.0   1   2   1.3e-24   4.8e-23   79.3   0.9    45   215     1   182     1   197 0.87 -
NODE_39751_length_8209_cov_51.176326:1144-2046    -            301 43179at7898          -            540   2.9e-23   80.1   1.0   2   2       9.2   3.5e+02   -2.7   0.0   438   457   282   301   278   301 0.86 -
NODE_19371_length_11743_cov_48.357351:2270-5384   -            306 43179at7898          -            540   3.1e-23   80.0   0.4   1   2   1.6e-06   6.2e-05   19.6   0.0   156   214     8    70     3    88 0.77 -
NODE_19371_length_11743_cov_48.357351:2270-5384   -            306 43179at7898          -            540   3.1e-23   80.0   0.4   2   2     2e-18   7.3e-17   58.9   0.1   313   478   118   291    96   303 0.86 -
NODE_10075_length_15031_cov_39.900281:11856-13185 -            327 43179at7898          -            540   2.1e-22   77.2   2.4   1   3   1.9e-07   7.1e-06   22.7   0.0   190   252     2    66     1    91 0.83 -
NODE_10075_length_15031_cov_39.900281:11856-13185 -            327 43179at7898          -            540   2.1e-22   77.2   2.4   2   3   1.7e-09   6.2e-08   29.5   0.1   336   420   108   192    94   196 0.86 -
NODE_10075_length_15031_cov_39.900281:11856-13185 -            327 43179at7898          -            540   2.1e-22   77.2   2.4   3   3   1.4e-07   5.3e-06   23.1   0.1   327   435   194   304   191   318 0.86 -
NODE_21896_length_11121_cov_43.886863:6724-7761   -            322 43179at7898          -            540   3.4e-22   76.6   5.7   1   3   5.9e-08   2.2e-06   24.3   0.1   153   239     9   100     6   108 0.83 -
NODE_21896_length_11121_cov_43.886863:6724-7761   -            322 43179at7898          -            540   3.4e-22   76.6   5.7   2   3     7e-06   0.00026   17.5   0.2   370   458   110   202    99   203 0.77 -
NODE_21896_length_11121_cov_43.886863:6724-7761   -            322 43179at7898          -            540   3.4e-22   76.6   5.7   3   3   1.3e-15   4.9e-14   49.6   1.9   296   479   128   319   127   321 0.84 -
NODE_10576_length_14794_cov_33.848248:5543-13156  -            413 43179at7898          -            540   9.4e-22   75.1   1.2   1   1   1.6e-20   5.9e-19   65.9   1.5   124   476     1   392     1   395 0.77 -
NODE_1604_length_24830_cov_38.114472:11560-12624  -            355 43179at7898          -            540   4.6e-21   72.8   0.4   1   1   3.7e-22   1.4e-20   71.2   0.4   113   391     4   301     1   325 0.79 -
NODE_7838_length_16264_cov_48.342468:12248-12613  -            122 43179at7898          -            540   2.2e-20   70.6   0.2   1   1   6.1e-22   2.3e-20   70.5   0.2    19   132     5   121     1   122 0.93 -
NODE_14266_length_13279_cov_26.434825:4400-4759   -            120 43179at7898          -            540   6.7e-20   69.0   0.0   1   1     2e-21   7.6e-20   68.8   0.0    16   121    12   120     8   120 0.91 -
NODE_38531_length_8360_cov_38.035710:4105-8055    -            238 43179at7898          -            540   1.2e-19   68.1   0.1   1   1     4e-21   1.5e-19   67.8   0.1    17   203    39   238    28   238 0.84 -
NODE_41570_length_8000_cov_56.324642:1249-4809    -            659 43179at7898          -            540     6e-19   65.8   0.4   1   1   2.5e-20   9.3e-19   65.2   0.4    15   116    29   132    22   155 0.87 -
NODE_11003_length_14589_cov_39.558178:10835-11464 -            210 43179at7898          -            540   7.8e-19   65.4   0.0   1   1   2.5e-20   9.3e-19   65.2   0.0    29   201     7   187     2   208 0.86 -
NODE_39284_length_8266_cov_29.623485:3584-4939    -            452 43179at7898          -            540   1.4e-18   64.6   0.0   1   1   5.5e-20   2.1e-18   64.0   0.0    15   121    28   140    24   143 0.90 -
NODE_124723_length_3013_cov_23.970144:395-1750    -            452 43179at7898          -            540   3.9e-18   63.1   5.0   1   3   7.8e-11   2.9e-09   33.8   0.1   109   243     2   144     1   158 0.83 -
NODE_124723_length_3013_cov_23.970144:395-1750    -            452 43179at7898          -            540   3.9e-18   63.1   5.0   2   3   8.4e-07   3.2e-05   20.5   0.1   326   403   240   316   229   331 0.82 -
NODE_124723_length_3013_cov_23.970144:395-1750    -            452 43179at7898          -            540   3.9e-18   63.1   5.0   3   3    0.0067      0.25    7.7   0.0   352   392   411   451   395   452 0.88 -
NODE_14085_length_13348_cov_30.607140:6270-7970   -            452 43179at7898          -            540   2.4e-16   57.2   0.2   1   1   9.6e-18   3.6e-16   56.7   0.2    15   115    13   115     7   126 0.90 -
NODE_4651_length_18965_cov_38.752995:16804-17406  -            201 43179at7898          -            540   4.8e-16   56.2   0.1   1   1   1.7e-17   6.3e-16   55.9   0.1    16   125    19   137    10   152 0.82 -
NODE_2730_length_21851_cov_40.315419:2580-3815    -            412 43179at7898          -            540     2e-15   54.2   0.5   1   1   8.3e-17   3.1e-15   53.6   0.5    17   119    25   129    12   140 0.91 -
NODE_258028_length_540_cov_103.539683:14-457      -            148 43179at7898          -            540   5.9e-15   52.6   0.2   1   1   1.8e-16   6.9e-15   52.4   0.2   350   479     3   135     1   141 0.89 -
NODE_11761_length_14240_cov_31.967824:10714-11076 -            121 43179at7898          -            540   7.4e-15   52.3   0.2   1   1   2.1e-16   7.8e-15   52.2   0.2    17   126     5   119     1   121 0.87 -
NODE_63820_length_5967_cov_33.817655:3200-4492    -            431 43179at7898          -            540   1.4e-14   51.4   0.0   1   1   5.4e-16     2e-14   50.9   0.0    16   123     8   115     4   128 0.90 -
NODE_11444_length_14374_cov_38.109772:3628-4806   -            393 43179at7898          -            540   1.7e-14   51.1   6.4   1   2   4.7e-11   1.8e-09   34.6   1.1    33   151     2   117     1   127 0.87 -
NODE_11444_length_14374_cov_38.109772:3628-4806   -            393 43179at7898          -            540   1.7e-14   51.1   6.4   2   2   1.9e-06     7e-05   19.4   0.3   327   424   245   335   186   392 0.55 -
NODE_89986_length_4409_cov_22.892343:637-981      -            115 43179at7898          -            540     2e-14   50.9   0.0   1   1   6.1e-16   2.3e-14   50.7   0.0    20   121     3   108     1   112 0.88 -
NODE_68156_length_5662_cov_35.971598:2083-3171    -            363 43179at7898          -            540   2.4e-14   50.6   0.2   1   1   9.5e-16   3.6e-14   50.1   0.2    16   123     9   121     5   132 0.88 -
NODE_43212_length_7812_cov_25.360301:6063-7446    -            392 43179at7898          -            540     6e-14   49.3   0.0   1   1   2.3e-15   8.6e-14   48.8   0.0    16   122    22   137    18   145 0.86 -
NODE_5238_length_18357_cov_31.834593:915-2297     -            461 43179at7898          -            540   8.3e-14   48.9   0.0   1   1   4.5e-15   1.7e-13   47.8   0.1    14   123     7   121     2   133 0.82 -
NODE_74641_length_5246_cov_35.285603:3741-5077    -            412 43179at7898          -            540   1.3e-13   48.2   0.0   1   1   4.7e-15   1.8e-13   47.8   0.0    14   129    12   132     4   135 0.88 -
NODE_706_length_29116_cov_31.424406:27232-28296   -            355 43179at7898          -            540   4.8e-13   46.3   0.0   1   1   1.8e-14   6.7e-13   45.9   0.0    17   123     5   116     2   142 0.88 -
NODE_8868_length_15657_cov_31.147127:8459-9874    -            472 43179at7898          -            540   5.1e-13   46.2   0.1   1   1   1.9e-14   7.2e-13   45.8   0.1    18   127    11   123     5   138 0.88 -
NODE_29_length_53597_cov_34.862518:3085-4755      -            557 43179at7898          -            540   7.5e-13   45.7   0.1   1   1     3e-14   1.1e-12   45.1   0.1    18   123    11   119     5   125 0.87 -
NODE_52631_length_6874_cov_23.622435:2145-3623    -            493 43179at7898          -            540   8.9e-13   45.5   0.1   1   1   3.6e-14   1.3e-12   44.9   0.1    18   124    11   120     5   142 0.86 -
NODE_43170_length_7816_cov_36.243748:1347-2735    -            463 43179at7898          -            540   1.4e-12   44.8   0.2   1   1   4.7e-14   1.8e-12   44.5   0.2    15   121     2   107     1   115 0.88 -
NODE_20273_length_11515_cov_35.987036:3691-6222   -            844 43179at7898          -            540   4.3e-12   43.2   0.0   1   1   1.7e-13   6.3e-12   42.6   0.0    16    95     6    87     2    97 0.89 -
NODE_13988_length_13381_cov_34.466948:5289-5959   -            121 43179at7898          -            540   5.7e-12   42.8   2.3   1   2   4.2e-06   0.00016   18.2   0.1    39    68     3    32     1    45 0.84 -
NODE_13988_length_13381_cov_34.466948:5289-5959   -            121 43179at7898          -            540   5.7e-12   42.8   2.3   2   2   3.5e-08   1.3e-06   25.1   0.4   117   187    45   120    37   121 0.87 -
NODE_26465_length_10199_cov_37.157921:6460-8094   -            545 43179at7898          -            540   1.2e-11   41.7   0.0   1   1   4.6e-13   1.7e-11   41.2   0.0    21   111     5    94     1   104 0.88 -
NODE_39303_length_8263_cov_42.614527:915-2567     -            551 43179at7898          -            540   2.2e-11   40.9   0.0   1   1   9.7e-13   3.6e-11   40.1   0.0    16   115     4   107     2   120 0.85 -
NODE_42761_length_7863_cov_70.297785:2464-4353    -            630 43179at7898          -            540     9e-11   38.8   0.1   1   1   3.3e-12   1.3e-10   38.4   0.1    18   122    11   120     5   124 0.82 -
NODE_29508_length_9652_cov_50.142154:7922-8290    -            123 43179at7898          -            540   3.6e-10   36.9   0.1   1   1   1.2e-11   4.4e-10   36.6   0.1    16   128     4   115     2   120 0.87 -
NODE_5032_length_18539_cov_39.672993:2816-5403    -            476 43179at7898          -            540   1.1e-09   35.3   0.0   1   1   4.2e-11   1.6e-09   34.7   0.0    17   117     8   112     3   127 0.85 -
NODE_87981_length_4507_cov_42.383167:2722-3681    -            320 43179at7898          -            540   7.9e-09   32.4   2.5   1   2      0.24       9.2    2.5   0.3    48   133     7    91     1   124 0.75 -
NODE_87981_length_4507_cov_42.383167:2722-3681    -            320 43179at7898          -            540   7.9e-09   32.4   2.5   2   2   9.5e-10   3.6e-08   30.3   0.1   284   412   163   295   147   319 0.85 -
NODE_90667_length_4374_cov_42.028772:3204-3554    -            117 43179at7898          -            540   1.1e-08   31.9   0.3   1   1   3.4e-10   1.3e-08   31.7   0.3   335   435     2    97     1   115 0.87 -
NODE_14224_length_13297_cov_34.240188:1333-3267   -            645 43179at7898          -            540   1.6e-08   31.4   0.0   1   1   6.2e-10   2.3e-08   30.9   0.0    17   103     7    96     3   114 0.84 -
NODE_44109_length_7714_cov_30.198555:4271-4627    -            119 43179at7898          -            540   1.6e-08   31.4   0.1   1   1   5.3e-10     2e-08   31.1   0.1   377   472     1   100     1   117 0.77 -
NODE_735_length_28909_cov_44.122805:19980-20875   -            108 43179at7898          -            540     2e-08   31.1   0.4   1   1   5.9e-10   2.2e-08   30.9   0.4   354   434     1    78     1    92 0.87 -
NODE_74129_length_5279_cov_35.063514:2062-2976    -            305 43179at7898          -            540   2.1e-08   31.0   0.1   1   2   5.3e-09     2e-07   27.8   0.1    35   151    59   175    47   202 0.84 -
NODE_74129_length_5279_cov_35.063514:2062-2976    -            305 43179at7898          -            540   2.1e-08   31.0   0.1   2   2      0.67        25    1.1   0.0   308   339   263   296   253   303 0.73 -
NODE_17544_length_12234_cov_35.781129:4086-5219   -            378 43179at7898          -            540   8.1e-08   29.1   0.0   1   1   2.7e-09     1e-07   28.8   0.0    16   127     2   117     1   155 0.74 -
NODE_30488_length_9499_cov_29.991277:4620-7387    -            122 43179at7898          -            540   2.5e-07   27.5   0.1   1   1   8.5e-09   3.2e-07   27.1   0.1   379   477     7   111     1   120 0.54 -
NODE_15081_length_12978_cov_28.590263:2421-2801   -            127 43179at7898          -            540   2.7e-07   27.4   0.4   1   2      0.01      0.38    7.1   0.0   356   402     5    50     1    61 0.87 -
NODE_15081_length_12978_cov_28.590263:2421-2801   -            127 43179at7898          -            540   2.7e-07   27.4   0.4   2   2   2.5e-06   9.3e-05   19.0   0.1   350   398    76   123    68   127 0.90 -
NODE_12715_length_13846_cov_40.610242:3488-3712   -             75 43179at7898          -            540   3.5e-07   27.0   0.0   1   1   9.6e-09   3.6e-07   27.0   0.0   357   433     2    73     1    75 0.92 -
NODE_2216_length_23032_cov_49.155671:7621-18437   -            627 43179at7898          -            540   4.1e-07   26.8   0.2   1   1   1.6e-08     6e-07   26.2   0.2    16    99   129   216   119   245 0.81 -
NODE_6359_length_17371_cov_30.431797:789-1145     -            119 43179at7898          -            540   6.7e-07   26.1   0.0   1   1   1.8e-08   6.7e-07   26.1   0.0    17    70     5    58     2   119 0.79 -
NODE_290664_length_432_cov_75.162162:3-251        -             83 43179at7898          -            540     2e-06   24.5   0.1   1   1   5.8e-08   2.2e-06   24.4   0.1   395   470     4    83     1    83 0.82 -
NODE_133973_length_2713_cov_31.221117:246-410     -             55 43179at7898          -            540   2.5e-06   24.2   0.1   1   1   6.6e-08   2.5e-06   24.2   0.1   364   413     5    53     1    55 0.91 -
NODE_14011_length_13373_cov_29.288986:11143-12003 -            287 43179at7898          -            540   3.4e-06   23.7   1.0   1   1   1.4e-07   5.4e-06   23.1   0.7   284   416   113   245    93   282 0.78 -
NODE_911_length_27900_cov_40.361750:26613-26819   -             69 43179at7898          -            540   9.2e-06   22.3   0.1   1   1   2.5e-07   9.4e-06   22.3   0.1   306   366     5    66     1    69 0.83 -
NODE_12715_length_13846_cov_40.610242:2996-3396   -            103 43179at7898          -            540     1e-05   22.1   0.1   1   1   3.2e-07   1.2e-05   21.9   0.1   313   400     9    96     2   102 0.82 -
NODE_184696_length_1474_cov_15.318545:574-753     -             60 43179at7898          -            540   1.2e-05   22.0   0.0   1   1   3.1e-07   1.2e-05   22.0   0.0   376   434     4    58     1    60 0.88 -
NODE_37430_length_8506_cov_40.938979:2075-3172    -            366 43179at7898          -            540   1.8e-05   21.3   1.2   1   3       2.2        81   -0.6   0.0    43    68     2    27     1    91 0.89 -
NODE_37430_length_8506_cov_40.938979:2075-3172    -            366 43179at7898          -            540   1.8e-05   21.3   1.2   2   3   1.8e-06   6.8e-05   19.4   0.2   309   411   192   296   165   343 0.85 -
NODE_37430_length_8506_cov_40.938979:2075-3172    -            366 43179at7898          -            540   1.8e-05   21.3   1.2   3   3       3.1   1.1e+02   -1.1   0.0   320   338   347   365   302   366 0.75 -
NODE_13988_length_13381_cov_34.466948:10910-11077 -             56 43179at7898          -            540     3e-05   20.6   0.0   1   1   8.1e-07   3.1e-05   20.6   0.0   373   431     1    55     1    56 0.79 -
NODE_38193_length_8405_cov_34.813388:4593-5453    -            287 43179at7898          -            540     6e-05   19.6   0.0   1   2   4.9e-05    0.0019   14.7   0.0    16    67    46    97    36   146 0.80 -
NODE_38193_length_8405_cov_34.813388:4593-5453    -            287 43179at7898          -            540     6e-05   19.6   0.0   2   2      0.18       6.8    2.9   0.0    38    66   216   244   206   267 0.80 -
NODE_95134_length_4166_cov_32.257438:2797-2964    -             56 43179at7898          -            540   0.00011   18.7   0.1   1   1   3.2e-06   0.00012   18.6   0.1   354   401     7    53     1    55 0.87 -
NODE_29903_length_9590_cov_33.099252:4604-4747    -             48 43179at7898          -            540   0.00016   18.2   0.0   1   1   4.3e-06   0.00016   18.2   0.0   352   387     9    43     2    48 0.81 -
NODE_208983_length_1050_cov_0.855941:252-971      -            240 43179at7898          -            540   0.00027   17.4   0.2   1   2   0.00083     0.031   10.6   0.0   402   462    52   116     1   132 0.66 -
NODE_208983_length_1050_cov_0.855941:252-971      -            240 43179at7898          -            540   0.00027   17.4   0.2   2   2     0.031       1.2    5.5   0.1   290   380   130   224   116   235 0.68 -
NODE_87640_length_4524_cov_39.992768:4005-4208    -             68 43179at7898          -            540   0.00053   16.5   0.0   1   1   1.4e-05   0.00053   16.5   0.0   369   414     7    52     1    67 0.85 -
NODE_24714_length_10525_cov_29.330712:1898-9984   -            307 43179at7898          -            540    0.0014   15.1   0.0   1   1   7.3e-05    0.0027   14.1   0.0    55   133   217   298   207   305 0.84 -
NODE_26427_length_10205_cov_40.129428:2406-2561   -             52 43179at7898          -            540    0.0015   15.0   0.0   1   1   4.3e-05    0.0016   14.9   0.0   433   469    12    50     4    51 0.84 -
NODE_60849_length_6186_cov_37.425168:5413-5568    -             52 43179at7898          -            540    0.0018   14.7   0.0   1   1   4.9e-05    0.0018   14.7   0.0   348   392     5    48     1    52 0.60 -
NODE_28601_length_9810_cov_41.379364:6666-7007    -            114 43179at7898          -            540     0.002   14.6   0.8   1   2    0.0096      0.36    7.1   0.1   364   411     4    50     1    55 0.85 -
NODE_28601_length_9810_cov_41.379364:6666-7007    -            114 43179at7898          -            540     0.002   14.6   0.8   2   2     0.014      0.53    6.6   0.1   330   387    57   112    52   114 0.83 -
NODE_75450_length_5194_cov_36.179392:2027-2185    -             53 43179at7898          -            540    0.0021   14.5   0.1   1   1   5.9e-05    0.0022   14.5   0.1   360   413     1    53     1    53 0.84 -
NODE_10576_length_14794_cov_33.848248:8769-8903   -             45 43179at7898          -            540    0.0025   14.3   0.0   1   1   6.8e-05    0.0025   14.2   0.0   376   414     3    41     1    44 0.93 -
NODE_136793_length_2629_cov_33.007905:1580-1744   -             55 43179at7898          -            540    0.0052   13.2   0.0   1   1   0.00015    0.0057   13.1   0.0   357   406     6    54     2    55 0.91 -
NODE_44302_length_7695_cov_28.563191:5210-5413    -             68 43179at7898          -            540    0.0085   12.5   0.0   1   1   0.00024     0.009   12.4   0.0   370   432     6    64     1    67 0.86 -
NODE_1706_length_24450_cov_28.046610:15075-15386  -            104 43179at7898          -            540    0.0093   12.4   0.0   1   1   0.00029     0.011   12.2   0.0   357   435    10    85     1    98 0.46 -
NODE_15787_length_12752_cov_39.872125:12162-12308 -             49 43179at7898          -            540     0.015   11.7   0.0   1   1   0.00042     0.016   11.6   0.0   365   400     9    44     4    48 0.85 -
NODE_68891_length_5616_cov_35.050027:4738-4905    -             56 43179at7898          -            540     0.016   11.6   0.0   1   1   0.00043     0.016   11.6   0.0   354   398    11    54     1    56 0.77 -
NODE_17984_length_12118_cov_45.139363:1076-1291   -             72 43179at7898          -            540     0.016   11.6   0.0   1   1   0.00054      0.02   11.3   0.0   357   413    10    71     3    72 0.74 -
NODE_87355_length_4539_cov_31.598198:3420-3605    -             62 43179at7898          -            540     0.024   11.0   0.1   1   1   0.00062     0.023   11.1   0.1   349   402     6    60     1    62 0.68 -
NODE_117351_length_3269_cov_39.399054:2308-2457   -             50 43179at7898          -            540     0.057    9.8   0.0   1   1    0.0016     0.061    9.7   0.0   356   388    11    43     5    49 0.89 -
#
# Program:         hmmsearch
# Version:         3.1b2 (February 2015)
# Pipeline mode:   SEARCH
# Query file:      /home/e1garcia/shotgun_PIRE/abyss/busco_downloads/lineages/actinopterygii_odb10/hmms/43179at7898.hmm
# Target file:     /home/e1garcia/shotgun_PIRE/pire_ssl_data_processing/plotosus_lineatus/busco_scaffolds_results-SPAdes_contam_R1R2_noIsolate/run_actinopterygii_odb10/metaeuk_output/rerun_results/scaffolds.modified.fasta.modified.fas
# Option settings: hmmsearch --domtblout /home/e1garcia/shotgun_PIRE/pire_ssl_data_processing/plotosus_lineatus/busco_scaffolds_results-SPAdes_contam_R1R2_noIsolate/run_actinopterygii_odb10/hmmer_output/rerun_results/43179at7898.out --cpu 1 /home/e1garcia/shotgun_PIRE/abyss/busco_downloads/lineages/actinopterygii_odb10/hmms/43179at7898.hmm /home/e1garcia/shotgun_PIRE/pire_ssl_data_processing/plotosus_lineatus/busco_scaffolds_results-SPAdes_contam_R1R2_noIsolate/run_actinopterygii_odb10/metaeuk_output/rerun_results/scaffolds.modified.fasta.modified.fas 
# Current dir:     /home/e1garcia/shotgun_PIRE/pire_ssl_data_processing/plotosus_lineatus
# Date:            Fri Aug 20 14:37:50 2021
# [ok]
