#                                                                                                         --- full sequence --- -------------- this domain -------------   hmm coord   ali coord   env coord
# target name                                     accession   tlen query name           accession   qlen   E-value  score  bias   #  of  c-Evalue  i-Evalue  score  bias  from    to  from    to  from    to  acc description of target
#                             ------------------- ---------- ----- -------------------- ---------- ----- --------- ------ ----- --- --- --------- --------- ------ ----- ----- ----- ----- ----- ----- ----- ---- ---------------------
NODE_9260_length_15464_cov_29.621998:3084-13404   -            309 68585at7898          -            300    3e-145  481.4  18.8   1   2   1.4e-91   2.2e-90  301.3   5.3    54   210     1   157     1   177 0.95 -
NODE_9260_length_15464_cov_29.621998:3084-13404   -            309 68585at7898          -            300    3e-145  481.4  18.8   2   2   1.6e-56   2.5e-55  186.2   5.6   207   300   204   297   197   297 0.96 -
NODE_21995_length_11099_cov_38.659182:8394-10988  -            372 68585at7898          -            300  3.3e-127  422.2  20.8   1   2   9.2e-81   1.4e-79  265.8   9.0    53   216    23   186     1   202 0.91 -
NODE_21995_length_11099_cov_38.659182:8394-10988  -            372 68585at7898          -            300  3.3e-127  422.2  20.8   2   2   2.8e-49   4.3e-48  162.5   4.0   207   297   282   372   273   372 0.94 -
NODE_10876_length_14652_cov_33.674638:3084-4004   -            307 68585at7898          -            300  1.3e-102  341.4  13.1   1   2   3.2e-48   4.9e-47  159.0   1.5    86   211     1   121     1   138 0.90 -
NODE_10876_length_14652_cov_33.674638:3084-4004   -            307 68585at7898          -            300  1.3e-102  341.4  13.1   2   2   4.7e-57   7.2e-56  188.0   4.3   208   299   206   297   181   298 0.91 -
NODE_29799_length_9606_cov_86.230988:6287-7723    -            479 68585at7898          -            300   1.3e-63  213.4  20.1   1   2   1.5e-47   2.3e-46  156.7  12.3     5   208     6   208     1   225 0.90 -
NODE_29799_length_9606_cov_86.230988:6287-7723    -            479 68585at7898          -            300   1.3e-63  213.4  20.1   2   2   1.4e-18   2.1e-17   61.7   0.9   199   293   386   479   376   479 0.92 -
NODE_5749_length_17902_cov_27.890075:4558-6045    -            496 68585at7898          -            300   7.4e-63  210.9  21.9   1   2   3.6e-47   5.5e-46  155.5  11.3     5   200     1   196     1   207 0.91 -
NODE_5749_length_17902_cov_27.890075:4558-6045    -            496 68585at7898          -            300   7.4e-63  210.9  21.9   2   2   1.9e-18   2.9e-17   61.2   2.8   198   293   402   496   389   496 0.92 -
NODE_22556_length_10977_cov_32.920849:1364-2680   -            439 68585at7898          -            300   7.4e-63  210.9  18.5   1   2   5.3e-48   8.1e-47  158.3   8.5    14   219     2   211     1   220 0.86 -
NODE_22556_length_10977_cov_32.920849:1364-2680   -            439 68585at7898          -            300   7.4e-63  210.9  18.5   2   2   1.3e-17     2e-16   58.5   2.3   202   293   349   439   337   439 0.90 -
NODE_7732_length_16327_cov_32.923897:1555-2910    -            452 68585at7898          -            300   2.1e-62  209.5  19.4   1   2   7.5e-47   1.1e-45  154.5   7.3     7   210     3   206     1   222 0.88 -
NODE_7732_length_16327_cov_32.923897:1555-2910    -            452 68585at7898          -            300   2.1e-62  209.5  19.4   2   2   2.2e-18   3.4e-17   61.0   4.2   200   296   357   452   351   452 0.96 -
NODE_14092_length_13345_cov_27.506040:6947-8284   -            446 68585at7898          -            300   1.4e-61  206.7  18.8   1   2   2.5e-46   3.9e-45  152.7   9.6    13   201     9   196     1   217 0.92 -
NODE_14092_length_13345_cov_27.506040:6947-8284   -            446 68585at7898          -            300   1.4e-61  206.7  18.8   2   2   5.9e-18     9e-17   59.6   1.7   195   293   349   446   326   446 0.88 -
NODE_72973_length_5350_cov_41.683870:2798-4231    -            478 68585at7898          -            300   2.8e-58  195.9  15.1   1   2   2.3e-43   3.4e-42  143.1   7.4     5   201    17   212    13   240 0.86 -
NODE_72973_length_5350_cov_41.683870:2798-4231    -            478 68585at7898          -            300   2.8e-58  195.9  15.1   2   2   2.1e-17   3.2e-16   57.8   0.9   201   298   380   474   360   477 0.80 -
NODE_28732_length_9785_cov_35.190378:5053-7299    -            314 68585at7898          -            300   5.9e-58  194.8  19.8   1   1   1.1e-58   1.6e-57  193.4  19.8     7   293    19   314    14   314 0.82 -
NODE_27872_length_9938_cov_36.713081:2369-4396    -            254 68585at7898          -            300   2.8e-57  192.6  25.7   1   2   3.2e-47   4.8e-46  155.7  10.8     5   181     2   177     1   179 0.94 -
NODE_27872_length_9938_cov_36.713081:2369-4396    -            254 68585at7898          -            300   2.8e-57  192.6  25.7   2   2   6.9e-13     1e-11   43.0   7.5   220   293   180   252   177   254 0.93 -
NODE_12329_length_14008_cov_34.234740:5470-6597   -            376 68585at7898          -            300   3.7e-48  162.7  13.3   1   2   5.5e-31   8.3e-30  102.4   5.9     6   201     3   194     1   214 0.86 -
NODE_12329_length_14008_cov_34.234740:5470-6597   -            376 68585at7898          -            300   3.7e-48  162.7  13.3   2   2   1.2e-19   1.9e-18   65.1   0.7   208   295   286   373   273   376 0.90 -
NODE_9845_length_15144_cov_49.092655:5776-7206    -            477 68585at7898          -            300   6.3e-46  155.3  21.4   1   2   5.9e-28     9e-27   92.4  10.8    22   201     1   180     1   210 0.86 -
NODE_9845_length_15144_cov_49.092655:5776-7206    -            477 68585at7898          -            300   6.3e-46  155.3  21.4   2   2   9.9e-21   1.5e-19   68.7   2.8   204   293   385   473   372   477 0.87 -
NODE_28847_length_9766_cov_57.923244:1321-2505    -            395 68585at7898          -            300   9.1e-46  154.8  23.8   1   2   5.2e-30     8e-29   99.2  13.6     7   214    23   220    17   232 0.82 -
NODE_28847_length_9766_cov_57.923244:1321-2505    -            395 68585at7898          -            300   9.1e-46  154.8  23.8   2   2   1.7e-18   2.6e-17   61.4   2.5   206   296   300   391   289   395 0.87 -
NODE_13593_length_13518_cov_29.882629:490-1563    -            358 68585at7898          -            300   6.3e-45  152.1  12.3   1   2   1.6e-31   2.5e-30  104.1   5.7    19   201     2   182     1   191 0.91 -
NODE_13593_length_13518_cov_29.882629:490-1563    -            358 68585at7898          -            300   6.3e-45  152.1  12.3   2   2   1.1e-15   1.6e-14   52.2   0.5   195   293   259   358   240   358 0.90 -
NODE_136547_length_2637_cov_27.105595:121-1566    -            482 68585at7898          -            300     1e-44  151.4   4.5   1   2   3.5e-31   5.3e-30  103.1   0.2    11   200    21   208    12   266 0.89 -
NODE_136547_length_2637_cov_27.105595:121-1566    -            482 68585at7898          -            300     1e-44  151.4   4.5   2   2   4.4e-15   6.7e-14   50.2   0.6   209   293   397   482   384   482 0.93 -
NODE_605_length_30087_cov_181.363712:1402-2601    -            400 68585at7898          -            300   1.9e-44  150.5  14.6   1   2   5.1e-32   7.7e-31  105.8   6.9     8   206     2   198     1   213 0.86 -
NODE_605_length_30087_cov_181.363712:1402-2601    -            400 68585at7898          -            300   1.9e-44  150.5  14.6   2   2   6.6e-15     1e-13   49.6   0.9   206   293   310   400   294   400 0.82 -
NODE_4544_length_19101_cov_32.764235:7578-8804    -            409 68585at7898          -            300   1.2e-43  147.9  14.7   1   2   6.2e-31   9.4e-30  102.2   6.2    14   221     3   205     1   210 0.83 -
NODE_4544_length_19101_cov_32.764235:7578-8804    -            409 68585at7898          -            300   1.2e-43  147.9  14.7   2   2   2.8e-15   4.3e-14   50.8   1.3   204   294   318   409   307   409 0.90 -
NODE_733_length_28919_cov_27.554233:21072-22274   -            401 68585at7898          -            300     4e-43  146.1  11.2   1   2   1.6e-30   2.5e-29  100.8   3.5    10   207    18   211     9   231 0.81 -
NODE_733_length_28919_cov_27.554233:21072-22274   -            401 68585at7898          -            300     4e-43  146.1  11.2   2   2   4.7e-15   7.1e-14   50.1   0.9   207   293   314   401   276   401 0.86 -
NODE_17181_length_12343_cov_172.351927:7909-8907  -            333 68585at7898          -            300   1.9e-42  143.9  13.9   1   2   2.8e-32   4.3e-31  106.6  10.7     5   209     3   203     1   214 0.84 -
NODE_17181_length_12343_cov_172.351927:7909-8907  -            333 68585at7898          -            300   1.9e-42  143.9  13.9   2   2   1.5e-11   2.2e-10   38.6   0.1   212   292   252   332   241   333 0.92 -
NODE_25217_length_10424_cov_50.910993:8761-9720   -            320 68585at7898          -            300   4.2e-41  139.5  22.6   1   1   3.7e-42   5.7e-41  139.1  22.6     5   294    12   309     8   313 0.87 -
NODE_102085_length_3862_cov_27.430508:2010-3023   -            338 68585at7898          -            300   4.5e-40  136.1  11.5   1   2   4.1e-29   6.3e-28   96.2   4.3    13   213     5   200     1   217 0.87 -
NODE_102085_length_3862_cov_27.430508:2010-3023   -            338 68585at7898          -            300   4.5e-40  136.1  11.5   2   2   2.3e-13   3.5e-12   44.5   0.7   204   293   243   332   230   337 0.87 -
NODE_5750_length_17901_cov_37.627738:4597-5547    -            317 68585at7898          -            300   1.2e-39  134.7  16.1   1   1   4.1e-40   6.3e-39  132.4  16.1     4   293    11   317     8   317 0.82 -
NODE_59852_length_6268_cov_33.115416:3897-4907    -            337 68585at7898          -            300   6.6e-39  132.3  20.7   1   2   3.4e-27   5.2e-26   89.9  11.2     6   196     2   185     1   207 0.86 -
NODE_59852_length_6268_cov_33.115416:3897-4907    -            337 68585at7898          -            300   6.6e-39  132.3  20.7   2   2   1.9e-14   2.9e-13   48.1   2.0   208   293   249   334   239   337 0.85 -
NODE_33552_length_9031_cov_43.043439:4933-7166    -            309 68585at7898          -            300   1.2e-38  131.4  11.4   1   2   1.8e-26   2.7e-25   87.6   5.0    19   199     1   175     1   196 0.85 -
NODE_33552_length_9031_cov_43.043439:4933-7166    -            309 68585at7898          -            300   1.2e-38  131.4  11.4   2   2   2.2e-14   3.3e-13   47.9   0.4   196   293   207   307   201   309 0.83 -
NODE_138104_length_2589_cov_23.243373:367-1392    -            342 68585at7898          -            300   1.1e-37  128.2  16.2   1   2   5.4e-27   8.3e-26   89.3   8.7     9   203     3   192     1   213 0.86 -
NODE_138104_length_2589_cov_23.243373:367-1392    -            342 68585at7898          -            300   1.1e-37  128.2  16.2   2   2   3.5e-13   5.4e-12   43.9   0.8   208   293   253   338   241   342 0.83 -
NODE_20969_length_11344_cov_23.378213:8613-9587   -            325 68585at7898          -            300   3.6e-37  126.6  11.2   1   2   2.7e-27   4.1e-26   90.3   5.0    17   206     9   192     2   212 0.83 -
NODE_20969_length_11344_cov_23.378213:8613-9587   -            325 68585at7898          -            300   3.6e-37  126.6  11.2   2   2   4.5e-12   6.9e-11   40.3   0.4   203   293   232   322   221   325 0.82 -
NODE_12967_length_13748_cov_29.256283:11351-12394 -            348 68585at7898          -            300   1.2e-36  124.9  12.3   1   2   2.8e-24   4.3e-23   80.4   5.8     6   199     6   194     2   245 0.83 -
NODE_12967_length_13748_cov_29.256283:11351-12394 -            348 68585at7898          -            300   1.2e-36  124.9  12.3   2   2   1.2e-14   1.8e-13   48.8   0.4   210   294   261   346   248   348 0.91 -
NODE_40857_length_8080_cov_49.955645:5851-6780    -            310 68585at7898          -            300   1.5e-36  124.5  13.0   1   1   4.4e-36   6.7e-35  119.1  13.0    13   293    12   310     3   310 0.73 -
NODE_21139_length_11303_cov_31.609693:6055-7032   -            326 68585at7898          -            300   1.9e-36  124.2  23.1   1   1   1.3e-36   1.9e-35  120.9  23.1     5   297     1   313     1   316 0.82 -
NODE_23866_length_10689_cov_22.305760:3825-4949   -            375 68585at7898          -            300   3.5e-36  123.4  13.6   1   2   6.2e-27   9.4e-26   89.1   7.4     9   202     9   202     3   222 0.86 -
NODE_23866_length_10689_cov_22.305760:3825-4949   -            375 68585at7898          -            300   3.5e-36  123.4  13.6   2   2   2.1e-11   3.1e-10   38.1   0.4   207   293   289   375   281   375 0.89 -
NODE_46805_length_7434_cov_29.421813:5405-6334    -            310 68585at7898          -            300   1.3e-34  118.2  24.2   1   1   1.3e-35     2e-34  117.6  24.2     5   293     3   308     1   310 0.79 -
NODE_80975_length_4877_cov_33.430096:2411-3340    -            310 68585at7898          -            300   1.3e-34  118.2  22.5   1   1   9.8e-36   1.5e-34  118.0  22.5     2   293    14   310    13   310 0.85 -
NODE_20382_length_11486_cov_119.009660:3930-7692  -            349 68585at7898          -            300   2.8e-34  117.1  17.4   1   2     2e-24     3e-23   80.9   7.4    10   192    12   188     5   210 0.80 -
NODE_20382_length_11486_cov_119.009660:3930-7692  -            349 68585at7898          -            300   2.8e-34  117.1  17.4   2   2   1.4e-12   2.1e-11   42.0   2.3   196   296   243   346   237   349 0.83 -
NODE_3307_length_20845_cov_36.224284:4216-5106    -            297 68585at7898          -            300   5.7e-34  116.1  16.8   1   1   4.2e-35   6.5e-34  115.9  16.8     5   293     2   295     1   297 0.77 -
NODE_9505_length_15339_cov_65.000984:1353-2252    -            300 68585at7898          -            300     2e-33  114.3  17.0   1   1   1.6e-34   2.4e-33  114.0  17.0     6   288    12   300     6   300 0.81 -
NODE_109416_length_3562_cov_30.888247:702-1625    -            308 68585at7898          -            300   3.8e-33  113.4  23.7   1   1     3e-34   4.6e-33  113.1  23.7     2   293    12   308    11   308 0.85 -
NODE_13999_length_13378_cov_36.103396:4200-5117   -            306 68585at7898          -            300   5.3e-33  112.9  24.1   1   1   4.2e-34   6.3e-33  112.6  24.1     3   293    15   306    13   306 0.87 -
NODE_66696_length_5762_cov_29.069751:1498-2439    -            314 68585at7898          -            300   8.1e-33  112.3  15.8   1   2   1.3e-23     2e-22   78.2  11.3    14   201     1   189     1   214 0.85 -
NODE_66696_length_5762_cov_29.069751:1498-2439    -            314 68585at7898          -            300   8.1e-33  112.3  15.8   2   2   5.1e-11   7.8e-10   36.8   0.1   206   294   223   312   212   314 0.80 -
NODE_6679_length_17110_cov_30.697372:2558-3445    -            296 68585at7898          -            300   1.5e-32  111.4  21.6   1   1   1.1e-33   1.7e-32  111.2  21.6     5   292     4   295     1   296 0.83 -
NODE_55316_length_6639_cov_32.798318:2404-3258    -            285 68585at7898          -            300   2.1e-32  110.9   6.9   1   2   8.8e-29   1.3e-27   95.2   5.6    10   200    26   210    20   231 0.85 -
NODE_55316_length_6639_cov_32.798318:2404-3258    -            285 68585at7898          -            300   2.1e-32  110.9   6.9   2   2   0.00021    0.0032   15.1   0.0   211   240   255   284   243   285 0.85 -
NODE_40445_length_8128_cov_28.948935:1396-2379    -            328 68585at7898          -            300     4e-32  110.0  19.8   1   1   3.1e-33   4.7e-32  109.8  19.8     4   297     2   305     1   308 0.85 -
NODE_3307_length_20845_cov_36.224284:14959-15867  -            303 68585at7898          -            300   4.2e-32  110.0  19.6   1   1   3.5e-33   5.4e-32  109.6  19.6     3   295     5   302     3   303 0.79 -
NODE_3307_length_20845_cov_36.224284:1366-2211    -            282 68585at7898          -            300   6.2e-31  106.1  18.5   1   1   4.7e-32   7.1e-31  105.9  18.5    17   293     1   282     1   282 0.83 -
NODE_112403_length_3447_cov_28.310633:1984-2826   -            281 68585at7898          -            300   1.3e-30  105.1  15.9   1   2   6.6e-26     1e-24   85.7  13.1     5   205    16   208    12   226 0.86 -
NODE_112403_length_3447_cov_28.310633:1984-2826   -            281 68585at7898          -            300   1.3e-30  105.1  15.9   2   2   5.5e-06   8.3e-05   20.3   0.0   209   240   249   280   236   281 0.84 -
NODE_92187_length_4302_cov_29.999524:576-1553     -            326 68585at7898          -            300   1.5e-30  104.9   8.1   1   1   1.6e-29   2.4e-28   97.6   8.1    11   258    11   281     4   288 0.76 -
NODE_11855_length_14198_cov_27.998652:2099-2890   -            264 68585at7898          -            300   3.2e-30  103.8  13.2   1   2   2.9e-27   4.4e-26   90.2  10.1     5   201     3   193     1   221 0.88 -
NODE_11855_length_14198_cov_27.998652:2099-2890   -            264 68585at7898          -            300   3.2e-30  103.8  13.2   2   2   0.00021    0.0031   15.2   0.1   213   240   236   263   209   264 0.88 -
NODE_17281_length_12315_cov_63.675835:3010-3837   -            276 68585at7898          -            300   3.6e-30  103.6  19.4   1   1   2.7e-31   4.1e-30  103.4  19.4    14   288     2   276     1   276 0.85 -
NODE_26767_length_10143_cov_25.413182:2208-3059   -            284 68585at7898          -            300   1.5e-29  101.6  15.6   1   1   1.1e-30   1.7e-29  101.4  15.6    12   289     3   284     1   284 0.83 -
NODE_21431_length_11232_cov_26.654541:6528-7496   -            323 68585at7898          -            300   1.6e-29  101.4  23.0   1   1   1.4e-29   2.1e-28   97.8  23.0    10   296     8   320     1   322 0.75 -
NODE_9505_length_15339_cov_65.000984:7741-8589    -            283 68585at7898          -            300   2.3e-29  101.0  17.7   1   1   1.7e-30   2.5e-29  100.8  17.7    12   289     2   279     1   283 0.83 -
NODE_62268_length_6082_cov_25.256226:3925-4860    -            312 68585at7898          -            300   5.5e-29   99.7  26.3   1   1   4.3e-30   6.5e-29   99.5  26.3     4   295    23   311    20   312 0.79 -
NODE_8388_length_15950_cov_49.691250:1116-2493    -            367 68585at7898          -            300   5.7e-29   99.7  10.4   1   1   4.8e-30   7.3e-29   99.3  10.4     9   298    49   353    41   355 0.74 -
NODE_182190_length_1523_cov_23.900983:195-1223    -            343 68585at7898          -            300     3e-28   97.3  23.1   1   1   2.4e-29   3.7e-28   97.0  23.1     4   298    49   335    46   337 0.85 -
NODE_25592_length_10350_cov_27.626866:7452-8279   -            276 68585at7898          -            300   4.5e-28   96.7  22.1   1   1   4.3e-29   6.6e-28   96.2  22.1    15   295     2   275     1   276 0.78 -
NODE_25592_length_10350_cov_27.626866:2715-3539   -            275 68585at7898          -            300     1e-27   95.5  22.8   1   1   8.5e-29   1.3e-27   95.2  22.8    16   295     2   274     1   275 0.84 -
NODE_5423_length_18180_cov_38.750290:10102-10977  -            292 68585at7898          -            300   1.5e-27   95.0  20.8   1   1   1.1e-28   1.8e-27   94.8  20.8     8   294     6   290     1   292 0.80 -
NODE_35272_length_8779_cov_204.095737:2927-3793   -            289 68585at7898          -            300     2e-27   94.6  27.8   1   1   1.5e-28   2.3e-27   94.4  27.8     6   295     2   288     1   289 0.81 -
NODE_126515_length_2953_cov_37.700070:1782-2579   -            266 68585at7898          -            300   2.3e-27   94.4  19.4   1   1   1.7e-28   2.6e-27   94.2  19.4    14   278     3   265     1   266 0.81 -
NODE_11433_length_14380_cov_37.748477:12070-12861 -            264 68585at7898          -            300   2.6e-27   94.2  20.0   1   1     2e-28     3e-27   94.0  20.0    15   278     2   263     1   264 0.81 -
NODE_55120_length_6657_cov_28.546051:2145-3131    -            329 68585at7898          -            300   4.6e-27   93.4  19.9   1   1   3.8e-28   5.7e-27   93.1  19.9     6   297    37   321    32   324 0.81 -
NODE_161082_length_1986_cov_24.910970:363-1409    -            349 68585at7898          -            300   5.2e-27   93.2  19.6   1   2   2.3e-16   3.4e-15   54.4   7.3    12   148     9   145     2   155 0.84 -
NODE_161082_length_1986_cov_24.910970:363-1409    -            349 68585at7898          -            300   5.2e-27   93.2  19.6   2   2     4e-13   6.1e-12   43.7   4.4   203   298   234   341   167   343 0.83 -
NODE_111940_length_3465_cov_29.396910:2061-3020   -            320 68585at7898          -            300   7.4e-27   92.7  21.6   1   1   6.8e-28     1e-26   92.2  21.6     9   296    18   294    12   297 0.86 -
NODE_69963_length_5543_cov_27.354151:1947-2858    -            304 68585at7898          -            300   2.3e-26   91.1  21.6   1   1   1.8e-27   2.8e-26   90.8  21.6     5   297    12   298     8   301 0.82 -
NODE_1638_length_24666_cov_27.878048:1564-11413   -            270 68585at7898          -            300   2.6e-26   90.9  17.6   1   1   2.1e-27   3.2e-26   90.6  17.6    13   290     3   268     1   270 0.84 -
NODE_155368_length_2125_cov_24.468411:584-1411    -            276 68585at7898          -            300   2.7e-26   90.9  25.6   1   1   2.9e-27   4.4e-26   90.2  25.6    15   295     2   275     1   276 0.80 -
NODE_89818_length_4417_cov_26.040528:1350-2246    -            299 68585at7898          -            300   4.5e-26   90.1  20.0   1   1   3.6e-27   5.5e-26   89.9  20.0    12   292     2   288     1   294 0.80 -
NODE_19929_length_11598_cov_30.693278:1148-2014   -            289 68585at7898          -            300   8.2e-26   89.3  25.3   1   1   6.1e-27   9.3e-26   89.1  25.3     7   294     3   287     1   289 0.79 -
NODE_84669_length_4679_cov_33.573144:3160-4068    -            303 68585at7898          -            300   1.4e-25   88.5  18.8   1   1   1.2e-26   1.8e-25   88.2  18.8    12   294     2   290     1   295 0.77 -
NODE_12847_length_13802_cov_31.952857:8597-11718  -            259 68585at7898          -            300   1.9e-25   88.1  13.9   1   1   1.5e-26   2.2e-25   87.9  13.9    24   290     3   257     1   259 0.79 -
NODE_33575_length_9028_cov_36.861687:7471-8328    -            286 68585at7898          -            300   2.3e-25   87.9  25.2   1   1   1.7e-26   2.6e-25   87.7  25.2     6   295     5   285     1   286 0.85 -
NODE_19278_length_11766_cov_31.299134:9856-10674  -            273 68585at7898          -            300     3e-25   87.5  25.7   1   1   2.2e-26   3.3e-25   87.3  25.7     6   278     2   272     1   273 0.83 -
NODE_15712_length_12778_cov_28.993454:5061-5936   -            292 68585at7898          -            300   3.1e-25   87.4  14.8   1   1   2.7e-26   4.1e-25   87.0  14.8    15   289     6   288     1   292 0.76 -
NODE_75328_length_5202_cov_29.681952:2824-3723    -            300 68585at7898          -            300   3.3e-25   87.3  20.2   1   1   2.7e-26   4.1e-25   87.0  20.2    12   293     2   289     1   295 0.78 -
NODE_22645_length_10958_cov_19.342205:6808-7662   -            285 68585at7898          -            300     4e-25   87.1  25.2   1   1   3.7e-26   5.7e-25   86.5  25.2     7   295     3   284     1   285 0.78 -
NODE_55095_length_6658_cov_38.132642:2231-3097    -            289 68585at7898          -            300   7.9e-25   86.1  13.7   1   1   6.3e-26   9.6e-25   85.8  13.7    16   291     6   283     1   287 0.86 -
NODE_28669_length_9799_cov_71.554639:4904-5806    -            301 68585at7898          -            300   1.2e-24   85.5  21.7   1   1   9.5e-26   1.4e-24   85.2  21.7    14   296     4   290     1   294 0.76 -
NODE_11433_length_14380_cov_37.748477:446-1270    -            275 68585at7898          -            300   1.5e-24   85.1  29.7   1   1   1.1e-25   1.7e-24   85.0  29.7     6   286     2   274     1   275 0.80 -
NODE_1617_length_24760_cov_37.930214:4009-4680    -            224 68585at7898          -            300   1.9e-24   84.8   9.3   1   2   5.8e-25   8.9e-24   82.6   4.7     6   148     1   143     1   176 0.85 -
NODE_1617_length_24760_cov_37.930214:4009-4680    -            224 68585at7898          -            300   1.9e-24   84.8   9.3   2   2      0.25       3.8    5.0   0.1   166   200   188   222   181   224 0.88 -
NODE_15424_length_12868_cov_37.508027:4297-5142   -            282 68585at7898          -            300   2.6e-24   84.4  24.8   1   1   1.9e-25   2.9e-24   84.2  24.8    11   294     4   282     1   282 0.83 -
NODE_105352_length_3726_cov_28.496829:952-1818    -            289 68585at7898          -            300   1.1e-23   82.3  25.9   1   1   8.1e-25   1.2e-23   82.1  25.9    12   294     8   287     1   289 0.76 -
NODE_61013_length_6174_cov_30.911111:4473-5312    -            280 68585at7898          -            300   1.2e-23   82.2  26.4   1   1   9.1e-25   1.4e-23   82.0  26.4    15   295     2   279     1   280 0.78 -
NODE_51997_length_6933_cov_29.215833:3887-4739    -            246 68585at7898          -            300   1.6e-23   81.8  18.9   1   2   1.6e-17   2.5e-16   58.2   4.1     5   119     4   118     1   136 0.93 -
NODE_51997_length_6933_cov_29.215833:3887-4739    -            246 68585at7898          -            300   1.6e-23   81.8  18.9   2   2   4.1e-08   6.3e-07   27.3   6.8   174   278   149   245   133   246 0.68 -
NODE_62268_length_6082_cov_25.256226:2368-3207    -            280 68585at7898          -            300   7.7e-23   79.5  24.2   1   1   5.8e-24   8.8e-23   79.3  24.2    17   294     4   278     1   280 0.77 -
NODE_59_length_46364_cov_38.975856:6135-17760     -            326 68585at7898          -            300     1e-22   79.1  17.8   1   2   7.2e-14   1.1e-12   46.2   6.3    12   137     6   127     2   151 0.78 -
NODE_59_length_46364_cov_38.975856:6135-17760     -            326 68585at7898          -            300     1e-22   79.1  17.8   2   2   1.3e-11     2e-10   38.8   3.6   191   294   215   317   170   322 0.70 -
NODE_16242_length_12620_cov_29.515214:6142-6999   -            286 68585at7898          -            300   2.1e-22   78.1  17.9   1   1   1.6e-23   2.5e-22   77.9  17.9     9   293     3   286     1   286 0.80 -
NODE_72254_length_5397_cov_32.305965:1749-2690    -            314 68585at7898          -            300   2.8e-22   77.7  20.7   1   1   2.3e-23   3.5e-22   77.4  20.7    11   296    35   311    26   314 0.77 -
NODE_19904_length_11605_cov_32.153311:5189-6456   -            257 68585at7898          -            300   5.4e-22   76.8  13.7   1   1     4e-23   6.1e-22   76.6  13.7    37   290     3   256     1   257 0.77 -
NODE_119648_length_3187_cov_42.890544:1791-2711   -            307 68585at7898          -            300   5.6e-22   76.7  21.7   1   1   5.7e-23   8.6e-22   76.1  21.7    13   292     7   285     1   294 0.75 -
NODE_21439_length_11231_cov_26.818451:8870-9925   -            352 68585at7898          -            300   8.7e-22   76.1  12.2   1   2   3.2e-16   4.8e-15   53.9   7.8    15   196     3   180     1   206 0.75 -
NODE_21439_length_11231_cov_26.818451:8870-9925   -            352 68585at7898          -            300   8.7e-22   76.1  12.2   2   2   2.8e-07   4.3e-06   24.5   0.1   217   292   279   351   255   352 0.79 -
NODE_31852_length_9280_cov_36.461497:2132-3064    -            311 68585at7898          -            300   1.2e-21   75.7  22.8   1   1   9.9e-23   1.5e-21   75.3  22.8     9   293    29   308    24   311 0.78 -
NODE_16128_length_12652_cov_28.873974:2463-10906  -            255 68585at7898          -            300   1.3e-21   75.5  18.5   1   2   1.6e-18   2.5e-17   61.4   8.1    16   148     6   135     2   151 0.86 -
NODE_16128_length_12652_cov_28.873974:2463-10906  -            255 68585at7898          -            300   1.3e-21   75.5  18.5   2   2   8.4e-06   0.00013   19.7   2.7   203   290   158   248   148   254 0.79 -
NODE_39436_length_8248_cov_25.637379:6800-7801    -            334 68585at7898          -            300   1.7e-21   75.1  20.5   1   1   2.2e-22   3.3e-21   74.2  20.5     7   296    31   328    25   332 0.73 -
NODE_19278_length_11766_cov_31.299134:4210-5007   -            266 68585at7898          -            300   2.4e-21   74.6  22.7   1   1   1.8e-22   2.8e-21   74.4  22.7    14   278     3   265     1   266 0.78 -
NODE_67172_length_5728_cov_58.108723:2102-5135    -            312 68585at7898          -            300   3.8e-21   74.0  15.0   1   1   2.9e-22   4.4e-21   73.8  15.0    13   293     7   292     1   301 0.78 -
NODE_46147_length_7501_cov_26.654688:4383-5381    -            333 68585at7898          -            300   4.7e-21   73.7  18.1   1   1   5.6e-22   8.5e-21   72.8  18.1     9   293     3   295     1   300 0.77 -
NODE_29428_length_9665_cov_26.089484:4307-7828    -            317 68585at7898          -            300   4.8e-21   73.7  17.7   1   1   3.9e-22   5.9e-21   73.3  17.7     2   282    27   313    26   317 0.82 -
NODE_52117_length_6922_cov_34.332991:1266-2153    -            296 68585at7898          -            300   7.3e-21   73.0  15.2   1   1   9.7e-22   1.5e-20   72.0  15.2    14   289    11   286     3   292 0.80 -
NODE_1800_length_24163_cov_30.557680:13361-14699  -            321 68585at7898          -            300   9.8e-21   72.6  20.6   1   1   1.1e-21   1.6e-20   71.9  20.6     9   294     4   283     1   290 0.75 -
NODE_103526_length_3801_cov_24.537007:231-1139    -            254 68585at7898          -            300   1.4e-20   72.1  16.6   1   1   1.1e-21   1.7e-20   71.8  16.6    35   289     5   253     2   254 0.76 -
NODE_105626_length_3715_cov_40.080752:1139-1987   -            283 68585at7898          -            300   1.6e-20   72.0  17.5   1   2   6.4e-17   9.7e-16   56.2  10.3    14   186     4   178     1   184 0.86 -
NODE_105626_length_3715_cov_40.080752:1139-1987   -            283 68585at7898          -            300   1.6e-20   72.0  17.5   2   2   5.3e-06   8.1e-05   20.4   0.7   213   293   189   278   181   282 0.71 -
NODE_148537_length_2304_cov_24.656689:1034-1906   -            291 68585at7898          -            300   1.7e-20   71.8  20.0   1   1   1.3e-21     2e-20   71.6  20.0     7   293     5   291     1   291 0.76 -
NODE_74016_length_5286_cov_29.649701:561-1568     -            336 68585at7898          -            300   3.2e-20   71.0  21.6   1   1   3.6e-21   5.4e-20   70.2  21.6     9   297    39   329    31   332 0.76 -
NODE_14997_length_13008_cov_30.039740:7141-8411   -            253 68585at7898          -            300   4.4e-20   70.5  12.5   1   1   3.6e-21   5.4e-20   70.2  12.5    35   289     7   252     3   253 0.76 -
NODE_53675_length_6780_cov_23.786858:2385-3203    -            273 68585at7898          -            300   8.1e-20   69.6  16.0   1   1   7.8e-21   1.2e-19   69.1  16.0    17   291     7   272     2   273 0.81 -
NODE_39828_length_8200_cov_31.187014:3669-4482    -            263 68585at7898          -            300     1e-19   69.2  32.5   1   1   7.7e-21   1.2e-19   69.1  32.5    14   286     3   263     1   263 0.83 -
NODE_18001_length_12114_cov_34.651103:6055-6858   -            268 68585at7898          -            300   1.1e-19   69.1  21.1   1   1   9.4e-20   1.4e-18   65.5  21.1    13   287     6   265     2   268 0.84 -
NODE_23060_length_10867_cov_30.097047:3266-4228   -            321 68585at7898          -            300   1.1e-19   69.1  15.3   1   2   1.4e-15   2.1e-14   51.8   6.0    13   199     5   188     1   214 0.82 -
NODE_23060_length_10867_cov_30.097047:3266-4228   -            321 68585at7898          -            300   1.1e-19   69.1  15.3   2   2   7.4e-07   1.1e-05   23.2   1.8   210   294   237   320   213   321 0.77 -
NODE_103159_length_3816_cov_27.690073:1211-2092   -            294 68585at7898          -            300   1.2e-19   69.0  18.3   1   1   1.3e-20     2e-19   68.3  18.3     7   286     6   294     1   294 0.74 -
NODE_54836_length_6681_cov_31.881647:3010-6152    -            300 68585at7898          -            300   1.8e-19   68.5  16.4   1   1   1.6e-20   2.4e-19   68.1  16.4    34   295    29   278     6   283 0.79 -
NODE_63710_length_5975_cov_31.607556:1312-2285    -            238 68585at7898          -            300     2e-19   68.3  11.4   1   2   6.4e-14   9.7e-13   46.4   2.1    35   135     5   103     2   110 0.91 -
NODE_63710_length_5975_cov_31.607556:1312-2285    -            238 68585at7898          -            300     2e-19   68.3  11.4   2   2   3.9e-08     6e-07   27.4   2.2   178   289   127   237   114   238 0.68 -
NODE_32934_length_9120_cov_26.076488:3223-4086    -            288 68585at7898          -            300   2.2e-19   68.2  20.7   1   1   1.7e-20   2.6e-19   67.9  20.7    13   285     3   282     1   287 0.81 -
NODE_32934_length_9120_cov_26.076488:5033-5896    -            288 68585at7898          -            300   2.2e-19   68.2  20.7   1   1   1.7e-20   2.6e-19   67.9  20.7    13   285     3   282     1   287 0.81 -
NODE_19500_length_11712_cov_38.848446:4642-5682   -            347 68585at7898          -            300   2.6e-19   67.9  24.0   1   1   3.8e-20   5.8e-19   66.8  24.0     6   295    43   313    40   315 0.84 -
NODE_3474_length_20573_cov_61.282212:8214-9200    -            329 68585at7898          -            300   2.8e-19   67.8  20.6   1   1   2.4e-20   3.6e-19   67.5  20.6    19   280     6   270     1   280 0.80 -
NODE_7720_length_16333_cov_67.142664:3106-3963    -            286 68585at7898          -            300   4.7e-19   67.1  17.8   1   1   3.4e-20   5.2e-19   67.0  17.8     6   289     3   282     1   286 0.87 -
NODE_43522_length_7778_cov_36.849850:3716-4732    -            339 68585at7898          -            300   5.7e-19   66.8  13.0   1   2   1.3e-14     2e-13   48.6   7.2    13   142    14   143     2   204 0.87 -
NODE_43522_length_7778_cov_36.849850:3716-4732    -            339 68585at7898          -            300   5.7e-19   66.8  13.0   2   2   1.8e-06   2.7e-05   21.9   0.3   216   292   262   338   246   339 0.94 -
NODE_3285_length_20877_cov_41.690057:4608-5501    -            298 68585at7898          -            300   1.4e-18   65.5  17.1   1   1   1.2e-19   1.8e-18   65.2  17.1     6   292    11   298     6   298 0.83 -
NODE_12447_length_13959_cov_38.523665:1111-2013   -            301 68585at7898          -            300   1.6e-18   65.4  17.6   1   1   1.3e-19     2e-18   65.1  17.6    11   294    27   301    23   301 0.83 -
NODE_16158_length_12644_cov_36.888242:6448-7323   -            292 68585at7898          -            300   1.8e-18   65.2  18.1   1   1   3.4e-19   5.2e-18   63.7  18.1     7   287     1   291     1   292 0.74 -
NODE_38459_length_8369_cov_33.531802:982-5161     -            268 68585at7898          -            300   2.1e-18   64.9   9.0   1   2   1.5e-10   2.2e-09   35.3   0.9    70   191     1   121     1   140 0.79 -
NODE_38459_length_8369_cov_33.531802:982-5161     -            268 68585at7898          -            300   2.1e-18   64.9   9.0   2   2   3.2e-10   4.9e-09   34.2   1.7   213   293   181   265   169   268 0.84 -
NODE_6200_length_17505_cov_37.954384:1693-2526    -            278 68585at7898          -            300   2.5e-18   64.7  15.8   1   1   1.3e-17     2e-16   58.5  15.8    16   286    11   275     2   278 0.77 -
NODE_60131_length_6246_cov_32.728811:828-1328     -            167 68585at7898          -            300     4e-18   64.1   2.0   1   1   3.5e-19   5.3e-18   63.6   2.0   169   297     4   141     2   144 0.78 -
NODE_138165_length_2587_cov_34.155145:938-1807    -            290 68585at7898          -            300   6.6e-18   63.3  16.5   1   1     5e-19   7.6e-18   63.1  16.5    19   280    14   284     1   290 0.74 -
NODE_39962_length_8184_cov_38.808163:2536-3534    -            333 68585at7898          -            300     7e-18   63.2  25.2   1   1   6.7e-19     1e-17   62.7  25.2     5   291    19   314    15   320 0.73 -
NODE_59567_length_6288_cov_30.939085:4299-5147    -            283 68585at7898          -            300   1.2e-17   62.5  25.4   1   1   2.9e-17   4.5e-16   57.3  25.4    15   293     8   279     2   282 0.77 -
NODE_59290_length_6309_cov_30.291465:1856-2716    -            287 68585at7898          -            300   1.4e-17   62.3  16.3   1   1   1.2e-18   1.8e-17   61.9  16.3    15   291     5   286     1   287 0.75 -
NODE_101251_length_3897_cov_29.509215:1539-2435   -            299 68585at7898          -            300   1.4e-17   62.2  29.0   1   1   1.3e-18   1.9e-17   61.8  29.0     9   294    27   298    21   299 0.80 -
NODE_25618_length_10345_cov_26.194125:7599-8336   -            246 68585at7898          -            300   1.6e-17   62.1  18.9   1   1   1.2e-18   1.8e-17   61.9  18.9    40   292     1   245     1   246 0.83 -
NODE_26421_length_10207_cov_21.870301:1081-4297   -            216 68585at7898          -            300   1.8e-17   61.9  24.0   1   2     4e-16     6e-15   53.6   9.0    14   135     7   129     2   142 0.90 -
NODE_26421_length_10207_cov_21.870301:1081-4297   -            216 68585at7898          -            300   1.8e-17   61.9  24.0   2   2   0.00051    0.0077   13.9   8.0   222   280   151   212   131   216 0.73 -
NODE_263908_length_516_cov_30.894484:27-482       -            152 68585at7898          -            300   1.8e-17   61.9  13.9   1   1   1.4e-18   2.2e-17   61.6  13.9     3   135    21   152    19   152 0.89 -
NODE_98619_length_4011_cov_25.636247:678-1643     -            322 68585at7898          -            300   1.9e-17   61.8  17.7   1   1   1.7e-18   2.6e-17   61.4  17.7     5   293    17   318    12   322 0.78 -
NODE_75975_length_5164_cov_25.209872:3728-4453    -            242 68585at7898          -            300   4.3e-17   60.7   7.6   1   2   1.2e-07   1.8e-06   25.8   0.5    89   209    15   128     6   149 0.74 -
NODE_75975_length_5164_cov_25.209872:3728-4453    -            242 68585at7898          -            300   4.3e-17   60.7   7.6   2   2   1.5e-11   2.3e-10   38.6   1.6   211   293   154   239   142   242 0.80 -
NODE_75975_length_5164_cov_25.209872:710-1435     -            242 68585at7898          -            300   4.3e-17   60.7   7.6   1   2   1.2e-07   1.8e-06   25.8   0.5    89   209    15   128     6   149 0.74 -
NODE_75975_length_5164_cov_25.209872:710-1435     -            242 68585at7898          -            300   4.3e-17   60.7   7.6   2   2   1.5e-11   2.3e-10   38.6   1.6   211   293   154   239   142   242 0.80 -
NODE_167730_length_1830_cov_26.389948:1341-1796   -            152 68585at7898          -            300   4.6e-17   60.6  13.6   1   1   3.6e-18   5.5e-17   60.3  13.6     3   135    21   152    19   152 0.89 -
NODE_158974_length_2037_cov_24.345201:779-1612    -            278 68585at7898          -            300   1.1e-16   59.3  14.3   1   2   1.7e-12   2.6e-11   41.7   6.8    10   134    11   132     4   144 0.86 -
NODE_158974_length_2037_cov_24.345201:779-1612    -            278 68585at7898          -            300   1.1e-16   59.3  14.3   2   2   1.1e-06   1.7e-05   22.6   0.8   213   287   195   272   168   278 0.85 -
NODE_3333_length_20803_cov_37.912674:3307-15445   -            276 68585at7898          -            300   1.9e-16   58.6  15.4   1   2   6.5e-10   9.9e-09   33.2   4.2     9    62     3    56     1    66 0.86 -
NODE_3333_length_20803_cov_37.912674:3307-15445   -            276 68585at7898          -            300   1.9e-16   58.6  15.4   2   2   4.3e-09   6.5e-08   30.5   3.8   121   294    77   270    61   275 0.64 -
NODE_65929_length_5818_cov_22.802238:4958-5548    -            197 68585at7898          -            300   1.9e-16   58.5   5.7   1   1   1.6e-17   2.5e-16   58.2   5.7   168   296    36   174    13   178 0.72 -
NODE_36769_length_8588_cov_25.917894:854-1747     -            298 68585at7898          -            300   2.5e-16   58.1  15.2   1   1   2.1e-17   3.2e-16   57.8  15.2    14   290     5   295     1   298 0.78 -
NODE_152936_length_2187_cov_23.408046:187-1029    -            281 68585at7898          -            300   3.2e-16   57.8  20.4   1   1   1.8e-15   2.7e-14   51.5  20.4    14   288    14   280     3   281 0.79 -
NODE_80492_length_4906_cov_36.332848:767-1702     -            312 68585at7898          -            300   4.3e-16   57.4  17.4   1   1   4.3e-17   6.6e-16   56.8  17.4     7   287     2   304     1   310 0.69 -
NODE_7789_length_16292_cov_27.950349:5886-6785    -            300 68585at7898          -            300   5.4e-16   57.1  21.2   1   1   4.9e-17   7.4e-16   56.6  21.2     9   294    30   300    27   300 0.81 -
NODE_61275_length_6153_cov_72.371160:4085-4921    -            279 68585at7898          -            300   8.9e-16   56.3  19.7   1   1   7.2e-17   1.1e-15   56.0  19.7    18   287     8   277     2   279 0.73 -
NODE_66875_length_5750_cov_31.339940:3088-3963    -            292 68585at7898          -            300     1e-15   56.1  20.2   1   1   8.6e-17   1.3e-15   55.8  20.2    11   290     2   288     1   291 0.78 -
NODE_62688_length_6051_cov_32.222278:1851-2663    -            271 68585at7898          -            300   1.2e-15   55.9  14.1   1   1     1e-16   1.5e-15   55.6  14.1    39   295     8   267     2   270 0.78 -
NODE_64809_length_5896_cov_25.662929:1218-2183    -            322 68585at7898          -            300   1.6e-15   55.5  19.8   1   1   3.3e-15     5e-14   50.6  19.8    13   293    21   293    11   297 0.78 -
NODE_49929_length_7127_cov_30.779880:1492-2430    -            313 68585at7898          -            300   1.9e-15   55.3  26.6   1   1   4.9e-16   7.4e-15   53.3  26.6    17   294    41   310    30   313 0.76 -
NODE_39665_length_8220_cov_28.398104:2629-3435    -            269 68585at7898          -            300     2e-15   55.2  19.3   1   1   1.9e-15     3e-14   51.3  19.3    17   288     3   266     1   269 0.71 -
NODE_6893_length_16947_cov_142.465990:14148-15023 -            292 68585at7898          -            300   3.8e-15   54.3  11.6   1   1   3.2e-16   4.9e-15   53.9  11.6    14   286    13   288     1   292 0.70 -
NODE_23690_length_10727_cov_34.141513:1105-1950   -            282 68585at7898          -            300   4.4e-15   54.1  22.0   1   1   1.6e-14   2.4e-13   48.4  22.0    15   293     8   278     2   281 0.76 -
NODE_133487_length_2728_cov_34.429441:413-1183    -            257 68585at7898          -            300   5.9e-15   53.7  18.4   1   1   4.3e-15   6.5e-14   50.2  18.4    26   291     7   252     1   257 0.78 -
NODE_80908_length_4880_cov_36.396988:2022-3065    -            348 68585at7898          -            300   9.2e-15   53.0  22.6   1   2   7.8e-12   1.2e-10   39.5  15.3     7   164    12   167     6   216 0.77 -
NODE_80908_length_4880_cov_36.396988:2022-3065    -            348 68585at7898          -            300   9.2e-15   53.0  22.6   2   2   2.7e-05   0.00041   18.0   0.7   215   280   264   329   247   346 0.86 -
NODE_374_length_33112_cov_39.579590:12555-13325   -            257 68585at7898          -            300   1.1e-14   52.7  18.1   1   1   5.7e-15   8.6e-14   49.8  18.1    26   291     7   252     1   257 0.74 -
NODE_69028_length_5608_cov_32.775821:1097-2116    -            340 68585at7898          -            300   1.6e-14   52.2  22.4   1   1   1.5e-15   2.3e-14   51.7  22.4    13   281    26   295    18   309 0.71 -
NODE_101180_length_3900_cov_27.085504:1021-1875   -            285 68585at7898          -            300   1.8e-14   52.0  17.6   1   1   2.5e-15   3.8e-14   51.0  17.6    15   290     5   283     2   285 0.74 -
NODE_67363_length_5715_cov_33.485043:3962-4816    -            285 68585at7898          -            300   1.9e-14   52.0  17.2   1   1   2.1e-15   3.1e-14   51.3  17.2    15   279    25   283    17   285 0.76 -
NODE_9838_length_15149_cov_32.893023:11957-12865  -            303 68585at7898          -            300     2e-14   51.9  25.7   1   1   1.7e-15   2.6e-14   51.6  25.7     9   287    24   301    17   303 0.79 -
NODE_84734_length_4676_cov_34.072318:2263-3150    -            296 68585at7898          -            300     2e-14   51.9  16.7   1   1   1.7e-15   2.6e-14   51.5  16.7    12   291    17   294    11   296 0.74 -
NODE_102596_length_3840_cov_30.586207:1178-1987   -            270 68585at7898          -            300   2.1e-14   51.8  22.4   1   1   9.3e-15   1.4e-13   49.1  22.4    34   293    13   266     1   270 0.76 -
NODE_128343_length_2891_cov_41.259312:504-1418    -            305 68585at7898          -            300   2.2e-14   51.8  27.8   1   1   1.5e-14   2.3e-13   48.4  27.8     5   287     7   281     3   292 0.73 -
NODE_61595_length_6130_cov_24.211739:3427-4356    -            310 68585at7898          -            300   2.3e-14   51.7  13.9   1   1     2e-15   3.1e-14   51.3  13.9     9   288    24   304    17   309 0.76 -
NODE_42732_length_7867_cov_30.254248:4043-4963    -            307 68585at7898          -            300   2.8e-14   51.4  13.7   1   1   2.3e-15   3.5e-14   51.1  13.7     6   283     5   303     1   307 0.64 -
NODE_77204_length_5096_cov_28.886532:932-1894     -            321 68585at7898          -            300   3.1e-14   51.3  17.8   1   1   1.7e-13   2.5e-12   45.0  17.8    10   291     8   317     2   321 0.77 -
NODE_21719_length_11161_cov_33.687398:2098-3036   -            313 68585at7898          -            300   3.4e-14   51.2  18.6   1   1   2.9e-15   4.4e-14   50.8  18.6     5   289    20   310    16   313 0.74 -
NODE_91439_length_4337_cov_218.970977:3025-3879   -            285 68585at7898          -            300   3.6e-14   51.1   7.5   1   1     2e-14     3e-13   48.0   7.5     9   294    17   284     9   285 0.73 -
NODE_14660_length_13128_cov_38.969530:9832-10749  -            306 68585at7898          -            300   4.6e-14   50.7  20.7   1   1   3.7e-15   5.7e-14   50.4  20.7    10   290    22   304    16   306 0.77 -
NODE_39665_length_8220_cov_28.398104:6899-7723    -            275 68585at7898          -            300     5e-14   50.6  19.6   1   1   4.9e-14   7.4e-13   46.8  19.6    10   286     5   271     1   275 0.71 -
NODE_77851_length_5057_cov_25.675877:4065-4916    -            284 68585at7898          -            300   5.7e-14   50.4  22.6   1   1   4.1e-13   6.2e-12   43.7  22.6    12   293    10   280     3   283 0.75 -
NODE_26058_length_10269_cov_28.347984:7899-8750   -            284 68585at7898          -            300   5.9e-14   50.4  24.6   1   1   4.9e-15   7.4e-14   50.0  24.6    40   294     1   249     1   255 0.80 -
NODE_57266_length_6473_cov_22.950580:2832-3581    -            250 68585at7898          -            300   6.3e-14   50.3  16.2   1   1   4.9e-15   7.5e-14   50.0  16.2    40   293     1   248     1   250 0.77 -
NODE_60503_length_6215_cov_28.732341:1616-2506    -            297 68585at7898          -            300   6.5e-14   50.2  21.4   1   1     7e-15   1.1e-13   49.5  21.4     5   290     7   294     3   297 0.72 -
NODE_20840_length_11378_cov_35.702722:2382-3335   -            318 68585at7898          -            300   7.3e-14   50.1  25.3   1   1   7.4e-15   1.1e-13   49.5  25.3     8   294    28   311    22   317 0.77 -
NODE_7207_length_16690_cov_34.580134:779-1645     -            289 68585at7898          -            300   7.4e-14   50.0  16.8   1   1     5e-14   7.6e-13   46.7  16.8    10   293     9   287     1   289 0.65 -
NODE_22520_length_10986_cov_29.854873:7282-8031   -            250 68585at7898          -            300   9.1e-14   49.8  26.4   1   1   7.1e-15   1.1e-13   49.5  26.4    40   293     1   247     1   250 0.84 -
NODE_118370_length_3232_cov_26.464730:1252-2196   -            315 68585at7898          -            300   1.1e-13   49.5  19.9   1   1   1.3e-14     2e-13   48.6  19.9    14   291     8   284     1   293 0.74 -
NODE_61231_length_6156_cov_38.717352:1617-2555    -            313 68585at7898          -            300   1.1e-13   49.5  20.5   1   1   1.1e-14   1.7e-13   48.9  20.5     9   294    36   313    31   313 0.74 -
NODE_8977_length_15605_cov_32.158777:3848-12088   -            341 68585at7898          -            300   1.2e-13   49.4  15.5   1   3    0.0003    0.0045   14.6   0.3    21    60     1    40     1    50 0.91 -
NODE_8977_length_15605_cov_32.158777:3848-12088   -            341 68585at7898          -            300   1.2e-13   49.4  15.5   2   3   2.7e-05   0.00041   18.1   5.4    87   211    50   169    43   186 0.80 -
NODE_8977_length_15605_cov_32.158777:3848-12088   -            341 68585at7898          -            300   1.2e-13   49.4  15.5   3   3   6.9e-07   1.1e-05   23.3   0.1   227   286   271   335   238   341 0.75 -
NODE_30518_length_9492_cov_74.846162:2070-2915    -            282 68585at7898          -            300   1.2e-13   49.3  11.6   1   1   1.1e-14   1.6e-13   48.9  11.6    24   297     9   277     4   279 0.77 -
NODE_21057_length_11324_cov_32.919198:3314-4273   -            320 68585at7898          -            300   1.4e-13   49.1  16.7   1   1   1.2e-14   1.9e-13   48.7  16.7    14   288    29   313    20   319 0.71 -
NODE_58945_length_6334_cov_27.709703:2112-3080    -            323 68585at7898          -            300   1.5e-13   49.1  12.3   1   2     3e-09   4.6e-08   31.0   5.6    14   141     6   133     1   183 0.82 -
NODE_58945_length_6334_cov_27.709703:2112-3080    -            323 68585at7898          -            300   1.5e-13   49.1  12.3   2   2   1.2e-06   1.8e-05   22.5   0.5   216   279   252   315   235   323 0.89 -
NODE_20589_length_11439_cov_38.554762:7569-8408   -            280 68585at7898          -            300   1.5e-13   49.0  22.2   1   1   1.1e-14   1.7e-13   48.8  22.2    17   284     4   277     1   280 0.73 -
NODE_50231_length_7094_cov_116.688063:3780-4655   -            292 68585at7898          -            300   1.7e-13   48.8  27.2   1   2   2.7e-06   4.2e-05   21.3  14.6     6   133    19   151    15   191 0.80 -
NODE_50231_length_7094_cov_116.688063:3780-4655   -            292 68585at7898          -            300   1.7e-13   48.8  27.2   2   2   9.9e-09   1.5e-07   29.3   9.6   212   294   207   292   156   292 0.67 -
NODE_67037_length_5738_cov_48.341905:3896-4738    -            281 68585at7898          -            300   1.9e-13   48.7  20.8   1   1   1.5e-14   2.3e-13   48.4  20.8    17   284     5   275     1   280 0.73 -
NODE_65638_length_5839_cov_20.113066:873-1703     -            277 68585at7898          -            300     2e-13   48.6  17.8   1   1   1.7e-14   2.6e-13   48.3  17.8    15   287     3   274     1   277 0.73 -
NODE_113644_length_3403_cov_24.246973:672-2445    -            266 68585at7898          -            300   2.7e-13   48.2  18.4   1   1   2.2e-14   3.4e-13   47.9  18.4    42   288     3   250     1   257 0.79 -
NODE_69435_length_5579_cov_27.594343:3750-4628    -            293 68585at7898          -            300   3.4e-13   47.9   5.5   1   1   2.7e-14   4.1e-13   47.6   5.5    12   204    68   267    58   293 0.71 -
NODE_15674_length_12790_cov_24.380506:10764-11678 -            305 68585at7898          -            300   3.5e-13   47.8  20.1   1   1     1e-12   1.6e-11   42.4  20.1    16   294     9   279     2   286 0.77 -
NODE_152911_length_2187_cov_37.636015:236-1078    -            281 68585at7898          -            300   5.4e-13   47.2  20.9   1   1   4.9e-14   7.5e-13   46.7  20.9    19   291     6   277     1   280 0.81 -
NODE_42868_length_7852_cov_28.068619:6056-6904    -            283 68585at7898          -            300   5.8e-13   47.1  28.7   1   1   4.9e-13   7.4e-12   43.5  28.7     6   293     2   281     1   283 0.81 -
NODE_62048_length_6098_cov_30.980997:2009-2863    -            285 68585at7898          -            300   7.3e-13   46.8  24.0   1   1   4.9e-13   7.5e-12   43.5  24.0     3   286     4   285     2   285 0.73 -
NODE_77564_length_5074_cov_24.388744:891-1601     -            237 68585at7898          -            300   7.8e-13   46.7  12.0   1   1   5.7e-14   8.7e-13   46.5  12.0    18   239     6   237     1   237 0.83 -
NODE_17626_length_12208_cov_46.943265:4165-5121   -            319 68585at7898          -            300     9e-13   46.5  22.5   1   1   2.4e-13   3.6e-12   44.5  22.5     7   290    16   296    10   305 0.69 -
NODE_39869_length_8194_cov_34.601729:5410-6234    -            275 68585at7898          -            300   1.1e-12   46.2  16.8   1   1   9.1e-14   1.4e-12   45.9  16.8    25   290     8   267     2   274 0.71 -
NODE_163761_length_1922_cov_28.749314:689-1348    -            220 68585at7898          -            300   1.6e-12   45.6  10.6   1   1   1.2e-13   1.9e-12   45.4  10.6     4   164    29   189    26   217 0.78 -
NODE_6025_length_17644_cov_32.583186:6946-7851    -            302 68585at7898          -            300   1.7e-12   45.6  12.4   1   1   5.7e-13   8.8e-12   43.2  12.4    11   294    27   302    17   302 0.76 -
NODE_37547_length_8491_cov_54.116420:1930-2874    -            315 68585at7898          -            300   1.9e-12   45.4  26.0   1   1   1.7e-12   2.5e-11   41.7  26.0    10   294    21   294    12   300 0.76 -
NODE_74362_length_5265_cov_26.024584:599-1447     -            283 68585at7898          -            300     2e-12   45.3  21.0   1   1   5.2e-11   7.9e-10   36.8  21.0    15   293     8   278     2   282 0.72 -
NODE_126971_length_2938_cov_19.733709:1754-2533   -            260 68585at7898          -            300   2.5e-12   45.0  10.2   1   1   6.1e-12   9.4e-11   39.9  10.2    42   283    28   255    21   260 0.79 -
NODE_108415_length_3604_cov_35.578317:649-1551    -            301 68585at7898          -            300   2.6e-12   45.0  19.7   1   2   1.6e-12   2.5e-11   41.8   9.7    15   148     5   137     2   163 0.88 -
NODE_108415_length_3604_cov_35.578317:649-1551    -            301 68585at7898          -            300   2.6e-12   45.0  19.7   2   2     0.015      0.23    9.0   2.3   218   286   226   301   189   301 0.73 -
NODE_2246_length_22965_cov_46.919794:19101-19847  -            249 68585at7898          -            300   2.9e-12   44.8   6.0   1   1   2.7e-13   4.1e-12   44.3   6.0   108   293     3   206     2   217 0.71 -
NODE_24223_length_10617_cov_35.376402:4842-5432   -            197 68585at7898          -            300     3e-12   44.7   9.7   1   1   2.3e-13   3.5e-12   44.5   9.7   127   293    16   196     3   197 0.70 -
NODE_9983_length_15073_cov_35.328102:13127-14005  -            293 68585at7898          -            300   3.2e-12   44.7  21.5   1   1   2.8e-13   4.3e-12   44.3  21.5     9   288    14   291     8   293 0.74 -
NODE_88260_length_4493_cov_27.310878:3012-3791    -            260 68585at7898          -            300   3.6e-12   44.5  24.4   1   2   5.1e-07   7.7e-06   23.7  12.1    20   143     2   130     1   141 0.81 -
NODE_88260_length_4493_cov_27.310878:3012-3791    -            260 68585at7898          -            300   3.6e-12   44.5  24.4   2   2   9.9e-08   1.5e-06   26.0   5.5   191   293   154   258   129   260 0.68 -
NODE_125423_length_2988_cov_401.227068:1472-2155  -            228 68585at7898          -            300   3.6e-12   44.5  12.7   1   1   2.8e-13   4.3e-12   44.3  12.7    10   184    43   219    35   227 0.79 -
NODE_8237_length_16039_cov_28.942472:5623-6078    -            152 68585at7898          -            300   3.8e-12   44.4  10.6   1   1   2.7e-13   4.2e-12   44.3  10.6     5   150     7   150     3   152 0.85 -
NODE_78383_length_5026_cov_30.128070:1041-1964    -            308 68585at7898          -            300   6.4e-12   43.7  20.8   1   1   2.8e-12   4.2e-11   41.0  20.8     9   287    26   306    19   308 0.73 -
NODE_21768_length_11150_cov_30.347208:3550-7283   -            280 68585at7898          -            300   9.6e-12   43.1  24.7   1   2   0.00028    0.0042   14.7  12.9    15   137     4   123     1   163 0.79 -
NODE_21768_length_11150_cov_30.347208:3550-7283   -            280 68585at7898          -            300   9.6e-12   43.1  24.7   2   2   2.5e-10   3.8e-09   34.6   3.6   222   294   182   254   172   260 0.89 -
NODE_216625_length_939_cov_107.984524:51-899      -            283 68585at7898          -            300   1.2e-11   42.8  20.9   1   1   2.5e-10   3.8e-09   34.6  20.9    15   293     8   278     2   282 0.69 -
NODE_623_length_29904_cov_30.281832:19644-20459   -            272 68585at7898          -            300   1.6e-11   42.4  19.4   1   1   1.3e-12     2e-11   42.0  19.4    13   283     7   269     1   272 0.73 -
NODE_583_length_30366_cov_35.766049:14969-15844   -            292 68585at7898          -            300   1.8e-11   42.2  12.9   1   1   1.7e-12   2.5e-11   41.7  12.9    12   286    14   292     7   292 0.74 -
NODE_110988_length_3500_cov_23.598059:450-1175    -            242 68585at7898          -            300   1.8e-11   42.2  13.9   1   1   1.3e-12     2e-11   42.0  13.9    13   239     6   242     1   242 0.81 -
NODE_67615_length_5698_cov_36.816574:1542-2420    -            293 68585at7898          -            300   1.9e-11   42.1  18.0   1   1   3.2e-12   4.8e-11   40.8  18.0    13   288    22   292    13   293 0.67 -
NODE_110857_length_3505_cov_31.368467:2035-2907   -            291 68585at7898          -            300   1.9e-11   42.1  33.5   1   2   0.00011    0.0016   16.1  19.7    10   173    15   187     7   194 0.75 -
NODE_110857_length_3505_cov_31.368467:2035-2907   -            291 68585at7898          -            300   1.9e-11   42.1  33.5   2   2   4.7e-08   7.1e-07   27.1  14.1   176   295   158   285   149   290 0.70 -
NODE_26112_length_10258_cov_30.893297:783-1676    -            298 68585at7898          -            300   2.4e-11   41.8  20.0   1   1   1.9e-12     3e-11   41.5  20.0    14   289    19   287     7   297 0.71 -
NODE_1828_length_24083_cov_34.891678:17785-18612  -            276 68585at7898          -            300   2.8e-11   41.6  19.2   1   1   2.2e-12   3.3e-11   41.4  19.2    13   288     4   274     1   276 0.73 -
NODE_106901_length_3667_cov_27.552410:1980-2837   -            286 68585at7898          -            300   3.1e-11   41.4  25.4   1   1   6.2e-12   9.5e-11   39.8  25.4     8   287     5   279     1   285 0.75 -
NODE_19302_length_11760_cov_259.146986:4061-4786  -            242 68585at7898          -            300   3.1e-11   41.4  18.0   1   1     2e-11     3e-10   38.2  18.0    42   286     2   240     1   242 0.73 -
NODE_9878_length_15131_cov_32.591405:6686-7471    -            262 68585at7898          -            300   3.4e-11   41.3  13.4   1   2   4.2e-06   6.4e-05   20.7   8.4    77   196     1   118     1   157 0.78 -
NODE_9878_length_15131_cov_32.591405:6686-7471    -            262 68585at7898          -            300   3.4e-11   41.3  13.4   2   2   5.1e-07   7.8e-06   23.7   0.2   214   295   174   255   147   260 0.81 -
NODE_106510_length_3681_cov_38.369626:249-1157    -            303 68585at7898          -            300   3.8e-11   41.1  28.9   1   2   0.00035    0.0053   14.4  16.1     9   148    25   175    18   201 0.72 -
NODE_106510_length_3681_cov_38.369626:249-1157    -            303 68585at7898          -            300   3.8e-11   41.1  28.9   2   2   3.4e-08   5.2e-07   27.6  11.7   167   296   167   298   157   301 0.68 -
NODE_41518_length_8005_cov_29.661649:1660-2628    -            323 68585at7898          -            300   5.5e-11   40.6  19.6   1   1   4.7e-12   7.2e-11   40.2  19.6     7   285    46   322    40   323 0.77 -
NODE_45617_length_7558_cov_28.371498:5357-6175    -            218 68585at7898          -            300   6.2e-11   40.5  13.4   1   1   3.1e-11   4.8e-10   37.5  13.4    12   240     1   218     1   218 0.85 -
NODE_38419_length_8375_cov_49.751450:3497-4414    -            306 68585at7898          -            300   7.3e-11   40.2  18.1   1   1   6.5e-12   9.9e-11   39.8  18.1    16   288    32   304    21   306 0.67 -
NODE_155647_length_2118_cov_26.793462:716-1501    -            262 68585at7898          -            300   7.5e-11   40.2  14.6   1   1     6e-10   9.1e-09   33.3  14.6    42   283    30   257    25   262 0.73 -
NODE_68960_length_5612_cov_27.363323:357-1232     -            292 68585at7898          -            300   1.1e-10   39.6  19.2   1   1   7.1e-11   1.1e-09   36.4  19.2     6   291    11   289     8   292 0.78 -
NODE_11195_length_14486_cov_28.797804:4640-5179   -            180 68585at7898          -            300   1.1e-10   39.6  10.4   1   1   8.2e-12   1.2e-10   39.4  10.4    15   148     5   139     1   179 0.80 -
NODE_65937_length_5817_cov_29.346275:3706-4593    -            296 68585at7898          -            300   1.2e-10   39.6  18.3   1   1   3.5e-11   5.4e-10   37.4  18.3    13   292    20   294     9   296 0.78 -
NODE_66040_length_5810_cov_31.091227:2993-3592    -            200 68585at7898          -            300   1.3e-10   39.4   6.6   1   1   1.2e-11   1.8e-10   39.0   6.6   121   293     9   193     2   199 0.69 -
NODE_78049_length_5045_cov_91.471694:775-1710     -            312 68585at7898          -            300   1.4e-10   39.3  29.5   1   1   7.7e-11   1.2e-09   36.3  29.5     6   293    12   289     7   295 0.70 -
NODE_12792_length_13823_cov_28.439522:6399-7271   -            291 68585at7898          -            300   1.4e-10   39.3  20.9   1   1   1.5e-11   2.2e-10   38.6  20.9     6   291     2   289     1   291 0.73 -
NODE_98799_length_4003_cov_30.253074:2799-3713    -            305 68585at7898          -            300   1.5e-10   39.2  17.3   1   2     2e-10     3e-09   34.9   6.0    16   142     7   135     1   149 0.84 -
NODE_98799_length_4003_cov_30.253074:2799-3713    -            305 68585at7898          -            300   1.5e-10   39.2  17.3   2   2    0.0044     0.067   10.8   2.5   218   293   198   277   181   282 0.72 -
NODE_19818_length_11624_cov_59.265770:1037-1771   -            245 68585at7898          -            300   3.1e-10   38.1  15.0   1   1   3.4e-11   5.2e-10   37.4  15.0    16   249    18   237     5   244 0.78 -
NODE_24167_length_10627_cov_34.894947:803-4910    -            252 68585at7898          -            300   3.8e-10   37.8  11.9   1   2   7.4e-07   1.1e-05   23.2   3.0    14   142     6   137     1   166 0.78 -
NODE_24167_length_10627_cov_34.894947:803-4910    -            252 68585at7898          -            300   3.8e-10   37.8  11.9   2   2   5.9e-06     9e-05   20.2   1.7   226   296   175   252   168   252 0.76 -
NODE_12898_length_13780_cov_34.625466:2539-3144   -            202 68585at7898          -            300   4.5e-10   37.6   7.6   1   1   3.5e-11   5.3e-10   37.4   7.6   125   292    13   186     2   196 0.73 -
NODE_15255_length_12918_cov_30.874795:10049-10903 -            285 68585at7898          -            300   6.3e-10   37.1  13.4   1   1   9.9e-11   1.5e-09   35.9  13.4    13   278    22   284    14   285 0.73 -
NODE_10742_length_14717_cov_30.824942:1935-2579   -            215 68585at7898          -            300   6.6e-10   37.1   4.6   1   1   4.3e-11   6.6e-10   37.1   4.6    10   144     6   141     1   197 0.77 -
NODE_164980_length_1893_cov_29.592531:735-1571    -            279 68585at7898          -            300   6.8e-10   37.0  30.5   1   1   1.7e-09   2.6e-08   31.8  30.5    14   294     7   278     1   279 0.71 -
NODE_22579_length_10973_cov_27.374287:9323-9913   -            197 68585at7898          -            300   7.4e-10   36.9  11.8   1   1   6.7e-11     1e-09   36.4  11.8    92   288     3   188     1   196 0.73 -
NODE_21539_length_11207_cov_42.145031:1531-2526   -            332 68585at7898          -            300   1.2e-09   36.2  20.2   1   2   2.9e-09   4.4e-08   31.1   8.3    12   143    21   150    11   164 0.80 -
NODE_21539_length_11207_cov_42.145031:1531-2526   -            332 68585at7898          -            300   1.2e-09   36.2  20.2   2   2    0.0048     0.073   10.7   4.0   204   278   252   332   183   332 0.79 -
NODE_47843_length_7330_cov_25.785092:1656-2585    -            310 68585at7898          -            300   1.4e-09   36.0  25.5   1   1   4.7e-09   7.1e-08   30.4  25.5    11   288    42   309    34   310 0.75 -
NODE_17383_length_12286_cov_34.434808:2626-3552   -            309 68585at7898          -            300   1.9e-09   35.6  18.8   1   1   5.5e-10   8.4e-09   33.5  18.8    13   291    26   302    17   306 0.71 -
NODE_57842_length_6424_cov_32.491383:2788-3660    -            291 68585at7898          -            300   1.9e-09   35.5  17.6   1   1   2.5e-10   3.8e-09   34.6  17.6    10   286    17   291     9   291 0.74 -
NODE_240754_length_656_cov_48.157989:12-530       -            173 68585at7898          -            300   1.9e-09   35.5   8.3   1   1   1.6e-10   2.5e-09   35.2   8.3   128   295    11   172     1   173 0.75 -
NODE_86576_length_4579_cov_26.864286:167-1114     -            316 68585at7898          -            300   2.1e-09   35.4  21.4   1   1   1.8e-10   2.8e-09   35.0  21.4     9   297    18   305    10   311 0.69 -
NODE_15551_length_12829_cov_37.790888:10936-11856 -            307 68585at7898          -            300   2.5e-09   35.2  22.7   1   1   2.1e-10   3.1e-09   34.9  22.7     5   290     3   289     1   295 0.77 -
NODE_100808_length_3915_cov_38.044025:1218-2066   -            283 68585at7898          -            300   2.7e-09   35.1  18.0   1   1   1.6e-09   2.4e-08   31.9  18.0    12   291     5   282     2   283 0.74 -
NODE_11109_length_14532_cov_35.347121:3794-4750   -            319 68585at7898          -            300     3e-09   34.9  16.4   1   1   4.1e-10   6.2e-09   33.9  16.4     9   296    15   302     8   306 0.73 -
NODE_23618_length_10744_cov_73.399248:2671-8031   -            229 68585at7898          -            300   5.1e-09   34.2  11.6   1   1   4.3e-10   6.5e-09   33.8  11.6     6   135     5   131     2   192 0.81 -
NODE_17635_length_12207_cov_34.829204:5844-6638   -            265 68585at7898          -            300     6e-09   33.9  19.6   1   2   0.00061    0.0093   13.6   5.4    20   147     5   137     1   141 0.73 -
NODE_17635_length_12207_cov_34.829204:5844-6638   -            265 68585at7898          -            300     6e-09   33.9  19.6   2   2   9.7e-08   1.5e-06   26.1   8.3   167   293   133   263   123   265 0.72 -
NODE_5987_length_17679_cov_113.384528:5487-6245   -            253 68585at7898          -            300   8.5e-09   33.4   3.9   1   2   1.8e-08   2.8e-07   28.4   1.3    20   135     2   113     1   131 0.79 -
NODE_5987_length_17679_cov_113.384528:5487-6245   -            253 68585at7898          -            300   8.5e-09   33.4   3.9   2   2      0.15       2.2    5.8   0.1   199   239   215   253   175   253 0.78 -
NODE_13648_length_13497_cov_26.692044:7892-8686   -            265 68585at7898          -            300   1.3e-08   32.8  23.4   1   1   4.3e-09   6.5e-08   30.5  23.4    16   282     8   253     1   265 0.73 -
NODE_5336_length_18261_cov_33.821606:14623-15483  -            287 68585at7898          -            300   1.4e-08   32.8  19.7   1   1   2.1e-09   3.3e-08   31.5  19.7     9   283     9   277     1   285 0.69 -
NODE_9293_length_15447_cov_29.074603:1711-2412    -            234 68585at7898          -            300   1.6e-08   32.5  15.1   1   1   2.5e-08   3.8e-07   28.0  15.1    46   287     2   229     1   233 0.76 -
NODE_13930_length_13397_cov_37.327643:10756-11820 -            355 68585at7898          -            300   1.9e-08   32.3  22.8   1   2   1.4e-08   2.1e-07   28.9   8.2    23   143    28   147     9   155 0.76 -
NODE_13930_length_13397_cov_37.327643:10756-11820 -            355 68585at7898          -            300   1.9e-08   32.3  22.8   2   2     0.028      0.43    8.1   6.6   207   281   257   339   185   344 0.63 -
NODE_129051_length_2868_cov_34.385699:471-1268    -            266 68585at7898          -            300   2.2e-08   32.1  14.5   1   1   2.8e-09   4.2e-08   31.1  14.5    17   286     5   265     1   266 0.71 -
NODE_20843_length_11378_cov_29.907527:3445-4326   -            294 68585at7898          -            300   2.3e-08   32.0  20.6   1   1   2.6e-08     4e-07   28.0  20.6    10   285    25   293    16   294 0.68 -
NODE_50075_length_7111_cov_31.756988:589-1482     -            298 68585at7898          -            300   2.4e-08   31.9  33.3   1   1   1.9e-08   2.9e-07   28.4  33.3    10   293    24   298    15   298 0.78 -
NODE_8617_length_15816_cov_49.645416:7347-8012    -            222 68585at7898          -            300   2.6e-08   31.9  15.8   1   1     5e-07   7.6e-06   23.7  15.8    43   278     1   222     1   222 0.72 -
NODE_60432_length_6220_cov_27.803137:5471-6049    -            193 68585at7898          -            300   3.1e-08   31.6   6.8   1   1   2.6e-09   3.9e-08   31.3   6.8   126   292    22   191     4   193 0.69 -
NODE_13811_length_13437_cov_34.280777:7364-8305   -            314 68585at7898          -            300   4.5e-08   31.1  25.5   1   1   6.1e-09   9.3e-08   30.0  25.5    13   296    10   300     2   304 0.67 -
NODE_5680_length_17952_cov_40.230886:16270-17052  -            261 68585at7898          -            300   4.8e-08   31.0  14.7   1   1   1.1e-08   1.7e-07   29.2  14.7    19   294     2   261     1   261 0.70 -
NODE_117383_length_3268_cov_38.141685:439-1446    -            336 68585at7898          -            300     5e-08   30.9  12.7   1   2   0.00015    0.0024   15.6   1.8    34   145    46   155     5   168 0.82 -
NODE_117383_length_3268_cov_38.141685:439-1446    -            336 68585at7898          -            300     5e-08   30.9  12.7   2   2   4.6e-06     7e-05   20.6   3.5   160   288   201   329   185   335 0.68 -
NODE_186106_length_1445_cov_33.150074:827-1390    -            188 68585at7898          -            300   5.8e-08   30.7   3.8   1   1   3.8e-09   5.8e-08   30.7   3.8    42   142     7   106     1   179 0.88 -
NODE_139983_length_2536_cov_25.734920:810-1532    -            241 68585at7898          -            300   6.4e-08   30.6  15.0   1   1   5.4e-09   8.2e-08   30.2  15.0    17   239     5   241     1   241 0.71 -
NODE_103067_length_3819_cov_33.151075:1523-2086   -            188 68585at7898          -            300   7.9e-08   30.2  12.7   1   1     6e-09   9.2e-08   30.0  12.7     9   138     4   131     1   185 0.75 -
NODE_179144_length_1585_cov_33.876851:245-1117    -            291 68585at7898          -            300     1e-07   29.9  16.6   1   1   9.9e-09   1.5e-07   29.3  16.6    10   289    15   289     6   291 0.70 -
NODE_160137_length_2009_cov_26.786911:724-1575    -            284 68585at7898          -            300   1.1e-07   29.8  18.2   1   1   1.1e-08   1.6e-07   29.2  18.2    13   280    22   278    10   284 0.73 -
NODE_32028_length_9250_cov_39.349470:6910-8037    -            376 68585at7898          -            300   1.2e-07   29.6  14.5   1   2   1.5e-05   0.00023   18.9  10.7    11   206    42   243    33   259 0.64 -
NODE_32028_length_9250_cov_39.349470:6910-8037    -            376 68585at7898          -            300   1.2e-07   29.6  14.5   2   2    0.0013      0.02   12.5   0.1   208   249   295   336   277   376 0.69 -
NODE_23753_length_10715_cov_31.003862:328-1140    -            271 68585at7898          -            300   1.3e-07   29.6  12.2   1   1   2.1e-08   3.2e-07   28.3  12.2    20   284    10   261     1   270 0.66 -
NODE_66137_length_5804_cov_27.386678:4489-5409    -            307 68585at7898          -            300   1.7e-07   29.2  19.7   1   1   1.4e-08   2.1e-07   28.9  19.7     5   292    22   302    18   307 0.66 -
NODE_104031_length_3780_cov_31.475958:2026-2913   -            296 68585at7898          -            300   1.9e-07   29.0  16.8   1   1   1.7e-08   2.6e-07   28.5  16.8    24   293     7   268     2   274 0.78 -
NODE_55685_length_6608_cov_27.468428:5179-6039    -            287 68585at7898          -            300   2.4e-07   28.7  19.8   1   1   4.2e-08   6.3e-07   27.3  19.8    20   285    29   283    13   287 0.75 -
NODE_23570_length_10752_cov_31.058763:2358-3221   -            288 68585at7898          -            300   2.4e-07   28.7  17.2   1   1   2.2e-08   3.3e-07   28.2  17.2     8   213     4   209     1   242 0.76 -
NODE_6613_length_17156_cov_31.170487:12735-13448  -            238 68585at7898          -            300   2.9e-07   28.4  12.4   1   1   2.3e-08   3.5e-07   28.1  12.4    42   286     1   238     1   238 0.69 -
NODE_37185_length_8535_cov_30.785088:6870-7598    -            243 68585at7898          -            300   3.8e-07   28.0   4.3   1   1   8.2e-08   1.2e-06   26.3   4.3    44   166     2   126     1   242 0.66 -
NODE_31681_length_9304_cov_39.267572:912-1649     -            246 68585at7898          -            300   5.1e-07   27.6  16.8   1   1   4.2e-08   6.4e-07   27.3  16.8     4   213    30   231    27   245 0.71 -
NODE_69838_length_5551_cov_28.723588:1734-2501    -            256 68585at7898          -            300   9.5e-07   26.7  16.1   1   1   1.4e-07   2.2e-06   25.5  16.1    22   289     1   251     1   256 0.71 -
NODE_40252_length_8148_cov_31.907318:732-1370     -            213 68585at7898          -            300   1.1e-06   26.5   7.1   1   1   1.5e-07   2.2e-06   25.5   7.1    91   286    20   213    11   213 0.74 -
NODE_20958_length_11347_cov_37.345217:8860-9774   -            305 68585at7898          -            300   1.7e-06   25.9  23.4   1   1   1.9e-07   2.9e-06   25.1  23.4    23   286    17   285     4   301 0.73 -
NODE_14619_length_13141_cov_37.549226:3563-4291   -            243 68585at7898          -            300   1.8e-06   25.8   7.4   1   1   1.3e-07     2e-06   25.7   7.0    42   156     6   120     1   184 0.86 -
NODE_118007_length_3245_cov_27.959313:1507-2385   -            293 68585at7898          -            300     2e-06   25.6  22.6   1   1   8.1e-06   0.00012   19.8  22.6     7   269    19   269    14   293 0.70 -
NODE_217_length_36704_cov_42.489796:23847-24398   -            184 68585at7898          -            300   2.2e-06   25.5   2.9   1   1   1.5e-07   2.2e-06   25.5   2.9    19   136     2   120     1   144 0.88 -
NODE_80962_length_4878_cov_26.629630:816-1463     -            216 68585at7898          -            300   2.4e-06   25.4  12.1   1   1   1.8e-07   2.8e-06   25.2  12.1   115   296    10   199     1   203 0.72 -
NODE_83113_length_4761_cov_41.654011:979-1839     -            287 68585at7898          -            300   3.6e-06   24.8  18.4   1   1   2.3e-06   3.5e-05   21.6  18.4    16   290     3   267     1   273 0.77 -
NODE_137444_length_2609_cov_35.195219:1266-2174   -            303 68585at7898          -            300   4.6e-06   24.5  11.9   1   1   5.9e-07     9e-06   23.5  11.9    19   297     4   298     2   301 0.68 -
NODE_157128_length_2082_cov_32.994453:577-1467    -            297 68585at7898          -            300   5.7e-06   24.1  21.6   1   3     4e-06   6.1e-05   20.8  16.4    24   140    21   136     1   233 0.77 -
NODE_157128_length_2082_cov_32.994453:577-1467    -            297 68585at7898          -            300   5.7e-06   24.1  21.6   2   3         5        76    0.8   0.6     8    51   210   249   203   268 0.48 -
NODE_157128_length_2082_cov_32.994453:577-1467    -            297 68585at7898          -            300   5.7e-06   24.1  21.6   3   3      0.41       6.3    4.3   0.2   260   294   263   297   254   297 0.89 -
NODE_74925_length_5228_cov_34.209593:1669-2571    -            301 68585at7898          -            300   7.6e-06   23.7  19.6   1   1   2.7e-06   4.1e-05   21.4  19.6    27   291    42   300    20   301 0.72 -
NODE_90518_length_4382_cov_26.151763:879-1646     -            256 68585at7898          -            300     8e-06   23.7  21.4   1   1   1.3e-05    0.0002   19.1  21.4    42   278    25   256    21   256 0.73 -
NODE_2773_length_21767_cov_42.404467:6332-8727    -            228 68585at7898          -            300   9.2e-06   23.5  11.6   1   2   0.00049    0.0074   13.9   5.9    41   113    55   127    34   137 0.88 -
NODE_2773_length_21767_cov_42.404467:6332-8727    -            228 68585at7898          -            300   9.2e-06   23.5  11.6   2   2    0.0006    0.0092   13.6   0.3   214   282   139   216   124   227 0.69 -
NODE_163_length_38516_cov_40.998360:13762-14622   -            287 68585at7898          -            300   9.7e-06   23.4  18.2   1   1   1.4e-05   0.00021   19.0  18.2     6   293     6   283     3   286 0.79 -
NODE_147560_length_2329_cov_32.407175:433-1257    -            275 68585at7898          -            300   1.6e-05   22.7  23.6   1   1   1.6e-05   0.00024   18.8  23.6    18   278    25   274    16   275 0.74 -
NODE_137038_length_2622_cov_28.402695:1428-2159   -            244 68585at7898          -            300   1.8e-05   22.5   7.6   1   1   1.2e-06   1.8e-05   22.5   6.8    42   143     7   107     1   192 0.80 -
NODE_34145_length_8943_cov_23.767752:5062-5919    -            286 68585at7898          -            300   2.1e-05   22.3  23.5   1   1   5.2e-06   7.9e-05   20.4  23.5    16   293     7   281     1   285 0.69 -
NODE_1957_length_23710_cov_35.460125:13813-19350  -            297 68585at7898          -            300   2.3e-05   22.2   7.3   1   2   1.5e-06   2.3e-05   22.2   7.3    11   111     9   111     1   147 0.81 -
NODE_1957_length_23710_cov_35.460125:13813-19350  -            297 68585at7898          -            300   2.3e-05   22.2   7.3   2   2       8.3   1.3e+02    0.0   4.6   259   286   271   296   173   297 0.51 -
NODE_88485_length_4483_cov_22.481068:2046-2765    -            240 68585at7898          -            300   2.3e-05   22.2  13.6   1   1   4.3e-06   6.6e-05   20.7  13.6    45   290     1   235     1   239 0.81 -
NODE_226057_length_816_cov_32.262204:128-802      -            225 68585at7898          -            300   3.1e-05   21.7  11.7   1   1   4.1e-06   6.3e-05   20.7  11.7    77   289     6   218     1   224 0.66 -
NODE_88210_length_4495_cov_33.785487:3181-4050    -            290 68585at7898          -            300     5e-05   21.0  21.8   1   1   9.8e-06   0.00015   19.5  21.8     9   281    19   286    11   290 0.72 -
NODE_10918_length_14628_cov_35.962214:10637-11380 -            248 68585at7898          -            300   7.4e-05   20.5  11.2   1   1   0.00062    0.0094   13.6  11.2    40   278    19   247     1   248 0.68 -
NODE_118455_length_3229_cov_20.927476:1425-2216   -            264 68585at7898          -            300   0.00014   19.6  10.7   1   1     4e-05   0.00061   17.5  10.7    34   298    13   260     1   262 0.69 -
NODE_24100_length_10643_cov_26.357549:5983-6678   -            232 68585at7898          -            300   0.00019   19.2  10.6   1   1   3.5e-05   0.00053   17.7  10.6    42   278     2   232     1   232 0.72 -
NODE_14619_length_13141_cov_37.549226:12144-12869 -            242 68585at7898          -            300   0.00019   19.2   7.2   1   1   1.2e-05   0.00019   19.2   7.2    42   138     7   102     1   187 0.80 -
NODE_20865_length_11371_cov_30.039656:2277-2735   -            153 68585at7898          -            300   0.00026   18.7  12.2   1   1   1.9e-05   0.00029   18.5  12.2    14   142     2   129     1   147 0.87 -
NODE_18128_length_12076_cov_54.078066:5716-6633   -            306 68585at7898          -            300   0.00027   18.6  12.7   1   1   0.00068      0.01   13.4  12.7    19   286     3   297     1   306 0.57 -
NODE_90559_length_4379_cov_41.499299:604-1335     -            244 68585at7898          -            300   0.00028   18.6   6.5   1   1   2.1e-05   0.00032   18.4   6.0    42   144     7   108     1   188 0.79 -
NODE_28076_length_9899_cov_31.518265:8019-8750    -            244 68585at7898          -            300   0.00032   18.4   9.0   1   1   2.1e-05   0.00032   18.4   9.0    42   158     7   123     1   190 0.81 -
NODE_185369_length_1460_cov_25.482733:439-1330    -            223 68585at7898          -            300   0.00051   17.7   5.1   1   3      0.36       5.5    4.5   1.6     6    43     6    43     3    45 0.86 -
NODE_185369_length_1460_cov_25.482733:439-1330    -            223 68585at7898          -            300   0.00051   17.7   5.1   2   3       1.4        22    2.5   0.1    63   101    41    84    34    90 0.74 -
NODE_185369_length_1460_cov_25.482733:439-1330    -            223 68585at7898          -            300   0.00051   17.7   5.1   3   3    0.0018     0.028   12.0   0.0   265   297   160   192   147   195 0.83 -
NODE_320_length_34080_cov_31.602778:31923-32654   -            244 68585at7898          -            300   0.00093   16.9   7.5   1   1   6.1e-05   0.00093   16.9   7.5    42   195     7   169     1   191 0.68 -
NODE_29708_length_9621_cov_35.749317:4053-4922    -            290 68585at7898          -            300     0.017   12.7  18.5   1   1    0.0049     0.075   10.6  18.5    10   293     6   283     1   287 0.66 -
NODE_68527_length_5639_cov_35.982491:4573-5556    -            328 68585at7898          -            300     0.023   12.3  16.1   1   1     0.038      0.57    7.7  16.1    14   286    23   323    10   327 0.53 -
NODE_85972_length_4610_cov_42.461538:1605-2183    -            193 68585at7898          -            300     0.041   11.5   9.6   1   1    0.0029     0.044   11.4   9.6    97   281     5   191     1   193 0.68 -
NODE_25140_length_10438_cov_55.341039:2673-3467   -            265 68585at7898          -            300     0.082   10.5  17.4   1   1    0.0038     0.057   11.0  15.1    11   163     3   153     1   210 0.69 -
NODE_24474_length_10570_cov_43.103620:2405-3307   -            301 68585at7898          -            300      0.27    8.8  23.6   1   1      0.16       2.4    5.7  23.6     5   245    25   251    22   301 0.72 -
#
# Program:         hmmsearch
# Version:         3.1b2 (February 2015)
# Pipeline mode:   SEARCH
# Query file:      /home/e1garcia/shotgun_PIRE/abyss/busco_downloads/lineages/actinopterygii_odb10/hmms/68585at7898.hmm
# Target file:     /home/e1garcia/shotgun_PIRE/pire_ssl_data_processing/plotosus_lineatus/busco_scaffolds_results-SPAdes_contam_R1R2_noIsolate/run_actinopterygii_odb10/metaeuk_output/rerun_results/scaffolds.modified.fasta.modified.fas
# Option settings: hmmsearch --domtblout /home/e1garcia/shotgun_PIRE/pire_ssl_data_processing/plotosus_lineatus/busco_scaffolds_results-SPAdes_contam_R1R2_noIsolate/run_actinopterygii_odb10/hmmer_output/rerun_results/68585at7898.out --cpu 1 /home/e1garcia/shotgun_PIRE/abyss/busco_downloads/lineages/actinopterygii_odb10/hmms/68585at7898.hmm /home/e1garcia/shotgun_PIRE/pire_ssl_data_processing/plotosus_lineatus/busco_scaffolds_results-SPAdes_contam_R1R2_noIsolate/run_actinopterygii_odb10/metaeuk_output/rerun_results/scaffolds.modified.fasta.modified.fas 
# Current dir:     /home/e1garcia/shotgun_PIRE/pire_ssl_data_processing/plotosus_lineatus
# Date:            Fri Aug 20 14:43:23 2021
# [ok]
