#                                                                                                        --- full sequence --- -------------- this domain -------------   hmm coord   ali coord   env coord
# target name                                    accession   tlen query name           accession   qlen   E-value  score  bias   #  of  c-Evalue  i-Evalue  score  bias  from    to  from    to  from    to  acc description of target
#                            ------------------- ---------- ----- -------------------- ---------- ----- --------- ------ ----- --- --- --------- --------- ------ ----- ----- ----- ----- ----- ----- ----- ---- ---------------------
NODE_4994_length_18579_cov_46.029870:5702-6277   -            101 76220at7898          -            398   1.7e-07   28.6   3.9   1   1   1.1e-09     2e-07   28.4   3.9   271   340    10    83     7    94 0.81 -
NODE_51416_length_6988_cov_28.910727:2019-3073   -            239 76220at7898          -            398   5.4e-05   20.3   1.9   1   2    0.0047      0.86    6.5   0.1     4    29    42    67    39    71 0.81 -
NODE_51416_length_6988_cov_28.910727:2019-3073   -            239 76220at7898          -            398   5.4e-05   20.3   1.9   2   2   3.8e-05    0.0069   13.4   0.5     3    55    71   123    69   128 0.84 -
NODE_40119_length_8164_cov_23.842901:1051-3536   -            256 76220at7898          -            398   0.00019   18.5  10.3   1   3    0.0012      0.22    8.5   0.3     4    31   153   180   151   183 0.94 -
NODE_40119_length_8164_cov_23.842901:1051-3536   -            256 76220at7898          -            398   0.00019   18.5  10.3   2   3   0.00031     0.057   10.4   0.8     4    31   183   210   181   212 0.91 -
NODE_40119_length_8164_cov_23.842901:1051-3536   -            256 76220at7898          -            398   0.00019   18.5  10.3   3   3    0.0076       1.4    5.8   0.2     3    31   212   240   211   250 0.85 -
NODE_71519_length_5446_cov_38.975313:3990-4848   -            178 76220at7898          -            398   0.00099   16.2   9.4   1   5       2.4   4.3e+02   -2.4   0.1     7    28    17    38    12    41 0.78 -
NODE_71519_length_5446_cov_38.975313:3990-4848   -            178 76220at7898          -            398   0.00099   16.2   9.4   2   5   0.00017      0.03   11.3   0.0     3    32    44    73    42    75 0.90 -
NODE_71519_length_5446_cov_38.975313:3990-4848   -            178 76220at7898          -            398   0.00099   16.2   9.4   3   5    0.0017      0.31    8.0   0.3     5    34    76   105    72   119 0.84 -
NODE_71519_length_5446_cov_38.975313:3990-4848   -            178 76220at7898          -            398   0.00099   16.2   9.4   4   5       1.4   2.5e+02   -1.6   0.0     8    31   109   130   104   136 0.81 -
NODE_71519_length_5446_cov_38.975313:3990-4848   -            178 76220at7898          -            398   0.00099   16.2   9.4   5   5      0.16        30    1.4   0.1     6    27   157   178   153   178 0.86 -
NODE_132922_length_2746_cov_30.779373:618-1098   -            124 76220at7898          -            398    0.0031   14.5   0.9   1   2       5.2   9.4e+02   -3.5   0.1   111   129    19    37    14    48 0.71 -
NODE_132922_length_2746_cov_30.779373:618-1098   -            124 76220at7898          -            398    0.0031   14.5   0.9   2   2   1.7e-05    0.0031   14.5   0.9   264   302    86   122    64   124 0.78 -
NODE_8098_length_16112_cov_38.380691:12843-13625 -            261 76220at7898          -            398    0.0059   13.6   0.1   1   4       3.5   6.3e+02   -2.9   0.2     7    29     1    23     1    29 0.82 -
NODE_8098_length_16112_cov_38.380691:12843-13625 -            261 76220at7898          -            398    0.0059   13.6   0.1   2   4   3.2e-05    0.0059   13.6   0.1     4    37    69   102    67   112 0.91 -
NODE_8098_length_16112_cov_38.380691:12843-13625 -            261 76220at7898          -            398    0.0059   13.6   0.1   3   4         1   1.8e+02   -1.2   0.0     4    20   129   145   128   160 0.75 -
NODE_8098_length_16112_cov_38.380691:12843-13625 -            261 76220at7898          -            398    0.0059   13.6   0.1   4   4       2.3   4.2e+02   -2.3   0.1     3    22   229   248   228   256 0.79 -
NODE_220896_length_884_cov_29.403822:269-847     -            193 76220at7898          -            398     0.059   10.3  14.9   1   4   0.00024     0.045   10.7   0.3     4    31    24    49    21    52 0.89 -
NODE_220896_length_884_cov_29.403822:269-847     -            193 76220at7898          -            398     0.059   10.3  14.9   2   4      0.44        80    0.0   6.2     4    34    52    80    49   134 0.78 -
NODE_220896_length_884_cov_29.403822:269-847     -            193 76220at7898          -            398     0.059   10.3  14.9   3   4       1.9   3.5e+02   -2.1   0.0     9    31   113   133   106   145 0.81 -
NODE_220896_length_884_cov_29.403822:269-847     -            193 76220at7898          -            398     0.059   10.3  14.9   4   4     0.036       6.6    3.6   0.1     4    31   164   189   161   192 0.87 -
NODE_21713_length_11163_cov_25.296276:7009-8331  -            248 76220at7898          -            398      0.06   10.3   2.9   1   2    0.0073       1.3    5.9   0.1     4    27   174   197   172   198 0.93 -
NODE_21713_length_11163_cov_25.296276:7009-8331  -            248 76220at7898          -            398      0.06   10.3   2.9   2   2      0.01       1.9    5.4   0.6     7    32   198   223   196   233 0.87 -
NODE_5025_length_18550_cov_45.277763:1406-2197   -            264 76220at7898          -            398     0.061   10.3  20.0   1   6    0.0084       1.5    5.7   0.2     4    31    11    36     9    40 0.84 -
NODE_5025_length_18550_cov_45.277763:1406-2197   -            264 76220at7898          -            398     0.061   10.3  20.0   2   6    0.0075       1.4    5.8   0.1     4    31    39    64    37    70 0.84 -
NODE_5025_length_18550_cov_45.277763:1406-2197   -            264 76220at7898          -            398     0.061   10.3  20.0   3   6       0.6   1.1e+02   -0.4   0.0     4    31    67    92    65   102 0.83 -
NODE_5025_length_18550_cov_45.277763:1406-2197   -            264 76220at7898          -            398     0.061   10.3  20.0   4   6      0.15        27    1.6   0.3     4    31   151   176   149   185 0.87 -
NODE_5025_length_18550_cov_45.277763:1406-2197   -            264 76220at7898          -            398     0.061   10.3  20.0   5   6      0.68   1.2e+02   -0.6   0.1     4    31   179   204   176   209 0.84 -
NODE_5025_length_18550_cov_45.277763:1406-2197   -            264 76220at7898          -            398     0.061   10.3  20.0   6   6     0.002      0.36    7.7   0.5     4    31   235   260   232   263 0.87 -
NODE_3425_length_20655_cov_36.699115:12437-13195 -            253 76220at7898          -            398     0.077   10.0  26.1   1   8       2.4   4.3e+02   -2.4   0.0     8    31    32    53    28    56 0.77 -
NODE_3425_length_20655_cov_36.699115:12437-13195 -            253 76220at7898          -            398     0.077   10.0  26.1   2   8    0.0066       1.2    6.0   0.4     4    31    56    81    52    84 0.87 -
NODE_3425_length_20655_cov_36.699115:12437-13195 -            253 76220at7898          -            398     0.077   10.0  26.1   3   8       0.2        37    1.1   0.1     4    31    84   109    82   111 0.83 -
NODE_3425_length_20655_cov_36.699115:12437-13195 -            253 76220at7898          -            398     0.077   10.0  26.1   4   8   0.00028     0.052   10.5   0.7     4    31   112   137   109   148 0.89 -
NODE_3425_length_20655_cov_36.699115:12437-13195 -            253 76220at7898          -            398     0.077   10.0  26.1   5   8       2.1   3.9e+02   -2.3   0.0     4    31   140   165   138   168 0.80 -
NODE_3425_length_20655_cov_36.699115:12437-13195 -            253 76220at7898          -            398     0.077   10.0  26.1   6   8     0.085        16    2.4   0.1     4    31   168   193   165   196 0.86 -
NODE_3425_length_20655_cov_36.699115:12437-13195 -            253 76220at7898          -            398     0.077   10.0  26.1   7   8     0.097        18    2.2   0.1     4    31   196   221   193   224 0.86 -
NODE_3425_length_20655_cov_36.699115:12437-13195 -            253 76220at7898          -            398     0.077   10.0  26.1   8   8     0.037       6.7    3.6   0.4     4    31   224   249   222   252 0.88 -
NODE_22715_length_10936_cov_24.544800:7093-7839  -            249 76220at7898          -            398      0.16    8.9  16.8   1   6    0.0094       1.7    5.5   0.1     4    31    24    49    21    52 0.88 -
NODE_22715_length_10936_cov_24.544800:7093-7839  -            249 76220at7898          -            398      0.16    8.9  16.8   2   6     0.068        12    2.7   0.2     4    31    52    77    50    81 0.89 -
NODE_22715_length_10936_cov_24.544800:7093-7839  -            249 76220at7898          -            398      0.16    8.9  16.8   3   6      0.54        98   -0.3   0.1     4    31    80   105    78   115 0.84 -
NODE_22715_length_10936_cov_24.544800:7093-7839  -            249 76220at7898          -            398      0.16    8.9  16.8   4   6      0.43        78    0.0   0.1     4    31   108   133   105   136 0.83 -
NODE_22715_length_10936_cov_24.544800:7093-7839  -            249 76220at7898          -            398      0.16    8.9  16.8   5   6     0.035       6.3    3.6   0.1     4    31   136   161   133   165 0.87 -
NODE_22715_length_10936_cov_24.544800:7093-7839  -            249 76220at7898          -            398      0.16    8.9  16.8   6   6     0.014       2.6    4.9   0.3     4    31   164   189   161   200 0.87 -
NODE_48447_length_7271_cov_26.793224:1041-1703   -            221 76220at7898          -            398      0.23    8.4   4.8   1   3      0.11        20    2.0   0.1     4    31    56    81    54    83 0.88 -
NODE_48447_length_7271_cov_26.793224:1041-1703   -            221 76220at7898          -            398      0.23    8.4   4.8   2   3     0.014       2.6    4.9   0.1     4    31    84   109    82   112 0.88 -
NODE_48447_length_7271_cov_26.793224:1041-1703   -            221 76220at7898          -            398      0.23    8.4   4.8   3   3     0.091        17    2.3   0.1     4    28   112   134   110   142 0.88 -
NODE_9269_length_15457_cov_49.255111:12934-13500 -            189 76220at7898          -            398      0.25    8.3  10.7   1   4     0.026       4.8    4.0   0.3     4    31    28    53    25    55 0.84 -
NODE_9269_length_15457_cov_49.255111:12934-13500 -            189 76220at7898          -            398      0.25    8.3  10.7   2   4      0.01       1.8    5.4   0.3     4    31    56    81    53    90 0.87 -
NODE_9269_length_15457_cov_49.255111:12934-13500 -            189 76220at7898          -            398      0.25    8.3  10.7   3   4      0.12        22    1.9   0.2     4    28   112   138   109   141 0.81 -
NODE_9269_length_15457_cov_49.255111:12934-13500 -            189 76220at7898          -            398      0.25    8.3  10.7   4   4     0.084        15    2.4   0.1     4    31   140   165   137   172 0.88 -
NODE_3641_length_20332_cov_46.973855:16007-16693 -            229 76220at7898          -            398       0.3    8.0  13.3   1   4       1.9   3.5e+02   -2.1   0.1     4    31    60    85    58    88 0.84 -
NODE_3641_length_20332_cov_46.973855:16007-16693 -            229 76220at7898          -            398       0.3    8.0  13.3   2   4    0.0019      0.34    7.8   0.3     4    31    88   113    85   116 0.87 -
NODE_3641_length_20332_cov_46.973855:16007-16693 -            229 76220at7898          -            398       0.3    8.0  13.3   3   4      0.11        20    2.0   0.1     4    31   116   141   113   144 0.88 -
NODE_3641_length_20332_cov_46.973855:16007-16693 -            229 76220at7898          -            398       0.3    8.0  13.3   4   4    0.0082       1.5    5.7   1.1     4    31   144   169   141   222 0.87 -
NODE_33844_length_8990_cov_58.059948:6666-7412   -            249 76220at7898          -            398      0.73    6.7  10.5   1   3     0.013       2.3    5.1   1.7     4    43    52    89    49   128 0.75 -
NODE_33844_length_8990_cov_58.059948:6666-7412   -            249 76220at7898          -            398      0.73    6.7  10.5   2   3    0.0039      0.71    6.8   0.2     4    32   136   162   133   172 0.88 -
NODE_33844_length_8990_cov_58.059948:6666-7412   -            249 76220at7898          -            398      0.73    6.7  10.5   3   3       2.1   3.9e+02   -2.3   0.0     7    31   195   217   186   226 0.82 -
NODE_90447_length_4385_cov_26.479001:1398-1982   -            195 76220at7898          -            398      0.92    6.4  18.3   1   4       1.6     3e+02   -1.9   0.4     8    31    25    46    20    55 0.82 -
NODE_90447_length_4385_cov_26.479001:1398-1982   -            195 76220at7898          -            398      0.92    6.4  18.3   2   4   0.00036     0.067   10.2   1.8     4    32    77   103    74   112 0.88 -
NODE_90447_length_4385_cov_26.479001:1398-1982   -            195 76220at7898          -            398      0.92    6.4  18.3   3   4      0.93   1.7e+02   -1.1   0.1     5    32   106   131   103   143 0.84 -
NODE_90447_length_4385_cov_26.479001:1398-1982   -            195 76220at7898          -            398      0.92    6.4  18.3   4   4    0.0019      0.34    7.8   0.8     4    32   161   187   158   193 0.86 -
NODE_60555_length_6210_cov_35.171003:3846-4592   -            249 76220at7898          -            398       1.4    5.8  18.7   1   5    0.0021      0.38    7.7   0.1     4    31    28    53    25    56 0.89 -
NODE_60555_length_6210_cov_35.171003:3846-4592   -            249 76220at7898          -            398       1.4    5.8  18.7   2   5     0.053       9.7    3.0   0.1     5    31    57    81    54    87 0.87 -
NODE_60555_length_6210_cov_35.171003:3846-4592   -            249 76220at7898          -            398       1.4    5.8  18.7   3   5      0.12        23    1.8   0.3     4    31    84   109    82   112 0.86 -
NODE_60555_length_6210_cov_35.171003:3846-4592   -            249 76220at7898          -            398       1.4    5.8  18.7   4   5     0.088        16    2.3   0.4     4    32   112   138   110   161 0.79 -
NODE_60555_length_6210_cov_35.171003:3846-4592   -            249 76220at7898          -            398       1.4    5.8  18.7   5   5      0.17        32    1.3   0.1     3    31   167   193   165   207 0.86 -
NODE_33692_length_9012_cov_35.185908:3720-4412   -            231 76220at7898          -            398       1.6    5.6  15.1   1   6     0.082        15    2.4   0.1     4    31    26    51    23    55 0.87 -
NODE_33692_length_9012_cov_35.185908:3720-4412   -            231 76220at7898          -            398       1.6    5.6  15.1   2   6       0.4        72    0.2   0.1     4    31    54    79    51    87 0.85 -
NODE_33692_length_9012_cov_35.185908:3720-4412   -            231 76220at7898          -            398       1.6    5.6  15.1   3   6      0.61   1.1e+02   -0.5   0.1     4    31    82   107    79   111 0.83 -
NODE_33692_length_9012_cov_35.185908:3720-4412   -            231 76220at7898          -            398       1.6    5.6  15.1   4   6      0.12        21    1.9   0.3     4    31   110   135   107   138 0.79 -
NODE_33692_length_9012_cov_35.185908:3720-4412   -            231 76220at7898          -            398       1.6    5.6  15.1   5   6     0.049       8.9    3.1   0.2     4    31   138   163   135   173 0.85 -
NODE_33692_length_9012_cov_35.185908:3720-4412   -            231 76220at7898          -            398       1.6    5.6  15.1   6   6     0.025       4.5    4.1   0.1     5    31   195   219   192   225 0.87 -
NODE_40639_length_8106_cov_39.631073:4821-5609   -            263 76220at7898          -            398       2.2    5.2  10.9   1   3      0.11        21    1.9   1.9     4    36    30    60    28    69 0.82 -
NODE_40639_length_8106_cov_39.631073:4821-5609   -            263 76220at7898          -            398       2.2    5.2  10.9   2   3      0.37        68    0.3   0.2     4    32    58    84    56    91 0.85 -
NODE_40639_length_8106_cov_39.631073:4821-5609   -            263 76220at7898          -            398       2.2    5.2  10.9   3   3    0.0019      0.34    7.8   0.3     3    39   171   205   169   211 0.88 -
NODE_248529_length_594_cov_39.604040:21-584      -            188 76220at7898          -            398         3    4.7  15.3   1   4    0.0053      0.96    6.3   0.3     4    31    39    64    36    67 0.86 -
NODE_248529_length_594_cov_39.604040:21-584      -            188 76220at7898          -            398         3    4.7  15.3   2   4       1.5   2.7e+02   -1.7   0.1     7    31    70    92    65   104 0.82 -
NODE_248529_length_594_cov_39.604040:21-584      -            188 76220at7898          -            398         3    4.7  15.3   3   4      0.79   1.4e+02   -0.8   0.2     4    31   123   148   120   150 0.83 -
NODE_248529_length_594_cov_39.604040:21-584      -            188 76220at7898          -            398         3    4.7  15.3   4   4    0.0024      0.43    7.5   0.9     4    32   151   177   148   185 0.87 -
NODE_12071_length_14111_cov_45.051670:5286-5999  -            238 76220at7898          -            398       3.3    4.6  22.3   1   5     0.076        14    2.5   1.4     4    32    21    47    18    63 0.85 -
NODE_12071_length_14111_cov_45.051670:5286-5999  -            238 76220at7898          -            398       3.3    4.6  22.3   2   5      0.22        41    1.0   0.2     4    31    77   102    74   110 0.86 -
NODE_12071_length_14111_cov_45.051670:5286-5999  -            238 76220at7898          -            398       3.3    4.6  22.3   3   5      0.37        67    0.3   0.1     4    30   105   133   103   141 0.77 -
NODE_12071_length_14111_cov_45.051670:5286-5999  -            238 76220at7898          -            398       3.3    4.6  22.3   4   5   0.00013     0.023   11.7   0.8     4    31   161   186   158   188 0.89 -
NODE_12071_length_14111_cov_45.051670:5286-5999  -            238 76220at7898          -            398       3.3    4.6  22.3   5   5      0.17        31    1.4   0.0     4    31   189   214   187   222 0.87 -
NODE_72073_length_5408_cov_32.712187:1302-2534   -            411 76220at7898          -            398       7.4    3.4  11.8   1   4     0.002      0.37    7.7   0.0     4    33    52    81    50    92 0.84 -
NODE_72073_length_5408_cov_32.712187:1302-2534   -            411 76220at7898          -            398       7.4    3.4  11.8   2   4       5.4   9.9e+02   -3.6   0.2     3    31   246   272   245   280 0.78 -
NODE_72073_length_5408_cov_32.712187:1302-2534   -            411 76220at7898          -            398       7.4    3.4  11.8   3   4       2.6   4.7e+02   -2.5   0.6     4    37   303   334   301   355 0.67 -
NODE_72073_length_5408_cov_32.712187:1302-2534   -            411 76220at7898          -            398       7.4    3.4  11.8   4   4     0.059        11    2.9   0.2     3    28   386   409   384   411 0.89 -
NODE_246763_length_607_cov_22.868110:6-566       -            187 76220at7898          -            398       9.1    3.1  20.4   1   6      0.94   1.7e+02   -1.1   0.0     4    31    18    43    16    48 0.84 -
NODE_246763_length_607_cov_22.868110:6-566       -            187 76220at7898          -            398       9.1    3.1  20.4   2   6    0.0023      0.42    7.5   0.7     4    31    46    71    43    74 0.86 -
NODE_246763_length_607_cov_22.868110:6-566       -            187 76220at7898          -            398       9.1    3.1  20.4   3   6     0.035       6.4    3.6   0.9     4    31    74    99    71   107 0.87 -
NODE_246763_length_607_cov_22.868110:6-566       -            187 76220at7898          -            398       9.1    3.1  20.4   4   6       0.7   1.3e+02   -0.7   0.0     4    31   102   127    99   130 0.87 -
NODE_246763_length_607_cov_22.868110:6-566       -            187 76220at7898          -            398       9.1    3.1  20.4   5   6     0.053       9.7    3.0   0.6     4    31   130   155   127   159 0.87 -
NODE_246763_length_607_cov_22.868110:6-566       -            187 76220at7898          -            398       9.1    3.1  20.4   6   6      0.45        82   -0.0   0.3     5    31   159   183   155   186 0.82 -
NODE_9388_length_15389_cov_28.624264:1874-4017   -            199 76220at7898          -            398       9.5    3.1  12.2   1   2       0.3        54    0.6   7.5     4    65    30    94    27   113 0.64 -
NODE_9388_length_15389_cov_28.624264:1874-4017   -            199 76220at7898          -            398       9.5    3.1  12.2   2   2     0.067        12    2.7   0.1     5    27   179   199   176   199 0.83 -
NODE_36878_length_8574_cov_36.646844:2999-3595   -            199 76220at7898          -            398       9.8    3.0  24.5   1   6     0.024       4.3    4.2   0.5     4    31    32    57    29    59 0.86 -
NODE_36878_length_8574_cov_36.646844:2999-3595   -            199 76220at7898          -            398       9.8    3.0  24.5   2   6     0.032       5.8    3.8   1.6     4    32    60    86    57   103 0.86 -
NODE_36878_length_8574_cov_36.646844:2999-3595   -            199 76220at7898          -            398       9.8    3.0  24.5   3   6       2.3   4.2e+02   -2.4   0.0    11    31    93   113    89   115 0.82 -
NODE_36878_length_8574_cov_36.646844:2999-3595   -            199 76220at7898          -            398       9.8    3.0  24.5   4   6     0.042       7.6    3.4   1.3     4    31   116   141   113   143 0.87 -
NODE_36878_length_8574_cov_36.646844:2999-3595   -            199 76220at7898          -            398       9.8    3.0  24.5   5   6    0.0079       1.4    5.8   0.6     4    32   144   170   141   179 0.88 -
NODE_36878_length_8574_cov_36.646844:2999-3595   -            199 76220at7898          -            398       9.8    3.0  24.5   6   6      0.57     1e+02   -0.4   0.1     3    28   171   194   169   197 0.85 -
NODE_119281_length_3200_cov_57.703322:1418-2185  -            256 76220at7898          -            398       9.8    3.0  17.3   1   5    0.0022       0.4    7.6   0.7     4    31    31    56    28    66 0.88 -
NODE_119281_length_3200_cov_57.703322:1418-2185  -            256 76220at7898          -            398       9.8    3.0  17.3   2   5       3.4   6.2e+02   -2.9   0.1     4    31   115   140   114   149 0.82 -
NODE_119281_length_3200_cov_57.703322:1418-2185  -            256 76220at7898          -            398       9.8    3.0  17.3   3   5       4.1   7.4e+02   -3.2   0.1     4    31   143   168   140   170 0.79 -
NODE_119281_length_3200_cov_57.703322:1418-2185  -            256 76220at7898          -            398       9.8    3.0  17.3   4   5      0.12        22    1.9   0.2     4    31   199   224   197   226 0.87 -
NODE_119281_length_3200_cov_57.703322:1418-2185  -            256 76220at7898          -            398       9.8    3.0  17.3   5   5     0.016       2.9    4.7   0.6     4    31   227   252   224   255 0.87 -
#
# Program:         hmmsearch
# Version:         3.1b2 (February 2015)
# Pipeline mode:   SEARCH
# Query file:      /home/e1garcia/shotgun_PIRE/abyss/busco_downloads/lineages/actinopterygii_odb10/hmms/76220at7898.hmm
# Target file:     /home/e1garcia/shotgun_PIRE/pire_ssl_data_processing/plotosus_lineatus/busco_scaffolds_results-SPAdes_contam_R1R2_noIsolate/run_actinopterygii_odb10/metaeuk_output/rerun_results/scaffolds.modified.fasta.modified.fas
# Option settings: hmmsearch --domtblout /home/e1garcia/shotgun_PIRE/pire_ssl_data_processing/plotosus_lineatus/busco_scaffolds_results-SPAdes_contam_R1R2_noIsolate/run_actinopterygii_odb10/hmmer_output/rerun_results/76220at7898.out --cpu 1 /home/e1garcia/shotgun_PIRE/abyss/busco_downloads/lineages/actinopterygii_odb10/hmms/76220at7898.hmm /home/e1garcia/shotgun_PIRE/pire_ssl_data_processing/plotosus_lineatus/busco_scaffolds_results-SPAdes_contam_R1R2_noIsolate/run_actinopterygii_odb10/metaeuk_output/rerun_results/scaffolds.modified.fasta.modified.fas 
# Current dir:     /home/e1garcia/shotgun_PIRE/pire_ssl_data_processing/plotosus_lineatus
# Date:            Fri Aug 20 14:39:50 2021
# [ok]
