Analysis complete for HqC0021A_CKDL210013395-1a-5UDI301-7UDI304_HF33GDSX2_L4_2.fq.gz
Started analysis of HqC0021A_CKDL210013395-1a-5UDI301-7UDI304_HF33GDSX2_L4_2.fq.gz
Approx 5% complete for HqC0021A_CKDL210013395-1a-5UDI301-7UDI304_HF33GDSX2_L4_2.fq.gz
Approx 10% complete for HqC0021A_CKDL210013395-1a-5UDI301-7UDI304_HF33GDSX2_L4_2.fq.gz
Approx 15% complete for HqC0021A_CKDL210013395-1a-5UDI301-7UDI304_HF33GDSX2_L4_2.fq.gz
Approx 20% complete for HqC0021A_CKDL210013395-1a-5UDI301-7UDI304_HF33GDSX2_L4_2.fq.gz
Approx 25% complete for HqC0021A_CKDL210013395-1a-5UDI301-7UDI304_HF33GDSX2_L4_2.fq.gz
Approx 30% complete for HqC0021A_CKDL210013395-1a-5UDI301-7UDI304_HF33GDSX2_L4_2.fq.gz
Approx 35% complete for HqC0021A_CKDL210013395-1a-5UDI301-7UDI304_HF33GDSX2_L4_2.fq.gz
Approx 40% complete for HqC0021A_CKDL210013395-1a-5UDI301-7UDI304_HF33GDSX2_L4_2.fq.gz
Approx 45% complete for HqC0021A_CKDL210013395-1a-5UDI301-7UDI304_HF33GDSX2_L4_2.fq.gz
Approx 50% complete for HqC0021A_CKDL210013395-1a-5UDI301-7UDI304_HF33GDSX2_L4_2.fq.gz
Approx 55% complete for HqC0021A_CKDL210013395-1a-5UDI301-7UDI304_HF33GDSX2_L4_2.fq.gz
Approx 60% complete for HqC0021A_CKDL210013395-1a-5UDI301-7UDI304_HF33GDSX2_L4_2.fq.gz
Approx 65% complete for HqC0021A_CKDL210013395-1a-5UDI301-7UDI304_HF33GDSX2_L4_2.fq.gz
Approx 70% complete for HqC0021A_CKDL210013395-1a-5UDI301-7UDI304_HF33GDSX2_L4_2.fq.gz
Approx 75% complete for HqC0021A_CKDL210013395-1a-5UDI301-7UDI304_HF33GDSX2_L4_2.fq.gz
Approx 80% complete for HqC0021A_CKDL210013395-1a-5UDI301-7UDI304_HF33GDSX2_L4_2.fq.gz
Approx 85% complete for HqC0021A_CKDL210013395-1a-5UDI301-7UDI304_HF33GDSX2_L4_2.fq.gz
Approx 90% complete for HqC0021A_CKDL210013395-1a-5UDI301-7UDI304_HF33GDSX2_L4_2.fq.gz
Approx 95% complete for HqC0021A_CKDL210013395-1a-5UDI301-7UDI304_HF33GDSX2_L4_2.fq.gz
Analysis complete for HqC0021A_CKDL210013395-1a-5UDI301-7UDI304_HF33GDSX2_L4_1.fq.gz
Started analysis of HqC0021A_CKDL210013395-1a-5UDI301-7UDI304_HF33GDSX2_L4_1.fq.gz
Approx 5% complete for HqC0021A_CKDL210013395-1a-5UDI301-7UDI304_HF33GDSX2_L4_1.fq.gz
Approx 10% complete for HqC0021A_CKDL210013395-1a-5UDI301-7UDI304_HF33GDSX2_L4_1.fq.gz
Approx 15% complete for HqC0021A_CKDL210013395-1a-5UDI301-7UDI304_HF33GDSX2_L4_1.fq.gz
Approx 20% complete for HqC0021A_CKDL210013395-1a-5UDI301-7UDI304_HF33GDSX2_L4_1.fq.gz
Approx 25% complete for HqC0021A_CKDL210013395-1a-5UDI301-7UDI304_HF33GDSX2_L4_1.fq.gz
Approx 30% complete for HqC0021A_CKDL210013395-1a-5UDI301-7UDI304_HF33GDSX2_L4_1.fq.gz
Approx 35% complete for HqC0021A_CKDL210013395-1a-5UDI301-7UDI304_HF33GDSX2_L4_1.fq.gz
Approx 40% complete for HqC0021A_CKDL210013395-1a-5UDI301-7UDI304_HF33GDSX2_L4_1.fq.gz
Approx 45% complete for HqC0021A_CKDL210013395-1a-5UDI301-7UDI304_HF33GDSX2_L4_1.fq.gz
Approx 50% complete for HqC0021A_CKDL210013395-1a-5UDI301-7UDI304_HF33GDSX2_L4_1.fq.gz
Approx 55% complete for HqC0021A_CKDL210013395-1a-5UDI301-7UDI304_HF33GDSX2_L4_1.fq.gz
Approx 60% complete for HqC0021A_CKDL210013395-1a-5UDI301-7UDI304_HF33GDSX2_L4_1.fq.gz
Approx 65% complete for HqC0021A_CKDL210013395-1a-5UDI301-7UDI304_HF33GDSX2_L4_1.fq.gz
Approx 70% complete for HqC0021A_CKDL210013395-1a-5UDI301-7UDI304_HF33GDSX2_L4_1.fq.gz
Approx 75% complete for HqC0021A_CKDL210013395-1a-5UDI301-7UDI304_HF33GDSX2_L4_1.fq.gz
Approx 80% complete for HqC0021A_CKDL210013395-1a-5UDI301-7UDI304_HF33GDSX2_L4_1.fq.gz
Approx 85% complete for HqC0021A_CKDL210013395-1a-5UDI301-7UDI304_HF33GDSX2_L4_1.fq.gz
Approx 90% complete for HqC0021A_CKDL210013395-1a-5UDI301-7UDI304_HF33GDSX2_L4_1.fq.gz
Approx 95% complete for HqC0021A_CKDL210013395-1a-5UDI301-7UDI304_HF33GDSX2_L4_1.fq.gz
Analysis complete for HqC0021B_CKDL210013395-1a-AK7758-AK7099_HF33GDSX2_L4_1.fq.gz
Started analysis of HqC0021B_CKDL210013395-1a-AK7758-AK7099_HF33GDSX2_L4_1.fq.gz
Approx 5% complete for HqC0021B_CKDL210013395-1a-AK7758-AK7099_HF33GDSX2_L4_1.fq.gz
Approx 10% complete for HqC0021B_CKDL210013395-1a-AK7758-AK7099_HF33GDSX2_L4_1.fq.gz
Approx 15% complete for HqC0021B_CKDL210013395-1a-AK7758-AK7099_HF33GDSX2_L4_1.fq.gz
Approx 20% complete for HqC0021B_CKDL210013395-1a-AK7758-AK7099_HF33GDSX2_L4_1.fq.gz
Approx 25% complete for HqC0021B_CKDL210013395-1a-AK7758-AK7099_HF33GDSX2_L4_1.fq.gz
Approx 30% complete for HqC0021B_CKDL210013395-1a-AK7758-AK7099_HF33GDSX2_L4_1.fq.gz
Approx 35% complete for HqC0021B_CKDL210013395-1a-AK7758-AK7099_HF33GDSX2_L4_1.fq.gz
Approx 40% complete for HqC0021B_CKDL210013395-1a-AK7758-AK7099_HF33GDSX2_L4_1.fq.gz
Approx 45% complete for HqC0021B_CKDL210013395-1a-AK7758-AK7099_HF33GDSX2_L4_1.fq.gz
Approx 50% complete for HqC0021B_CKDL210013395-1a-AK7758-AK7099_HF33GDSX2_L4_1.fq.gz
Approx 55% complete for HqC0021B_CKDL210013395-1a-AK7758-AK7099_HF33GDSX2_L4_1.fq.gz
Approx 60% complete for HqC0021B_CKDL210013395-1a-AK7758-AK7099_HF33GDSX2_L4_1.fq.gz
Approx 65% complete for HqC0021B_CKDL210013395-1a-AK7758-AK7099_HF33GDSX2_L4_1.fq.gz
Approx 70% complete for HqC0021B_CKDL210013395-1a-AK7758-AK7099_HF33GDSX2_L4_1.fq.gz
Approx 75% complete for HqC0021B_CKDL210013395-1a-AK7758-AK7099_HF33GDSX2_L4_1.fq.gz
Approx 80% complete for HqC0021B_CKDL210013395-1a-AK7758-AK7099_HF33GDSX2_L4_1.fq.gz
Approx 85% complete for HqC0021B_CKDL210013395-1a-AK7758-AK7099_HF33GDSX2_L4_1.fq.gz
Approx 90% complete for HqC0021B_CKDL210013395-1a-AK7758-AK7099_HF33GDSX2_L4_1.fq.gz
Approx 95% complete for HqC0021B_CKDL210013395-1a-AK7758-AK7099_HF33GDSX2_L4_1.fq.gz
Analysis complete for HqC0021B_CKDL210013395-1a-AK7758-AK7099_HF33GDSX2_L4_2.fq.gz
Started analysis of HqC0021B_CKDL210013395-1a-AK7758-AK7099_HF33GDSX2_L4_2.fq.gz
Approx 5% complete for HqC0021B_CKDL210013395-1a-AK7758-AK7099_HF33GDSX2_L4_2.fq.gz
Approx 10% complete for HqC0021B_CKDL210013395-1a-AK7758-AK7099_HF33GDSX2_L4_2.fq.gz
Approx 15% complete for HqC0021B_CKDL210013395-1a-AK7758-AK7099_HF33GDSX2_L4_2.fq.gz
Approx 20% complete for HqC0021B_CKDL210013395-1a-AK7758-AK7099_HF33GDSX2_L4_2.fq.gz
Approx 25% complete for HqC0021B_CKDL210013395-1a-AK7758-AK7099_HF33GDSX2_L4_2.fq.gz
Approx 30% complete for HqC0021B_CKDL210013395-1a-AK7758-AK7099_HF33GDSX2_L4_2.fq.gz
Approx 35% complete for HqC0021B_CKDL210013395-1a-AK7758-AK7099_HF33GDSX2_L4_2.fq.gz
Approx 40% complete for HqC0021B_CKDL210013395-1a-AK7758-AK7099_HF33GDSX2_L4_2.fq.gz
Approx 45% complete for HqC0021B_CKDL210013395-1a-AK7758-AK7099_HF33GDSX2_L4_2.fq.gz
Approx 50% complete for HqC0021B_CKDL210013395-1a-AK7758-AK7099_HF33GDSX2_L4_2.fq.gz
Approx 55% complete for HqC0021B_CKDL210013395-1a-AK7758-AK7099_HF33GDSX2_L4_2.fq.gz
Approx 60% complete for HqC0021B_CKDL210013395-1a-AK7758-AK7099_HF33GDSX2_L4_2.fq.gz
Approx 65% complete for HqC0021B_CKDL210013395-1a-AK7758-AK7099_HF33GDSX2_L4_2.fq.gz
Approx 70% complete for HqC0021B_CKDL210013395-1a-AK7758-AK7099_HF33GDSX2_L4_2.fq.gz
Approx 75% complete for HqC0021B_CKDL210013395-1a-AK7758-AK7099_HF33GDSX2_L4_2.fq.gz
Approx 80% complete for HqC0021B_CKDL210013395-1a-AK7758-AK7099_HF33GDSX2_L4_2.fq.gz
Approx 85% complete for HqC0021B_CKDL210013395-1a-AK7758-AK7099_HF33GDSX2_L4_2.fq.gz
Approx 90% complete for HqC0021B_CKDL210013395-1a-AK7758-AK7099_HF33GDSX2_L4_2.fq.gz
Approx 95% complete for HqC0021B_CKDL210013395-1a-AK7758-AK7099_HF33GDSX2_L4_2.fq.gz
Analysis complete for HqC0021C_CKDL210013395-1a-AK7078-AK7096_HF33GDSX2_L4_1.fq.gz
Started analysis of HqC0021C_CKDL210013395-1a-AK7078-AK7096_HF33GDSX2_L4_1.fq.gz
Approx 5% complete for HqC0021C_CKDL210013395-1a-AK7078-AK7096_HF33GDSX2_L4_1.fq.gz
Approx 10% complete for HqC0021C_CKDL210013395-1a-AK7078-AK7096_HF33GDSX2_L4_1.fq.gz
Approx 15% complete for HqC0021C_CKDL210013395-1a-AK7078-AK7096_HF33GDSX2_L4_1.fq.gz
Approx 20% complete for HqC0021C_CKDL210013395-1a-AK7078-AK7096_HF33GDSX2_L4_1.fq.gz
Approx 25% complete for HqC0021C_CKDL210013395-1a-AK7078-AK7096_HF33GDSX2_L4_1.fq.gz
Approx 30% complete for HqC0021C_CKDL210013395-1a-AK7078-AK7096_HF33GDSX2_L4_1.fq.gz
Approx 35% complete for HqC0021C_CKDL210013395-1a-AK7078-AK7096_HF33GDSX2_L4_1.fq.gz
Approx 40% complete for HqC0021C_CKDL210013395-1a-AK7078-AK7096_HF33GDSX2_L4_1.fq.gz
Approx 45% complete for HqC0021C_CKDL210013395-1a-AK7078-AK7096_HF33GDSX2_L4_1.fq.gz
Approx 50% complete for HqC0021C_CKDL210013395-1a-AK7078-AK7096_HF33GDSX2_L4_1.fq.gz
Approx 55% complete for HqC0021C_CKDL210013395-1a-AK7078-AK7096_HF33GDSX2_L4_1.fq.gz
Approx 60% complete for HqC0021C_CKDL210013395-1a-AK7078-AK7096_HF33GDSX2_L4_1.fq.gz
Approx 65% complete for HqC0021C_CKDL210013395-1a-AK7078-AK7096_HF33GDSX2_L4_1.fq.gz
Approx 70% complete for HqC0021C_CKDL210013395-1a-AK7078-AK7096_HF33GDSX2_L4_1.fq.gz
Approx 75% complete for HqC0021C_CKDL210013395-1a-AK7078-AK7096_HF33GDSX2_L4_1.fq.gz
Approx 80% complete for HqC0021C_CKDL210013395-1a-AK7078-AK7096_HF33GDSX2_L4_1.fq.gz
Approx 85% complete for HqC0021C_CKDL210013395-1a-AK7078-AK7096_HF33GDSX2_L4_1.fq.gz
Approx 90% complete for HqC0021C_CKDL210013395-1a-AK7078-AK7096_HF33GDSX2_L4_1.fq.gz
Approx 95% complete for HqC0021C_CKDL210013395-1a-AK7078-AK7096_HF33GDSX2_L4_1.fq.gz
Analysis complete for HqC0021C_CKDL210013395-1a-AK7078-AK7096_HF33GDSX2_L4_2.fq.gz
Started analysis of HqC0021C_CKDL210013395-1a-AK7078-AK7096_HF33GDSX2_L4_2.fq.gz
Approx 5% complete for HqC0021C_CKDL210013395-1a-AK7078-AK7096_HF33GDSX2_L4_2.fq.gz
Approx 10% complete for HqC0021C_CKDL210013395-1a-AK7078-AK7096_HF33GDSX2_L4_2.fq.gz
Approx 15% complete for HqC0021C_CKDL210013395-1a-AK7078-AK7096_HF33GDSX2_L4_2.fq.gz
Approx 20% complete for HqC0021C_CKDL210013395-1a-AK7078-AK7096_HF33GDSX2_L4_2.fq.gz
Approx 25% complete for HqC0021C_CKDL210013395-1a-AK7078-AK7096_HF33GDSX2_L4_2.fq.gz
Approx 30% complete for HqC0021C_CKDL210013395-1a-AK7078-AK7096_HF33GDSX2_L4_2.fq.gz
Approx 35% complete for HqC0021C_CKDL210013395-1a-AK7078-AK7096_HF33GDSX2_L4_2.fq.gz
Approx 40% complete for HqC0021C_CKDL210013395-1a-AK7078-AK7096_HF33GDSX2_L4_2.fq.gz
Approx 45% complete for HqC0021C_CKDL210013395-1a-AK7078-AK7096_HF33GDSX2_L4_2.fq.gz
Approx 50% complete for HqC0021C_CKDL210013395-1a-AK7078-AK7096_HF33GDSX2_L4_2.fq.gz
Approx 55% complete for HqC0021C_CKDL210013395-1a-AK7078-AK7096_HF33GDSX2_L4_2.fq.gz
Approx 60% complete for HqC0021C_CKDL210013395-1a-AK7078-AK7096_HF33GDSX2_L4_2.fq.gz
Approx 65% complete for HqC0021C_CKDL210013395-1a-AK7078-AK7096_HF33GDSX2_L4_2.fq.gz
Approx 70% complete for HqC0021C_CKDL210013395-1a-AK7078-AK7096_HF33GDSX2_L4_2.fq.gz
Approx 75% complete for HqC0021C_CKDL210013395-1a-AK7078-AK7096_HF33GDSX2_L4_2.fq.gz
Approx 80% complete for HqC0021C_CKDL210013395-1a-AK7078-AK7096_HF33GDSX2_L4_2.fq.gz
Approx 85% complete for HqC0021C_CKDL210013395-1a-AK7078-AK7096_HF33GDSX2_L4_2.fq.gz
Approx 90% complete for HqC0021C_CKDL210013395-1a-AK7078-AK7096_HF33GDSX2_L4_2.fq.gz
Approx 95% complete for HqC0021C_CKDL210013395-1a-AK7078-AK7096_HF33GDSX2_L4_2.fq.gz
[WARNING]         multiqc : MultiQC Version v1.11 now available!
[INFO   ]         multiqc : This is MultiQC v1.9
[INFO   ]         multiqc : Template    : default
[INFO   ]         multiqc : Searching   : /home/e1garcia/shotgun_PIRE/pire_ssl_data_processing/herklotsichthys_quadrimaculatus/shotgun_raw_fq
[INFO   ]          fastqc : Found 6 reports
[INFO   ]         multiqc : Compressing plot data
[INFO   ]         multiqc : Report      : ../Multi_FASTQC/multiqc_report_fq.gz.html
[INFO   ]         multiqc : Data        : ../Multi_FASTQC/multiqc_report_fq.gz_data
[INFO   ]         multiqc : MultiQC complete
