Detecting adapter sequence for read1...
No adapter detected for read1

Detecting adapter sequence for read2...
No adapter detected for read2

Read1 before filtering:
total reads: 61478124
total bases: 9065017399
Q20 bases: 8618668072(95.0761%)
Q30 bases: 8112507937(89.4925%)

Read2 before filtering:
total reads: 61478124
total bases: 9064957435
Q20 bases: 8480501022(93.5526%)
Q30 bases: 7811549399(86.173%)

Read1 after filtering:
total reads: 49152554
total bases: 7364524074
Q20 bases: 7135382511(96.8886%)
Q30 bases: 6781845293(92.088%)

Read2 aftering filtering:
total reads: 49152554
total bases: 7363314822
Q20 bases: 7052496694(95.7788%)
Q30 bases: 6568827022(89.2102%)

Filtering result:
reads passed filter: 98305108
reads failed due to low quality: 0
reads failed due to too many N: 0
reads failed due to too short: 24651140
reads with adapter trimmed: 229840
bases trimmed due to adapters: 8019633
reads corrected by overlap analysis: 6229882
bases corrected by overlap analysis: 15619912

Duplication rate: 38.3219%

Insert size peak (evaluated by paired-end reads): 150

JSON report: fq_fp1_clmparray_fp2/TzC0402F_CKDL210013395-1a-AK7758-GD07_HF33GDSX2_L4_clmp.r1r2_fastp.json
HTML report: fq_fp1_clmparray_fp2/TzC0402F_CKDL210013395-1a-AK7758-GD07_HF33GDSX2_L4_clmp.r1r2_fastp.html

fastp --in1 fq_fp1_clmparray//TzC0402F_CKDL210013395-1a-AK7758-GD07_HF33GDSX2_L4_clmp.r1.fq.gz --in2 fq_fp1_clmparray//TzC0402F_CKDL210013395-1a-AK7758-GD07_HF33GDSX2_L4_clmp.r2.fq.gz --out1 fq_fp1_clmparray_fp2/TzC0402F_CKDL210013395-1a-AK7758-GD07_HF33GDSX2_L4_clmp.fp2_r1.fq.gz --out2 fq_fp1_clmparray_fp2/TzC0402F_CKDL210013395-1a-AK7758-GD07_HF33GDSX2_L4_clmp.fp2_r2.fq.gz --unpaired1 fq_fp1_clmparray_fp2/failed/TzC0402F_CKDL210013395-1a-AK7758-GD07_HF33GDSX2_L4_clmp.fp2_unprd.fq.gz --unpaired2 fq_fp1_clmparray_fp2/failed/TzC0402F_CKDL210013395-1a-AK7758-GD07_HF33GDSX2_L4_clmp.fp2_unprd.fq.gz --failed_out fq_fp1_clmparray_fp2/failed/TzC0402F_CKDL210013395-1a-AK7758-GD07_HF33GDSX2_L4_clmp.fp2_fail.fq.gz -h fq_fp1_clmparray_fp2/TzC0402F_CKDL210013395-1a-AK7758-GD07_HF33GDSX2_L4_clmp.r1r2_fastp.html -j fq_fp1_clmparray_fp2/TzC0402F_CKDL210013395-1a-AK7758-GD07_HF33GDSX2_L4_clmp.r1r2_fastp.json --detect_adapter_for_pe --length_required 140 --cut_front --cut_front_window_size 1 --cut_front_mean_quality 20 --cut_right --cut_right_window_size 10 --cut_right_mean_quality 20 --disable_trim_poly_g --correction --disable_quality_filtering --unqualified_percent_limit 40 --report_title Second Trim R1R2 
fastp v0.20.1, time used: 850 seconds
Detecting adapter sequence for read1...
No adapter detected for read1

Detecting adapter sequence for read2...
No adapter detected for read2

Read1 before filtering:
total reads: 95508673
total bases: 14164859623
Q20 bases: 13781266548(97.2919%)
Q30 bases: 13218598264(93.3197%)

Read2 before filtering:
total reads: 95508673
total bases: 14162236056
Q20 bases: 13595797530(96.0004%)
Q30 bases: 12750570807(90.0322%)

Read1 after filtering:
total reads: 85250843
total bases: 12777629521
Q20 bases: 12555204288(98.2593%)
Q30 bases: 12109597181(94.7719%)

Read2 aftering filtering:
total reads: 85250843
total bases: 12775462338
Q20 bases: 12420063176(97.2181%)
Q30 bases: 11721538099(91.7504%)

Filtering result:
reads passed filter: 170501686
reads failed due to low quality: 0
reads failed due to too many N: 0
reads failed due to too short: 20515660
reads with adapter trimmed: 183444
bases trimmed due to adapters: 6086845
reads corrected by overlap analysis: 5639265
bases corrected by overlap analysis: 13466107

Duplication rate: 12.6443%

Insert size peak (evaluated by paired-end reads): 150

JSON report: fq_fp1_clmparray_fp2/TzC0402E_CKDL210013395-1a-5UDI301-AK7549_HF33GDSX2_L4_clmp.r1r2_fastp.json
HTML report: fq_fp1_clmparray_fp2/TzC0402E_CKDL210013395-1a-5UDI301-AK7549_HF33GDSX2_L4_clmp.r1r2_fastp.html

fastp --in1 fq_fp1_clmparray//TzC0402E_CKDL210013395-1a-5UDI301-AK7549_HF33GDSX2_L4_clmp.r1.fq.gz --in2 fq_fp1_clmparray//TzC0402E_CKDL210013395-1a-5UDI301-AK7549_HF33GDSX2_L4_clmp.r2.fq.gz --out1 fq_fp1_clmparray_fp2/TzC0402E_CKDL210013395-1a-5UDI301-AK7549_HF33GDSX2_L4_clmp.fp2_r1.fq.gz --out2 fq_fp1_clmparray_fp2/TzC0402E_CKDL210013395-1a-5UDI301-AK7549_HF33GDSX2_L4_clmp.fp2_r2.fq.gz --unpaired1 fq_fp1_clmparray_fp2/failed/TzC0402E_CKDL210013395-1a-5UDI301-AK7549_HF33GDSX2_L4_clmp.fp2_unprd.fq.gz --unpaired2 fq_fp1_clmparray_fp2/failed/TzC0402E_CKDL210013395-1a-5UDI301-AK7549_HF33GDSX2_L4_clmp.fp2_unprd.fq.gz --failed_out fq_fp1_clmparray_fp2/failed/TzC0402E_CKDL210013395-1a-5UDI301-AK7549_HF33GDSX2_L4_clmp.fp2_fail.fq.gz -h fq_fp1_clmparray_fp2/TzC0402E_CKDL210013395-1a-5UDI301-AK7549_HF33GDSX2_L4_clmp.r1r2_fastp.html -j fq_fp1_clmparray_fp2/TzC0402E_CKDL210013395-1a-5UDI301-AK7549_HF33GDSX2_L4_clmp.r1r2_fastp.json --detect_adapter_for_pe --length_required 140 --cut_front --cut_front_window_size 1 --cut_front_mean_quality 20 --cut_right --cut_right_window_size 10 --cut_right_mean_quality 20 --disable_trim_poly_g --correction --disable_quality_filtering --unqualified_percent_limit 40 --report_title Second Trim R1R2 
fastp v0.20.1, time used: 1384 seconds
Detecting adapter sequence for read1...
No adapter detected for read1

Detecting adapter sequence for read2...
No adapter detected for read2

Read1 before filtering:
total reads: 105222169
total bases: 15598104573
Q20 bases: 15179986795(97.3194%)
Q30 bases: 14565790044(93.3818%)

Read2 before filtering:
total reads: 105222169
total bases: 15596254113
Q20 bases: 14992250284(96.1273%)
Q30 bases: 14085144677(90.3111%)

Read1 after filtering:
total reads: 93900977
total bases: 14074043751
Q20 bases: 13833415549(98.2903%)
Q30 bases: 13347417636(94.8371%)

Read2 aftering filtering:
total reads: 93900977
total bases: 14071922702
Q20 bases: 13696158530(97.3297%)
Q30 bases: 12947561497(92.0099%)

Filtering result:
reads passed filter: 187801954
reads failed due to low quality: 0
reads failed due to too many N: 0
reads failed due to too short: 22642384
reads with adapter trimmed: 207182
bases trimmed due to adapters: 6699015
reads corrected by overlap analysis: 6203634
bases corrected by overlap analysis: 14680616

Duplication rate: 11.8996%

Insert size peak (evaluated by paired-end reads): 150

JSON report: fq_fp1_clmparray_fp2/TzC0402G_CKDL210013395-1a-AK7078-AK845_HF33GDSX2_L4_clmp.r1r2_fastp.json
HTML report: fq_fp1_clmparray_fp2/TzC0402G_CKDL210013395-1a-AK7078-AK845_HF33GDSX2_L4_clmp.r1r2_fastp.html

fastp --in1 fq_fp1_clmparray//TzC0402G_CKDL210013395-1a-AK7078-AK845_HF33GDSX2_L4_clmp.r1.fq.gz --in2 fq_fp1_clmparray//TzC0402G_CKDL210013395-1a-AK7078-AK845_HF33GDSX2_L4_clmp.r2.fq.gz --out1 fq_fp1_clmparray_fp2/TzC0402G_CKDL210013395-1a-AK7078-AK845_HF33GDSX2_L4_clmp.fp2_r1.fq.gz --out2 fq_fp1_clmparray_fp2/TzC0402G_CKDL210013395-1a-AK7078-AK845_HF33GDSX2_L4_clmp.fp2_r2.fq.gz --unpaired1 fq_fp1_clmparray_fp2/failed/TzC0402G_CKDL210013395-1a-AK7078-AK845_HF33GDSX2_L4_clmp.fp2_unprd.fq.gz --unpaired2 fq_fp1_clmparray_fp2/failed/TzC0402G_CKDL210013395-1a-AK7078-AK845_HF33GDSX2_L4_clmp.fp2_unprd.fq.gz --failed_out fq_fp1_clmparray_fp2/failed/TzC0402G_CKDL210013395-1a-AK7078-AK845_HF33GDSX2_L4_clmp.fp2_fail.fq.gz -h fq_fp1_clmparray_fp2/TzC0402G_CKDL210013395-1a-AK7078-AK845_HF33GDSX2_L4_clmp.r1r2_fastp.html -j fq_fp1_clmparray_fp2/TzC0402G_CKDL210013395-1a-AK7078-AK845_HF33GDSX2_L4_clmp.r1r2_fastp.json --detect_adapter_for_pe --length_required 140 --cut_front --cut_front_window_size 1 --cut_front_mean_quality 20 --cut_right --cut_right_window_size 10 --cut_right_mean_quality 20 --disable_trim_poly_g --correction --disable_quality_filtering --unqualified_percent_limit 40 --report_title Second Trim R1R2 
fastp v0.20.1, time used: 1506 seconds
[WARNING]         multiqc : MultiQC Version v1.11 now available!
[INFO   ]         multiqc : This is MultiQC v1.9
[INFO   ]         multiqc : Template    : default
[INFO   ]         multiqc : Searching   : /home/e1garcia/shotgun_PIRE/pire_ssl_data_processing/taeniamia_zosterophora/fq_fp1_clmparray_fp2
[INFO   ]           fastp : Found 3 reports
[INFO   ]         multiqc : Compressing plot data
[INFO   ]         multiqc : Report      : fq_fp1_clmparray_fp2/2nd_fastp_report.html
[INFO   ]         multiqc : Data        : fq_fp1_clmparray_fp2/2nd_fastp_report_data
[INFO   ]         multiqc : MultiQC complete
