fatal: could not read Username for 'https://github.com': No such device or address
The following paths are ignored by one of your .gitignore files:
gerres_oyena/SPAdes_GyC0881D_contam_R1R2_noIsolate
gerres_oyena/SPAdes_GyC0881D_contam_R1R2_noIsolate_covAUTO
gerres_oyena/SPAdes_GyC0881E_contam_R1R2_noIsolate
gerres_oyena/SPAdes_GyC0881E_decontam_R1R2_noIsolate
gerres_oyena/SPAdes_allLibs_contam_R1R2_noIsolate
gerres_oyena/busco_contigs_results-SPAdes_GyC0881D_contam_R1R2_noIsolate
gerres_oyena/busco_contigs_results-SPAdes_GyC0881D_contam_R1R2_noIsolate_covAUTO
gerres_oyena/busco_contigs_results-SPAdes_GyC0881E_contam_R1R2_noIsolate
gerres_oyena/busco_contigs_results-SPAdes_GyC0881E_decontam_R1R2_noIsolate
gerres_oyena/busco_contigs_results-SPAdes_allLibs_contam_R1R2_noIsolate
gerres_oyena/busco_downloads
gerres_oyena/busco_scaffolds_results-SPAdes_GyC0881D_contam_R1R2_noIsolate
gerres_oyena/busco_scaffolds_results-SPAdes_GyC0881D_contam_R1R2_noIsolate_covAUTO
gerres_oyena/busco_scaffolds_results-SPAdes_GyC0881E_contam_R1R2_noIsolate
gerres_oyena/busco_scaffolds_results-SPAdes_GyC0881E_decontam_R1R2_noIsolate
gerres_oyena/busco_scaffolds_results-SPAdes_allLibs_contam_R1R2_noIsolate
Use -f if you really want to add them.
[main 9dde758d] update
 Committer: jwhal002 <jwhal002@e1-w6420b-01.ib.cluster>
Your name and email address were configured automatically based
on your username and hostname. Please check that they are accurate.
You can suppress this message by setting them explicitly. Run the
following command and follow the instructions in your editor to edit
your configuration file:

    git config --global --edit

After doing this, you may fix the identity used for this commit with:

    git commit --amend --reset-author

 2 files changed, 27 insertions(+), 1 deletion(-)
 create mode 100755 gerres_oyena/slurm-536395.out
fatal: could not read Username for 'https://github.com': No such device or address
