#                                                                                                        --- full sequence --- -------------- this domain -------------   hmm coord   ali coord   env coord
# target name                                    accession   tlen query name           accession   qlen   E-value  score  bias   #  of  c-Evalue  i-Evalue  score  bias  from    to  from    to  from    to  acc description of target
#                            ------------------- ---------- ----- -------------------- ---------- ----- --------- ------ ----- --- --- --------- --------- ------ ----- ----- ----- ----- ----- ----- ----- ---- ---------------------
NODE_7173_length_13193_cov_36.716740:761-1285    -            175 10070at7898          -            979   1.1e-34  117.6   0.4   1   1   1.7e-36   1.3e-34  117.4   0.4   668   845     1   173     1   175 0.95 -
NODE_27354_length_8226_cov_26.874739:1350-7277   -            455 10070at7898          -            979   6.5e-34  115.1   0.4   1   1   1.5e-35   1.1e-33  114.4   0.4   661   915    12   276     6   279 0.86 -
NODE_2282_length_17661_cov_39.343355:7095-16459  -            417 10070at7898          -            979   6.9e-32  108.4   0.0   1   1     1e-33   7.3e-32  108.3   0.0   713   916   134   350    15   406 0.80 -
NODE_20413_length_9316_cov_34.085277:2986-3504   -            173 10070at7898          -            979   2.4e-31  106.6   0.2   1   1   3.7e-33   2.7e-31  106.4   0.2   668   845     1   173     1   173 0.95 -
NODE_1933_length_18357_cov_45.410505:6810-13789  -            980 10070at7898          -            979   2.4e-31  106.6   0.2   1   2      0.14       9.9    1.9   0.0   665   694    39    68    33    71 0.89 -
NODE_1933_length_18357_cov_45.410505:6810-13789  -            980 10070at7898          -            979   2.4e-31  106.6   0.2   2   2   6.5e-32   4.7e-30  102.3   0.1   708   917   119   333   111   340 0.88 -
NODE_57184_length_5609_cov_30.450635:1463-4051   -            244 10070at7898          -            979   5.1e-31  105.5   0.0   1   1   7.3e-33   5.3e-31  105.5   0.0   711   915    32   244     1   244 0.86 -
NODE_927_length_21454_cov_37.605057:5459-15017   -            462 10070at7898          -            979   1.2e-28   97.7   0.2   1   1     2e-30   1.5e-28   97.4   0.2   660   938     2   279     1   294 0.85 -
NODE_4359_length_15088_cov_45.747948:322-12256   -            320 10070at7898          -            979   4.7e-26   89.1   0.1   1   1     8e-28   5.8e-26   88.8   0.1   749   952    41   256    35   279 0.79 -
NODE_47776_length_6232_cov_34.149519:2702-3793   -            221 10070at7898          -            979   9.1e-26   88.1   0.0   1   1   1.5e-27   1.1e-25   87.8   0.0   666   868     5   193     1   201 0.90 -
NODE_7208_length_13174_cov_42.165660:7101-7925   -            275 10070at7898          -            979   3.9e-25   86.0   0.1   1   1   6.7e-27   4.9e-25   85.7   0.1   666   915     5   256     1   266 0.85 -
NODE_17710_length_9841_cov_39.089920:1549-9149   -            492 10070at7898          -            979   1.8e-22   77.2   0.2   1   1   3.4e-24   2.5e-22   76.8   0.2   661   866    38   237    28   287 0.82 -
NODE_21047_length_9201_cov_68.986596:3380-6437   -            177 10070at7898          -            979   4.4e-22   75.9   0.0   1   1   1.4e-23     1e-21   74.7   0.0   661   855     1   173     1   176 0.86 -
NODE_50983_length_6007_cov_33.355281:2019-2840   -            274 10070at7898          -            979   6.4e-22   75.4   0.2   1   1   1.1e-23   7.8e-22   75.1   0.2   660   920     2   268     1   269 0.79 -
NODE_68850_length_4974_cov_20.854359:1562-1819   -             86 10070at7898          -            979   4.6e-21   72.5   0.3   1   1     7e-23   5.1e-21   72.4   0.3   727   811     1    86     1    86 0.96 -
NODE_1999_length_18173_cov_33.339936:16228-16530 -            101 10070at7898          -            979   5.6e-21   72.3   0.0   1   1   8.7e-23   6.3e-21   72.1   0.0   725   811    14   101     5   101 0.95 -
NODE_53426_length_5843_cov_34.767061:2023-5817   -            417 10070at7898          -            979   6.9e-20   68.6   0.0   1   1   1.3e-21   9.5e-20   68.2   0.0   807   915     4   117     2   152 0.83 -
NODE_52416_length_5911_cov_35.832588:789-1115    -            109 10070at7898          -            979   1.3e-19   67.7   0.0   1   1     2e-21   1.5e-19   67.6   0.0   725   811    22   109     5   109 0.89 -
NODE_5526_length_14175_cov_47.007673:6727-10055  -            636 10070at7898          -            979   1.6e-19   67.4   0.0   1   1   5.9e-21   4.2e-19   66.0   0.0   626   857    35   273    13   286 0.75 -
NODE_1144_length_20580_cov_52.558078:8963-9937   -            325 10070at7898          -            979   3.5e-19   66.3   0.1   1   1   6.1e-21   4.4e-19   66.0   0.1   711   918    47   264    14   271 0.84 -
NODE_14086_length_10704_cov_44.048373:1967-5623  -            280 10070at7898          -            979   5.1e-18   62.5   0.0   1   2   1.6e-18   1.2e-16   58.0   0.0   672   861     2   185     1   206 0.78 -
NODE_14086_length_10704_cov_44.048373:1967-5623  -            280 10070at7898          -            979   5.1e-18   62.5   0.0   2   2     0.086       6.2    2.6   0.0   882   913   242   273   234   277 0.88 -
NODE_19867_length_9414_cov_43.270961:6462-6794   -            111 10070at7898          -            979   2.7e-17   60.1   0.0   1   1     4e-19   2.9e-17   60.0   0.0   712   811     6   111     2   111 0.88 -
NODE_67602_length_5036_cov_43.110391:2079-4862   -            817 10070at7898          -            979   3.9e-17   59.5   0.2   1   2   3.3e-14   2.4e-12   43.7   0.2   624   814   518   702   494   709 0.79 -
NODE_67602_length_5036_cov_43.110391:2079-4862   -            817 10070at7898          -            979   3.9e-17   59.5   0.2   2   2   3.7e-05    0.0027   13.7   0.0   819   867   755   806   741   815 0.85 -
NODE_3408_length_16050_cov_30.535954:6088-8242   -            190 10070at7898          -            979   7.8e-17   58.6   0.2   1   1   1.5e-18   1.1e-16   58.1   0.2   662   853     6   190     2   190 0.82 -
NODE_111762_length_3380_cov_34.353551:466-2055   -            530 10070at7898          -            979   7.9e-17   58.5   2.5   1   2   1.4e-18     1e-16   58.2   0.3   661   860   150   345   144   353 0.85 -
NODE_111762_length_3380_cov_34.353551:466-2055   -            530 10070at7898          -            979   7.9e-17   58.5   2.5   2   2      0.94        68   -0.8   0.1   891   916   441   466   437   469 0.87 -
NODE_30325_length_7852_cov_28.374823:2625-3314   -            230 10070at7898          -            979   1.9e-16   57.3   0.0   1   1   3.4e-18   2.5e-16   56.9   0.0   711   868    33   195    23   201 0.87 -
NODE_27470_length_8206_cov_51.036882:1279-7342   -            505 10070at7898          -            979     3e-16   56.6   0.1   1   2   2.9e-16   2.1e-14   50.5   0.0   723   839     6   128     5   131 0.84 -
NODE_27470_length_8206_cov_51.036882:1279-7342   -            505 10070at7898          -            979     3e-16   56.6   0.1   2   2     0.037       2.7    3.8   0.0   883   917   233   267   226   311 0.85 -
NODE_99684_length_3749_cov_38.876712:44-3155     -            254 10070at7898          -            979   6.2e-16   55.6   0.0   1   1   9.8e-18   7.1e-16   55.4   0.0   659   896     5   252     3   254 0.77 -
NODE_11470_length_11478_cov_36.884788:3027-5308  -            172 10070at7898          -            979   8.7e-16   55.1   1.5   1   1   2.4e-17   1.7e-15   54.1   1.5   714   859    33   167     1   169 0.78 -
NODE_1372_length_19838_cov_42.013679:52-4369     -            337 10070at7898          -            979   3.6e-15   53.1   0.6   1   2     0.012      0.85    5.5   0.2   660   697    80   118    74   128 0.83 -
NODE_1372_length_19838_cov_42.013679:52-4369     -            337 10070at7898          -            979   3.6e-15   53.1   0.6   2   2   6.5e-15   4.7e-13   46.0   0.0   773   872   191   291   184   327 0.87 -
NODE_13425_length_10891_cov_27.271405:2914-3225  -            104 10070at7898          -            979   6.1e-15   52.3   0.0   1   1   9.7e-17     7e-15   52.1   0.0   727   817     1    93     1    96 0.93 -
NODE_8106_length_12744_cov_31.935310:6963-7226   -             88 10070at7898          -            979   7.5e-15   52.0   0.0   1   1   1.1e-16   8.3e-15   51.8   0.0   726   811     1    88     1    88 0.94 -
NODE_5817_length_13990_cov_38.533655:1562-9123   -            414 10070at7898          -            979   7.6e-15   52.0   0.0   1   1   1.5e-16   1.1e-14   51.5   0.0   769   966    46   250     4   259 0.71 -
NODE_86282_length_4217_cov_111.394123:3382-3639  -             86 10070at7898          -            979   1.1e-14   51.4   0.0   1   1   1.8e-16   1.3e-14   51.2   0.0   762   811    36    86    32    86 0.94 -
NODE_97374_length_3823_cov_43.067401:2302-3058   -            148 10070at7898          -            979     2e-14   50.6   0.0   1   1   3.5e-16   2.5e-14   50.2   0.0   713   843    19   146    16   147 0.86 -
NODE_115239_length_3283_cov_37.686872:1777-2340  -            188 10070at7898          -            979   2.4e-14   50.3   0.1   1   1   2.5e-15   1.8e-13   47.4   0.1   662   819     6   164     2   169 0.77 -
NODE_4844_length_14671_cov_44.521411:2550-10154  -            198 10070at7898          -            979   6.1e-14   49.0   0.4   1   1   2.5e-15   1.8e-13   47.4   0.4   762   856    52   145    16   193 0.88 -
NODE_31816_length_7675_cov_40.090549:455-3476    -            693 10070at7898          -            979   8.4e-14   48.5   0.2   1   1   1.6e-15   1.1e-13   48.1   0.2   551   814   419   679   396   685 0.69 -
NODE_6133_length_13786_cov_39.829400:1964-13041  -            551 10070at7898          -            979   9.1e-14   48.4   0.0   1   2   1.3e-15   9.1e-14   48.4   0.0   713   915     6   214     3   251 0.81 -
NODE_6133_length_13786_cov_39.829400:1964-13041  -            551 10070at7898          -            979   9.1e-14   48.4   0.0   2   2       2.1   1.5e+02   -2.0   1.9    12    35   395   418   333   513 0.63 -
NODE_16795_length_10045_cov_39.776091:7125-7388  -             88 10070at7898          -            979   9.7e-14   48.3   0.0   1   1   1.5e-15   1.1e-13   48.2   0.0   726   811     1    88     1    88 0.94 -
NODE_4396_length_15059_cov_42.829880:4341-5927   -            529 10070at7898          -            979   1.7e-13   47.5   0.2   1   1   4.5e-15   3.2e-13   46.6   0.2   660   861   146   343    94   355 0.85 -
NODE_26626_length_8320_cov_59.148157:53-580      -            176 10070at7898          -            979   2.1e-13   47.2   0.0   1   1   3.4e-15   2.5e-13   47.0   0.0   764   866     3   109     1   114 0.86 -
NODE_681_length_22725_cov_201.497437:12561-17697 -            148 10070at7898          -            979   4.6e-13   46.1   0.0   1   1   7.7e-15   5.6e-13   45.8   0.0   746   850     8   112     4   115 0.88 -
NODE_283038_length_749_cov_1.407692:16-663       -            216 10070at7898          -            979   5.9e-13   45.7   0.0   1   1   1.2e-14   8.4e-13   45.2   0.0   662   867     1   205     1   213 0.79 -
NODE_150775_length_2447_cov_28.638842:1005-1334  -            110 10070at7898          -            979   4.2e-12   42.9   0.0   1   1   6.2e-14   4.5e-12   42.8   0.0   727   811    24   110     8   110 0.93 -
NODE_198040_length_1667_cov_33.116709:404-670    -             89 10070at7898          -            979   4.9e-12   42.7   0.1   1   1   7.2e-14   5.2e-12   42.6   0.1   727   811     3    89     1    89 0.93 -
NODE_9088_length_12321_cov_57.507446:299-8904    -            147 10070at7898          -            979   1.1e-11   41.5   0.0   1   1   1.7e-13   1.2e-11   41.4   0.0   774   859     4    88     1   108 0.87 -
NODE_15313_length_10397_cov_33.888425:1925-9701  -            611 10070at7898          -            979   1.2e-11   41.4   0.0   1   1   3.1e-13   2.2e-11   40.5   0.0   713   861   446   598   439   606 0.84 -
NODE_81612_length_4404_cov_23.418118:3452-3949   -            166 10070at7898          -            979   1.5e-11   41.0   0.0   1   1   2.5e-13   1.8e-11   40.8   0.0   772   866    10   108     1   111 0.84 -
NODE_45474_length_6399_cov_35.913333:1170-1430   -             87 10070at7898          -            979   4.2e-11   39.6   0.1   1   1   5.8e-13   4.2e-11   39.6   0.1   742   811    18    87     1    87 0.74 -
NODE_144650_length_2574_cov_29.122020:441-1433   -            331 10070at7898          -            979   4.9e-11   39.4   0.0   1   1   2.7e-12     2e-10   37.3   0.0   664   893    63   295    57   315 0.73 -
NODE_81813_length_4395_cov_427.152933:1861-2334  -            158 10070at7898          -            979   4.9e-11   39.3   0.1   1   1   5.2e-12   3.8e-10   36.4   0.1   662   813     2   157     1   158 0.78 -
NODE_263062_length_919_cov_1.091463:227-784      -            186 10070at7898          -            979   6.6e-11   38.9   0.0   1   1     1e-12   7.4e-11   38.8   0.0   717   868     3   153     1   178 0.79 -
NODE_109292_length_3453_cov_30.720036:683-1519   -            279 10070at7898          -            979   8.7e-11   38.5   0.2   1   1   2.1e-12   1.5e-10   37.7   0.2   714   869    56   229    32   247 0.75 -
NODE_58503_length_5530_cov_31.037562:2639-5201   -            121 10070at7898          -            979   1.8e-10   37.5   0.0   1   1   3.1e-12   2.2e-10   37.2   0.0   714   814    11   108     7   117 0.89 -
NODE_48247_length_6195_cov_40.597605:2835-5837   -            300 10070at7898          -            979   1.3e-09   34.7   0.1   1   2      0.83        60   -0.7   0.1   664   701    96   132    89   137 0.79 -
NODE_48247_length_6195_cov_40.597605:2835-5837   -            300 10070at7898          -            979   1.3e-09   34.7   0.1   2   2   9.6e-11     7e-09   32.2   0.0   778   908   172   296   162   299 0.88 -
NODE_37273_length_7111_cov_36.352824:1010-1717   -            236 10070at7898          -            979   1.5e-09   34.4   0.0   1   3   7.8e-11   5.7e-09   32.5   0.0   738   811    10    84     1    91 0.80 -
NODE_37273_length_7111_cov_36.352824:1010-1717   -            236 10070at7898          -            979   1.5e-09   34.4   0.0   2   3       2.7     2e+02   -2.3   0.0   825   859   120   152   113   154 0.79 -
NODE_37273_length_7111_cov_36.352824:1010-1717   -            236 10070at7898          -            979   1.5e-09   34.4   0.0   3   3       2.8     2e+02   -2.4   0.1   882   908   202   228   193   231 0.85 -
NODE_17890_length_9798_cov_38.137952:1129-7234   -            354 10070at7898          -            979   3.7e-09   33.1   0.3   1   2   9.7e-11   7.1e-09   32.2   0.0   771   860   166   264   138   267 0.78 -
NODE_17890_length_9798_cov_38.137952:1129-7234   -            354 10070at7898          -            979   3.7e-09   33.1   0.3   2   2       4.5   3.2e+02   -3.1   0.1   873   903   308   340   297   347 0.73 -
NODE_3689_length_15748_cov_35.312736:13420-14124 -            235 10070at7898          -            979   4.5e-09   32.9   0.1   1   1   1.5e-10   1.1e-08   31.6   0.1   743   813    17    88     9   161 0.80 -
NODE_112081_length_3371_cov_35.654340:684-3151   -            418 10070at7898          -            979   5.6e-09   32.5   0.1   1   2   9.7e-05     0.007   12.4   0.3   764   813    68   116    24   122 0.75 -
NODE_112081_length_3371_cov_35.654340:684-3151   -            418 10070at7898          -            979   5.6e-09   32.5   0.1   2   2   2.2e-06   0.00016   17.8   0.0   827   877   250   300   238   305 0.91 -
NODE_52981_length_5873_cov_45.021995:3189-5607   -            284 10070at7898          -            979   9.4e-09   31.8   0.1   1   1   1.6e-10   1.2e-08   31.5   0.1   747   859   129   241   108   262 0.79 -
NODE_156686_length_2336_cov_27.911936:1450-1953  -            168 10070at7898          -            979   9.8e-09   31.7   0.0   1   1   1.4e-10   9.8e-09   31.7   0.0   777   866     3   104     1   160 0.78 -
NODE_30932_length_7782_cov_157.722374:65-3870    -            300 10070at7898          -            979   6.1e-08   29.1   0.0   1   2         1        73   -0.9   0.0   666   709   123   165   116   178 0.79 -
NODE_30932_length_7782_cov_157.722374:65-3870    -            300 10070at7898          -            979   6.1e-08   29.1   0.0   2   2   2.9e-09   2.1e-07   27.3   0.0   774   860   204   291   198   300 0.83 -
NODE_13007_length_11011_cov_54.859971:429-4575   -            149 10070at7898          -            979   9.8e-08   28.4   0.7   1   2     0.035       2.6    3.9   0.0   662   694     1    33     1    37 0.92 -
NODE_13007_length_11011_cov_54.859971:429-4575   -            149 10070at7898          -            979   9.8e-08   28.4   0.7   2   2   5.9e-08   4.2e-06   23.0   0.5   746   811    85   149    83   149 0.83 -
NODE_25618_length_8467_cov_31.843810:2265-7026   -            362 10070at7898          -            979   5.5e-07   26.0   0.0   1   1   1.1e-08   7.7e-07   25.5   0.0   842   909     6    79     2    93 0.84 -
NODE_25272_length_8514_cov_31.494355:5563-6866   -            205 10070at7898          -            979   1.6e-06   24.4   0.0   1   1   3.3e-08   2.4e-06   23.8   0.0   773   859    32   125    18   134 0.79 -
NODE_102390_length_3664_cov_38.764656:63-2439    -            395 10070at7898          -            979   1.7e-06   24.4   0.0   1   2      0.11       8.1    2.2   0.0   658   691   101   134    93   139 0.88 -
NODE_102390_length_3664_cov_38.764656:63-2439    -            395 10070at7898          -            979   1.7e-06   24.4   0.0   2   2   5.3e-07   3.8e-05   19.9   0.0   774   916   211   367   193   387 0.79 -
NODE_8054_length_12773_cov_44.562648:3457-11742  -            420 10070at7898          -            979   2.6e-06   23.7   0.0   1   1   4.8e-08   3.5e-06   23.3   0.0   668   902    75   318    61   332 0.66 -
NODE_6740_length_13441_cov_31.221706:4564-5760   -            248 10070at7898          -            979   7.4e-06   22.2   0.0   1   2      0.63        46   -0.3   0.0   714   732    20    38    14    65 0.82 -
NODE_6740_length_13441_cov_31.221706:4564-5760   -            248 10070at7898          -            979   7.4e-06   22.2   0.0   2   2   4.3e-07   3.1e-05   20.2   0.0   773   861   103   192    96   242 0.82 -
NODE_6000_length_13874_cov_39.136334:2428-2952   -            175 10070at7898          -            979   1.2e-05   21.5   0.2   1   2   2.4e-06   0.00017   17.7   0.0   774   812     6    45     2    50 0.86 -
NODE_6000_length_13874_cov_39.136334:2428-2952   -            175 10070at7898          -            979   1.2e-05   21.5   0.2   2   2      0.14       9.9    1.9   0.0   812   863   107   158   103   167 0.78 -
NODE_14728_length_10541_cov_37.451542:5293-9428  -            544 10070at7898          -            979   3.7e-05   19.9   0.4   1   2       3.8   2.7e+02   -2.8   0.3   558   592   257   291   216   330 0.56 -
NODE_14728_length_10541_cov_37.451542:5293-9428  -            544 10070at7898          -            979   3.7e-05   19.9   0.4   2   2   9.1e-07   6.6e-05   19.1   0.0   774   902   390   517   386   520 0.83 -
NODE_11650_length_11422_cov_237.913362:2097-2351 -             85 10070at7898          -            979   4.7e-05   19.5   0.6   1   2   7.1e-06   0.00052   16.1   0.1   771   793     2    23     1    36 0.89 -
NODE_11650_length_11422_cov_237.913362:2097-2351 -             85 10070at7898          -            979   4.7e-05   19.5   0.6   2   2      0.11       7.9    2.3   0.0   793   813    54    74    50    83 0.84 -
NODE_6907_length_13341_cov_40.298671:7432-12047  -            315 10070at7898          -            979   5.1e-05   19.5   0.0   1   1     1e-06   7.2e-05   18.9   0.0   711   815    60   171    43   176 0.69 -
NODE_13101_length_10985_cov_41.116388:4006-9615  -            288 10070at7898          -            979   6.3e-05   19.1   0.0   1   1   1.3e-06   9.4e-05   18.6   0.0   799   924     9   140     1   190 0.76 -
NODE_228119_length_1284_cov_10.444726:2-289      -             96 10070at7898          -            979   9.2e-05   18.6   0.0   1   1   1.5e-06   0.00011   18.3   0.0   773   816    36    83    29    90 0.83 -
NODE_6921_length_13332_cov_38.290788:2655-11115  -            259 10070at7898          -            979   0.00011   18.4   0.0   1   1     2e-06   0.00015   17.9   0.0   770   866   127   235   113   256 0.79 -
NODE_110085_length_3431_cov_35.601441:1036-1908  -            291 10070at7898          -            979   0.00014   18.0   0.3   1   1   4.6e-06   0.00033   16.8   0.3   714   867    60   232    54   277 0.69 -
NODE_86230_length_4219_cov_35.275243:34-2355     -            152 10070at7898          -            979   0.00018   17.7   0.0   1   1     3e-06   0.00022   17.4   0.0   759   850    60   152    50   152 0.87 -
NODE_274605_length_819_cov_0.818056:129-575      -            149 10070at7898          -            979   0.00048   16.2   0.0   1   1   7.2e-06   0.00052   16.1   0.0   771   878     3   117     2   149 0.70 -
NODE_5571_length_14145_cov_34.742774:1990-2181   -             64 10070at7898          -            979    0.0042   13.1   0.0   1   1   5.8e-05    0.0042   13.1   0.0   662   694     1    33     1    64 0.77 -
NODE_6724_length_13450_cov_42.174893:1768-8898   -            279 10070at7898          -            979     0.054    9.4   0.5   1   2    0.0069       0.5    6.2   0.0   658   688     5    35     3    78 0.90 -
NODE_6724_length_13450_cov_42.174893:1768-8898   -            279 10070at7898          -            979     0.054    9.4   0.5   2   2      0.24        17    1.1   0.1   878   911   216   249   211   256 0.89 -
#
# Program:         hmmsearch
# Version:         3.1b2 (February 2015)
# Pipeline mode:   SEARCH
# Query file:      /home/e1garcia/shotgun_PIRE/abyss/busco_downloads/lineages/actinopterygii_odb10/hmms/10070at7898.hmm
# Target file:     /home/e1garcia/shotgun_PIRE/pire_ssl_data_processing/plotosus_lineatus/busco_contigs_results-SPAdes_decontam_R1R2_noIsolate/run_actinopterygii_odb10/metaeuk_output/initial_results/contigs.modified.fasta.modified.fas
# Option settings: hmmsearch --domtblout /home/e1garcia/shotgun_PIRE/pire_ssl_data_processing/plotosus_lineatus/busco_contigs_results-SPAdes_decontam_R1R2_noIsolate/run_actinopterygii_odb10/hmmer_output/initial_run_results/10070at7898.out --cpu 1 /home/e1garcia/shotgun_PIRE/abyss/busco_downloads/lineages/actinopterygii_odb10/hmms/10070at7898.hmm /home/e1garcia/shotgun_PIRE/pire_ssl_data_processing/plotosus_lineatus/busco_contigs_results-SPAdes_decontam_R1R2_noIsolate/run_actinopterygii_odb10/metaeuk_output/initial_results/contigs.modified.fasta.modified.fas 
# Current dir:     /home/e1garcia/shotgun_PIRE/pire_ssl_data_processing/plotosus_lineatus
# Date:            Fri Aug 20 13:22:41 2021
# [ok]
