#                                                                                                        --- full sequence --- -------------- this domain -------------   hmm coord   ali coord   env coord
# target name                                    accession   tlen query name           accession   qlen   E-value  score  bias   #  of  c-Evalue  i-Evalue  score  bias  from    to  from    to  from    to  acc description of target
#                            ------------------- ---------- ----- -------------------- ---------- ----- --------- ------ ----- --- --- --------- --------- ------ ----- ----- ----- ----- ----- ----- ----- ---- ---------------------
NODE_1023_length_20994_cov_33.178320:3775-11917  -            203 106506at7898         -            180   4.6e-25   86.8   0.1   1   1   7.2e-27   6.8e-25   86.2   0.1    14   163     2   168     1   187 0.84 -
NODE_14003_length_10729_cov_28.892756:3756-7758  -            201 106506at7898         -            180   9.8e-22   76.0   0.0   1   1   1.6e-23   1.5e-21   75.3   0.0    15   152     1   155     1   163 0.83 -
NODE_335_length_26174_cov_36.398773:8811-13377   -            161 106506at7898         -            180   7.6e-19   66.6   0.2   1   1   1.7e-20   1.6e-18   65.5   0.2    12   150     1   156     1   160 0.82 -
NODE_44791_length_6452_cov_47.341099:2331-5008   -            179 106506at7898         -            180   4.9e-18   63.9   0.0   1   1   1.7e-19   1.6e-17   62.2   0.0    12   158     4   169     1   177 0.81 -
NODE_4106_length_15310_cov_37.841694:10435-13374 -            142 106506at7898         -            180   2.8e-17   61.5   0.1   1   1   3.9e-19   3.7e-17   61.1   0.1    68   164     9   105     6   113 0.91 -
NODE_6940_length_13326_cov_36.392984:5748-8816   -            122 106506at7898         -            180   9.2e-17   59.8   0.0   1   1   2.2e-18   2.1e-16   58.6   0.0    12   113     3   122     2   122 0.76 -
NODE_412_length_25188_cov_40.834310:762-1319     -            186 106506at7898         -            180   1.1e-16   59.5   0.0   1   1   2.4e-18   2.2e-16   58.5   0.0    10   162     7   180     3   185 0.78 -
NODE_34864_length_7348_cov_44.497586:3970-5794   -            130 106506at7898         -            180   5.6e-16   57.2   0.0   1   1   7.5e-18   7.1e-16   56.9   0.0    16   126     2   129     1   130 0.77 -
NODE_2288_length_17651_cov_34.064779:9506-10012  -            169 106506at7898         -            180   2.1e-14   52.0   0.0   1   1   3.8e-16   3.6e-14   51.3   0.0    13   151     2   164     1   169 0.76 -
NODE_4125_length_15300_cov_39.700809:11647-15053 -            192 106506at7898         -            180   3.3e-14   51.4   1.3   1   1   8.3e-16   7.9e-14   50.2   1.3     6   165     3   179     2   186 0.79 -
NODE_4310_length_15123_cov_35.568823:7996-10935  -            121 106506at7898         -            180   2.9e-13   48.4   0.0   1   1   5.2e-15   4.9e-13   47.6   0.0    10   107     7   121     2   121 0.81 -
NODE_72436_length_4804_cov_43.317535:1610-1993   -            128 106506at7898         -            180   2.7e-11   41.9   0.2   1   1   3.6e-13   3.4e-11   41.6   0.2    53   149     3   114     1   124 0.74 -
NODE_985_length_21157_cov_44.573464:1148-1875    -            120 106506at7898         -            180   3.4e-11   41.6   0.0   1   1   4.4e-13   4.2e-11   41.3   0.0    52   156     2   117     1   119 0.81 -
NODE_24144_length_8680_cov_29.342268:1264-5115   -            105 106506at7898         -            180   5.5e-11   40.9   0.0   1   1   6.8e-13   6.4e-11   40.7   0.0    35   122     1    94     1   101 0.82 -
NODE_74762_length_4695_cov_36.676675:416-4085    -            102 106506at7898         -            180   8.9e-11   40.3   0.2   1   1   1.7e-12   1.6e-10   39.5   0.2     9    89     5   102     1   102 0.75 -
NODE_13673_length_10816_cov_24.668564:7585-8166  -            127 106506at7898         -            180   2.1e-10   39.0   0.0   1   1   3.6e-12   3.5e-10   38.3   0.0    10   118     4   127     1   127 0.79 -
NODE_7761_length_12890_cov_48.997733:4024-4560   -            179 106506at7898         -            180   3.1e-10   38.5   0.1   1   1   6.1e-12   5.8e-10   37.6   0.1     4   152     1   166     1   171 0.70 -
NODE_109949_length_3435_cov_23.450839:232-648    -            139 106506at7898         -            180   3.5e-10   38.3   0.0   1   1   5.1e-12   4.9e-10   37.8   0.0    70   156     7    96     3   107 0.90 -
NODE_26895_length_8284_cov_38.548198:2009-2817   -            112 106506at7898         -            180     6e-10   37.5   0.2   1   1   1.4e-11   1.4e-09   36.4   0.2    10    95     7   112     2   112 0.70 -
NODE_7212_length_13172_cov_119.929626:5611-8080  -            120 106506at7898         -            180   9.1e-10   37.0   0.0   1   1   1.1e-11   1.1e-09   36.7   0.0    48   146    12   114     2   120 0.80 -
NODE_6080_length_13818_cov_44.472848:667-1095    -            143 106506at7898         -            180   2.7e-09   35.4   0.0   1   1   3.3e-11   3.1e-09   35.2   0.0    53   140     4   100     1   127 0.77 -
NODE_23545_length_8780_cov_22.204124:955-1554    -            200 106506at7898         -            180   1.3e-08   33.2   0.1   1   1   2.3e-10   2.1e-08   32.5   0.1     8   152    22   184    15   188 0.75 -
NODE_2546_length_17253_cov_39.650869:2904-6770   -            119 106506at7898         -            180   2.4e-08   32.4   0.3   1   1   7.6e-10   7.3e-08   30.8   0.3     9   107     4   119     1   119 0.77 -
NODE_17719_length_9837_cov_31.863935:2008-6288   -            192 106506at7898         -            180   1.3e-07   29.9   0.0   1   1   1.5e-09   1.5e-07   29.8   0.0    66   163    87   180    24   188 0.83 -
NODE_120289_length_3148_cov_38.320105:402-743    -            114 106506at7898         -            180   1.4e-07   29.9   0.0   1   1   1.6e-09   1.5e-07   29.7   0.0    53   126     1    81     1   110 0.75 -
NODE_37966_length_7044_cov_29.754932:2023-2391   -            123 106506at7898         -            180   1.4e-07   29.8   0.0   1   1   1.8e-09   1.7e-07   29.6   0.0    53   143     3   103     1   118 0.70 -
NODE_5472_length_14206_cov_4.789608:10525-10992  -            156 106506at7898         -            180   1.9e-07   29.4   0.4   1   1   2.9e-09   2.7e-07   28.9   0.4    14   157     1   156     1   156 0.74 -
NODE_126447_length_2991_cov_24.914592:1501-2058  -            186 106506at7898         -            180   3.9e-06   25.1   0.0   1   1   6.4e-08   6.1e-06   24.5   0.0    12   127     2   134     1   160 0.74 -
NODE_162718_length_2224_cov_32.136471:537-1857   -            161 106506at7898         -            180   1.3e-05   23.4   0.0   1   1   1.8e-07   1.7e-05   23.1   0.0    67   152    47   133    44   141 0.81 -
NODE_31647_length_7694_cov_33.711521:6686-7159   -            158 106506at7898         -            180   1.4e-05   23.3   0.2   1   1   2.7e-07   2.6e-05   22.5   0.2    14   151     3   157     1   158 0.65 -
NODE_34997_length_7335_cov_35.521144:3659-4180   -            174 106506at7898         -            180   1.5e-05   23.2   0.0   1   1   4.2e-07     4e-05   21.8   0.0    14   121     1   124     1   135 0.69 -
NODE_16804_length_10044_cov_32.415284:9013-9513  -            167 106506at7898         -            180   1.5e-05   23.2   0.0   1   1   1.9e-07   1.8e-05   22.9   0.0    15   113     1   117     1   160 0.76 -
NODE_25255_length_8516_cov_39.534038:1357-1869   -            171 106506at7898         -            180   1.7e-05   23.0   0.0   1   1   2.3e-07   2.2e-05   22.7   0.0    26   153    21   161     2   167 0.77 -
NODE_73477_length_4756_cov_34.786343:3094-3417   -            108 106506at7898         -            180   2.7e-05   22.4   0.0   1   1   3.6e-07   3.4e-05   22.1   0.0    67   140    25   104    13   106 0.77 -
NODE_183893_length_1874_cov_21.009577:831-1136   -            102 106506at7898         -            180   3.7e-05   21.9   0.0   1   1   4.6e-07   4.4e-05   21.7   0.0    66   143    14    96     6   100 0.83 -
NODE_152039_length_2423_cov_27.646730:881-1162   -             94 106506at7898         -            180   3.9e-05   21.9   0.0   1   1   4.7e-07   4.5e-05   21.7   0.0    67   137    15    90     7    94 0.80 -
NODE_72578_length_4798_cov_27.825708:2521-4544   -            131 106506at7898         -            180   5.3e-05   21.4   0.0   1   1   1.1e-06    0.0001   20.5   0.0    14   114     1   116     1   129 0.69 -
NODE_115392_length_3279_cov_36.369182:1669-1893  -             75 106506at7898         -            180   6.5e-05   21.1   0.0   1   1   7.1e-07   6.7e-05   21.1   0.0    62   114    12    71     1    75 0.68 -
NODE_6677_length_13470_cov_36.280981:12027-12548 -            174 106506at7898         -            180   8.8e-05   20.7   0.0   1   1   1.5e-06   0.00015   20.0   0.0    13   118     1   122     1   148 0.73 -
NODE_11067_length_11616_cov_82.655639:5395-5940  -            182 106506at7898         -            180   0.00024   19.3   0.0   1   1   4.4e-06   0.00042   18.5   0.0    13   112     1   116     1   141 0.68 -
NODE_130972_length_2882_cov_28.201940:201-2003   -            307 106506at7898         -            180   0.00028   19.1   0.2   1   1   8.5e-06   0.00081   17.6   0.2     6   122    84   216    79   222 0.59 -
NODE_6290_length_13704_cov_36.937302:4802-8288   -            123 106506at7898         -            180   0.00028   19.1   0.0   1   1   6.5e-06   0.00062   18.0   0.0    13   112     7   122     3   123 0.66 -
NODE_908_length_21562_cov_44.819597:5402-5875    -            158 106506at7898         -            180   0.00028   19.1   0.0   1   1   3.6e-06   0.00034   18.8   0.0    11   114     1   117     1   153 0.71 -
NODE_19977_length_9397_cov_29.294472:729-5701    -            133 106506at7898         -            180   0.00038   18.7   0.8   1   2      0.59        56    1.8   0.1    12    28     6    22     2    32 0.85 -
NODE_19977_length_9397_cov_29.294472:729-5701    -            133 106506at7898         -            180   0.00038   18.7   0.8   2   2   3.8e-05    0.0037   15.4   0.1    64   102    89   128    59   133 0.75 -
NODE_141543_length_2642_cov_31.311050:1700-2173  -            158 106506at7898         -            180   0.00038   18.6   0.0   1   1   4.8e-06   0.00046   18.4   0.0    11   113     1   116     1   154 0.71 -
NODE_153213_length_2401_cov_31.699392:1886-2194  -            103 106506at7898         -            180   0.00046   18.4   0.0   1   1   5.9e-06   0.00056   18.1   0.0    68   140    16    95     7   100 0.78 -
NODE_47968_length_6217_cov_281.105590:1089-3109  -            150 106506at7898         -            180   0.00054   18.2   0.0   1   2    0.0059      0.56    8.3   0.0    13    32     1    20     1    30 0.84 -
NODE_47968_length_6217_cov_281.105590:1089-3109  -            150 106506at7898         -            180   0.00054   18.2   0.0   2   2    0.0072      0.69    8.0   0.0    71   113    66   108    58   125 0.83 -
NODE_30457_length_7838_cov_42.202481:4678-5136   -            153 106506at7898         -            180   0.00071   17.8   0.2   1   2       2.9   2.8e+02   -0.4   0.0    51    69    32    50    19    69 0.74 -
NODE_30457_length_7838_cov_42.202481:4678-5136   -            153 106506at7898         -            180   0.00071   17.8   0.2   2   2   2.4e-05    0.0023   16.1   0.1    68   120    92   142    61   152 0.87 -
NODE_118491_length_3195_cov_23.538437:460-942    -            161 106506at7898         -            180   0.00098   17.3   0.0   1   1   1.4e-05    0.0014   16.8   0.0    13   114     3   122     1   137 0.69 -
NODE_53395_length_5845_cov_36.438392:1181-1749   -            100 106506at7898         -            180    0.0018   16.5   0.1   1   1   2.5e-05    0.0024   16.1   0.1    12    61     8    66     1    98 0.68 -
NODE_19375_length_9508_cov_29.563503:8358-8837   -            160 106506at7898         -            180    0.0028   15.8   0.4   1   1   3.6e-05    0.0034   15.5   0.4    68   150    73   157     1   160 0.63 -
NODE_90926_length_4050_cov_23.135915:729-1310    -            194 106506at7898         -            180    0.0031   15.7   0.0   1   1   5.6e-05    0.0053   14.9   0.0    12   115     8   127     2   148 0.70 -
NODE_193721_length_1727_cov_27.446560:912-1382   -            157 106506at7898         -            180    0.0046   15.1   0.1   1   1     6e-05    0.0057   14.8   0.1    49   122    45   126     1   157 0.64 -
NODE_15790_length_10285_cov_33.002258:1543-4196  -             78 106506at7898         -            180    0.0092   14.1   0.0   1   1   0.00012     0.012   13.8   0.0    10    62    15    63    11    68 0.81 -
NODE_99690_length_3749_cov_33.649589:1264-3374   -            246 106506at7898         -            180      0.01   14.0   0.0   1   1   0.00039     0.037   12.2   0.0    10   112    38   156    30   168 0.66 -
NODE_94402_length_3927_cov_24.090125:2947-3147   -             67 106506at7898         -            180     0.016   13.4   0.3   1   1    0.0015      0.14   10.3   0.3    33    63    31    61     7    66 0.67 -
NODE_59789_length_5457_cov_25.650616:3901-4446   -            182 106506at7898         -            180     0.018   13.2   0.0   1   1   0.00031     0.029   12.5   0.0    12   112    13   131    10   145 0.68 -
NODE_75729_length_4653_cov_30.386254:2728-3355   -            114 106506at7898         -            180      0.02   13.0   0.1   1   1   0.00025     0.024   12.8   0.1    11    83     2    86     1   114 0.56 -
NODE_41529_length_6720_cov_33.172179:156-1235    -            114 106506at7898         -            180     0.023   12.8   0.0   1   1   0.00027     0.026   12.7   0.0    11    96     2    99     1   114 0.59 -
NODE_16071_length_10214_cov_40.773801:1895-2149  -             85 106506at7898         -            180     0.051   11.7   0.0   1   1   0.00056     0.054   11.6   0.0    66   105    19    58     1    66 0.71 -
NODE_6303_length_13699_cov_33.535074:1279-3818   -            196 106506at7898         -            180     0.057   11.6   0.0   1   2    0.0023      0.22    9.7   0.0    11    33    16    38    12    57 0.86 -
NODE_6303_length_13699_cov_33.535074:1279-3818   -            196 106506at7898         -            180     0.057   11.6   0.0   2   2         7   6.6e+02   -1.7   0.0    72    90    75    93    65   109 0.75 -
#
# Program:         hmmsearch
# Version:         3.1b2 (February 2015)
# Pipeline mode:   SEARCH
# Query file:      /home/e1garcia/shotgun_PIRE/abyss/busco_downloads/lineages/actinopterygii_odb10/hmms/106506at7898.hmm
# Target file:     /home/e1garcia/shotgun_PIRE/pire_ssl_data_processing/plotosus_lineatus/busco_contigs_results-SPAdes_decontam_R1R2_noIsolate/run_actinopterygii_odb10/metaeuk_output/initial_results/contigs.modified.fasta.modified.fas
# Option settings: hmmsearch --domtblout /home/e1garcia/shotgun_PIRE/pire_ssl_data_processing/plotosus_lineatus/busco_contigs_results-SPAdes_decontam_R1R2_noIsolate/run_actinopterygii_odb10/hmmer_output/initial_run_results/106506at7898.out --cpu 1 /home/e1garcia/shotgun_PIRE/abyss/busco_downloads/lineages/actinopterygii_odb10/hmms/106506at7898.hmm /home/e1garcia/shotgun_PIRE/pire_ssl_data_processing/plotosus_lineatus/busco_contigs_results-SPAdes_decontam_R1R2_noIsolate/run_actinopterygii_odb10/metaeuk_output/initial_results/contigs.modified.fasta.modified.fas 
# Current dir:     /home/e1garcia/shotgun_PIRE/pire_ssl_data_processing/plotosus_lineatus
# Date:            Fri Aug 20 13:16:43 2021
# [ok]
