#                                                                                                        --- full sequence --- -------------- this domain -------------   hmm coord   ali coord   env coord
# target name                                    accession   tlen query name           accession   qlen   E-value  score  bias   #  of  c-Evalue  i-Evalue  score  bias  from    to  from    to  from    to  acc description of target
#                            ------------------- ---------- ----- -------------------- ---------- ----- --------- ------ ----- --- --- --------- --------- ------ ----- ----- ----- ----- ----- ----- ----- ---- ---------------------
NODE_19591_length_9466_cov_29.886623:1508-2386   -            293 110810at7898         -            207    4e-113  374.2   9.6   1   1  3.5e-115  5.1e-113  373.9   9.6     1   205     1   205     1   207 0.94 -
NODE_19591_length_9466_cov_29.886623:6027-6932   -            302 110810at7898         -            207   7.5e-92  304.8   9.5   1   1   6.7e-94   9.8e-92  304.4   9.5     8   191    63   246    56   260 0.96 -
NODE_135486_length_2778_cov_29.148563:880-1530   -            217 110810at7898         -            207   6.5e-66  220.0  13.3   1   1   5.3e-68   7.7e-66  219.8  13.3     1   195     1   195     1   209 0.93 -
NODE_38760_length_6969_cov_28.810044:3821-4423   -            201 110810at7898         -            207   8.8e-65  216.3  11.6   1   1   7.6e-67   1.1e-64  216.0  11.6    10   191     5   185     2   196 0.95 -
NODE_56869_length_5628_cov_21.642069:4405-4998   -            198 110810at7898         -            207   1.1e-64  216.0  11.2   1   1   9.6e-67   1.4e-64  215.7  11.2     9   196     4   190     2   197 0.93 -
NODE_116324_length_3253_cov_33.603044:587-1144   -            186 110810at7898         -            207   1.4e-63  212.4  11.8   1   1     1e-65   1.5e-63  212.3  11.8     8   189     3   183     1   186 0.96 -
NODE_56959_length_5622_cov_42.970849:850-1425    -            192 110810at7898         -            207   3.1e-63  211.3   8.0   1   1   2.7e-65     4e-63  210.9   8.0     9   189     4   183     2   191 0.93 -
NODE_1119_length_20646_cov_42.195357:16585-16977 -            131 110810at7898         -            207   2.9e-62  208.1   1.8   1   1   2.1e-64   3.1e-62  208.0   1.8    25   151     5   131     1   131 0.98 -
NODE_65711_length_5132_cov_26.760779:3760-4362   -            201 110810at7898         -            207     4e-62  207.7   7.9   1   1   3.4e-64   4.9e-62  207.4   7.9     9   197     4   190     2   199 0.92 -
NODE_53692_length_5824_cov_42.475633:2703-3302   -            200 110810at7898         -            207   5.4e-62  207.2   6.6   1   1   4.2e-64   6.1e-62  207.1   6.6     9   195     6   191     1   199 0.94 -
NODE_78293_length_4543_cov_22.443294:2712-3299   -            196 110810at7898         -            207   2.1e-61  205.3  15.8   1   1   1.6e-63   2.4e-61  205.1  15.8     1   189     1   189     1   195 0.95 -
NODE_165604_length_2175_cov_23.907996:869-1432   -            188 110810at7898         -            207   1.4e-59  199.4  14.7   1   1   1.2e-61   1.7e-59  199.0  14.7    11   185     6   179     2   185 0.95 -
NODE_79493_length_4492_cov_27.282495:3773-4333   -            187 110810at7898         -            207   1.1e-57  193.1  12.6   1   1   8.3e-60   1.2e-57  193.0  12.6     1   182     1   183     1   187 0.95 -
NODE_212420_length_1476_cov_22.525054:212-787    -            192 110810at7898         -            207   1.2e-57  193.1  10.0   1   1   9.4e-60   1.4e-57  192.9  10.0    10   193     5   186     2   192 0.94 -
NODE_9129_length_12308_cov_32.613318:7715-8287   -            191 110810at7898         -            207   3.1e-57  191.7  13.4   1   1   2.5e-59   3.6e-57  191.5  13.4    11   189    12   189     3   191 0.94 -
NODE_189929_length_1783_cov_38.580166:610-1314   -            235 110810at7898         -            207   2.2e-56  188.9   9.6   1   1   1.9e-58   2.7e-56  188.6   9.6     1   202     1   201     1   206 0.90 -
NODE_9129_length_12308_cov_32.613318:400-1020    -            207 110810at7898         -            207   1.3e-55  186.4  13.2   1   1     1e-57   1.5e-55  186.2  13.2     8   198     9   197     1   204 0.91 -
NODE_2554_length_17235_cov_38.270483:1165-1689   -            175 110810at7898         -            207   1.7e-54  182.8   9.1   1   1   1.4e-56     2e-54  182.5   9.1     9   180     4   174     2   175 0.97 -
NODE_57902_length_5566_cov_25.326322:4493-5047   -            185 110810at7898         -            207   1.8e-52  176.1  12.7   1   1   1.4e-54   2.1e-52  175.9  12.7     9   183    10   184     4   185 0.97 -
NODE_1550_length_19321_cov_31.625845:9882-10496  -            205 110810at7898         -            207     2e-52  175.9  10.5   1   1   1.8e-54   2.6e-52  175.6  10.5    10   190     5   184     2   197 0.94 -
NODE_7228_length_13165_cov_25.180009:3629-4192   -            188 110810at7898         -            207   3.1e-52  175.4  14.1   1   1   2.7e-54   3.8e-52  175.1  14.1    11   189     6   181     2   187 0.95 -
NODE_9129_length_12308_cov_32.613318:2842-3579   -            246 110810at7898         -            207   7.6e-52  174.1  13.9   1   1   6.8e-54   9.9e-52  173.7  13.9    11   193    12   193     2   202 0.94 -
NODE_42295_length_6653_cov_38.457583:733-6402    -            212 110810at7898         -            207   6.9e-51  171.0   4.7   1   1   5.4e-53   7.9e-51  170.8   4.7     1   187     1   188     1   201 0.95 -
NODE_12423_length_11183_cov_26.321635:8783-9373  -            197 110810at7898         -            207   7.5e-51  170.8  12.3   1   1   5.9e-53   8.5e-51  170.7  12.3     1   189     1   189     1   196 0.94 -
NODE_9452_length_12184_cov_44.392801:4916-6023   -            206 110810at7898         -            207     2e-46  156.4  10.2   1   1   1.6e-48   2.3e-46  156.2  10.2     1   190     5   192     5   205 0.90 -
NODE_99083_length_3769_cov_28.599455:1814-2356   -            181 110810at7898         -            207   5.6e-44  148.4   4.6   1   1   4.2e-46   6.1e-44  148.3   4.6     8   180     9   180     1   181 0.95 -
NODE_17429_length_9900_cov_26.317315:8026-8919   -            298 110810at7898         -            207   5.6e-43  145.1   8.3   1   1   4.6e-45   6.6e-43  144.9   8.3    12   193    13   195     1   208 0.92 -
NODE_9509_length_12162_cov_28.982426:4825-9078   -            157 110810at7898         -            207   2.2e-40  136.7   8.5   1   1   1.8e-42   2.6e-40  136.4   8.5     1   151     1   151     1   155 0.95 -
NODE_212069_length_1480_cov_37.319334:174-761    -            196 110810at7898         -            207   1.2e-38  131.0  10.5   1   1   9.7e-41   1.4e-38  130.8  10.5     1   183     1   183     1   193 0.92 -
NODE_145302_length_2561_cov_25.347685:1041-1613  -            191 110810at7898         -            207   2.3e-34  117.0   6.9   1   1   1.8e-36   2.6e-34  116.8   6.9     2   184     2   184     1   190 0.94 -
NODE_15513_length_10347_cov_37.127732:4587-5111  -            175 110810at7898         -            207   5.1e-34  115.9   7.6   1   1   4.1e-36     6e-34  115.6   7.6    10   180     5   174     2   175 0.96 -
NODE_24544_length_8622_cov_100.768274:6829-7512  -            228 110810at7898         -            207   2.4e-32  110.4   0.4   1   1   2.1e-34     3e-32  110.1   0.4    10   188    22   200    13   214 0.89 -
NODE_10654_length_11758_cov_27.836778:2911-3462  -            184 110810at7898         -            207   7.3e-32  108.8   7.2   1   1   5.9e-34   8.6e-32  108.6   7.2     9   185     4   179     2   184 0.95 -
NODE_48417_length_6183_cov_31.565253:389-877     -            163 110810at7898         -            207   1.4e-25   88.3   3.2   1   1     1e-27   1.5e-25   88.2   3.2    26   182     3   159     1   163 0.85 -
NODE_90770_length_4055_cov_26.217897:2974-3621   -            216 110810at7898         -            207     2e-24   84.5   3.5   1   2   4.7e-26   6.8e-24   82.8   3.6    37   183    31   180     2   190 0.82 -
NODE_90770_length_4055_cov_26.217897:2974-3621   -            216 110810at7898         -            207     2e-24   84.5   3.5   2   2     0.018       2.6    5.8   0.4   117   133   170   186   167   199 0.79 -
NODE_42440_length_6639_cov_36.266820:3127-3684   -            186 110810at7898         -            207   3.1e-12   44.7   2.9   1   1   2.6e-14   3.8e-12   44.4   2.9    10   182     5   185     2   186 0.79 -
NODE_74481_length_4708_cov_31.811890:1280-1915   -            212 110810at7898         -            207   3.5e-11   41.3   2.2   1   1   3.2e-13   4.6e-11   40.9   2.2    13   190     2   192     1   205 0.80 -
NODE_22472_length_8958_cov_60.618354:5786-7005   -            354 110810at7898         -            207   3.5e-10   38.0   0.5   1   1   3.5e-12   5.1e-10   37.5   0.5     8   129    12   139     6   173 0.77 -
NODE_36890_length_7149_cov_20.158156:5971-6534   -            188 110810at7898         -            207   9.1e-06   23.6   0.6   1   1     1e-07   1.5e-05   22.9   0.6    39   173    41   183     2   188 0.68 -
NODE_45294_length_6413_cov_24.749762:1891-2445   -            185 110810at7898         -            207   1.2e-05   23.2   2.2   1   1   9.9e-08   1.4e-05   23.0   2.2    71   182    59   168     3   180 0.69 -
#
# Program:         hmmsearch
# Version:         3.1b2 (February 2015)
# Pipeline mode:   SEARCH
# Query file:      /home/e1garcia/shotgun_PIRE/abyss/busco_downloads/lineages/actinopterygii_odb10/hmms/110810at7898.hmm
# Target file:     /home/e1garcia/shotgun_PIRE/pire_ssl_data_processing/plotosus_lineatus/busco_contigs_results-SPAdes_decontam_R1R2_noIsolate/run_actinopterygii_odb10/metaeuk_output/initial_results/contigs.modified.fasta.modified.fas
# Option settings: hmmsearch --domtblout /home/e1garcia/shotgun_PIRE/pire_ssl_data_processing/plotosus_lineatus/busco_contigs_results-SPAdes_decontam_R1R2_noIsolate/run_actinopterygii_odb10/hmmer_output/initial_run_results/110810at7898.out --cpu 1 /home/e1garcia/shotgun_PIRE/abyss/busco_downloads/lineages/actinopterygii_odb10/hmms/110810at7898.hmm /home/e1garcia/shotgun_PIRE/pire_ssl_data_processing/plotosus_lineatus/busco_contigs_results-SPAdes_decontam_R1R2_noIsolate/run_actinopterygii_odb10/metaeuk_output/initial_results/contigs.modified.fasta.modified.fas 
# Current dir:     /home/e1garcia/shotgun_PIRE/pire_ssl_data_processing/plotosus_lineatus
# Date:            Fri Aug 20 13:16:39 2021
# [ok]
