#                                                                                                        --- full sequence --- -------------- this domain -------------   hmm coord   ali coord   env coord
# target name                                    accession   tlen query name           accession   qlen   E-value  score  bias   #  of  c-Evalue  i-Evalue  score  bias  from    to  from    to  from    to  acc description of target
#                            ------------------- ---------- ----- -------------------- ---------- ----- --------- ------ ----- --- --- --------- --------- ------ ----- ----- ----- ----- ----- ----- ----- ---- ---------------------
NODE_161449_length_2247_cov_32.793296:362-1738   -            459 12431at7898          -            714   2.8e-72  242.0  22.7   1   5   2.1e-17   1.7e-15   54.3   1.1   376   432     1    58     1    76 0.79 -
NODE_161449_length_2247_cov_32.793296:362-1738   -            459 12431at7898          -            714   2.8e-72  242.0  22.7   2   5   3.7e-13     3e-11   40.3   3.5   410   456    76   122    52   128 0.85 -
NODE_161449_length_2247_cov_32.793296:362-1738   -            459 12431at7898          -            714   2.8e-72  242.0  22.7   3   5   5.5e-13   4.4e-11   39.7   0.6   446   495   138   199   128   235 0.82 -
NODE_161449_length_2247_cov_32.793296:362-1738   -            459 12431at7898          -            714   2.8e-72  242.0  22.7   4   5   1.6e-13   1.3e-11   41.5   0.2   496   535   240   286   233   294 0.86 -
NODE_161449_length_2247_cov_32.793296:362-1738   -            459 12431at7898          -            714   2.8e-72  242.0  22.7   5   5     3e-24   2.4e-22   76.9   0.0   539   596   398   459   351   459 0.92 -
NODE_14728_length_10541_cov_37.451542:5293-9428  -            544 12431at7898          -            714   9.9e-62  207.1   0.0   1   1   1.7e-63   1.4e-61  206.6   0.0   556   714   379   537   373   537 0.99 -
NODE_67602_length_5036_cov_43.110391:2079-4862   -            817 12431at7898          -            714   5.8e-16   55.8   0.8   1   3      0.29        24    0.9   0.2   270   383   525   645   486   650 0.67 -
NODE_67602_length_5036_cov_43.110391:2079-4862   -            817 12431at7898          -            714   5.8e-16   55.8   0.8   2   3   1.6e-10   1.3e-08   31.6   0.0   556   604   651   699   645   711 0.92 -
NODE_67602_length_5036_cov_43.110391:2079-4862   -            817 12431at7898          -            714   5.8e-16   55.8   0.8   3   3     5e-07     4e-05   20.0   0.0   622   653   767   802   757   813 0.90 -
NODE_111762_length_3380_cov_34.353551:466-2055   -            530 12431at7898          -            714   1.4e-14   51.3   0.0   1   1   2.7e-16   2.2e-14   50.6   0.0   560   657   253   352   235   377 0.89 -
NODE_50983_length_6007_cov_33.355281:2019-2840   -            274 12431at7898          -            714   6.5e-14   49.1   0.1   1   2         2   1.6e+02   -1.8   0.0   315   380    17    92    13   102 0.58 -
NODE_50983_length_6007_cov_33.355281:2019-2840   -            274 12431at7898          -            714   6.5e-14   49.1   0.1   2   2   1.6e-15   1.3e-13   48.1   0.0   557   691   105   247    89   258 0.79 -
NODE_4396_length_15059_cov_42.829880:4341-5927   -            529 12431at7898          -            714   9.1e-14   48.6   0.0   1   1   1.8e-15   1.4e-13   47.9   0.0   560   656   250   348   233   367 0.89 -
NODE_4359_length_15088_cov_45.747948:322-12256   -            320 12431at7898          -            714   2.5e-12   43.8   0.0   1   1   4.3e-14   3.5e-12   43.4   0.0   561   698    60   208    27   217 0.80 -
NODE_927_length_21454_cov_37.605057:5459-15017   -            462 12431at7898          -            714   2.5e-12   43.8   0.1   1   2      0.31        25    0.9   0.1   314   383    16    91     1    96 0.65 -
NODE_927_length_21454_cov_37.605057:5459-15017   -            462 12431at7898          -            714   2.5e-12   43.8   0.1   2   2   2.5e-13     2e-11   40.9   0.0   556   694    99   245    89   251 0.80 -
NODE_1933_length_18357_cov_45.410505:6810-13789  -            980 12431at7898          -            714   6.1e-11   39.2   0.0   1   1   1.2e-12   9.7e-11   38.6   0.0   559   694   176   318   165   332 0.83 -
NODE_283038_length_749_cov_1.407692:16-663       -            216 12431at7898          -            714   1.9e-10   37.6   0.0   1   1   2.9e-12   2.4e-10   37.3   0.0   569   654   114   202    88   210 0.80 -
NODE_81612_length_4404_cov_23.418118:3452-3949   -            166 12431at7898          -            714   3.2e-10   36.9   0.0   1   1   4.8e-12   3.9e-10   36.6   0.0   556   653     1   105     1   114 0.87 -
NODE_11470_length_11478_cov_36.884788:3027-5308  -            172 12431at7898          -            714   8.2e-10   35.5   0.1   1   1   1.1e-11   8.6e-10   35.5   0.1   554   650    68   168    34   172 0.85 -
NODE_263062_length_919_cov_1.091463:227-784      -            186 12431at7898          -            714   1.7e-09   34.5   0.0   1   2      0.15        12    1.9   0.0   351   380    10    39     3    49 0.86 -
NODE_263062_length_919_cov_1.091463:227-784      -            186 12431at7898          -            714   1.7e-09   34.5   0.0   2   2     3e-10   2.4e-08   30.7   0.0   565   655    55   150    48   173 0.79 -
NODE_31816_length_7675_cov_40.090549:455-3476    -            693 12431at7898          -            714   2.1e-09   34.2   0.2   1   2      0.92        74   -0.7   0.0   299   382   531   621   501   625 0.64 -
NODE_31816_length_7675_cov_40.090549:455-3476    -            693 12431at7898          -            714   2.1e-09   34.2   0.2   2   2   9.5e-11   7.7e-09   32.3   0.0   556   604   628   676   619   688 0.90 -
NODE_26626_length_8320_cov_59.148157:53-580      -            176 12431at7898          -            714   2.7e-09   33.8   0.0   1   1   4.4e-11   3.6e-09   33.4   0.0   556   653     2   106     1   118 0.82 -
NODE_57184_length_5609_cov_30.450635:1463-4051   -            244 12431at7898          -            714   3.7e-09   33.4   0.1   1   2      0.23        19    1.3   0.1   309   363    19    76     4    80 0.73 -
NODE_57184_length_5609_cov_30.450635:1463-4051   -            244 12431at7898          -            714   3.7e-09   33.4   0.1   2   2   3.6e-10   2.9e-08   30.4   0.0   554   694    78   231    68   237 0.75 -
NODE_4844_length_14671_cov_44.521411:2550-10154  -            198 12431at7898          -            714   3.7e-09   33.3   0.1   1   1   5.2e-11   4.2e-09   33.2   0.1   563   671    60   170    24   191 0.79 -
NODE_14086_length_10704_cov_44.048373:1967-5623  -            280 12431at7898          -            714   3.9e-09   33.3   0.0   1   2     3e-09   2.4e-07   27.4   0.0   558   651    88   185    73   234 0.80 -
NODE_14086_length_10704_cov_44.048373:1967-5623  -            280 12431at7898          -            714   3.9e-09   33.3   0.0   2   2     0.035       2.8    4.0   0.0   666   700   234   268   218   276 0.82 -
NODE_30325_length_7852_cov_28.374823:2625-3314   -            230 12431at7898          -            714   4.6e-09   33.0   0.0   1   1   7.1e-11   5.7e-09   32.7   0.0   556   683    84   227    75   230 0.72 -
NODE_144650_length_2574_cov_29.122020:441-1433   -            331 12431at7898          -            714   1.4e-08   31.5   0.0   1   1   2.3e-10   1.9e-08   31.0   0.0   561   653   171   266   154   282 0.84 -
NODE_2282_length_17661_cov_39.343355:7095-16459  -            417 12431at7898          -            714   1.5e-08   31.3   0.0   1   2      0.18        14    1.7   0.0   315   383   104   177    88   188 0.68 -
NODE_2282_length_17661_cov_39.343355:7095-16459  -            417 12431at7898          -            714   1.5e-08   31.3   0.0   2   2   2.8e-09   2.3e-07   27.4   0.0   571   700   198   342   181   350 0.73 -
NODE_1372_length_19838_cov_42.013679:52-4369     -            337 12431at7898          -            714   1.7e-08   31.2   0.0   1   1   2.9e-10   2.4e-08   30.7   0.0   556   657   181   286   163   311 0.85 -
NODE_7173_length_13193_cov_36.716740:761-1285    -            175 12431at7898          -            714   2.2e-08   30.8   0.0   1   2    0.0016      0.13    8.5   0.0   351   386    51    86    17    90 0.86 -
NODE_7173_length_13193_cov_36.716740:761-1285    -            175 12431at7898          -            714   2.2e-08   30.8   0.0   2   2   2.6e-07   2.1e-05   20.9   0.0   556   626    90   163    85   169 0.77 -
NODE_17710_length_9841_cov_39.089920:1549-9149   -            492 12431at7898          -            714   3.4e-08   30.2   0.0   1   1   7.7e-10   6.2e-08   29.3   0.0   557   654   136   235   114   252 0.82 -
NODE_15313_length_10397_cov_33.888425:1925-9701  -            611 12431at7898          -            714   4.4e-08   29.8   0.0   1   3       9.2   7.4e+02   -4.0   0.0   211   245    95   129    85   141 0.80 -
NODE_15313_length_10397_cov_33.888425:1925-9701  -            611 12431at7898          -            714   4.4e-08   29.8   0.0   2   3      0.57        46   -0.0   0.0   634   691   313   372   299   387 0.67 -
NODE_15313_length_10397_cov_33.888425:1925-9701  -            611 12431at7898          -            714   4.4e-08   29.8   0.0   3   3   4.7e-09   3.7e-07   26.7   0.0   553   658   495   604   486   610 0.79 -
NODE_9088_length_12321_cov_57.507446:299-8904    -            147 12431at7898          -            714   5.2e-08   29.6   0.0   1   1   6.5e-10   5.2e-08   29.6   0.0   567   671     4   110     1   132 0.81 -
NODE_3408_length_16050_cov_30.535954:6088-8242   -            190 12431at7898          -            714   8.4e-08   28.9   0.0   1   1   1.3e-09     1e-07   28.6   0.0   550   643    97   190    84   190 0.88 -
NODE_21047_length_9201_cov_68.986596:3380-6437   -            177 12431at7898          -            714   9.6e-08   28.7   0.0   1   1   1.3e-09   1.1e-07   28.5   0.0   518   648    47   176    15   177 0.75 -
NODE_47776_length_6232_cov_34.149519:2702-3793   -            221 12431at7898          -            714   1.5e-07   28.0   0.0   1   2     0.053       4.3    3.4   0.0   351   386    56    91    23   103 0.83 -
NODE_47776_length_6232_cov_34.149519:2702-3793   -            221 12431at7898          -            714   1.5e-07   28.0   0.0   2   2   5.9e-08   4.7e-06   23.1   0.0   564   653   102   188    92   195 0.84 -
NODE_5817_length_13990_cov_38.533655:1562-9123   -            414 12431at7898          -            714   1.7e-07   27.9   0.2   1   2   6.5e-09   5.3e-07   26.2   0.0   551   694    35   188    19   198 0.74 -
NODE_5817_length_13990_cov_38.533655:1562-9123   -            414 12431at7898          -            714   1.7e-07   27.9   0.2   2   2       1.9   1.5e+02   -1.7   0.5   159   215   261   324   239   343 0.62 -
NODE_5526_length_14175_cov_47.007673:6727-10055  -            636 12431at7898          -            714   1.7e-07   27.9   0.0   1   1   3.7e-09     3e-07   27.1   0.0   549   656   164   282   141   303 0.79 -
NODE_20413_length_9316_cov_34.085277:2986-3504   -            173 12431at7898          -            714   1.1e-06   25.1   0.0   1   2    0.0034      0.28    7.3   0.0   351   385    51    85    41    95 0.90 -
NODE_20413_length_9316_cov_34.085277:2986-3504   -            173 12431at7898          -            714   1.1e-06   25.1   0.0   2   2   7.1e-06   0.00057   16.2   0.0   557   607    91   142    86   172 0.75 -
NODE_6000_length_13874_cov_39.136334:2428-2952   -            175 12431at7898          -            714   1.9e-06   24.4   0.1   1   2   0.00027     0.022   11.0   0.0   565   608     4    48     1    59 0.80 -
NODE_6000_length_13874_cov_39.136334:2428-2952   -            175 12431at7898          -            714   1.9e-06   24.4   0.1   2   2   0.00017     0.013   11.7   0.0   616   654   120   159   101   168 0.76 -
NODE_102390_length_3664_cov_38.764656:63-2439    -            395 12431at7898          -            714   3.9e-06   23.4   0.0   1   1   6.6e-08   5.3e-06   22.9   0.0   558   655   202   311   191   358 0.78 -
NODE_86230_length_4219_cov_35.275243:34-2355     -            152 12431at7898          -            714   1.1e-05   21.8   0.1   1   1   1.4e-07   1.1e-05   21.8   0.1   550   640    58   152     6   152 0.83 -
NODE_68850_length_4974_cov_20.854359:1562-1819   -             86 12431at7898          -            714   1.4e-05   21.5   0.0   1   1   1.8e-07   1.4e-05   21.5   0.0   553   601    34    83     8    86 0.81 -
NODE_274605_length_819_cov_0.818056:129-575      -            149 12431at7898          -            714   1.9e-05   21.1   0.0   1   1   3.1e-07   2.5e-05   20.7   0.0   565   684     4   143     2   148 0.70 -
NODE_681_length_22725_cov_201.497437:12561-17697 -            148 12431at7898          -            714   2.3e-05   20.8   0.0   1   1   3.3e-07   2.6e-05   20.6   0.0   564   640    32   112    10   116 0.78 -
NODE_3436_length_16025_cov_30.948010:1540-11755  -            320 12431at7898          -            714   3.1e-05   20.4   0.0   1   1   5.2e-07   4.2e-05   19.9   0.0    13   130   128   253   118   264 0.76 -
NODE_25272_length_8514_cov_31.494355:5563-6866   -            205 12431at7898          -            714   3.2e-05   20.3   0.0   1   1   4.8e-07   3.8e-05   20.1   0.0   562   653    28   129    11   160 0.70 -
NODE_27470_length_8206_cov_51.036882:1279-7342   -            505 12431at7898          -            714   3.4e-05   20.3   0.0   1   2   5.4e-05    0.0043   13.3   0.0   566   617    56   110    41   130 0.73 -
NODE_27470_length_8206_cov_51.036882:1279-7342   -            505 12431at7898          -            714   3.4e-05   20.3   0.0   2   2     0.027       2.2    4.4   0.0   634   660   165   191   161   225 0.74 -
NODE_6133_length_13786_cov_39.829400:1964-13041  -            551 12431at7898          -            714   3.4e-05   20.3   0.7   1   2   5.8e-07   4.7e-05   19.8   0.0   565   669    64   171    45   215 0.71 -
NODE_6133_length_13786_cov_39.829400:1964-13041  -            551 12431at7898          -            714   3.4e-05   20.3   0.7   2   2         7   5.7e+02   -3.6   0.7   266   299   392   425   337   499 0.65 -
NODE_6921_length_13332_cov_38.290788:2655-11115  -            259 12431at7898          -            714   3.7e-05   20.1   0.0   1   1   6.3e-07     5e-05   19.7   0.0   540   651   102   230    96   246 0.75 -
NODE_7208_length_13174_cov_42.165660:7101-7925   -            275 12431at7898          -            714   7.8e-05   19.1   0.0   1   1   1.1e-06   9.1e-05   18.9   0.0   555   658    92   199    54   248 0.78 -
NODE_3689_length_15748_cov_35.312736:13420-14124 -            235 12431at7898          -            714   0.00017   18.0   0.0   1   2     2e-05    0.0016   14.7   0.0   549   595    27    74    22    86 0.81 -
NODE_3689_length_15748_cov_35.312736:13420-14124 -            235 12431at7898          -            714   0.00017   18.0   0.0   2   2      0.29        24    0.9   0.0   619   655   122   157   109   173 0.83 -
NODE_8054_length_12773_cov_44.562648:3457-11742  -            420 12431at7898          -            714   0.00018   17.8   0.0   1   1   3.2e-06   0.00026   17.4   0.0   556   651   167   268   133   274 0.78 -
NODE_531_length_23933_cov_36.637157:4156-22248   -            224 12431at7898          -            714   0.00022   17.6   0.0   1   1   3.3e-06   0.00026   17.3   0.0   582   656   144   220    99   223 0.77 -
NODE_112081_length_3371_cov_35.654340:684-3151   -            418 12431at7898          -            714   0.00025   17.4   0.0   1   2   0.00025      0.02   11.1   0.0   564   596    73   105    53   113 0.86 -
NODE_112081_length_3371_cov_35.654340:684-3151   -            418 12431at7898          -            714   0.00025   17.4   0.0   2   2     0.036       2.9    4.0   0.0   622   653   254   286   233   301 0.85 -
NODE_58503_length_5530_cov_31.037562:2639-5201   -            121 12431at7898          -            714   0.00027   17.3   0.2   1   1     5e-06    0.0004   16.7   0.2   560   603    64   104     2   108 0.69 -
NODE_30932_length_7782_cov_157.722374:65-3870    -            300 12431at7898          -            714   0.00038   16.8   0.0   1   1   6.6e-06   0.00053   16.3   0.0   536   651   169   292   159   297 0.74 -
NODE_154480_length_2377_cov_27.531168:324-2288   -            215 12431at7898          -            714    0.0004   16.7   0.1   1   1   6.9e-06   0.00056   16.2   0.1   217   281    15    79     7   100 0.87 -
NODE_99684_length_3749_cov_38.876712:44-3155     -            254 12431at7898          -            714   0.00046   16.5   0.0   1   2    0.0077      0.62    6.2   0.0   352   396    65   111    32   116 0.86 -
NODE_99684_length_3749_cov_38.876712:44-3155     -            254 12431at7898          -            714   0.00046   16.5   0.0   2   2    0.0003     0.024   10.8   0.0   556   603   107   159   102   185 0.81 -
NODE_156686_length_2336_cov_27.911936:1450-1953  -            168 12431at7898          -            714   0.00048   16.5   0.0   1   1   9.5e-06   0.00076   15.8   0.0   570   660     3   108     1   118 0.75 -
NODE_19867_length_9414_cov_43.270961:6462-6794   -            111 12431at7898          -            714   0.00057   16.2   0.1   1   1     8e-06   0.00064   16.0   0.1   550   596    56   102    47   111 0.85 -
NODE_52981_length_5873_cov_45.021995:3189-5607   -            284 12431at7898          -            714   0.00063   16.1   0.0   1   1     1e-05   0.00082   15.7   0.0   560   651   148   243   128   251 0.86 -
NODE_37273_length_7111_cov_36.352824:1010-1717   -            236 12431at7898          -            714   0.00085   15.6   0.0   1   2   6.2e-05     0.005   13.1   0.0   563   595    40    72    21    80 0.82 -
NODE_37273_length_7111_cov_36.352824:1010-1717   -            236 12431at7898          -            714   0.00085   15.6   0.0   2   2      0.62        50   -0.1   0.0   619   653   123   156   117   173 0.83 -
NODE_48247_length_6195_cov_40.597605:2835-5837   -            300 12431at7898          -            714    0.0011   15.3   0.0   1   1   1.8e-05    0.0014   14.9   0.0   569   652   170   245   131   274 0.81 -
NODE_8021_length_12788_cov_40.111356:4456-11540  -            178 12431at7898          -            714    0.0011   15.2   0.1   1   2      0.36        29    0.6   0.1   352   384     9    42     5    47 0.76 -
NODE_8021_length_12788_cov_40.111356:4456-11540  -            178 12431at7898          -            714    0.0011   15.2   0.1   2   2   9.5e-05    0.0077   12.5   0.0   555   665    46   149    41   158 0.78 -
NODE_8106_length_12744_cov_31.935310:6963-7226   -             88 12431at7898          -            714    0.0028   13.9   0.0   1   1   3.9e-05    0.0031   13.8   0.0   556   595    39    78    22    87 0.77 -
NODE_16795_length_10045_cov_39.776091:7125-7388  -             88 12431at7898          -            714    0.0045   13.2   0.0   1   1   5.6e-05    0.0045   13.2   0.0   555   594    38    77    17    87 0.86 -
NODE_17890_length_9798_cov_38.137952:1129-7234   -            354 12431at7898          -            714    0.0054   13.0   0.0   1   1    0.0001    0.0083   12.4   0.0   568   651   170   265   157   276 0.79 -
NODE_13007_length_11011_cov_54.859971:429-4575   -            149 12431at7898          -            714    0.0068   12.7   0.0   1   1   9.7e-05    0.0078   12.5   0.0   563   603   108   148    86   149 0.83 -
NODE_45474_length_6399_cov_35.913333:1170-1430   -             87 12431at7898          -            714    0.0072   12.6   0.0   1   1    0.0001    0.0083   12.4   0.0   555   596    37    78    26    86 0.88 -
NODE_150775_length_2447_cov_28.638842:1005-1334  -            110 12431at7898          -            714    0.0085   12.3   0.1   1   1   0.00012    0.0094   12.2   0.1   550   595    55   100    39   109 0.88 -
NODE_86282_length_4217_cov_111.394123:3382-3639  -             86 12431at7898          -            714    0.0096   12.2   0.1   1   1   0.00013     0.011   12.0   0.1   555   602    36    84    32    86 0.84 -
NODE_52416_length_5911_cov_35.832588:789-1115    -            109 12431at7898          -            714     0.011   11.9   0.1   1   1   0.00014     0.011   11.9   0.1   554   602    58   107    32   109 0.86 -
NODE_97374_length_3823_cov_43.067401:2302-3058   -            148 12431at7898          -            714     0.013   11.8   0.1   1   2      0.21        17    1.4   0.0   350   384    29    64     6    68 0.77 -
NODE_97374_length_3823_cov_43.067401:2302-3058   -            148 12431at7898          -            714     0.013   11.8   0.1   2   2   0.00034     0.028   10.6   0.1   543   600    58   109    49   139 0.83 -
NODE_571_length_23582_cov_29.474130:7849-15174   -            254 12431at7898          -            714     0.015   11.5   0.0   1   1   0.00035     0.029   10.6   0.0   551   600    62   111    50   118 0.88 -
NODE_1144_length_20580_cov_52.558078:8963-9937   -            325 12431at7898          -            714      0.02   11.1   0.0   1   1   0.00031     0.025   10.8   0.0   566   696   108   250    89   257 0.62 -
NODE_110085_length_3431_cov_35.601441:1036-1908  -            291 12431at7898          -            714      0.02   11.1   0.0   1   1   0.00034     0.028   10.6   0.0   565   650   134   224   127   242 0.84 -
NODE_109292_length_3453_cov_30.720036:683-1519   -            279 12431at7898          -            714     0.041   10.1   0.0   1   1   0.00066     0.053    9.7   0.0   567   651   131   220   113   243 0.82 -
NODE_1880_length_18479_cov_32.946681:11511-12293 -            261 12431at7898          -            714     0.068    9.3   0.0   1   2     0.094       7.5    2.6   0.0   351   380   188   217   171   221 0.85 -
NODE_1880_length_18479_cov_32.946681:11511-12293 -            261 12431at7898          -            714     0.068    9.3   0.0   2   2     0.015       1.2    5.2   0.0   551   589   220   261   215   261 0.84 -
#
# Program:         hmmsearch
# Version:         3.1b2 (February 2015)
# Pipeline mode:   SEARCH
# Query file:      /home/e1garcia/shotgun_PIRE/abyss/busco_downloads/lineages/actinopterygii_odb10/hmms/12431at7898.hmm
# Target file:     /home/e1garcia/shotgun_PIRE/pire_ssl_data_processing/plotosus_lineatus/busco_contigs_results-SPAdes_decontam_R1R2_noIsolate/run_actinopterygii_odb10/metaeuk_output/initial_results/contigs.modified.fasta.modified.fas
# Option settings: hmmsearch --domtblout /home/e1garcia/shotgun_PIRE/pire_ssl_data_processing/plotosus_lineatus/busco_contigs_results-SPAdes_decontam_R1R2_noIsolate/run_actinopterygii_odb10/hmmer_output/initial_run_results/12431at7898.out --cpu 1 /home/e1garcia/shotgun_PIRE/abyss/busco_downloads/lineages/actinopterygii_odb10/hmms/12431at7898.hmm /home/e1garcia/shotgun_PIRE/pire_ssl_data_processing/plotosus_lineatus/busco_contigs_results-SPAdes_decontam_R1R2_noIsolate/run_actinopterygii_odb10/metaeuk_output/initial_results/contigs.modified.fasta.modified.fas 
# Current dir:     /home/e1garcia/shotgun_PIRE/pire_ssl_data_processing/plotosus_lineatus
# Date:            Fri Aug 20 13:16:05 2021
# [ok]
