#                                                                                                        --- full sequence --- -------------- this domain -------------   hmm coord   ali coord   env coord
# target name                                    accession   tlen query name           accession   qlen   E-value  score  bias   #  of  c-Evalue  i-Evalue  score  bias  from    to  from    to  from    to  acc description of target
#                            ------------------- ---------- ----- -------------------- ---------- ----- --------- ------ ----- --- --- --------- --------- ------ ----- ----- ----- ----- ----- ----- ----- ---- ---------------------
NODE_1116_length_20658_cov_39.134345:18969-20202 -            180 1258at7898           -           2056   7.7e-95  316.8  45.8   1   1   9.6e-97   8.5e-95  316.6  45.8   205   383     2   180     1   180 0.99 -
NODE_21453_length_9128_cov_39.320744:992-1456    -            122 1258at7898           -           2056   4.4e-82  274.5  35.6   1   1   5.5e-84   4.8e-82  274.3  35.6   204   323     1   120     1   122 0.99 -
NODE_88595_length_4132_cov_24.191173:2746-3275   -            121 1258at7898           -           2056   1.1e-64  216.8  34.0   1   1   1.3e-66   1.2e-64  216.7  34.0   205   324     2   121     1   121 0.99 -
NODE_59857_length_5452_cov_34.998506:151-1978    -            384 1258at7898           -           2056   5.2e-58  194.6  83.5   1   2   4.8e-29   4.2e-27   92.1  38.3   749   884     4   139     1   142 0.93 -
NODE_59857_length_5452_cov_34.998506:151-1978    -            384 1258at7898           -           2056   5.2e-58  194.6  83.5   2   2   4.1e-34   3.6e-32  108.9  37.5  1017  1154   142   282   139   343 0.92 -
NODE_115796_length_3268_cov_36.946986:444-2072   -            441 1258at7898           -           2056   2.9e-54  182.2  68.7   1   3   5.7e-34     5e-32  108.5  34.4  1002  1124     7   133     1   161 0.88 -
NODE_115796_length_3268_cov_36.946986:444-2072   -            441 1258at7898           -           2056   2.9e-54  182.2  68.7   2   3   3.9e-19   3.4e-17   59.3  14.9   799   864   165   230   153   235 0.93 -
NODE_115796_length_3268_cov_36.946986:444-2072   -            441 1258at7898           -           2056   2.9e-54  182.2  68.7   3   3   8.6e-11   7.5e-09   31.6   7.0    42    90   223   272   222   289 0.55 -
NODE_10885_length_11681_cov_31.951735:7397-9148  -            584 1258at7898           -           2056     9e-54  180.6 156.7   1   4   5.7e-07     5e-05   18.9  23.0    36   124     3   103     1   106 0.79 -
NODE_10885_length_11681_cov_31.951735:7397-9148  -            584 1258at7898           -           2056     9e-54  180.6 156.7   2   4   3.8e-20   3.3e-18   62.6  41.8   313   473   102   266    98   266 0.86 -
NODE_10885_length_11681_cov_31.951735:7397-9148  -            584 1258at7898           -           2056     9e-54  180.6 156.7   3   4   9.9e-10   8.7e-08   28.1  17.2    45   119   257   336   252   343 0.78 -
NODE_10885_length_11681_cov_31.951735:7397-9148  -            584 1258at7898           -           2056     9e-54  180.6 156.7   4   4   4.6e-27     4e-25   85.6  62.2   301   535   329   579   329   580 0.87 -
NODE_35105_length_7326_cov_33.692680:336-6133    -            528 1258at7898           -           2056   1.1e-53  180.3 101.1   1   3    0.0022      0.19    7.1  14.5   705   788   119   199   111   200 0.84 -
NODE_35105_length_7326_cov_33.692680:336-6133    -            528 1258at7898           -           2056   1.1e-53  180.3 101.1   2   3   1.7e-29   1.5e-27   93.7  41.4   749   886   192   329   192   333 0.94 -
NODE_35105_length_7326_cov_33.692680:336-6133    -            528 1258at7898           -           2056   1.1e-53  180.3 101.1   3   3   6.3e-30   5.5e-28   95.1  31.8   981  1108   332   460   328   467 0.94 -
NODE_10885_length_11681_cov_31.951735:5125-6756  -            544 1258at7898           -           2056   1.3e-49  166.7 162.7   1   3   8.3e-27   7.3e-25   84.7  76.4   174   461     6   310     1   313 0.84 -
NODE_10885_length_11681_cov_31.951735:5125-6756  -            544 1258at7898           -           2056   1.3e-49  166.7 162.7   2   3   7.9e-18   6.9e-16   54.9  39.4   315   466   238   403   236   404 0.85 -
NODE_10885_length_11681_cov_31.951735:5125-6756  -            544 1258at7898           -           2056   1.3e-49  166.7 162.7   3   3   5.3e-18   4.7e-16   55.5  30.8   309   446   399   544   397   544 0.84 -
NODE_11256_length_11550_cov_46.353419:978-10023  -            946 1258at7898           -           2056   1.3e-45  153.5  97.0   1   4   6.7e-11   5.9e-09   32.0  15.7   787   876     1   100     1   142 0.67 -
NODE_11256_length_11550_cov_46.353419:978-10023  -            946 1258at7898           -           2056   1.3e-45  153.5  97.0   2   4   3.2e-05    0.0028   13.2   0.9    10   721   272   312   263   324 0.61 -
NODE_11256_length_11550_cov_46.353419:978-10023  -            946 1258at7898           -           2056   1.3e-45  153.5  97.0   3   4   2.8e-07   2.5e-05   19.9  10.1   793   854   492   552   483   562 0.85 -
NODE_11256_length_11550_cov_46.353419:978-10023  -            946 1258at7898           -           2056   1.3e-45  153.5  97.0   4   4   5.4e-33   4.7e-31  105.2  47.3   395   582   732   924   726   927 0.89 -
NODE_67649_length_5034_cov_34.217224:2138-2671   -            178 1258at7898           -           2056   8.9e-36  120.9  50.8   1   1   2.3e-37     2e-35  119.8  50.8   359   531     3   177     1   178 0.90 -
NODE_4045_length_15369_cov_38.484086:3003-4001   -            333 1258at7898           -           2056   3.2e-29   99.2   9.2   1   2   4.3e-17   3.8e-15   52.5   2.5  1588  1765    27   202     2   205 0.80 -
NODE_4045_length_15369_cov_38.484086:3003-4001   -            333 1258at7898           -           2056   3.2e-29   99.2   9.2   2   2   7.4e-19   6.5e-17   58.4   0.6  1608  1796   145   332   142   333 0.96 -
NODE_7462_length_13038_cov_80.944045:9666-10058  -            131 1258at7898           -           2056   1.1e-27   94.1  20.6   1   1   1.4e-29   1.2e-27   93.9  20.6   764   868     7   111     1   118 0.78 -
NODE_552_length_23726_cov_56.450629:5341-6441    -            367 1258at7898           -           2056   1.5e-24   83.7  11.4   1   2   1.2e-13   1.1e-11   41.1   2.4  1611  1764    32   186    26   189 0.92 -
NODE_552_length_23726_cov_56.450629:5341-6441    -            367 1258at7898           -           2056   1.5e-24   83.7  11.4   2   2     1e-15   8.9e-14   48.0   2.0  1599  1767   188   357   177   362 0.87 -
NODE_10516_length_11804_cov_29.004870:4916-5899  -            328 1258at7898           -           2056   3.5e-24   82.4   5.2   1   3   2.2e-15     2e-13   46.8   0.1  1671  1796    19   145    13   151 0.93 -
NODE_10516_length_11804_cov_29.004870:4916-5899  -            328 1258at7898           -           2056   3.5e-24   82.4   5.2   2   3     9e-09   7.9e-07   24.9   0.1  1702  1795   150   243   144   244 0.95 -
NODE_10516_length_11804_cov_29.004870:4916-5899  -            328 1258at7898           -           2056   3.5e-24   82.4   5.2   3   3   1.5e-07   1.4e-05   20.8   1.3  1606  1707   220   320   218   325 0.94 -
NODE_495_length_24286_cov_31.076694:18209-18577  -            123 1258at7898           -           2056     7e-24   81.5  27.7   1   1   3.3e-24   2.9e-22   76.1  27.7   772   854    41   123     2   123 0.80 -
NODE_59434_length_5477_cov_30.049089:739-1131    -            131 1258at7898           -           2056   7.4e-24   81.4  22.8   1   2   2.4e-11   2.2e-09   33.4   2.7  1036  1072     2    38     1    48 0.56 -
NODE_59434_length_5477_cov_30.049089:739-1131    -            131 1258at7898           -           2056   7.4e-24   81.4  22.8   2   2   1.3e-17   1.1e-15   54.2  12.4   789   854    65   130    50   131 0.95 -
NODE_20722_length_9255_cov_34.523373:5680-6744   -            355 1258at7898           -           2056     9e-24   81.1   2.6   1   3     0.015       1.4    4.2   0.0  1729  1768     8    47     1    59 0.84 -
NODE_20722_length_9255_cov_34.523373:5680-6744   -            355 1258at7898           -           2056     9e-24   81.1   2.6   2   3   1.6e-14   1.4e-12   44.0   0.4  1591  1763    73   245    66   250 0.88 -
NODE_20722_length_9255_cov_34.523373:5680-6744   -            355 1258at7898           -           2056     9e-24   81.1   2.6   3   3   1.2e-10     1e-08   31.2   0.1  1605  1689   254   339   242   353 0.84 -
NODE_3000_length_16569_cov_31.751973:9770-10927  -            386 1258at7898           -           2056   9.9e-24   81.0  10.5   1   4     0.019       1.7    3.9   0.0  1712  1763    36    87    25    99 0.66 -
NODE_3000_length_16569_cov_31.751973:9770-10927  -            386 1258at7898           -           2056   9.9e-24   81.0  10.5   2   4   3.7e-13   3.3e-11   39.4   2.6  1596  1765    54   222    41   225 0.90 -
NODE_3000_length_16569_cov_31.751973:9770-10927  -            386 1258at7898           -           2056   9.9e-24   81.0  10.5   3   4   1.4e-17   1.3e-15   54.1   1.1  1590  1774   147   330   143   333 0.92 -
NODE_3000_length_16569_cov_31.751973:9770-10927  -            386 1258at7898           -           2056   9.9e-24   81.0  10.5   4   4    0.0048      0.42    5.9   0.0  1608  1660   330   382   328   386 0.74 -
NODE_151040_length_2442_cov_39.537345:757-1065   -            103 1258at7898           -           2056   2.4e-22   76.4  26.1   1   1   3.9e-24   3.4e-22   75.9  26.1  1006  1106     1   102     1   103 0.51 -
NODE_20722_length_9255_cov_34.523373:5332-6360   -            343 1258at7898           -           2056   2.1e-21   73.2   7.6   1   2   9.7e-13   8.5e-11   38.1   1.0  1613  1768     1   163     1   177 0.84 -
NODE_20722_length_9255_cov_34.523373:5332-6360   -            343 1258at7898           -           2056   2.1e-21   73.2   7.6   2   2   4.7e-13   4.1e-11   39.1   0.8  1591  1741   189   339   182   342 0.89 -
NODE_48270_length_6194_cov_36.868417:692-1066    -            125 1258at7898           -           2056   2.2e-20   69.9  24.7   1   2     0.011         1    4.7   0.2  1000  1015     2    17     1    31 0.57 -
NODE_48270_length_6194_cov_36.868417:692-1066    -            125 1258at7898           -           2056   2.2e-20   69.9  24.7   2   2   6.8e-22     6e-20   68.4  19.8   772   856    41   125    34   125 0.96 -
NODE_32947_length_7553_cov_37.309364:4882-6134   -            289 1258at7898           -           2056   4.8e-15   52.2   0.1   1   1   7.9e-17     7e-15   51.6   0.1  1620  1775    30   182    15   193 0.85 -
NODE_10516_length_11804_cov_29.004870:5342-5953  -            204 1258at7898           -           2056   7.5e-15   51.5   0.1   1   2   3.2e-16   2.8e-14   49.6   0.0  1671  1799    37   166    31   184 0.90 -
NODE_10516_length_11804_cov_29.004870:5342-5953  -            204 1258at7898           -           2056   7.5e-15   51.5   0.1   2   2    0.0039      0.34    6.2   0.0  1717  1767   150   200   143   204 0.69 -
NODE_129609_length_2914_cov_32.075666:771-2216   -            259 1258at7898           -           2056   1.1e-13   47.7   0.5   1   3     2e-06   0.00018   17.1   0.0  1595  1652    29    84    22    89 0.85 -
NODE_129609_length_2914_cov_32.075666:771-2216   -            259 1258at7898           -           2056   1.1e-13   47.7   0.5   2   3   3.8e-05    0.0033   12.9   0.1  1593  1653    92   152    82   160 0.88 -
NODE_129609_length_2914_cov_32.075666:771-2216   -            259 1258at7898           -           2056   1.1e-13   47.7   0.5   3   3   7.7e-06   0.00067   15.2   0.0  1620  1669   162   209   153   225 0.85 -
NODE_25948_length_8424_cov_34.292372:1138-5527   -            256 1258at7898           -           2056   5.1e-13   45.4  28.6   1   2   4.1e-11   3.6e-09   32.7   5.3   828   866     1    39     1    46 0.73 -
NODE_25948_length_8424_cov_34.292372:1138-5527   -            256 1258at7898           -           2056   5.1e-13   45.4  28.6   2   2   6.2e-07   5.4e-05   18.8  15.5   314   414    47   157    42   167 0.75 -
NODE_61902_length_5337_cov_29.293242:3349-3957   -            203 1258at7898           -           2056   5.4e-13   45.3  46.1   1   2   1.7e-06   0.00015   17.4  23.0    24   119     9   108     1   115 0.75 -
NODE_61902_length_5337_cov_29.293242:3349-3957   -            203 1258at7898           -           2056   5.4e-13   45.3  46.1   2   2   9.2e-12   8.1e-10   34.8  18.6    39   131   103   196   103   201 0.88 -
NODE_24421_length_8640_cov_28.458494:4685-7515   -            633 1258at7898           -           2056   1.8e-12   43.6   6.4   1   3     0.071       6.2    2.0   0.0  1744  1768    52    76    42    87 0.88 -
NODE_24421_length_8640_cov_28.458494:4685-7515   -            633 1258at7898           -           2056   1.8e-12   43.6   6.4   2   3     2e-10   1.8e-08   30.4   5.0  1611  1794    94   277    88   284 0.91 -
NODE_24421_length_8640_cov_28.458494:4685-7515   -            633 1258at7898           -           2056   1.8e-12   43.6   6.4   3   3   0.00085     0.075    8.4   0.0  1623  1653   517   547   479   624 0.73 -
NODE_8128_length_12733_cov_31.974830:8203-12372  -            302 1258at7898           -           2056   6.7e-12   41.7  52.6   1   3     2e-05    0.0018   13.8   5.6   302   347     5    52     3    56 0.81 -
NODE_8128_length_12733_cov_31.974830:8203-12372  -            302 1258at7898           -           2056   6.7e-12   41.7  52.6   2   3   2.6e-05    0.0022   13.5  13.8    40   120    56   141    53   150 0.78 -
NODE_8128_length_12733_cov_31.974830:8203-12372  -            302 1258at7898           -           2056   6.7e-12   41.7  52.6   3   3   8.3e-08   7.3e-06   21.7  19.5    86   234   150   298   144   301 0.77 -
NODE_112693_length_3354_cov_39.445469:2563-2835  -             91 1258at7898           -           2056   1.5e-11   40.6  13.7   1   1   1.9e-13   1.7e-11   40.4  13.7   778   860     4    91     2    91 0.83 -
NODE_8365_length_12625_cov_65.441083:6486-11391  -            186 1258at7898           -           2056   7.5e-11   38.3   3.1   1   1     1e-12   8.9e-11   38.0   3.1  1612  1783     2   179     1   184 0.85 -
NODE_6395_length_13646_cov_39.873994:1314-10568  -            890 1258at7898           -           2056   7.5e-11   38.3   1.2   1   1   1.3e-12   1.1e-10   37.7   1.2  1638  1813   695   874   687   887 0.84 -
NODE_190_length_28962_cov_38.794962:18985-21039  -            610 1258at7898           -           2056     1e-10   37.8   0.2   1   3   1.5e-07   1.4e-05   20.8   0.0  1667  1798    24   164     7   166 0.80 -
NODE_190_length_28962_cov_38.794962:18985-21039  -            610 1258at7898           -           2056     1e-10   37.8   0.2   2   3   2.4e-08   2.1e-06   23.5   0.0  1625  1767    91   231    72   246 0.89 -
NODE_190_length_28962_cov_38.794962:18985-21039  -            610 1258at7898           -           2056     1e-10   37.8   0.2   3   3    0.0025      0.22    6.8   0.0  1628  1670   506   547   483   573 0.76 -
NODE_3137_length_16373_cov_30.217279:3215-5047   -            611 1258at7898           -           2056   5.8e-10   35.3   0.8   1   4   1.7e-05    0.0015   14.1   0.1  1676  1773    33   139    11   141 0.76 -
NODE_3137_length_16373_cov_30.217279:3215-5047   -            611 1258at7898           -           2056   5.8e-10   35.3   0.8   2   4   0.00027     0.024   10.1   0.0  1608  1695   140   225   138   246 0.81 -
NODE_3137_length_16373_cov_30.217279:3215-5047   -            611 1258at7898           -           2056   5.8e-10   35.3   0.8   3   4       2.1   1.8e+02   -2.8   0.0  1553  1569   469   485   466   493 0.83 -
NODE_3137_length_16373_cov_30.217279:3215-5047   -            611 1258at7898           -           2056   5.8e-10   35.3   0.8   4   4   0.00095     0.084    8.2   0.0  1729  1784   508   563   499   573 0.87 -
NODE_10791_length_11711_cov_31.021702:4042-4647  -            202 1258at7898           -           2056   2.4e-09   33.3  81.5   1   3   7.3e-06   0.00064   15.3  34.3  1129  1220     3    94     1    94 0.83 -
NODE_10791_length_11711_cov_31.021702:4042-4647  -            202 1258at7898           -           2056   2.4e-09   33.3  81.5   2   3   2.9e-08   2.6e-06   23.2  36.1  1131  1221    67   157    64   159 0.82 -
NODE_10791_length_11711_cov_31.021702:4042-4647  -            202 1258at7898           -           2056   2.4e-09   33.3  81.5   3   3    0.0021      0.18    7.1  10.4  1131  1173   160   201   157   202 0.91 -
NODE_68298_length_5002_cov_21.249235:3918-4223   -            102 1258at7898           -           2056   2.2e-08   30.1  20.0   1   1     3e-10   2.7e-08   29.8  20.0   624   719     4   102     1   102 0.40 -
NODE_22135_length_9018_cov_24.961431:1086-8159   -            329 1258at7898           -           2056   2.2e-08   30.0  20.8   1   1   3.5e-10     3e-08   29.6  20.8  1038  1176     4   145     1   170 0.45 -
NODE_68067_length_5013_cov_29.526048:2685-4541   -            353 1258at7898           -           2056   2.7e-08   29.8   0.4   1   2     3e-05    0.0026   13.3   0.1  1679  1774    43   138    12   148 0.74 -
NODE_68067_length_5013_cov_29.526048:2685-4541   -            353 1258at7898           -           2056   2.7e-08   29.8   0.4   2   2   8.5e-06   0.00074   15.0   0.0  1575  1652   150   226   143   281 0.84 -
NODE_157179_length_2326_cov_32.981590:1212-1901  -            230 1258at7898           -           2056   4.3e-08   29.1  53.3   1   2    0.0032      0.28    6.5   5.3   137   176     5    44     2    51 0.64 -
NODE_157179_length_2326_cov_32.981590:1212-1901  -            230 1258at7898           -           2056   4.3e-08   29.1  53.3   2   2   1.4e-08   1.2e-06   24.3  47.8   959  1139    28   222    25   229 0.73 -
NODE_28509_length_8071_cov_48.009032:975-6551    -            342 1258at7898           -           2056   1.4e-07   27.4   3.0   1   1     2e-05    0.0018   13.8   0.1  1599  1654   211   266   203   272 0.88 -
NODE_7570_length_12977_cov_40.875602:4678-5085   -            136 1258at7898           -           2056   4.6e-07   25.7   0.0   1   1   6.1e-09   5.4e-07   25.5   0.0  1596  1681    21   109    14   121 0.87 -
NODE_10405_length_11838_cov_53.144135:348-851    -            168 1258at7898           -           2056   5.5e-07   25.4   0.5   1   1   9.2e-09   8.1e-07   24.9   0.5  1613  1770     1   158     1   168 0.84 -
NODE_1610_length_19122_cov_43.022920:8326-16245  -            584 1258at7898           -           2056   6.4e-07   25.2   0.0   1   1   9.7e-09   8.5e-07   24.8   0.0  1648  1778    38   167    23   195 0.87 -
NODE_10989_length_11646_cov_27.647527:172-5709   -            483 1258at7898           -           2056   8.1e-07   24.9   3.0   1   2       4.9   4.3e+02   -4.1   3.4  1222  1249     9    41     2    79 0.49 -
NODE_10989_length_11646_cov_27.647527:172-5709   -            483 1258at7898           -           2056   8.1e-07   24.9   3.0   2   2   9.2e-09   8.1e-07   24.9   3.0   793   827   180   215   174   262 0.91 -
NODE_91878_length_4015_cov_30.663432:1691-2313   -            129 1258at7898           -           2056     1e-06   24.5   0.0   1   1   1.6e-08   1.4e-06   24.1   0.0  1595  1686    24   116    16   128 0.87 -
NODE_8361_length_12626_cov_40.324818:852-9936    -            424 1258at7898           -           2056   1.3e-06   24.2  14.4   1   1   1.9e-08   1.7e-06   23.8  14.4   431   505     1    80     1    94 0.69 -
NODE_10374_length_11851_cov_33.387934:199-631    -            117 1258at7898           -           2056   1.9e-06   23.6   0.0   1   1   2.5e-08   2.2e-06   23.4   0.0  1687  1786     5   105     2   114 0.82 -
NODE_13518_length_10867_cov_31.605312:5041-8182  -            210 1258at7898           -           2056   4.9e-06   22.3  12.7   1   1   8.3e-08   7.3e-06   21.7  12.7   315   409     1   106     1   118 0.71 -
NODE_122907_length_3080_cov_28.986246:1066-2443  -            225 1258at7898           -           2056   5.1e-06   22.2   0.1   1   1     7e-08   6.1e-06   22.0   0.1  1586  1703    73   189    64   208 0.86 -
NODE_86575_length_4206_cov_109.858047:815-1087   -             91 1258at7898           -           2056   5.4e-06   22.1   0.1   1   1   6.9e-08   6.1e-06   22.0   0.1  1712  1796     7    91     2    91 0.96 -
NODE_64621_length_5189_cov_34.932417:31-3441     -            187 1258at7898           -           2056   2.2e-05   20.1  29.2   1   1   5.8e-07   5.1e-05   18.9  29.2    51   188     2   134     1   143 0.85 -
NODE_13827_length_10777_cov_31.810826:5199-5555  -            119 1258at7898           -           2056   2.3e-05   20.1   0.1   1   1     3e-07   2.6e-05   19.9   0.1  1636  1719    21   107     3   115 0.74 -
NODE_67850_length_5024_cov_31.899492:2048-2443   -            132 1258at7898           -           2056   3.4e-05   19.5   0.0   1   1   4.3e-07   3.8e-05   19.3   0.0  1593  1679    17   110     8   131 0.82 -
NODE_9948_length_11999_cov_27.944958:3819-4424   -            202 1258at7898           -           2056   4.2e-05   19.2  69.1   1   2     0.002      0.18    7.2  42.2  1058  1192     5   127     1   130 0.62 -
NODE_9948_length_11999_cov_27.944958:3819-4424   -            202 1258at7898           -           2056   4.2e-05   19.2  69.1   2   2    0.0001    0.0088   11.5  26.9  1080  1173   119   201   114   202 0.65 -
NODE_13065_length_10994_cov_36.057458:2574-10048 -            319 1258at7898           -           2056   4.8e-05   19.0   0.0   1   1   7.7e-07   6.8e-05   18.5   0.0  1613  1715    66   167    62   181 0.70 -
NODE_40694_length_6794_cov_27.685586:2809-3186   -            126 1258at7898           -           2056   5.9e-05   18.7   0.0   1   1     1e-06   8.9e-05   18.1   0.0  1612  1705     3    97     1   105 0.75 -
NODE_101880_length_3680_cov_31.234292:472-840    -            123 1258at7898           -           2056   8.4e-05   18.2   0.0   1   1   1.2e-06    0.0001   17.9   0.0  1602  1686    18   108     7   122 0.61 -
NODE_54956_length_5743_cov_39.389617:3004-3456   -            151 1258at7898           -           2056   0.00011   17.9   0.0   1   2    0.0001    0.0088   11.5   0.0  1607  1648    24    65     9    78 0.88 -
NODE_54956_length_5743_cov_39.389617:3004-3456   -            151 1258at7898           -           2056   0.00011   17.9   0.0   2   2    0.0092      0.81    5.0   0.0  1611  1664    95   148    72   151 0.66 -
NODE_54668_length_5762_cov_61.455059:4447-5310   -            218 1258at7898           -           2056   0.00018   17.1  19.1   1   1   3.5e-06   0.00031   16.3  18.9  1099  1185    20   112     8   172 0.72 -
NODE_81139_length_4424_cov_31.915376:1585-3028   -            120 1258at7898           -           2056   0.00026   16.6   0.0   1   1     3e-06   0.00027   16.5   0.0  1696  1781    19   104     3   120 0.74 -
NODE_61826_length_5341_cov_34.851011:2720-3735   -            322 1258at7898           -           2056   0.00054   15.5   0.0   1   1   8.1e-06   0.00071   15.1   0.0  1679  1772    68   161    28   172 0.85 -
NODE_6253_length_13721_cov_32.122376:2578-2928   -            117 1258at7898           -           2056   0.00064   15.3   0.0   1   1   7.9e-06   0.00069   15.1   0.0  1596  1686     6   104     2   116 0.67 -
NODE_8307_length_12645_cov_39.796987:1523-11515  -            369 1258at7898           -           2056   0.00083   14.9   0.0   1   1   1.3e-05    0.0012   14.4   0.0  1605  1664   181   240   164   252 0.89 -
NODE_103794_length_3620_cov_33.763135:323-784    -            154 1258at7898           -           2056   0.00094   14.7   0.0   1   1   1.2e-05     0.001   14.6   0.0  1609  1679    34   110    17   133 0.81 -
NODE_507_length_24185_cov_25.933281:9030-15903   -            131 1258at7898           -           2056    0.0068   11.9   0.3   1   1   8.4e-05    0.0074   11.7   0.3   618   648    20    52     7    86 0.74 -
NODE_34150_length_7421_cov_36.940453:1977-3017   -            347 1258at7898           -           2056     0.015   10.7   0.0   1   1   0.00021     0.019   10.4   0.0  1611  1775   185   256   164   309 0.57 -
NODE_8290_length_12655_cov_32.960975:1091-9640   -            413 1258at7898           -           2056     0.075    8.4   0.0   1   1    0.0011     0.097    8.0   0.0  1724  1798     4    83     2    93 0.79 -
#
# Program:         hmmsearch
# Version:         3.1b2 (February 2015)
# Pipeline mode:   SEARCH
# Query file:      /home/e1garcia/shotgun_PIRE/abyss/busco_downloads/lineages/actinopterygii_odb10/hmms/1258at7898.hmm
# Target file:     /home/e1garcia/shotgun_PIRE/pire_ssl_data_processing/plotosus_lineatus/busco_contigs_results-SPAdes_decontam_R1R2_noIsolate/run_actinopterygii_odb10/metaeuk_output/initial_results/contigs.modified.fasta.modified.fas
# Option settings: hmmsearch --domtblout /home/e1garcia/shotgun_PIRE/pire_ssl_data_processing/plotosus_lineatus/busco_contigs_results-SPAdes_decontam_R1R2_noIsolate/run_actinopterygii_odb10/hmmer_output/initial_run_results/1258at7898.out --cpu 1 /home/e1garcia/shotgun_PIRE/abyss/busco_downloads/lineages/actinopterygii_odb10/hmms/1258at7898.hmm /home/e1garcia/shotgun_PIRE/pire_ssl_data_processing/plotosus_lineatus/busco_contigs_results-SPAdes_decontam_R1R2_noIsolate/run_actinopterygii_odb10/metaeuk_output/initial_results/contigs.modified.fasta.modified.fas 
# Current dir:     /home/e1garcia/shotgun_PIRE/pire_ssl_data_processing/plotosus_lineatus
# Date:            Fri Aug 20 13:16:28 2021
# [ok]
