#                                                                                                        --- full sequence --- -------------- this domain -------------   hmm coord   ali coord   env coord
# target name                                    accession   tlen query name           accession   qlen   E-value  score  bias   #  of  c-Evalue  i-Evalue  score  bias  from    to  from    to  from    to  acc description of target
#                            ------------------- ---------- ----- -------------------- ---------- ----- --------- ------ ----- --- --- --------- --------- ------ ----- ----- ----- ----- ----- ----- ----- ---- ---------------------
NODE_47415_length_6257_cov_34.587691:469-3580    -             79 128577at7898         -             91     4e-41  136.9   0.1   1   1   1.5e-43   4.3e-41  136.8   0.1     9    70     1    62     1    78 0.93 -
NODE_119743_length_3163_cov_26.438969:1495-1874  -             78 128577at7898         -             91   1.5e-12   45.3   0.0   1   1   5.8e-15   1.6e-12   45.2   0.0    20    67     2    48     1    66 0.90 -
NODE_16567_length_10097_cov_32.920084:3999-4415  -            139 128577at7898         -             91     0.004   15.1   1.8   1   2    0.0033      0.92    7.6   0.2    45    72     7    34     2    42 0.87 -
NODE_16567_length_10097_cov_32.920084:3999-4415  -            139 128577at7898         -             91     0.004   15.1   1.8   2   2     0.005       1.4    7.0   0.1    46    72    64    90    57   111 0.89 -
NODE_7554_length_12988_cov_44.026922:11210-11848 -            213 128577at7898         -             91    0.0092   14.0   3.1   1   2     0.054        15    3.7   0.1    46    70   110   134    99   146 0.87 -
NODE_7554_length_12988_cov_44.026922:11210-11848 -            213 128577at7898         -             91    0.0092   14.0   3.1   2   2   0.00062      0.17    9.9   0.4    42    78   162   198   155   209 0.85 -
NODE_47819_length_6228_cov_33.272475:2412-2912   -            167 128577at7898         -             91     0.014   13.4   9.6   1   5         3   8.4e+02   -1.9   0.0    47    69     6    28     3    32 0.76 -
NODE_47819_length_6228_cov_33.272475:2412-2912   -            167 128577at7898         -             91     0.014   13.4   9.6   2   5    0.0056       1.6    6.8   0.1    46    71    33    58    26    61 0.89 -
NODE_47819_length_6228_cov_33.272475:2412-2912   -            167 128577at7898         -             91     0.014   13.4   9.6   3   5     0.015       4.2    5.5   0.2    44    71    59    86    55    90 0.86 -
NODE_47819_length_6228_cov_33.272475:2412-2912   -            167 128577at7898         -             91     0.014   13.4   9.6   4   5      0.84   2.3e+02   -0.1   0.1    45    70    88   113    83   116 0.82 -
NODE_47819_length_6228_cov_33.272475:2412-2912   -            167 128577at7898         -             91     0.014   13.4   9.6   5   5     0.012       3.3    5.8   0.4    42    72   113   143    96   157 0.84 -
NODE_37621_length_7079_cov_28.715759:4925-5500   -            192 128577at7898         -             91     0.051   11.6  10.5   1   4      0.16        43    2.2   0.4    40    71    52    86    41    89 0.79 -
NODE_37621_length_7079_cov_28.715759:4925-5500   -            192 128577at7898         -             91     0.051   11.6  10.5   2   4     0.078        22    3.2   0.1    44    72    87   115    82   117 0.85 -
NODE_37621_length_7079_cov_28.715759:4925-5500   -            192 128577at7898         -             91     0.051   11.6  10.5   3   4    0.0057       1.6    6.8   0.0    42    71   113   142   109   145 0.87 -
NODE_37621_length_7079_cov_28.715759:4925-5500   -            192 128577at7898         -             91     0.051   11.6  10.5   4   4    0.0072         2    6.5   0.5    45    78   144   177   139   189 0.80 -
NODE_7824_length_12865_cov_36.086636:1992-2465   -            158 128577at7898         -             91     0.054   11.5   9.7   1   5       1.6   4.5e+02   -1.1   0.0    52    72     5    25     1    32 0.77 -
NODE_7824_length_12865_cov_36.086636:1992-2465   -            158 128577at7898         -             91     0.054   11.5   9.7   2   5     0.056        15    3.6   0.2    46    72    27    53    20    64 0.86 -
NODE_7824_length_12865_cov_36.086636:1992-2465   -            158 128577at7898         -             91     0.054   11.5   9.7   3   5       1.5   4.2e+02   -1.0   0.0    45    69    54    78    48    82 0.76 -
NODE_7824_length_12865_cov_36.086636:1992-2465   -            158 128577at7898         -             91     0.054   11.5   9.7   4   5    0.0073         2    6.5   0.1    46    71    83   108    77   111 0.89 -
NODE_7824_length_12865_cov_36.086636:1992-2465   -            158 128577at7898         -             91     0.054   11.5   9.7   5   5     0.014       3.8    5.6   0.4    46    71   111   136   105   154 0.84 -
NODE_131575_length_2867_cov_37.661488:1289-1786  -            166 128577at7898         -             91      0.11   10.5   3.2   1   3     0.003      0.83    7.7   0.6    43    82    30    69    22    78 0.84 -
NODE_131575_length_2867_cov_37.661488:1289-1786  -            166 128577at7898         -             91      0.11   10.5   3.2   2   3       1.7   4.7e+02   -1.1   0.0    47    70    90   113    83   127 0.69 -
NODE_131575_length_2867_cov_37.661488:1289-1786  -            166 128577at7898         -             91      0.11   10.5   3.2   3   3      0.12        32    2.6   0.1    46    72   117   143    96   152 0.89 -
NODE_110219_length_3427_cov_32.036058:1896-2549  -            218 128577at7898         -             91      0.17    9.9   5.4   1   3       1.4   3.9e+02   -0.9   0.0    47    70    78   101    61   105 0.84 -
NODE_110219_length_3427_cov_32.036058:1896-2549  -            218 128577at7898         -             91      0.17    9.9   5.4   2   3     0.029         8    4.5   0.1    45    70   104   129    98   133 0.86 -
NODE_110219_length_3427_cov_32.036058:1896-2549  -            218 128577at7898         -             91      0.17    9.9   5.4   3   3    0.0063       1.7    6.7   0.8    47    82   134   169   127   178 0.75 -
NODE_64174_length_5214_cov_37.156403:2511-2942   -            144 128577at7898         -             91      0.18    9.9   7.1   1   3     0.021       5.9    5.0   0.1    46    73     8    35     2    36 0.87 -
NODE_64174_length_5214_cov_37.156403:2511-2942   -            144 128577at7898         -             91      0.18    9.9   7.1   2   3    0.0084       2.3    6.3   0.3    45    72    35    62    29    78 0.85 -
NODE_64174_length_5214_cov_37.156403:2511-2942   -            144 128577at7898         -             91      0.18    9.9   7.1   3   3      0.13        37    2.4   0.2    46    74    92   120    83   138 0.80 -
NODE_10477_length_11815_cov_25.692643:8378-9505  -            376 128577at7898         -             91      0.18    9.8  17.3   1   6      0.28        76    1.4   0.2    45    71    70    96    64   107 0.82 -
NODE_10477_length_11815_cov_25.692643:8378-9505  -            376 128577at7898         -             91      0.18    9.8  17.3   2   6      0.03       8.3    4.5   0.1    45    71   154   180   148   197 0.86 -
NODE_10477_length_11815_cov_25.692643:8378-9505  -            376 128577at7898         -             91      0.18    9.8  17.3   3   6    0.0017      0.46    8.5   0.9    44    87   208   251   201   255 0.83 -
NODE_10477_length_11815_cov_25.692643:8378-9505  -            376 128577at7898         -             91      0.18    9.8  17.3   4   6      0.64   1.8e+02    0.2   0.1    46    71   274   299   267   317 0.82 -
NODE_10477_length_11815_cov_25.692643:8378-9505  -            376 128577at7898         -             91      0.18    9.8  17.3   5   6       2.2     6e+02   -1.5   0.0    47    71   303   327   296   345 0.78 -
NODE_10477_length_11815_cov_25.692643:8378-9505  -            376 128577at7898         -             91      0.18    9.8  17.3   6   6      0.13        36    2.5   0.1    44    63   356   375   339   376 0.86 -
NODE_1234_length_20279_cov_55.544896:19593-20261 -            223 128577at7898         -             91      0.19    9.8   4.5   1   3     0.012       3.2    5.8   0.8    44    87    85   128    75   132 0.85 -
NODE_1234_length_20279_cov_55.544896:19593-20261 -            223 128577at7898         -             91      0.19    9.8   4.5   2   3      0.03       8.2    4.5   0.1    45    71   150   176   144   194 0.83 -
NODE_1234_length_20279_cov_55.544896:19593-20261 -            223 128577at7898         -             91      0.19    9.8   4.5   3   3         2   5.5e+02   -1.3   0.0    46    70   179   203   173   208 0.79 -
NODE_19786_length_9430_cov_42.248741:2442-3098   -            219 128577at7898         -             91      0.46    8.5  10.4   1   4      0.29        80    1.3   0.1    45    71     8    34     5    52 0.88 -
NODE_19786_length_9430_cov_42.248741:2442-3098   -            219 128577at7898         -             91      0.46    8.5  10.4   2   4     0.009       2.5    6.2   0.1    43    71    90   118    83   121 0.86 -
NODE_19786_length_9430_cov_42.248741:2442-3098   -            219 128577at7898         -             91      0.46    8.5  10.4   3   4     0.014         4    5.5   0.3    46    72   121   147   114   164 0.87 -
NODE_19786_length_9430_cov_42.248741:2442-3098   -            219 128577at7898         -             91      0.46    8.5  10.4   4   4       1.2   3.4e+02   -0.7   0.1    46    55   205   214   199   217 0.84 -
NODE_338437_length_478_cov_21.994723:46-477      -            144 128577at7898         -             91      0.57    8.2   4.8   1   3     0.047        13    3.9   0.1    47    71     1    25     1    45 0.85 -
NODE_338437_length_478_cov_21.994723:46-477      -            144 128577at7898         -             91      0.57    8.2   4.8   2   3     0.017       4.7    5.3   0.2    44    68    54    78    49    92 0.86 -
NODE_338437_length_478_cov_21.994723:46-477      -            144 128577at7898         -             91      0.57    8.2   4.8   3   3       1.5   4.1e+02   -0.9   0.0    44    69   118   143   113   144 0.78 -
NODE_302_length_26622_cov_48.460280:20486-21475  -            330 128577at7898         -             91      0.72    7.9  12.0   1   5     0.022         6    4.9   0.4    43    82    30    69    14    78 0.84 -
NODE_302_length_26622_cov_48.460280:20486-21475  -            330 128577at7898         -             91      0.72    7.9  12.0   2   5     0.056        15    3.6   0.1    45    70    88   113    81   130 0.80 -
NODE_302_length_26622_cov_48.460280:20486-21475  -            330 128577at7898         -             91      0.72    7.9  12.0   3   5       2.1   5.8e+02   -1.4   0.0    47    83   117   153   111   163 0.68 -
NODE_302_length_26622_cov_48.460280:20486-21475  -            330 128577at7898         -             91      0.72    7.9  12.0   4   5      0.16        43    2.2   0.1    44    72   170   198   159   208 0.87 -
NODE_302_length_26622_cov_48.460280:20486-21475  -            330 128577at7898         -             91      0.72    7.9  12.0   5   5      0.18        51    2.0   0.1    46    72   256   282   249   302 0.79 -
NODE_304125_length_607_cov_22.431102:0-578       -            193 128577at7898         -             91      0.86    7.7   5.1   1   5     0.027       7.4    4.7   0.2    47    72    56    81    48   100 0.84 -
NODE_304125_length_607_cov_22.431102:0-578       -            193 128577at7898         -             91      0.86    7.7   5.1   2   5       1.5   4.3e+02   -1.0   0.0    46    69    83   106    76   111 0.81 -
NODE_304125_length_607_cov_22.431102:0-578       -            193 128577at7898         -             91      0.86    7.7   5.1   3   5       2.9     8e+02   -1.9   0.0    46    69   111   134   104   143 0.78 -
NODE_304125_length_607_cov_22.431102:0-578       -            193 128577at7898         -             91      0.86    7.7   5.1   4   5       2.5   6.9e+02   -1.7   0.0    46    65   139   158   129   165 0.79 -
NODE_304125_length_607_cov_22.431102:0-578       -            193 128577at7898         -             91      0.86    7.7   5.1   5   5     0.072        20    3.3   0.1    43    66   164   187   157   192 0.79 -
NODE_34458_length_7390_cov_32.065560:1349-2710   -            454 128577at7898         -             91       1.1    7.3  28.0   1   9      0.83   2.3e+02   -0.1   0.1    46    70    59    83    54    87 0.81 -
NODE_34458_length_7390_cov_32.065560:1349-2710   -            454 128577at7898         -             91       1.1    7.3  28.0   2   9      0.62   1.7e+02    0.3   0.0    45    70    86   111    80   115 0.80 -
NODE_34458_length_7390_cov_32.065560:1349-2710   -            454 128577at7898         -             91       1.1    7.3  28.0   3   9     0.031       8.4    4.5   0.1    45    71   114   140   107   151 0.83 -
NODE_34458_length_7390_cov_32.065560:1349-2710   -            454 128577at7898         -             91       1.1    7.3  28.0   4   9       3.8     1e+03   -2.2   0.0    46    69   171   194   166   198 0.77 -
NODE_34458_length_7390_cov_32.065560:1349-2710   -            454 128577at7898         -             91       1.1    7.3  28.0   5   9    0.0087       2.4    6.2   0.3    44    71   197   224   181   238 0.88 -
NODE_34458_length_7390_cov_32.065560:1349-2710   -            454 128577at7898         -             91       1.1    7.3  28.0   6   9      0.77   2.1e+02   -0.0   0.1    47    71   228   252   221   262 0.85 -
NODE_34458_length_7390_cov_32.065560:1349-2710   -            454 128577at7898         -             91       1.1    7.3  28.0   7   9       0.3        82    1.3   0.6    47    87   256   296   249   300 0.81 -
NODE_34458_length_7390_cov_32.065560:1349-2710   -            454 128577at7898         -             91       1.1    7.3  28.0   8   9     0.087        24    3.0   0.1    44    71   317   344   310   347 0.86 -
NODE_34458_length_7390_cov_32.065560:1349-2710   -            454 128577at7898         -             91       1.1    7.3  28.0   9   9     0.011       3.1    5.9   1.2    45    88   346   390   341   393 0.82 -
NODE_28473_length_8075_cov_31.018430:5321-6268   -            316 128577at7898         -             91       2.2    6.3  10.5   1   6    0.0011      0.31    9.1   0.2    47    72     4    29     1    48 0.82 -
NODE_28473_length_8075_cov_31.018430:5321-6268   -            316 128577at7898         -             91       2.2    6.3  10.5   2   6       3.8     1e+03   -2.2   0.1    46    71    31    56    28    63 0.80 -
NODE_28473_length_8075_cov_31.018430:5321-6268   -            316 128577at7898         -             91       2.2    6.3  10.5   3   6       0.7   1.9e+02    0.1   0.0    45    70   142   167   134   187 0.84 -
NODE_28473_length_8075_cov_31.018430:5321-6268   -            316 128577at7898         -             91       2.2    6.3  10.5   4   6       1.4   3.8e+02   -0.8   0.1    42    72   195   225   189   244 0.77 -
NODE_28473_length_8075_cov_31.018430:5321-6268   -            316 128577at7898         -             91       2.2    6.3  10.5   5   6       2.5     7e+02   -1.7   0.1    45    71   226   252   220   268 0.72 -
NODE_28473_length_8075_cov_31.018430:5321-6268   -            316 128577at7898         -             91       2.2    6.3  10.5   6   6      0.93   2.6e+02   -0.3   0.1    45    72   254   281   248   299 0.83 -
NODE_83020_length_4349_cov_30.601647:2585-3571   -            329 128577at7898         -             91       2.4    6.2  11.7   1   5     0.031       8.7    4.4   0.1    45    71   103   129    97   152 0.83 -
NODE_83020_length_4349_cov_30.601647:2585-3571   -            329 128577at7898         -             91       2.4    6.2  11.7   2   5     0.052        14    3.7   0.2    45    71   157   183   151   193 0.86 -
NODE_83020_length_4349_cov_30.601647:2585-3571   -            329 128577at7898         -             91       2.4    6.2  11.7   3   5     0.057        16    3.6   0.5    45    81   185   221   179   231 0.72 -
NODE_83020_length_4349_cov_30.601647:2585-3571   -            329 128577at7898         -             91       2.4    6.2  11.7   4   5      0.51   1.4e+02    0.6   0.6    41    74   217   250   199   267 0.71 -
NODE_83020_length_4349_cov_30.601647:2585-3571   -            329 128577at7898         -             91       2.4    6.2  11.7   5   5       2.4   6.6e+02   -1.6   0.0    47    65   307   325   272   329 0.76 -
NODE_31108_length_7761_cov_34.242234:6126-7382   -            419 128577at7898         -             91       2.4    6.2  23.5   1   7      0.05        14    3.8   0.1    45    71    30    56    24    75 0.83 -
NODE_31108_length_7761_cov_34.242234:6126-7382   -            419 128577at7898         -             91       2.4    6.2  23.5   2   7       2.8   7.7e+02   -1.8   0.0    46    70    87   111    78   115 0.77 -
NODE_31108_length_7761_cov_34.242234:6126-7382   -            419 128577at7898         -             91       2.4    6.2  23.5   3   7     0.009       2.5    6.2   0.1    44    70   113   139    95   143 0.88 -
NODE_31108_length_7761_cov_34.242234:6126-7382   -            419 128577at7898         -             91       2.4    6.2  23.5   4   7      0.28        78    1.4   0.3    47    84   144   181   140   188 0.76 -
NODE_31108_length_7761_cov_34.242234:6126-7382   -            419 128577at7898         -             91       2.4    6.2  23.5   5   7         1   2.8e+02   -0.4   0.6    45    74   178   207   157   224 0.74 -
NODE_31108_length_7761_cov_34.242234:6126-7382   -            419 128577at7898         -             91       2.4    6.2  23.5   6   7     0.011       3.1    5.9   0.8    43    88   232   278   213   281 0.79 -
NODE_31108_length_7761_cov_34.242234:6126-7382   -            419 128577at7898         -             91       2.4    6.2  23.5   7   7       0.2        55    1.9   0.5    44    86   317   360   306   374 0.78 -
NODE_30625_length_7818_cov_36.342661:4603-5601   -            333 128577at7898         -             91       3.6    5.7  14.5   1   7     0.099        27    2.8   0.1    40    72     1    33     1    38 0.89 -
NODE_30625_length_7818_cov_36.342661:4603-5601   -            333 128577at7898         -             91       3.6    5.7  14.5   2   7      0.73     2e+02    0.1   0.0    47    72    36    61    27    63 0.89 -
NODE_30625_length_7818_cov_36.342661:4603-5601   -            333 128577at7898         -             91       3.6    5.7  14.5   3   7     0.048        13    3.8   0.2    46    78    63    95    56   108 0.81 -
NODE_30625_length_7818_cov_36.342661:4603-5601   -            333 128577at7898         -             91       3.6    5.7  14.5   4   7       1.5   4.2e+02   -1.0   0.0    46    72    91   117    88   120 0.88 -
NODE_30625_length_7818_cov_36.342661:4603-5601   -            333 128577at7898         -             91       3.6    5.7  14.5   5   7       3.5   9.7e+02   -2.1   0.0    47    65   148   166   145   189 0.72 -
NODE_30625_length_7818_cov_36.342661:4603-5601   -            333 128577at7898         -             91       3.6    5.7  14.5   6   7       3.5   9.6e+02   -2.1   0.0    46    72   203   229   191   249 0.63 -
NODE_30625_length_7818_cov_36.342661:4603-5601   -            333 128577at7898         -             91       3.6    5.7  14.5   7   7      0.02       5.5    5.1   0.3    44    72   257   285   248   304 0.83 -
#
# Program:         hmmsearch
# Version:         3.1b2 (February 2015)
# Pipeline mode:   SEARCH
# Query file:      /home/e1garcia/shotgun_PIRE/abyss/busco_downloads/lineages/actinopterygii_odb10/hmms/128577at7898.hmm
# Target file:     /home/e1garcia/shotgun_PIRE/pire_ssl_data_processing/plotosus_lineatus/busco_contigs_results-SPAdes_decontam_R1R2_noIsolate/run_actinopterygii_odb10/metaeuk_output/initial_results/contigs.modified.fasta.modified.fas
# Option settings: hmmsearch --domtblout /home/e1garcia/shotgun_PIRE/pire_ssl_data_processing/plotosus_lineatus/busco_contigs_results-SPAdes_decontam_R1R2_noIsolate/run_actinopterygii_odb10/hmmer_output/initial_run_results/128577at7898.out --cpu 1 /home/e1garcia/shotgun_PIRE/abyss/busco_downloads/lineages/actinopterygii_odb10/hmms/128577at7898.hmm /home/e1garcia/shotgun_PIRE/pire_ssl_data_processing/plotosus_lineatus/busco_contigs_results-SPAdes_decontam_R1R2_noIsolate/run_actinopterygii_odb10/metaeuk_output/initial_results/contigs.modified.fasta.modified.fas 
# Current dir:     /home/e1garcia/shotgun_PIRE/pire_ssl_data_processing/plotosus_lineatus
# Date:            Fri Aug 20 13:15:28 2021
# [ok]
