#                                                                                                        --- full sequence --- -------------- this domain -------------   hmm coord   ali coord   env coord
# target name                                    accession   tlen query name           accession   qlen   E-value  score  bias   #  of  c-Evalue  i-Evalue  score  bias  from    to  from    to  from    to  acc description of target
#                            ------------------- ---------- ----- -------------------- ---------- ----- --------- ------ ----- --- --- --------- --------- ------ ----- ----- ----- ----- ----- ----- ----- ---- ---------------------
NODE_15313_length_10397_cov_33.888425:1925-9701  -            611 17380at7898          -            825   1.7e-38  130.3   0.5   1   2     1e-13   7.4e-12   42.3   0.1   190   389   186   385   156   391 0.77 -
NODE_15313_length_10397_cov_33.888425:1925-9701  -            611 17380at7898          -            825   1.7e-38  130.3   0.5   2   2   4.8e-27   3.5e-25   86.3   0.0   172   330   427   598   418   602 0.84 -
NODE_927_length_21454_cov_37.605057:5459-15017   -            462 17380at7898          -            825   3.9e-34  115.9   0.1   1   1   6.9e-36     5e-34  115.6   0.1   172   387    33   253     7   296 0.88 -
NODE_6740_length_13441_cov_31.221706:4564-5760   -            248 17380at7898          -            825     1e-31  108.0   0.0   1   2   6.2e-07   4.5e-05   19.8   0.0   189   238    24    73     1    82 0.79 -
NODE_6740_length_13441_cov_31.221706:4564-5760   -            248 17380at7898          -            825     1e-31  108.0   0.0   2   2   4.4e-27   3.2e-25   86.5   0.0   243   385   103   248    95   248 0.88 -
NODE_110085_length_3431_cov_35.601441:1036-1908  -            291 17380at7898          -            825     2e-31  107.0   0.0   1   1   7.4e-33   5.4e-31  105.6   0.0   185   387    60   282     5   286 0.78 -
NODE_109292_length_3453_cov_30.720036:683-1519   -            279 17380at7898          -            825   1.4e-30  104.2   0.0   1   1   3.4e-32   2.5e-30  103.4   0.0   171   386    34   276     9   279 0.79 -
NODE_144650_length_2574_cov_29.122020:441-1433   -            331 17380at7898          -            825     2e-30  103.7   0.0   1   1   3.9e-32   2.8e-30  103.2   0.0   145   389    56   328    43   330 0.82 -
NODE_52981_length_5873_cov_45.021995:3189-5607   -            284 17380at7898          -            825   1.5e-29  100.8   0.0   1   1   4.8e-31   3.5e-29   99.6   0.0   201   369   110   282    57   284 0.86 -
NODE_6133_length_13786_cov_39.829400:1964-13041  -            551 17380at7898          -            825   1.5e-29  100.7   0.0   1   1   2.1e-31   1.5e-29  100.7   0.0   186   389     8   211     3   278 0.89 -
NODE_8054_length_12773_cov_44.562648:3457-11742  -            420 17380at7898          -            825   5.4e-29   98.9   0.0   1   1   9.5e-31   6.9e-29   98.6   0.0   186   384   120   323    64   335 0.88 -
NODE_48247_length_6195_cov_40.597605:2835-5837   -            300 17380at7898          -            825   1.6e-28   97.3   0.1   1   1     3e-29   2.2e-27   93.6   0.1   140   385    84   296    79   300 0.91 -
NODE_54721_length_5759_cov_155.717845:3444-3953  -            170 17380at7898          -            825   4.5e-28   95.9   0.0   1   1   7.2e-30   5.2e-28   95.7   0.0   144   266    35   170    19   170 0.85 -
NODE_30325_length_7852_cov_28.374823:2625-3314   -            230 17380at7898          -            825   9.2e-28   94.9   0.0   1   1   1.5e-29   1.1e-27   94.6   0.0   177   351    28   209     4   222 0.89 -
NODE_50983_length_6007_cov_33.355281:2019-2840   -            274 17380at7898          -            825   7.3e-27   91.9   0.2   1   1   1.2e-28   8.5e-27   91.7   0.2   156   329    10   201     3   237 0.77 -
NODE_1880_length_18479_cov_32.946681:11511-12293 -            261 17380at7898          -            825   8.5e-26   88.4   0.0   1   1   1.5e-27   1.1e-25   88.0   0.0   139   266   121   261   111   261 0.84 -
NODE_5817_length_13990_cov_38.533655:1562-9123   -            414 17380at7898          -            825   1.9e-25   87.2   0.6   1   2   5.2e-27   3.8e-25   86.2   0.0   202   395     8   204     1   233 0.87 -
NODE_5817_length_13990_cov_38.533655:1562-9123   -            414 17380at7898          -            825   1.9e-25   87.2   0.6   2   2       1.7   1.2e+02   -1.5   0.2   671   697   226   250   212   310 0.68 -
NODE_17710_length_9841_cov_39.089920:1549-9149   -            492 17380at7898          -            825   5.6e-23   79.0   0.1   1   1   1.1e-24   7.9e-23   78.5   0.1   177   330    78   232    61   243 0.91 -
NODE_2282_length_17661_cov_39.343355:7095-16459  -            417 17380at7898          -            825   7.3e-23   78.7   0.0   1   1   1.7e-24   1.3e-22   77.9   0.0   178   338   128   293   117   318 0.91 -
NODE_6907_length_13341_cov_40.298671:7432-12047  -            315 17380at7898          -            825   3.8e-22   76.3   0.0   1   1   6.9e-24     5e-22   75.9   0.0   185   342    63   233    28   236 0.81 -
NODE_263062_length_919_cov_1.091463:227-784      -            186 17380at7898          -            825   5.2e-22   75.8   0.0   1   1   8.3e-24     6e-22   75.6   0.0   190   346     5   162     1   174 0.91 -
NODE_30932_length_7782_cov_157.722374:65-3870    -            300 17380at7898          -            825   2.5e-21   73.6   0.0   1   1   7.6e-22   5.5e-20   69.2   0.0   139   336   108   299    91   300 0.85 -
NODE_1933_length_18357_cov_45.410505:6810-13789  -            980 17380at7898          -            825     4e-21   72.9   0.0   1   1   8.1e-23   5.9e-21   72.4   0.0   184   387   126   326   101   333 0.82 -
NODE_57184_length_5609_cov_30.450635:1463-4051   -            244 17380at7898          -            825   1.5e-19   67.7   0.0   1   1   2.7e-21   1.9e-19   67.3   0.0   179   337    29   187    12   197 0.90 -
NODE_11470_length_11478_cov_36.884788:3027-5308  -            172 17380at7898          -            825   9.6e-19   65.0   0.2   1   1   4.4e-20   3.2e-18   63.3   0.2   182   329    30   168     8   171 0.84 -
NODE_97374_length_3823_cov_43.067401:2302-3058   -            148 17380at7898          -            825   5.1e-17   59.3   0.0   1   1   7.9e-19   5.8e-17   59.2   0.0   177   313    12   146     4   148 0.86 -
NODE_283038_length_749_cov_1.407692:16-663       -            216 17380at7898          -            825   5.6e-17   59.2   0.0   1   1   9.6e-19     7e-17   58.9   0.0   190   336    57   205     3   213 0.74 -
NODE_5526_length_14175_cov_47.007673:6727-10055  -            636 17380at7898          -            825     8e-17   58.7   0.0   1   1   1.8e-18   1.3e-16   57.9   0.0   148   330    72   277    52   286 0.75 -
NODE_27354_length_8226_cov_26.874739:1350-7277   -            455 17380at7898          -            825   8.2e-17   58.7   0.0   1   1   1.7e-18   1.3e-16   58.0   0.0   179   321    57   203    34   210 0.90 -
NODE_4396_length_15059_cov_42.829880:4341-5927   -            529 17380at7898          -            825     2e-15   54.1   0.0   1   1   3.6e-17   2.6e-15   53.7   0.0   134   331   128   344    28   354 0.78 -
NODE_14086_length_10704_cov_44.048373:1967-5623  -            280 17380at7898          -            825   2.9e-15   53.5   0.0   1   1   4.9e-17   3.5e-15   53.2   0.0   159   333     1   188     1   203 0.80 -
NODE_17890_length_9798_cov_38.137952:1129-7234   -            354 17380at7898          -            825   4.5e-15   52.9   0.0   1   1   8.6e-17   6.2e-15   52.4   0.0   212   330   138   265   123   275 0.81 -
NODE_111762_length_3380_cov_34.353551:466-2055   -            530 17380at7898          -            825   7.4e-15   52.2   0.0   1   1   1.4e-16     1e-14   51.7   0.0   126   331   123   347   111   368 0.80 -
NODE_3689_length_15748_cov_35.312736:13420-14124 -            235 17380at7898          -            825   4.1e-14   49.7   0.0   1   1   2.9e-15   2.1e-13   47.4   0.0   208   341    10   163     7   211 0.79 -
NODE_4844_length_14671_cov_44.521411:2550-10154  -            198 17380at7898          -            825   5.9e-14   49.2   0.0   1   1   1.1e-15   7.8e-14   48.8   0.0   245   341    65   161    56   165 0.96 -
NODE_20413_length_9316_cov_34.085277:2986-3504   -            173 17380at7898          -            825   1.4e-13   48.0   0.0   1   1   1.9e-15   1.4e-13   48.0   0.0   186   309    42   167     1   171 0.83 -
NODE_26626_length_8320_cov_59.148157:53-580      -            176 17380at7898          -            825   1.6e-13   47.8   0.0   1   1   2.9e-15   2.1e-13   47.4   0.0   245   337    14   111     7   121 0.80 -
NODE_7208_length_13174_cov_42.165660:7101-7925   -            275 17380at7898          -            825   2.5e-13   47.1   0.0   1   1   4.3e-15   3.1e-13   46.8   0.0   184   337    43   199     7   213 0.86 -
NODE_25272_length_8514_cov_31.494355:5563-6866   -            205 17380at7898          -            825   2.5e-13   47.1   0.0   1   1   4.6e-15   3.3e-13   46.7   0.0   214   329     4   126     2   204 0.76 -
NODE_47776_length_6232_cov_34.149519:2702-3793   -            221 17380at7898          -            825   3.9e-13   46.5   0.0   1   1   6.2e-15   4.5e-13   46.3   0.0   184   336    45   192     7   197 0.84 -
NODE_3408_length_16050_cov_30.535954:6088-8242   -            190 17380at7898          -            825   4.5e-13   46.3   0.0   1   1   7.1e-15   5.1e-13   46.1   0.0   156   322    12   190     4   190 0.77 -
NODE_7173_length_13193_cov_36.716740:761-1285    -            175 17380at7898          -            825   1.5e-12   44.6   0.0   1   1   2.2e-14   1.6e-12   44.4   0.0   169   307    16   165     1   171 0.77 -
NODE_81612_length_4404_cov_23.418118:3452-3949   -            166 17380at7898          -            825   3.8e-12   43.2   0.0   1   1   6.4e-14   4.6e-12   42.9   0.0   248   336    16   109     6   120 0.84 -
NODE_1372_length_19838_cov_42.013679:52-4369     -            337 17380at7898          -            825   5.4e-12   42.7   0.0   1   1   9.2e-14   6.7e-12   42.4   0.0   150   335    84   285    58   333 0.74 -
NODE_37273_length_7111_cov_36.352824:1010-1717   -            236 17380at7898          -            825   1.3e-11   41.4   0.0   1   2   8.3e-11     6e-09   32.6   0.0   207   285     7    88     4    94 0.89 -
NODE_37273_length_7111_cov_36.352824:1010-1717   -            236 17380at7898          -            825   1.3e-11   41.4   0.0   2   2    0.0046      0.33    7.0   0.0   294   336   119   159   104   206 0.84 -
NODE_21047_length_9201_cov_68.986596:3380-6437   -            177 17380at7898          -            825   2.2e-11   40.7   0.0   1   1   1.9e-12   1.4e-10   38.1   0.0   156   327     8   176     2   177 0.67 -
NODE_6921_length_13332_cov_38.290788:2655-11115  -            259 17380at7898          -            825   3.9e-11   39.9   0.0   1   1   6.7e-13   4.9e-11   39.5   0.0   180   338    59   238    37   250 0.72 -
NODE_99684_length_3749_cov_38.876712:44-3155     -            254 17380at7898          -            825     6e-11   39.3   0.0   1   1     1e-12   7.4e-11   39.0   0.0   184   304    53   184    12   191 0.80 -
NODE_27000_length_8270_cov_35.914821:508-1186    -            170 17380at7898          -            825   6.1e-11   39.2   0.0   1   1   9.7e-13     7e-11   39.0   0.0   213   328    38   170    22   170 0.75 -
NODE_4359_length_15088_cov_45.747948:322-12256   -            320 17380at7898          -            825   7.4e-11   38.9   0.0   1   1   1.3e-12   9.8e-11   38.6   0.0   248   339    70   164    21   224 0.82 -
NODE_58503_length_5530_cov_31.037562:2639-5201   -            121 17380at7898          -            825   1.5e-10   37.9   0.0   1   1   2.5e-12   1.8e-10   37.6   0.0   186   284    12   108     4   112 0.86 -
NODE_102390_length_3664_cov_38.764656:63-2439    -            395 17380at7898          -            825   2.6e-10   37.1   0.0   1   1   4.8e-12   3.5e-10   36.7   0.0   187   329   154   306   108   313 0.86 -
NODE_156686_length_2336_cov_27.911936:1450-1953  -            168 17380at7898          -            825   1.8e-09   34.3   0.0   1   1   3.2e-11   2.3e-09   34.0   0.0   245   336     1   105     1   114 0.75 -
NODE_681_length_22725_cov_201.497437:12561-17697 -            148 17380at7898          -            825   1.9e-09   34.3   0.0   1   2      0.01      0.75    5.8   0.0   190   218     4    32     1    38 0.90 -
NODE_681_length_22725_cov_201.497437:12561-17697 -            148 17380at7898          -            825   1.9e-09   34.3   0.0   2   2     4e-09   2.9e-07   27.1   0.0   247   319    38   112    32   116 0.77 -
NODE_1144_length_20580_cov_52.558078:8963-9937   -            325 17380at7898          -            825   3.6e-09   33.4   0.0   1   1   6.4e-11   4.6e-09   33.0   0.0   180   337    45   204    26   219 0.86 -
NODE_531_length_23933_cov_36.637157:4156-22248   -            224 17380at7898          -            825   6.4e-09   32.5   0.0   1   1   1.2e-10   8.4e-09   32.2   0.0   135   333    10   218     2   224 0.69 -
NODE_9088_length_12321_cov_57.507446:299-8904    -            147 17380at7898          -            825   1.8e-08   31.1   0.0   1   1     3e-10   2.2e-08   30.8   0.0   247   332     7    92     3   104 0.85 -
NODE_81813_length_4395_cov_427.152933:1861-2334  -            158 17380at7898          -            825   5.3e-08   29.5   0.1   1   1   1.8e-09   1.3e-07   28.2   0.1   151   283     3   157     1   158 0.70 -
NODE_27470_length_8206_cov_51.036882:1279-7342   -            505 17380at7898          -            825   9.5e-08   28.7   0.1   1   2   5.2e-09   3.8e-07   26.7   0.0   194   289     6   102     3   129 0.78 -
NODE_27470_length_8206_cov_51.036882:1279-7342   -            505 17380at7898          -            825   9.5e-08   28.7   0.1   2   2       1.3        96   -1.1   0.0   315   331   167   183   164   188 0.88 -
NODE_67602_length_5036_cov_43.110391:2079-4862   -            817 17380at7898          -            825   1.8e-07   27.7   0.1   1   2    0.0002     0.014   11.5   0.0   214   282   632   700   558   710 0.82 -
NODE_67602_length_5036_cov_43.110391:2079-4862   -            817 17380at7898          -            825   1.8e-07   27.7   0.1   2   2   5.1e-05    0.0037   13.5   0.0   291   335   757   805   749   808 0.81 -
NODE_115239_length_3283_cov_37.686872:1777-2340  -            188 17380at7898          -            825   5.6e-07   26.1   0.0   1   1     1e-08   7.3e-07   25.7   0.0   151   284     7   159     4   174 0.65 -
NODE_16264_length_10164_cov_34.937606:3145-7976  -            262 17380at7898          -            825   8.6e-07   25.5   0.0   1   1   1.4e-08     1e-06   25.3   0.0   134   221   169   262   147   262 0.83 -
NODE_14728_length_10541_cov_37.451542:5293-9428  -            544 17380at7898          -            825   9.5e-07   25.4   0.0   1   2       4.4   3.2e+02   -2.8   0.1    11    77   198   268   195   293 0.52 -
NODE_14728_length_10541_cov_37.451542:5293-9428  -            544 17380at7898          -            825   9.5e-07   25.4   0.0   2   2   2.9e-08   2.1e-06   24.2   0.0   241   331   387   475   373   481 0.90 -
NODE_112081_length_3371_cov_35.654340:684-3151   -            418 17380at7898          -            825   1.4e-06   24.8   0.0   1   2     0.011      0.79    5.8   0.0   248   288    80   121    37   128 0.81 -
NODE_112081_length_3371_cov_35.654340:684-3151   -            418 17380at7898          -            825   1.4e-06   24.8   0.0   2   2   5.1e-06   0.00037   16.8   0.0   281   337   234   291   214   305 0.82 -
NODE_6000_length_13874_cov_39.136334:2428-2952   -            175 17380at7898          -            825   1.5e-06   24.7   0.0   1   2   0.00049     0.035   10.2   0.0   249   282    11    45     5    50 0.86 -
NODE_6000_length_13874_cov_39.136334:2428-2952   -            175 17380at7898          -            825   1.5e-06   24.7   0.0   2   2    0.0001    0.0072   12.5   0.0   280   332   105   158    94   168 0.86 -
NODE_86230_length_4219_cov_35.275243:34-2355     -            152 17380at7898          -            825   1.6e-06   24.6   0.2   1   1   2.5e-08   1.8e-06   24.4   0.2   172   279     9   110     4   147 0.74 -
NODE_274605_length_819_cov_0.818056:129-575      -            149 17380at7898          -            825   3.8e-06   23.4   0.0   1   1   5.2e-08   3.8e-06   23.4   0.0   242   340     4   108     1   143 0.79 -
NODE_52529_length_5904_cov_31.023084:4869-5384   -            172 17380at7898          -            825   1.3e-05   21.6   0.0   1   1     2e-07   1.4e-05   21.5   0.0   185   283    64   172    40   172 0.76 -
NODE_8021_length_12788_cov_40.111356:4456-11540  -            178 17380at7898          -            825     3e-05   20.4   0.2   1   2   3.8e-06   0.00027   17.2   0.1   190   263     3    77     1    84 0.85 -
NODE_8021_length_12788_cov_40.111356:4456-11540  -            178 17380at7898          -            825     3e-05   20.4   0.2   2   2      0.23        17    1.4   0.0   316   332   121   137    99   149 0.82 -
NODE_13007_length_11011_cov_54.859971:429-4575   -            149 17380at7898          -            825   3.1e-05   20.4   0.1   1   2       4.1     3e+02   -2.8   0.0   153   185     4    38     3    52 0.76 -
NODE_13007_length_11011_cov_54.859971:429-4575   -            149 17380at7898          -            825   3.1e-05   20.4   0.1   2   2   1.3e-06   9.1e-05   18.8   0.0   247   281   115   149   109   149 0.95 -
NODE_71360_length_4856_cov_28.538154:655-4685    -            196 17380at7898          -            825   3.9e-05   20.0   0.0   1   1   6.5e-07   4.7e-05   19.7   0.0   139   221   107   195    90   196 0.82 -
NODE_228119_length_1284_cov_10.444726:2-289      -             96 17380at7898          -            825   4.7e-05   19.7   0.0   1   1   7.7e-07   5.6e-05   19.5   0.0   212   289     4    86     2    94 0.82 -
NODE_53426_length_5843_cov_34.767061:2023-5817   -            417 17380at7898          -            825   8.1e-05   19.0   0.0   1   1   1.5e-06   0.00011   18.6   0.0   276   348     3    76     1   111 0.86 -
NODE_63784_length_5235_cov_36.220016:1250-2660   -            276 17380at7898          -            825   9.9e-05   18.7   0.1   1   1   4.9e-06   0.00035   16.9   0.1   141   260   147   276   138   276 0.70 -
NODE_24_length_41439_cov_5.115385:27556-28065    -            170 17380at7898          -            825    0.0004   16.7   0.0   1   2   1.5e-05    0.0011   15.3   0.0   251   338    14   105     4   114 0.77 -
NODE_24_length_41439_cov_5.115385:27556-28065    -            170 17380at7898          -            825    0.0004   16.7   0.0   2   2       1.7   1.2e+02   -1.5   0.0   398   423   140   164   118   166 0.85 -
NODE_31816_length_7675_cov_40.090549:455-3476    -            693 17380at7898          -            825   0.00084   15.6   0.0   1   1   2.1e-05    0.0015   14.8   0.0   213   282   608   677   510   685 0.78 -
NODE_6724_length_13450_cov_42.174893:1768-8898   -            279 17380at7898          -            825   0.00086   15.6   0.0   1   1   1.7e-05    0.0012   15.1   0.0   149   267     8   142     3   155 0.74 -
NODE_25618_length_8467_cov_31.843810:2265-7026   -            362 17380at7898          -            825    0.0014   14.9   0.0   1   1   2.5e-05    0.0018   14.5   0.0   315   388    10    81     2   127 0.64 -
NODE_13425_length_10891_cov_27.271405:2914-3225  -            104 17380at7898          -            825     0.002   14.4   0.0   1   1   3.2e-05    0.0023   14.1   0.0   256   289    61    95    50   103 0.84 -
NODE_11650_length_11422_cov_237.913362:2097-2351 -             85 17380at7898          -            825     0.002   14.4   0.0   1   2    0.0037      0.27    7.3   0.0   245   264     5    24     1    37 0.88 -
NODE_11650_length_11422_cov_237.913362:2097-2351 -             85 17380at7898          -            825     0.002   14.4   0.0   2   2     0.012      0.87    5.6   0.0   261   287    52    78    43    83 0.88 -
NODE_105_length_32183_cov_37.984541:5167-20784   -            538 17380at7898          -            825     0.003   13.8   0.0   1   1   6.7e-05    0.0049   13.1   0.0   149   288   188   341   182   350 0.76 -
NODE_195854_length_1697_cov_24.998748:72-347     -             92 17380at7898          -            825      0.06    9.5   0.0   1   1   0.00087     0.063    9.4   0.0   257   289    49    81    35    91 0.82 -
#
# Program:         hmmsearch
# Version:         3.1b2 (February 2015)
# Pipeline mode:   SEARCH
# Query file:      /home/e1garcia/shotgun_PIRE/abyss/busco_downloads/lineages/actinopterygii_odb10/hmms/17380at7898.hmm
# Target file:     /home/e1garcia/shotgun_PIRE/pire_ssl_data_processing/plotosus_lineatus/busco_contigs_results-SPAdes_decontam_R1R2_noIsolate/run_actinopterygii_odb10/metaeuk_output/initial_results/contigs.modified.fasta.modified.fas
# Option settings: hmmsearch --domtblout /home/e1garcia/shotgun_PIRE/pire_ssl_data_processing/plotosus_lineatus/busco_contigs_results-SPAdes_decontam_R1R2_noIsolate/run_actinopterygii_odb10/hmmer_output/initial_run_results/17380at7898.out --cpu 1 /home/e1garcia/shotgun_PIRE/abyss/busco_downloads/lineages/actinopterygii_odb10/hmms/17380at7898.hmm /home/e1garcia/shotgun_PIRE/pire_ssl_data_processing/plotosus_lineatus/busco_contigs_results-SPAdes_decontam_R1R2_noIsolate/run_actinopterygii_odb10/metaeuk_output/initial_results/contigs.modified.fasta.modified.fas 
# Current dir:     /home/e1garcia/shotgun_PIRE/pire_ssl_data_processing/plotosus_lineatus
# Date:            Fri Aug 20 13:16:41 2021
# [ok]
