#                                                                                                       --- full sequence --- -------------- this domain -------------   hmm coord   ali coord   env coord
# target name                                   accession   tlen query name           accession   qlen   E-value  score  bias   #  of  c-Evalue  i-Evalue  score  bias  from    to  from    to  from    to  acc description of target
#                           ------------------- ---------- ----- -------------------- ---------- ----- --------- ------ ----- --- --- --------- --------- ------ ----- ----- ----- ----- ----- ----- ----- ---- ---------------------
NODE_3768_length_15662_cov_65.987599:9524-12172 -            883 21470at7898          -            661    2e-231  768.3  61.3   1   4   9.1e-50   5.9e-47  158.8  25.3    63   257     1   268     1   280 0.77 -
NODE_3768_length_15662_cov_65.987599:9524-12172 -            883 21470at7898          -            661    2e-231  768.3  61.3   2   4   1.5e-19   9.8e-17   58.9   0.6   259   310   329   382   306   393 0.73 -
NODE_3768_length_15662_cov_65.987599:9524-12172 -            883 21470at7898          -            661    2e-231  768.3  61.3   3   4  5.6e-123  3.6e-120  400.7  12.7   307   537   408   665   402   672 0.89 -
NODE_3768_length_15662_cov_65.987599:9524-12172 -            883 21470at7898          -            661    2e-231  768.3  61.3   4   4   8.6e-49   5.5e-46  155.5   1.1   532   659   709   857   689   859 0.85 -
NODE_12396_length_11192_cov_30.891373:2469-9659 -            867 21470at7898          -            661  4.3e-149  496.2  66.9   1   7     3e-11   1.9e-08   31.5   0.2     1    36     1    36     1    37 0.96 -
NODE_12396_length_11192_cov_30.891373:2469-9659 -            867 21470at7898          -            661  4.3e-149  496.2  66.9   2   7   3.4e-20   2.2e-17   61.1   5.2    62   122    36   101    34   105 0.88 -
NODE_12396_length_11192_cov_30.891373:2469-9659 -            867 21470at7898          -            661  4.3e-149  496.2  66.9   3   7   6.6e-08   4.3e-05   20.4   0.3   116   157   126   172   105   182 0.75 -
NODE_12396_length_11192_cov_30.891373:2469-9659 -            867 21470at7898          -            661  4.3e-149  496.2  66.9   4   7   1.2e-09   7.5e-07   26.2   1.0   152   192   189   232   179   279 0.75 -
NODE_12396_length_11192_cov_30.891373:2469-9659 -            867 21470at7898          -            661  4.3e-149  496.2  66.9   5   7   0.00019      0.12    9.0   5.4   201   293   283   377   265   384 0.79 -
NODE_12396_length_11192_cov_30.891373:2469-9659 -            867 21470at7898          -            661  4.3e-149  496.2  66.9   6   7   1.8e-10   1.1e-07   28.9   4.4   223   307   351   435   330   446 0.70 -
NODE_12396_length_11192_cov_30.891373:2469-9659 -            867 21470at7898          -            661  4.3e-149  496.2  66.9   7   7  1.3e-105  8.2e-103  343.3  18.3   338   660   486   864   479   865 0.80 -
NODE_181_length_29368_cov_40.353924:19321-21648 -            776 21470at7898          -            661   2.9e-66  222.6  29.7   1   4   2.4e-09   1.5e-06   25.2   4.9    66   122     1    62     1    72 0.85 -
NODE_181_length_29368_cov_40.353924:19321-21648 -            776 21470at7898          -            661   2.9e-66  222.6  29.7   2   4    0.0072       4.6    3.8   0.7   122   158    97   135    89   144 0.76 -
NODE_181_length_29368_cov_40.353924:19321-21648 -            776 21470at7898          -            661   2.9e-66  222.6  29.7   3   4   5.6e-27   3.6e-24   83.5   4.2   244   404   297   463   167   472 0.76 -
NODE_181_length_29368_cov_40.353924:19321-21648 -            776 21470at7898          -            661   2.9e-66  222.6  29.7   4   4   3.3e-38   2.1e-35  120.6   0.3   472   654   570   776   552   776 0.78 -
NODE_9601_length_12127_cov_47.648819:5111-8672  -            747 21470at7898          -            661   7.2e-64  214.6  40.3   1   3   9.4e-18     6e-15   53.0  16.1     1   193     1   182     1   215 0.71 -
NODE_9601_length_12127_cov_47.648819:5111-8672  -            747 21470at7898          -            661   7.2e-64  214.6  40.3   2   3   1.3e-17   8.1e-15   52.6  18.4   123   406   143   454   141   459 0.66 -
NODE_9601_length_12127_cov_47.648819:5111-8672  -            747 21470at7898          -            661   7.2e-64  214.6  40.3   3   3     2e-33   1.3e-30  104.7   0.7   473   656   554   747   540   747 0.83 -
NODE_16501_length_10113_cov_35.938786:6140-8284 -            715 21470at7898          -            661   0.00023   18.0   0.8   1   3   0.00036      0.23    8.1   5.6    67   130   116   186    98   198 0.80 -
NODE_16501_length_10113_cov_35.938786:6140-8284 -            715 21470at7898          -            661   0.00023   18.0   0.8   2   3     0.027        17    1.9   3.6    58   106   216   263   189   289 0.80 -
NODE_16501_length_10113_cov_35.938786:6140-8284 -            715 21470at7898          -            661   0.00023   18.0   0.8   3   3   3.5e-07   0.00023   18.0   0.8    69   130   645   709   593   715 0.76 -
NODE_4646_length_14831_cov_32.032107:4383-6053  -            557 21470at7898          -            661   0.00036   17.4   5.5   1   1   8.6e-07   0.00056   16.8   5.5    56   172   435   553   394   557 0.78 -
NODE_1698_length_18896_cov_36.788211:2731-17383 -            658 21470at7898          -            661    0.0031   14.3   5.8   1   1     7e-06    0.0045   13.7   5.8    70   182   411   529   405   580 0.75 -
NODE_6328_length_13679_cov_29.231885:342-9012   -            314 21470at7898          -            661     0.046   10.4   2.8   1   1    0.0001     0.066    9.9   2.8    60   118    92   147    67   155 0.82 -
NODE_174553_length_2023_cov_37.012994:633-1475  -            281 21470at7898          -            661       0.3    7.7  27.3   1   2   0.00012     0.075    9.7  17.0    83   189     8   115     1   133 0.73 -
NODE_174553_length_2023_cov_37.012994:633-1475  -            281 21470at7898          -            661       0.3    7.7  27.3   2   2     0.007       4.5    3.8   2.2    69   111   155   197   144   212 0.78 -
#
# Program:         hmmsearch
# Version:         3.1b2 (February 2015)
# Pipeline mode:   SEARCH
# Query file:      /home/e1garcia/shotgun_PIRE/abyss/busco_downloads/lineages/actinopterygii_odb10/hmms/21470at7898.hmm
# Target file:     /home/e1garcia/shotgun_PIRE/pire_ssl_data_processing/plotosus_lineatus/busco_contigs_results-SPAdes_decontam_R1R2_noIsolate/run_actinopterygii_odb10/metaeuk_output/initial_results/contigs.modified.fasta.modified.fas
# Option settings: hmmsearch --domtblout /home/e1garcia/shotgun_PIRE/pire_ssl_data_processing/plotosus_lineatus/busco_contigs_results-SPAdes_decontam_R1R2_noIsolate/run_actinopterygii_odb10/hmmer_output/initial_run_results/21470at7898.out --cpu 1 /home/e1garcia/shotgun_PIRE/abyss/busco_downloads/lineages/actinopterygii_odb10/hmms/21470at7898.hmm /home/e1garcia/shotgun_PIRE/pire_ssl_data_processing/plotosus_lineatus/busco_contigs_results-SPAdes_decontam_R1R2_noIsolate/run_actinopterygii_odb10/metaeuk_output/initial_results/contigs.modified.fasta.modified.fas 
# Current dir:     /home/e1garcia/shotgun_PIRE/pire_ssl_data_processing/plotosus_lineatus
# Date:            Fri Aug 20 13:17:28 2021
# [ok]
