#                                                                                                        --- full sequence --- -------------- this domain -------------   hmm coord   ali coord   env coord
# target name                                    accession   tlen query name           accession   qlen   E-value  score  bias   #  of  c-Evalue  i-Evalue  score  bias  from    to  from    to  from    to  acc description of target
#                            ------------------- ---------- ----- -------------------- ---------- ----- --------- ------ ----- --- --- --------- --------- ------ ----- ----- ----- ----- ----- ----- ----- ---- ---------------------
NODE_5068_length_14508_cov_42.219932:2364-4113   -            415 32648at7898          -            538  1.2e-211  702.2   1.1   1   1  2.9e-213  1.5e-211  701.9   1.1     4   377    10   415     5   415 0.95 -
NODE_236_length_27665_cov_100.191069:10597-26291 -            580 32648at7898          -            538   1.5e-87  292.7  21.3   1   3   8.6e-41   4.4e-39  132.7  13.4    37   265    28   257    14   265 0.92 -
NODE_236_length_27665_cov_100.191069:10597-26291 -            580 32648at7898          -            538   1.5e-87  292.7  21.3   2   3     6e-21     3e-19   67.2   0.0   351   483   273   409   256   415 0.65 -
NODE_236_length_27665_cov_100.191069:10597-26291 -            580 32648at7898          -            538   1.5e-87  292.7  21.3   3   3   2.2e-30   1.1e-28   98.3   0.3   297   450   408   563   402   567 0.90 -
NODE_53158_length_5862_cov_34.359014:1474-3102   -            543 32648at7898          -            538     1e-81  273.4   9.0   1   3   1.3e-65   6.4e-64  214.6   2.0    35   432    12   431     3   431 0.88 -
NODE_53158_length_5862_cov_34.359014:1474-3102   -            543 32648at7898          -            538     1e-81  273.4   9.0   2   3   3.7e-18   1.9e-16   58.0   0.3   373   447   419   493   415   497 0.96 -
NODE_53158_length_5862_cov_34.359014:1474-3102   -            543 32648at7898          -            538     1e-81  273.4   9.0   3   3   6.8e-06   0.00035   17.5   0.1   399   447   492   540   491   543 0.91 -
NODE_60349_length_5425_cov_35.843222:2302-4224   -            448 32648at7898          -            538   6.3e-81  270.8  14.8   1   2   2.1e-51   1.1e-49  167.7   8.9    34   260    32   260    26   274 0.94 -
NODE_60349_length_5425_cov_35.843222:2302-4224   -            448 32648at7898          -            538   6.3e-81  270.8  14.8   2   2   6.5e-33   3.3e-31  106.7   0.3   311   457   286   443   280   447 0.86 -
NODE_3583_length_15861_cov_39.191346:11864-13432 -            523 32648at7898          -            538   3.1e-80  268.5  12.1   1   2   7.9e-65     4e-63  212.0   9.0    37   448    14   445     5   447 0.90 -
NODE_3583_length_15861_cov_39.191346:11864-13432 -            523 32648at7898          -            538   3.1e-80  268.5  12.1   2   2   1.7e-20   8.7e-19   65.7   0.0   375   469   419   517   418   523 0.92 -
NODE_131703_length_2864_cov_34.004702:400-2166   -            589 32648at7898          -            538   1.4e-74  249.8   8.6   1   2   5.2e-55   2.6e-53  179.6   1.8    27   413    32   452    29   458 0.83 -
NODE_131703_length_2864_cov_34.004702:400-2166   -            589 32648at7898          -            538   1.4e-74  249.8   8.6   2   2   5.8e-23   2.9e-21   73.9   0.6   323   438   456   571   452   575 0.96 -
NODE_2188_length_17803_cov_38.453061:2988-4595   -            536 32648at7898          -            538   1.3e-71  240.0  10.0   1   1   1.1e-72   5.3e-71  238.0  10.0    35   511    26   529    15   535 0.88 -
NODE_2188_length_17803_cov_38.453061:10268-11815 -            516 32648at7898          -            538   5.1e-69  231.5   5.1   1   2     2e-53     1e-51  174.4   0.4    37   417     2   396     1   399 0.86 -
NODE_2188_length_17803_cov_38.453061:10268-11815 -            516 32648at7898          -            538   5.1e-69  231.5   5.1   2   2   3.8e-19   1.9e-17   61.3   0.5   365   481   393   514   392   516 0.90 -
NODE_44377_length_6488_cov_40.706057:2219-3985   -            589 32648at7898          -            538   3.1e-66  222.3  11.8   1   2   2.1e-53   1.1e-51  174.3   3.4    36   413    44   452    29   459 0.85 -
NODE_44377_length_6488_cov_40.706057:2219-3985   -            589 32648at7898          -            538   3.1e-66  222.3  11.8   2   2   2.6e-16   1.3e-14   51.9   1.5   327   438   460   571   452   576 0.93 -
NODE_7157_length_13201_cov_36.833155:1929-4844   -            565 32648at7898          -            538   1.2e-65  220.4  12.7   1   3   9.8e-34     5e-32  109.4   1.3    37   270    18   252    10   271 0.92 -
NODE_7157_length_13201_cov_36.833155:1929-4844   -            565 32648at7898          -            538   1.2e-65  220.4  12.7   2   3   1.5e-17   7.7e-16   56.0   0.3   293   414   299   425   286   431 0.87 -
NODE_7157_length_13201_cov_36.833155:1929-4844   -            565 32648at7898          -            538   1.2e-65  220.4  12.7   3   3   1.7e-19   8.5e-18   62.4   0.4   326   434   431   546   425   558 0.86 -
NODE_619_length_23157_cov_37.333897:10652-12238  -            529 32648at7898          -            538   3.4e-64  215.5  15.8   1   3   1.3e-25   6.7e-24   82.6   4.5    38   251     8   223     3   241 0.87 -
NODE_619_length_23157_cov_37.333897:10652-12238  -            529 32648at7898          -            538   3.4e-64  215.5  15.8   2   3   9.9e-22     5e-20   69.8   0.1   328   446   270   390   255   394 0.88 -
NODE_619_length_23157_cov_37.333897:10652-12238  -            529 32648at7898          -            538   3.4e-64  215.5  15.8   3   3     3e-22   1.5e-20   71.5   0.6   349   484   386   527   384   529 0.88 -
NODE_9082_length_12323_cov_35.525851:10377-11939 -            521 32648at7898          -            538   5.5e-64  214.9  18.6   1   2   2.2e-47   1.1e-45  154.5  12.7    38   416     1   393     1   397 0.84 -
NODE_9082_length_12323_cov_35.525851:10377-11939 -            521 32648at7898          -            538   5.5e-64  214.9  18.6   2   2   2.6e-19   1.3e-17   61.8   0.5   367   481   394   513   391   520 0.86 -
NODE_9678_length_12100_cov_33.790517:1099-4296   -            438 32648at7898          -            538     2e-61  206.4   4.8   1   3   2.5e-47   1.3e-45  154.3   0.9    29   216    42   231    35   248 0.94 -
NODE_9678_length_12100_cov_33.790517:1099-4296   -            438 32648at7898          -            538     2e-61  206.4   4.8   2   3      0.31        16    2.1   0.0   221   265   307   351   301   357 0.86 -
NODE_9678_length_12100_cov_33.790517:1099-4296   -            438 32648at7898          -            538     2e-61  206.4   4.8   3   3   8.5e-16   4.3e-14   50.2   0.1   402   467   369   438   365   438 0.86 -
NODE_185778_length_1845_cov_94.415808:181-1746   -            522 32648at7898          -            538   2.5e-61  206.1   8.9   1   2   1.4e-45   7.1e-44  148.5   3.0    38   412     3   387     1   392 0.86 -
NODE_185778_length_1845_cov_94.415808:181-1746   -            522 32648at7898          -            538   2.5e-61  206.1   8.9   2   2   1.9e-20   9.8e-19   65.5   0.5   356   480   377   508   375   516 0.73 -
NODE_8284_length_12658_cov_31.316825:3228-5038   -            565 32648at7898          -            538   5.1e-60  201.8   8.1   1   2   2.7e-50   1.4e-48  164.1   2.8    31   442    19   453    14   455 0.86 -
NODE_8284_length_12658_cov_31.316825:3228-5038   -            565 32648at7898          -            538   5.1e-60  201.8   8.1   2   2   1.9e-15   9.7e-14   49.0   0.2   323   437   427   549   424   563 0.83 -
NODE_619_length_23157_cov_37.333897:13092-14684  -            531 32648at7898          -            538   2.7e-59  199.4  20.5   1   2   1.9e-55   9.8e-54  181.0  15.9    36   510    14   506     4   506 0.83 -
NODE_619_length_23157_cov_37.333897:13092-14684  -            531 32648at7898          -            538   2.7e-59  199.4  20.5   2   2   2.2e-09   1.1e-07   29.0   0.1   310   395   440   523   439   531 0.56 -
NODE_49205_length_6129_cov_34.457877:1812-3285   -            474 32648at7898          -            538   1.3e-57  193.8  18.0   1   3   2.4e-18   1.2e-16   58.6   8.3    36   264     2   215     1   221 0.90 -
NODE_49205_length_6129_cov_34.457877:1812-3285   -            474 32648at7898          -            538   1.3e-57  193.8  18.0   2   3   3.1e-25   1.6e-23   81.3   0.3   312   446   235   367   232   371 0.88 -
NODE_49205_length_6129_cov_34.457877:1812-3285   -            474 32648at7898          -            538   1.3e-57  193.8  18.0   3   3   3.3e-17   1.7e-15   54.8   0.1   353   455   367   474   363   474 0.88 -
NODE_771_length_22193_cov_41.680094:1019-19985   -            331 32648at7898          -            538   7.2e-57  191.4   8.0   1   2   1.1e-47   5.5e-46  155.5   5.7    31   256    24   252    14   263 0.93 -
NODE_771_length_22193_cov_41.680094:1019-19985   -            331 32648at7898          -            538   7.2e-57  191.4   8.0   2   2   1.4e-11   6.9e-10   36.3   0.0   404   449   277   322   271   331 0.92 -
NODE_15562_length_10337_cov_38.663508:2948-7079  -            465 32648at7898          -            538   1.4e-54  183.8   6.3   1   3   5.7e-41   2.9e-39  133.3   0.9    37   251    25   241    15   253 0.92 -
NODE_15562_length_10337_cov_38.663508:2948-7079  -            465 32648at7898          -            538   1.4e-54  183.8   6.3   2   3     3e-10   1.5e-08   31.9   0.2   362   442   279   362   260   377 0.78 -
NODE_15562_length_10337_cov_38.663508:2948-7079  -            465 32648at7898          -            538   1.4e-54  183.8   6.3   3   3     1e-06   5.1e-05   20.3   0.0   373   435   380   441   365   446 0.59 -
NODE_14225_length_10670_cov_36.267808:2183-3775  -            531 32648at7898          -            538   7.3e-54  181.5   9.0   1   2   1.2e-38   5.9e-37  125.7   1.5    84   413    33   394    20   400 0.82 -
NODE_14225_length_10670_cov_36.267808:2183-3775  -            531 32648at7898          -            538   7.3e-54  181.5   9.0   2   2   4.4e-19   2.3e-17   61.0   1.0   314   438   391   513   387   518 0.91 -
NODE_65993_length_5118_cov_41.992230:2015-4913   -            161 32648at7898          -            538   5.2e-52  175.3   1.9   1   1   1.2e-53   6.2e-52  175.1   1.9    24   168    10   161     2   161 0.92 -
NODE_41132_length_6757_cov_31.726194:670-4222    -            366 32648at7898          -            538   2.3e-49  166.6   9.4   1   3   1.7e-22   8.7e-21   72.3   0.9   104   236     5   140     2   148 0.92 -
NODE_41132_length_6757_cov_31.726194:670-4222    -            366 32648at7898          -            538   2.3e-49  166.6   9.4   2   3   4.4e-07   2.3e-05   21.4   0.0   367   412   173   218   167   221 0.91 -
NODE_41132_length_6757_cov_31.726194:670-4222    -            366 32648at7898          -            538   2.3e-49  166.6   9.4   3   3   3.1e-24   1.6e-22   78.0   0.5   309   448   219   364   218   366 0.86 -
NODE_4834_length_14681_cov_29.733027:7980-9894   -            411 32648at7898          -            538   3.3e-45  152.9   1.0   1   2   2.5e-38   1.3e-36  124.5   0.1    36   221     9   197     3   215 0.94 -
NODE_4834_length_14681_cov_29.733027:7980-9894   -            411 32648at7898          -            538   3.3e-45  152.9   1.0   2   2   1.4e-08   7.1e-07   26.4   0.1   373   440   321   392   306   410 0.73 -
NODE_20371_length_9323_cov_33.814397:2717-4036   -            440 32648at7898          -            538   1.2e-44  151.0   6.5   1   1   1.2e-45   6.3e-44  148.7   6.5    35   415    26   438    18   440 0.81 -
NODE_32281_length_7623_cov_45.227804:7-1056      -            350 32648at7898          -            538   2.1e-43  146.9  11.8   1   2   4.4e-30   2.2e-28   97.4   5.1    39   246     2   211     1   220 0.92 -
NODE_32281_length_7623_cov_45.227804:7-1056      -            350 32648at7898          -            538   2.1e-43  146.9  11.8   2   2   6.1e-17   3.1e-15   54.0   0.5   372   462   254   349   244   350 0.88 -
NODE_19033_length_9571_cov_32.429476:1373-6610   -            451 32648at7898          -            538   2.9e-43  146.5   4.9   1   4   1.3e-05   0.00068   16.5   0.0   158   226    19    87     2   103 0.82 -
NODE_19033_length_9571_cov_32.429476:1373-6610   -            451 32648at7898          -            538   2.9e-43  146.5   4.9   2   4   3.3e-16   1.7e-14   51.5   0.0   345   502   145   317   132   318 0.77 -
NODE_19033_length_9571_cov_32.429476:1373-6610   -            451 32648at7898          -            538   2.9e-43  146.5   4.9   3   4   7.3e-13   3.7e-11   40.5   0.0   330   442   229   342   221   345 0.92 -
NODE_19033_length_9571_cov_32.429476:1373-6610   -            451 32648at7898          -            538   2.9e-43  146.5   4.9   4   4   8.6e-19   4.4e-17   60.1   0.5   298   437   294   438   284   449 0.85 -
NODE_157061_length_2328_cov_46.779273:1271-2320  -            350 32648at7898          -            538     1e-41  141.4   9.7   1   2   3.5e-28   1.8e-26   91.1   4.5    38   241     1   206     1   222 0.93 -
NODE_157061_length_2328_cov_46.779273:1271-2320  -            350 32648at7898          -            538     1e-41  141.4   9.7   2   2   8.2e-17   4.2e-15   53.5   0.2   371   462   253   349   243   350 0.87 -
NODE_7658_length_12936_cov_34.539534:6969-11321  -            623 32648at7898          -            538     2e-41  140.4   7.9   1   4   1.4e-32   6.9e-31  105.6   0.4    30   251    17   247     7   263 0.88 -
NODE_7658_length_12936_cov_34.539534:6969-11321  -            623 32648at7898          -            538     2e-41  140.4   7.9   2   4   1.2e-05   0.00062   16.7   0.0   314   418   344   453   338   461 0.84 -
NODE_7658_length_12936_cov_34.539534:6969-11321  -            623 32648at7898          -            538     2e-41  140.4   7.9   3   4   6.2e-06   0.00031   17.7   0.3   373   457   464   565   453   567 0.70 -
NODE_7658_length_12936_cov_34.539534:6969-11321  -            623 32648at7898          -            538     2e-41  140.4   7.9   4   4       0.1       5.3    3.7   0.0   350   393   547   595   539   602 0.72 -
NODE_25114_length_8539_cov_33.061730:1667-2980   -            438 32648at7898          -            538   9.8e-40  134.8  14.9   1   2   6.3e-29   3.2e-27   93.5   8.3    34   255    29   251    15   259 0.91 -
NODE_25114_length_8539_cov_33.061730:1667-2980   -            438 32648at7898          -            538   9.8e-40  134.8  14.9   2   2   2.3e-14   1.2e-12   45.5   0.5   362   497   286   438   278   438 0.78 -
NODE_107798_length_3498_cov_29.638129:1437-3455  -            359 32648at7898          -            538   1.3e-39  134.5   5.2   1   2   4.9e-39   2.5e-37  126.9   4.1    36   256    58   280    47   293 0.94 -
NODE_107798_length_3498_cov_29.638129:1437-3455  -            359 32648at7898          -            538   1.3e-39  134.5   5.2   2   2     0.012      0.59    6.8   0.0   309   358   311   358   284   359 0.70 -
NODE_53017_length_5871_cov_44.290541:3464-4528   -            355 32648at7898          -            538   2.7e-39  133.4   2.8   1   1   8.2e-41   4.2e-39  132.8   2.8    37   250    34   249    11   270 0.92 -
NODE_72534_length_4800_cov_33.488194:2604-4501   -            462 32648at7898          -            538   2.8e-39  133.3   0.3   1   2   5.5e-30   2.8e-28   97.0   0.0   122   412     3   321     1   327 0.84 -
NODE_72534_length_4800_cov_33.488194:2604-4501   -            462 32648at7898          -            538   2.8e-39  133.3   0.3   2   2   4.3e-11   2.2e-09   34.7   0.0   326   443   329   443   323   452 0.86 -
NODE_134637_length_2797_cov_35.557821:418-1572   -            385 32648at7898          -            538   5.8e-39  132.3  13.3   1   1   6.7e-39   3.4e-37  126.5  13.3    36   385    24   385    17   385 0.87 -
NODE_19185_length_9543_cov_30.696421:833-5395    -            443 32648at7898          -            538   6.6e-39  132.1  10.3   1   1   7.8e-39     4e-37  126.2  10.2    65   457     1   428     1   432 0.81 -
NODE_11200_length_11572_cov_134.994596:7881-8888 -            336 32648at7898          -            538   5.9e-38  128.9   1.5   1   1   1.6e-39   8.4e-38  128.5   1.5    36   242    13   221     6   259 0.92 -
NODE_100083_length_3736_cov_61.691779:907-2201   -            349 32648at7898          -            538     7e-37  125.4   0.3   1   1   1.8e-38   9.1e-37  125.0   0.3    37   261    32   258     8   267 0.93 -
NODE_147574_length_2512_cov_34.684625:598-1374   -            259 32648at7898          -            538   5.3e-36  122.5   2.0   1   1   1.3e-37   6.5e-36  122.2   2.0    32   256    13   239     4   251 0.94 -
NODE_49150_length_6133_cov_31.133079:3831-4868   -            346 32648at7898          -            538   6.4e-36  122.2   0.9   1   2   8.3e-37   4.2e-35  119.5   0.4    39   245    14   224     4   248 0.90 -
NODE_49150_length_6133_cov_31.133079:3831-4868   -            346 32648at7898          -            538   6.4e-36  122.2   0.9   2   2       0.7        35    1.0   0.0   296   332   309   344   286   345 0.77 -
NODE_8567_length_12541_cov_39.129642:7146-8599   -            424 32648at7898          -            538   3.3e-35  119.9   0.0   1   2   4.2e-27   2.1e-25   87.5   0.0    42   225     2   187     1   199 0.91 -
NODE_8567_length_12541_cov_39.129642:7146-8599   -            424 32648at7898          -            538   3.3e-35  119.9   0.0   2   2   5.1e-09   2.6e-07   27.8   0.0   373   499   246   381   239   400 0.81 -
NODE_175196_length_2012_cov_28.890748:168-1172   -            335 32648at7898          -            538   6.3e-34  115.7   0.7   1   2   3.6e-34   1.8e-32  110.8   0.2    50   245    31   232    11   249 0.90 -
NODE_175196_length_2012_cov_28.890748:168-1172   -            335 32648at7898          -            538   6.3e-34  115.7   0.7   2   2      0.13       6.8    3.3   0.0   326   366   290   331   269   333 0.83 -
NODE_49356_length_6119_cov_39.218439:304-3004    -            474 32648at7898          -            538   3.9e-32  109.7   4.9   1   3   3.9e-24     2e-22   77.7   2.1    52   225     4   180     2   218 0.91 -
NODE_49356_length_6119_cov_39.218439:304-3004    -            474 32648at7898          -            538   3.9e-32  109.7   4.9   2   3      0.17       8.7    3.0   0.0   291   322   274   308   249   323 0.70 -
NODE_49356_length_6119_cov_39.218439:304-3004    -            474 32648at7898          -            538   3.9e-32  109.7   4.9   3   3   4.5e-09   2.3e-07   28.0   0.0   327   436   340   455   306   466 0.72 -
NODE_65594_length_5138_cov_35.610835:1653-3287   -            545 32648at7898          -            538   7.3e-31  105.6   0.4   1   2   1.1e-24   5.7e-23   79.5   0.4    36   423    23   448     4   455 0.79 -
NODE_65594_length_5138_cov_35.610835:1653-3287   -            545 32648at7898          -            538   7.3e-31  105.6   0.4   2   2   4.1e-07   2.1e-05   21.5   0.0   337   414   458   535   455   543 0.86 -
NODE_318342_length_540_cov_103.458050:82-525     -            148 32648at7898          -            538   8.6e-31  105.3   0.5   1   2   5.4e-12   2.7e-10   37.6   0.0   399   443     5    49     1    52 0.89 -
NODE_318342_length_540_cov_103.458050:82-525     -            148 32648at7898          -            538   8.6e-31  105.3   0.5   2   2   4.6e-21   2.3e-19   67.6   0.1   349   446    48   145    45   148 0.95 -
NODE_126038_length_3000_cov_41.030334:2122-2289  -             56 32648at7898          -            538   2.2e-30  104.0   1.0   1   1   4.7e-32   2.4e-30  103.9   1.0   391   446     1    56     1    56 0.99 -
NODE_133815_length_2817_cov_29.316041:554-1138   -            195 32648at7898          -            538   4.6e-29   99.6   5.8   1   1   1.1e-30   5.4e-29   99.4   5.8    33   212    14   195     4   195 0.92 -
NODE_158476_length_2302_cov_24.689514:241-1677   -            479 32648at7898          -            538   2.7e-28   97.1   8.6   1   2   3.3e-22   1.7e-20   71.4   5.1   120   436     2   356     1   373 0.76 -
NODE_158476_length_2302_cov_24.689514:241-1677   -            479 32648at7898          -            538   2.7e-28   97.1   8.6   2   2     9e-08   4.6e-06   23.7   0.1   374   440   386   453   376   459 0.92 -
NODE_5916_length_13929_cov_39.005857:743-2072    -            327 32648at7898          -            538   4.2e-28   96.5   0.9   1   2   4.9e-12   2.5e-10   37.8   0.0   359   443    81   168    63   188 0.62 -
NODE_5916_length_13929_cov_39.005857:743-2072    -            327 32648at7898          -            538   4.2e-28   96.5   0.9   2   2     8e-18   4.1e-16   56.9   0.5   326   434   192   308   184   323 0.86 -
NODE_208_length_28423_cov_25.444958:7755-8705    -            317 32648at7898          -            538   9.3e-27   92.0   0.1   1   2   6.1e-26   3.1e-24   83.7   0.1    27   215    19   210     8   232 0.91 -
NODE_208_length_28423_cov_25.444958:7755-8705    -            317 32648at7898          -            538   9.3e-27   92.0   0.1   2   2     0.014      0.72    6.6   0.0   360   396   271   307   249   317 0.86 -
NODE_3402_length_16054_cov_46.731119:1637-12712  -            523 32648at7898          -            538   1.4e-26   91.4   0.3   1   2   3.9e-27     2e-25   87.6   0.2    36   368    48   392    30   402 0.78 -
NODE_3402_length_16054_cov_46.731119:1637-12712  -            523 32648at7898          -            538   1.4e-26   91.4   0.3   2   2      0.45        23    1.6   0.0   316   371   433   491   420   513 0.65 -
NODE_16247_length_10168_cov_38.632337:327-1394   -            356 32648at7898          -            538   3.2e-26   90.2   0.1   1   2   1.6e-16   7.9e-15   52.6   0.0   313   429    84   203    66   212 0.86 -
NODE_16247_length_10168_cov_38.632337:327-1394   -            356 32648at7898          -            538   3.2e-26   90.2   0.1   2   2     2e-11   9.9e-10   35.8   0.0   336   433   218   324   203   344 0.58 -
NODE_3847_length_15583_cov_38.478752:11544-12932 -            463 32648at7898          -            538   1.4e-25   88.1   1.3   1   3   1.5e-13   7.4e-12   42.8   0.2   127   263     3   142     1   150 0.92 -
NODE_3847_length_15583_cov_38.478752:11544-12932 -            463 32648at7898          -            538   1.4e-25   88.1   1.3   2   3   2.1e-12   1.1e-10   39.0   0.1   329   440   188   300   169   383 0.77 -
NODE_3847_length_15583_cov_38.478752:11544-12932 -            463 32648at7898          -            538   1.4e-25   88.1   1.3   3   3      0.11       5.6    3.6   0.0   394   439   410   460   394   463 0.72 -
NODE_21690_length_9089_cov_39.359511:4985-6163   -            393 32648at7898          -            538   7.7e-24   82.4   0.1   1   1   2.4e-25   1.2e-23   81.7   0.1   295   482   147   333   127   362 0.82 -
NODE_237_length_27665_cov_74.544294:23442-24980  -            513 32648at7898          -            538   8.8e-24   82.2   3.9   1   2   1.5e-24   7.8e-23   79.1   0.9   119   439     2   339     1   346 0.83 -
NODE_237_length_27665_cov_74.544294:23442-24980  -            513 32648at7898          -            538   8.8e-24   82.2   3.9   2   2      0.41        21    1.7   0.1   326   401   363   443   349   456 0.70 -
NODE_29289_length_7971_cov_49.945249:5925-6827   -            301 32648at7898          -            538     6e-23   79.4   0.6   1   1   2.1e-24   1.1e-22   78.6   0.5    53   223     1   174     1   187 0.92 -
NODE_1187_length_20447_cov_41.321850:840-2781    -            120 32648at7898          -            538   3.6e-22   76.9   4.0   1   2   3.9e-09     2e-07   28.2   0.0    37    71     1    34     1    41 0.88 -
NODE_1187_length_20447_cov_41.321850:840-2781    -            120 32648at7898          -            538   3.6e-22   76.9   4.0   2   2     1e-15   5.3e-14   49.9   1.9   113   199    37   120    34   120 0.92 -
NODE_174925_length_2016_cov_45.454877:378-914    -            179 32648at7898          -            538   6.4e-22   76.0   0.6   1   1   1.4e-23   6.9e-22   75.9   0.6    36   208     2   175     1   179 0.91 -
NODE_26421_length_8350_cov_36.324082:304-4244    -            238 32648at7898          -            538   5.1e-20   69.8   0.2   1   1   1.2e-21   6.2e-20   69.5   0.2    44   214    58   236    52   238 0.90 -
NODE_75868_length_4647_cov_43.065963:1637-2683   -            349 32648at7898          -            538   5.9e-20   69.5   2.4   1   2   1.1e-17   5.6e-16   56.4   0.8    34   233    11   212     5   237 0.88 -
NODE_75868_length_4647_cov_43.065963:1637-2683   -            349 32648at7898          -            538   5.9e-20   69.5   2.4   2   2   0.00017    0.0086   12.9   0.0   311   388   266   349   236   349 0.76 -
NODE_49831_length_6086_cov_31.260899:1096-3132   -            679 32648at7898          -            538     1e-18   65.4   1.2   1   2      0.97        49    0.5   0.0   375   413   412   452   398   456 0.78 -
NODE_49831_length_6086_cov_31.260899:1096-3132   -            679 32648at7898          -            538     1e-18   65.4   1.2   2   2   5.8e-20   2.9e-18   64.0   0.9   299   484   434   614   419   652 0.74 -
NODE_9011_length_12358_cov_33.789787:7323-7993   -            121 32648at7898          -            538   1.9e-18   64.6   2.2   1   2   1.7e-09   8.7e-08   29.4   0.1    49    88     5    44     2    49 0.92 -
NODE_9011_length_12358_cov_33.789787:7323-7993   -            121 32648at7898          -            538   1.9e-18   64.6   2.2   2   2     1e-11   5.2e-10   36.7   0.3   127   200    44   120    38   121 0.89 -
NODE_56235_length_5662_cov_35.999101:2083-3171   -            363 32648at7898          -            538   2.4e-18   64.2   0.5   1   1   6.6e-20   3.3e-18   63.8   0.5    36   138    22   125    11   138 0.90 -
NODE_124037_length_3051_cov_37.845190:1348-2145  -            266 32648at7898          -            538   1.5e-17   61.6   0.2   1   2   1.9e-05   0.00099   16.0   0.0   140   257     6   125     1   140 0.85 -
NODE_124037_length_3051_cov_37.845190:1348-2145  -            266 32648at7898          -            538   1.5e-17   61.6   0.2   2   2   5.6e-14   2.9e-12   44.2   0.0   370   459   165   263   138   266 0.82 -
NODE_204214_length_1585_cov_21.886272:251-610    -            120 32648at7898          -            538   4.6e-17   60.0   0.4   1   1     1e-18   5.2e-17   59.8   0.4    36   131    25   119    17   120 0.93 -
NODE_117657_length_3217_cov_32.716485:781-1857   -            359 32648at7898          -            538   6.8e-16   56.2   0.2   1   1   1.8e-17   8.9e-16   55.8   0.2    35   134    20   119     3   126 0.88 -
NODE_90880_length_4051_cov_42.503543:1939-3216   -            426 32648at7898          -            538   1.4e-14   51.8   1.9   1   2   0.00018    0.0093   12.8   0.2    59   158     7   102     1   117 0.66 -
NODE_90880_length_4051_cov_42.503543:1939-3216   -            426 32648at7898          -            538   1.4e-14   51.8   1.9   2   2   4.3e-12   2.2e-10   38.0   0.0   372   487   155   280   132   294 0.67 -
NODE_5445_length_14217_cov_31.033362:10601-11056 -            152 32648at7898          -            538   1.7e-14   51.6   0.6   1   1   3.9e-16     2e-14   51.3   0.6    35   138    17   121     7   133 0.88 -
NODE_10859_length_11693_cov_26.575384:2365-2694  -            110 32648at7898          -            538     4e-14   50.3   0.4   1   1   6.3e-14   3.2e-12   44.0   0.4   353   469     1   105     1   110 0.84 -
NODE_20438_length_9311_cov_36.801780:5914-6093   -             60 32648at7898          -            538   8.7e-14   49.2   0.1   1   1   1.7e-15   8.7e-14   49.2   0.1   349   402     2    56     1    60 0.90 -
NODE_119394_length_3171_cov_38.843750:266-1057   -            264 32648at7898          -            538   1.5e-13   48.4   0.3   1   2   1.1e-14   5.8e-13   46.5   0.3    26   133    11   117     7   132 0.85 -
NODE_119394_length_3171_cov_38.843750:266-1057   -            264 32648at7898          -            538   1.5e-13   48.4   0.3   2   2       2.5   1.3e+02   -0.9   0.0   396   446   146   196   140   204 0.85 -
NODE_9011_length_12358_cov_33.789787:2241-2408   -             56 32648at7898          -            538   2.5e-13   47.7   0.1   1   1   5.1e-15   2.6e-13   47.6   0.1   373   427     2    56     1    56 0.95 -
NODE_231_length_27759_cov_37.574873:26478-26684  -             69 32648at7898          -            538   3.3e-13   47.3   1.7   1   1     7e-15   3.5e-13   47.2   1.7   349   415     1    68     1    69 0.77 -
NODE_47890_length_6223_cov_37.398269:5450-5605   -             52 32648at7898          -            538   3.8e-13   47.1   0.0   1   1   7.7e-15   3.9e-13   47.0   0.0   394   442     4    52     1    52 0.93 -
NODE_27687_length_8176_cov_26.360406:3326-4681   -            452 32648at7898          -            538   1.4e-12   45.2   0.1   1   1   3.8e-14   1.9e-12   44.8   0.1    36   130    42   138    27   142 0.83 -
NODE_1698_length_18896_cov_36.788211:2731-17383  -            658 32648at7898          -            538   1.6e-12   45.0   0.2   1   1   4.7e-14   2.4e-12   44.5   0.2    37   135    31   134    17   154 0.84 -
NODE_68458_length_4993_cov_31.977728:3804-4688   -            295 32648at7898          -            538   2.4e-12   44.4   1.7   1   2   3.5e-07   1.8e-05   21.8   0.1    35    71    30    65    24    72 0.87 -
NODE_68458_length_4993_cov_31.977728:3804-4688   -            295 32648at7898          -            538   2.4e-12   44.4   1.7   2   2   3.3e-07   1.7e-05   21.9   0.3    80   260   102   276    95   291 0.82 -
NODE_4678_length_14805_cov_45.318917:193-8504    -            511 32648at7898          -            538   5.2e-12   43.3   1.8   1   2     1e-13   5.3e-12   43.3   0.3    30   131    16   111    10   123 0.85 -
NODE_4678_length_14805_cov_45.318917:193-8504    -            511 32648at7898          -            538   5.2e-12   43.3   1.8   2   2       6.1   3.1e+02   -2.1   0.1    22    75   398   452   382   461 0.78 -
NODE_356489_length_432_cov_75.219219:180-428     -             83 32648at7898          -            538   6.5e-12   43.0   0.1   1   1   1.5e-13   7.6e-12   42.8   0.1   391   468     1    82     1    83 0.83 -
NODE_60435_length_5421_cov_26.454904:69-254      -             62 32648at7898          -            538   7.4e-12   42.8   0.0   1   1   1.6e-13   8.3e-12   42.7   0.0   373   430     4    61     2    62 0.96 -
NODE_1838_length_18547_cov_37.494796:2816-5403   -            476 32648at7898          -            538   1.2e-11   42.1   0.2   1   1   3.6e-13   1.8e-11   41.5   0.2    36   131    20   115     7   129 0.88 -
NODE_200929_length_1628_cov_36.232178:579-743    -             55 32648at7898          -            538   1.9e-11   41.5   0.1   1   1   3.8e-13   1.9e-11   41.4   0.1   353   404     1    53     1    55 0.85 -
NODE_51511_length_5969_cov_33.425554:3170-4684   -            505 32648at7898          -            538   9.5e-11   39.2   0.0   1   1   2.7e-12   1.4e-10   38.6   0.0    26   133    18   124    12   143 0.87 -
NODE_46079_length_6354_cov_41.233733:2036-3133   -            366 32648at7898          -            538   1.5e-10   38.5   0.4   1   2   0.00041     0.021   11.6   0.0    50    83     1    34     1    45 0.93 -
NODE_46079_length_6354_cov_41.233733:2036-3133   -            366 32648at7898          -            538   1.5e-10   38.5   0.4   2   2     6e-08     3e-06   24.3   0.2   291   409   173   295   160   317 0.80 -
NODE_791_length_22075_cov_38.763924:12377-12523  -             49 32648at7898          -            538   1.6e-10   38.4   0.1   1   1   3.2e-12   1.6e-10   38.4   0.1   405   447     2    46     1    49 0.91 -
NODE_138689_length_2705_cov_23.749424:631-990    -            120 32648at7898          -            538   2.2e-10   38.0   0.0   1   1     5e-12   2.5e-10   37.8   0.0    36   135    14   113     2   118 0.81 -
NODE_4142_length_15284_cov_32.307870:2435-3334   -            300 32648at7898          -            538   3.2e-10   37.4   0.0   1   1   8.4e-12   4.3e-10   37.0   0.0    36   134    18   121     9   133 0.82 -
NODE_41833_length_6694_cov_23.253677:2572-2865   -             98 32648at7898          -            538   6.9e-10   36.3   0.1   1   1   1.4e-11   7.2e-10   36.3   0.1    31   124     5    97     1    98 0.84 -
NODE_63577_length_5246_cov_33.118516:3737-5073   -            412 32648at7898          -            538     1e-09   35.7   0.1   1   1   2.9e-11   1.5e-09   35.2   0.1    36   140    27   132     7   138 0.88 -
NODE_200390_length_1636_cov_23.107352:31-189     -             53 32648at7898          -            538   2.5e-09   34.5   0.0   1   1   5.2e-11   2.6e-09   34.4   0.0   395   446     2    53     1    53 0.95 -
NODE_77407_length_4581_cov_22.055332:155-3271    -            422 32648at7898          -            538   2.9e-09   34.3   0.1   1   1   8.2e-11   4.2e-09   33.7   0.1    36   133    28   123     3   133 0.84 -
NODE_21909_length_9052_cov_43.429353:3116-8429   -            531 32648at7898          -            538   3.8e-09   33.9   0.6   1   1   1.1e-10   5.4e-09   33.4   0.6    36   138   271   374   250   380 0.85 -
NODE_936_length_21389_cov_48.690277:391-5748     -            430 32648at7898          -            538   4.1e-09   33.8   0.0   1   1   1.4e-10   7.2e-09   33.0   0.0    36   139    51   154    32   159 0.88 -
NODE_29048_length_8003_cov_36.486210:586-7564    -            756 32648at7898          -            538   4.4e-09   33.7   0.5   1   1   1.4e-10   7.2e-09   33.0   0.5    22   142    90   207    81   213 0.81 -
NODE_19414_length_9499_cov_29.252979:4619-4783   -             55 32648at7898          -            538   5.4e-09   33.4   0.1   1   1   1.1e-10   5.5e-09   33.3   0.1   394   445     4    55     1    55 0.90 -
NODE_2305_length_17619_cov_38.612215:2491-3726   -            412 32648at7898          -            538   6.8e-09   33.0   0.6   1   1   2.1e-10   1.1e-08   32.4   0.6    37   116    38   115    15   151 0.78 -
NODE_1502_length_19449_cov_52.882222:17458-17751 -             98 32648at7898          -            538   9.9e-09   32.5   0.1   1   1   2.1e-10   1.1e-08   32.4   0.1    36   123    13    96     3    98 0.83 -
NODE_29619_length_7932_cov_54.512447:1249-4809   -            659 32648at7898          -            538   1.7e-08   31.8   0.5   1   1   5.1e-10   2.6e-08   31.1   0.5    34   131    41   136    22   152 0.84 -
NODE_34613_length_7375_cov_35.961655:4107-6041   -            645 32648at7898          -            538   4.5e-08   30.3   0.1   1   1   1.3e-09   6.5e-08   29.8   0.1    32   117    15    98     7   130 0.83 -
NODE_24565_length_8619_cov_23.535915:6204-7694   -            497 32648at7898          -            538   4.6e-08   30.3   0.8   1   1   1.4e-09   7.2e-08   29.7   0.8    36   141    22   125    12   144 0.85 -
NODE_27715_length_8171_cov_42.449950:836-4111    -           1092 32648at7898          -            538   5.1e-08   30.1   0.0   1   1   1.6e-09     8e-08   29.5   0.0    33   116    17    99     6   103 0.86 -
NODE_81315_length_4417_cov_23.203103:634-2919    -            287 32648at7898          -            538   1.1e-07   29.0   0.2   1   1   2.7e-09   1.4e-07   28.7   0.2    36   177    79   229    56   279 0.78 -
NODE_50839_length_6018_cov_37.457003:3279-4661   -            461 32648at7898          -            538   1.6e-07   28.5   0.2   1   1   4.3e-09   2.2e-07   28.1   0.2    37   133    18   109     4   116 0.88 -
NODE_52772_length_5888_cov_26.820349:302-1789    -            496 32648at7898          -            538   4.2e-07   27.1   1.1   1   1   1.2e-08     6e-07   26.6   1.1    36   133    22   118    14   142 0.90 -
NODE_9341_length_12222_cov_34.951085:4050-5282   -            411 32648at7898          -            538   2.6e-06   24.5   0.0   1   1   7.3e-08   3.7e-06   24.0   0.0    33   167    33   165    18   174 0.79 -
NODE_4646_length_14831_cov_32.032107:4383-6053   -            557 32648at7898          -            538   4.6e-06   23.7   0.1   1   1   1.4e-07   6.9e-06   23.1   0.1    36   134    22   119    14   127 0.79 -
NODE_4834_length_14681_cov_29.733027:6774-7130   -            119 32648at7898          -            538   6.3e-06   23.2   0.0   1   1   1.3e-07   6.8e-06   23.1   0.0   378   457     2    82     1   118 0.77 -
NODE_12507_length_11157_cov_38.331344:1195-2604  -            470 32648at7898          -            538     7e-06   23.1   0.1   1   1   2.3e-07   1.2e-05   22.4   0.1    36   133    35   133    25   146 0.77 -
NODE_35292_length_7306_cov_31.135701:5245-6975   -            577 32648at7898          -            538   1.3e-05   22.2   0.0   1   1   4.2e-07   2.1e-05   21.5   0.0    36   133    22   129    14   150 0.75 -
NODE_8414_length_12604_cov_40.482287:7050-7184   -             45 32648at7898          -            538   3.4e-05   20.8   0.1   1   1     7e-07   3.5e-05   20.8   0.1   374   411     2    39     1    43 0.94 -
NODE_5000_length_14561_cov_28.820426:5987-14073  -            337 32648at7898          -            538   9.6e-05   19.3   0.1   1   1   3.3e-06   0.00017   18.5   0.1    50   141   234   325   183   333 0.84 -
NODE_17945_length_9786_cov_77.981935:6008-7897   -            630 32648at7898          -            538   0.00062   16.7   0.0   1   1   1.7e-05   0.00088   16.2   0.0    36   134    22   121    11   130 0.77 -
NODE_24449_length_8636_cov_33.329273:792-3770    -            993 32648at7898          -            538   0.00073   16.4   0.0   1   1   2.3e-05    0.0012   15.7   0.0    37   105    29    95    17   105 0.81 -
NODE_19064_length_9566_cov_42.182318:647-6597    -            495 32648at7898          -            538    0.0009   16.1   0.0   1   1   8.7e-05    0.0044   13.9   0.0   295   450   295   449   249   464 0.66 -
NODE_42029_length_6677_cov_38.022195:2114-3748   -            545 32648at7898          -            538    0.0011   15.9   0.0   1   1     3e-05    0.0015   15.4   0.0    36   103    13    74     4    93 0.82 -
NODE_22356_length_8978_cov_35.855727:1681-2341   -            189 32648at7898          -            538    0.0026   14.6   0.1   1   2      0.02         1    6.1   0.0   394   434    17    55    10    64 0.78 -
NODE_22356_length_8978_cov_35.855727:1681-2341   -            189 32648at7898          -            538    0.0026   14.6   0.1   2   2     0.014       0.7    6.6   0.1   400   436    98   134    72   138 0.81 -
#
# Program:         hmmsearch
# Version:         3.1b2 (February 2015)
# Pipeline mode:   SEARCH
# Query file:      /home/e1garcia/shotgun_PIRE/abyss/busco_downloads/lineages/actinopterygii_odb10/hmms/32648at7898.hmm
# Target file:     /home/e1garcia/shotgun_PIRE/pire_ssl_data_processing/plotosus_lineatus/busco_contigs_results-SPAdes_decontam_R1R2_noIsolate/run_actinopterygii_odb10/metaeuk_output/initial_results/contigs.modified.fasta.modified.fas
# Option settings: hmmsearch --domtblout /home/e1garcia/shotgun_PIRE/pire_ssl_data_processing/plotosus_lineatus/busco_contigs_results-SPAdes_decontam_R1R2_noIsolate/run_actinopterygii_odb10/hmmer_output/initial_run_results/32648at7898.out --cpu 1 /home/e1garcia/shotgun_PIRE/abyss/busco_downloads/lineages/actinopterygii_odb10/hmms/32648at7898.hmm /home/e1garcia/shotgun_PIRE/pire_ssl_data_processing/plotosus_lineatus/busco_contigs_results-SPAdes_decontam_R1R2_noIsolate/run_actinopterygii_odb10/metaeuk_output/initial_results/contigs.modified.fasta.modified.fas 
# Current dir:     /home/e1garcia/shotgun_PIRE/pire_ssl_data_processing/plotosus_lineatus
# Date:            Fri Aug 20 13:18:44 2021
# [ok]
