#                                                                                                        --- full sequence --- -------------- this domain -------------   hmm coord   ali coord   env coord
# target name                                    accession   tlen query name           accession   qlen   E-value  score  bias   #  of  c-Evalue  i-Evalue  score  bias  from    to  from    to  from    to  acc description of target
#                            ------------------- ---------- ----- -------------------- ---------- ----- --------- ------ ----- --- --- --------- --------- ------ ----- ----- ----- ----- ----- ----- ----- ---- ---------------------
NODE_17336_length_9921_cov_29.852881:803-8008    -            294 37770at7898          -            505  6.3e-175  581.2   4.0   1   1  4.1e-177    7e-175  581.0   4.0   230   505     7   294     1   294 0.93 -
NODE_256_length_27342_cov_34.275924:12305-21962  -            271 37770at7898          -            505   2.3e-35  120.7   0.1   1   1   1.6e-37   2.8e-35  120.5   0.1   257   505     1   271     1   271 0.88 -
NODE_7500_length_13017_cov_33.997600:5056-12401  -            296 37770at7898          -            505   5.1e-18   63.5   3.8   1   3   0.00028     0.047   10.9   0.0   228   266     5    42     1    53 0.82 -
NODE_7500_length_13017_cov_33.997600:5056-12401  -            296 37770at7898          -            505   5.1e-18   63.5   3.8   2   3     1e-10   1.7e-08   32.1   1.0   229   375    50   200    46   215 0.78 -
NODE_7500_length_13017_cov_33.997600:5056-12401  -            296 37770at7898          -            505   5.1e-18   63.5   3.8   3   3   3.9e-07   6.6e-05   20.3   0.1   438   500   227   289   206   294 0.74 -
NODE_569_length_23596_cov_33.653105:4175-4966    -            264 37770at7898          -            505   3.2e-10   37.8   7.6   1   3   0.00011     0.019   12.1   0.8   227   300    24   104    15   104 0.69 -
NODE_569_length_23596_cov_33.653105:4175-4966    -            264 37770at7898          -            505   3.2e-10   37.8   7.6   2   3   8.4e-09   1.4e-06   25.8   1.2   240   348    78   192    75   204 0.71 -
NODE_569_length_23596_cov_33.653105:4175-4966    -            264 37770at7898          -            505   3.2e-10   37.8   7.6   3   3      0.02       3.3    4.8   0.0   240   282   204   244   197   259 0.81 -
NODE_23976_length_8706_cov_34.847798:5710-8501   -            293 37770at7898          -            505   4.2e-09   34.1   2.1   1   3     0.065        11    3.0   0.1   442   505    17    79     3    79 0.64 -
NODE_23976_length_8706_cov_34.847798:5710-8501   -            293 37770at7898          -            505   4.2e-09   34.1   2.1   2   3     2e-06   0.00033   17.9   0.3   214   360    33   200    24   206 0.68 -
NODE_23976_length_8706_cov_34.847798:5710-8501   -            293 37770at7898          -            505   4.2e-09   34.1   2.1   3   3     7e-05     0.012   12.8   0.1   449   504   206   268   200   269 0.79 -
NODE_33421_length_7499_cov_40.033649:2331-6852   -            295 37770at7898          -            505   9.5e-09   32.9   3.3   1   3   0.00013     0.023   11.9   0.6   444   505    11    71     5    71 0.87 -
NODE_33421_length_7499_cov_40.033649:2331-6852   -            295 37770at7898          -            505   9.5e-09   32.9   3.3   2   3    0.0044      0.75    6.9   0.2   228   294    83   160    76   174 0.55 -
NODE_33421_length_7499_cov_40.033649:2331-6852   -            295 37770at7898          -            505   9.5e-09   32.9   3.3   3   3   7.8e-05     0.013   12.7   0.0   246   301   229   293   219   295 0.81 -
NODE_104650_length_3594_cov_29.295851:760-2201   -            410 37770at7898          -            505   1.2e-08   32.6   0.0   1   2    0.0057      0.97    6.5   0.1   229   263   159   192   150   230 0.77 -
NODE_104650_length_3594_cov_29.295851:760-2201   -            410 37770at7898          -            505   1.2e-08   32.6   0.0   2   2   1.3e-07   2.2e-05   21.8   0.0   391   505   249   357   240   357 0.62 -
NODE_6043_length_13842_cov_40.399258:739-4274    -            318 37770at7898          -            505   1.5e-08   32.3   0.1   1   1   1.1e-10   1.9e-08   31.9   0.1   393   504     5   116     2   117 0.92 -
NODE_45594_length_6391_cov_22.934679:1793-6133   -            344 37770at7898          -            505   1.8e-08   32.0   1.4   1   3   4.7e-07     8e-05   20.0   0.1   439   505    11    79     5    79 0.81 -
NODE_45594_length_6391_cov_22.934679:1793-6133   -            344 37770at7898          -            505   1.8e-08   32.0   1.4   2   3    0.0012      0.21    8.7   0.1   275   304    60    89    54    93 0.87 -
NODE_45594_length_6391_cov_22.934679:1793-6133   -            344 37770at7898          -            505   1.8e-08   32.0   1.4   3   3   0.00089      0.15    9.2   0.1   220   280   126   187   104   208 0.75 -
NODE_4547_length_14928_cov_36.355452:1-3010      -            347 37770at7898          -            505   7.1e-08   30.1   0.1   1   3   1.1e-07   1.9e-05   22.0   0.0   281   414   104   243   100   252 0.81 -
NODE_4547_length_14928_cov_36.355452:1-3010      -            347 37770at7898          -            505   7.1e-08   30.1   0.1   2   3    0.0079       1.4    6.0   0.0   435   462   217   244   194   269 0.84 -
NODE_4547_length_14928_cov_36.355452:1-3010      -            347 37770at7898          -            505   7.1e-08   30.1   0.1   3   3     0.018         3    4.9   0.0   286   316   284   314   280   345 0.65 -
NODE_5558_length_14155_cov_32.943796:597-7572    -            322 37770at7898          -            505   1.1e-07   29.4   2.0   1   3   1.3e-06   0.00022   18.5   0.2   390   487    29   123    20   140 0.81 -
NODE_5558_length_14155_cov_32.943796:597-7572    -            322 37770at7898          -            505   1.1e-07   29.4   2.0   2   3    0.0012      0.21    8.7   0.0   394   504   119   222   113   223 0.68 -
NODE_5558_length_14155_cov_32.943796:597-7572    -            322 37770at7898          -            505   1.1e-07   29.4   2.0   3   3     0.024       4.1    4.4   0.0   243   304   206   275   201   301 0.61 -
NODE_748_length_22306_cov_88.036160:6988-12028   -            304 37770at7898          -            505   3.9e-07   27.6   0.8   1   2   1.1e-07   1.9e-05   22.1   0.1   442   505   124   187    90   196 0.75 -
NODE_748_length_22306_cov_88.036160:6988-12028   -            304 37770at7898          -            505   3.9e-07   27.6   0.8   2   2     0.042       7.2    3.6   0.0   223   259   219   255   210   276 0.77 -
NODE_94402_length_3927_cov_24.090125:2947-3147   -             67 37770at7898          -            505   4.7e-07   27.3   0.0   1   1   3.1e-09   5.3e-07   27.2   0.0   282   347     2    63     1    66 0.81 -
NODE_773_length_22184_cov_29.524791:1893-20376   -            470 37770at7898          -            505   1.1e-06   26.2   0.4   1   2   3.6e-08   6.1e-06   23.7   0.1   282   373   169   255   130   271 0.77 -
NODE_773_length_22184_cov_29.524791:1893-20376   -            470 37770at7898          -            505   1.1e-06   26.2   0.4   2   2     0.048       8.3    3.5   0.1   247   282   249   283   247   369 0.77 -
NODE_32217_length_7629_cov_32.641567:632-7031    -            420 37770at7898          -            505   2.3e-06   25.1   7.0   1   3   7.7e-08   1.3e-05   22.6   0.4   450   498   157   205   122   211 0.80 -
NODE_32217_length_7629_cov_32.641567:632-7031    -            420 37770at7898          -            505   2.3e-06   25.1   7.0   2   3      0.29        49    0.9   0.1   434   505   230   300   216   300 0.72 -
NODE_32217_length_7629_cov_32.641567:632-7031    -            420 37770at7898          -            505   2.3e-06   25.1   7.0   3   3     0.034       5.9    3.9   0.1   485   505   364   383   351   383 0.86 -
NODE_5268_length_14350_cov_40.480949:12179-14106 -            282 37770at7898          -            505     5e-06   24.0   0.3   1   2   2.5e-05    0.0042   14.3   0.1   220   295   116   205   104   211 0.74 -
NODE_5268_length_14350_cov_40.480949:12179-14106 -            282 37770at7898          -            505     5e-06   24.0   0.3   2   2    0.0027      0.45    7.6   0.0   268   298   237   275   223   281 0.53 -
NODE_54619_length_5766_cov_27.977590:1499-4565   -            215 37770at7898          -            505   1.8e-05   22.1   0.1   1   2   4.4e-07   7.5e-05   20.1   0.0   223   283    58   117    17   146 0.78 -
NODE_54619_length_5766_cov_27.977590:1499-4565   -            215 37770at7898          -            505   1.8e-05   22.1   0.1   2   2      0.54        92   -0.0   0.0   284   324   172   213   155   215 0.73 -
NODE_343800_length_464_cov_0.978082:64-408       -            115 37770at7898          -            505   2.9e-05   21.4   0.2   1   2     5e-05    0.0086   13.3   0.1   434   505     2    72     1    72 0.92 -
NODE_343800_length_464_cov_0.978082:64-408       -            115 37770at7898          -            505   2.9e-05   21.4   0.2   2   2    0.0052      0.89    6.6   0.0   436   465    87   115    80   115 0.85 -
NODE_125820_length_3006_cov_42.138287:970-2430   -            487 37770at7898          -            505   3.2e-05   21.3   0.3   1   1   1.4e-05    0.0024   15.1   0.3   275   371   257   354   250   451 0.63 -
NODE_36803_length_7156_cov_37.722120:1521-5882   -            212 37770at7898          -            505   3.6e-05   21.1   0.1   1   2   3.7e-05    0.0064   13.7   0.0   224   287   108   170   100   172 0.81 -
NODE_36803_length_7156_cov_37.722120:1521-5882   -            212 37770at7898          -            505   3.6e-05   21.1   0.1   2   2    0.0076       1.3    6.1   0.1   242   266   171   195   159   204 0.82 -
NODE_295547_length_660_cov_0.909091:10-354       -            115 37770at7898          -            505   9.9e-05   19.7   0.3   1   1      0.19        32    1.5   0.0   440   462    92   114    80   115 0.88 -
NODE_47112_length_6277_cov_39.555520:1398-5838   -            295 37770at7898          -            505   0.00012   19.4   0.1   1   3    0.0061         1    6.4   0.0   223   264    10    51     6    71 0.84 -
NODE_47112_length_6277_cov_39.555520:1398-5838   -            295 37770at7898          -            505   0.00012   19.4   0.1   2   3     0.041       6.9    3.7   0.0   241   262    78    99    69   145 0.85 -
NODE_47112_length_6277_cov_39.555520:1398-5838   -            295 37770at7898          -            505   0.00012   19.4   0.1   3   3    0.0094       1.6    5.8   0.0   442   474   157   189   144   197 0.88 -
NODE_10596_length_11776_cov_39.899632:7230-11684 -            767 37770at7898          -            505    0.0002   18.7   3.0   1   3       3.6   6.2e+02   -2.7   0.0   479   504    71    96    67    97 0.90 -
NODE_10596_length_11776_cov_39.899632:7230-11684 -            767 37770at7898          -            505    0.0002   18.7   3.0   2   3   2.2e-06   0.00037   17.8   0.6   221   369   104   259    99   269 0.74 -
NODE_10596_length_11776_cov_39.899632:7230-11684 -            767 37770at7898          -            505    0.0002   18.7   3.0   3   3    0.0019      0.33    8.1   0.2   255   341   180   276   173   300 0.64 -
NODE_3148_length_16360_cov_29.584896:5599-12739  -            194 37770at7898          -            505   0.00031   18.0   2.8   1   3     0.005      0.85    6.7   0.5   448   505    21    79     9    79 0.78 -
NODE_3148_length_16360_cov_29.584896:5599-12739  -            194 37770at7898          -            505   0.00031   18.0   2.8   2   3    0.0041      0.69    7.0   0.0   437   484    96   143    80   158 0.83 -
NODE_3148_length_16360_cov_29.584896:5599-12739  -            194 37770at7898          -            505   0.00031   18.0   2.8   3   3      0.11        19    2.2   0.0   227   260   161   193   149   194 0.57 -
NODE_94329_length_3929_cov_43.464491:2022-2978   -            167 37770at7898          -            505   0.00036   17.8   0.7   1   2    0.0032      0.54    7.3   0.2   247   299     3    65     1    92 0.56 -
NODE_94329_length_3929_cov_43.464491:2022-2978   -            167 37770at7898          -            505   0.00036   17.8   0.7   2   2   0.00086      0.15    9.2   0.0   470   504   128   162   119   167 0.69 -
NODE_3674_length_15765_cov_84.393974:998-12117   -            319 37770at7898          -            505    0.0015   15.8   1.5   1   3   0.00017     0.029   11.5   0.0   451   504    94   147    89   148 0.91 -
NODE_3674_length_15765_cov_84.393974:998-12117   -            319 37770at7898          -            505    0.0015   15.8   1.5   2   3      0.12        20    2.2   0.3   233   475   165   205   148   239 0.64 -
NODE_3674_length_15765_cov_84.393974:998-12117   -            319 37770at7898          -            505    0.0015   15.8   1.5   3   3         2   3.4e+02   -1.9   0.0   287   317   280   311   268   314 0.76 -
NODE_140057_length_2675_cov_27.470109:237-1837   -            267 37770at7898          -            505    0.0016   15.7   0.3   1   1   1.6e-05    0.0027   14.9   0.2   411   482   121   193    21   218 0.65 -
NODE_28418_length_8081_cov_40.422200:2016-5414   -            290 37770at7898          -            505    0.0024   15.1   0.2   1   2      0.14        24    1.9   0.0   443   505    55   113    37   113 0.84 -
NODE_28418_length_8081_cov_40.422200:2016-5414   -            290 37770at7898          -            505    0.0024   15.1   0.2   2   2   0.00021     0.035   11.3   0.0   440   504   137   202   130   203 0.81 -
NODE_348176_length_453_cov_0.864407:57-272       -             72 37770at7898          -            505    0.0034   14.6   0.0   1   1   0.00014     0.024   11.8   0.0   442   504     6    68     2    69 0.66 -
NODE_27499_length_8202_cov_32.810934:772-7641    -            282 37770at7898          -            505    0.0065   13.7   1.5   1   2    0.0043      0.73    6.9   0.1   239   293    65   120    46   133 0.74 -
NODE_27499_length_8202_cov_32.810934:772-7641    -            282 37770at7898          -            505    0.0065   13.7   1.5   2   2    0.0046      0.78    6.8   0.5   390   504   105   239    93   240 0.64 -
NODE_64271_length_5209_cov_40.911937:3008-3667   -            220 37770at7898          -            505     0.019   12.2   0.0   1   1   0.00015     0.025   11.8   0.0   392   482    46   138    39   150 0.83 -
NODE_16970_length_10006_cov_28.856061:2427-7982  -            500 37770at7898          -            505     0.023   11.9   0.0   1   2    0.0097       1.6    5.8   0.0   289   354    24    89     7    92 0.71 -
NODE_16970_length_10006_cov_28.856061:2427-7982  -            500 37770at7898          -            505     0.023   11.9   0.0   2   2     0.013       2.3    5.3   0.0   438   490    88   140    77   150 0.77 -
NODE_16725_length_10059_cov_41.641968:4856-8058  -            391 37770at7898          -            505     0.039   11.1   0.1   1   1   0.00083      0.14    9.3   0.1   234   276   258   298   246   337 0.58 -
NODE_17769_length_9825_cov_88.397388:1880-5204   -            935 37770at7898          -            505     0.049   10.8   0.1   1   1   0.00058     0.098    9.8   0.1   448   504   276   333   257   334 0.90 -
#
# Program:         hmmsearch
# Version:         3.1b2 (February 2015)
# Pipeline mode:   SEARCH
# Query file:      /home/e1garcia/shotgun_PIRE/abyss/busco_downloads/lineages/actinopterygii_odb10/hmms/37770at7898.hmm
# Target file:     /home/e1garcia/shotgun_PIRE/pire_ssl_data_processing/plotosus_lineatus/busco_contigs_results-SPAdes_decontam_R1R2_noIsolate/run_actinopterygii_odb10/metaeuk_output/initial_results/contigs.modified.fasta.modified.fas
# Option settings: hmmsearch --domtblout /home/e1garcia/shotgun_PIRE/pire_ssl_data_processing/plotosus_lineatus/busco_contigs_results-SPAdes_decontam_R1R2_noIsolate/run_actinopterygii_odb10/hmmer_output/initial_run_results/37770at7898.out --cpu 1 /home/e1garcia/shotgun_PIRE/abyss/busco_downloads/lineages/actinopterygii_odb10/hmms/37770at7898.hmm /home/e1garcia/shotgun_PIRE/pire_ssl_data_processing/plotosus_lineatus/busco_contigs_results-SPAdes_decontam_R1R2_noIsolate/run_actinopterygii_odb10/metaeuk_output/initial_results/contigs.modified.fasta.modified.fas 
# Current dir:     /home/e1garcia/shotgun_PIRE/pire_ssl_data_processing/plotosus_lineatus
# Date:            Fri Aug 20 13:18:33 2021
# [ok]
