#                                                                                                        --- full sequence --- -------------- this domain -------------   hmm coord   ali coord   env coord
# target name                                    accession   tlen query name           accession   qlen   E-value  score  bias   #  of  c-Evalue  i-Evalue  score  bias  from    to  from    to  from    to  acc description of target
#                            ------------------- ---------- ----- -------------------- ---------- ----- --------- ------ ----- --- --- --------- --------- ------ ----- ----- ----- ----- ----- ----- ----- ---- ---------------------
NODE_7500_length_13017_cov_33.997600:5056-12401  -            296 38353at7898          -            515  1.1e-175  583.7   8.2   1   1  8.5e-178  1.2e-175  583.6   8.2   233   515     2   296     1   296 0.98 -
NODE_13136_length_10975_cov_35.607484:7190-8694  -            243 38353at7898          -            515   5.8e-84  281.1  27.5   1   2   1.2e-17   1.8e-15   55.1   4.7     1    51    10    61    10    74 0.89 -
NODE_13136_length_10975_cov_35.607484:7190-8694  -            243 38353at7898          -            515   5.8e-84  281.1  27.5   2   2   2.7e-71   3.9e-69  232.2  14.8    43   172   108   243    93   243 0.94 -
NODE_104650_length_3594_cov_29.295851:760-2201   -            410 38353at7898          -            515   1.6e-26   91.6   0.8   1   2   3.2e-09   4.6e-07   27.4   0.0   229   356    78   193    58   204 0.80 -
NODE_104650_length_3594_cov_29.295851:760-2201   -            410 38353at7898          -            515   1.6e-26   91.6   0.8   2   2   1.1e-18   1.6e-16   58.6   0.3   220   362   224   367   215   392 0.88 -
NODE_569_length_23596_cov_33.653105:4175-4966    -            264 38353at7898          -            515   9.4e-23   79.1   7.2   1   2   1.9e-20   2.8e-18   64.4   5.7   236   401    25   192    15   199 0.89 -
NODE_569_length_23596_cov_33.653105:4175-4966    -            264 38353at7898          -            515   9.4e-23   79.1   7.2   2   2   2.7e-05    0.0039   14.4   0.0   243   301   200   256   192   264 0.87 -
NODE_33421_length_7499_cov_40.033649:2331-6852   -            295 38353at7898          -            515   1.3e-14   52.3   3.7   1   4   3.9e-06   0.00057   17.2   0.2   288   353     7    72     5    88 0.91 -
NODE_33421_length_7499_cov_40.033649:2331-6852   -            295 38353at7898          -            515   1.3e-14   52.3   3.7   2   4   1.6e-06   0.00024   18.4   0.2   246   316    98   166    94   187 0.85 -
NODE_33421_length_7499_cov_40.033649:2331-6852   -            295 38353at7898          -            515   1.3e-14   52.3   3.7   3   4      0.56        81    0.2   0.0   338   352   229   243   224   249 0.86 -
NODE_33421_length_7499_cov_40.033649:2331-6852   -            295 38353at7898          -            515   1.3e-14   52.3   3.7   4   4   3.6e-05    0.0052   14.0   0.0   237   267   256   286   249   292 0.91 -
NODE_5558_length_14155_cov_32.943796:597-7572    -            322 38353at7898          -            515   3.4e-14   50.9   2.0   1   3    0.0023      0.33    8.0   0.1   321   355    23    57    13    79 0.85 -
NODE_5558_length_14155_cov_32.943796:597-7572    -            322 38353at7898          -            515   3.4e-14   50.9   2.0   2   3   2.2e-12   3.2e-10   37.8   0.4   339   479    86   224    63   238 0.89 -
NODE_5558_length_14155_cov_32.943796:597-7572    -            322 38353at7898          -            515   3.4e-14   50.9   2.0   3   3     0.066       9.6    3.2   0.0   455   488   242   275   230   294 0.78 -
NODE_23976_length_8706_cov_34.847798:5710-8501   -            293 38353at7898          -            515   5.5e-14   50.2   3.6   1   3   9.9e-12   1.4e-09   35.6   0.5   232   355     2   140     1   151 0.83 -
NODE_23976_length_8706_cov_34.847798:5710-8501   -            293 38353at7898          -            515   5.5e-14   50.2   3.6   2   3   6.3e-08   9.1e-06   23.1   0.2   230   360   100   227    95   237 0.85 -
NODE_23976_length_8706_cov_34.847798:5710-8501   -            293 38353at7898          -            515   5.5e-14   50.2   3.6   3   3     0.014         2    5.5   0.0   280   318   239   277   228   282 0.89 -
NODE_17336_length_9921_cov_29.852881:803-8008    -            294 38353at7898          -            515   5.6e-13   46.9   4.0   1   3    0.0011      0.15    9.1   0.0   241   280    10    50     2    67 0.78 -
NODE_17336_length_9921_cov_29.852881:803-8008    -            294 38353at7898          -            515   5.6e-13   46.9   4.0   2   3   1.5e-05    0.0022   15.3   0.2   379   477   107   203   100   208 0.80 -
NODE_17336_length_9921_cov_29.852881:803-8008    -            294 38353at7898          -            515   5.6e-13   46.9   4.0   3   3   6.9e-07   9.9e-05   19.7   0.1   449   488   222   261   187   271 0.73 -
NODE_45594_length_6391_cov_22.934679:1793-6133   -            344 38353at7898          -            515   8.4e-13   46.3   5.8   1   2   1.9e-11   2.8e-09   34.7   2.4   237   437     4   214     2   249 0.73 -
NODE_45594_length_6391_cov_22.934679:1793-6133   -            344 38353at7898          -            515   8.4e-13   46.3   5.8   2   2   0.00017     0.025   11.7   0.1   235   313   258   336   244   343 0.84 -
NODE_295547_length_660_cov_0.909091:10-354       -            115 38353at7898          -            515   9.3e-13   46.2   0.8   1   2     2e-12   2.9e-10   37.9   0.1   290   361    10    81     4    90 0.90 -
NODE_295547_length_660_cov_0.909091:10-354       -            115 38353at7898          -            515   9.3e-13   46.2   0.8   2   2    0.0029      0.42    7.7   0.0   450   478    86   114    81   115 0.85 -
NODE_5268_length_14350_cov_40.480949:12179-14106 -            282 38353at7898          -            515   6.9e-10   36.7   2.4   1   2   4.5e-09   6.6e-07   26.9   0.7   254   352   101   204    93   207 0.84 -
NODE_5268_length_14350_cov_40.480949:12179-14106 -            282 38353at7898          -            515   6.9e-10   36.7   2.4   2   2    0.0036      0.53    7.4   0.0   319   353   239   272   233   280 0.85 -
NODE_94402_length_3927_cov_24.090125:2947-3147   -             67 38353at7898          -            515     2e-09   35.2   0.0   1   1   1.4e-11   2.1e-09   35.1   0.0   299   363     3    65     1    67 0.87 -
NODE_3148_length_16360_cov_29.584896:5599-12739  -            194 38353at7898          -            515   2.1e-09   35.1   1.2   1   3   1.3e-06   0.00018   18.8   0.1   297   365    22    92     9    96 0.78 -
NODE_3148_length_16360_cov_29.584896:5599-12739  -            194 38353at7898          -            515   2.1e-09   35.1   1.2   2   3   0.00047     0.069   10.3   0.1   454   491    97   134    92   156 0.80 -
NODE_3148_length_16360_cov_29.584896:5599-12739  -            194 38353at7898          -            515   2.1e-09   35.1   1.2   3   3     0.042       6.1    3.9   0.0   243   478   169   193   154   194 0.57 -
NODE_4547_length_14928_cov_36.355452:1-3010      -            347 38353at7898          -            515   3.5e-09   34.3   3.1   1   3   0.00074      0.11    9.7   0.2   261   329   111   180    94   196 0.78 -
NODE_4547_length_14928_cov_36.355452:1-3010      -            347 38353at7898          -            515   3.5e-09   34.3   3.1   2   3   1.8e-05    0.0026   15.0   0.0   222   267   199   244   193   252 0.94 -
NODE_4547_length_14928_cov_36.355452:1-3010      -            347 38353at7898          -            515   3.5e-09   34.3   3.1   3   3    0.0017      0.25    8.5   0.1   232   273   254   299   249   336 0.56 -
NODE_47112_length_6277_cov_39.555520:1398-5838   -            295 38353at7898          -            515   6.6e-09   33.5   0.7   1   2     0.074        11    3.1   0.1   336   355    31    50     8    69 0.66 -
NODE_47112_length_6277_cov_39.555520:1398-5838   -            295 38353at7898          -            515   6.6e-09   33.5   0.7   2   2   1.2e-09   1.7e-07   28.8   0.1   339   509    84   257    65   262 0.77 -
NODE_94329_length_3929_cov_43.464491:2022-2978   -            167 38353at7898          -            515   2.6e-08   31.5   0.4   1   3   9.8e-07   0.00014   19.2   0.1   298   352     4    60     1    64 0.84 -
NODE_94329_length_3929_cov_43.464491:2022-2978   -            167 38353at7898          -            515   2.6e-08   31.5   0.4   2   3      0.66        96   -0.1   0.1   468   495    66    93    60   108 0.83 -
NODE_94329_length_3929_cov_43.464491:2022-2978   -            167 38353at7898          -            515   2.6e-08   31.5   0.4   3   3   0.00099      0.14    9.2   0.0   214   267   109   163   103   166 0.84 -
NODE_3674_length_15765_cov_84.393974:998-12117   -            319 38353at7898          -            515   5.2e-08   30.5   2.0   1   2       0.7     1e+02   -0.2   0.0   448   476    16    44     7    52 0.80 -
NODE_3674_length_15765_cov_84.393974:998-12117   -            319 38353at7898          -            515   5.2e-08   30.5   2.0   2   2     1e-09   1.5e-07   29.0   0.8   302   423    97   226    74   234 0.76 -
NODE_773_length_22184_cov_29.524791:1893-20376   -            470 38353at7898          -            515   8.2e-08   29.8   2.4   1   3   2.6e-08   3.8e-06   24.3   0.7   318   443   150   273   139   276 0.87 -
NODE_773_length_22184_cov_29.524791:1893-20376   -            470 38353at7898          -            515   8.2e-08   29.8   2.4   2   3   6.7e-05    0.0097   13.1   0.0   320   362   230   272   226   291 0.89 -
NODE_773_length_22184_cov_29.524791:1893-20376   -            470 38353at7898          -            515   8.2e-08   29.8   2.4   3   3       1.4     2e+02   -1.1   0.0   291   359   294   366   287   373 0.57 -
NODE_10596_length_11776_cov_39.899632:7230-11684 -            767 38353at7898          -            515   9.1e-08   29.7   0.4   1   1   1.5e-09   2.2e-07   28.4   0.4   338   479   129   274    68   278 0.78 -
NODE_36803_length_7156_cov_37.722120:1521-5882   -            212 38353at7898          -            515   1.1e-07   29.4   0.0   1   1   9.3e-10   1.4e-07   29.1   0.0   254   362    88   199    63   206 0.76 -
NODE_348176_length_453_cov_0.864407:57-272       -             72 38353at7898          -            515   1.3e-07   29.2   0.1   1   2   1.9e-07   2.8e-05   21.5   0.0   457   502     5    57     2    57 0.83 -
NODE_348176_length_453_cov_0.864407:57-272       -             72 38353at7898          -            515   1.3e-07   29.2   0.1   2   2   0.00027     0.039   11.1   0.0   319   353    35    70    31    72 0.62 -
NODE_343800_length_464_cov_0.978082:64-408       -            115 38353at7898          -            515   2.7e-07   28.1   0.5   1   2   3.1e-06   0.00045   17.5   0.1   287   355     7    75     1    84 0.89 -
NODE_343800_length_464_cov_0.978082:64-408       -            115 38353at7898          -            515   2.7e-07   28.1   0.5   2   2   0.00089      0.13    9.4   0.1   455   481    90   115    82   115 0.86 -
NODE_88325_length_4142_cov_25.976008:3409-3906   -            166 38353at7898          -            515     3e-07   28.0   3.4   1   2   2.2e-07   3.2e-05   21.3   0.6   308   434     1   127     1   130 0.79 -
NODE_88325_length_4142_cov_25.976008:3409-3906   -            166 38353at7898          -            515     3e-07   28.0   3.4   2   2      0.01       1.5    5.9   0.1   313   350   131   166   129   166 0.90 -
NODE_140057_length_2675_cov_27.470109:237-1837   -            267 38353at7898          -            515   1.1e-06   26.2   0.3   1   2    0.0031      0.45    7.6   0.0   238   276    15    53     6    79 0.84 -
NODE_140057_length_2675_cov_27.470109:237-1837   -            267 38353at7898          -            515   1.1e-06   26.2   0.3   2   2   1.9e-05    0.0028   14.9   0.5   396   479   139   219   129   234 0.82 -
NODE_6043_length_13842_cov_40.399258:739-4274    -            318 38353at7898          -            515   2.8e-06   24.8   0.7   1   1   3.3e-08   4.7e-06   24.0   0.7   411   498     6   101     2   119 0.75 -
NODE_125820_length_3006_cov_42.138287:970-2430   -            487 38353at7898          -            515   9.5e-06   23.0   0.9   1   1   6.5e-08   9.5e-06   23.0   0.9   299   479   266   452   249   482 0.66 -
NODE_256_length_27342_cov_34.275924:12305-21962  -            271 38353at7898          -            515   1.2e-05   22.7   2.8   1   2   2.3e-05    0.0033   14.7   0.5   319   411    14   108     6   126 0.76 -
NODE_256_length_27342_cov_34.275924:12305-21962  -            271 38353at7898          -            515   1.2e-05   22.7   2.8   2   2    0.0022      0.32    8.1   0.1   445   506   195   264   119   271 0.76 -
NODE_748_length_22306_cov_88.036160:6988-12028   -            304 38353at7898          -            515   1.5e-05   22.4   1.2   1   1   1.7e-07   2.5e-05   21.6   0.5   334   435    81   190    66   230 0.63 -
NODE_32217_length_7629_cov_32.641567:632-7031    -            420 38353at7898          -            515   2.8e-05   21.5   3.2   1   3     0.099        14    2.6   0.2   283   356   138   215    87   235 0.66 -
NODE_32217_length_7629_cov_32.641567:632-7031    -            420 38353at7898          -            515   2.8e-05   21.5   3.2   2   3   0.00035     0.051   10.7   1.2   383   513   161   300   154   302 0.70 -
NODE_32217_length_7629_cov_32.641567:632-7031    -            420 38353at7898          -            515   2.8e-05   21.5   3.2   3   3    0.0017      0.25    8.4   0.0   234   271   350   387   332   403 0.90 -
NODE_17555_length_9871_cov_32.564777:1920-7550   -            429 38353at7898          -            515   5.5e-05   20.5   0.0   1   1   5.5e-07   7.9e-05   20.0   0.0   243   319   176   251   155   285 0.85 -
NODE_54619_length_5766_cov_27.977590:1499-4565   -            215 38353at7898          -            515   0.00037   17.8   0.1   1   1     3e-06   0.00044   17.5   0.1   328   449    71   201    53   214 0.73 -
NODE_28418_length_8081_cov_40.422200:2016-5414   -            290 38353at7898          -            515    0.0014   15.8   0.0   1   1   1.4e-05     0.002   15.4   0.0   334   484     3   166     1   182 0.78 -
NODE_17769_length_9825_cov_88.397388:1880-5204   -            935 38353at7898          -            515     0.002   15.3   2.4   1   2    0.0055      0.79    6.8   0.1   313   355   200   242   195   246 0.87 -
NODE_17769_length_9825_cov_88.397388:1880-5204   -            935 38353at7898          -            515     0.002   15.3   2.4   2   2    0.0027       0.4    7.8   0.3   230   313   255   337   244   354 0.80 -
NODE_16970_length_10006_cov_28.856061:2427-7982  -            500 38353at7898          -            515    0.0028   14.9   0.0   1   1    0.0003     0.044   10.9   0.0   232   338    36   141    20   143 0.60 -
NODE_16725_length_10059_cov_41.641968:4856-8058  -            391 38353at7898          -            515     0.006   13.8   0.0   1   1   6.4e-05    0.0093   13.2   0.0   238   320   254   337   230   346 0.85 -
NODE_26925_length_8281_cov_41.558176:2809-7068   -            326 38353at7898          -            515    0.0073   13.5   0.1   1   1    0.0001     0.015   12.5   0.1   280   355   213   296   128   316 0.68 -
NODE_12049_length_11292_cov_34.169660:763-4683   -            301 38353at7898          -            515     0.011   12.9   0.1   1   2     0.016       2.4    5.2   0.0   242   481    89   117    67   132 0.59 -
NODE_12049_length_11292_cov_34.169660:763-4683   -            301 38353at7898          -            515     0.011   12.9   0.1   2   2     0.018       2.6    5.1   0.0   285   496   190   241   173   276 0.59 -
NODE_1487_length_19493_cov_43.455760:81-9121     -           1450 38353at7898          -            515     0.075   10.2   3.5   1   3      0.26        37    1.3   0.1   407   483   996  1069   915  1078 0.76 -
NODE_1487_length_19493_cov_43.455760:81-9121     -           1450 38353at7898          -            515     0.075   10.2   3.5   2   3      0.55        79    0.2   0.0   443   502  1111  1176  1108  1177 0.82 -
NODE_1487_length_19493_cov_43.455760:81-9121     -           1450 38353at7898          -            515     0.075   10.2   3.5   3   3    0.0023      0.33    8.1   0.2   455   512  1164  1225  1151  1228 0.82 -
NODE_9363_length_12214_cov_32.392241:3904-11118  -            847 38353at7898          -            515      0.24    8.5   3.3   1   1    0.0025      0.36    7.9   3.3    46   112    72   141    66   147 0.83 -
NODE_27499_length_8202_cov_32.810934:772-7641    -            282 38353at7898          -            515       1.3    6.0  15.6   1   3   0.00055     0.079   10.1   0.3   415   495    23   112    10   118 0.72 -
NODE_27499_length_8202_cov_32.810934:772-7641    -            282 38353at7898          -            515       1.3    6.0  15.6   2   3      0.11        16    2.5   0.3   464   496   118   158   113   167 0.77 -
NODE_27499_length_8202_cov_32.810934:772-7641    -            282 38353at7898          -            515       1.3    6.0  15.6   3   3      0.58        85    0.1   4.2   443   498   200   271   178   281 0.65 -
#
# Program:         hmmsearch
# Version:         3.1b2 (February 2015)
# Pipeline mode:   SEARCH
# Query file:      /home/e1garcia/shotgun_PIRE/abyss/busco_downloads/lineages/actinopterygii_odb10/hmms/38353at7898.hmm
# Target file:     /home/e1garcia/shotgun_PIRE/pire_ssl_data_processing/plotosus_lineatus/busco_contigs_results-SPAdes_decontam_R1R2_noIsolate/run_actinopterygii_odb10/metaeuk_output/initial_results/contigs.modified.fasta.modified.fas
# Option settings: hmmsearch --domtblout /home/e1garcia/shotgun_PIRE/pire_ssl_data_processing/plotosus_lineatus/busco_contigs_results-SPAdes_decontam_R1R2_noIsolate/run_actinopterygii_odb10/hmmer_output/initial_run_results/38353at7898.out --cpu 1 /home/e1garcia/shotgun_PIRE/abyss/busco_downloads/lineages/actinopterygii_odb10/hmms/38353at7898.hmm /home/e1garcia/shotgun_PIRE/pire_ssl_data_processing/plotosus_lineatus/busco_contigs_results-SPAdes_decontam_R1R2_noIsolate/run_actinopterygii_odb10/metaeuk_output/initial_results/contigs.modified.fasta.modified.fas 
# Current dir:     /home/e1garcia/shotgun_PIRE/pire_ssl_data_processing/plotosus_lineatus
# Date:            Fri Aug 20 13:21:33 2021
# [ok]
