#                                                                                                        --- full sequence --- -------------- this domain -------------   hmm coord   ali coord   env coord
# target name                                    accession   tlen query name           accession   qlen   E-value  score  bias   #  of  c-Evalue  i-Evalue  score  bias  from    to  from    to  from    to  acc description of target
#                            ------------------- ---------- ----- -------------------- ---------- ----- --------- ------ ----- --- --- --------- --------- ------ ----- ----- ----- ----- ----- ----- ----- ---- ---------------------
NODE_19064_length_9566_cov_42.182318:647-6597    -            495 44544at7898          -            402  5.5e-178  590.2  17.0   1   3   6.9e-11   1.4e-08   32.3   0.0    19    68    10    68     5    86 0.81 -
NODE_19064_length_9566_cov_42.182318:647-6597    -            495 44544at7898          -            402  5.5e-178  590.2  17.0   2   3      0.16        34    1.4   0.2    75   101   123   151   112   162 0.67 -
NODE_19064_length_9566_cov_42.182318:647-6597    -            495 44544at7898          -            402  5.5e-178  590.2  17.0   3   3  5.7e-168  1.2e-165  549.5  10.5    79   401   163   493   153   494 0.92 -
NODE_28380_length_8086_cov_38.517841:1102-5433   -            457 44544at7898          -            402   1.3e-19   68.7   0.6   1   3   1.2e-18   2.5e-16   57.8   0.3   156   344    25   227    16   309 0.72 -
NODE_28380_length_8086_cov_38.517841:1102-5433   -            457 44544at7898          -            402   1.3e-19   68.7   0.6   2   3     0.046       9.5    3.2   0.0   198   268   249   323   235   333 0.78 -
NODE_28380_length_8086_cov_38.517841:1102-5433   -            457 44544at7898          -            402   1.3e-19   68.7   0.6   3   3    0.0075       1.5    5.8   0.0   266   308   401   449   398   457 0.80 -
NODE_3583_length_15861_cov_39.191346:11864-13432 -            523 44544at7898          -            402   1.8e-13   48.4   0.1   1   4       1.6   3.3e+02   -1.9   0.0   296   362   171   239   164   257 0.66 -
NODE_3583_length_15861_cov_39.191346:11864-13432 -            523 44544at7898          -            402   1.8e-13   48.4   0.1   2   4   0.00053      0.11    9.6   0.0   342   392   274   324   237   334 0.80 -
NODE_3583_length_15861_cov_39.191346:11864-13432 -            523 44544at7898          -            402   1.8e-13   48.4   0.1   3   4   1.1e-05    0.0023   15.1   0.0   314   389   341   417   333   428 0.77 -
NODE_3583_length_15861_cov_39.191346:11864-13432 -            523 44544at7898          -            402   1.8e-13   48.4   0.1   4   4   9.2e-07   0.00019   18.7   0.0   316   388   437   508   429   517 0.90 -
NODE_22356_length_8978_cov_35.855727:1681-2341   -            189 44544at7898          -            402   9.9e-13   45.9   0.7   1   2   4.6e-06   0.00096   16.4   0.0   255   302     3    52     1    61 0.85 -
NODE_22356_length_8978_cov_35.855727:1681-2341   -            189 44544at7898          -            402   9.9e-13   45.9   0.7   2   2   2.2e-09   4.6e-07   27.3   0.2   198   279    76   152    71   189 0.77 -
NODE_131703_length_2864_cov_34.004702:400-2166   -            589 44544at7898          -            402   3.5e-09   34.3   0.2   1   2   5.9e-05     0.012   12.7   0.0   261   383   321   452   305   465 0.69 -
NODE_131703_length_2864_cov_34.004702:400-2166   -            589 44544at7898          -            402   3.5e-09   34.3   0.2   2   2   3.1e-07   6.3e-05   20.2   0.1   309   382   473   545   417   552 0.78 -
NODE_53158_length_5862_cov_34.359014:1474-3102   -            543 44544at7898          -            402   5.2e-09   33.7   0.3   1   3   0.00013     0.026   11.6   0.0   326   389   260   323   242   330 0.90 -
NODE_53158_length_5862_cov_34.359014:1474-3102   -            543 44544at7898          -            402   5.2e-09   33.7   0.3   2   3     0.001      0.21    8.7   0.0   176   231   358   411   350   413 0.89 -
NODE_53158_length_5862_cov_34.359014:1474-3102   -            543 44544at7898          -            402   5.2e-09   33.7   0.3   3   3   4.2e-05    0.0088   13.2   0.0   316   388   392   463   388   470 0.86 -
NODE_49205_length_6129_cov_34.457877:1812-3285   -            474 44544at7898          -            402   7.9e-08   29.8   0.0   1   3    0.0042      0.88    6.6   0.0   334   386   236   289   228   300 0.74 -
NODE_49205_length_6129_cov_34.457877:1812-3285   -            474 44544at7898          -            402   7.9e-08   29.8   0.0   2   3   2.6e-06   0.00055   17.2   0.0   315   391   313   388   295   394 0.89 -
NODE_49205_length_6129_cov_34.457877:1812-3285   -            474 44544at7898          -            402   7.9e-08   29.8   0.0   3   3     0.082        17    2.4   0.0   315   382   407   474   402   474 0.84 -
NODE_2188_length_17803_cov_38.453061:2988-4595   -            536 44544at7898          -            402   9.5e-08   29.5   0.0   1   3   0.00077      0.16    9.1   0.0   178   232   273   325   266   347 0.81 -
NODE_2188_length_17803_cov_38.453061:2988-4595   -            536 44544at7898          -            402   9.5e-08   29.5   0.0   2   3    0.0018      0.36    7.9   0.0   318   381   355   419   342   435 0.81 -
NODE_2188_length_17803_cov_38.453061:2988-4595   -            536 44544at7898          -            402   9.5e-08   29.5   0.0   3   3   0.00099       0.2    8.7   0.0   315   384   449   518   441   531 0.81 -
NODE_16247_length_10168_cov_38.632337:327-1394   -            356 44544at7898          -            402   1.7e-07   28.7   0.8   1   4      0.34        71    0.3   0.0   342   379    15    54     7    57 0.81 -
NODE_16247_length_10168_cov_38.632337:327-1394   -            356 44544at7898          -            402   1.7e-07   28.7   0.8   2   4     0.067        14    2.7   0.0   225   284    81   136    62   147 0.74 -
NODE_16247_length_10168_cov_38.632337:327-1394   -            356 44544at7898          -            402   1.7e-07   28.7   0.8   3   4      0.42        87    0.0   0.0   177   235   134   190   130   221 0.70 -
NODE_16247_length_10168_cov_38.632337:327-1394   -            356 44544at7898          -            402   1.7e-07   28.7   0.8   4   4   2.7e-07   5.5e-05   20.4   0.2   214   297   231   310   218   322 0.82 -
NODE_44377_length_6488_cov_40.706057:2219-3985   -            589 44544at7898          -            402   2.9e-07   28.0   0.5   1   3   4.2e-06   0.00088   16.5   0.0   279   386   295   399   273   415 0.73 -
NODE_44377_length_6488_cov_40.706057:2219-3985   -            589 44544at7898          -            402   2.9e-07   28.0   0.5   2   3      0.25        52    0.8   0.0   173   205   442   475   424   481 0.83 -
NODE_44377_length_6488_cov_40.706057:2219-3985   -            589 44544at7898          -            402   2.9e-07   28.0   0.5   3   3    0.0021      0.44    7.6   0.1   315   382   477   545   470   552 0.81 -
NODE_14225_length_10670_cov_36.267808:2183-3775  -            531 44544at7898          -            402   4.5e-07   27.3   0.5   1   2   4.4e-05    0.0091   13.1   0.1   259   382   261   393   219   399 0.57 -
NODE_14225_length_10670_cov_36.267808:2183-3775  -            531 44544at7898          -            402   4.5e-07   27.3   0.5   2   2   1.3e-07   2.7e-05   21.5   0.5   176   382   283   487   281   494 0.75 -
NODE_45111_length_6426_cov_33.480797:2602-3465   -            181 44544at7898          -            402   7.2e-07   26.6   0.1   1   1   1.8e-08   3.8e-06   24.3   0.1   156   302    24   175    14   178 0.66 -
NODE_41132_length_6757_cov_31.726194:670-4222    -            366 44544at7898          -            402   2.8e-06   24.7   0.3   1   3      0.21        43    1.0   0.0   211   245    10    44     2    54 0.77 -
NODE_41132_length_6757_cov_31.726194:670-4222    -            366 44544at7898          -            402   2.8e-06   24.7   0.3   2   3      0.48     1e+02   -0.2   0.0   339   383   175   219   167   224 0.73 -
NODE_41132_length_6757_cov_31.726194:670-4222    -            366 44544at7898          -            402   2.8e-06   24.7   0.3   3   3   4.6e-07   9.5e-05   19.7   0.0   317   397   256   336   249   341 0.86 -
NODE_8284_length_12658_cov_31.316825:3228-5038   -            565 44544at7898          -            402   3.9e-06   24.2   0.9   1   2    0.0019      0.39    7.8   0.1   317   387   306   380   299   390 0.74 -
NODE_8284_length_12658_cov_31.316825:3228-5038   -            565 44544at7898          -            402   3.9e-06   24.2   0.9   2   2   2.7e-05    0.0055   13.9   0.0   316   384   404   472   391   487 0.80 -
NODE_5916_length_13929_cov_39.005857:743-2072    -            327 44544at7898          -            402     2e-05   21.9   0.1   1   3      0.55   1.1e+02   -0.4   0.0   327   386    79   140    65   151 0.69 -
NODE_5916_length_13929_cov_39.005857:743-2072    -            327 44544at7898          -            402     2e-05   21.9   0.1   2   3   1.8e-06   0.00037   17.7   0.0   315   382   164   232   153   238 0.81 -
NODE_5916_length_13929_cov_39.005857:743-2072    -            327 44544at7898          -            402     2e-05   21.9   0.1   3   3    0.0034       0.7    6.9   0.0   316   386   213   289   208   297 0.66 -
NODE_236_length_27665_cov_100.191069:10597-26291 -            580 44544at7898          -            402   2.1e-05   21.8   0.3   1   3       2.2   4.6e+02   -2.4   0.0   312   373   261   322   257   338 0.61 -
NODE_236_length_27665_cov_100.191069:10597-26291 -            580 44544at7898          -            402   2.1e-05   21.8   0.3   2   3      0.12        26    1.8   0.0   317   378   362   422   356   429 0.79 -
NODE_236_length_27665_cov_100.191069:10597-26291 -            580 44544at7898          -            402   2.1e-05   21.8   0.3   3   3   2.4e-06   0.00049   17.3   0.2   242   375   434   564   375   567 0.70 -
NODE_185778_length_1845_cov_94.415808:181-1746   -            522 44544at7898          -            402   3.2e-05   21.2   0.1   1   2     0.053        11    3.0   0.0   319   389   278   346   272   350 0.80 -
NODE_185778_length_1845_cov_94.415808:181-1746   -            522 44544at7898          -            402   3.2e-05   21.2   0.1   2   2   1.4e-06   0.00029   18.0   0.0   177   359   335   506   327   514 0.87 -
NODE_318342_length_540_cov_103.458050:82-525     -            148 44544at7898          -            402   3.4e-05   21.1   0.0   1   2   6.9e-05     0.014   12.5   0.0   319   385     2    68     1    83 0.75 -
NODE_318342_length_540_cov_103.458050:82-525     -            148 44544at7898          -            402   3.4e-05   21.1   0.0   2   2    0.0005       0.1    9.7   0.0   176   257    59   131    56   143 0.75 -
NODE_619_length_23157_cov_37.333897:13092-14684  -            531 44544at7898          -            402   5.7e-05   20.4   0.0   1   3    0.0034       0.7    6.9   0.0   328   378   258   308   249   319 0.87 -
NODE_619_length_23157_cov_37.333897:13092-14684  -            531 44544at7898          -            402   5.7e-05   20.4   0.0   2   3    0.0095         2    5.4   0.0   313   367   331   388   314   404 0.83 -
NODE_619_length_23157_cov_37.333897:13092-14684  -            531 44544at7898          -            402   5.7e-05   20.4   0.0   3   3     0.022       4.5    4.3   0.0   314   387   425   498   392   511 0.75 -
NODE_7658_length_12936_cov_34.539534:6969-11321  -            623 44544at7898          -            402   9.5e-05   19.7   0.1   1   2   8.8e-06    0.0018   15.4   0.0   212   259   428   478   391   504 0.77 -
NODE_7658_length_12936_cov_34.539534:6969-11321  -            623 44544at7898          -            402   9.5e-05   19.7   0.1   2   2     0.057        12    2.9   0.0   218   257   490   531   477   536 0.72 -
NODE_19185_length_9543_cov_30.696421:833-5395    -            443 44544at7898          -            402   0.00013   19.3   0.0   1   2    0.0008      0.17    9.0   0.0   258   382   207   332   182   343 0.69 -
NODE_19185_length_9543_cov_30.696421:833-5395    -            443 44544at7898          -            402   0.00013   19.3   0.0   2   2    0.0014       0.3    8.1   0.0   176   232   373   427   356   440 0.78 -
NODE_72534_length_4800_cov_33.488194:2604-4501   -            462 44544at7898          -            402   0.00014   19.1   0.2   1   2   0.00015      0.03   11.4   0.0   279   386   224   325   164   335 0.81 -
NODE_72534_length_4800_cov_33.488194:2604-4501   -            462 44544at7898          -            402   0.00014   19.1   0.2   2   2    0.0058       1.2    6.1   0.0   177   287   316   413   311   454 0.62 -
NODE_2188_length_17803_cov_38.453061:10268-11815 -            516 44544at7898          -            402   0.00028   18.1   0.9   1   2   6.9e-05     0.014   12.5   0.1   195   384   261   442   243   458 0.74 -
NODE_2188_length_17803_cov_38.453061:10268-11815 -            516 44544at7898          -            402   0.00028   18.1   0.9   2   2   6.9e-05     0.014   12.5   0.1   162   359   325   511   313   513 0.73 -
NODE_619_length_23157_cov_37.333897:10652-12238  -            529 44544at7898          -            402    0.0062   13.7   0.1   1   2    0.0092       1.9    5.5   0.0   325   390   346   411   293   422 0.76 -
NODE_619_length_23157_cov_37.333897:10652-12238  -            529 44544at7898          -            402    0.0062   13.7   0.1   2   2     0.022       4.5    4.3   0.0   330   385   445   501   428   514 0.75 -
NODE_47890_length_6223_cov_37.398269:5450-5605   -             52 44544at7898          -            402      0.02   12.0   0.0   1   1   9.8e-05      0.02   12.0   0.0   316   360     3    47     1    52 0.91 -
NODE_46079_length_6354_cov_41.233733:2036-3133   -            366 44544at7898          -            402     0.022   11.9   0.1   1   2     0.042       8.6    3.3   0.0   316   358   183   227   174   243 0.78 -
NODE_46079_length_6354_cov_41.233733:2036-3133   -            366 44544at7898          -            402     0.022   11.9   0.1   2   2    0.0052       1.1    6.3   0.0   174   228   243   295   235   305 0.83 -
NODE_75868_length_4647_cov_43.065963:1637-2683   -            349 44544at7898          -            402     0.033   11.3   0.0   1   1   0.00021     0.044   10.9   0.0   187   258   279   347   256   349 0.76 -
NODE_19414_length_9499_cov_29.252979:4619-4783   -             55 44544at7898          -            402     0.042   10.9   0.0   1   1    0.0002     0.042   10.9   0.0   317   362     4    49     1    55 0.88 -
#
# Program:         hmmsearch
# Version:         3.1b2 (February 2015)
# Pipeline mode:   SEARCH
# Query file:      /home/e1garcia/shotgun_PIRE/abyss/busco_downloads/lineages/actinopterygii_odb10/hmms/44544at7898.hmm
# Target file:     /home/e1garcia/shotgun_PIRE/pire_ssl_data_processing/plotosus_lineatus/busco_contigs_results-SPAdes_decontam_R1R2_noIsolate/run_actinopterygii_odb10/metaeuk_output/initial_results/contigs.modified.fasta.modified.fas
# Option settings: hmmsearch --domtblout /home/e1garcia/shotgun_PIRE/pire_ssl_data_processing/plotosus_lineatus/busco_contigs_results-SPAdes_decontam_R1R2_noIsolate/run_actinopterygii_odb10/hmmer_output/initial_run_results/44544at7898.out --cpu 1 /home/e1garcia/shotgun_PIRE/abyss/busco_downloads/lineages/actinopterygii_odb10/hmms/44544at7898.hmm /home/e1garcia/shotgun_PIRE/pire_ssl_data_processing/plotosus_lineatus/busco_contigs_results-SPAdes_decontam_R1R2_noIsolate/run_actinopterygii_odb10/metaeuk_output/initial_results/contigs.modified.fasta.modified.fas 
# Current dir:     /home/e1garcia/shotgun_PIRE/pire_ssl_data_processing/plotosus_lineatus
# Date:            Fri Aug 20 13:22:22 2021
# [ok]
