#                                                                                                      --- full sequence --- -------------- this domain -------------   hmm coord   ali coord   env coord
# target name                                  accession   tlen query name           accession   qlen   E-value  score  bias   #  of  c-Evalue  i-Evalue  score  bias  from    to  from    to  from    to  acc description of target
#                          ------------------- ---------- ----- -------------------- ---------- ----- --------- ------ ----- --- --- --------- --------- ------ ----- ----- ----- ----- ----- ----- ----- ---- ---------------------
NODE_62424_length_5309_cov_29.257006:1334-4663 -            517 47446at7898          -            410    2e-175  582.1  17.6   1   3   6.3e-15   9.1e-12   43.0   2.5     1    70     2    84     2    89 0.82 -
NODE_62424_length_5309_cov_29.257006:1334-4663 -            517 47446at7898          -            410    2e-175  582.1  17.6   2   3   3.3e-82   4.8e-79  264.6   2.3    60   220    98   268    94   276 0.94 -
NODE_62424_length_5309_cov_29.257006:1334-4663 -            517 47446at7898          -            410    2e-175  582.1  17.6   3   3   5.9e-88   8.5e-85  283.6   0.2   214   410   298   517   291   517 0.88 -
NODE_2708_length_16965_cov_4.712202:7365-8282  -            306 47446at7898          -            410   4.6e-11   40.7   0.4   1   2   5.8e-14   8.3e-11   39.9   0.4   227   387    28   202    22   215 0.68 -
NODE_2708_length_16965_cov_4.712202:7365-8282  -            306 47446at7898          -            410   4.6e-11   40.7   0.4   2   2       1.1   1.5e+03   -3.8   0.0   282   296   279   293   275   299 0.81 -
NODE_188199_length_1809_cov_28.750877:360-1673 -            233 47446at7898          -            410   0.00017   19.1   0.2   1   1   6.4e-07   0.00093   16.6   0.2   225   316    16   115     5   120 0.72 -
NODE_234108_length_1215_cov_0.804659:670-1212  -            181 47446at7898          -            410   0.00086   16.8   0.1   1   1   8.1e-07    0.0012   16.3   0.1   309   383     8    84     3    98 0.57 -
#
# Program:         hmmsearch
# Version:         3.1b2 (February 2015)
# Pipeline mode:   SEARCH
# Query file:      /home/e1garcia/shotgun_PIRE/abyss/busco_downloads/lineages/actinopterygii_odb10/hmms/47446at7898.hmm
# Target file:     /home/e1garcia/shotgun_PIRE/pire_ssl_data_processing/plotosus_lineatus/busco_contigs_results-SPAdes_decontam_R1R2_noIsolate/run_actinopterygii_odb10/metaeuk_output/initial_results/contigs.modified.fasta.modified.fas
# Option settings: hmmsearch --domtblout /home/e1garcia/shotgun_PIRE/pire_ssl_data_processing/plotosus_lineatus/busco_contigs_results-SPAdes_decontam_R1R2_noIsolate/run_actinopterygii_odb10/hmmer_output/initial_run_results/47446at7898.out --cpu 1 /home/e1garcia/shotgun_PIRE/abyss/busco_downloads/lineages/actinopterygii_odb10/hmms/47446at7898.hmm /home/e1garcia/shotgun_PIRE/pire_ssl_data_processing/plotosus_lineatus/busco_contigs_results-SPAdes_decontam_R1R2_noIsolate/run_actinopterygii_odb10/metaeuk_output/initial_results/contigs.modified.fasta.modified.fas 
# Current dir:     /home/e1garcia/shotgun_PIRE/pire_ssl_data_processing/plotosus_lineatus
# Date:            Fri Aug 20 13:34:02 2021
# [ok]
