#                                                                                                        --- full sequence --- -------------- this domain -------------   hmm coord   ali coord   env coord
# target name                                    accession   tlen query name           accession   qlen   E-value  score  bias   #  of  c-Evalue  i-Evalue  score  bias  from    to  from    to  from    to  acc description of target
#                            ------------------- ---------- ----- -------------------- ---------- ----- --------- ------ ----- --- --- --------- --------- ------ ----- ----- ----- ----- ----- ----- ----- ---- ---------------------
NODE_33421_length_7499_cov_40.033649:2331-6852   -            295 6305at7898           -           1053   5.9e-23   79.1   6.9   1   3   1.1e-05    0.0019   14.5   0.3   538   594    16    71     5    71 0.64 -
NODE_33421_length_7499_cov_40.033649:2331-6852   -            295 6305at7898           -           1053   5.9e-23   79.1   6.9   2   3   8.4e-16   1.4e-13   48.0   6.2   476   611    42   178    36   188 0.84 -
NODE_33421_length_7499_cov_40.033649:2331-6852   -            295 6305at7898           -           1053   5.9e-23   79.1   6.9   3   3   5.5e-08   9.4e-06   22.2   0.0   538   599   230   291   213   295 0.87 -
NODE_104650_length_3594_cov_29.295851:760-2201   -            410 6305at7898           -           1053   2.6e-16   57.1   5.6   1   2   8.6e-05     0.015   11.6   0.9   559   637   155   231   150   234 0.76 -
NODE_104650_length_3594_cov_29.295851:760-2201   -            410 6305at7898           -           1053   2.6e-16   57.1   5.6   2   2     1e-15   1.7e-13   47.8   0.3   510   638   233   358   231   363 0.91 -
NODE_23976_length_8706_cov_34.847798:5710-8501   -            293 6305at7898           -           1053   1.6e-14   51.2   8.7   1   4   1.6e-05    0.0028   14.0   0.3   516   595     3    80     1    87 0.55 -
NODE_23976_length_8706_cov_34.847798:5710-8501   -            293 6305at7898           -           1053   1.6e-14   51.2   8.7   2   4   3.9e-10   6.6e-08   29.3   0.2   546   632    90   174    85   181 0.89 -
NODE_23976_length_8706_cov_34.847798:5710-8501   -            293 6305at7898           -           1053   1.6e-14   51.2   8.7   3   4   1.8e-05    0.0031   13.8   0.1   538   601   166   226   162   234 0.86 -
NODE_23976_length_8706_cov_34.847798:5710-8501   -            293 6305at7898           -           1053   1.6e-14   51.2   8.7   4   4      0.11        18    1.3   0.0   351   389   243   280   236   284 0.78 -
NODE_5558_length_14155_cov_32.943796:597-7572    -            322 6305at7898           -           1053   6.6e-14   49.2   4.1   1   2   2.7e-13   4.6e-11   39.7   1.0   516   633    20   136    11   143 0.87 -
NODE_5558_length_14155_cov_32.943796:597-7572    -            322 6305at7898           -           1053   6.6e-14   49.2   4.1   2   2   0.00016     0.028   10.7   0.3   516   627   189   297   116   308 0.73 -
NODE_569_length_23596_cov_33.653105:4175-4966    -            264 6305at7898           -           1053   1.2e-13   48.3  11.8   1   3   2.4e-06   0.00041   16.7   0.4   537   570    42    75    17    82 0.72 -
NODE_569_length_23596_cov_33.653105:4175-4966    -            264 6305at7898           -           1053   1.2e-13   48.3  11.8   2   3   3.9e-12   6.7e-10   35.9   3.2   538   641    85   186    80   194 0.87 -
NODE_569_length_23596_cov_33.653105:4175-4966    -            264 6305at7898           -           1053   1.2e-13   48.3  11.8   3   3      0.49        84   -0.9   0.0   536   584   209   256   199   264 0.74 -
NODE_7500_length_13017_cov_33.997600:5056-12401  -            296 6305at7898           -           1053   8.1e-13   45.6   8.3   1   3   4.7e-05     0.008   12.5   0.0   520   597     6    83     1    88 0.87 -
NODE_7500_length_13017_cov_33.997600:5056-12401  -            296 6305at7898           -           1053   8.1e-13   45.6   8.3   2   3   2.2e-09   3.8e-07   26.8   1.3   513   638    89   206    84   211 0.83 -
NODE_7500_length_13017_cov_33.997600:5056-12401  -            296 6305at7898           -           1053   8.1e-13   45.6   8.3   3   3    0.0003     0.052    9.8   0.3    61   127   227   293   221   295 0.76 -
NODE_10596_length_11776_cov_39.899632:7230-11684 -            767 6305at7898           -           1053   1.7e-12   44.4   2.0   1   2   4.9e-05    0.0084   12.4   0.0   476   566    64   158    54   197 0.79 -
NODE_10596_length_11776_cov_39.899632:7230-11684 -            767 6305at7898           -           1053   1.7e-12   44.4   2.0   2   2   1.4e-10   2.4e-08   30.7   1.1   476   590   199   314   190   323 0.84 -
NODE_295547_length_660_cov_0.909091:10-354       -            115 6305at7898           -           1053   3.2e-11   40.3   0.7   1   1   2.1e-13   3.6e-11   40.1   0.7   539   637    18   114     9   115 0.88 -
NODE_4547_length_14928_cov_36.355452:1-3010      -            347 6305at7898           -           1053   4.7e-11   39.7   8.3   1   1     7e-12   1.2e-09   35.1   8.2   403   614   100   311    97   322 0.79 -
NODE_125820_length_3006_cov_42.138287:970-2430   -            487 6305at7898           -           1053   5.2e-11   39.6   3.5   1   2   5.4e-08   9.1e-06   22.2   0.1   520   600   246   326   239   337 0.90 -
NODE_125820_length_3006_cov_42.138287:970-2430   -            487 6305at7898           -           1053   5.2e-11   39.6   3.5   2   2   7.2e-07   0.00012   18.5   0.8   517   642   332   456   324   479 0.82 -
NODE_94402_length_3927_cov_24.090125:2947-3147   -             67 6305at7898           -           1053   9.7e-11   38.7   0.8   1   1   6.4e-13   1.1e-10   38.5   0.8   539   604     2    64     1    66 0.93 -
NODE_748_length_22306_cov_88.036160:6988-12028   -            304 6305at7898           -           1053   4.7e-10   36.4   4.1   1   2   4.4e-11   7.4e-09   32.4   0.8   527   637    76   187    56   202 0.85 -
NODE_748_length_22306_cov_88.036160:6988-12028   -            304 6305at7898           -           1053   4.7e-10   36.4   4.1   2   2    0.0073       1.2    5.2   0.1   508   590   216   294   194   303 0.73 -
NODE_94329_length_3929_cov_43.464491:2022-2978   -            167 6305at7898           -           1053   5.8e-10   36.1   4.7   1   2   9.3e-05     0.016   11.5   0.6   580   637     2    60     1    64 0.70 -
NODE_94329_length_3929_cov_43.464491:2022-2978   -            167 6305at7898           -           1053   5.8e-10   36.1   4.7   2   2   2.4e-09   4.1e-07   26.7   0.2   476   553    82   165    67   167 0.80 -
NODE_773_length_22184_cov_29.524791:1893-20376   -            470 6305at7898           -           1053   9.4e-10   35.4   3.1   1   2     0.053         9    2.4   0.0   561   608   152   196   137   203 0.67 -
NODE_773_length_22184_cov_29.524791:1893-20376   -            470 6305at7898           -           1053   9.4e-10   35.4   3.1   2   2   3.3e-11   5.5e-09   32.9   0.7   535   618   204   286   200   298 0.88 -
NODE_3674_length_15765_cov_84.393974:998-12117   -            319 6305at7898           -           1053   1.7e-09   34.5   1.3   1   1   1.5e-11   2.5e-09   34.0   1.3   535   640    89   195    84   237 0.87 -
NODE_6043_length_13842_cov_40.399258:739-4274    -            318 6305at7898           -           1053   1.2e-08   31.7   0.3   1   1   1.1e-10   1.9e-08   31.0   0.3   495   594    16   117     9   130 0.89 -
NODE_45594_length_6391_cov_22.934679:1793-6133   -            344 6305at7898           -           1053   4.9e-08   29.7   2.7   1   2   7.3e-07   0.00012   18.4   0.2   521   612     5    96     2   104 0.80 -
NODE_45594_length_6391_cov_22.934679:1793-6133   -            344 6305at7898           -           1053   4.9e-08   29.7   2.7   2   2   0.00011     0.019   11.2   0.3   511   594   126   209   100   221 0.53 -
NODE_5268_length_14350_cov_40.480949:12179-14106 -            282 6305at7898           -           1053   7.5e-08   29.1   6.3   1   2   1.3e-05    0.0022   14.3   1.8   538   640   101   207    81   209 0.74 -
NODE_5268_length_14350_cov_40.480949:12179-14106 -            282 6305at7898           -           1053   7.5e-08   29.1   6.3   2   2     2e-06   0.00035   17.0   0.2   559   599   238   276   233   281 0.85 -
NODE_36803_length_7156_cov_37.722120:1521-5882   -            212 6305at7898           -           1053     1e-07   28.7   0.0   1   2    0.0039      0.67    6.1   0.0   146   230    25   111    14   112 0.74 -
NODE_36803_length_7156_cov_37.722120:1521-5882   -            212 6305at7898           -           1053     1e-07   28.7   0.0   2   2   9.1e-08   1.5e-05   21.4   0.0   346   394   112   160   109   195 0.90 -
NODE_47112_length_6277_cov_39.555520:1398-5838   -            295 6305at7898           -           1053   1.4e-07   28.2   0.7   1   2   2.2e-08   3.8e-06   23.5   0.4   518   616    14   119     8   149 0.74 -
NODE_47112_length_6277_cov_39.555520:1398-5838   -            295 6305at7898           -           1053   1.4e-07   28.2   0.7   2   2     0.076        13    1.8   0.0   578   606   162   189   131   199 0.74 -
NODE_79179_length_4505_cov_22.620744:273-413     -             47 6305at7898           -           1053   7.5e-07   25.8   0.1   1   1   5.3e-09   9.1e-07   25.5   0.1   881   914     4    44     2    46 0.86 -
NODE_343800_length_464_cov_0.978082:64-408       -            115 6305at7898           -           1053   2.3e-06   24.2   0.4   1   2     4e-08   6.9e-06   22.6   0.1   534   601    12    81     4    91 0.77 -
NODE_343800_length_464_cov_0.978082:64-408       -            115 6305at7898           -           1053   2.3e-06   24.2   0.4   2   2      0.36        62   -0.4   0.0   530   552    93   113    79   115 0.61 -
NODE_348176_length_453_cov_0.864407:57-272       -             72 6305at7898           -           1053   2.5e-06   24.0   0.4   1   1   1.5e-08   2.5e-06   24.0   0.4   538   595    13    70     1    72 0.79 -
NODE_17336_length_9921_cov_29.852881:803-8008    -            294 6305at7898           -           1053   1.3e-05   21.7   7.3   1   2      0.04       6.8    2.8   0.0   535   604    21    48     8    65 0.54 -
NODE_17336_length_9921_cov_29.852881:803-8008    -            294 6305at7898           -           1053   1.3e-05   21.7   7.3   2   2   2.6e-07   4.5e-05   19.9   4.2   369   594    63   294    56   294 0.76 -
NODE_26925_length_8281_cov_41.558176:2809-7068   -            326 6305at7898           -           1053   3.7e-05   20.2   0.3   1   2   2.4e-05    0.0041   13.4   0.0   341   403   207   268   202   276 0.89 -
NODE_26925_length_8281_cov_41.558176:2809-7068   -            326 6305at7898           -           1053   3.7e-05   20.2   0.3   2   2      0.01       1.7    4.7   0.1   621   639   277   295   268   301 0.84 -
NODE_3148_length_16360_cov_29.584896:5599-12739  -            194 6305at7898           -           1053     5e-05   19.8   1.2   1   2   5.4e-05    0.0092   12.3   0.5   356   461    13   117     2   129 0.70 -
NODE_3148_length_16360_cov_29.584896:5599-12739  -            194 6305at7898           -           1053     5e-05   19.8   1.2   2   2    0.0033      0.56    6.4   0.0   347   379   163   194   157   194 0.85 -
NODE_88325_length_4142_cov_25.976008:3409-3906   -            166 6305at7898           -           1053   8.1e-05   19.1   1.3   1   2    0.0031      0.52    6.5   0.0   549   591     1    40     1    44 0.76 -
NODE_88325_length_4142_cov_25.976008:3409-3906   -            166 6305at7898           -           1053   8.1e-05   19.1   1.3   2   2   7.7e-05     0.013   11.8   0.3   510   591    87   165    68   166 0.63 -
NODE_17769_length_9825_cov_88.397388:1880-5204   -            935 6305at7898           -           1053   0.00053   16.4   2.9   1   3     9e-06    0.0015   14.8   0.7   493   600   226   340   207   354 0.76 -
NODE_17769_length_9825_cov_88.397388:1880-5204   -            935 6305at7898           -           1053   0.00053   16.4   2.9   2   3      0.56        95   -1.0   0.0   524   554   708   738   700   773 0.86 -
NODE_17769_length_9825_cov_88.397388:1880-5204   -            935 6305at7898           -           1053   0.00053   16.4   2.9   3   3      0.76   1.3e+02   -1.5   0.0   334   524   804   846   769   862 0.49 -
NODE_28418_length_8081_cov_40.422200:2016-5414   -            290 6305at7898           -           1053   0.00079   15.8   0.1   1   1   5.1e-06   0.00087   15.7   0.1   540   647   102   214    42   248 0.83 -
NODE_16970_length_10006_cov_28.856061:2427-7982  -            500 6305at7898           -           1053   0.00084   15.7   0.0   1   1   1.1e-05    0.0018   14.6   0.0   527   596     5    75     2    83 0.90 -
NODE_256_length_27342_cov_34.275924:12305-21962  -            271 6305at7898           -           1053    0.0017   14.7   1.3   1   2   0.00035      0.06    9.6   0.5   510   601     7    96     2   145 0.79 -
NODE_256_length_27342_cov_34.275924:12305-21962  -            271 6305at7898           -           1053    0.0017   14.7   1.3   2   2     0.017       2.8    4.0   0.0   516   594   192   271   173   271 0.80 -
NODE_13806_length_10781_cov_27.819041:3236-8937  -            146 6305at7898           -           1053    0.0021   14.4   0.5   1   1   1.5e-05    0.0025   14.1   0.5    52   151    27   139    14   145 0.72 -
NODE_54619_length_5766_cov_27.977590:1499-4565   -            215 6305at7898           -           1053    0.0085   12.4   0.1   1   1   5.4e-05    0.0092   12.3   0.1   538   595    82   138    58   188 0.79 -
NODE_37377_length_7101_cov_38.296487:1996-6166   -            371 6305at7898           -           1053     0.019   11.2   0.0   1   2      0.99   1.7e+02   -1.9   0.0   335   392    11    78     7    84 0.58 -
NODE_37377_length_7101_cov_38.296487:1996-6166   -            371 6305at7898           -           1053     0.019   11.2   0.0   2   2   0.00035     0.059    9.6   0.0   536   605    88   156    80   169 0.86 -
#
# Program:         hmmsearch
# Version:         3.1b2 (February 2015)
# Pipeline mode:   SEARCH
# Query file:      /home/e1garcia/shotgun_PIRE/abyss/busco_downloads/lineages/actinopterygii_odb10/hmms/6305at7898.hmm
# Target file:     /home/e1garcia/shotgun_PIRE/pire_ssl_data_processing/plotosus_lineatus/busco_contigs_results-SPAdes_decontam_R1R2_noIsolate/run_actinopterygii_odb10/metaeuk_output/initial_results/contigs.modified.fasta.modified.fas
# Option settings: hmmsearch --domtblout /home/e1garcia/shotgun_PIRE/pire_ssl_data_processing/plotosus_lineatus/busco_contigs_results-SPAdes_decontam_R1R2_noIsolate/run_actinopterygii_odb10/hmmer_output/initial_run_results/6305at7898.out --cpu 1 /home/e1garcia/shotgun_PIRE/abyss/busco_downloads/lineages/actinopterygii_odb10/hmms/6305at7898.hmm /home/e1garcia/shotgun_PIRE/pire_ssl_data_processing/plotosus_lineatus/busco_contigs_results-SPAdes_decontam_R1R2_noIsolate/run_actinopterygii_odb10/metaeuk_output/initial_results/contigs.modified.fasta.modified.fas 
# Current dir:     /home/e1garcia/shotgun_PIRE/pire_ssl_data_processing/plotosus_lineatus
# Date:            Fri Aug 20 13:32:06 2021
# [ok]
