#                                                                                                        --- full sequence --- -------------- this domain -------------   hmm coord   ali coord   env coord
# target name                                    accession   tlen query name           accession   qlen   E-value  score  bias   #  of  c-Evalue  i-Evalue  score  bias  from    to  from    to  from    to  acc description of target
#                            ------------------- ---------- ----- -------------------- ---------- ----- --------- ------ ----- --- --- --------- --------- ------ ----- ----- ----- ----- ----- ----- ----- ---- ---------------------
NODE_124192_length_3048_cov_2.420482:7-708       -            234 66372at7898          -            360   1.1e-82  276.2   0.0   1   1   4.3e-85   1.3e-82  276.0   0.0   115   337    10   234     3   234 0.97 -
NODE_47475_length_6253_cov_3.936952:2657-3628    -            324 66372at7898          -            360   1.2e-25   88.5   0.0   1   1   2.4e-26   6.9e-24   82.8   0.0    47   334     6   317     1   324 0.77 -
NODE_4138_length_15289_cov_4.642594:3288-4262    -            325 66372at7898          -            360   1.7e-25   88.0   0.0   1   1   1.7e-27     5e-25   86.5   0.0    48   340     5   323     1   325 0.76 -
NODE_14704_length_10546_cov_4.450177:554-1486    -            311 66372at7898          -            360   8.8e-25   85.7   0.2   1   1   8.8e-26   2.5e-23   80.9   0.2    54   337     1   308     1   311 0.82 -
NODE_2_length_64630_cov_4.005331:60194-61168     -            325 66372at7898          -            360   1.7e-21   74.9   0.0   1   1   1.1e-21   3.1e-19   67.5   0.0    51   337     3   325     1   325 0.75 -
NODE_1398_length_19765_cov_34.560917:5946-18874  -            223 66372at7898          -            360   3.8e-19   67.1   0.0   1   1   1.5e-21   4.3e-19   67.0   0.0   114   333     2   221     1   223 0.83 -
NODE_47475_length_6253_cov_3.936952:4400-5230    -            277 66372at7898          -            360   1.6e-18   65.1   0.0   1   1   6.4e-21   1.8e-18   64.9   0.0    52   336     1   277     1   277 0.88 -
NODE_289541_length_700_cov_1.016639:13-693       -            227 66372at7898          -            360   9.8e-15   52.6   0.0   1   2     1e-05     0.003   14.8   0.0    51    83     1    33     1    40 0.91 -
NODE_289541_length_700_cov_1.016639:13-693       -            227 66372at7898          -            360   9.8e-15   52.6   0.0   2   2   3.4e-12   9.9e-10   36.2   0.0   113   256    85   223    52   227 0.79 -
NODE_2_length_64630_cov_4.005331:41854-42726     -            291 66372at7898          -            360     3e-13   47.8   0.1   1   1   3.6e-14     1e-11   42.7   0.1    50   262     3   257     1   289 0.70 -
NODE_210963_length_1495_cov_1.841691:630-1433    -            268 66372at7898          -            360   5.3e-13   47.0   0.0   1   1     2e-15   5.9e-13   46.8   0.0    52   326     1   267     1   268 0.84 -
NODE_300251_length_630_cov_2.305085:98-625       -            176 66372at7898          -            360   5.5e-12   43.6   0.0   1   1     2e-14   5.8e-12   43.5   0.0   176   334     5   169     1   176 0.79 -
NODE_370_length_25704_cov_5.055575:6428-7426     -            333 66372at7898          -            360   5.2e-09   33.8   0.3   1   1   3.9e-10   1.1e-07   29.4   0.2    52   212     3   184     1   235 0.70 -
NODE_11292_length_11539_cov_36.071941:2720-10878 -            345 66372at7898          -            360   1.5e-06   25.7   0.1   1   2   4.2e-07   0.00012   19.5   0.1    47   259     6   221     2   233 0.75 -
NODE_11292_length_11539_cov_36.071941:2720-10878 -            345 66372at7898          -            360   1.5e-06   25.7   0.1   2   2       0.1        30    1.7   0.0   315   337   316   338   308   342 0.83 -
NODE_9492_length_12170_cov_40.773424:691-10199   -            271 66372at7898          -            360   5.1e-05   20.7   0.0   1   1   2.5e-07   7.4e-05   20.2   0.0   118   287    21   207    12   256 0.68 -
NODE_2_length_64630_cov_4.005331:39659-40255     -            199 66372at7898          -            360   0.00011   19.6   0.1   1   2   0.00021     0.061   10.6   0.0    51   107     3    61     1    78 0.74 -
NODE_2_length_64630_cov_4.005331:39659-40255     -            199 66372at7898          -            360   0.00011   19.6   0.1   2   2     0.002      0.57    7.4   0.0   216   256   158   198   121   199 0.75 -
NODE_148_length_30567_cov_4.526684:16114-17019   -            302 66372at7898          -            360   0.00013   19.4   0.1   1   2   0.00055      0.16    9.2   0.1    53    81     2    30     1    59 0.88 -
NODE_148_length_30567_cov_4.526684:16114-17019   -            302 66372at7898          -            360   0.00013   19.4   0.1   2   2    0.0012      0.34    8.1   0.0   226   275   181   231   157   254 0.84 -
NODE_2_length_64630_cov_4.005331:58095-59132     -            346 66372at7898          -            360    0.0044   14.3   0.0   1   2      0.46   1.3e+02   -0.4   0.0    53    78     3    28     1    41 0.86 -
NODE_2_length_64630_cov_4.005331:58095-59132     -            346 66372at7898          -            360    0.0044   14.3   0.0   2   2   7.9e-05     0.023   12.0   0.0   130   272   113   250    89   271 0.71 -
NODE_353972_length_439_cov_0.900000:100-438      -            113 66372at7898          -            360    0.0052   14.1   0.0   1   1     2e-05    0.0058   13.9   0.0   119   194     5    77     2    94 0.85 -
NODE_43336_length_6565_cov_35.092793:942-2296    -            100 66372at7898          -            360     0.011   13.0   0.0   1   1   3.9e-05     0.011   12.9   0.0   125   180    11    65     6    90 0.78 -
NODE_51380_length_5980_cov_27.937426:2141-3364   -            408 66372at7898          -            360     0.054   10.7   0.0   1   1   0.00029     0.084   10.1   0.0    61   112   205   257   186   268 0.87 -
#
# Program:         hmmsearch
# Version:         3.1b2 (February 2015)
# Pipeline mode:   SEARCH
# Query file:      /home/e1garcia/shotgun_PIRE/abyss/busco_downloads/lineages/actinopterygii_odb10/hmms/66372at7898.hmm
# Target file:     /home/e1garcia/shotgun_PIRE/pire_ssl_data_processing/plotosus_lineatus/busco_contigs_results-SPAdes_decontam_R1R2_noIsolate/run_actinopterygii_odb10/metaeuk_output/initial_results/contigs.modified.fasta.modified.fas
# Option settings: hmmsearch --domtblout /home/e1garcia/shotgun_PIRE/pire_ssl_data_processing/plotosus_lineatus/busco_contigs_results-SPAdes_decontam_R1R2_noIsolate/run_actinopterygii_odb10/hmmer_output/initial_run_results/66372at7898.out --cpu 1 /home/e1garcia/shotgun_PIRE/abyss/busco_downloads/lineages/actinopterygii_odb10/hmms/66372at7898.hmm /home/e1garcia/shotgun_PIRE/pire_ssl_data_processing/plotosus_lineatus/busco_contigs_results-SPAdes_decontam_R1R2_noIsolate/run_actinopterygii_odb10/metaeuk_output/initial_results/contigs.modified.fasta.modified.fas 
# Current dir:     /home/e1garcia/shotgun_PIRE/pire_ssl_data_processing/plotosus_lineatus
# Date:            Fri Aug 20 13:27:25 2021
# [ok]
