#                                                                                                        --- full sequence --- -------------- this domain -------------   hmm coord   ali coord   env coord
# target name                                    accession   tlen query name           accession   qlen   E-value  score  bias   #  of  c-Evalue  i-Evalue  score  bias  from    to  from    to  from    to  acc description of target
#                            ------------------- ---------- ----- -------------------- ---------- ----- --------- ------ ----- --- --- --------- --------- ------ ----- ----- ----- ----- ----- ----- ----- ---- ---------------------
NODE_8869_length_12418_cov_43.152042:2313-10428  -            315 76220at7898          -            398  6.3e-118  392.5  45.3   1   2     5e-54   5.2e-52  175.4   2.7     9   115     3   128     1   133 0.87 -
NODE_8869_length_12418_cov_43.152042:2313-10428  -            315 76220at7898          -            398  6.3e-118  392.5  45.3   2   2   1.4e-67   1.5e-65  220.0  35.8   106   255   144   315   126   315 0.88 -
NODE_52552_length_5902_cov_38.633465:880-2325    -            326 76220at7898          -            398   1.1e-07   29.5   1.6   1   1   1.8e-09   1.9e-07   28.7   1.6   263   368    93   203    82   222 0.76 -
NODE_2976_length_16597_cov_42.879804:3724-4299   -            101 76220at7898          -            398   2.1e-07   28.6   3.9   1   1   2.3e-09   2.4e-07   28.4   3.9   271   340    10    83     7    94 0.81 -
NODE_7117_length_13226_cov_39.223128:10597-12052 -            325 76220at7898          -            398   1.2e-05   22.8   0.8   1   1   1.8e-07   1.9e-05   22.1   0.8   248   336    37   136    14   160 0.74 -
NODE_82736_length_4361_cov_28.405913:1857-2753   -            299 76220at7898          -            398   1.3e-05   22.6   3.0   1   2      0.17        18    2.4   0.2     8    31   171   194   165   196 0.87 -
NODE_82736_length_4361_cov_28.405913:1857-2753   -            299 76220at7898          -            398   1.3e-05   22.6   3.0   2   2   5.7e-07     6e-05   20.5   0.4     3    65   196   256   194   298 0.75 -
NODE_1323_length_19960_cov_40.615729:1078-3015   -            310 76220at7898          -            398   2.1e-05   22.0   4.7   1   1     2e-07   2.1e-05   22.0   4.7   257   339    66   156    48   165 0.73 -
NODE_80681_length_4444_cov_29.037975:273-1622    -            266 76220at7898          -            398   2.9e-05   21.5   4.4   1   2   0.00026     0.028   11.7   0.3     4    31   180   207   178   209 0.94 -
NODE_80681_length_4444_cov_29.037975:273-1622    -            266 76220at7898          -            398   2.9e-05   21.5   4.4   2   2   0.00028      0.03   11.6   0.4     4    32   210   238   208   249 0.87 -
NODE_112700_length_3354_cov_34.105069:1245-2579  -            445 76220at7898          -            398   4.8e-05   20.8   7.4   1   3      0.38        41    1.3   0.1     8    31   299   322   293   324 0.85 -
NODE_112700_length_3354_cov_34.105069:1245-2579  -            445 76220at7898          -            398   4.8e-05   20.8   7.4   2   3     8e-06   0.00085   16.7   0.2     4    38   325   359   322   362 0.91 -
NODE_112700_length_3354_cov_34.105069:1245-2579  -            445 76220at7898          -            398   4.8e-05   20.8   7.4   3   3     0.017       1.7    5.8   0.6    12    32   361   381   355   392 0.79 -
NODE_15330_length_10394_cov_28.759106:7030-7518  -            163 76220at7898          -            398   8.2e-05   20.0   6.5   1   3     0.073       7.8    3.6   0.2     2    31    65    94    64    97 0.89 -
NODE_15330_length_10394_cov_28.759106:7030-7518  -            163 76220at7898          -            398   8.2e-05   20.0   6.5   2   3     4e-05    0.0043   14.4   0.1     4    39    97   132    94   134 0.91 -
NODE_15330_length_10394_cov_28.759106:7030-7518  -            163 76220at7898          -            398   8.2e-05   20.0   6.5   3   3     0.013       1.4    6.1   0.5     7    32   130   153   126   156 0.81 -
NODE_83946_length_4312_cov_19.526940:939-1781    -            281 76220at7898          -            398   9.1e-05   19.9   9.6   1   3    0.0077      0.81    6.9   0.4     2    31   184   213   183   215 0.89 -
NODE_83946_length_4312_cov_19.526940:939-1781    -            281 76220at7898          -            398   9.1e-05   19.9   9.6   2   3   0.00016     0.017   12.4   0.2     4    34   216   246   213   251 0.86 -
NODE_83946_length_4312_cov_19.526940:939-1781    -            281 76220at7898          -            398   9.1e-05   19.9   9.6   3   3     0.019         2    5.6   1.2     7    32   249   272   244   278 0.82 -
NODE_37863_length_7054_cov_30.989792:3917-5836   -            376 76220at7898          -            398   0.00021   18.7   1.1   1   1   4.3e-06   0.00046   17.6   1.1   274   338   158   226   152   250 0.78 -
NODE_7962_length_12812_cov_35.901911:8177-11598  -            313 76220at7898          -            398   0.00024   18.5   2.3   1   2     0.018       1.9    5.7   0.1     4    31   145   172   142   174 0.91 -
NODE_7962_length_12812_cov_35.901911:8177-11598  -            313 76220at7898          -            398   0.00024   18.5   2.3   2   2    0.0002     0.021   12.1   0.8     4    22   175   193   172   209 0.81 -
NODE_191204_length_1764_cov_30.690090:550-1353   -            231 76220at7898          -            398   0.00052   17.4   9.3   1   3     0.011       1.1    6.4   0.5     7    31   149   173   145   176 0.90 -
NODE_191204_length_1764_cov_30.690090:550-1353   -            231 76220at7898          -            398   0.00052   17.4   9.3   2   3   0.00063     0.066   10.5   0.1     4    31   176   203   174   206 0.93 -
NODE_191204_length_1764_cov_30.690090:550-1353   -            231 76220at7898          -            398   0.00052   17.4   9.3   3   3     0.021       2.2    5.5   0.6     4    31   206   231   204   231 0.89 -
NODE_4620_length_14853_cov_31.937780:7923-9089   -            389 76220at7898          -            398   0.00054   17.3   5.5   1   3      0.49        52    0.9   0.1     8    31   305   328   301   330 0.89 -
NODE_4620_length_14853_cov_31.937780:7923-9089   -            389 76220at7898          -            398   0.00054   17.3   5.5   2   3     2e-05    0.0021   15.4   0.2     4    37   331   364   328   367 0.87 -
NODE_4620_length_14853_cov_31.937780:7923-9089   -            389 76220at7898          -            398   0.00054   17.3   5.5   3   3      0.14        14    2.8   0.3     6    31   363   386   359   388 0.82 -
NODE_84845_length_4275_cov_18.963123:2132-3466   -            445 76220at7898          -            398   0.00054   17.3   5.6   1   3      0.58        61    0.7   0.1     8    31   314   337   310   339 0.89 -
NODE_84845_length_4275_cov_18.963123:2132-3466   -            445 76220at7898          -            398   0.00054   17.3   5.6   2   3   2.3e-05    0.0025   15.2   0.2     4    37   340   373   337   376 0.87 -
NODE_84845_length_4275_cov_18.963123:2132-3466   -            445 76220at7898          -            398   0.00054   17.3   5.6   3   3     0.095        10    3.3   0.3     7    32   373   396   369   405 0.82 -
NODE_49796_length_6089_cov_21.065275:1505-4911   -            494 76220at7898          -            398   0.00054   17.3   8.5   1   3    0.0006     0.063   10.5   0.1     4    31   318   345   316   348 0.94 -
NODE_49796_length_6089_cov_21.065275:1505-4911   -            494 76220at7898          -            398   0.00054   17.3   8.5   2   3    0.0093      0.99    6.6   0.9     4    31   348   375   346   377 0.91 -
NODE_49796_length_6089_cov_21.065275:1505-4911   -            494 76220at7898          -            398   0.00054   17.3   8.5   3   3     0.053       5.6    4.1   0.3     3    31   377   405   375   409 0.84 -
NODE_129408_length_2919_cov_26.369858:1469-2617  -            383 76220at7898          -            398   0.00058   17.2   5.8   1   3      0.48        51    0.9   0.1     8    31   299   322   295   324 0.89 -
NODE_129408_length_2919_cov_26.369858:1469-2617  -            383 76220at7898          -            398   0.00058   17.2   5.8   2   3   1.8e-05    0.0019   15.5   0.2     4    37   325   358   322   362 0.87 -
NODE_129408_length_2919_cov_26.369858:1469-2617  -            383 76220at7898          -            398   0.00058   17.2   5.8   3   3      0.12        12    3.0   0.3     6    31   357   380   353   382 0.82 -
NODE_10611_length_11771_cov_42.688657:7789-8307  -            173 76220at7898          -            398    0.0016   15.8  17.7   1   6     0.009      0.95    6.6   0.3     4    31     7    32     5    34 0.87 -
NODE_10611_length_11771_cov_42.688657:7789-8307  -            173 76220at7898          -            398    0.0016   15.8  17.7   2   6      0.22        23    2.1   0.1     4    31    35    60    32    63 0.83 -
NODE_10611_length_11771_cov_42.688657:7789-8307  -            173 76220at7898          -            398    0.0016   15.8  17.7   3   6   0.00034     0.036   11.3   0.7     4    31    63    88    59    99 0.89 -
NODE_10611_length_11771_cov_42.688657:7789-8307  -            173 76220at7898          -            398    0.0016   15.8  17.7   4   6       2.5   2.7e+02   -1.4   0.1     4    31    91   116    88   119 0.80 -
NODE_10611_length_11771_cov_42.688657:7789-8307  -            173 76220at7898          -            398    0.0016   15.8  17.7   5   6      0.11        11    3.1   0.2     4    31   119   144   116   147 0.86 -
NODE_10611_length_11771_cov_42.688657:7789-8307  -            173 76220at7898          -            398    0.0016   15.8  17.7   6   6      0.15        16    2.6   0.1     4    31   147   172   145   173 0.86 -
NODE_145428_length_2558_cov_27.942253:618-1098   -            124 76220at7898          -            398    0.0039   14.5   0.9   1   1   3.7e-05    0.0039   14.5   0.9   264   302    86   122    64   124 0.78 -
NODE_28800_length_8035_cov_38.827243:2486-3274   -            263 76220at7898          -            398    0.0073   13.6   0.1   1   4       7.4   7.8e+02   -3.0   0.2     7    29     1    23     1    29 0.82 -
NODE_28800_length_8035_cov_38.827243:2486-3274   -            263 76220at7898          -            398    0.0073   13.6   0.1   2   4   6.9e-05    0.0073   13.6   0.1     4    37    69   102    67   112 0.91 -
NODE_28800_length_8035_cov_38.827243:2486-3274   -            263 76220at7898          -            398    0.0073   13.6   0.1   3   4       2.2   2.3e+02   -1.2   0.0     4    20   129   145   128   160 0.75 -
NODE_28800_length_8035_cov_38.827243:2486-3274   -            263 76220at7898          -            398    0.0073   13.6   0.1   4   4         4   4.2e+02   -2.1   0.1     3    23   229   249   228   260 0.78 -
NODE_181930_length_1905_cov_16.717054:34-786     -            251 76220at7898          -            398    0.0097   13.2   0.1   1   1   0.00017     0.018   12.3   0.1     4    32   218   246   216   251 0.90 -
NODE_2149_length_17861_cov_33.772717:13948-17783 -            369 76220at7898          -            398      0.01   13.1   9.5   1   4       7.4   7.8e+02   -2.9   0.0   326   350   133   157   129   189 0.72 -
NODE_2149_length_17861_cov_33.772717:13948-17783 -            369 76220at7898          -            398      0.01   13.1   9.5   2   4      0.19        20    2.3   0.4     6    31   284   309   279   311 0.87 -
NODE_2149_length_17861_cov_33.772717:13948-17783 -            369 76220at7898          -            398      0.01   13.1   9.5   3   4     0.001      0.11    9.8   0.1     4    32   312   340   309   345 0.92 -
NODE_2149_length_17861_cov_33.772717:13948-17783 -            369 76220at7898          -            398      0.01   13.1   9.5   4   4     0.013       1.4    6.1   0.2     5    32   343   368   340   369 0.88 -
NODE_37105_length_7129_cov_33.879374:3632-4063   -            144 76220at7898          -            398     0.013   12.8   9.6   1   3    0.0038       0.4    7.9   0.2     5    31     2    26     1    28 0.87 -
NODE_37105_length_7129_cov_33.879374:3632-4063   -            144 76220at7898          -            398     0.013   12.8   9.6   2   3      0.12        12    3.0   0.1     4    31    29    54    26    57 0.88 -
NODE_37105_length_7129_cov_33.879374:3632-4063   -            144 76220at7898          -            398     0.013   12.8   9.6   3   3    0.0067       0.7    7.1   0.7     4    31    57    82    55   130 0.88 -
NODE_188791_length_1800_cov_27.794239:66-1037    -            324 76220at7898          -            398     0.013   12.8   0.1   1   1    0.0002     0.021   12.1   0.1     4    34   291   321   289   324 0.89 -
NODE_22974_length_8877_cov_38.028139:3017-3952   -            312 76220at7898          -            398      0.02   12.2   2.6   1   3   0.00078     0.082   10.1   0.1     4    31   219   246   217   253 0.89 -
NODE_22974_length_8877_cov_38.028139:3017-3952   -            312 76220at7898          -            398      0.02   12.2   2.6   2   3      0.42        45    1.1   0.5     4    32   249   275   246   283 0.84 -
NODE_22974_length_8877_cov_38.028139:3017-3952   -            312 76220at7898          -            398      0.02   12.2   2.6   3   3       3.7   3.9e+02   -2.0   0.1     4    31   277   302   274   305 0.78 -
NODE_48030_length_6212_cov_34.196957:3891-4358   -            156 76220at7898          -            398     0.048   10.9  13.3   1   4    0.0022      0.23    8.7   0.1     4    31    13    38    10    41 0.89 -
NODE_48030_length_6212_cov_34.196957:3891-4358   -            156 76220at7898          -            398     0.048   10.9  13.3   2   4     0.066       6.9    3.8   0.1     5    31    42    66    39    69 0.87 -
NODE_48030_length_6212_cov_34.196957:3891-4358   -            156 76220at7898          -            398     0.048   10.9  13.3   3   4      0.14        15    2.7   0.3     4    31    69    94    67    97 0.86 -
NODE_48030_length_6212_cov_34.196957:3891-4358   -            156 76220at7898          -            398     0.048   10.9  13.3   4   4      0.13        14    2.8   0.9     4    32    97   123    94   142 0.79 -
NODE_42345_length_6649_cov_23.203053:925-1350    -            142 76220at7898          -            398     0.068   10.4   5.0   1   3      0.12        13    2.9   0.1     4    31    21    46    19    48 0.88 -
NODE_42345_length_6649_cov_23.203053:925-1350    -            142 76220at7898          -            398     0.068   10.4   5.0   2   3     0.015       1.6    5.9   0.2     4    31    49    74    46    77 0.88 -
NODE_42345_length_6649_cov_23.203053:925-1350    -            142 76220at7898          -            398     0.068   10.4   5.0   3   3     0.098        10    3.2   0.1     4    28    77    99    75   109 0.88 -
NODE_1859_length_18520_cov_43.719179:1262-2407   -            382 76220at7898          -            398     0.077   10.2  24.6   1   7     0.019         2    5.6   0.5     4    31    53    78    51    88 0.85 -
NODE_1859_length_18520_cov_43.719179:1262-2407   -            382 76220at7898          -            398     0.077   10.2  24.6   2   7     0.029       3.1    5.0   0.2     4    31    81   106    79   109 0.84 -
NODE_1859_length_18520_cov_43.719179:1262-2407   -            382 76220at7898          -            398     0.077   10.2  24.6   3   7     0.024       2.5    5.2   0.2     4    31   109   134   107   144 0.84 -
NODE_1859_length_18520_cov_43.719179:1262-2407   -            382 76220at7898          -            398     0.077   10.2  24.6   4   7         2   2.1e+02   -1.1   0.0     4    31   137   162   135   173 0.83 -
NODE_1859_length_18520_cov_43.719179:1262-2407   -            382 76220at7898          -            398     0.077   10.2  24.6   5   7      0.49        52    0.9   0.2     4    31   221   246   219   255 0.87 -
NODE_1859_length_18520_cov_43.719179:1262-2407   -            382 76220at7898          -            398     0.077   10.2  24.6   6   7       2.4   2.6e+02   -1.4   0.0     4    31   249   274   247   278 0.83 -
NODE_1859_length_18520_cov_43.719179:1262-2407   -            382 76220at7898          -            398     0.077   10.2  24.6   7   7    0.0051      0.53    7.5   0.5     4    32   305   331   303   360 0.88 -
NODE_338257_length_478_cov_60.609499:1-426       -            142 76220at7898          -            398      0.12    9.6  11.0   1   3     0.011       1.1    6.4   0.4     5    32     2    27     1    52 0.86 -
NODE_338257_length_478_cov_60.609499:1-426       -            142 76220at7898          -            398      0.12    9.6  11.0   2   3    0.0097         1    6.5   0.3     4    32    57    83    55   107 0.88 -
NODE_338257_length_478_cov_60.609499:1-426       -            142 76220at7898          -            398      0.12    9.6  11.0   3   3     0.088       9.3    3.4   0.5    11    31   118   138   112   141 0.87 -
NODE_217116_length_1416_cov_23.518603:636-1052   -            139 76220at7898          -            398      0.12    9.6   9.2   1   3     0.034       3.6    4.8   0.2     5    31     2    26     1    29 0.85 -
NODE_217116_length_1416_cov_23.518603:636-1052   -            139 76220at7898          -            398      0.12    9.6   9.2   2   3    0.0014      0.15    9.3   0.4     4    31    29    54    27    57 0.87 -
NODE_217116_length_1416_cov_23.518603:636-1052   -            139 76220at7898          -            398      0.12    9.6   9.2   3   3      0.74        78    0.3   0.6     4    32    57    83    54    92 0.86 -
NODE_258913_length_956_cov_35.421237:329-922     -            198 76220at7898          -            398      0.19    8.9  16.3   1   5   0.00056     0.059   10.6   0.3     4    31    28    53    25    56 0.89 -
NODE_258913_length_956_cov_35.421237:329-922     -            198 76220at7898          -            398      0.19    8.9  16.3   2   5       0.1        11    3.2   1.9     4    32    56    82    53    91 0.86 -
NODE_258913_length_956_cov_35.421237:329-922     -            198 76220at7898          -            398      0.19    8.9  16.3   3   5       1.6   1.7e+02   -0.8   0.1     4    31    84   109    82   116 0.83 -
NODE_258913_length_956_cov_35.421237:329-922     -            198 76220at7898          -            398      0.19    8.9  16.3   4   5       4.4   4.7e+02   -2.2   0.0     9    31   117   137   108   144 0.80 -
NODE_258913_length_956_cov_35.421237:329-922     -            198 76220at7898          -            398      0.19    8.9  16.3   5   5     0.079       8.3    3.5   0.1     4    31   168   193   165   196 0.87 -
NODE_4036_length_15379_cov_47.491361:1953-2369   -            139 76220at7898          -            398      0.25    8.5   8.3   1   3     0.037       3.9    4.6   0.4     4    31    29    54    26    56 0.84 -
NODE_4036_length_15379_cov_47.491361:1953-2369   -            139 76220at7898          -            398      0.25    8.5   8.3   2   3     0.012       1.3    6.2   0.3     4    31    57    82    54    98 0.88 -
NODE_4036_length_15379_cov_47.491361:1953-2369   -            139 76220at7898          -            398      0.25    8.5   8.3   3   3      0.24        25    2.0   0.1     4    27   113   138   110   139 0.80 -
NODE_208800_length_1523_cov_27.341292:406-879    -            158 76220at7898          -            398      0.27    8.4  13.1   1   5     0.068       7.2    3.8   0.2     4    31    20    45    17    49 0.88 -
NODE_208800_length_1523_cov_27.341292:406-879    -            158 76220at7898          -            398      0.27    8.4  13.1   2   5      0.67        71    0.5   0.1     4    31    48    73    46    77 0.84 -
NODE_208800_length_1523_cov_27.341292:406-879    -            158 76220at7898          -            398      0.27    8.4  13.1   3   5      0.49        51    0.9   0.2     4    31    76   101    73   104 0.84 -
NODE_208800_length_1523_cov_27.341292:406-879    -            158 76220at7898          -            398      0.27    8.4  13.1   4   5      0.04       4.2    4.5   0.1     4    31   104   129   101   132 0.87 -
NODE_208800_length_1523_cov_27.341292:406-879    -            158 76220at7898          -            398      0.27    8.4  13.1   5   5     0.022       2.4    5.3   0.1     4    31   132   157   130   158 0.87 -
NODE_11561_length_11451_cov_33.825317:288-716    -            143 76220at7898          -            398      0.53    7.5  16.3   1   4      0.26        28    1.8   0.1     5    31     2    26     1    28 0.85 -
NODE_11561_length_11451_cov_33.825317:288-716    -            143 76220at7898          -            398      0.53    7.5  16.3   2   4    0.0063      0.67    7.1   4.4     4    36    29    59    26   102 0.69 -
NODE_11561_length_11451_cov_33.825317:288-716    -            143 76220at7898          -            398      0.53    7.5  16.3   3   4         2   2.1e+02   -1.1   0.1     6    31    87   110    83   113 0.78 -
NODE_11561_length_11451_cov_33.825317:288-716    -            143 76220at7898          -            398      0.53    7.5  16.3   4   4     0.023       2.4    5.3   1.0     4    31   113   138   110   142 0.88 -
NODE_110545_length_3417_cov_46.747740:861-1364   -            168 76220at7898          -            398      0.72    7.0   5.9   1   3       3.6   3.8e+02   -1.9   0.1     4    31    57    82    55    85 0.84 -
NODE_110545_length_3417_cov_46.747740:861-1364   -            168 76220at7898          -            398      0.72    7.0   5.9   2   3     0.087       9.1    3.4   0.2     4    31    85   110    82   119 0.87 -
NODE_110545_length_3417_cov_46.747740:861-1364   -            168 76220at7898          -            398      0.72    7.0   5.9   3   3     0.012       1.2    6.3   0.1     4    28   141   167   138   168 0.79 -
NODE_50614_length_6032_cov_38.878139:1282-1707   -            142 76220at7898          -            398      0.76    7.0  14.3   1   5     0.017       1.8    5.7   0.1     4    31     1    26     1    29 0.88 -
NODE_50614_length_6032_cov_38.878139:1282-1707   -            142 76220at7898          -            398      0.76    7.0  14.3   2   5       0.6        63    0.6   0.2     4    31    29    54    26    60 0.84 -
NODE_50614_length_6032_cov_38.878139:1282-1707   -            142 76220at7898          -            398      0.76    7.0  14.3   3   5      0.91        96    0.0   0.1     4    31    57    82    54    85 0.83 -
NODE_50614_length_6032_cov_38.878139:1282-1707   -            142 76220at7898          -            398      0.76    7.0  14.3   4   5    0.0036      0.38    8.0   1.1     4    31    85   110    82   117 0.87 -
NODE_50614_length_6032_cov_38.878139:1282-1707   -            142 76220at7898          -            398      0.76    7.0  14.3   5   5         4   4.2e+02   -2.1   0.1     9    31   118   138   110   139 0.74 -
NODE_10866_length_11689_cov_30.869974:1135-1566  -            144 76220at7898          -            398      0.87    6.8  18.7   1   5    0.0082      0.86    6.8   0.3     5    31     2    26     1    29 0.86 -
NODE_10866_length_11689_cov_30.869974:1135-1566  -            144 76220at7898          -            398      0.87    6.8  18.7   2   5      0.22        23    2.1   0.1     4    31    29    54    26    57 0.85 -
NODE_10866_length_11689_cov_30.869974:1135-1566  -            144 76220at7898          -            398      0.87    6.8  18.7   3   5      0.05       5.3    4.2   3.0     6    32    59    83    55   109 0.85 -
NODE_10866_length_11689_cov_30.869974:1135-1566  -            144 76220at7898          -            398      0.87    6.8  18.7   4   5       1.8   1.8e+02   -0.9   0.1     9    31    88   110    83   117 0.83 -
NODE_10866_length_11689_cov_30.869974:1135-1566  -            144 76220at7898          -            398      0.87    6.8  18.7   5   5     0.079       8.3    3.5   0.4     4    31   113   138   110   141 0.87 -
NODE_104505_length_3598_cov_49.865962:1226-2020  -            265 76220at7898          -            398       1.1    6.4  10.5   1   4       7.5   7.9e+02   -3.0   0.0     4    31    24    49    23    56 0.79 -
NODE_104505_length_3598_cov_49.865962:1226-2020  -            265 76220at7898          -            398       1.1    6.4  10.5   2   4     0.029         3    5.0   1.7     4    43    52    89    49   127 0.75 -
NODE_104505_length_3598_cov_49.865962:1226-2020  -            265 76220at7898          -            398       1.1    6.4  10.5   3   4    0.0084      0.89    6.7   0.2     4    32   136   162   133   174 0.88 -
NODE_104505_length_3598_cov_49.865962:1226-2020  -            265 76220at7898          -            398       1.1    6.4  10.5   4   4       4.7     5e+02   -2.3   0.0     7    31   195   217   188   229 0.81 -
NODE_35192_length_7316_cov_39.500069:1686-2102   -            139 76220at7898          -            398       1.7    5.8  10.4   1   3     0.072       7.6    3.7   0.5     5    31     2    26     1    30 0.84 -
NODE_35192_length_7316_cov_39.500069:1686-2102   -            139 76220at7898          -            398       1.7    5.8  10.4   2   3      0.83        88    0.2   0.1     4    31    29    54    27    57 0.84 -
NODE_35192_length_7316_cov_39.500069:1686-2102   -            139 76220at7898          -            398       1.7    5.8  10.4   3   3    0.0079      0.83    6.8   1.2     4    31    57    82    54   130 0.88 -
NODE_22162_length_9013_cov_32.932802:3084-3500   -            139 76220at7898          -            398       1.8    5.7  21.7   1   5     0.045       4.8    4.3   0.5     5    31     2    26     1    29 0.85 -
NODE_22162_length_9013_cov_32.932802:3084-3500   -            139 76220at7898          -            398       1.8    5.7  21.7   2   5     0.038         4    4.6   1.7     4    32    29    55    26    74 0.85 -
NODE_22162_length_9013_cov_32.932802:3084-3500   -            139 76220at7898          -            398       1.8    5.7  21.7   3   5       2.6   2.7e+02   -1.5   0.0    11    31    62    82    55    83 0.81 -
NODE_22162_length_9013_cov_32.932802:3084-3500   -            139 76220at7898          -            398       1.8    5.7  21.7   4   5     0.056       5.9    4.0   1.4     4    31    85   110    82   112 0.87 -
NODE_22162_length_9013_cov_32.932802:3084-3500   -            139 76220at7898          -            398       1.8    5.7  21.7   5   5     0.015       1.6    5.9   0.5     3    31   112   138   110   139 0.90 -
NODE_1406_length_19751_cov_73.779106:9675-10106  -            144 76220at7898          -            398       2.2    5.5   9.6   1   4     0.094       9.9    3.3   0.1     4    31     1    26     1    29 0.86 -
NODE_1406_length_19751_cov_73.779106:9675-10106  -            144 76220at7898          -            398       2.2    5.5   9.6   2   4     0.076         8    3.6   0.5     4    31    29    54    26    57 0.85 -
NODE_1406_length_19751_cov_73.779106:9675-10106  -            144 76220at7898          -            398       2.2    5.5   9.6   3   4     0.095        10    3.3   0.2     4    31    57    82    54    93 0.71 -
NODE_1406_length_19751_cov_73.779106:9675-10106  -            144 76220at7898          -            398       2.2    5.5   9.6   4   4       2.3   2.4e+02   -1.3   0.1     4    30   113   137   110   141 0.74 -
NODE_53990_length_5804_cov_38.493953:4475-4891   -            139 76220at7898          -            398       2.2    5.4  10.4   1   3     0.057         6    4.0   0.2     5    31     2    26     1    29 0.85 -
NODE_53990_length_5804_cov_38.493953:4475-4891   -            139 76220at7898          -            398       2.2    5.4  10.4   2   3     0.074       7.8    3.6   0.2     4    31    29    54    27    63 0.86 -
NODE_53990_length_5804_cov_38.493953:4475-4891   -            139 76220at7898          -            398       2.2    5.4  10.4   3   3     0.072       7.6    3.7   0.6     4    31   113   138   110   139 0.88 -
NODE_22304_length_8987_cov_33.803443:3714-4400   -            229 76220at7898          -            398       2.7    5.1  15.6   1   6      0.16        17    2.6   0.2     4    31    28    53    25    64 0.87 -
NODE_22304_length_8987_cov_33.803443:3714-4400   -            229 76220at7898          -            398       2.7    5.1  15.6   2   6      0.87        92    0.1   0.0     4    31    56    81    54    88 0.85 -
NODE_22304_length_8987_cov_33.803443:3714-4400   -            229 76220at7898          -            398       2.7    5.1  15.6   3   6       1.4   1.5e+02   -0.6   0.1     4    31    84   109    82   112 0.82 -
NODE_22304_length_8987_cov_33.803443:3714-4400   -            229 76220at7898          -            398       2.7    5.1  15.6   4   6      0.26        28    1.8   0.3     4    30   112   136   109   139 0.78 -
NODE_22304_length_8987_cov_33.803443:3714-4400   -            229 76220at7898          -            398       2.7    5.1  15.6   5   6       0.1        11    3.2   0.2     4    31   140   165   137   175 0.85 -
NODE_22304_length_8987_cov_33.803443:3714-4400   -            229 76220at7898          -            398       2.7    5.1  15.6   6   6     0.056       5.9    4.0   0.1     5    31   197   221   194   225 0.87 -
NODE_159741_length_2277_cov_42.789715:666-1733   -            356 76220at7898          -            398         3    5.0  13.0   1   5      0.23        24    2.0   0.1     5    31    33    57    31    59 0.86 -
NODE_159741_length_2277_cov_42.789715:666-1733   -            356 76220at7898          -            398         3    5.0  13.0   2   5      0.04       4.2    4.5   0.1     4    32    60    86    57    97 0.86 -
NODE_159741_length_2277_cov_42.789715:666-1733   -            356 76220at7898          -            398         3    5.0  13.0   3   5      0.21        23    2.1   0.1     4    31   116   141   114   145 0.86 -
NODE_159741_length_2277_cov_42.789715:666-1733   -            356 76220at7898          -            398         3    5.0  13.0   4   5      0.65        69    0.5   0.1     5    31   145   169   142   184 0.74 -
NODE_159741_length_2277_cov_42.789715:666-1733   -            356 76220at7898          -            398         3    5.0  13.0   5   5      0.78        83    0.3   0.2     4    37   236   267   234   280 0.85 -
NODE_109503_length_3446_cov_119.249477:1110-1538 -            143 76220at7898          -            398       3.2    4.9  15.6   1   4     0.057         6    4.0   0.4     8    31     4    25     1    38 0.84 -
NODE_109503_length_3446_cov_119.249477:1110-1538 -            143 76220at7898          -            398       3.2    4.9  15.6   2   4      0.27        28    1.8   0.3     4    31    56    81    53    85 0.88 -
NODE_109503_length_3446_cov_119.249477:1110-1538 -            143 76220at7898          -            398       3.2    4.9  15.6   3   4      0.14        15    2.7   0.5     4    31    84   109    81   112 0.87 -
NODE_109503_length_3446_cov_119.249477:1110-1538 -            143 76220at7898          -            398       3.2    4.9  15.6   4   4     0.014       1.4    6.0   0.6     4    31   112   137   109   141 0.87 -
NODE_3694_length_15746_cov_40.822905:4325-5134   -            270 76220at7898          -            398       3.8    4.7   7.8   1   3     0.024       2.6    5.2   0.6     2    33    56    85    55    89 0.82 -
NODE_3694_length_15746_cov_40.822905:4325-5134   -            270 76220at7898          -            398       3.8    4.7   7.8   2   3       6.5   6.9e+02   -2.8   0.0    12    31   118   137   109   147 0.80 -
NODE_3694_length_15746_cov_40.822905:4325-5134   -            270 76220at7898          -            398       3.8    4.7   7.8   3   3     0.097        10    3.2   0.3     3    35   213   243   210   248 0.89 -
NODE_179125_length_1948_cov_32.474851:547-963    -            139 76220at7898          -            398       3.8    4.6  18.6   1   5     0.017       1.8    5.8   0.5     5    31     2    26     1    29 0.86 -
NODE_179125_length_1948_cov_32.474851:547-963    -            139 76220at7898          -            398       3.8    4.6  18.6   2   5      0.41        44    1.2   0.3     4    31    29    54    27    58 0.86 -
NODE_179125_length_1948_cov_32.474851:547-963    -            139 76220at7898          -            398       3.8    4.6  18.6   3   5      0.74        78    0.3   0.7     4    31    57    82    54    84 0.82 -
NODE_179125_length_1948_cov_32.474851:547-963    -            139 76220at7898          -            398       3.8    4.6  18.6   4   5     0.022       2.3    5.4   0.1     4    31    85   110    82   113 0.89 -
NODE_179125_length_1948_cov_32.474851:547-963    -            139 76220at7898          -            398       3.8    4.6  18.6   5   5     0.094       9.9    3.3   0.1     4    31   113   138   111   139 0.87 -
NODE_13888_length_10761_cov_58.452073:8237-8653  -            139 76220at7898          -            398       4.3    4.5   9.1   1   4       0.4        43    1.2   0.5     4    31    24    49    21    56 0.86 -
NODE_13888_length_10761_cov_58.452073:8237-8653  -            139 76220at7898          -            398       4.3    4.5   9.1   2   4       4.4   4.6e+02   -2.2   0.0     4    31    52    77    50    78 0.77 -
NODE_13888_length_10761_cov_58.452073:8237-8653  -            139 76220at7898          -            398       4.3    4.5   9.1   3   4    0.0096         1    6.6   0.1     4    31    80   105    77   109 0.88 -
NODE_13888_length_10761_cov_58.452073:8237-8653  -            139 76220at7898          -            398       4.3    4.5   9.1   4   4       0.5        53    0.9   0.2     4    31   108   133   105   136 0.86 -
NODE_1581_length_19208_cov_34.594851:6939-7370   -            144 76220at7898          -            398       4.9    4.3   7.5   1   4      0.15        16    2.6   0.4     4    31    29    54    26    58 0.88 -
NODE_1581_length_19208_cov_34.594851:6939-7370   -            144 76220at7898          -            398       4.9    4.3   7.5   2   4     0.049       5.2    4.2   0.1     4    32    57    83    55    94 0.87 -
NODE_1581_length_19208_cov_34.594851:6939-7370   -            144 76220at7898          -            398       4.9    4.3   7.5   3   4       2.5   2.6e+02   -1.4   0.0     4    31    85   110    82   116 0.84 -
NODE_1581_length_19208_cov_34.594851:6939-7370   -            144 76220at7898          -            398       4.9    4.3   7.5   4   4      0.74        78    0.3   0.1     4    31   113   138   110   141 0.87 -
NODE_13760_length_10792_cov_36.465445:6378-6794  -            139 76220at7898          -            398       6.6    3.9  13.3   1   4       2.2   2.3e+02   -1.2   0.0     5    31     2    26     1    28 0.83 -
NODE_13760_length_10792_cov_36.465445:6378-6794  -            139 76220at7898          -            398       6.6    3.9  13.3   2   4      0.02       2.1    5.5   0.5     4    31    29    54    26    56 0.87 -
NODE_13760_length_10792_cov_36.465445:6378-6794  -            139 76220at7898          -            398       6.6    3.9  13.3   3   4       0.2        22    2.2   0.1     4    31    57    82    55    90 0.86 -
NODE_13760_length_10792_cov_36.465445:6378-6794  -            139 76220at7898          -            398       6.6    3.9  13.3   4   4      0.07       7.4    3.7   0.7     4    31   113   138   110   139 0.86 -
NODE_178983_length_1950_cov_41.879525:356-988    -            211 76220at7898          -            398       6.8    3.8  17.8   1   6     0.017       1.8    5.7   0.1     4    31    13    38    11    42 0.88 -
NODE_178983_length_1950_cov_41.879525:356-988    -            211 76220at7898          -            398       6.8    3.8  17.8   2   6       1.1   1.2e+02   -0.3   0.1     4    31    41    66    39    70 0.83 -
NODE_178983_length_1950_cov_41.879525:356-988    -            211 76220at7898          -            398       6.8    3.8  17.8   3   6       1.7   1.8e+02   -0.9   0.1     4    31    69    94    66    96 0.83 -
NODE_178983_length_1950_cov_41.879525:356-988    -            211 76220at7898          -            398       6.8    3.8  17.8   4   6      0.12        13    3.0   0.2     4    31    97   122    94   135 0.84 -
NODE_178983_length_1950_cov_41.879525:356-988    -            211 76220at7898          -            398       6.8    3.8  17.8   5   6       1.3   1.3e+02   -0.4   0.2     4    31   153   178   150   181 0.74 -
NODE_178983_length_1950_cov_41.879525:356-988    -            211 76220at7898          -            398       6.8    3.8  17.8   6   6     0.042       4.4    4.4   0.1     4    31   181   206   178   209 0.87 -
NODE_20802_length_9242_cov_38.203216:7885-8556   -            224 76220at7898          -            398       7.3    3.7   8.8   1   3       1.2   1.2e+02   -0.3   0.1     3    31   108   134   106   136 0.83 -
NODE_20802_length_9242_cov_38.203216:7885-8556   -            224 76220at7898          -            398       7.3    3.7   8.8   2   3      0.89        94    0.1   0.7     4    32   137   163   133   174 0.80 -
NODE_20802_length_9242_cov_38.203216:7885-8556   -            224 76220at7898          -            398       7.3    3.7   8.8   3   3    0.0067      0.71    7.1   0.3     4    33   193   221   191   224 0.79 -
NODE_73950_length_4733_cov_33.334484:1300-2451   -            384 76220at7898          -            398       7.4    3.7  13.5   1   5     0.004      0.42    7.8   0.0     4    33    24    53    22    64 0.84 -
NODE_73950_length_4733_cov_33.334484:1300-2451   -            384 76220at7898          -            398       7.4    3.7  13.5   2   5       9.8     1e+03   -3.4   0.1     3    31   218   244   217   253 0.78 -
NODE_73950_length_4733_cov_33.334484:1300-2451   -            384 76220at7898          -            398       7.4    3.7  13.5   3   5       6.2   6.6e+02   -2.7   0.5     4    34   275   303   273   319 0.74 -
NODE_73950_length_4733_cov_33.334484:1300-2451   -            384 76220at7898          -            398       7.4    3.7  13.5   4   5       7.2   7.6e+02   -2.9   0.2     5    31   304   328   300   331 0.86 -
NODE_73950_length_4733_cov_33.334484:1300-2451   -            384 76220at7898          -            398       7.4    3.7  13.5   5   5     0.042       4.5    4.4   0.5     3    31   358   384   356   384 0.91 -
NODE_82255_length_4379_cov_24.645794:1395-1868   -            158 76220at7898          -            398       8.1    3.6  11.9   1   3       2.5   2.6e+02   -1.4   0.4     8    31    24    45    19    59 0.83 -
NODE_82255_length_4379_cov_24.645794:1395-1868   -            158 76220at7898          -            398       8.1    3.6  11.9   2   3   0.00069     0.072   10.3   2.0     4    32    76   102    73   110 0.88 -
NODE_82255_length_4379_cov_24.645794:1395-1868   -            158 76220at7898          -            398       8.1    3.6  11.9   3   3       1.5   1.5e+02   -0.6   0.2     5    32   105   130   102   144 0.84 -
NODE_23062_length_8861_cov_34.929126:2606-3022   -            139 76220at7898          -            398       8.9    3.4  17.5   1   5      0.17        18    2.4   0.3     5    31     2    26     1    30 0.85 -
NODE_23062_length_8861_cov_34.929126:2606-3022   -            139 76220at7898          -            398       8.9    3.4  17.5   2   5    0.0019       0.2    8.9   1.9     4    32    29    55    26    60 0.88 -
NODE_23062_length_8861_cov_34.929126:2606-3022   -            139 76220at7898          -            398       8.9    3.4  17.5   3   5      0.47        49    1.0   0.4     4    32    57    83    55    93 0.82 -
NODE_23062_length_8861_cov_34.929126:2606-3022   -            139 76220at7898          -            398       8.9    3.4  17.5   4   5      0.49        52    0.9   0.2     4    31    85   110    81   117 0.85 -
NODE_23062_length_8861_cov_34.929126:2606-3022   -            139 76220at7898          -            398       8.9    3.4  17.5   5   5       1.5   1.6e+02   -0.7   0.1     4    31   113   138   110   139 0.79 -
#
# Program:         hmmsearch
# Version:         3.1b2 (February 2015)
# Pipeline mode:   SEARCH
# Query file:      /home/e1garcia/shotgun_PIRE/abyss/busco_downloads/lineages/actinopterygii_odb10/hmms/76220at7898.hmm
# Target file:     /home/e1garcia/shotgun_PIRE/pire_ssl_data_processing/plotosus_lineatus/busco_contigs_results-SPAdes_decontam_R1R2_noIsolate/run_actinopterygii_odb10/metaeuk_output/initial_results/contigs.modified.fasta.modified.fas
# Option settings: hmmsearch --domtblout /home/e1garcia/shotgun_PIRE/pire_ssl_data_processing/plotosus_lineatus/busco_contigs_results-SPAdes_decontam_R1R2_noIsolate/run_actinopterygii_odb10/hmmer_output/initial_run_results/76220at7898.out --cpu 1 /home/e1garcia/shotgun_PIRE/abyss/busco_downloads/lineages/actinopterygii_odb10/hmms/76220at7898.hmm /home/e1garcia/shotgun_PIRE/pire_ssl_data_processing/plotosus_lineatus/busco_contigs_results-SPAdes_decontam_R1R2_noIsolate/run_actinopterygii_odb10/metaeuk_output/initial_results/contigs.modified.fasta.modified.fas 
# Current dir:     /home/e1garcia/shotgun_PIRE/pire_ssl_data_processing/plotosus_lineatus
# Date:            Fri Aug 20 13:37:52 2021
# [ok]
