#                                                                                                         --- full sequence --- -------------- this domain -------------   hmm coord   ali coord   env coord
# target name                                     accession   tlen query name           accession   qlen   E-value  score  bias   #  of  c-Evalue  i-Evalue  score  bias  from    to  from    to  from    to  acc description of target
#                             ------------------- ---------- ----- -------------------- ---------- ----- --------- ------ ----- --- --- --------- --------- ------ ----- ----- ----- ----- ----- ----- ----- ---- ---------------------
NODE_80049_length_4468_cov_32.159075:2072-2923    -            284 92062at7898          -            276   6.5e-29   99.8  15.0   1   1   6.7e-29     2e-27   94.9  15.0    15   261     2   284     1   284 0.74 -
NODE_19587_length_9466_cov_70.608092:2091-2945    -            285 92062at7898          -            276   2.3e-20   71.7  13.5   1   1   1.9e-21   5.5e-20   70.5  13.5    16   265     2   280     1   285 0.78 -
NODE_111509_length_3388_cov_26.718455:1351-3309   -            268 92062at7898          -            276   2.8e-17   61.6  12.2   1   2       3.2        95    0.8   0.0    96   116    10    30     5    63 0.75 -
NODE_111509_length_3388_cov_26.718455:1351-3309   -            268 92062at7898          -            276   2.8e-17   61.6  12.2   2   2   9.4e-17   2.8e-15   55.1  10.0   123   272    74   247    51   251 0.71 -
NODE_53083_length_5867_cov_33.739771:3543-4247    -            235 92062at7898          -            276   1.9e-14   52.4   9.9   1   1   7.9e-16   2.3e-14   52.0   9.9    13   222     5   233     2   235 0.77 -
NODE_84928_length_4271_cov_24.895494:1218-2114    -            299 92062at7898          -            276   8.5e-13   46.9   8.2   1   2   1.9e-13   5.6e-12   44.2   5.3    26   138     7   117     1   149 0.78 -
NODE_84928_length_4271_cov_24.895494:1218-2114    -            299 92062at7898          -            276   8.5e-13   46.9   8.2   2   2      0.51        15    3.5   0.0   189   223   208   242   201   286 0.87 -
NODE_41658_length_6709_cov_36.871710:4661-5569    -            303 92062at7898          -            276   8.7e-13   46.9   8.6   1   2   4.3e-14   1.3e-12   46.4   5.3    27   147     8   128     1   139 0.82 -
NODE_41658_length_6709_cov_36.871710:4661-5569    -            303 92062at7898          -            276   8.7e-13   46.9   8.6   2   2       1.7        51    1.7   0.1   187   223   206   242   192   290 0.82 -
NODE_7302_length_13124_cov_34.206449:6237-11152   -            482 92062at7898          -            276   2.5e-12   45.4  14.7   1   2   1.2e-11   3.4e-10   38.4  11.7    19   167    26   180    12   220 0.78 -
NODE_7302_length_13124_cov_34.206449:6237-11152   -            482 92062at7898          -            276   2.5e-12   45.4  14.7   2   2     0.025      0.73    7.8   0.0   207   271   266   333   238   337 0.82 -
NODE_80314_length_4458_cov_33.054141:2089-2943    -            285 92062at7898          -            276   4.9e-12   44.4   1.5   1   1   2.7e-13   7.8e-12   43.8   1.5    13   158    14   171     8   219 0.76 -
NODE_108060_length_3490_cov_160.086700:2208-2753  -            182 92062at7898          -            276   6.9e-12   43.9   6.1   1   1   2.6e-13   7.6e-12   43.8   6.1    27   158     7   148     1   180 0.86 -
NODE_81460_length_4410_cov_33.311761:2014-2943    -            310 92062at7898          -            276   8.4e-12   43.7  11.4   1   1   1.1e-12   3.3e-11   41.7  11.4    23   183    30   198    16   308 0.79 -
NODE_9131_length_12307_cov_32.403342:7346-8473    -            376 92062at7898          -            276   1.3e-11   43.1   2.3   1   2   4.3e-13   1.3e-11   43.1   2.3    20   194     8   192     2   205 0.74 -
NODE_9131_length_12307_cov_32.403342:7346-8473    -            376 92062at7898          -            276   1.3e-11   43.1   2.3   2   2       5.4   1.6e+02    0.1   0.1   202   264   302   367   280   376 0.55 -
NODE_64416_length_5202_cov_28.944150:2824-3723    -            300 92062at7898          -            276   2.4e-11   42.2  10.8   1   2   8.5e-13   2.5e-11   42.1   6.7    26   136     7   115     1   161 0.84 -
NODE_64416_length_5202_cov_28.944150:2824-3723    -            300 92062at7898          -            276   2.4e-11   42.2  10.8   2   2       1.1        32    2.4   0.1   190   223   209   242   173   290 0.84 -
NODE_25897_length_8429_cov_35.371669:7413-8255    -            281 92062at7898          -            276   2.4e-11   42.2  13.3   1   1   1.9e-12   5.7e-11   40.9  13.3    22   266     9   278     2   281 0.73 -
NODE_3575_length_15869_cov_36.105073:12276-13226  -            317 92062at7898          -            276   2.5e-11   42.1   3.3   1   1   8.3e-13   2.5e-11   42.1   3.3     6   199     4   211     1   221 0.79 -
NODE_126707_length_2984_cov_25.423224:757-1800    -            348 92062at7898          -            276   2.6e-11   42.0   4.0   1   2   5.2e-12   1.5e-10   39.5   2.6    18   164     7   161     2   202 0.76 -
NODE_126707_length_2984_cov_25.423224:757-1800    -            348 92062at7898          -            276   2.6e-11   42.0   4.0   2   2       1.5        44    1.9   0.0   172   223   241   296   233   341 0.79 -
NODE_213494_length_1462_cov_25.473221:163-1140    -            326 92062at7898          -            276   3.4e-11   41.7   1.9   1   1   1.9e-12   5.5e-11   41.0   1.9    26   182    17   181     4   205 0.77 -
NODE_105138_length_3579_cov_25.631034:1263-2060   -            266 92062at7898          -            276   3.8e-11   41.5  13.7   1   1     2e-12     6e-11   40.9  13.7    49   266     1   246     1   253 0.71 -
NODE_5794_length_14001_cov_29.692634:6805-7698    -            298 92062at7898          -            276   4.7e-11   41.2   6.9   1   1   2.4e-12     7e-11   40.6   6.9    15   219    21   233    13   297 0.76 -
NODE_43731_length_6535_cov_39.017247:4178-5557    -            460 92062at7898          -            276   5.3e-11   41.0  11.5   1   2   5.3e-11   1.5e-09   36.2   5.8    20   143     6   137     2   197 0.81 -
NODE_43731_length_6535_cov_39.017247:4178-5557    -            460 92062at7898          -            276   5.3e-11   41.0  11.5   2   2     0.019      0.55    8.2   0.3   205   269   391   455   372   460 0.71 -
NODE_14104_length_10699_cov_222.011887:3869-4879  -            337 92062at7898          -            276   7.5e-11   40.5   5.4   1   2   2.6e-12   7.5e-11   40.5   5.4    19   152     6   144     1   206 0.74 -
NODE_14104_length_10699_cov_222.011887:3869-4879  -            337 92062at7898          -            276   7.5e-11   40.5   5.4   2   2       8.8   2.6e+02   -0.6   0.1   207   266   270   332   239   336 0.58 -
NODE_87436_length_4175_cov_25.278459:2971-3813    -            281 92062at7898          -            276     8e-11   40.5   5.0   1   1   4.2e-12   1.2e-10   39.8   5.0    10   151    12   159     5   221 0.78 -
NODE_85420_length_4250_cov_28.060467:1954-2517    -            188 92062at7898          -            276   8.4e-11   40.4   8.1   1   1   3.1e-12   9.2e-11   40.2   8.1    23   141     9   133     1   179 0.85 -
NODE_93507_length_3957_cov_34.328149:1728-2657    -            310 92062at7898          -            276   9.5e-11   40.2   5.1   1   2   3.2e-12   9.5e-11   40.2   5.1    19   202     9   199     2   208 0.78 -
NODE_93507_length_3957_cov_34.328149:1728-2657    -            310 92062at7898          -            276   9.5e-11   40.2   5.1   2   2       6.1   1.8e+02   -0.1   0.0   208   263   248   305   236   310 0.63 -
NODE_121974_length_3104_cov_25.705824:295-1173    -            293 92062at7898          -            276   1.1e-10   39.9  15.2   1   1   5.4e-12   1.6e-10   39.5  15.2    20   225    18   238     4   249 0.75 -
NODE_40490_length_6813_cov_34.383825:1715-2632    -            306 92062at7898          -            276   1.6e-10   39.4  10.4   1   1   6.9e-12     2e-10   39.1   9.6    25   149    28   152    17   260 0.74 -
NODE_11731_length_11395_cov_24.718307:1889-2863   -            325 92062at7898          -            276   2.2e-10   39.0   7.6   1   2     7e-11   2.1e-09   35.8   4.1    27   157    10   145     1   202 0.82 -
NODE_11731_length_11395_cov_24.718307:1889-2863   -            325 92062at7898          -            276   2.2e-10   39.0   7.6   2   2      0.19       5.6    4.9   0.1   183   267   231   321   212   324 0.72 -
NODE_21728_length_9081_cov_29.364952:2944-3570    -            209 92062at7898          -            276   2.3e-10   38.9   6.3   1   1     9e-12   2.6e-10   38.7   6.3    16   208     4   204     1   208 0.66 -
NODE_62218_length_5320_cov_25.033327:4216-5118    -            301 92062at7898          -            276   2.5e-10   38.8   7.1   1   2   8.6e-12   2.5e-10   38.8   7.1    21   145     2   126     1   168 0.78 -
NODE_62218_length_5320_cov_25.033327:4216-5118    -            301 92062at7898          -            276   2.5e-10   38.8   7.1   2   2       2.8        82    1.1   0.3   189   268   206   287   194   291 0.61 -
NODE_1060_length_20841_cov_35.666715:1362-2207    -            282 92062at7898          -            276   2.7e-10   38.7   8.1   1   1   1.2e-11   3.6e-10   38.3   7.6    31   186     6   174     1   207 0.64 -
NODE_24165_length_8676_cov_33.861956:115-1317     -            401 92062at7898          -            276   3.2e-10   38.5   1.7   1   1   1.1e-11   3.2e-10   38.5   1.7    14   148     7   153     3   218 0.68 -
NODE_62629_length_5297_cov_32.301462:3374-4324    -            317 92062at7898          -            276   3.5e-10   38.3   9.9   1   1   2.1e-11   6.2e-10   37.5   9.9    14   149    16   164     4   315 0.74 -
NODE_120233_length_3150_cov_28.613897:1480-2358   -            293 92062at7898          -            276     6e-10   37.6  13.5   1   1   2.7e-11   8.1e-10   37.2  13.5    19   226    16   237     2   266 0.73 -
NODE_23607_length_8769_cov_28.527336:3944-7584    -            254 92062at7898          -            276   7.7e-10   37.2   7.9   1   1   2.6e-11   7.7e-10   37.2   7.9    26   140     6   125     1   139 0.87 -
NODE_4439_length_15029_cov_33.935499:11567-12565  -            333 92062at7898          -            276   8.5e-10   37.1   4.6   1   1   2.9e-11   8.5e-10   37.1   4.6    21   157    10   150     2   207 0.71 -
NODE_78273_length_4543_cov_43.382538:824-1621     -            266 92062at7898          -            276   9.5e-10   36.9  10.8   1   1   4.4e-11   1.3e-09   36.5  10.8    31   259     9   261     2   265 0.69 -
NODE_18659_length_9644_cov_32.073965:967-1914     -            316 92062at7898          -            276   9.8e-10   36.9  15.9   1   1   4.5e-11   1.3e-09   36.5  15.9    18   230    42   266    25   303 0.75 -
NODE_71245_length_4861_cov_22.103108:1185-2666    -            494 92062at7898          -            276   1.1e-09   36.7  14.8   1   2   8.4e-10   2.5e-08   32.3   8.1    12   166    12   178     4   216 0.68 -
NODE_71245_length_4861_cov_22.103108:1185-2666    -            494 92062at7898          -            276   1.1e-09   36.7  14.8   2   2     0.015      0.44    8.5   0.5   194   264   414   486   397   493 0.69 -
NODE_11724_length_11398_cov_29.054784:8586-9380   -            265 92062at7898          -            276   1.2e-09   36.6   8.4   1   1   5.5e-11   1.6e-09   36.2   8.4    25   228     7   227     2   232 0.66 -
NODE_41648_length_6710_cov_31.697928:150-1154     -            335 92062at7898          -            276   1.2e-09   36.6  11.3   1   1   4.6e-10   1.4e-08   33.1  11.3    21   268    53   333    39   335 0.67 -
NODE_25625_length_8466_cov_43.749373:236-1399     -            388 92062at7898          -            276   1.5e-09   36.3  15.0   1   1     1e-10     3e-09   35.3  15.0    24   271    76   356    61   360 0.69 -
NODE_112614_length_3357_cov_26.272867:1694-2653   -            320 92062at7898          -            276   1.7e-09   36.1  10.7   1   1     1e-10     3e-09   35.3  10.7    16   147    14   145     9   220 0.68 -
NODE_71168_length_4865_cov_31.218632:1536-2465    -            310 92062at7898          -            276   1.8e-09   36.0   5.7   1   1   7.1e-11   2.1e-09   35.8   4.8    25   148    28   151    14   157 0.81 -
NODE_26760_length_8303_cov_27.617991:5458-6891    -            478 92062at7898          -            276   2.3e-09   35.7  13.0   1   2   2.7e-10     8e-09   33.9   6.0    11   198    19   219    10   228 0.73 -
NODE_26760_length_8303_cov_27.617991:5458-6891    -            478 92062at7898          -            276   2.3e-09   35.7  13.0   2   2     0.078       2.3    6.1   0.6   202   272   402   474   377   478 0.69 -
NODE_8155_length_12713_cov_33.174568:5568-7016    -            483 92062at7898          -            276   2.4e-09   35.6   8.8   1   2   1.3e-08   3.8e-07   28.4   5.9    23   151     6   139     1   177 0.76 -
NODE_8155_length_12713_cov_33.174568:5568-7016    -            483 92062at7898          -            276   2.4e-09   35.6   8.8   2   2     0.021       0.6    8.0   0.0   207   262   423   480   394   482 0.73 -
NODE_179967_length_1935_cov_26.953704:430-1083    -            218 92062at7898          -            276   2.5e-09   35.6   2.2   1   1     1e-10   2.9e-09   35.3   2.2    25   145    10   135     1   185 0.84 -
NODE_17522_length_9878_cov_85.149095:8039-9376    -            446 92062at7898          -            276   2.7e-09   35.4  15.7   1   1   1.3e-08   3.8e-07   28.4  15.7    18   259    65   343    47   349 0.68 -
NODE_176512_length_1991_cov_28.301797:367-1392    -            342 92062at7898          -            276   2.8e-09   35.4   6.0   1   2   9.4e-11   2.8e-09   35.4   6.0    22   158     7   149     1   208 0.74 -
NODE_176512_length_1991_cov_28.301797:367-1392    -            342 92062at7898          -            276   2.8e-09   35.4   6.0   2   2       9.4   2.8e+02   -0.7   0.1   186   228   250   295   240   339 0.65 -
NODE_19011_length_9576_cov_26.800253:6017-6955    -            313 92062at7898          -            276   3.4e-09   35.1  12.9   1   1   1.4e-10   4.1e-09   34.8  12.9    10   229    30   262    19   312 0.80 -
NODE_13584_length_10848_cov_27.011908:3023-4291   -            423 92062at7898          -            276   3.5e-09   35.1   6.9   1   2   4.3e-10   1.3e-08   33.2   4.0    26   168    36   184    16   214 0.79 -
NODE_13584_length_10848_cov_27.011908:3023-4291   -            423 92062at7898          -            276   3.5e-09   35.1   6.9   2   2       1.1        31    2.4   0.0   208   269   278   341   258   346 0.70 -
NODE_2939_length_16650_cov_27.818138:14215-15174  -            320 92062at7898          -            276   3.5e-09   35.1  15.0   1   1   1.7e-10   4.9e-09   34.6  15.0    18   227    14   237     2   266 0.72 -
NODE_106386_length_3541_cov_30.228356:681-1604    -            308 92062at7898          -            276   3.6e-09   35.0   6.0   1   1   2.1e-10   6.2e-09   34.3   6.0    25   133    26   139    13   226 0.71 -
NODE_124678_length_3036_cov_20.661900:610-1554    -            315 92062at7898          -            276   4.8e-09   34.6  15.8   1   1   2.2e-10   6.4e-09   34.2  15.8    11   229    24   255    17   281 0.75 -
NODE_138807_length_2702_cov_30.766808:1338-2123   -            262 92062at7898          -            276   4.9e-09   34.6   5.9   1   1   2.4e-10     7e-09   34.1   5.9    22   172    18   176    13   216 0.74 -
NODE_1049_length_20903_cov_27.833638:9389-10225   -            279 92062at7898          -            276   5.8e-09   34.4  15.7   1   1   2.4e-10     7e-09   34.1  15.7    13   216     3   212     1   277 0.83 -
NODE_20639_length_9272_cov_23.715687:556-1782     -            409 92062at7898          -            276   7.6e-09   34.0   4.3   1   1   2.6e-10   7.6e-09   34.0   4.3    25   136     5   121     1   178 0.79 -
NODE_112417_length_3362_cov_27.190929:1402-2601   -            400 92062at7898          -            276   7.8e-09   33.9   2.8   1   2   2.7e-10   7.8e-09   33.9   2.8    23   144    11   135     1   203 0.75 -
NODE_112417_length_3362_cov_27.190929:1402-2601   -            400 92062at7898          -            276   7.8e-09   33.9   2.8   2   2       6.1   1.8e+02   -0.1   0.0   202   236   330   365   312   400 0.54 -
NODE_10922_length_11670_cov_31.551119:10105-11178 -            358 92062at7898          -            276   9.4e-09   33.7   1.5   1   1   3.2e-10   9.4e-09   33.7   1.5    31   147     5   127     1   205 0.74 -
NODE_80296_length_4459_cov_31.609404:1760-2644    -            295 92062at7898          -            276   9.5e-09   33.6  11.0   1   1   6.1e-10   1.8e-08   32.7  11.0    19   231     6   246     2   287 0.78 -
NODE_1060_length_20841_cov_35.666715:14994-15839  -            282 92062at7898          -            276     1e-08   33.5   6.0   1   1   4.4e-10   1.3e-08   33.2   5.7    25   148     5   128     2   203 0.85 -
NODE_25732_length_8453_cov_32.170577:1987-5125    -            270 92062at7898          -            276   1.2e-08   33.3   6.9   1   1     6e-10   1.8e-08   32.8   6.9    25   207     6   194     1   232 0.71 -
NODE_181964_length_1904_cov_27.880332:591-1775    -            395 92062at7898          -            276   1.5e-08   33.0   8.4   1   2     5e-10   1.5e-08   33.0   8.4    22   153    29   166    18   211 0.79 -
NODE_181964_length_1904_cov_27.880332:591-1775    -            395 92062at7898          -            276   1.5e-08   33.0   8.4   2   2       5.7   1.7e+02    0.0   0.1   193   237   307   354   294   392 0.53 -
NODE_88823_length_4124_cov_29.582112:1235-2302    -            356 92062at7898          -            276   1.5e-08   33.0   5.9   1   1   5.2e-10   1.5e-08   33.0   5.9    31   176     2   151     1   181 0.80 -
NODE_72182_length_4815_cov_38.802799:3265-4170    -            302 92062at7898          -            276   1.7e-08   32.9   7.5   1   1   7.2e-10   2.1e-08   32.5   7.5    26   227    31   250    18   300 0.74 -
NODE_111290_length_3394_cov_29.791502:2100-2936   -            279 92062at7898          -            276   1.7e-08   32.8   9.9   1   1     3e-09   8.7e-08   30.5   9.9    22   263     9   273     2   279 0.65 -
NODE_6104_length_13805_cov_25.869546:10914-11705  -            264 92062at7898          -            276     2e-08   32.6   4.5   1   1   9.5e-10   2.8e-08   32.1   4.5    20   157     9   152     2   199 0.76 -
NODE_109726_length_3441_cov_19.101137:121-1566    -            482 92062at7898          -            276   2.5e-08   32.2   3.6   1   1   1.5e-09   4.5e-08   31.4   3.6    19   144    20   151     9   206 0.78 -
NODE_46972_length_6287_cov_30.448449:1633-2594    -            249 92062at7898          -            276   2.7e-08   32.1   4.5   1   1   1.7e-09   4.9e-08   31.3   4.5    44   239     2   217     1   249 0.71 -
NODE_31591_length_7700_cov_27.641363:2365-5863    -            317 92062at7898          -            276   3.9e-08   31.6   2.2   1   2   1.3e-09   3.9e-08   31.6   2.2    21   144    37   165    27   191 0.85 -
NODE_31591_length_7700_cov_27.641363:2365-5863    -            317 92062at7898          -            276   3.9e-08   31.6   2.2   2   2       5.6   1.6e+02    0.1   0.1   208   251   254   297   229   305 0.72 -
NODE_53195_length_5860_cov_25.500781:1680-2519    -            280 92062at7898          -            276     4e-08   31.6   8.7   1   2   5.5e-08   1.6e-06   26.3   4.0    18   138     8   135     1   145 0.75 -
NODE_53195_length_5860_cov_25.500781:1680-2519    -            280 92062at7898          -            276     4e-08   31.6   8.7   2   2     0.022      0.66    7.9   0.1   109   139   195   228   163   236 0.70 -
NODE_1060_length_20841_cov_35.666715:4212-5102    -            297 92062at7898          -            276   7.1e-08   30.8   5.4   1   1   3.2e-09   9.4e-08   30.4   5.2    25   146    13   134     4   211 0.83 -
NODE_178833_length_1953_cov_26.242718:730-1671    -            314 92062at7898          -            276   7.5e-08   30.7  11.9   1   1   5.7e-09   1.7e-07   29.5  11.9    22   268    32   312    20   314 0.68 -
NODE_9972_length_11992_cov_22.971832:4858-6240    -            461 92062at7898          -            276   8.2e-08   30.6   4.3   1   2   2.8e-09   8.2e-08   30.6   4.3    19   143    11   145     2   214 0.75 -
NODE_9972_length_11992_cov_22.971832:4858-6240    -            461 92062at7898          -            276   8.2e-08   30.6   4.3   2   2      0.43        13    3.7   0.6   194   268   381   454   359   460 0.57 -
NODE_97957_length_3805_cov_27.772531:2455-3606    -            384 92062at7898          -            276     1e-07   30.3   1.9   1   1   6.3e-09   1.9e-07   29.4   1.9    18   115    20   119     5   161 0.82 -
NODE_166_length_30120_cov_28.649878:28055-28780   -            242 92062at7898          -            276     1e-07   30.2  10.9   1   1   1.7e-08     5e-07   28.0  10.9    49   261     1   239     1   242 0.61 -
NODE_35309_length_7305_cov_29.464890:2377-3225    -            283 92062at7898          -            276   1.2e-07   30.0  15.3   1   1     1e-08     3e-07   28.7  15.3    22   262     4   273     1   283 0.62 -
NODE_31149_length_7756_cov_26.487920:5968-6888    -            307 92062at7898          -            276   1.3e-07   29.9  16.1   1   1   6.3e-09   1.9e-07   29.4  16.1    20   224    34   249    22   255 0.80 -
NODE_26544_length_8332_cov_38.634398:2360-4417    -            314 92062at7898          -            276   1.5e-07   29.7  14.3   1   2   1.4e-08     4e-07   28.3   7.9    26   138    17   134     5   200 0.77 -
NODE_26544_length_8332_cov_38.634398:2360-4417    -            314 92062at7898          -            276   1.5e-07   29.7  14.3   2   2      0.13       3.9    5.4   0.4   193   263   223   298   204   307 0.63 -
NODE_17672_length_9848_cov_26.209150:2994-4598    -            535 92062at7898          -            276   1.5e-07   29.7  14.5   1   2   3.7e-08   1.1e-06   26.9   7.4    20   142    35   165    22   224 0.73 -
NODE_17672_length_9848_cov_26.209150:2994-4598    -            535 92062at7898          -            276   1.5e-07   29.7  14.5   2   2     0.038       1.1    7.2   0.6   203   273   459   531   428   534 0.72 -
NODE_8196_length_12698_cov_28.451544:4304-5583    -            261 92062at7898          -            276   1.5e-07   29.7  10.8   1   1   7.8e-08   2.3e-06   25.8  10.8    35   236     1   227     1   260 0.62 -
NODE_101697_length_3686_cov_26.515194:2598-3347   -            250 92062at7898          -            276   1.6e-07   29.7   8.8   1   1   8.7e-09   2.5e-07   29.0   8.8    49   263     1   243     1   249 0.71 -
NODE_78060_length_4553_cov_24.454872:486-1331     -            282 92062at7898          -            276   2.2e-07   29.2   4.6   1   1   1.1e-08   3.4e-07   28.6   4.6    42   143    23   128     4   201 0.88 -
NODE_5468_length_14206_cov_66.202311:13055-13954  -            300 92062at7898          -            276   2.5e-07   29.0  13.2   1   1   2.8e-07   8.1e-06   24.0  13.2    24   142    21   146     7   294 0.67 -
NODE_61264_length_5373_cov_28.882821:1720-2766    -            349 92062at7898          -            276   2.6e-07   28.9  11.9   1   1   2.4e-08   7.2e-07   27.5  11.9     5   145    30   173    26   322 0.80 -
NODE_11299_length_11537_cov_32.793495:8738-9646   -            303 92062at7898          -            276   3.4e-07   28.5   2.9   1   1   3.8e-08   1.1e-06   26.8   2.9    27   166    29   173    20   257 0.76 -
NODE_24868_length_8574_cov_38.758112:1664-3911    -            309 92062at7898          -            276   3.7e-07   28.4   1.8   1   1   1.3e-08   3.7e-07   28.4   1.8    31   203     4   184     1   196 0.80 -
NODE_23899_length_8720_cov_29.800139:6614-7558    -            315 92062at7898          -            276   4.3e-07   28.2   9.7   1   1   1.3e-07   3.7e-06   25.1   9.7    21   168    28   183    12   273 0.66 -
NODE_91242_length_4039_cov_29.445431:1834-2760    -            309 92062at7898          -            276   4.5e-07   28.1   9.9   1   1   2.1e-08   6.2e-07   27.7   9.9    18   216    23   233    12   261 0.74 -
NODE_12067_length_11287_cov_30.362799:6053-7030   -            326 92062at7898          -            276   4.7e-07   28.1  12.8   1   2   2.4e-08     7e-07   27.5   9.7    20   198     9   201     2   214 0.71 -
NODE_12067_length_11287_cov_30.362799:6053-7030   -            326 92062at7898          -            276   4.7e-07   28.1  12.8   2   2       2.1        62    1.5   0.0   209   242   249   282   222   313 0.69 -
NODE_8533_length_12553_cov_36.144612:6252-7229    -            326 92062at7898          -            276   5.1e-07   28.0   3.1   1   1   1.7e-08   5.1e-07   28.0   3.1    20   180     4   163     1   194 0.80 -
NODE_8714_length_12479_cov_29.102019:1671-2904    -            286 92062at7898          -            276   5.2e-07   28.0  12.0   1   1   2.3e-08   6.7e-07   27.6  12.0    24   267    12   283     2   286 0.71 -
NODE_75388_length_4667_cov_32.912653:2071-3198    -            376 92062at7898          -            276   5.3e-07   27.9   8.8   1   1   2.5e-08   7.3e-07   27.5   8.8    19   226    34   259    20   312 0.70 -
NODE_102081_length_3674_cov_28.606434:1586-2515   -            310 92062at7898          -            276   5.4e-07   27.9   7.5   1   1   2.9e-08   8.6e-07   27.2   7.5    24   229    29   256    16   284 0.71 -
NODE_13196_length_10957_cov_28.443912:7256-8002   -            249 92062at7898          -            276     6e-07   27.7  16.5   1   1   3.9e-08   1.1e-06   26.8  16.5    49   230     1   204     1   247 0.63 -
NODE_67550_length_5039_cov_29.532186:3422-4411    -            330 92062at7898          -            276     6e-07   27.7   7.8   1   1   2.7e-08   8.1e-07   27.3   7.8    25   239    40   268    30   312 0.71 -
NODE_141214_length_2649_cov_33.051765:1681-2508   -            276 92062at7898          -            276   6.2e-07   27.7   9.1   1   1   2.8e-08   8.3e-07   27.3   9.1    28   220    10   214     2   228 0.73 -
NODE_116904_length_3237_cov_28.904079:909-1871    -            321 92062at7898          -            276   6.2e-07   27.7   6.2   1   2   6.6e-07   1.9e-05   22.8   4.7    64   176    54   174     3   206 0.68 -
NODE_116904_length_3237_cov_28.904079:909-1871    -            321 92062at7898          -            276   6.2e-07   27.7   6.2   2   2      0.25       7.4    4.5   0.0   208   265   256   316   232   320 0.80 -
NODE_50283_length_6054_cov_24.888665:2343-3203    -            287 92062at7898          -            276   6.8e-07   27.6   9.0   1   1   3.8e-08   1.1e-06   26.8   9.0    24   181    10   174     4   206 0.79 -
NODE_3385_length_16070_cov_25.970071:8398-9225    -            276 92062at7898          -            276   6.8e-07   27.6   6.5   1   1   3.6e-08   1.1e-06   26.9   6.5    26   157     5   140     2   195 0.78 -
NODE_85590_length_4244_cov_22.272135:2200-3324    -            375 92062at7898          -            276   8.3e-07   27.3   2.9   1   1   2.8e-08   8.3e-07   27.3   2.9    18   142     7   138     2   146 0.75 -
NODE_101803_length_3683_cov_26.174386:689-1702    -            338 92062at7898          -            276   8.4e-07   27.3  11.2   1   2   6.8e-08     2e-06   26.0   5.5    30   162    14   151     3   225 0.82 -
NODE_101803_length_3683_cov_26.174386:689-1702    -            338 92062at7898          -            276   8.4e-07   27.3  11.2   2   2      0.19       5.7    4.9   0.3   206   268   268   333   233   336 0.71 -
NODE_10337_length_11866_cov_27.380131:1172-2155   -            328 92062at7898          -            276   8.6e-07   27.2   8.4   1   1   2.9e-08   8.6e-07   27.2   8.4    21   194    10   199     2   214 0.74 -
NODE_6847_length_13378_cov_26.946457:6845-7714    -            290 92062at7898          -            276   9.8e-07   27.0  10.9   1   1   1.1e-06   3.3e-05   22.1  10.9    25   243     7   257     2   276 0.65 -
NODE_221994_length_1356_cov_23.914081:161-1021    -            287 92062at7898          -            276   1.2e-06   26.8  12.3   1   1     1e-07     3e-06   25.5  12.3    18   161    14   156     2   287 0.65 -
NODE_34981_length_7336_cov_73.561006:4288-5121    -            278 92062at7898          -            276   1.2e-06   26.7   9.8   1   1   6.8e-08     2e-06   26.0   9.8    19   226    11   236     4   273 0.66 -
NODE_81283_length_4418_cov_35.107432:320-1150     -            277 92062at7898          -            276   1.2e-06   26.7  10.1   1   1   1.3e-07   3.7e-06   25.1  10.1    30   220     9   221     2   277 0.56 -
NODE_8210_length_12693_cov_50.530491:10199-11576  -            367 92062at7898          -            276   1.4e-06   26.6   1.4   1   1   4.6e-08   1.4e-06   26.6   1.4    21   143    52   180    44   190 0.79 -
NODE_134165_length_2810_cov_23.551088:1843-2736   -            298 92062at7898          -            276   1.6e-06   26.3  10.6   1   1   7.3e-08   2.1e-06   25.9  10.6    25   267    11   276     4   280 0.70 -
NODE_11176_length_11582_cov_29.380650:1148-2092   -            315 92062at7898          -            276     2e-06   26.0   8.7   1   1     1e-07     3e-06   25.4   8.7    19   142    32   160    17   223 0.85 -
NODE_73935_length_4734_cov_31.025027:64-1071      -            336 92062at7898          -            276   2.1e-06   26.0  12.4   1   1   1.6e-07   4.6e-06   24.8  12.4    23   149    44   174    28   329 0.84 -
NODE_12299_length_11219_cov_65.201529:1986-2813   -            276 92062at7898          -            276   2.3e-06   25.8  10.5   1   1   9.2e-08   2.7e-06   25.6  10.1    25   147     4   126     1   249 0.72 -
NODE_11540_length_11457_cov_27.372601:1910-2677   -            256 92062at7898          -            276   3.3e-06   25.3  11.2   1   1   1.3e-07     4e-06   25.1  11.2    27   223     2   210     1   253 0.73 -
NODE_12696_length_11100_cov_32.525952:2392-4686   -            405 92062at7898          -            276   3.5e-06   25.2  16.0   1   2   1.2e-07   3.7e-06   25.2   8.8    15   139    23   152    11   206 0.76 -
NODE_12696_length_11100_cov_32.525952:2392-4686   -            405 92062at7898          -            276   3.5e-06   25.2  16.0   2   2      0.25       7.2    4.5   0.7   206   270   330   396   309   402 0.64 -
NODE_137652_length_2728_cov_33.046405:398-1165    -            256 92062at7898          -            276   3.8e-06   25.1  10.9   1   1   1.5e-07   4.4e-06   24.9  10.9    27   223     2   210     1   254 0.74 -
NODE_163586_length_2210_cov_25.057319:361-1377    -            339 92062at7898          -            276   4.2e-06   25.0  10.2   1   1   3.8e-07   1.1e-05   23.6  10.1    21   231    57   297    41   320 0.67 -
NODE_113306_length_3337_cov_30.789685:1651-2406   -            252 92062at7898          -            276   4.3e-06   24.9   0.5   1   1   1.7e-07   4.9e-06   24.7   0.3    50   193     6   156     1   197 0.80 -
NODE_42789_length_6613_cov_24.271262:2069-2899    -            277 92062at7898          -            276   5.3e-06   24.6   8.1   1   1   1.8e-07   5.3e-06   24.6   8.1    25   172     4   158     2   197 0.79 -
NODE_170711_length_2087_cov_24.574950:551-1378    -            276 92062at7898          -            276   5.4e-06   24.6   9.0   1   1   2.9e-07   8.5e-06   24.0   9.0    25   139     4   123     2   186 0.82 -
NODE_23031_length_8867_cov_29.754220:6885-7796    -            304 92062at7898          -            276   5.6e-06   24.6  14.1   1   1   7.2e-07   2.1e-05   22.7  14.1    25   243    33   273    17   286 0.71 -
NODE_86734_length_4201_cov_18.457094:791-1687     -            299 92062at7898          -            276   6.3e-06   24.4   9.9   1   1   2.8e-07   8.4e-06   24.0   9.9    17   225    34   254    20   287 0.72 -
NODE_70554_length_4893_cov_28.756779:2198-3049    -            284 92062at7898          -            276   8.5e-06   24.0  11.1   1   1   4.8e-07   1.4e-05   23.2  11.1    25   164     7   158     1   247 0.74 -
NODE_41989_length_6681_cov_31.787147:3076-6134    -            279 92062at7898          -            276   1.2e-05   23.4  11.9   1   1   1.6e-06   4.8e-05   21.5  11.9    40   263    20   272     5   278 0.68 -
NODE_34219_length_7414_cov_29.469446:1089-2084    -            332 92062at7898          -            276   1.3e-05   23.3  10.4   1   1   6.8e-07     2e-05   22.7  10.4    22   228    46   272    29   311 0.70 -
NODE_68204_length_5007_cov_25.977180:2297-3160    -            288 92062at7898          -            276   1.4e-05   23.3   9.1   1   1   4.7e-07   1.4e-05   23.3   9.1    19   144    21   157    11   197 0.78 -
NODE_21013_length_9208_cov_35.105829:6884-8011    -            376 92062at7898          -            276   1.5e-05   23.2   8.4   1   2   0.00011    0.0033   15.5   6.3    15   159    37   186    31   247 0.72 -
NODE_21013_length_9208_cov_35.105829:6884-8011    -            376 92062at7898          -            276   1.5e-05   23.2   8.4   2   2     0.056       1.6    6.6   0.0   202   259   310   371   271   375 0.72 -
NODE_314289_length_555_cov_75.276316:0-533        -            178 92062at7898          -            276   1.6e-05   23.1   1.7   1   1   6.1e-07   1.8e-05   22.9   1.7    50   146    22   125     4   174 0.76 -
NODE_40497_length_6812_cov_37.894533:4265-5209    -            315 92062at7898          -            276   1.6e-05   23.1  12.3   1   1   7.5e-07   2.2e-05   22.6  12.3    19   221    36   261    16   275 0.68 -
NODE_108076_length_3490_cov_24.988794:240-1139    -            253 92062at7898          -            276   1.6e-05   23.0  10.9   1   1     2e-06     6e-05   21.2  10.9    44   226     2   208     1   252 0.64 -
NODE_3390_length_16064_cov_34.226370:6092-7609    -            506 92062at7898          -            276   1.6e-05   23.0   6.4   1   2   5.6e-07   1.6e-05   23.0   6.4    15   140    47   182    37   256 0.68 -
NODE_3390_length_16064_cov_34.226370:6092-7609    -            506 92062at7898          -            276   1.6e-05   23.0   6.4   2   2      0.54        16    3.4   0.7   206   271   431   498   402   503 0.69 -
NODE_97762_length_3812_cov_24.076757:453-1529     -            359 92062at7898          -            276   1.7e-05   23.0   7.2   1   2   1.2e-06   3.5e-05   21.9   4.2    19   142    41   171    20   189 0.75 -
NODE_97762_length_3812_cov_24.076757:453-1529     -            359 92062at7898          -            276   1.7e-05   23.0   7.2   2   2       1.8        53    1.7   0.0   195   234   252   291   224   341 0.59 -
NODE_58412_length_5536_cov_24.723929:3723-4601    -            293 92062at7898          -            276   2.1e-05   22.7   4.5   1   1   1.3e-06   3.9e-05   21.8   4.3    22   147    69   200    59   248 0.72 -
NODE_2729_length_16934_cov_37.919513:1276-2130    -            285 92062at7898          -            276   2.3e-05   22.5   7.2   1   1   6.4e-06   0.00019   19.5   7.2    26   224     9   230     3   275 0.64 -
NODE_2673_length_17041_cov_29.859049:2523-3410    -            296 92062at7898          -            276     3e-05   22.2  12.3   1   1   2.5e-06   7.4e-05   20.9  12.3    22   142    12   137     3   253 0.70 -
NODE_135034_length_2788_cov_27.492004:1830-2657   -            276 92062at7898          -            276     3e-05   22.1   7.7   1   1   1.7e-06   5.1e-05   21.4   7.7    25   140     4   124     2   148 0.82 -
NODE_17526_length_9877_cov_41.260994:3742-7312    -            464 92062at7898          -            276   3.1e-05   22.1   6.7   1   2   3.2e-06   9.4e-05   20.5   1.7    78   201    55   181    22   200 0.74 -
NODE_17526_length_9877_cov_41.260994:3742-7312    -            464 92062at7898          -            276   3.1e-05   22.1   6.7   2   2      0.24       7.1    4.5   0.3   206   254   213   265   182   284 0.75 -
NODE_30280_length_7857_cov_33.995617:1012-3892    -            301 92062at7898          -            276   3.1e-05   22.1   6.0   1   1   1.5e-06   4.4e-05   21.6   6.0    19   172     4   162     1   204 0.78 -
NODE_129928_length_2907_cov_26.252493:98-1084     -            329 92062at7898          -            276   3.8e-05   21.8  11.4   1   1   1.7e-06   4.9e-05   21.5  11.4    14   177    28   198    20   313 0.81 -
NODE_16014_length_10228_cov_34.449403:2419-3276   -            286 92062at7898          -            276   4.4e-05   21.6   4.0   1   1   2.6e-06   7.7e-05   20.8   4.0    22   177    12   172     2   194 0.70 -
NODE_78460_length_4536_cov_28.181880:2216-3157    -            314 92062at7898          -            276   4.4e-05   21.6   6.7   1   1   2.9e-06   8.4e-05   20.7   6.7    30   201     8   194     2   204 0.70 -
NODE_11672_length_11414_cov_34.415113:6270-7106   -            279 92062at7898          -            276   4.7e-05   21.5   9.4   1   1   2.2e-06   6.4e-05   21.1   9.4    14   197    13   207     5   252 0.65 -
NODE_155572_length_2357_cov_23.754650:1115-1906   -            264 92062at7898          -            276     5e-05   21.4   8.6   1   1   1.7e-06     5e-05   21.4   8.6    25   139     4   123     2   148 0.83 -
NODE_3002_length_16566_cov_33.851096:606-1577     -            324 92062at7898          -            276   5.2e-05   21.4   8.1   1   1   1.4e-05   0.00042   18.4   8.1    24   237    41   272    30   287 0.69 -
NODE_88302_length_4143_cov_25.586301:484-1353     -            290 92062at7898          -            276     6e-05   21.2  18.3   1   1   1.1e-05   0.00032   18.8  18.3    20   220    22   233     9   288 0.69 -
NODE_873_length_21687_cov_39.798870:6353-6904     -            184 92062at7898          -            276   6.2e-05   21.1   1.7   1   1   2.1e-06   6.2e-05   21.1   1.7    76   163    75   164    15   183 0.73 -
NODE_130168_length_2901_cov_33.808351:1706-2554   -            283 92062at7898          -            276   7.3e-05   20.9   7.6   1   2   2.5e-06   7.3e-05   20.9   7.6    24   141    13   130     3   139 0.80 -
NODE_130168_length_2901_cov_33.808351:1706-2554   -            283 92062at7898          -            276   7.3e-05   20.9   7.6   2   2       2.4        71    1.3   0.3   178   231   198   252   186   283 0.65 -
NODE_40005_length_6855_cov_33.481202:3932-4861    -            310 92062at7898          -            276   8.1e-05   20.7  12.2   1   1   4.3e-06   0.00013   20.1  12.2    10   225    28   253    20   261 0.72 -
NODE_83152_length_4344_cov_31.122261:2822-3664    -            281 92062at7898          -            276   8.2e-05   20.7   8.9   1   2   2.8e-05   0.00081   17.5   4.1    98   188     2    98     1   118 0.65 -
NODE_83152_length_4344_cov_31.122261:2822-3664    -            281 92062at7898          -            276   8.2e-05   20.7   8.9   2   2       0.1         3    5.8   0.1   208   242   223   255   215   270 0.77 -
NODE_37709_length_7071_cov_22.877510:5537-6376    -            280 92062at7898          -            276   0.00014   20.0   3.7   1   1   4.7e-06   0.00014   20.0   3.7    13   136     9   134     4   246 0.76 -
NODE_43705_length_6538_cov_25.660040:2158-3042    -            295 92062at7898          -            276   0.00014   20.0   8.8   1   1     3e-05   0.00088   17.4   8.8    21   150    21   154    12   294 0.72 -
NODE_31253_length_7740_cov_35.325219:3870-4064    -             65 92062at7898          -            276   0.00017   19.7   0.9   1   1   6.4e-06   0.00019   19.5   0.9   208   251    12    55     5    64 0.89 -
NODE_100408_length_3726_cov_30.293080:1976-2884   -            303 92062at7898          -            276   0.00019   19.5  10.1   1   1   1.2e-05   0.00034   18.7   9.9    17   224    20   245    11   259 0.72 -
NODE_5225_length_14380_cov_36.651285:12016-12885  -            290 92062at7898          -            276    0.0002   19.5   8.1   1   2   6.8e-06    0.0002   19.5   8.1    24   141    20   137     8   152 0.80 -
NODE_5225_length_14380_cov_36.651285:12016-12885  -            290 92062at7898          -            276    0.0002   19.5   8.1   2   2       4.4   1.3e+02    0.4   0.4   178   228   205   256   176   289 0.70 -
NODE_34401_length_7396_cov_34.094696:2441-3442    -            334 92062at7898          -            276   0.00024   19.2  11.5   1   1   2.1e-05   0.00062   17.8  11.5    18   165    39   193    31   319 0.68 -
NODE_273847_length_825_cov_82.709366:286-819      -            178 92062at7898          -            276   0.00025   19.1   3.6   1   1   1.1e-05   0.00032   18.8   3.6    43   148    45   156    14   175 0.74 -
NODE_16555_length_10101_cov_24.777145:551-1498    -            316 92062at7898          -            276   0.00029   18.9   8.5   1   2   4.9e-05    0.0015   16.6   5.0    22   143    18   146     7   166 0.80 -
NODE_16555_length_10101_cov_24.777145:551-1498    -            316 92062at7898          -            276   0.00029   18.9   8.5   2   2      0.41        12    3.8   0.1   196   233   228   265   193   313 0.76 -
NODE_45639_length_6387_cov_31.296597:760-1659     -            300 92062at7898          -            276   0.00031   18.8  10.5   1   1   1.7e-05   0.00051   18.1  10.3    23   198    25   214     9   268 0.70 -
NODE_63262_length_5264_cov_33.982381:2217-3065    -            283 92062at7898          -            276   0.00034   18.7   3.3   1   2   1.3e-05   0.00039   18.5   1.4    19   111     7    96     2   151 0.83 -
NODE_63262_length_5264_cov_33.982381:2217-3065    -            283 92062at7898          -            276   0.00034   18.7   3.3   2   2       6.2   1.8e+02   -0.1   0.0   196   221   199   227   161   255 0.64 -
NODE_45134_length_6424_cov_32.469091:2659-3672    -            338 92062at7898          -            276   0.00037   18.6   3.7   1   1   1.7e-05   0.00051   18.1   3.7    25   161    27   168     8   255 0.83 -
NODE_79422_length_4495_cov_30.643767:2485-3429    -            315 92062at7898          -            276   0.00039   18.5  12.8   1   1   3.7e-05    0.0011   17.0  12.8    24   229    16   243     6   251 0.68 -
NODE_107623_length_3503_cov_34.696533:454-1467    -            338 92062at7898          -            276   0.00043   18.4   0.8   1   1   3.3e-05   0.00098   17.2   0.8    45   118    55   129    51   161 0.76 -
NODE_37259_length_7112_cov_34.887352:4194-5018    -            275 92062at7898          -            276   0.00049   18.2  10.0   1   1   2.2e-05   0.00063   17.8  10.0    25   115     4    95     2   272 0.82 -
NODE_9254_length_12259_cov_36.718257:9815-10681   -            289 92062at7898          -            276   0.00053   18.1  11.1   1   1   0.00028    0.0083   14.1  11.1    24   161    10   154     2   280 0.66 -
NODE_23445_length_8797_cov_32.762819:5238-5843    -            202 92062at7898          -            276   0.00064   17.8   4.2   1   1   2.9e-05   0.00085   17.4   4.2    23   154    15   149     4   163 0.82 -
NODE_120891_length_3133_cov_23.584707:1375-2626   -            329 92062at7898          -            276   0.00069   17.7  14.6   1   1   0.00039     0.012   13.7  14.6    20   233    29   264    17   300 0.65 -
NODE_76196_length_4633_cov_20.358403:2475-3371    -            299 92062at7898          -            276   0.00076   17.6  12.4   1   1   4.8e-05    0.0014   16.7  12.4    21   222    15   239     7   296 0.67 -
NODE_102366_length_3665_cov_31.697420:943-1794    -            284 92062at7898          -            276   0.00079   17.5  16.4   1   1   0.00015    0.0044   15.1  16.4    19   220    10   224     4   279 0.62 -
NODE_55045_length_5738_cov_39.816457:3884-4753    -            290 92062at7898          -            276   0.00092   17.3   6.8   1   1   4.8e-05    0.0014   16.7   6.8    25   144     8   130     1   188 0.76 -
NODE_100177_length_3733_cov_29.436709:1130-2110   -            327 92062at7898          -            276   0.00094   17.3  14.9   1   1   4.7e-05    0.0014   16.7  14.9    23   269    34   308    23   314 0.70 -
NODE_170312_length_2094_cov_26.161905:559-1500    -            314 92062at7898          -            276   0.00099   17.2  21.7   1   1   5.1e-05    0.0015   16.6  21.7     5   228    20   261    16   313 0.70 -
NODE_50283_length_6054_cov_24.888665:3924-4736    -            271 92062at7898          -            276     0.001   17.1   8.5   1   2   3.5e-05     0.001   17.1   8.5    25   140     3   123     2   177 0.81 -
NODE_50283_length_6054_cov_24.888665:3924-4736    -            271 92062at7898          -            276     0.001   17.1   8.5   2   2       8.5   2.5e+02   -0.5   0.6   210   254   220   263   204   269 0.78 -
NODE_52127_length_5929_cov_23.026244:4740-4910    -             57 92062at7898          -            276    0.0015   16.5   1.3   1   1   5.6e-05    0.0016   16.5   1.3   210   251    10    51     3    56 0.90 -
NODE_58931_length_5503_cov_31.214841:773-1738     -            322 92062at7898          -            276    0.0022   16.0  16.2   1   1   0.00042     0.012   13.6  16.2    17   229    36   273    22   315 0.63 -
NODE_124693_length_3035_cov_32.151907:1294-2166   -            291 92062at7898          -            276    0.0023   16.0   3.1   1   1   0.00013    0.0038   15.3   3.1    15   140    41   175    32   189 0.69 -
NODE_99871_length_3743_cov_35.454171:1064-2080    -            339 92062at7898          -            276    0.0025   15.9  12.9   1   1   0.00022    0.0065   14.5  12.9    20   235    36   268    23   315 0.67 -
NODE_3242_length_16223_cov_63.809042:12259-13116  -            286 92062at7898          -            276    0.0026   15.8  10.0   1   1   0.00027    0.0081   14.2  10.0    20   155     8   147     1   285 0.79 -
NODE_27316_length_8232_cov_26.026190:981-1892     -            304 92062at7898          -            276    0.0038   15.3   8.1   1   1   0.00023    0.0068   14.4   7.7    21   157     8   148     2   241 0.69 -
NODE_66021_length_5117_cov_26.443603:1783-2703    -            307 92062at7898          -            276     0.004   15.2   4.1   1   1   0.00028    0.0081   14.2   4.1    52   202    60   221    21   263 0.59 -
NODE_30768_length_7802_cov_29.542386:2969-3925    -            319 92062at7898          -            276     0.004   15.2  10.0   1   1    0.0002     0.006   14.6  10.0    17   206    14   217     4   306 0.70 -
NODE_68069_length_5013_cov_27.398657:1827-2012    -             62 92062at7898          -            276    0.0049   14.9   3.3   1   1   0.00017    0.0051   14.9   3.3   208   251     9    52     4    62 0.87 -
NODE_103267_length_3636_cov_38.759966:201-1115    -            305 92062at7898          -            276    0.0061   14.6  12.4   1   1   0.00078     0.023   12.7  12.4    19   117    27   134    12   301 0.74 -
NODE_11467_length_11479_cov_30.783128:5049-6334   -            258 92062at7898          -            276     0.007   14.4  10.0   1   1    0.0029     0.086   10.8  10.0    44   162     2   125     1   256 0.67 -
NODE_124492_length_3040_cov_37.168990:480-1265    -            262 92062at7898          -            276    0.0075   14.3   3.2   1   1    0.0005     0.015   13.4   3.3    29   150     5   128     1   219 0.78 -
NODE_131790_length_2862_cov_31.289902:393-1277    -            295 92062at7898          -            276    0.0085   14.1   5.5   1   1   0.00039     0.011   13.7   5.5    26   141     8   126     2   224 0.70 -
NODE_40923_length_6775_cov_37.548832:2115-2978    -            288 92062at7898          -            276    0.0086   14.1  13.0   1   1    0.0015     0.044   11.8  13.0    25   203    10   197     2   285 0.68 -
NODE_142919_length_2611_cov_33.460987:941-1744    -            268 92062at7898          -            276      0.01   13.9   9.1   1   2   0.00045     0.013   13.5   5.7    26   146     8   132     4   185 0.83 -
NODE_142919_length_2611_cov_33.460987:941-1744    -            268 92062at7898          -            276      0.01   13.9   9.1   2   2         2        59    1.5   0.1    38    69   229   260   201   265 0.78 -
NODE_6272_length_13709_cov_35.385011:3119-3982    -            288 92062at7898          -            276     0.012   13.7  11.0   1   1   0.00073     0.021   12.8  10.8    25   144    21   145     5   233 0.83 -
NODE_42268_length_6656_cov_26.983224:3616-4611    -            332 92062at7898          -            276     0.012   13.6   7.8   1   2   0.00017    0.0051   14.8   4.3    21   146    34   159    14   169 0.76 -
NODE_42268_length_6656_cov_26.983224:3616-4611    -            332 92062at7898          -            276     0.012   13.6   7.8   2   2       6.8     2e+02   -0.2   0.1   205   262   252   314   204   323 0.55 -
NODE_7287_length_13131_cov_37.567066:12146-12871  -            242 92062at7898          -            276     0.012   13.6   3.9   1   1   0.00047     0.014   13.4   3.9    83   146    40   107     1   216 0.72 -
NODE_161604_length_2245_cov_16.512582:659-1510    -            284 92062at7898          -            276     0.017   13.2  15.6   1   1    0.0016     0.048   11.7  15.6    16   194     2   191     1   283 0.72 -
NODE_7730_length_12905_cov_28.823520:4167-5090    -            308 92062at7898          -            276     0.021   12.9  11.7   1   1   0.00049     0.014   13.4   9.1    13   182    11   186     7   244 0.78 -
NODE_76782_length_4608_cov_29.930140:1873-2853    -            327 92062at7898          -            276     0.021   12.9   7.1   1   1   0.00063     0.018   13.0   5.9    23   115    26   118    16   245 0.80 -
NODE_209015_length_1520_cov_35.009852:290-1096    -            269 92062at7898          -            276     0.026   12.5   4.7   1   1    0.0024     0.069   11.1   4.6    46   144    21   123     3   228 0.81 -
NODE_5225_length_14380_cov_36.651285:446-1246     -            267 92062at7898          -            276     0.031   12.3  14.9   1   1   0.00072     0.021   12.8  13.4    24   142    11   128     2   208 0.65 -
NODE_100041_length_3738_cov_25.608684:711-1904    -            398 92062at7898          -            276     0.051   11.6  10.5   1   1    0.0078      0.23    9.4  10.4    18   144    52   184    38   304 0.76 -
NODE_36754_length_7161_cov_34.887001:5439-6242    -            268 92062at7898          -            276     0.054   11.5  12.8   1   1    0.0026     0.077   11.0  12.8    24   261     3   266     1   268 0.62 -
NODE_55523_length_5708_cov_29.487787:2694-3638    -            315 92062at7898          -            276     0.081   10.9  10.3   1   1    0.0046      0.14   10.2  10.3    18   137    22   153     7   249 0.70 -
NODE_112625_length_3357_cov_20.503376:1979-2845   -            289 92062at7898          -            276     0.088   10.8  13.3   1   1   0.00031    0.0092   14.0   8.7    21   148    12   150     3   181 0.72 -
NODE_69354_length_4948_cov_32.379047:1145-2038    -            298 92062at7898          -            276      0.87    7.5  13.3   1   2   0.00056     0.017   13.2   3.2    25   125     5   106     1   134 0.70 -
NODE_69354_length_4948_cov_32.379047:1145-2038    -            298 92062at7898          -            276      0.87    7.5  13.3   2   2       2.3        67    1.3   0.3   123   148   223   249   212   284 0.72 -
#
# Program:         hmmsearch
# Version:         3.1b2 (February 2015)
# Pipeline mode:   SEARCH
# Query file:      /home/e1garcia/shotgun_PIRE/abyss/busco_downloads/lineages/actinopterygii_odb10/hmms/92062at7898.hmm
# Target file:     /home/e1garcia/shotgun_PIRE/pire_ssl_data_processing/plotosus_lineatus/busco_contigs_results-SPAdes_decontam_R1R2_noIsolate/run_actinopterygii_odb10/metaeuk_output/initial_results/contigs.modified.fasta.modified.fas
# Option settings: hmmsearch --domtblout /home/e1garcia/shotgun_PIRE/pire_ssl_data_processing/plotosus_lineatus/busco_contigs_results-SPAdes_decontam_R1R2_noIsolate/run_actinopterygii_odb10/hmmer_output/initial_run_results/92062at7898.out --cpu 1 /home/e1garcia/shotgun_PIRE/abyss/busco_downloads/lineages/actinopterygii_odb10/hmms/92062at7898.hmm /home/e1garcia/shotgun_PIRE/pire_ssl_data_processing/plotosus_lineatus/busco_contigs_results-SPAdes_decontam_R1R2_noIsolate/run_actinopterygii_odb10/metaeuk_output/initial_results/contigs.modified.fasta.modified.fas 
# Current dir:     /home/e1garcia/shotgun_PIRE/pire_ssl_data_processing/plotosus_lineatus
# Date:            Fri Aug 20 13:34:16 2021
# [ok]
