#                                                                                                        --- full sequence --- -------------- this domain -------------   hmm coord   ali coord   env coord
# target name                                    accession   tlen query name           accession   qlen   E-value  score  bias   #  of  c-Evalue  i-Evalue  score  bias  from    to  from    to  from    to  acc description of target
#                            ------------------- ---------- ----- -------------------- ---------- ----- --------- ------ ----- --- --- --------- --------- ------ ----- ----- ----- ----- ----- ----- ----- ---- ---------------------
NODE_196650_length_1686_cov_30.853812:513-1618   -            196 93229at7898          -            290   1.6e-83  278.6   5.6   1   1   3.7e-85   1.9e-83  278.4   5.6     1   180     1   195     1   196 0.91 -
NODE_261114_length_936_cov_19.915173:259-741     -            161 93229at7898          -            290   1.2e-17   62.5   0.5   1   1   3.2e-19   1.6e-17   62.0   0.5   196   264    15    84     5   107 0.86 -
NODE_199094_length_1653_cov_14.193694:175-543    -            123 93229at7898          -            290   4.3e-17   60.7   1.4   1   1   9.8e-19     5e-17   60.4   1.4   196   260    11    75     4    94 0.88 -
NODE_234595_length_1209_cov_13.023423:362-823    -            154 93229at7898          -            290   7.1e-17   59.9   2.3   1   2   1.4e-18   7.1e-17   59.9   2.3   195   258    15    78     9    89 0.88 -
NODE_234595_length_1209_cov_13.023423:362-823    -            154 93229at7898          -            290   7.1e-17   59.9   2.3   2   2       6.2   3.2e+02   -1.3   0.0    56    73   101   118    82   132 0.67 -
NODE_185119_length_1856_cov_12.511098:825-1340   -            172 93229at7898          -            290   1.6e-16   58.7   1.9   1   1   5.1e-18   2.6e-16   58.1   1.9   195   259    17    81     9    94 0.88 -
NODE_128427_length_2944_cov_21.283656:2257-2712  -            152 93229at7898          -            290   2.5e-16   58.1   0.2   1   1     7e-18   3.5e-16   57.6   0.2   198   257    25    84    14    94 0.88 -
NODE_31900_length_7665_cov_99.941581:4945-5550   -            202 93229at7898          -            290   5.1e-16   57.1   4.2   1   1   1.8e-17   9.4e-16   56.3   4.2   194   261    19    86    10    89 0.92 -
NODE_59807_length_5456_cov_23.185552:185-733     -            183 93229at7898          -            290   5.2e-16   57.1   4.7   1   1   1.4e-17   7.3e-16   56.6   4.7   202   278     1    78     1    87 0.90 -
NODE_141163_length_2650_cov_30.127793:861-1403   -            181 93229at7898          -            290     7e-16   56.7   3.6   1   1   2.2e-17   1.1e-15   56.0   3.6   196   258    15    77    10    82 0.91 -
NODE_105486_length_3569_cov_24.407781:2158-2631  -            158 93229at7898          -            290   3.9e-15   54.2   0.9   1   1   9.7e-17   4.9e-15   53.9   0.9   196   258    14    76     6   106 0.89 -
NODE_156776_length_2334_cov_29.085011:1774-2025  -             84 93229at7898          -            290     5e-15   53.9   1.3   1   1   9.8e-17     5e-15   53.9   1.3   201   258     4    61     1    84 0.86 -
NODE_255063_length_994_cov_11.665922:346-537     -             64 93229at7898          -            290   5.1e-15   53.8   2.3   1   1     1e-16   5.2e-15   53.8   2.3   200   256     4    60     1    64 0.93 -
NODE_63969_length_5226_cov_19.076458:3864-4520   -            219 93229at7898          -            290   5.6e-15   53.7   0.6   1   1   1.6e-16     8e-15   53.2   0.6   198   259   108   169    98   182 0.89 -
NODE_115365_length_3280_cov_28.245835:2491-2943  -            151 93229at7898          -            290   1.1e-14   52.8   1.1   1   1   2.7e-16   1.4e-14   52.4   1.1   195   264    33   102    18   105 0.89 -
NODE_176120_length_1998_cov_7.720906:956-1153    -             66 93229at7898          -            290   1.9e-14   52.0   1.4   1   1     4e-16     2e-14   51.9   1.4   200   256     6    62     2    66 0.93 -
NODE_46433_length_6329_cov_27.692937:2302-3848   -            245 93229at7898          -            290   2.3e-14   51.7   0.2   1   2       7.8     4e+02   -1.6   1.2   158   183    34    62     7    82 0.60 -
NODE_46433_length_6329_cov_27.692937:2302-3848   -            245 93229at7898          -            290   2.3e-14   51.7   0.2   2   2   4.5e-16   2.3e-14   51.7   0.2   200   255   125   180   116   191 0.92 -
NODE_156240_length_2345_cov_19.714159:1132-1632  -            167 93229at7898          -            290   2.8e-14   51.4   1.6   1   1     7e-16   3.5e-14   51.1   1.6   198   264    20    86     4   110 0.79 -
NODE_79902_length_4475_cov_19.079753:2701-2892   -             64 93229at7898          -            290   3.2e-14   51.2   2.3   1   1   6.4e-16   3.2e-14   51.2   2.3   195   256     4    62     1    64 0.91 -
NODE_102565_length_3660_cov_22.862398:568-1946   -            273 93229at7898          -            290   3.7e-14   51.0   1.9   1   1   8.2e-16   4.2e-14   50.8   1.0   197   255   120   178   110   201 0.88 -
NODE_46562_length_6318_cov_29.462293:585-806     -             74 93229at7898          -            290   3.9e-14   50.9   1.6   1   1   8.5e-16   4.3e-14   50.8   1.6   204   269     3    69     1    73 0.85 -
NODE_265072_length_901_cov_17.105985:85-660      -            192 93229at7898          -            290   4.2e-14   50.8   3.2   1   1   1.3e-15   6.7e-14   50.2   3.2   196   258     3    65     1    77 0.91 -
NODE_263028_length_919_cov_16.751220:221-448     -             76 93229at7898          -            290   4.6e-14   50.7   0.9   1   1   9.4e-16   4.8e-14   50.6   0.9   201   260     6    65     1    74 0.90 -
NODE_173156_length_2046_cov_11.767334:1423-1818  -            132 93229at7898          -            290   6.9e-14   50.1   0.9   1   1   1.9e-15   9.6e-14   49.7   0.9   198   257    16    75     4    85 0.89 -
NODE_91547_length_4028_cov_25.772970:168-377     -             70 93229at7898          -            290   6.9e-14   50.1   0.6   1   1   1.5e-15   7.9e-14   49.9   0.6   202   256     7    61     3    68 0.90 -
NODE_339979_length_474_cov_3.594667:27-230       -             68 93229at7898          -            290   9.5e-14   49.7   1.3   1   1     2e-15     1e-13   49.6   1.3   201   258     6    63     1    67 0.92 -
NODE_14959_length_10487_cov_36.307181:433-657    -             75 93229at7898          -            290   1.1e-13   49.5   2.2   1   1   2.3e-15   1.2e-13   49.3   2.2   201   257     3    59     1    65 0.92 -
NODE_150604_length_2451_cov_23.971514:309-554    -             82 93229at7898          -            290   1.3e-13   49.2   1.6   1   1   2.8e-15   1.4e-13   49.1   1.6   192   256    10    74     6    81 0.93 -
NODE_169734_length_2103_cov_35.460080:1589-1783  -             65 93229at7898          -            290   1.3e-13   49.2   1.3   1   1   2.7e-15   1.4e-13   49.2   1.3   204   256     3    55     1    64 0.90 -
NODE_26005_length_8416_cov_51.163400:5587-6085   -             93 93229at7898          -            290   2.9e-13   48.1   1.5   1   1   6.4e-15   3.3e-13   47.9   1.5   189   255    24    90    18    93 0.92 -
NODE_162890_length_2221_cov_38.632422:765-1739   -            281 93229at7898          -            290     7e-13   46.8   1.9   1   1   1.7e-14   8.7e-13   46.5   1.3   197   255   201   259   178   276 0.91 -
NODE_135394_length_2780_cov_33.606490:1129-2580  -            394 93229at7898          -            290   7.2e-13   46.8   0.1   1   1   2.6e-14   1.3e-12   45.9   0.1   202   258   163   219   134   226 0.92 -
NODE_5030_length_14538_cov_28.663758:4569-5622   -            322 93229at7898          -            290   8.1e-13   46.6   0.0   1   1   3.1e-14   1.6e-12   45.7   0.0   201   259   222   281   213   304 0.85 -
NODE_182380_length_1898_cov_20.994441:752-1015   -             88 93229at7898          -            290   1.1e-12   46.1   0.1   1   1   2.5e-14   1.3e-12   46.0   0.1   201   257     7    63     2    75 0.92 -
NODE_30867_length_7791_cov_24.434607:5299-5487   -             63 93229at7898          -            290   1.5e-12   45.7   0.6   1   1   3.2e-14   1.6e-12   45.6   0.6   201   255     7    61     2    63 0.94 -
NODE_32290_length_7623_cov_24.168129:1273-3159   -            416 93229at7898          -            290     2e-12   45.4   0.1   1   1   1.4e-13   7.1e-12   43.5   0.1   201   257   182   238   143   246 0.92 -
NODE_110307_length_3424_cov_421.487820:114-530   -            139 93229at7898          -            290   4.3e-12   44.2   1.4   1   1   8.5e-14   4.3e-12   44.2   1.4   200   257    65   122    55   133 0.91 -
NODE_77380_length_4582_cov_25.849208:517-1572    -            208 93229at7898          -            290     5e-12   44.0   2.0   1   1   1.5e-13   7.4e-12   43.5   2.0   192   279    15   103     3   112 0.80 -
NODE_200384_length_1636_cov_25.068315:217-441    -             75 93229at7898          -            290   6.6e-12   43.6   0.5   1   1   1.3e-13   6.8e-12   43.6   0.5   201   255     4    58     1    72 0.93 -
NODE_112953_length_3347_cov_38.317734:2900-3091  -             64 93229at7898          -            290     7e-12   43.5   2.1   1   1   1.5e-13   7.8e-12   43.4   2.1   202   257     1    56     1    61 0.92 -
NODE_31025_length_7772_cov_33.683435:5950-6543   -            198 93229at7898          -            290   2.5e-11   41.7   1.2   1   2   1.3e-08   6.7e-07   27.2   0.1   197   247    17    67     9    72 0.88 -
NODE_31025_length_7772_cov_33.683435:5950-6543   -            198 93229at7898          -            290   2.5e-11   41.7   1.2   2   2   0.00024     0.012   13.2   0.2   233   255    82   105    75   112 0.77 -
NODE_17114_length_9975_cov_23.546274:290-763     -            158 93229at7898          -            290   3.4e-11   41.3   0.4   1   1   8.5e-13   4.3e-11   41.0   0.4   201   265    54   118    38   130 0.87 -
NODE_81929_length_4391_cov_34.895853:532-1453    -            157 93229at7898          -            290   3.6e-11   41.2   1.6   1   1     8e-13   4.1e-11   41.0   1.6   194   269    54   131     5   146 0.80 -
NODE_182716_length_1892_cov_23.673173:674-1756   -            149 93229at7898          -            290   3.8e-11   41.1   0.1   1   2       0.7        36    1.8   0.0    20    74     5    63     2   101 0.68 -
NODE_182716_length_1892_cov_23.673173:674-1756   -            149 93229at7898          -            290   3.8e-11   41.1   0.1   2   2   8.4e-12   4.3e-10   37.7   0.0   197   242   104   149    93   149 0.90 -
NODE_30787_length_7800_cov_37.831970:264-458     -             65 93229at7898          -            290     4e-11   41.0   1.7   1   1   8.8e-13   4.5e-11   40.9   1.7   202   256     6    60     2    64 0.90 -
NODE_6718_length_13452_cov_32.816371:10079-11214 -            268 93229at7898          -            290   4.4e-11   40.9   4.7   1   2       2.5   1.3e+02   -0.0   0.1   264   272   158   166    83   187 0.58 -
NODE_6718_length_13452_cov_32.816371:10079-11214 -            268 93229at7898          -            290   4.4e-11   40.9   4.7   2   2   1.6e-12   8.3e-11   40.0   4.1   161   256   167   258   127   266 0.77 -
NODE_95187_length_3901_cov_26.366386:171-422     -             84 93229at7898          -            290   1.4e-10   39.2   0.9   1   1   2.9e-12   1.5e-10   39.2   0.9   202   255     1    54     1    74 0.86 -
NODE_115237_length_3283_cov_45.411432:547-2230   -            253 93229at7898          -            290   1.8e-10   38.9   2.1   1   2       5.6   2.9e+02   -1.1   0.0    78   140   108   171    84   178 0.59 -
NODE_115237_length_3283_cov_45.411432:547-2230   -            253 93229at7898          -            290   1.8e-10   38.9   2.1   2   2   3.5e-12   1.8e-10   38.9   2.1   200   255   194   249   183   253 0.89 -
NODE_195032_length_1709_cov_23.874534:256-624    -            123 93229at7898          -            290     2e-10   38.8   1.3   1   1   4.8e-12   2.4e-10   38.5   1.3   201   264    18    81     6    86 0.89 -
NODE_199790_length_1644_cov_10.198058:1161-1418  -             86 93229at7898          -            290   2.4e-10   38.5   0.1   1   1   4.8e-12   2.4e-10   38.5   0.1   202   270     4    70     1    85 0.84 -
NODE_2670_length_17044_cov_36.639304:11755-12982 -            202 93229at7898          -            290   2.8e-10   38.3   0.8   1   1   8.4e-12   4.3e-10   37.7   0.8   195   258     6    69     3    80 0.92 -
NODE_6718_length_13452_cov_32.816371:5863-7774   -            327 93229at7898          -            290   3.7e-10   37.9   0.7   1   1   1.5e-11   7.5e-10   36.9   0.7   202   258   257   314   241   322 0.87 -
NODE_6160_length_13772_cov_33.662693:7923-8694   -            199 93229at7898          -            290   3.7e-10   37.9   1.7   1   2   7.2e-12   3.7e-10   37.9   1.7   195   261     6    72     2    80 0.91 -
NODE_6160_length_13772_cov_33.662693:7923-8694   -            199 93229at7898          -            290   3.7e-10   37.9   1.7   2   2       7.2   3.6e+02   -1.5   0.0    67    97   152   183   137   197 0.58 -
NODE_137715_length_2727_cov_24.000761:2422-2616  -             65 93229at7898          -            290   5.1e-10   37.4   0.8   1   1     1e-11   5.3e-10   37.4   0.8   201   255     9    63     3    65 0.91 -
NODE_64859_length_5176_cov_35.789246:189-2250    -            212 93229at7898          -            290   5.8e-10   37.2   1.5   1   1   2.1e-11   1.1e-09   36.4   1.5   195   278    24   107    13   119 0.80 -
NODE_113335_length_3336_cov_35.287303:994-2729   -            290 93229at7898          -            290   8.3e-10   36.7   0.8   1   1   3.2e-11   1.6e-09   35.8   0.8   202   255   220   273   193   283 0.89 -
NODE_112898_length_3349_cov_32.057538:698-841    -             48 93229at7898          -            290   1.2e-09   36.2   0.2   1   1   2.4e-11   1.2e-09   36.2   0.2   205   252     1    48     1    48 0.95 -
NODE_220310_length_1377_cov_17.697183:902-1066   -             55 93229at7898          -            290   2.3e-09   35.3   0.6   1   1   4.5e-11   2.3e-09   35.3   0.6   202   252     5    55     1    55 0.93 -
NODE_75964_length_4642_cov_62.220339:1253-2679   -            259 93229at7898          -            290   6.3e-09   33.8   0.3   1   1     2e-10     1e-08   33.1   0.3   188   261    20    89     8    93 0.91 -
NODE_179587_length_1941_cov_21.352877:294-521    -             76 93229at7898          -            290   1.8e-08   32.3   1.5   1   1   4.3e-10   2.2e-08   32.1   1.5   242   282    10    55     4    60 0.69 -
NODE_154536_length_2376_cov_26.671937:86-1214    -            197 93229at7898          -            290   4.3e-08   31.1   0.0   1   1   1.2e-09   5.9e-08   30.6   0.0   197   244   150   197   141   197 0.95 -
NODE_1191_length_20437_cov_34.356967:4469-5306   -            235 93229at7898          -            290   5.1e-08   30.9   0.5   1   1   1.4e-09   7.3e-08   30.4   0.5   201   254    35    88    29    96 0.88 -
NODE_183194_length_1885_cov_20.879619:234-422    -             63 93229at7898          -            290   1.4e-07   29.4   0.2   1   1   2.9e-09   1.5e-07   29.4   0.2   202   244     1    43     1    57 0.91 -
NODE_206672_length_1552_cov_23.943565:108-883    -            171 93229at7898          -            290   1.5e-07   29.3   1.7   1   1   3.2e-09   1.6e-07   29.2   0.9   195   243   123   171    55   171 0.70 -
NODE_1167_length_20502_cov_41.906778:9659-10135  -            159 93229at7898          -            290   2.2e-07   28.8   0.2   1   1   5.2e-09   2.7e-07   28.5   0.2   201   272     3    74     1    93 0.89 -
NODE_117033_length_3233_cov_44.070198:2182-3194  -            142 93229at7898          -            290   1.2e-06   26.4   0.4   1   1   2.7e-08   1.4e-06   26.1   0.4   196   264     7    75     3   102 0.80 -
NODE_112724_length_3354_cov_22.452535:2934-3128  -             65 93229at7898          -            290   2.4e-06   25.4   7.1   1   1   5.4e-08   2.8e-06   25.2   7.1   243   283     1    41     1    48 0.76 -
NODE_69359_length_4948_cov_22.784492:270-2028    -            175 93229at7898          -            290     3e-06   25.1   0.0   1   1   6.9e-08   3.5e-06   24.8   0.0   194   242   127   175    65   175 0.87 -
NODE_229565_length_1266_cov_20.884319:204-1173   -            183 93229at7898          -            290   3.4e-06   24.9   0.2   1   1   1.3e-07   6.7e-06   23.9   0.1   197   242   138   183   128   183 0.91 -
NODE_167075_length_2149_cov_26.023902:905-1441   -            179 93229at7898          -            290     6e-06   24.1   0.1   1   1   1.7e-07   8.5e-06   23.6   0.1   205   254   124   173   103   177 0.91 -
NODE_59748_length_5459_cov_25.410075:4029-4268   -             80 93229at7898          -            290   7.2e-06   23.8   1.0   1   1   1.7e-07   8.7e-06   23.5   1.0   241   285     3    48     1    50 0.69 -
NODE_148263_length_2499_cov_28.889167:536-1923   -            193 93229at7898          -            290   2.8e-05   21.9   1.2   1   1   7.2e-07   3.7e-05   21.5   1.2   220   282    45   108    19   114 0.80 -
NODE_29370_length_7963_cov_28.126017:334-2093    -            211 93229at7898          -            290   3.9e-05   21.4   0.7   1   1   1.2e-06   6.2e-05   20.7   0.7   201   285    26   109     7   114 0.77 -
NODE_159462_length_2283_cov_20.135531:726-1262   -            179 93229at7898          -            290   9.2e-05   20.2   0.1   1   1   2.3e-06   0.00012   19.8   0.1   205   256   123   174    97   179 0.79 -
NODE_1167_length_20502_cov_41.906778:7952-8113   -             54 93229at7898          -            290   0.00012   19.9   0.1   1   1   2.3e-06   0.00012   19.8   0.1   202   252     4    54     1    54 0.95 -
NODE_21941_length_9048_cov_27.059560:3837-4031   -             65 93229at7898          -            290   0.00033   18.4   0.1   1   1     7e-06   0.00036   18.2   0.1   202   252    15    65     8    65 0.94 -
NODE_169760_length_2103_cov_25.260479:316-828    -            171 93229at7898          -            290   0.00053   17.7   0.2   1   1   1.3e-05   0.00064   17.4   0.2   205   252   122   169    98   171 0.88 -
NODE_80557_length_4449_cov_24.070345:883-1407    -            175 93229at7898          -            290   0.00056   17.6   0.1   1   1   1.5e-05   0.00077   17.1   0.1   205   254   123   172   101   174 0.90 -
NODE_273995_length_824_cov_18.379310:288-602     -            105 93229at7898          -            290   0.00057   17.6   0.4   1   1   1.3e-05   0.00065   17.4   0.4   193   247    38    92    25   100 0.90 -
NODE_226806_length_1299_cov_29.587500:207-704    -            166 93229at7898          -            290   0.00068   17.3   0.9   1   1   2.2e-05    0.0011   16.6   0.9   241   277     2    35     1    41 0.64 -
NODE_180852_length_1921_cov_20.600988:615-1151   -            179 93229at7898          -            290   0.00071   17.3   0.1   1   1   1.7e-05   0.00087   17.0   0.1   207   256   125   174    98   179 0.79 -
NODE_142106_length_2630_cov_20.012643:696-1698   -            231 93229at7898          -            290   0.00075   17.2   3.3   1   1   2.7e-05    0.0014   16.3   3.3   195   256    41   102    32   108 0.88 -
NODE_131102_length_2879_cov_18.667266:358-912    -            185 93229at7898          -            290   0.00094   16.9   0.0   1   1   2.4e-05    0.0012   16.5   0.0   211   256   135   180   116   185 0.80 -
NODE_114748_length_3297_cov_20.268605:630-1202   -            191 93229at7898          -            290    0.0012   16.5   0.2   1   1   3.5e-05    0.0018   15.9   0.2   211   255   140   185   113   190 0.82 -
NODE_68035_length_5015_cov_13.137714:2946-3494   -            183 93229at7898          -            290    0.0013   16.4   0.1   1   1   3.1e-05    0.0016   16.1   0.1   213   255   137   179   105   183 0.79 -
NODE_89707_length_4092_cov_23.292261:916-2232    -            204 93229at7898          -            290    0.0013   16.4   0.2   1   1   3.8e-05    0.0019   15.8   0.2   243   269     1    27     1    43 0.82 -
NODE_29260_length_7976_cov_23.502603:6242-6916   -            225 93229at7898          -            290    0.0015   16.2   1.4   1   1     3e-05    0.0015   16.2   1.4   221   283    37   105    14   111 0.65 -
NODE_310_length_26523_cov_36.700613:23166-24589  -            185 93229at7898          -            290    0.0016   16.1   0.1   1   1   4.3e-05    0.0022   15.7   0.1   223   254   152   183   110   185 0.84 -
NODE_52239_length_5922_cov_21.129830:2425-2568   -             48 93229at7898          -            290    0.0017   16.1   0.0   1   1   3.4e-05    0.0017   16.0   0.0   201   246     3    48     1    48 0.96 -
NODE_858_length_21752_cov_69.035561:17423-20272  -            340 93229at7898          -            290    0.0021   15.7   2.1   1   1   7.7e-05    0.0039   14.8   2.1   221   285    59   125    36   129 0.67 -
NODE_12480_length_11164_cov_37.111613:4267-4428  -             54 93229at7898          -            290    0.0026   15.4   0.1   1   1   5.1e-05    0.0026   15.4   0.1   202   252     4    54     1    54 0.94 -
NODE_181123_length_1917_cov_11.647415:586-1903   -            117 93229at7898          -            290    0.0028   15.3   0.0   1   1   6.1e-05    0.0031   15.2   0.0   227   253    89   115    59   117 0.74 -
NODE_390_length_25421_cov_31.304913:21374-21514  -             47 93229at7898          -            290     0.003   15.2   0.0   1   1   6.2e-05    0.0032   15.1   0.0   201   245     3    47     1    47 0.97 -
NODE_32956_length_7553_cov_23.182050:3030-3671   -            214 93229at7898          -            290    0.0034   15.0   0.2   1   1   8.9e-05    0.0045   14.6   0.2   220   255   149   185   113   193 0.78 -
NODE_163931_length_2204_cov_19.656057:1581-2153  -            191 93229at7898          -            290    0.0035   15.0   0.2   1   1   8.6e-05    0.0044   14.7   0.2   222   255   152   185   112   190 0.77 -
NODE_48374_length_6186_cov_29.089042:65-1323     -            220 93229at7898          -            290    0.0046   14.6   1.7   1   1   0.00014    0.0073   13.9   0.3   202   244   178   220   122   220 0.91 -
NODE_68491_length_4992_cov_22.980380:3531-4217   -            229 93229at7898          -            290    0.0052   14.4   0.5   1   1    0.0001    0.0052   14.4   0.5   220   284    60   123    35   129 0.68 -
NODE_194699_length_1713_cov_35.463445:568-1618   -            224 93229at7898          -            290    0.0068   14.1   0.1   1   1   0.00021     0.011   13.4   0.1   203   257   100   152    84   160 0.72 -
NODE_76573_length_4617_cov_24.447543:2305-2442   -             46 93229at7898          -            290    0.0069   14.0   0.0   1   1   0.00014    0.0071   14.0   0.0   201   244     3    46     1    46 0.96 -
NODE_43689_length_6539_cov_31.270342:973-1110    -             46 93229at7898          -            290    0.0072   14.0   0.1   1   1   0.00014    0.0074   13.9   0.1   201   244     3    46     1    46 0.95 -
NODE_25665_length_8462_cov_23.214038:521-1015    -            165 93229at7898          -            290    0.0078   13.9   0.4   1   1   0.00026     0.013   13.1   0.4   241   261     1    21     1    37 0.67 -
NODE_35820_length_7255_cov_28.586920:5747-7180   -            320 93229at7898          -            290    0.0092   13.6   1.0   1   1    0.0003     0.015   12.9   1.0   222   282   125   187   120   193 0.72 -
NODE_196614_length_1687_cov_19.365869:551-1348   -            266 93229at7898          -            290      0.01   13.5   0.4   1   1    0.0002      0.01   13.5   0.4   221   285    38   102    17   107 0.80 -
NODE_86157_length_4223_cov_17.686712:2959-3630   -            224 93229at7898          -            290      0.01   13.5   0.2   1   1    0.0002      0.01   13.5   0.2   221   283    58   123    33   132 0.67 -
NODE_182721_length_1892_cov_22.228109:767-904    -             46 93229at7898          -            290     0.014   13.0   0.1   1   1   0.00029     0.015   12.9   0.1   202   244     4    46     1    46 0.95 -
NODE_178787_length_1954_cov_26.017251:1338-1859  -            174 93229at7898          -            290     0.025   12.2   5.7   1   2    0.0026      0.13    9.8   2.5   243   259     1    17     1    21 0.87 -
NODE_178787_length_1954_cov_26.017251:1338-1859  -            174 93229at7898          -            290     0.025   12.2   5.7   2   2      0.19       9.5    3.7   0.1   156   182    98   124    76   171 0.77 -
NODE_226925_length_1298_cov_22.038365:754-1263   -            170 93229at7898          -            290     0.025   12.2   1.5   1   1   0.00094     0.048   11.3   1.5   243   260     2    19     1    29 0.78 -
NODE_113214_length_3340_cov_22.087319:1058-1534  -            159 93229at7898          -            290     0.027   12.1   0.3   1   1   0.00082     0.042   11.5   0.3   198   254   101   157    82   159 0.82 -
NODE_141865_length_2636_cov_18.813953:2459-2596  -             46 93229at7898          -            290     0.027   12.1   0.0   1   1   0.00055     0.028   12.0   0.0   201   244     3    46     1    46 0.96 -
NODE_5348_length_14290_cov_31.669509:2308-3283   -            146 93229at7898          -            290      0.03   11.9   0.1   1   1   0.00079      0.04   11.5   0.1   202   252    92   142    80   145 0.75 -
NODE_74504_length_4707_cov_30.641927:3204-4120   -            130 93229at7898          -            290     0.033   11.8   0.0   1   1   0.00084     0.043   11.4   0.0   185   244    73   130    65   130 0.89 -
NODE_132734_length_2842_cov_18.440758:1463-1972  -            170 93229at7898          -            290     0.042   11.4   4.3   1   2   0.00086     0.044   11.4   2.8   242   259     1    18     1    21 0.88 -
NODE_132734_length_2842_cov_18.440758:1463-1972  -            170 93229at7898          -            290     0.042   11.4   4.3   2   2       5.8     3e+02   -1.2   0.0   172   182   112   122    74   167 0.54 -
NODE_477909_length_261_cov_3.302469:103-240      -             46 93229at7898          -            290     0.062   10.9   0.0   1   1    0.0012     0.063   10.9   0.0   202   244     4    46     1    46 0.95 -
NODE_53959_length_5806_cov_31.761521:572-1024    -            151 93229at7898          -            290       0.3    8.6   6.8   1   2   0.00099      0.05   11.2   3.0   243   276     1    35     1    54 0.61 -
NODE_53959_length_5806_cov_31.761521:572-1024    -            151 93229at7898          -            290       0.3    8.6   6.8   2   2       3.1   1.6e+02   -0.3   1.2   105   139    34    69    19   111 0.60 -
NODE_6073_length_13826_cov_27.071975:10684-11175 -            164 93229at7898          -            290      0.53    7.8   6.4   1   1   0.00055     0.028   12.0   1.2   242   260     1    19     1    29 0.78 -
#
# Program:         hmmsearch
# Version:         3.1b2 (February 2015)
# Pipeline mode:   SEARCH
# Query file:      /home/e1garcia/shotgun_PIRE/abyss/busco_downloads/lineages/actinopterygii_odb10/hmms/93229at7898.hmm
# Target file:     /home/e1garcia/shotgun_PIRE/pire_ssl_data_processing/plotosus_lineatus/busco_contigs_results-SPAdes_decontam_R1R2_noIsolate/run_actinopterygii_odb10/metaeuk_output/initial_results/contigs.modified.fasta.modified.fas
# Option settings: hmmsearch --domtblout /home/e1garcia/shotgun_PIRE/pire_ssl_data_processing/plotosus_lineatus/busco_contigs_results-SPAdes_decontam_R1R2_noIsolate/run_actinopterygii_odb10/hmmer_output/initial_run_results/93229at7898.out --cpu 1 /home/e1garcia/shotgun_PIRE/abyss/busco_downloads/lineages/actinopterygii_odb10/hmms/93229at7898.hmm /home/e1garcia/shotgun_PIRE/pire_ssl_data_processing/plotosus_lineatus/busco_contigs_results-SPAdes_decontam_R1R2_noIsolate/run_actinopterygii_odb10/metaeuk_output/initial_results/contigs.modified.fasta.modified.fas 
# Current dir:     /home/e1garcia/shotgun_PIRE/pire_ssl_data_processing/plotosus_lineatus
# Date:            Fri Aug 20 13:37:37 2021
# [ok]
