[2023-02-21 22:37:52,353] multiqc                                            [DEBUG  ]  No MultiQC config found: /opt/conda/lib/python3.7/site-packages/multiqc_config.yaml
[2023-02-21 22:37:52,353] multiqc                                            [DEBUG  ]  No MultiQC config found: /home/jbald004/.multiqc_config.yaml
[2023-02-21 22:37:52,354] multiqc                                            [DEBUG  ]  No MultiQC config found: multiqc_config.yaml
[2023-02-21 22:37:52,354] multiqc                                            [DEBUG  ]  Found command line config: {'max_table_rows': 3000}
[2023-02-21 22:37:52,355] multiqc                                            [DEBUG  ]  New config 'max_table_rows': 3000
[2023-02-21 22:37:52,355] multiqc                                            [DEBUG  ]  Command used: /opt/conda/bin/multiqc -v -p -ip -f --data-dir --data-format tsv --cl-config max_table_rows: 3000 --filename fqc_rprd_report --outdir ./fq_fp1_clmp_fp2_fqscrn_rprd ./fq_fp1_clmp_fp2_fqscrn_rprd
[2023-02-21 22:37:52,961] multiqc                                            [WARNING]  MultiQC Version v1.14 now available!
[2023-02-21 22:37:52,961] multiqc                                            [INFO   ]  This is MultiQC v1.9
[2023-02-21 22:37:52,961] multiqc                                            [DEBUG  ]  Command     : /opt/conda/bin/multiqc -v -p -ip -f --data-dir --data-format tsv --cl-config max_table_rows: 3000 --filename fqc_rprd_report --outdir ./fq_fp1_clmp_fp2_fqscrn_rprd ./fq_fp1_clmp_fp2_fqscrn_rprd
[2023-02-21 22:37:52,961] multiqc                                            [DEBUG  ]  Working dir : /home/e1garcia/shotgun_PIRE/pire_ssl_data_processing/parupeneus_barberinus
[2023-02-21 22:37:52,961] multiqc                                            [INFO   ]  Template    : default
[2023-02-21 22:37:52,961] multiqc                                            [DEBUG  ]  Running Python 3.7.7 (default, Jun 26 2020, 05:10:03)  [GCC 7.3.0]
[2023-02-21 22:37:52,961] multiqc                                            [INFO   ]  Searching   : /home/e1garcia/shotgun_PIRE/pire_ssl_data_processing/parupeneus_barberinus/fq_fp1_clmp_fp2_fqscrn_rprd
[2023-02-21 22:37:52,962] multiqc                                            [DEBUG  ]  Analysing modules: custom_content, conpair, peddy, somalier, methylQA, mosdepth, phantompeakqualtools, qualimap, preseq, quast, qorts, rna_seqc, rockhopper, rsem, rseqc, busco, goleft_indexcov, disambiguate, supernova, deeptools, sargasso, verifybamid, mirtrace, happy, mirtop, homer, macs2, theta2, snpeff, gatk, htseq, bcftools, featureCounts, fgbio, dragen, dedup, damageprofiler, biobambam2, mtnucratio, picard, prokka, samblaster, samtools, sexdeterrmine, bamtools, jellyfish, vcftools, longranger, stacks, varscan2, bbmap, bismark, biscuit, hicexplorer, hicup, hicpro, salmon, kallisto, slamdunk, star, hisat2, tophat, bowtie2, bowtie1, snpsplit, kat, leehom, adapterRemoval, clipandmerge, cutadapt, flexbar, kaiju, kraken, malt, trimmomatic, sickle, skewer, sortmerna, biobloomtools, fastq_screen, afterqc, fastp, fastqc, pycoqc, minionqc, multivcfanalyzer, clusterflow, bcl2fastq, interop, ivar, flash, seqyclean
[2023-02-21 22:37:52,962] multiqc                                            [DEBUG  ]  Using temporary directory for creating report: /tmp/tmppcs688d4
[2023-02-21 22:37:53,173] multiqc                                            [DEBUG  ]  Ignoring file as matched an ignore pattern: Pbb-CGal_008-Ex1-3A-ssl-1-1.clmp.fp2_repr.R2.fq.gz
[2023-02-21 22:37:53,173] multiqc                                            [DEBUG  ]  Ignoring file as matched an ignore pattern: Pbb-CGal_008-Ex1-3A-ssl-1-1.clmp.fp2_repr.R1.fq.gz
[2023-02-21 22:37:53,205] multiqc                                            [DEBUG  ]  File ignored by hicexplorer because it exceeded search pattern filesize limit: Pbb-CGal_008-Ex1-3A-ssl-1-1.clmp.fp2_repr.R2_fastqc.html
[2023-02-21 22:37:53,213] multiqc                                            [DEBUG  ]  File ignored by longranger/invocation because it exceeded search pattern filesize limit: Pbb-CGal_008-Ex1-3A-ssl-1-1.clmp.fp2_repr.R2_fastqc.html
[2023-02-21 22:37:53,270] multiqc                                            [DEBUG  ]  File ignored by hicexplorer because it exceeded search pattern filesize limit: Pbb-CGal_008-Ex1-3A-ssl-1-1.clmp.fp2_repr.R1_fastqc.html
[2023-02-21 22:37:53,275] multiqc                                            [DEBUG  ]  File ignored by longranger/invocation because it exceeded search pattern filesize limit: Pbb-CGal_008-Ex1-3A-ssl-1-1.clmp.fp2_repr.R1_fastqc.html
[2023-02-21 22:37:53,316] multiqc                                            [DEBUG  ]  Ignoring file as matched an ignore pattern: Pbb-CGal_008-Ex1-1A-ssl-1-1.clmp.fp2_repr.R1.fq.gz
[2023-02-21 22:37:53,330] multiqc                                            [DEBUG  ]  File ignored by hicexplorer because it exceeded search pattern filesize limit: Pbb-CGal_008-Ex1-1A-ssl-1-1.clmp.fp2_repr.R2_fastqc.html
[2023-02-21 22:37:53,336] multiqc                                            [DEBUG  ]  File ignored by longranger/invocation because it exceeded search pattern filesize limit: Pbb-CGal_008-Ex1-1A-ssl-1-1.clmp.fp2_repr.R2_fastqc.html
[2023-02-21 22:37:53,379] multiqc                                            [DEBUG  ]  Ignoring file as matched an ignore pattern: Pbb-CGal_008-Ex1-1A-ssl-1-1.clmp.fp2_repr.R2.fq.gz
[2023-02-21 22:37:53,392] multiqc                                            [DEBUG  ]  File ignored by hicexplorer because it exceeded search pattern filesize limit: Pbb-CGal_008-Ex1-1A-ssl-1-1.clmp.fp2_repr.R1_fastqc.html
[2023-02-21 22:37:53,398] multiqc                                            [DEBUG  ]  File ignored by longranger/invocation because it exceeded search pattern filesize limit: Pbb-CGal_008-Ex1-1A-ssl-1-1.clmp.fp2_repr.R1_fastqc.html
[2023-02-21 22:37:53,440] multiqc                                            [DEBUG  ]  Ignoring file as matched an ignore pattern: Pbb-CGal_008-Ex1-1A-ssl-1-1.clmp.fp2_repr.orph.fq
[2023-02-21 22:37:53,440] multiqc                                            [DEBUG  ]  Ignoring file as matched an ignore pattern: Pbb-CGal_008-Ex1-3A-ssl-1-1.clmp.fp2_repr.orph.fq
[2023-02-21 22:37:54,204] multiqc.plots.bargraph                             [DEBUG  ]  Using matplotlib version 3.1.2
[2023-02-21 22:37:54,206] multiqc.plots.linegraph                            [DEBUG  ]  Using matplotlib version 3.1.2
[2023-02-21 22:37:54,207] multiqc                                            [DEBUG  ]  No samples found: custom_content
[2023-02-21 22:37:54,211] multiqc                                            [DEBUG  ]  No samples found: conpair
[2023-02-21 22:37:54,216] multiqc                                            [DEBUG  ]  No samples found: peddy
[2023-02-21 22:37:54,220] multiqc                                            [DEBUG  ]  No samples found: somalier
[2023-02-21 22:37:54,224] multiqc                                            [DEBUG  ]  No samples found: methylQA
[2023-02-21 22:37:54,231] multiqc                                            [DEBUG  ]  No samples found: mosdepth
[2023-02-21 22:37:54,235] multiqc                                            [DEBUG  ]  No samples found: phantompeakqualtools
[2023-02-21 22:37:54,238] multiqc                                            [DEBUG  ]  No samples found: qualimap
[2023-02-21 22:37:54,242] multiqc                                            [DEBUG  ]  No samples found: preseq
[2023-02-21 22:37:54,246] multiqc                                            [DEBUG  ]  No samples found: quast
[2023-02-21 22:37:54,250] multiqc                                            [DEBUG  ]  No samples found: qorts
[2023-02-21 22:37:54,254] multiqc                                            [DEBUG  ]  No samples found: rna_seqc
[2023-02-21 22:37:54,258] multiqc                                            [DEBUG  ]  No samples found: rockhopper
[2023-02-21 22:37:54,261] multiqc                                            [DEBUG  ]  No samples found: rsem
[2023-02-21 22:37:54,266] multiqc                                            [DEBUG  ]  No samples found: rseqc
[2023-02-21 22:37:54,270] multiqc                                            [DEBUG  ]  No samples found: busco
[2023-02-21 22:37:54,274] multiqc                                            [DEBUG  ]  No samples found: goleft_indexcov
[2023-02-21 22:37:54,279] multiqc                                            [DEBUG  ]  No samples found: disambiguate
[2023-02-21 22:37:54,284] multiqc                                            [DEBUG  ]  No samples found: supernova
[2023-02-21 22:37:54,290] multiqc                                            [DEBUG  ]  No samples found: deeptools
[2023-02-21 22:37:54,295] multiqc                                            [DEBUG  ]  No samples found: sargasso
[2023-02-21 22:37:54,299] multiqc                                            [DEBUG  ]  No samples found: verifybamid
[2023-02-21 22:37:54,303] multiqc                                            [DEBUG  ]  No samples found: mirtrace
[2023-02-21 22:37:54,308] multiqc                                            [DEBUG  ]  No samples found: happy
[2023-02-21 22:37:54,312] multiqc                                            [DEBUG  ]  No samples found: mirtop
[2023-02-21 22:37:54,317] multiqc                                            [DEBUG  ]  No samples found: homer
[2023-02-21 22:37:54,320] multiqc                                            [DEBUG  ]  No samples found: macs2
[2023-02-21 22:37:54,324] multiqc                                            [DEBUG  ]  No samples found: theta2
[2023-02-21 22:37:54,330] multiqc                                            [DEBUG  ]  No samples found: snpeff
[2023-02-21 22:37:54,334] multiqc                                            [DEBUG  ]  No samples found: gatk
[2023-02-21 22:37:54,339] multiqc                                            [DEBUG  ]  No samples found: htseq
[2023-02-21 22:37:54,343] multiqc                                            [DEBUG  ]  No samples found: bcftools
[2023-02-21 22:37:54,347] multiqc                                            [DEBUG  ]  No samples found: featureCounts
[2023-02-21 22:37:54,351] multiqc                                            [DEBUG  ]  No samples found: fgbio
[2023-02-21 22:37:54,358] multiqc                                            [DEBUG  ]  No samples found: dragen
[2023-02-21 22:37:54,362] multiqc                                            [DEBUG  ]  No samples found: dedup
[2023-02-21 22:37:54,365] multiqc                                            [DEBUG  ]  No samples found: damageprofiler
[2023-02-21 22:37:54,376] multiqc                                            [DEBUG  ]  No samples found: biobambam2
[2023-02-21 22:37:54,380] multiqc                                            [DEBUG  ]  No samples found: mtnucratio
[2023-02-21 22:37:54,383] multiqc                                            [DEBUG  ]  No samples found: picard
[2023-02-21 22:37:54,387] multiqc                                            [DEBUG  ]  No samples found: prokka
[2023-02-21 22:37:54,391] multiqc                                            [DEBUG  ]  No samples found: samblaster
[2023-02-21 22:37:54,395] multiqc                                            [DEBUG  ]  No samples found: samtools
[2023-02-21 22:37:54,399] multiqc                                            [DEBUG  ]  No samples found: sexdeterrmine
[2023-02-21 22:37:54,403] multiqc                                            [DEBUG  ]  No samples found: bamtools
[2023-02-21 22:37:54,408] multiqc                                            [DEBUG  ]  No samples found: jellyfish
[2023-02-21 22:37:54,412] multiqc                                            [DEBUG  ]  No samples found: vcftools
[2023-02-21 22:37:54,417] multiqc                                            [DEBUG  ]  No samples found: longranger
[2023-02-21 22:37:54,421] multiqc                                            [DEBUG  ]  No samples found: stacks
[2023-02-21 22:37:54,425] multiqc                                            [DEBUG  ]  No samples found: varscan2
[2023-02-21 22:37:54,432] multiqc                                            [DEBUG  ]  No samples found: bbmap
[2023-02-21 22:37:54,436] multiqc                                            [DEBUG  ]  No samples found: bismark
[2023-02-21 22:37:54,440] multiqc                                            [DEBUG  ]  No samples found: biscuit
[2023-02-21 22:37:54,444] multiqc                                            [DEBUG  ]  No samples found: hicexplorer
[2023-02-21 22:37:54,448] multiqc                                            [DEBUG  ]  No samples found: hicup
[2023-02-21 22:37:54,452] multiqc                                            [DEBUG  ]  No samples found: hicpro
[2023-02-21 22:37:54,456] multiqc                                            [DEBUG  ]  No samples found: salmon
[2023-02-21 22:37:54,460] multiqc                                            [DEBUG  ]  No samples found: kallisto
[2023-02-21 22:37:54,464] multiqc                                            [DEBUG  ]  No samples found: slamdunk
[2023-02-21 22:37:54,467] multiqc                                            [DEBUG  ]  No samples found: star
[2023-02-21 22:37:54,471] multiqc                                            [DEBUG  ]  No samples found: hisat2
[2023-02-21 22:37:54,475] multiqc                                            [DEBUG  ]  No samples found: tophat
[2023-02-21 22:37:54,479] multiqc                                            [DEBUG  ]  No samples found: bowtie2
[2023-02-21 22:37:54,483] multiqc                                            [DEBUG  ]  No samples found: bowtie1
[2023-02-21 22:37:54,487] multiqc                                            [DEBUG  ]  No samples found: snpsplit
[2023-02-21 22:37:54,491] multiqc                                            [DEBUG  ]  No samples found: kat
[2023-02-21 22:37:54,494] multiqc                                            [DEBUG  ]  No samples found: leehom
[2023-02-21 22:37:54,498] multiqc                                            [DEBUG  ]  No samples found: adapterRemoval
[2023-02-21 22:37:54,502] multiqc                                            [DEBUG  ]  No samples found: clipandmerge
[2023-02-21 22:37:54,507] multiqc                                            [DEBUG  ]  No samples found: cutadapt
[2023-02-21 22:37:54,511] multiqc                                            [DEBUG  ]  No samples found: flexbar
[2023-02-21 22:37:54,516] multiqc                                            [DEBUG  ]  No samples found: kaiju
[2023-02-21 22:37:54,519] multiqc                                            [DEBUG  ]  No samples found: kraken
[2023-02-21 22:37:54,523] multiqc                                            [DEBUG  ]  No samples found: malt
[2023-02-21 22:37:54,527] multiqc                                            [DEBUG  ]  No samples found: trimmomatic
[2023-02-21 22:37:54,531] multiqc                                            [DEBUG  ]  No samples found: sickle
[2023-02-21 22:37:54,534] multiqc                                            [DEBUG  ]  No samples found: skewer
[2023-02-21 22:37:54,538] multiqc                                            [DEBUG  ]  No samples found: sortmerna
[2023-02-21 22:37:54,542] multiqc                                            [DEBUG  ]  No samples found: biobloomtools
[2023-02-21 22:37:54,546] multiqc                                            [DEBUG  ]  No samples found: fastq_screen
[2023-02-21 22:37:54,551] multiqc                                            [DEBUG  ]  No samples found: afterqc
[2023-02-21 22:37:54,555] multiqc                                            [DEBUG  ]  No samples found: fastp
[2023-02-21 22:37:55,192] multiqc.modules.fastqc.fastqc                      [INFO   ]  Found 4 reports
[2023-02-21 22:38:06,911] multiqc                                            [DEBUG  ]  No samples found: pycoqc
[2023-02-21 22:38:06,916] multiqc                                            [DEBUG  ]  No samples found: minionqc
[2023-02-21 22:38:06,921] multiqc                                            [DEBUG  ]  No samples found: multivcfanalyzer
[2023-02-21 22:38:06,926] multiqc                                            [DEBUG  ]  No samples found: clusterflow
[2023-02-21 22:38:06,930] multiqc                                            [DEBUG  ]  No samples found: bcl2fastq
[2023-02-21 22:38:06,934] multiqc                                            [DEBUG  ]  No samples found: interop
[2023-02-21 22:38:06,938] multiqc                                            [DEBUG  ]  No samples found: ivar
[2023-02-21 22:38:06,942] multiqc                                            [DEBUG  ]  No samples found: flash
[2023-02-21 22:38:06,946] multiqc                                            [DEBUG  ]  No samples found: seqyclean
[2023-02-21 22:38:06,953] multiqc                                            [INFO   ]  Compressing plot data
[2023-02-21 22:38:07,026] multiqc                                            [INFO   ]  Report      : fq_fp1_clmp_fp2_fqscrn_rprd/fqc_rprd_report.html
[2023-02-21 22:38:07,026] multiqc                                            [INFO   ]  Data        : fq_fp1_clmp_fp2_fqscrn_rprd/fqc_rprd_report_data
[2023-02-21 22:38:07,026] multiqc                                            [DEBUG  ]  Moving data file from '/tmp/tmppcs688d4/multiqc_data' to './fq_fp1_clmp_fp2_fqscrn_rprd/fqc_rprd_report_data'
[2023-02-21 22:38:07,094] multiqc                                            [INFO   ]  Plots       : fq_fp1_clmp_fp2_fqscrn_rprd/fqc_rprd_report_plots
[2023-02-21 22:38:07,094] multiqc                                            [DEBUG  ]  Moving plots directory from '/tmp/tmppcs688d4/multiqc_plots' to './fq_fp1_clmp_fp2_fqscrn_rprd/fqc_rprd_report_plots'
[2023-02-21 22:38:07,386] multiqc                                            [INFO   ]  MultiQC complete
