This script is optimize to for up to 3 libraries and can run individual or 2- 3 libraries together
Please enter which library(s) to process. Options: all_2libs | all_3libs | 1 | 2 | 3 

Please enter DATATYPE. Options:  contam | decontam |contam_covAUTO | decontam_covAUTO 
mkdir: cannot create directory `“/home/e1garcia/shotgun_PIRE/REUs/2022_REU/erykamolino/ostorhinchus_chrysopomus”': No such file or directory
mkdir: cannot create directory `“/home/e1garcia/shotgun_PIRE/REUs/2022_REU/erykamolino/ostorhinchus_chrysopomus”': No such file or directory
mkdir: cannot create directory `“/home/e1garcia/shotgun_PIRE/REUs/2022_REU/erykamolino/ostorhinchus_chrysopomus”': No such file or directory
This script is optimize to for up to 3 libraries and can run individual or 2-3 libraries together
Please enter which library(s) to process. Options: all_2libs | all_3libs | 1 | 2 | 3 


Running QUAST Now

ERROR! QUAST does not support non-ASCII characters in path.
You have specified /home/e1garcia/shotgun_PIRE/REUs/2022_REU/erykamolino/ostorhinchus_chrysopomus/“/home/e1garcia/shotgun_PIRE/REUs/2022_REU/erykamolino/ostorhinchus_chrysopomus” as an output path.
Please, use a different directory.

In case you have troubles running QUAST, you can write to quast.support@cab.spbu.ru
or report an issue on our GitHub repository https://github.com/ablab/quast/issues
Please provide us with quast.log file from the output directory.
ERROR! QUAST does not support non-ASCII characters in path.
You have specified /home/e1garcia/shotgun_PIRE/REUs/2022_REU/erykamolino/ostorhinchus_chrysopomus/“/home/e1garcia/shotgun_PIRE/REUs/2022_REU/erykamolino/ostorhinchus_chrysopomus” as an output path.
Please, use a different directory.

In case you have troubles running QUAST, you can write to quast.support@cab.spbu.ru
or report an issue on our GitHub repository https://github.com/ablab/quast/issues
Please provide us with quast.log file from the output directory.
cp: target `“fq_fp1_clmp_fp2/quast-reports/quast-report_contigs_“Och”_spades__“contam”_R1R2_21-99_isolateoff-cov.tsv' is not a directory
cp: target `“fq_fp1_clmp_fp2/quast-reports/quast-report_scaffolds_“Och”_spades__“contam”_R1R2_21-99_isolateoff-cov.tsv' is not a directory
/var/spool/slurmd/job9798892/slurm_script: line 156: /resource_usage_m.tsv: Permission denied
/var/spool/slurmd/job9798892/slurm_script: line 158: /resource_usage_g.tsv: Permission denied
/var/spool/slurmd/job9798892/slurm_script: line 160: /resource_usage_k.tsv: Permission denied
