#                                                                                                        --- full sequence --- -------------- this domain -------------   hmm coord   ali coord   env coord
# target name                                    accession   tlen query name           accession   qlen   E-value  score  bias   #  of  c-Evalue  i-Evalue  score  bias  from    to  from    to  from    to  acc description of target
#                            ------------------- ---------- ----- -------------------- ---------- ----- --------- ------ ----- --- --- --------- --------- ------ ----- ----- ----- ----- ----- ----- ----- ---- ---------------------
NODE_25465_length_10213_cov_42.535990:19-5028    -            545 10712at7898          -            789  3.6e-229  760.9  24.1   1   1  2.2e-228  2.4e-226  751.6  24.1   271   789     1   542     1   542 0.87 -
NODE_96909_length_4104_cov_40.657928:997-1944    -            316 10712at7898          -            789   2.6e-45  152.9  18.9   1   2   9.8e-10   1.1e-07   28.4   0.1    68   118     1    51     1    66 0.86 -
NODE_96909_length_4104_cov_40.657928:997-1944    -            316 10712at7898          -            789   2.6e-45  152.9  18.9   2   2   1.4e-37   1.6e-35  120.5  14.0   114   228   147   303   136   313 0.78 -
NODE_9135_length_15185_cov_47.128994:2925-14862  -            320 10712at7898          -            789   1.6e-07   27.9   0.1   1   1     2e-09   2.2e-07   27.4   0.1   554   711    54   211    23   223 0.80 -
NODE_129601_length_2899_cov_41.110357:727-1395   -            223 10712at7898          -            789   8.9e-07   25.4   0.0   1   1   1.1e-08   1.2e-06   25.0   0.0   557   664    95   204    87   211 0.82 -
NODE_70055_length_5514_cov_44.460203:475-1481    -             87 10712at7898          -            789   9.6e-06   22.0   0.4   1   1     9e-08     1e-05   21.9   0.4   557   594    45    82    34    87 0.84 -
NODE_2344_length_22063_cov_45.313650:17908-18375 -            156 10712at7898          -            789   3.9e-05   20.0   0.0   1   1   4.1e-07   4.5e-05   19.8   0.0   563   702     8   143     4   150 0.65 -
NODE_13444_length_13312_cov_42.251419:7147-7971  -            275 10712at7898          -            789   4.1e-05   19.9   0.0   1   1   4.8e-07   5.3e-05   19.6   0.0   545   664    83   201    71   233 0.77 -
NODE_25667_length_10179_cov_32.959921:342-8671   -            376 10712at7898          -            789   0.00033   16.9   0.0   1   1   4.1e-06   0.00046   16.5   0.0   555   660    51   156    34   175 0.88 -
NODE_27498_length_9841_cov_39.984500:1549-9000   -            480 10712at7898          -            789   0.00048   16.4   0.0   1   1   6.1e-06   0.00068   15.9   0.0   549   666   128   243   122   249 0.79 -
NODE_4273_length_18905_cov_49.228438:1170-1496   -            109 10712at7898          -            789    0.0013   15.0   0.1   1   1   1.5e-05    0.0017   14.6   0.1   557   597    62   102    52   107 0.87 -
NODE_26191_length_10081_cov_39.746343:7161-7424  -             88 10712at7898          -            789    0.0013   14.9   0.2   1   1   1.2e-05    0.0013   14.9   0.2   563   595    47    79    17    85 0.87 -
NODE_6506_length_16817_cov_48.607549:9165-9653   -            163 10712at7898          -            789    0.0015   14.8   0.0   1   1   1.6e-05    0.0018   14.5   0.0   566   662     8   106     4   125 0.85 -
NODE_22909_length_10707_cov_38.274793:4504-7666  -            190 10712at7898          -            789    0.0018   14.5   0.0   1   1   1.7e-05    0.0019   14.4   0.0   557   594    86   123    68   187 0.74 -
NODE_26744_length_9980_cov_91.733225:2625-3041   -            139 10712at7898          -            789     0.003   13.7   0.2   1   1   3.2e-05    0.0036   13.5   0.2   562   597    61    96    44   102 0.83 -
NODE_23274_length_10631_cov_38.938853:6238-7167  -            202 10712at7898          -            789    0.0032   13.7   0.0   1   1   4.8e-05    0.0053   12.9   0.0   563   653    93   183    71   188 0.76 -
NODE_14958_length_12783_cov_47.549432:3465-11752 -            420 10712at7898          -            789    0.0042   13.3   0.0   1   1   4.5e-05     0.005   13.0   0.0   547   653   159   266   121   311 0.82 -
NODE_24673_length_10352_cov_31.351507:2765-3344  -            162 10712at7898          -            789    0.0043   13.3   0.0   1   1   4.2e-05    0.0047   13.1   0.0   542   597    43    96    33   160 0.69 -
NODE_6551_length_16776_cov_33.105415:7745-11102  -            207 10712at7898          -            789    0.0063   12.7   0.0   1   1   7.2e-05     0.008   12.4   0.0   552   670    73   185    63   197 0.81 -
NODE_24263_length_10433_cov_35.185794:1925-9737  -            671 10712at7898          -            789    0.0066   12.6   0.0   1   2     0.044       4.9    3.1   0.0   566   598   300   332   293   340 0.89 -
NODE_24263_length_10433_cov_35.185794:1925-9737  -            671 10712at7898          -            789    0.0066   12.6   0.0   2   2    0.0025      0.27    7.3   0.0   560   657   562   660   547   669 0.66 -
NODE_18476_length_11768_cov_48.497386:370-7930   -            255 10712at7898          -            789    0.0068   12.6   0.0   1   2   0.00022     0.025   10.7   0.0   558   633    42   111    32   143 0.67 -
NODE_18476_length_11768_cov_48.497386:370-7930   -            255 10712at7898          -            789    0.0068   12.6   0.0   2   2      0.59        66   -0.6   0.0   698   725   159   186   144   192 0.82 -
NODE_15073_length_12746_cov_34.478058:5628-6106  -            132 10712at7898          -            789    0.0072   12.5   0.0   1   1   6.5e-05    0.0072   12.5   0.0   562   600     9    47     2   117 0.82 -
NODE_29746_length_9465_cov_43.651612:2646-2978   -            111 10712at7898          -            789    0.0079   12.4   0.3   1   1   8.6e-05    0.0096   12.1   0.3   544   599    53   106    47   109 0.76 -
NODE_37684_length_8357_cov_35.881933:3654-6790   -            183 10712at7898          -            789    0.0081   12.3   0.0   1   1    0.0028      0.31    7.1   0.0   625   660   145   181    86   183 0.72 -
NODE_7643_length_16050_cov_35.501724:3023-10866  -            252 10712at7898          -            789    0.0093   12.1   0.0   1   1   0.00011     0.012   11.8   0.0   565   654   109   193   101   228 0.84 -
NODE_6243_length_17036_cov_41.968530:3653-4186   -            178 10712at7898          -            789     0.011   11.9   0.0   1   2       3.8   4.2e+02   -3.3   0.0   464   484    24    44    20    47 0.85 -
NODE_6243_length_17036_cov_41.968530:3653-4186   -            178 10712at7898          -            789     0.011   11.9   0.0   2   2   0.00018      0.02   11.0   0.0   563   598   106   141    87   167 0.84 -
NODE_475_length_30620_cov_48.590380:8986-9960    -            325 10712at7898          -            789     0.012   11.7   0.0   1   1   0.00015     0.017   11.2   0.0   541   665    82   207    76   225 0.74 -
NODE_68146_length_5638_cov_91.665644:4803-5060   -             86 10712at7898          -            789     0.013   11.6   0.8   1   1   0.00013     0.015   11.5   0.8   561   596    43    78    33    84 0.85 -
NODE_19508_length_11502_cov_38.213365:8031-8555  -            175 10712at7898          -            789     0.014   11.5   0.0   1   1   0.00021     0.023   10.8   0.0   563   598   111   146    81   167 0.82 -
NODE_59258_length_6269_cov_32.837439:1833-2327   -            165 10712at7898          -            789     0.016   11.4   0.0   1   1   0.00018      0.02   11.0   0.0   566   661     8   105     4   118 0.81 -
NODE_17631_length_12001_cov_38.171568:8479-8769  -             97 10712at7898          -            789     0.016   11.3   0.3   1   1   0.00015     0.016   11.3   0.3   557   612    37    92    22    97 0.83 -
NODE_208408_length_1129_cov_31.634951:694-1014   -            107 10712at7898          -            789     0.018   11.2   0.1   1   1   0.00014     0.016   11.4   0.1   558   596    56    94    20   107 0.85 -
NODE_24638_length_10361_cov_43.163126:6939-7397  -            153 10712at7898          -            789     0.026   10.7   0.1   1   2       3.2   3.6e+02   -3.0   0.0   464   484    25    45    20    54 0.84 -
NODE_24638_length_10361_cov_43.163126:6939-7397  -            153 10712at7898          -            789     0.026   10.7   0.1   2   2   0.00037     0.041   10.0   0.1   562   597   106   141    71   152 0.89 -
NODE_1017_length_26569_cov_41.675973:379-4987    -            277 10712at7898          -            789     0.028   10.5   0.0   1   1   0.00029     0.033   10.3   0.0   557   634   113   190    85   270 0.76 -
NODE_38115_length_8303_cov_101.589347:7187-7513  -            109 10712at7898          -            789     0.034   10.3   2.1   1   1   0.00035     0.039   10.1   2.1   557   596    62   101    46   107 0.81 -
NODE_16161_length_12420_cov_42.429186:357-3367   -            313 10712at7898          -            789     0.044    9.9   0.0   1   1    0.0018       0.2    7.7   0.0   560   655   172   256   162   291 0.70 -
NODE_16161_length_12420_cov_42.429186:9052-12062 -            313 10712at7898          -            789     0.044    9.9   0.0   1   1    0.0018       0.2    7.7   0.0   560   655   172   256   162   291 0.70 -
NODE_119993_length_3216_cov_38.258261:683-1519   -            279 10712at7898          -            789     0.054    9.6   0.1   1   1   0.00065     0.073    9.2   0.1   563   597   128   162   119   175 0.86 -
NODE_31513_length_9195_cov_76.284301:3238-6434   -            162 10712at7898          -            789     0.055    9.6   0.2   1   1   0.00062      0.07    9.2   0.2   565   595    65    95    60   109 0.84 -
NODE_61539_length_6097_cov_31.551684:1588-5447   -            230 10712at7898          -            789     0.058    9.5   0.0   1   1   0.00054     0.061    9.4   0.0   548   653    63   168    40   211 0.75 -
NODE_141362_length_2552_cov_26.229107:1440-2018  -            193 10712at7898          -            789     0.058    9.5   0.1   1   1   0.00079     0.088    8.9   0.1   565   614    11    56     2    81 0.74 -
NODE_245932_length_656_cov_0.824057:130-621      -            164 10712at7898          -            789     0.059    9.5   0.0   1   1   0.00062     0.069    9.3   0.0   563   652    51   138    46   150 0.70 -
NODE_236506_length_749_cov_1.407692:16-663       -            216 10712at7898          -            789     0.065    9.3   0.0   1   1   0.00078     0.087    8.9   0.0   566   662   112   206   106   214 0.73 -
NODE_93190_length_4267_cov_31.683301:1382-3938   -            114 10712at7898          -            789      0.08    9.0   0.4   1   1   0.00082     0.091    8.9   0.4   563   591    58    86    42    99 0.89 -
#
# Program:         hmmsearch
# Version:         3.1b2 (February 2015)
# Pipeline mode:   SEARCH
# Query file:      /home/e1garcia/shotgun_PIRE/abyss/busco_downloads/lineages/actinopterygii_odb10/hmms/10712at7898.hmm
# Target file:     /home/e1garcia/shotgun_PIRE/pire_ssl_data_processing/plotosus_lineatus/busco_contigs_results-SPAdes_contam_R1R2_noIsolate/run_actinopterygii_odb10/metaeuk_output/rerun_results/contigs.modified.fasta.modified.fas
# Option settings: hmmsearch --domtblout /home/e1garcia/shotgun_PIRE/pire_ssl_data_processing/plotosus_lineatus/busco_contigs_results-SPAdes_contam_R1R2_noIsolate/run_actinopterygii_odb10/hmmer_output/rerun_results/10712at7898.out --cpu 1 /home/e1garcia/shotgun_PIRE/abyss/busco_downloads/lineages/actinopterygii_odb10/hmms/10712at7898.hmm /home/e1garcia/shotgun_PIRE/pire_ssl_data_processing/plotosus_lineatus/busco_contigs_results-SPAdes_contam_R1R2_noIsolate/run_actinopterygii_odb10/metaeuk_output/rerun_results/contigs.modified.fasta.modified.fas 
# Current dir:     /home/e1garcia/shotgun_PIRE/pire_ssl_data_processing/plotosus_lineatus
# Date:            Fri Aug 20 14:37:06 2021
# [ok]
