#                                                                                                          --- full sequence --- -------------- this domain -------------   hmm coord   ali coord   env coord
# target name                                      accession   tlen query name           accession   qlen   E-value  score  bias   #  of  c-Evalue  i-Evalue  score  bias  from    to  from    to  from    to  acc description of target
#                              ------------------- ---------- ----- -------------------- ---------- ----- --------- ------ ----- --- --- --------- --------- ------ ----- ----- ----- ----- ----- ----- ----- ---- ---------------------
NODE_44703_length_7571_cov_24.610680:2765-6682     -            144 119901at7898         -            141   2.7e-49  164.8   0.9   1   1   1.7e-50   5.6e-49  163.8   0.9    23   138     1   119     1   130 0.96 -
NODE_39804_length_8107_cov_37.475774:5226-7187     -            654 119901at7898         -            141   3.7e-44  148.1  74.9   1   9   1.6e-07   5.4e-06   24.4   0.1    68   131    11    76     2    82 0.89 -
NODE_39804_length_8107_cov_37.475774:5226-7187     -            654 119901at7898         -            141   3.7e-44  148.1  74.9   2   9   1.5e-10   4.9e-09   34.3   0.7    46   129    61   146    59   150 0.92 -
NODE_39804_length_8107_cov_37.475774:5226-7187     -            654 119901at7898         -            141   3.7e-44  148.1  74.9   3   9   1.8e-10   6.2e-09   34.0   1.5    49   137    88   178    82   179 0.91 -
NODE_39804_length_8107_cov_37.475774:5226-7187     -            654 119901at7898         -            141   3.7e-44  148.1  74.9   4   9   0.00064     0.021   12.8   0.9    43    88   154   199   149   208 0.84 -
NODE_39804_length_8107_cov_37.475774:5226-7187     -            654 119901at7898         -            141   3.7e-44  148.1  74.9   5   9   1.5e-10   5.1e-09   34.2   7.3    22   134   219   332   215   334 0.91 -
NODE_39804_length_8107_cov_37.475774:5226-7187     -            654 119901at7898         -            141   3.7e-44  148.1  74.9   6   9   5.1e-09   1.7e-07   29.3   6.2    45   131   313   400   308   404 0.93 -
NODE_39804_length_8107_cov_37.475774:5226-7187     -            654 119901at7898         -            141   3.7e-44  148.1  74.9   7   9   2.6e-07   8.7e-06   23.8   2.1    40   126   473   561   449   571 0.77 -
NODE_39804_length_8107_cov_37.475774:5226-7187     -            654 119901at7898         -            141   3.7e-44  148.1  74.9   8   9   1.4e-10   4.9e-09   34.3   4.7    22   126   504   609   494   609 0.91 -
NODE_39804_length_8107_cov_37.475774:5226-7187     -            654 119901at7898         -            141   3.7e-44  148.1  74.9   9   9   6.5e-09   2.2e-07   29.0   2.5    22   100   576   654   572   654 0.92 -
NODE_63187_length_5978_cov_41.282191:1768-2727     -            320 119901at7898         -            141   7.5e-40  134.2   9.9   1   5   8.2e-11   2.8e-09   35.1   0.1    44   126     2    84     1    87 0.96 -
NODE_63187_length_5978_cov_41.282191:1768-2727     -            320 119901at7898         -            141   7.5e-40  134.2   9.9   2   5     8e-09   2.7e-07   28.7   0.1    68   131    72   135    67   139 0.92 -
NODE_63187_length_5978_cov_41.282191:1768-2727     -            320 119901at7898         -            141   7.5e-40  134.2   9.9   3   5   2.6e-09   8.8e-08   30.2   0.1    65   128   138   201   135   202 0.95 -
NODE_63187_length_5978_cov_41.282191:1768-2727     -            320 119901at7898         -            141   7.5e-40  134.2   9.9   4   5   2.8e-10   9.5e-09   33.4   0.2    69   128   188   247   187   249 0.93 -
NODE_63187_length_5978_cov_41.282191:1768-2727     -            320 119901at7898         -            141   7.5e-40  134.2   9.9   5   5   7.6e-11   2.6e-09   35.2   0.3    63   130   228   295   226   313 0.90 -
NODE_26695_length_9989_cov_33.616582:799-8176      -            383 119901at7898         -            141   6.7e-33  111.6   9.8   1   5   1.8e-06   6.1e-05   21.0   0.0    69   133     2    65     1    70 0.91 -
NODE_26695_length_9989_cov_33.616582:799-8176      -            383 119901at7898         -            141   6.7e-33  111.6   9.8   2   5   7.3e-10   2.5e-08   32.0   0.1    46   131    48   133    43   141 0.89 -
NODE_26695_length_9989_cov_33.616582:799-8176      -            383 119901at7898         -            141   6.7e-33  111.6   9.8   3   5   2.9e-05   0.00097   17.1   0.1    66   131   179   248   170   250 0.75 -
NODE_26695_length_9989_cov_33.616582:799-8176      -            383 119901at7898         -            141   6.7e-33  111.6   9.8   4   5   6.5e-13   2.2e-11   41.9   0.5    63   130   249   316   247   324 0.92 -
NODE_26695_length_9989_cov_33.616582:799-8176      -            383 119901at7898         -            141   6.7e-33  111.6   9.8   5   5   0.00064     0.022   12.8   0.0    51   103   307   359   306   365 0.90 -
NODE_17525_length_12029_cov_42.756832:1311-2501    -            397 119901at7898         -            141   1.8e-28   97.3  24.5   1   5   4.4e-08   1.5e-06   26.3   3.4    21   125    28   109    12   113 0.56 -
NODE_17525_length_12029_cov_42.756832:1311-2501    -            397 119901at7898         -            141   1.8e-28   97.3  24.5   2   5     4e-07   1.3e-05   23.1   2.2    63   131    93   163    91   170 0.88 -
NODE_17525_length_12029_cov_42.756832:1311-2501    -            397 119901at7898         -            141   1.8e-28   97.3  24.5   3   5   6.3e-09   2.1e-07   29.0   0.5    44   107   122   186   114   189 0.90 -
NODE_17525_length_12029_cov_42.756832:1311-2501    -            397 119901at7898         -            141   1.8e-28   97.3  24.5   4   5   1.5e-12   4.9e-11   40.8   0.4    20   128   171   280   166   282 0.89 -
NODE_17525_length_12029_cov_42.756832:1311-2501    -            397 119901at7898         -            141   1.8e-28   97.3  24.5   5   5   1.5e-07     5e-06   24.5   1.6    30   102   277   349   276   357 0.89 -
NODE_115352_length_3377_cov_37.145516:747-1742     -            332 119901at7898         -            141   4.2e-26   89.6  15.8   1   3   2.4e-08   8.1e-07   27.1   2.7    34   129     6   102     2   110 0.84 -
NODE_115352_length_3377_cov_37.145516:747-1742     -            332 119901at7898         -            141   4.2e-26   89.6  15.8   2   3   3.4e-09   1.1e-07   29.9   0.2    22   136    90   205    89   211 0.91 -
NODE_115352_length_3377_cov_37.145516:747-1742     -            332 119901at7898         -            141   4.2e-26   89.6  15.8   3   3   3.8e-13   1.3e-11   42.7   2.5    27   124   216   314   209   320 0.90 -
NODE_100411_length_3951_cov_30.555036:1371-2480    -            370 119901at7898         -            141     1e-25   88.3   9.6   1   5    0.0001    0.0035   15.3   0.1    70   131    54   117    49   126 0.81 -
NODE_100411_length_3951_cov_30.555036:1371-2480    -            370 119901at7898         -            141     1e-25   88.3   9.6   2   5   1.2e-06   4.1e-05   21.6   0.0    45   123   125   205   113   205 0.83 -
NODE_100411_length_3951_cov_30.555036:1371-2480    -            370 119901at7898         -            141     1e-25   88.3   9.6   3   5   3.7e-10   1.3e-08   33.0   0.1    32   129   161   259   158   263 0.88 -
NODE_100411_length_3951_cov_30.555036:1371-2480    -            370 119901at7898         -            141     1e-25   88.3   9.6   4   5     3e-10     1e-08   33.3   0.4    44   129   196   283   194   290 0.90 -
NODE_100411_length_3951_cov_30.555036:1371-2480    -            370 119901at7898         -            141     1e-25   88.3   9.6   5   5   3.8e-05    0.0013   16.7   0.0    46   117   294   367   284   370 0.84 -
NODE_70777_length_5472_cov_40.834543:2568-3482     -            305 119901at7898         -            141   2.4e-25   87.2  11.6   1   5      0.16       5.5    5.0   0.0    63   118    19    79     1    89 0.68 -
NODE_70777_length_5472_cov_40.834543:2568-3482     -            305 119901at7898         -            141   2.4e-25   87.2  11.6   2   5     1e-06   3.5e-05   21.8   0.4    27   105    59   136    51   142 0.92 -
NODE_70777_length_5472_cov_40.834543:2568-3482     -            305 119901at7898         -            141   2.4e-25   87.2  11.6   3   5     7e-10   2.4e-08   32.1   0.6    38   129    91   185    89   189 0.84 -
NODE_70777_length_5472_cov_40.834543:2568-3482     -            305 119901at7898         -            141   2.4e-25   87.2  11.6   4   5     3e-12     1e-10   39.7   0.1    66   126   191   251   185   255 0.94 -
NODE_70777_length_5472_cov_40.834543:2568-3482     -            305 119901at7898         -            141   2.4e-25   87.2  11.6   5   5   3.1e-06   0.00011   20.3   0.0    68   117   239   288   237   300 0.91 -
NODE_104306_length_3794_cov_27.098241:1737-2336    -            200 119901at7898         -            141     3e-24   83.6  18.7   1   3   2.5e-09   8.5e-08   30.3   2.1    50   107     1    59     1    62 0.93 -
NODE_104306_length_3794_cov_27.098241:1737-2336    -            200 119901at7898         -            141     3e-24   83.6  18.7   2   3   3.1e-12     1e-10   39.7   1.7    21   104    45   127    40   129 0.89 -
NODE_104306_length_3794_cov_27.098241:1737-2336    -            200 119901at7898         -            141     3e-24   83.6  18.7   3   3   1.9e-11   6.3e-10   37.2   0.9    44   129   114   200   107   200 0.91 -
NODE_38423_length_8266_cov_40.419126:1392-2906     -            505 119901at7898         -            141   4.9e-24   82.9  28.5   1   6      0.31        10    4.1   0.0    68   105     6    44     3    52 0.78 -
NODE_38423_length_8266_cov_40.419126:1392-2906     -            505 119901at7898         -            141   4.9e-24   82.9  28.5   2   6   2.5e-08   8.3e-07   27.1   4.0    22   126    33   139    30   148 0.77 -
NODE_38423_length_8266_cov_40.419126:1392-2906     -            505 119901at7898         -            141   4.9e-24   82.9  28.5   3   6   4.1e-08   1.4e-06   26.4   3.4    23   129    58   167    57   175 0.78 -
NODE_38423_length_8266_cov_40.419126:1392-2906     -            505 119901at7898         -            141   4.9e-24   82.9  28.5   4   6   9.1e-10   3.1e-08   31.7   2.9    43   136   253   346   228   348 0.90 -
NODE_38423_length_8266_cov_40.419126:1392-2906     -            505 119901at7898         -            141   4.9e-24   82.9  28.5   5   6   0.00017    0.0059   14.6   0.1    63   103   343   384   337   388 0.88 -
NODE_38423_length_8266_cov_40.419126:1392-2906     -            505 119901at7898         -            141   4.9e-24   82.9  28.5   6   6   1.3e-07   4.2e-06   24.8   1.6    45   131   373   461   370   471 0.91 -
NODE_30609_length_9330_cov_35.070198:6501-7484     -            328 119901at7898         -            141   2.1e-23   80.9   8.9   1   4      0.07       2.4    6.2   0.2    66   113    46    97    19   107 0.78 -
NODE_30609_length_9330_cov_35.070198:6501-7484     -            328 119901at7898         -            141   2.1e-23   80.9   8.9   2   4     1e-06   3.5e-05   21.8   0.4    51   109   106   164    98   172 0.82 -
NODE_30609_length_9330_cov_35.070198:6501-7484     -            328 119901at7898         -            141   2.1e-23   80.9   8.9   3   4   1.4e-08   4.6e-07   27.9   0.0    63   131   166   234   161   240 0.92 -
NODE_30609_length_9330_cov_35.070198:6501-7484     -            328 119901at7898         -            141   2.1e-23   80.9   8.9   4   4   5.6e-09   1.9e-07   29.2   0.1    67   131   239   303   235   311 0.91 -
NODE_10979_length_14284_cov_39.009165:496-3083     -            261 119901at7898         -            141   2.3e-23   80.7   3.8   1   3     7e-11   2.4e-09   35.3   0.0    60   123    26    89     6    93 0.88 -
NODE_10979_length_14284_cov_39.009165:496-3083     -            261 119901at7898         -            141   2.3e-23   80.7   3.8   2   3   1.9e-07   6.4e-06   24.2   0.1    79   130    92   143    88   146 0.93 -
NODE_10979_length_14284_cov_39.009165:496-3083     -            261 119901at7898         -            141   2.3e-23   80.7   3.8   3   3   5.7e-10   1.9e-08   32.4   0.2    68   129   127   188   122   202 0.89 -
NODE_17231_length_12114_cov_37.368373:4588-5505    -            306 119901at7898         -            141   6.3e-23   79.3   2.9   1   3     1e-05   0.00035   18.6   0.0    67   122    96   153    90   156 0.76 -
NODE_17231_length_12114_cov_37.368373:4588-5505    -            306 119901at7898         -            141   6.3e-23   79.3   2.9   2   3   2.1e-06     7e-05   20.8   0.0    68   131   145   208   138   212 0.91 -
NODE_17231_length_12114_cov_37.368373:4588-5505    -            306 119901at7898         -            141   6.3e-23   79.3   2.9   3   3   3.3e-12   1.1e-10   39.6   0.3    66   131   212   278   209   282 0.94 -
NODE_19702_length_11455_cov_38.305125:2392-3291    -            300 119901at7898         -            141   7.1e-23   79.1  22.9   1   5     0.039       1.3    7.0   0.1    43    93     1    52     1    56 0.81 -
NODE_19702_length_11455_cov_38.305125:2392-3291    -            300 119901at7898         -            141   7.1e-23   79.1  22.9   2   5   2.8e-10   9.6e-09   33.4   4.4    22   131    29   136    27   140 0.90 -
NODE_19702_length_11455_cov_38.305125:2392-3291    -            300 119901at7898         -            141   7.1e-23   79.1  22.9   3   5   2.6e-06   8.7e-05   20.5   1.0    43   109   118   185   117   187 0.90 -
NODE_19702_length_11455_cov_38.305125:2392-3291    -            300 119901at7898         -            141   7.1e-23   79.1  22.9   4   5   1.2e-11   4.2e-10   37.8   2.2    46   127   169   250   165   254 0.89 -
NODE_19702_length_11455_cov_38.305125:2392-3291    -            300 119901at7898         -            141   7.1e-23   79.1  22.9   5   5   5.7e-06   0.00019   19.4   0.5    22    83   240   300   236   300 0.52 -
NODE_94071_length_4226_cov_26.956142:1734-2306     -            191 119901at7898         -            141   9.4e-23   78.8   4.3   1   2     2e-20   6.6e-19   66.3   1.4     8   129     6   126     2   129 0.92 -
NODE_94071_length_4226_cov_26.956142:1734-2306     -            191 119901at7898         -            141   9.4e-23   78.8   4.3   2   2     2e-06   6.8e-05   20.9   0.2    68   124   111   167   108   191 0.59 -
NODE_51076_length_6952_cov_32.154677:4684-6237     -            518 119901at7898         -            141     1e-22   78.6   8.3   1   4   9.4e-10   3.2e-08   31.7   2.5    23   125    29   129    21   129 0.86 -
NODE_51076_length_6952_cov_32.154677:4684-6237     -            518 119901at7898         -            141     1e-22   78.6   8.3   2   4   1.5e-08   4.9e-07   27.8   0.7    44   138    94   190    89   193 0.91 -
NODE_51076_length_6952_cov_32.154677:4684-6237     -            518 119901at7898         -            141     1e-22   78.6   8.3   3   4       1.1        36    2.3   0.0    54    75   200   221   188   236 0.82 -
NODE_51076_length_6952_cov_32.154677:4684-6237     -            518 119901at7898         -            141     1e-22   78.6   8.3   4   4   4.4e-08   1.5e-06   26.3   0.0    20   125   239   345   228   350 0.89 -
NODE_50190_length_7031_cov_31.070254:1554-2501     -            316 119901at7898         -            141   3.8e-22   76.8   7.1   1   3   8.2e-08   2.8e-06   25.4   0.0    44   131    29   118    20   125 0.92 -
NODE_50190_length_7031_cov_31.070254:1554-2501     -            316 119901at7898         -            141   3.8e-22   76.8   7.1   2   3   1.6e-08   5.5e-07   27.7   0.7    48   137   129   221   122   224 0.90 -
NODE_50190_length_7031_cov_31.070254:1554-2501     -            316 119901at7898         -            141   3.8e-22   76.8   7.1   3   3   4.1e-08   1.4e-06   26.4   0.8    37   128   216   308   214   312 0.88 -
NODE_4826_length_18301_cov_46.187891:5017-5769     -            251 119901at7898         -            141   7.4e-22   75.9   7.2   1   3   4.5e-13   1.5e-11   42.4   0.9    43   136    31   123    23   128 0.91 -
NODE_4826_length_18301_cov_46.187891:5017-5769     -            251 119901at7898         -            141   7.4e-22   75.9   7.2   2   3   7.9e-09   2.7e-07   28.7   0.3    45   130   102   188    98   194 0.89 -
NODE_4826_length_18301_cov_46.187891:5017-5769     -            251 119901at7898         -            141   7.4e-22   75.9   7.2   3   3   6.9e-07   2.3e-05   22.4   0.4    23    91   176   242   175   250 0.57 -
NODE_3505_length_20007_cov_36.410137:146-1787      -            388 119901at7898         -            141   1.2e-21   75.2   4.3   1   3   6.1e-08   2.1e-06   25.8   0.2    78   131    60   113    45   116 0.91 -
NODE_3505_length_20007_cov_36.410137:146-1787      -            388 119901at7898         -            141   1.2e-21   75.2   4.3   2   3   1.1e-06   3.7e-05   21.7   0.0    66   125   117   178   113   179 0.84 -
NODE_3505_length_20007_cov_36.410137:146-1787      -            388 119901at7898         -            141   1.2e-21   75.2   4.3   3   3     8e-09   2.7e-07   28.6   0.5    76   135   175   234   165   239 0.94 -
NODE_39250_length_8169_cov_21.181537:4702-5268     -            189 119901at7898         -            141   2.1e-21   74.4   0.0   1   3     6e-06    0.0002   19.3   0.0    80   131     2    53     1    61 0.92 -
NODE_39250_length_8169_cov_21.181537:4702-5268     -            189 119901at7898         -            141   2.1e-21   74.4   0.0   2   3     2e-08   6.8e-07   27.4   0.0    66   130    57   121    53   124 0.94 -
NODE_39250_length_8169_cov_21.181537:4702-5268     -            189 119901at7898         -            141   2.1e-21   74.4   0.0   3   3   5.7e-11   1.9e-09   35.6   0.0    67   130   104   167   102   179 0.93 -
NODE_7181_length_16326_cov_36.666913:10350-11270   -            307 119901at7898         -            141   2.2e-21   74.3   7.5   1   3      0.25       8.4    4.4   0.3    56    90    39    72    19    95 0.57 -
NODE_7181_length_16326_cov_36.666913:10350-11270   -            307 119901at7898         -            141   2.2e-21   74.3   7.5   2   3   3.2e-14   1.1e-12   46.2   1.1    22   131   101   209    89   213 0.94 -
NODE_7181_length_16326_cov_36.666913:10350-11270   -            307 119901at7898         -            141   2.2e-21   74.3   7.5   3   3   5.7e-08   1.9e-06   25.9   0.0    43   117   214   287   210   303 0.69 -
NODE_51878_length_6877_cov_27.199616:1126-2619     -            498 119901at7898         -            141   4.2e-21   73.4   8.4   1   4   0.00019    0.0063   14.5   0.3    68   132    31    97    23   106 0.85 -
NODE_51878_length_6877_cov_27.199616:1126-2619     -            498 119901at7898         -            141   4.2e-21   73.4   8.4   2   4   6.2e-06   0.00021   19.3   0.1    35   100   119   184   106   204 0.75 -
NODE_51878_length_6877_cov_27.199616:1126-2619     -            498 119901at7898         -            141   4.2e-21   73.4   8.4   3   4   3.6e-05    0.0012   16.8   0.1    47   103   372   429   367   431 0.90 -
NODE_51878_length_6877_cov_27.199616:1126-2619     -            498 119901at7898         -            141   4.2e-21   73.4   8.4   4   4   5.4e-09   1.8e-07   29.2   0.2    43   123   416   498   411   498 0.94 -
NODE_66729_length_5730_cov_38.914580:4794-5408     -            205 119901at7898         -            141     9e-21   72.3   1.8   1   3   2.1e-06   7.2e-05   20.8   0.1    72   130    16    74     5    77 0.92 -
NODE_66729_length_5730_cov_38.914580:4794-5408     -            205 119901at7898         -            141     9e-21   72.3   1.8   2   3   3.3e-08   1.1e-06   26.7   0.0    67   131    80   144    75   150 0.90 -
NODE_66729_length_5730_cov_38.914580:4794-5408     -            205 119901at7898         -            141     9e-21   72.3   1.8   3   3   1.5e-09   5.1e-08   31.0   0.0    35   118   120   199   117   205 0.71 -
NODE_170390_length_1838_cov_86.915469:57-1808      -            584 119901at7898         -            141   2.1e-20   71.1  21.5   1   5     0.071       2.4    6.1   0.1    43   127    25   112    19   116 0.82 -
NODE_170390_length_1838_cov_86.915469:57-1808      -            584 119901at7898         -            141   2.1e-20   71.1  21.5   2   5      0.01      0.34    8.9   0.2    44   106    99   165    75   187 0.71 -
NODE_170390_length_1838_cov_86.915469:57-1808      -            584 119901at7898         -            141   2.1e-20   71.1  21.5   3   5   8.8e-11     3e-09   35.0   5.0    14   129   265   381   260   386 0.86 -
NODE_170390_length_1838_cov_86.915469:57-1808      -            584 119901at7898         -            141   2.1e-20   71.1  21.5   4   5   6.8e-07   2.3e-05   22.4   0.6    23   125   346   448   345   454 0.89 -
NODE_170390_length_1838_cov_86.915469:57-1808      -            584 119901at7898         -            141   2.1e-20   71.1  21.5   5   5   1.1e-05   0.00037   18.5   0.2    44   123   493   569   463   580 0.71 -
NODE_109262_length_3602_cov_35.996860:2083-3072    -            330 119901at7898         -            141   2.2e-20   71.1   9.3   1   5     0.037       1.3    7.0   0.6    50   113    56   120    46   137 0.70 -
NODE_109262_length_3602_cov_35.996860:2083-3072    -            330 119901at7898         -            141   2.2e-20   71.1   9.3   2   5     6e-05     0.002   16.1   0.6    30   105    84   158    81   163 0.86 -
NODE_109262_length_3602_cov_35.996860:2083-3072    -            330 119901at7898         -            141   2.2e-20   71.1   9.3   3   5   2.7e-09     9e-08   30.2   0.6    50   129   127   207   112   212 0.72 -
NODE_109262_length_3602_cov_35.996860:2083-3072    -            330 119901at7898         -            141   2.2e-20   71.1   9.3   4   5     3e-08     1e-06   26.8   0.2    52   126   200   273   199   276 0.91 -
NODE_109262_length_3602_cov_35.996860:2083-3072    -            330 119901at7898         -            141   2.2e-20   71.1   9.3   5   5   9.1e-06   0.00031   18.8   0.0    67   120   260   313   256   326 0.91 -
NODE_75688_length_5169_cov_32.140237:3526-4230     -            235 119901at7898         -            141   2.2e-20   71.1   7.0   1   3   2.4e-07   8.1e-06   23.9   0.1    70   131    29    90    14   100 0.74 -
NODE_75688_length_5169_cov_32.140237:3526-4230     -            235 119901at7898         -            141   2.2e-20   71.1   7.0   2   3   3.4e-10   1.1e-08   33.1   0.4    68   130    96   158    89   167 0.87 -
NODE_75688_length_5169_cov_32.140237:3526-4230     -            235 119901at7898         -            141   2.2e-20   71.1   7.0   3   3   1.5e-05   0.00052   18.0   0.2    68   132   165   229   159   234 0.91 -
NODE_15558_length_12603_cov_34.738244:5938-7620    -            561 119901at7898         -            141   4.9e-20   70.0   8.2   1   4   4.3e-06   0.00015   19.8   0.1    41   129     8    98     5   102 0.91 -
NODE_15558_length_12603_cov_34.738244:5938-7620    -            561 119901at7898         -            141   4.9e-20   70.0   8.2   2   4   3.7e-05    0.0012   16.8   0.1    65   123   101   164    98   172 0.88 -
NODE_15558_length_12603_cov_34.738244:5938-7620    -            561 119901at7898         -            141   4.9e-20   70.0   8.2   3   4     4e-05    0.0013   16.7   0.0    44   100   347   404   338   407 0.86 -
NODE_15558_length_12603_cov_34.738244:5938-7620    -            561 119901at7898         -            141   4.9e-20   70.0   8.2   4   4     9e-07     3e-05   22.0   0.2    44   123   395   476   387   492 0.88 -
NODE_13700_length_13214_cov_36.348761:8559-9380    -            274 119901at7898         -            141   1.3e-19   68.5  12.1   1   5    0.0023     0.078   11.0   0.1    89   130     4    43     1    50 0.84 -
NODE_13700_length_13214_cov_36.348761:8559-9380    -            274 119901at7898         -            141   1.3e-19   68.5  12.1   2   5    0.0012      0.04   11.9   0.2    47   103    30    87    26    94 0.57 -
NODE_13700_length_13214_cov_36.348761:8559-9380    -            274 119901at7898         -            141   1.3e-19   68.5  12.1   3   5   2.4e-09   8.2e-08   30.3   0.2    45   123    98   175    89   183 0.81 -
NODE_13700_length_13214_cov_36.348761:8559-9380    -            274 119901at7898         -            141   1.3e-19   68.5  12.1   4   5   3.8e-06   0.00013   20.0   0.0    49   137   147   232   145   233 0.85 -
NODE_13700_length_13214_cov_36.348761:8559-9380    -            274 119901at7898         -            141   1.3e-19   68.5  12.1   5   5    0.0098      0.33    8.9   0.3    87   129   229   272   226   274 0.67 -
NODE_3340_length_20239_cov_21.254916:9123-10880    -            586 119901at7898         -            141   1.5e-19   68.4  14.0   1   4   2.6e-06   8.6e-05   20.5   0.9    42   130    57   147    31   154 0.87 -
NODE_3340_length_20239_cov_21.254916:9123-10880    -            586 119901at7898         -            141   1.5e-19   68.4  14.0   2   4   3.9e-05    0.0013   16.7   0.3    62   123   149   212   142   220 0.50 -
NODE_3340_length_20239_cov_21.254916:9123-10880    -            586 119901at7898         -            141   1.5e-19   68.4  14.0   3   4   0.00032     0.011   13.7   0.0    44   100   399   456   394   459 0.84 -
NODE_3340_length_20239_cov_21.254916:9123-10880    -            586 119901at7898         -            141   1.5e-19   68.4  14.0   4   4   4.5e-08   1.5e-06   26.2   0.7    46   123   449   528   445   548 0.89 -
NODE_50787_length_6979_cov_28.579651:1023-2540     -            506 119901at7898         -            141     2e-19   68.0  10.1   1   3   1.9e-08   6.4e-07   27.4   0.4    25   125    33   131    23   131 0.81 -
NODE_50787_length_6979_cov_28.579651:1023-2540     -            506 119901at7898         -            141     2e-19   68.0  10.1   2   3   3.4e-06   0.00011   20.1   3.3    22   116   123   221   120   245 0.81 -
NODE_50787_length_6979_cov_28.579651:1023-2540     -            506 119901at7898         -            141     2e-19   68.0  10.1   3   3   1.1e-07   3.6e-06   25.0   0.1    13   124   234   346   227   354 0.87 -
NODE_2597_length_21505_cov_44.728627:18280-19692   -            471 119901at7898         -            141   2.8e-19   67.5  24.0   1   6   7.9e-07   2.7e-05   22.2   1.0    45   129     3    93     2    95 0.83 -
NODE_2597_length_21505_cov_44.728627:18280-19692   -            471 119901at7898         -            141   2.8e-19   67.5  24.0   2   6     1e-05   0.00034   18.6   0.7    45   102    55   112    49   117 0.91 -
NODE_2597_length_21505_cov_44.728627:18280-19692   -            471 119901at7898         -            141   2.8e-19   67.5  24.0   3   6    0.0006      0.02   12.9   1.1    63   129    96   162    94   173 0.83 -
NODE_2597_length_21505_cov_44.728627:18280-19692   -            471 119901at7898         -            141   2.8e-19   67.5  24.0   4   6       1.8        61    1.6   0.1   105   131   215   242   163   251 0.63 -
NODE_2597_length_21505_cov_44.728627:18280-19692   -            471 119901at7898         -            141   2.8e-19   67.5  24.0   5   6   1.2e-08     4e-07   28.1   1.0    22   135   228   344   223   350 0.82 -
NODE_2597_length_21505_cov_44.728627:18280-19692   -            471 119901at7898         -            141   2.8e-19   67.5  24.0   6   6   6.8e-05    0.0023   15.9   0.4    22   133   361   468   354   471 0.86 -
NODE_214449_length_1035_cov_95.955128:182-997      -            272 119901at7898         -            141   3.1e-19   67.3  14.5   1   3   5.9e-10     2e-08   32.3   0.4    21   103    64   146    52   147 0.91 -
NODE_214449_length_1035_cov_95.955128:182-997      -            272 119901at7898         -            141   3.1e-19   67.3  14.5   2   3     1e-10   3.5e-09   34.8   3.0    34   129   125   221   125   228 0.90 -
NODE_214449_length_1035_cov_95.955128:182-997      -            272 119901at7898         -            141   3.1e-19   67.3  14.5   3   3     7e-05    0.0023   15.9   0.2    43    84   229   270   223   272 0.88 -
NODE_82945_length_4770_cov_26.614215:569-1405      -            279 119901at7898         -            141   3.5e-19   67.2   3.6   1   4    0.0025     0.084   10.9   0.0    44    83    35    78    28    82 0.84 -
NODE_82945_length_4770_cov_26.614215:569-1405      -            279 119901at7898         -            141   3.5e-19   67.2   3.6   2   4   8.6e-08   2.9e-06   25.3   0.0    34   131    54   151    52   157 0.80 -
NODE_82945_length_4770_cov_26.614215:569-1405      -            279 119901at7898         -            141   3.5e-19   67.2   3.6   3   4   2.7e-08   9.2e-07   26.9   0.2    46   134    86   175    81   179 0.85 -
NODE_82945_length_4770_cov_26.614215:569-1405      -            279 119901at7898         -            141   3.5e-19   67.2   3.6   4   4   3.7e-07   1.2e-05   23.3   0.0    45   138   156   248   152   251 0.91 -
NODE_27934_length_9766_cov_25.485466:8281-9012     -            244 119901at7898         -            141   3.6e-19   67.1   8.2   1   4   7.6e-06   0.00026   19.0   0.0    67   131    19    83     3    86 0.91 -
NODE_27934_length_9766_cov_25.485466:8281-9012     -            244 119901at7898         -            141   3.6e-19   67.1   8.2   2   4   1.5e-07   4.9e-06   24.6   0.1    67   129    42   104    38   104 0.94 -
NODE_27934_length_9766_cov_25.485466:8281-9012     -            244 119901at7898         -            141   3.6e-19   67.1   8.2   3   4   6.5e-07   2.2e-05   22.5   0.0    67   115    88   136    84   144 0.78 -
NODE_27934_length_9766_cov_25.485466:8281-9012     -            244 119901at7898         -            141   3.6e-19   67.1   8.2   4   4     4e-07   1.4e-05   23.1   1.2    47   118   138   208   130   214 0.72 -
NODE_55003_length_6611_cov_26.792230:4218-5678     -            487 119901at7898         -            141     1e-18   65.7   3.0   1   4   0.00031      0.01   13.8   0.0    45    80    43    78    34    82 0.90 -
NODE_55003_length_6611_cov_26.792230:4218-5678     -            487 119901at7898         -            141     1e-18   65.7   3.0   2   4   2.2e-10   7.3e-09   33.7   0.7    36   137    83   185    80   190 0.90 -
NODE_55003_length_6611_cov_26.792230:4218-5678     -            487 119901at7898         -            141     1e-18   65.7   3.0   3   4     0.013      0.45    8.5   0.0    61   128   203   272   185   274 0.81 -
NODE_55003_length_6611_cov_26.792230:4218-5678     -            487 119901at7898         -            141     1e-18   65.7   3.0   4   4   0.00081     0.027   12.4   0.0    24   105   239   320   237   342 0.82 -
NODE_330609_length_359_cov_0.611538:1-324          -            108 119901at7898         -            141   2.1e-18   64.7   0.6   1   1   4.2e-19   1.4e-17   62.0   0.8    44   129     1    85     1    96 0.93 -
NODE_1020_length_26550_cov_31.093683:4604-6061     -            486 119901at7898         -            141   2.4e-18   64.5   5.9   1   3   3.9e-08   1.3e-06   26.4   0.6    19   124     9   112     4   113 0.90 -
NODE_1020_length_26550_cov_31.093683:4604-6061     -            486 119901at7898         -            141   2.4e-18   64.5   5.9   2   3   1.2e-06   4.1e-05   21.6   0.1    22    99   105   182   101   204 0.86 -
NODE_1020_length_26550_cov_31.093683:4604-6061     -            486 119901at7898         -            141   2.4e-18   64.5   5.9   3   3     1e-06   3.5e-05   21.8   0.1    25   125   228   329   222   337 0.87 -
NODE_18071_length_11878_cov_23.012650:2750-3646    -            299 119901at7898         -            141   2.7e-18   64.3   2.0   1   4   0.00013    0.0043   15.0   0.1    27   104    37   114    18   117 0.80 -
NODE_18071_length_11878_cov_23.012650:2750-3646    -            299 119901at7898         -            141   2.7e-18   64.3   2.0   2   4   1.7e-09   5.6e-08   30.9   0.4    45   131    78   166    71   173 0.91 -
NODE_18071_length_11878_cov_23.012650:2750-3646    -            299 119901at7898         -            141   2.7e-18   64.3   2.0   3   4     0.032       1.1    7.3   0.0    44    82   149   187   145   192 0.85 -
NODE_18071_length_11878_cov_23.012650:2750-3646    -            299 119901at7898         -            141   2.7e-18   64.3   2.0   4   4   1.9e-08   6.5e-07   27.4   0.0    44   123   197   278   193   284 0.89 -
NODE_2678_length_21349_cov_75.292329:16908-17471   -            188 119901at7898         -            141     3e-18   64.2  12.0   1   3   6.4e-10   2.2e-08   32.2   0.8    48   125    12    88     5    88 0.93 -
NODE_2678_length_21349_cov_75.292329:16908-17471   -            188 119901at7898         -            141     3e-18   64.2  12.0   2   3   8.9e-12     3e-10   38.2   5.2    47   137    80   169    75   172 0.92 -
NODE_2678_length_21349_cov_75.292329:16908-17471   -            188 119901at7898         -            141     3e-18   64.2  12.0   3   3   0.00081     0.027   12.4   0.2    66   107   144   186   137   188 0.87 -
NODE_20543_length_11245_cov_114.029786:8660-9559   -            300 119901at7898         -            141   3.9e-18   63.8   0.3   1   3   2.6e-10   8.7e-09   33.5   0.0    48   139    60   153    51   155 0.91 -
NODE_20543_length_11245_cov_114.029786:8660-9559   -            300 119901at7898         -            141   3.9e-18   63.8   0.3   2   3      0.22       7.3    4.6   0.0    47    82   155   190   150   194 0.87 -
NODE_20543_length_11245_cov_114.029786:8660-9559   -            300 119901at7898         -            141   3.9e-18   63.8   0.3   3   3   7.8e-07   2.6e-05   22.2   0.0    44   123   200   281   194   285 0.87 -
NODE_57296_length_6418_cov_38.664504:4896-5678     -            261 119901at7898         -            141     1e-17   62.4   9.7   1   4   3.5e-06   0.00012   20.1   0.4    46   128    11    96     6    97 0.87 -
NODE_57296_length_6418_cov_38.664504:4896-5678     -            261 119901at7898         -            141     1e-17   62.4   9.7   2   4     0.028      0.94    7.5   0.0    22    38    85   101    81   104 0.92 -
NODE_57296_length_6418_cov_38.664504:4896-5678     -            261 119901at7898         -            141     1e-17   62.4   9.7   3   4   8.9e-09     3e-07   28.5   0.2    60   137    98   176    95   178 0.91 -
NODE_57296_length_6418_cov_38.664504:4896-5678     -            261 119901at7898         -            141     1e-17   62.4   9.7   4   4   3.7e-08   1.3e-06   26.5   0.7    43   131   152   242   148   251 0.87 -
NODE_80483_length_4900_cov_35.026869:1476-3035     -            520 119901at7898         -            141   1.3e-17   62.1   9.9   1   3   1.3e-09   4.2e-08   31.3   2.5    22   129    42   146    33   154 0.86 -
NODE_80483_length_4900_cov_35.026869:1476-3035     -            520 119901at7898         -            141   1.3e-17   62.1   9.9   2   3   3.1e-05     0.001   17.0   0.1    29   129   165   266   154   277 0.69 -
NODE_80483_length_4900_cov_35.026869:1476-3035     -            520 119901at7898         -            141   1.3e-17   62.1   9.9   3   3     4e-05    0.0014   16.7   0.1    53   124   285   359   273   363 0.85 -
NODE_45485_length_7490_cov_33.389934:3873-6807     -            340 119901at7898         -            141   1.5e-17   61.9   4.6   1   4     3e-07     1e-05   23.6   0.2    25   127    76   178    66   179 0.83 -
NODE_45485_length_7490_cov_33.389934:3873-6807     -            340 119901at7898         -            141   1.5e-17   61.9   4.6   2   4   2.5e-05   0.00083   17.4   0.0    69   129   142   203   139   212 0.90 -
NODE_45485_length_7490_cov_33.389934:3873-6807     -            340 119901at7898         -            141   1.5e-17   61.9   4.6   3   4   2.9e-09   9.9e-08   30.1   0.2    39   134   204   298   202   304 0.89 -
NODE_45485_length_7490_cov_33.389934:3873-6807     -            340 119901at7898         -            141   1.5e-17   61.9   4.6   4   4      0.21       6.9    4.6   0.1    42    96   276   339   274   340 0.64 -
NODE_14611_length_12894_cov_37.093396:6111-6842    -            244 119901at7898         -            141   4.2e-17   60.4   8.8   1   3   1.5e-05    0.0005   18.1   0.1    46   128    39   123    20   127 0.62 -
NODE_14611_length_12894_cov_37.093396:6111-6842    -            244 119901at7898         -            141   4.2e-17   60.4   8.8   2   3   5.3e-08   1.8e-06   26.0   0.5    22   103    64   145    57   148 0.91 -
NODE_14611_length_12894_cov_37.093396:6111-6842    -            244 119901at7898         -            141   4.2e-17   60.4   8.8   3   3   1.4e-10   4.8e-09   34.3   0.4    32   129   122   220   120   227 0.89 -
NODE_142113_length_2532_cov_2.099055:1007-1579     -            191 119901at7898         -            141   5.7e-17   60.0   7.8   1   3   8.1e-06   0.00027   18.9   0.0    74   131     1    57     1    66 0.74 -
NODE_142113_length_2532_cov_2.099055:1007-1579     -            191 119901at7898         -            141   5.7e-17   60.0   7.8   2   3   1.1e-09   3.7e-08   31.5   1.7    45   131    64   149    61   151 0.91 -
NODE_142113_length_2532_cov_2.099055:1007-1579     -            191 119901at7898         -            141   5.7e-17   60.0   7.8   3   3   3.6e-05    0.0012   16.8   0.8    44   100   132   187   125   191 0.61 -
NODE_52856_length_6791_cov_29.340406:1213-3366     -            718 119901at7898         -            141   2.1e-16   58.2  27.0   1   7     0.057       1.9    6.4   0.3    68   125    56   110    19   117 0.78 -
NODE_52856_length_6791_cov_29.340406:1213-3366     -            718 119901at7898         -            141   2.1e-16   58.2  27.0   2   7    0.0021     0.071   11.1   0.0    87   137   149   197   143   201 0.88 -
NODE_52856_length_6791_cov_29.340406:1213-3366     -            718 119901at7898         -            141   2.1e-16   58.2  27.0   3   7     0.002     0.069   11.1   0.2    62   103   234   276   222   298 0.65 -
NODE_52856_length_6791_cov_29.340406:1213-3366     -            718 119901at7898         -            141   2.1e-16   58.2  27.0   4   7      0.15       5.2    5.1   0.3    66   107   345   387   342   422 0.67 -
NODE_52856_length_6791_cov_29.340406:1213-3366     -            718 119901at7898         -            141   2.1e-16   58.2  27.0   5   7    0.0099      0.33    8.9   0.2    49   125   452   532   442   537 0.83 -
NODE_52856_length_6791_cov_29.340406:1213-3366     -            718 119901at7898         -            141   2.1e-16   58.2  27.0   6   7       2.6        88    1.1   0.0    43    85   550   591   542   605 0.74 -
NODE_52856_length_6791_cov_29.340406:1213-3366     -            718 119901at7898         -            141   2.1e-16   58.2  27.0   7   7   3.7e-08   1.2e-06   26.5   1.1    22   126   608   714   603   718 0.90 -
NODE_46786_length_7360_cov_27.506129:1946-3664     -            573 119901at7898         -            141   3.3e-16   57.5  10.9   1   4   8.6e-05    0.0029   15.6   0.3    50   134    29   115    21   122 0.68 -
NODE_46786_length_7360_cov_27.506129:1946-3664     -            573 119901at7898         -            141   3.3e-16   57.5  10.9   2   4   0.00045     0.015   13.2   0.2    45   101   120   177   111   209 0.55 -
NODE_46786_length_7360_cov_27.506129:1946-3664     -            573 119901at7898         -            141   3.3e-16   57.5  10.9   3   4   0.00027     0.009   14.0   0.0    47   103   374   431   366   434 0.91 -
NODE_46786_length_7360_cov_27.506129:1946-3664     -            573 119901at7898         -            141   3.3e-16   57.5  10.9   4   4     1e-07   3.4e-06   25.1   0.5    44   123   419   500   417   506 0.93 -
NODE_78327_length_5022_cov_27.111111:2255-2995     -            247 119901at7898         -            141   3.3e-16   57.5  13.1   1   3   8.8e-07     3e-05   22.0   0.6    76   132    32    90    20    97 0.86 -
NODE_78327_length_5022_cov_27.111111:2255-2995     -            247 119901at7898         -            141   3.3e-16   57.5  13.1   2   3   1.8e-07     6e-06   24.3   1.5    44   128    96   182    91   184 0.87 -
NODE_78327_length_5022_cov_27.111111:2255-2995     -            247 119901at7898         -            141   3.3e-16   57.5  13.1   3   3   3.4e-06   0.00012   20.1   1.0    23    97   172   246   171   247 0.85 -
NODE_13316_length_13361_cov_36.080531:10286-11119  -            278 119901at7898         -            141   6.1e-16   56.7   6.6   1   3    0.0017     0.056   11.4   0.0    79   136    46   103    39   104 0.77 -
NODE_13316_length_13361_cov_36.080531:10286-11119  -            278 119901at7898         -            141   6.1e-16   56.7   6.6   2   3   1.5e-07     5e-06   24.5   0.7    43   130   101   189    98   195 0.88 -
NODE_13316_length_13361_cov_36.080531:10286-11119  -            278 119901at7898         -            141   6.1e-16   56.7   6.6   3   3   3.7e-09   1.2e-07   29.7   1.2    44   132   173   263   170   272 0.87 -
NODE_18680_length_11719_cov_33.542427:9877-10446   -            190 119901at7898         -            141   6.8e-16   56.5   2.6   1   2   3.4e-13   1.1e-11   42.8   0.4    25   128     4   107     1   114 0.85 -
NODE_18680_length_11719_cov_33.542427:9877-10446   -            190 119901at7898         -            141   6.8e-16   56.5   2.6   2   2   6.5e-06   0.00022   19.2   0.4    50   104    99   154    97   169 0.88 -
NODE_56018_length_6526_cov_31.414813:2924-4300     -            459 119901at7898         -            141   1.4e-15   55.5   1.2   1   2   9.3e-06   0.00031   18.7   0.1    71   132    56   119    48   126 0.86 -
NODE_56018_length_6526_cov_31.414813:2924-4300     -            459 119901at7898         -            141   1.4e-15   55.5   1.2   2   2   5.3e-11   1.8e-09   35.7   0.1    44   131   125   215   120   222 0.91 -
NODE_72215_length_5380_cov_24.431547:1235-1780     -            182 119901at7898         -            141   1.6e-15   55.3   1.3   1   2   3.6e-10   1.2e-08   33.0   0.1    46   129    55   140    35   142 0.90 -
NODE_72215_length_5380_cov_24.431547:1235-1780     -            182 119901at7898         -            141   1.6e-15   55.3   1.3   2   2   1.3e-08   4.3e-07   28.0   0.1    44   106   101   164    95   182 0.86 -
NODE_16999_length_12175_cov_27.800679:5531-6754    -            408 119901at7898         -            141   1.7e-15   55.2   5.4   1   3    0.0083      0.28    9.2   0.2    67   103    42    79    38    84 0.85 -
NODE_16999_length_12175_cov_27.800679:5531-6754    -            408 119901at7898         -            141   1.7e-15   55.2   5.4   2   3   6.3e-10   2.1e-08   32.2   0.1    21   129    93   201    90   213 0.89 -
NODE_16999_length_12175_cov_27.800679:5531-6754    -            408 119901at7898         -            141   1.7e-15   55.2   5.4   3   3     5e-05    0.0017   16.4   0.2    53   123   195   267   192   272 0.70 -
NODE_117954_length_3288_cov_31.103481:645-1412     -            256 119901at7898         -            141   4.3e-15   53.9   4.4   1   4    0.0019     0.064   11.2   0.0    79   131    19    71    13    76 0.74 -
NODE_117954_length_3288_cov_31.103481:645-1412     -            256 119901at7898         -            141   4.3e-15   53.9   4.4   2   4   8.4e-05    0.0029   15.6   0.5    43   125    74   157    71   157 0.84 -
NODE_117954_length_3288_cov_31.103481:645-1412     -            256 119901at7898         -            141   4.3e-15   53.9   4.4   3   4   9.1e-09   3.1e-07   28.5   0.1    44   131   146   235   142   241 0.91 -
NODE_117954_length_3288_cov_31.103481:645-1412     -            256 119901at7898         -            141   4.3e-15   53.9   4.4   4   4    0.0068      0.23    9.4   0.2    69   103   219   254   215   256 0.86 -
NODE_61636_length_6091_cov_28.720127:2228-3451     -            408 119901at7898         -            141   5.6e-15   53.5   4.2   1   3   0.00079     0.027   12.5   0.7    67   127    42   104    39   105 0.85 -
NODE_61636_length_6091_cov_28.720127:2228-3451     -            408 119901at7898         -            141   5.6e-15   53.5   4.2   2   3   1.7e-09   5.8e-08   30.8   0.0    21   128    93   200    89   208 0.91 -
NODE_61636_length_6091_cov_28.720127:2228-3451     -            408 119901at7898         -            141   5.6e-15   53.5   4.2   3   3   0.00025    0.0083   14.1   0.2    81   123   224   267   199   270 0.73 -
NODE_29263_length_9547_cov_43.281541:4589-5374     -            262 119901at7898         -            141   6.9e-15   53.3   3.0   1   3   2.3e-09   7.6e-08   30.4   0.7    45   126    55   138    26   141 0.81 -
NODE_29263_length_9547_cov_43.281541:4589-5374     -            262 119901at7898         -            141   6.9e-15   53.3   3.0   2   3   0.00026    0.0087   14.0   0.1    44   101   102   157   100   168 0.84 -
NODE_29263_length_9547_cov_43.281541:4589-5374     -            262 119901at7898         -            141   6.9e-15   53.3   3.0   3   3      0.58        20    3.2   0.0    21    40   243   262   232   262 0.83 -
NODE_12434_length_13686_cov_41.918378:9659-10216   -            186 119901at7898         -            141   7.8e-15   53.1   3.7   1   2   3.5e-06   0.00012   20.1   1.1    29   109    19    99     9   103 0.86 -
NODE_12434_length_13686_cov_41.918378:9659-10216   -            186 119901at7898         -            141   7.8e-15   53.1   3.7   2   2   2.2e-10   7.3e-09   33.7   0.1    43   123   104   186    99   186 0.92 -
NODE_37906_length_8330_cov_35.407727:1342-3033     -            309 119901at7898         -            141     8e-15   53.1  12.0   1   4   8.2e-06   0.00028   18.9   0.7    73   129    36    96    30    99 0.66 -
NODE_37906_length_8330_cov_35.407727:1342-3033     -            309 119901at7898         -            141     8e-15   53.1  12.0   2   4     3e-08     1e-06   26.8   0.6    43   129   101   188    98   190 0.86 -
NODE_37906_length_8330_cov_35.407727:1342-3033     -            309 119901at7898         -            141     8e-15   53.1  12.0   3   4   4.5e-05    0.0015   16.5   0.4    45   125   174   253   168   266 0.72 -
NODE_37906_length_8330_cov_35.407727:1342-3033     -            309 119901at7898         -            141     8e-15   53.1  12.0   4   4         3     1e+02    0.9   0.0    65    77   275   287   238   308 0.50 -
NODE_1082_length_26208_cov_34.987590:15705-24749   -            316 119901at7898         -            141   1.3e-14   52.4   3.2   1   2   7.4e-07   2.5e-05   22.3   0.7    47   128    76   156    70   169 0.64 -
NODE_1082_length_26208_cov_34.987590:15705-24749   -            316 119901at7898         -            141   1.3e-14   52.4   3.2   2   2   2.7e-09   9.1e-08   30.2   0.1    40   132   174   267   164   272 0.90 -
NODE_29319_length_9538_cov_74.901155:7784-8626     -            281 119901at7898         -            141   1.3e-14   52.4   4.6   1   4     0.086       2.9    5.9   0.0    74   134    43   103    39   107 0.66 -
NODE_29319_length_9538_cov_74.901155:7784-8626     -            281 119901at7898         -            141   1.3e-14   52.4   4.6   2   4     0.012      0.41    8.6   0.1    92   132    84   125    68   133 0.76 -
NODE_29319_length_9538_cov_74.901155:7784-8626     -            281 119901at7898         -            141   1.3e-14   52.4   4.6   3   4   7.6e-11   2.6e-09   35.2   0.1    23   131   137   243   130   250 0.89 -
NODE_29319_length_9538_cov_74.901155:7784-8626     -            281 119901at7898         -            141   1.3e-14   52.4   4.6   4   4   0.00053     0.018   13.0   0.0    71   109   229   268   225   280 0.69 -
NODE_52158_length_6852_cov_30.433437:1901-3157     -            419 119901at7898         -            141   1.4e-14   52.3   7.4   1   4   0.00043     0.015   13.3   0.0    22    76     3    56     1    70 0.87 -
NODE_52158_length_6852_cov_30.433437:1901-3157     -            419 119901at7898         -            141   1.4e-14   52.3   7.4   2   4      0.08       2.7    6.0   0.0    55   123   116   190   104   191 0.76 -
NODE_52158_length_6852_cov_30.433437:1901-3157     -            419 119901at7898         -            141   1.4e-14   52.3   7.4   3   4     0.001     0.034   12.1   1.0    44   128   181   270   174   275 0.81 -
NODE_52158_length_6852_cov_30.433437:1901-3157     -            419 119901at7898         -            141   1.4e-14   52.3   7.4   4   4   2.4e-07     8e-06   23.9   0.1    22   104   291   374   285   381 0.88 -
NODE_246401_length_651_cov_76.045290:74-649        -            192 119901at7898         -            141   1.8e-14   51.9   5.5   1   3     2e-07   6.8e-06   24.1   0.3    63   138     6    83     1    86 0.86 -
NODE_246401_length_651_cov_76.045290:74-649        -            192 119901at7898         -            141   1.8e-14   51.9   5.5   2   3   3.2e-08   1.1e-06   26.7   0.1    47   128    86   169    82   172 0.88 -
NODE_246401_length_651_cov_76.045290:74-649        -            192 119901at7898         -            141   1.8e-14   51.9   5.5   3   3    0.0001    0.0034   15.4   0.1    46   103   133   191   127   192 0.88 -
NODE_96816_length_4108_cov_40.801696:1708-2313     -            202 119901at7898         -            141   1.8e-14   51.9   0.7   1   3   2.9e-05   0.00098   17.1   0.0    72   136    36    98    19   103 0.87 -
NODE_96816_length_4108_cov_40.801696:1708-2313     -            202 119901at7898         -            141   1.8e-14   51.9   0.7   2   3   6.2e-07   2.1e-05   22.5   0.0    45   103   101   157    93   162 0.85 -
NODE_96816_length_4108_cov_40.801696:1708-2313     -            202 119901at7898         -            141   1.8e-14   51.9   0.7   3   3     0.001     0.034   12.1   0.1    50   100   151   202   146   202 0.86 -
NODE_119058_length_3248_cov_38.231820:857-1675     -            273 119901at7898         -            141   1.9e-14   51.8  14.1   1   3   1.7e-08   5.8e-07   27.6   0.2    40   129    28   116    24   123 0.92 -
NODE_119058_length_3248_cov_38.231820:857-1675     -            273 119901at7898         -            141   1.9e-14   51.8  14.1   2   3   1.3e-05   0.00042   18.3   1.9    50   129   107   187   107   188 0.88 -
NODE_119058_length_3248_cov_38.231820:857-1675     -            273 119901at7898         -            141   1.9e-14   51.8  14.1   3   3   1.9e-06   6.4e-05   21.0   2.7    43   126   171   253   167   262 0.88 -
NODE_4527_length_18597_cov_26.274841:4157-5866     -            570 119901at7898         -            141   2.1e-14   51.7   7.9   1   3    0.0001    0.0035   15.3   0.3    70   129    44   105    37   113 0.79 -
NODE_4527_length_18597_cov_26.274841:4157-5866     -            570 119901at7898         -            141   2.1e-14   51.7   7.9   2   3   2.7e-08   9.3e-07   26.9   0.0    23   136   118   232   114   237 0.89 -
NODE_4527_length_18597_cov_26.274841:4157-5866     -            570 119901at7898         -            141   2.1e-14   51.7   7.9   3   3    0.0024     0.081   10.9   1.1    55   125   270   343   238   348 0.60 -
NODE_45040_length_7535_cov_30.964094:236-2896      -            218 119901at7898         -            141   3.9e-14   50.8   0.2   1   2   8.6e-09   2.9e-07   28.6   0.0    38   125    26   115     9   116 0.89 -
NODE_45040_length_7535_cov_30.964094:236-2896      -            218 119901at7898         -            141   3.9e-14   50.8   0.2   2   2   2.3e-08   7.7e-07   27.2   0.2    47   125    59   139    56   156 0.88 -
NODE_369_length_32292_cov_41.417948:13055-14749    -            565 119901at7898         -            141   5.9e-14   50.2   4.6   1   4    0.0082      0.28    9.2   0.2    48   128    39   121    17   130 0.73 -
NODE_369_length_32292_cov_41.417948:13055-14749    -            565 119901at7898         -            141   5.9e-14   50.2   4.6   2   4      0.01      0.34    8.9   0.0    36   100   124   189   121   208 0.68 -
NODE_369_length_32292_cov_41.417948:13055-14749    -            565 119901at7898         -            141   5.9e-14   50.2   4.6   3   4     0.009       0.3    9.1   0.0    45    90   382   428   378   434 0.83 -
NODE_369_length_32292_cov_41.417948:13055-14749    -            565 119901at7898         -            141   5.9e-14   50.2   4.6   4   4   1.4e-06   4.6e-05   21.4   0.0    45   123   430   510   423   529 0.91 -
NODE_69571_length_5544_cov_33.513682:3163-3747     -            195 119901at7898         -            141   6.4e-14   50.1   5.4   1   2   1.7e-07   5.8e-06   24.3   0.8    43   128    29   121     2   124 0.75 -
NODE_69571_length_5544_cov_33.513682:3163-3747     -            195 119901at7898         -            141   6.4e-14   50.1   5.4   2   2   9.4e-11   3.2e-09   34.9   0.3    22   127    85   194    81   195 0.88 -
NODE_8508_length_15535_cov_32.503239:10110-11672   -            521 119901at7898         -            141   6.4e-14   50.1   3.2   1   3   8.4e-05    0.0028   15.6   0.0    29    82    36    85    25    97 0.85 -
NODE_8508_length_15535_cov_32.503239:10110-11672   -            521 119901at7898         -            141   6.4e-14   50.1   3.2   2   3     3e-06    0.0001   20.3   0.1    45   136    96   189    87   197 0.89 -
NODE_8508_length_15535_cov_32.503239:10110-11672   -            521 119901at7898         -            141   6.4e-14   50.1   3.2   3   3   0.00046     0.016   13.2   0.1    22   124   242   345   227   350 0.85 -
NODE_33010_length_8981_cov_37.450236:3914-5302     -            463 119901at7898         -            141   7.1e-14   50.0   5.7   1   2   6.8e-09   2.3e-07   28.9   1.5    47   131    55   141    44   148 0.89 -
NODE_33010_length_8981_cov_37.450236:3914-5302     -            463 119901at7898         -            141   7.1e-14   50.0   5.7   2   2   1.3e-09   4.4e-08   31.2   0.9    43   133   123   215   119   221 0.92 -
NODE_47345_length_7304_cov_33.887856:3603-5096     -            498 119901at7898         -            141   1.2e-13   49.2  26.3   1   7    0.0099      0.34    8.9   0.2    68   124    35    94     5    95 0.58 -
NODE_47345_length_7304_cov_33.887856:3603-5096     -            498 119901at7898         -            141   1.2e-13   49.2  26.3   2   7   7.2e-07   2.4e-05   22.3   3.7    45   128    61   143    37   154 0.85 -
NODE_47345_length_7304_cov_33.887856:3603-5096     -            498 119901at7898         -            141   1.2e-13   49.2  26.3   3   7     0.027       0.9    7.5   0.4    67   106   128   168   123   191 0.67 -
NODE_47345_length_7304_cov_33.887856:3603-5096     -            498 119901at7898         -            141   1.2e-13   49.2  26.3   4   7   3.8e-05    0.0013   16.7   2.3    44   124   223   304   202   309 0.84 -
NODE_47345_length_7304_cov_33.887856:3603-5096     -            498 119901at7898         -            141   1.2e-13   49.2  26.3   5   7      0.16       5.5    5.0   0.1    65   128   291   363   285   364 0.72 -
NODE_47345_length_7304_cov_33.887856:3603-5096     -            498 119901at7898         -            141   1.2e-13   49.2  26.3   6   7   0.00037     0.013   13.5   1.3    23   131   353   458   349   464 0.78 -
NODE_47345_length_7304_cov_33.887856:3603-5096     -            498 119901at7898         -            141   1.2e-13   49.2  26.3   7   7      0.21       7.2    4.6   0.2    42    79   439   477   423   483 0.82 -
NODE_6879_length_16520_cov_33.048414:3919-5280     -            454 119901at7898         -            141   1.4e-13   49.0   2.6   1   2     2e-05   0.00068   17.6   0.2    68   131    52   117    48   126 0.85 -
NODE_6879_length_16520_cov_33.048414:3919-5280     -            454 119901at7898         -            141   1.4e-13   49.0   2.6   2   2   8.3e-10   2.8e-08   31.8   0.2    44   132   124   215   119   220 0.91 -
NODE_5516_length_17646_cov_35.718527:996-2699      -            568 119901at7898         -            141   2.1e-13   48.5   7.6   1   4      0.11       3.7    5.5   0.4    65   126    32    95    17   110 0.70 -
NODE_5516_length_17646_cov_35.718527:996-2699      -            568 119901at7898         -            141   2.1e-13   48.5   7.6   2   4   2.3e-06   7.8e-05   20.7   0.2    50   124   113   190    87   203 0.83 -
NODE_5516_length_17646_cov_35.718527:996-2699      -            568 119901at7898         -            141   2.1e-13   48.5   7.6   3   4     0.015       0.5    8.4   0.0    70   128   366   426   349   435 0.65 -
NODE_5516_length_17646_cov_35.718527:996-2699      -            568 119901at7898         -            141   2.1e-13   48.5   7.6   4   4   0.00011    0.0038   15.2   0.1    46   123   438   517   426   530 0.85 -
NODE_135862_length_2708_cov_33.136451:1572-2156    -            195 119901at7898         -            141   3.7e-13   47.7   8.9   1   2   2.7e-08     9e-07   27.0   2.6    21   131    33   144    27   150 0.88 -
NODE_135862_length_2708_cov_33.136451:1572-2156    -            195 119901at7898         -            141   3.7e-13   47.7   8.9   2   2   1.2e-09   4.1e-08   31.3   0.5    44   130   103   191    97   194 0.91 -
NODE_93163_length_4268_cov_39.309187:517-1236      -            240 119901at7898         -            141   4.5e-13   47.4   9.5   1   5      0.25       8.6    4.3   0.2    98   123    40    65     3    81 0.46 -
NODE_93163_length_4268_cov_39.309187:517-1236      -            240 119901at7898         -            141   4.5e-13   47.4   9.5   2   5     0.021       0.7    7.9   0.4    67   118    55   110    40   119 0.62 -
NODE_93163_length_4268_cov_39.309187:517-1236      -            240 119901at7898         -            141   4.5e-13   47.4   9.5   3   5   4.4e-06   0.00015   19.8   1.3    45   130    80   167    72   168 0.80 -
NODE_93163_length_4268_cov_39.309187:517-1236      -            240 119901at7898         -            141   4.5e-13   47.4   9.5   4   5     1e-08   3.5e-07   28.3   1.8    23   109   107   192    93   194 0.61 -
NODE_93163_length_4268_cov_39.309187:517-1236      -            240 119901at7898         -            141   4.5e-13   47.4   9.5   5   5    0.0003      0.01   13.8   0.0    67   103   196   232   190   237 0.89 -
NODE_2645_length_21408_cov_40.042799:14613-16445   -            328 119901at7898         -            141   4.5e-13   47.4   5.7   1   2   2.3e-08   7.9e-07   27.1   0.4    65   125    83   146    64   151 0.84 -
NODE_2645_length_21408_cov_40.042799:14613-16445   -            328 119901at7898         -            141   4.5e-13   47.4   5.7   2   2   4.5e-08   1.5e-06   26.2   0.1    41   127   132   216   128   228 0.88 -
NODE_53806_length_6712_cov_21.270830:1562-2335     -            258 119901at7898         -            141   5.1e-13   47.2   3.8   1   4     0.043       1.5    6.8   0.0    49   100    33    85    22    86 0.58 -
NODE_53806_length_6712_cov_21.270830:1562-2335     -            258 119901at7898         -            141   5.1e-13   47.2   3.8   2   4   2.6e-09   8.8e-08   30.2   0.0    44   129    76   163    66   170 0.89 -
NODE_53806_length_6712_cov_21.270830:1562-2335     -            258 119901at7898         -            141   5.1e-13   47.2   3.8   3   4   7.9e-05    0.0027   15.7   0.2    45   128   149   234   142   238 0.87 -
NODE_53806_length_6712_cov_21.270830:1562-2335     -            258 119901at7898         -            141   5.1e-13   47.2   3.8   4   4     0.011      0.36    8.8   0.1    46    80   222   256   219   258 0.92 -
NODE_61703_length_6085_cov_30.489977:1641-3230     -            530 119901at7898         -            141   5.3e-13   47.2  16.9   1   4     0.056       1.9    6.5   0.1    75   127    43    96    16   112 0.80 -
NODE_61703_length_6085_cov_30.489977:1641-3230     -            530 119901at7898         -            141   5.3e-13   47.2  16.9   2   4     8e-05    0.0027   15.7   0.1    44    93   131   178   118   198 0.79 -
NODE_61703_length_6085_cov_30.489977:1641-3230     -            530 119901at7898         -            141   5.3e-13   47.2  16.9   3   4   0.00057     0.019   12.9   0.6    46   100   346   401   337   406 0.80 -
NODE_61703_length_6085_cov_30.489977:1641-3230     -            530 119901at7898         -            141   5.3e-13   47.2  16.9   4   4   1.7e-06   5.7e-05   21.1   2.2    44   123   392   473   388   486 0.91 -
NODE_4365_length_18783_cov_37.856080:16349-17434   -            335 119901at7898         -            141   5.5e-13   47.1  11.4   1   5   2.1e-07   7.2e-06   24.0   1.2    43   131    65   154    59   157 0.87 -
NODE_4365_length_18783_cov_37.856080:16349-17434   -            335 119901at7898         -            141   5.5e-13   47.1  11.4   2   5   7.4e-05    0.0025   15.8   0.3    68   129   137   201   132   206 0.82 -
NODE_4365_length_18783_cov_37.856080:16349-17434   -            335 119901at7898         -            141   5.5e-13   47.1  11.4   3   5   0.00081     0.027   12.4   0.2    43   127   160   244   155   248 0.77 -
NODE_4365_length_18783_cov_37.856080:16349-17434   -            335 119901at7898         -            141   5.5e-13   47.1  11.4   4   5   9.3e-07   3.2e-05   22.0   0.8    23   126   190   288   189   302 0.83 -
NODE_4365_length_18783_cov_37.856080:16349-17434   -            335 119901at7898         -            141   5.5e-13   47.1  11.4   5   5   0.00033     0.011   13.7   0.5    65   130   253   321   250   329 0.82 -
NODE_795_length_27902_cov_35.740639:18194-18952    -            253 119901at7898         -            141   5.6e-13   47.1   2.8   1   3    0.0048      0.16    9.9   0.1    72   131    33    92    29    98 0.80 -
NODE_795_length_27902_cov_35.740639:18194-18952    -            253 119901at7898         -            141   5.6e-13   47.1   2.8   2   3    0.0058      0.19    9.7   0.1    92   131    76   116    74   125 0.75 -
NODE_795_length_27902_cov_35.740639:18194-18952    -            253 119901at7898         -            141   5.6e-13   47.1   2.8   3   3   2.5e-09   8.3e-08   30.3   0.1    23   138   129   242   125   245 0.87 -
NODE_23704_length_10549_cov_26.026699:2008-3384    -            459 119901at7898         -            141   6.5e-13   46.9   1.8   1   2     9e-06    0.0003   18.8   0.1    71   131    56   118    51   128 0.83 -
NODE_23704_length_10549_cov_26.026699:2008-3384    -            459 119901at7898         -            141   6.5e-13   46.9   1.8   2   2   2.7e-08   9.1e-07   26.9   0.2    44   132   125   216   121   225 0.89 -
NODE_25361_length_10231_cov_40.693348:638-1300     -            221 119901at7898         -            141   6.9e-13   46.8   5.1   1   3     0.003       0.1   10.6   0.4    43    80    44    81    15    91 0.82 -
NODE_25361_length_10231_cov_40.693348:638-1300     -            221 119901at7898         -            141   6.9e-13   46.8   5.1   2   3   2.2e-06   7.3e-05   20.8   0.2    44   103    95   157    84   161 0.86 -
NODE_25361_length_10231_cov_40.693348:638-1300     -            221 119901at7898         -            141   6.9e-13   46.8   5.1   3   3     6e-07     2e-05   22.6   0.0    67   124   144   202   138   214 0.84 -
NODE_4893_length_18222_cov_67.341224:9144-10517    -            458 119901at7898         -            141   7.2e-13   46.7   3.8   1   2   8.2e-06   0.00028   18.9   0.1    70   134    54   120    47   124 0.86 -
NODE_4893_length_18222_cov_67.341224:9144-10517    -            458 119901at7898         -            141   7.2e-13   46.7   3.8   2   2   1.4e-07   4.6e-06   24.7   0.3    44   133   124   216   122   218 0.86 -
NODE_41221_length_7945_cov_31.453989:2316-4087     -            226 119901at7898         -            141   7.3e-13   46.7   5.4   1   3    0.0016     0.055   11.4   0.0    43    85     7    49     3    52 0.91 -
NODE_41221_length_7945_cov_31.453989:2316-4087     -            226 119901at7898         -            141   7.3e-13   46.7   5.4   2   3   4.7e-07   1.6e-05   22.9   0.6    69   129    54   115    49   119 0.73 -
NODE_41221_length_7945_cov_31.453989:2316-4087     -            226 119901at7898         -            141   7.3e-13   46.7   5.4   3   3    0.0004     0.013   13.4   0.2    43   127   120   207   116   221 0.71 -
NODE_88901_length_4471_cov_28.353385:1553-2941     -            463 119901at7898         -            141   8.2e-13   46.5   1.0   1   2   2.4e-08   8.1e-07   27.1   0.1    48   131    38   123    30   129 0.92 -
NODE_88901_length_4471_cov_28.353385:1553-2941     -            463 119901at7898         -            141   8.2e-13   46.5   1.0   2   2   1.4e-05   0.00047   18.2   0.1    67   133   130   198   122   204 0.89 -
NODE_19400_length_11530_cov_28.480448:5491-8699    -            678 119901at7898         -            141   8.5e-13   46.5   4.1   1   2   6.3e-05    0.0021   16.0   0.3    44   107    52   116    44   122 0.86 -
NODE_19400_length_11530_cov_28.480448:5491-8699    -            678 119901at7898         -            141   8.5e-13   46.5   4.1   2   2   9.2e-10   3.1e-08   31.7   0.4    43   132   123   215   116   220 0.91 -
NODE_73341_length_5310_cov_31.431971:1316-1933     -            206 119901at7898         -            141   9.6e-13   46.3   5.1   1   2   4.2e-11   1.4e-09   36.0   0.5    21   130    22   132    13   137 0.89 -
NODE_73341_length_5310_cov_31.431971:1316-1933     -            206 119901at7898         -            141   9.6e-13   46.3   5.1   2   2   6.1e-06   0.00021   19.3   0.4    45   115    93   167    87   188 0.83 -
NODE_6978_length_16453_cov_32.169255:1340-2905     -            522 119901at7898         -            141   1.1e-12   46.1  10.7   1   3   2.2e-06   7.5e-05   20.7   1.1    48   129     3    86     1    92 0.93 -
NODE_6978_length_16453_cov_32.169255:1340-2905     -            522 119901at7898         -            141   1.1e-12   46.1  10.7   2   3   4.1e-09   1.4e-07   29.6   1.0    45   138    72   167    69   171 0.91 -
NODE_6978_length_16453_cov_32.169255:1340-2905     -            522 119901at7898         -            141   1.1e-12   46.1  10.7   3   3     0.062       2.1    6.3   0.2    63   127   187   254   171   268 0.60 -
NODE_65317_length_5829_cov_77.366667:3162-4547     -            462 119901at7898         -            141   1.4e-12   45.8   1.0   1   2   0.00023    0.0077   14.2   0.0    48   128    37    95    25   108 0.56 -
NODE_65317_length_5829_cov_77.366667:3162-4547     -            462 119901at7898         -            141   1.4e-12   45.8   1.0   2   2   2.9e-09   9.9e-08   30.1   0.5    44   133   105   197   102   203 0.91 -
NODE_17938_length_11911_cov_33.908229:3871-4581    -            237 119901at7898         -            141   1.5e-12   45.7   6.5   1   3     0.014      0.47    8.4   0.1    93   138    31    78    14    81 0.65 -
NODE_17938_length_11911_cov_33.908229:3871-4581    -            237 119901at7898         -            141   1.5e-12   45.7   6.5   2   3   4.4e-07   1.5e-05   23.0   0.5    43   133    74   165    71   168 0.89 -
NODE_17938_length_11911_cov_33.908229:3871-4581    -            237 119901at7898         -            141   1.5e-12   45.7   6.5   3   3   5.7e-08   1.9e-06   25.9   0.5    44   130   146   234   143   237 0.86 -
NODE_16084_length_12443_cov_40.389663:1719-3116    -            466 119901at7898         -            141   1.9e-12   45.4   3.3   1   2   1.3e-07   4.5e-06   24.7   1.4    48   131    59   144    52   153 0.88 -
NODE_16084_length_12443_cov_40.389663:1719-3116    -            466 119901at7898         -            141   1.9e-12   45.4   3.3   2   2   2.2e-08   7.5e-07   27.2   0.5    43   132   126   217   125   224 0.91 -
NODE_42437_length_7807_cov_41.142839:3550-4269     -            240 119901at7898         -            141   2.1e-12   45.2   2.2   1   2   3.7e-08   1.3e-06   26.5   0.1    48   129    44   127    15   136 0.70 -
NODE_42437_length_7807_cov_41.142839:3550-4269     -            240 119901at7898         -            141   2.1e-12   45.2   2.2   2   2     2e-05   0.00066   17.7   0.2    44   125   136   220   130   235 0.77 -
NODE_60216_length_6194_cov_28.437736:2148-3578     -            477 119901at7898         -            141   2.3e-12   45.1   0.2   1   4   5.4e-06   0.00018   19.5   0.1    43   125    33   117    16   122 0.84 -
NODE_60216_length_6194_cov_28.437736:2148-3578     -            477 119901at7898         -            141   2.3e-12   45.1   0.2   2   4   6.6e-06   0.00022   19.2   0.0    23   118   110   206   105   217 0.81 -
NODE_60216_length_6194_cov_28.437736:2148-3578     -            477 119901at7898         -            141   2.3e-12   45.1   0.2   3   4       1.6        55    1.7   0.0    81   125   239   283   220   299 0.75 -
NODE_60216_length_6194_cov_28.437736:2148-3578     -            477 119901at7898         -            141   2.3e-12   45.1   0.2   4   4       1.2        39    2.2   0.0    23    85   252   313   248   331 0.79 -
NODE_83529_length_4740_cov_29.106658:1651-2289     -            213 119901at7898         -            141   2.4e-12   45.0   5.8   1   2   7.1e-06   0.00024   19.1   0.1    48   102    59   114    49   121 0.88 -
NODE_83529_length_4740_cov_29.106658:1651-2289     -            213 119901at7898         -            141   2.4e-12   45.0   5.8   2   2   1.3e-08   4.3e-07   28.0   1.8    32   105   117   193   114   205 0.85 -
NODE_34559_length_8757_cov_41.208247:4709-5386     -            226 119901at7898         -            141   3.5e-12   44.5   0.1   1   3     0.038       1.3    7.0   0.0    42    94     5    59     2    62 0.78 -
NODE_34559_length_8757_cov_41.208247:4709-5386     -            226 119901at7898         -            141   3.5e-12   44.5   0.1   2   3   1.5e-06     5e-05   21.3   0.0    20    86    57   122    51   126 0.92 -
NODE_34559_length_8757_cov_41.208247:4709-5386     -            226 119901at7898         -            141   3.5e-12   44.5   0.1   3   3   0.00023    0.0076   14.2   0.1    44   102   128   187   120   193 0.85 -
NODE_26843_length_9960_cov_36.810364:5244-6858     -            191 119901at7898         -            141   6.5e-12   43.6   0.1   1   3       1.4        46    2.0   0.0    68    86    28    46    22    53 0.86 -
NODE_26843_length_9960_cov_36.810364:5244-6858     -            191 119901at7898         -            141   6.5e-12   43.6   0.1   2   3   3.2e-08   1.1e-06   26.7   0.0    43   123    48   130    30   131 0.85 -
NODE_26843_length_9960_cov_36.810364:5244-6858     -            191 119901at7898         -            141   6.5e-12   43.6   0.1   3   3   1.1e-06   3.8e-05   21.7   0.0    23    95   101   174   100   183 0.80 -
NODE_149636_length_2333_cov_33.026410:1101-1427    -            109 119901at7898         -            141   6.7e-12   43.6   0.0   1   2   2.8e-09   9.3e-08   30.2   0.0    55   133     9    89     2    98 0.88 -
NODE_149636_length_2333_cov_33.026410:1101-1427    -            109 119901at7898         -            141   6.7e-12   43.6   0.0   2   2   2.5e-05   0.00084   17.3   0.1    67   106    69   109    65   109 0.88 -
NODE_75227_length_5195_cov_24.601452:902-2146      -            415 119901at7898         -            141   7.2e-12   43.5   0.7   1   3     0.047       1.6    6.7   0.2    67   105    49    88    46   104 0.54 -
NODE_75227_length_5195_cov_24.601452:902-2146      -            415 119901at7898         -            141   7.2e-12   43.5   0.7   2   3   5.8e-07     2e-05   22.6   0.0    21   129   100   208    96   218 0.88 -
NODE_75227_length_5195_cov_24.601452:902-2146      -            415 119901at7898         -            141   7.2e-12   43.5   0.7   3   3    0.0004     0.013   13.4   0.1    35   100   209   274   196   281 0.75 -
NODE_16824_length_12219_cov_33.576073:8880-10370   -            497 119901at7898         -            141   7.5e-12   43.4   4.9   1   3   0.00093     0.031   12.2   0.1    71   131     4    66     1    75 0.68 -
NODE_16824_length_12219_cov_33.576073:8880-10370   -            497 119901at7898         -            141   7.5e-12   43.4   4.9   2   3   3.9e-08   1.3e-06   26.4   0.2    43   136    72   167    66   173 0.90 -
NODE_16824_length_12219_cov_33.576073:8880-10370   -            497 119901at7898         -            141   7.5e-12   43.4   4.9   3   3     0.087         3    5.8   0.1    54    99   205   251   180   269 0.59 -
NODE_2888_length_21008_cov_46.372758:6609-7241     -            211 119901at7898         -            141   1.1e-11   42.9   1.9   1   4       2.5        84    1.1   0.0    84   103     4    23     2    26 0.80 -
NODE_2888_length_21008_cov_46.372758:6609-7241     -            211 119901at7898         -            141   1.1e-11   42.9   1.9   2   4     7e-05    0.0024   15.9   0.0    22    84    14    75    10    91 0.75 -
NODE_2888_length_21008_cov_46.372758:6609-7241     -            211 119901at7898         -            141   1.1e-11   42.9   1.9   3   4   0.00012    0.0041   15.1   0.0    43   128    58   144    58   157 0.88 -
NODE_2888_length_21008_cov_46.372758:6609-7241     -            211 119901at7898         -            141   1.1e-11   42.9   1.9   4   4   1.5e-06   5.1e-05   21.3   0.5    44   123   130   211   112   211 0.86 -
NODE_36556_length_8505_cov_37.884368:3127-3957     -            277 119901at7898         -            141   1.1e-11   42.8   6.9   1   5    0.0019     0.066   11.2   0.1    29   129     5    93     1    94 0.86 -
NODE_36556_length_8505_cov_37.884368:3127-3957     -            277 119901at7898         -            141   1.1e-11   42.8   6.9   2   5    0.0019     0.065   11.2   0.1    58   124    68   133    63   146 0.78 -
NODE_36556_length_8505_cov_37.884368:3127-3957     -            277 119901at7898         -            141   1.1e-11   42.8   6.9   3   5   0.00037     0.013   13.5   0.3    83   138   147   200   140   203 0.92 -
NODE_36556_length_8505_cov_37.884368:3127-3957     -            277 119901at7898         -            141   1.1e-11   42.8   6.9   4   5    0.0047      0.16   10.0   0.0    43    78   175   210   171   213 0.92 -
NODE_36556_length_8505_cov_37.884368:3127-3957     -            277 119901at7898         -            141   1.1e-11   42.8   6.9   5   5    0.0015      0.05   11.6   0.0    53   101   226   275   218   277 0.85 -
NODE_11702_length_13978_cov_35.882052:1544-2122    -            193 119901at7898         -            141   3.6e-11   41.2  11.5   1   2   6.9e-06   0.00023   19.1   2.5    49   106     2    60     1    72 0.85 -
NODE_11702_length_13978_cov_35.882052:1544-2122    -            193 119901at7898         -            141   3.6e-11   41.2  11.5   2   2     3e-08     1e-06   26.8   3.2    35   123    61   151    55   171 0.69 -
NODE_8001_length_15836_cov_76.978649:8665-9399     -            245 119901at7898         -            141   5.9e-11   40.5   1.0   1   3   4.4e-08   1.5e-06   26.2   0.1    22   106    46   131    40   143 0.81 -
NODE_8001_length_15836_cov_76.978649:8665-9399     -            245 119901at7898         -            141   5.9e-11   40.5   1.0   2   3     0.014      0.46    8.5   0.1    72   128   146   201   133   217 0.78 -
NODE_8001_length_15836_cov_76.978649:8665-9399     -            245 119901at7898         -            141   5.9e-11   40.5   1.0   3   3     0.047       1.6    6.7   0.0    46   100   189   245   182   245 0.86 -
NODE_2597_length_21505_cov_44.728627:18934-19605   -            224 119901at7898         -            141   7.6e-11   40.2   1.7   1   2   2.2e-09   7.5e-08   30.5   0.9    22   135    10   126     5   132 0.83 -
NODE_2597_length_21505_cov_44.728627:18934-19605   -            224 119901at7898         -            141   7.6e-11   40.2   1.7   2   2     0.051       1.7    6.6   0.0    64   134   136   208   128   215 0.81 -
NODE_72403_length_5370_cov_28.419655:2260-2544     -             95 119901at7898         -            141   9.1e-11   39.9   0.3   1   2   8.1e-08   2.7e-06   25.4   0.1    59   124     9    74     3    75 0.89 -
NODE_72403_length_5370_cov_28.419655:2260-2544     -             95 119901at7898         -            141   9.1e-11   39.9   0.3   2   2   1.1e-05   0.00037   18.5   0.0    71   111    44    86    35    95 0.77 -
NODE_57438_length_6408_cov_33.156602:2604-3509     -            302 119901at7898         -            141   1.6e-10   39.1   6.5   1   2     4e-09   1.3e-07   29.6   1.0    44   132    41   131    18   136 0.91 -
NODE_57438_length_6408_cov_33.156602:2604-3509     -            302 119901at7898         -            141   1.6e-10   39.1   6.5   2   2     4e-06   0.00013   19.9   0.5    46   108    91   157    88   178 0.83 -
NODE_62363_length_6038_cov_30.612224:1879-2451     -            191 119901at7898         -            141   2.8e-10   38.3   0.0   1   2    0.0002    0.0066   14.4   0.0    48   129     3    87     1    87 0.85 -
NODE_62363_length_6038_cov_30.612224:1879-2451     -            191 119901at7898         -            141   2.8e-10   38.3   0.0   2   2   1.3e-08   4.6e-07   27.9   0.1    23   123    76   177    72   181 0.90 -
NODE_8928_length_15306_cov_29.526797:3846-4256     -            137 119901at7898         -            141   3.1e-10   38.2   2.6   1   2   3.2e-09   1.1e-07   30.0   1.3    37   126    22   113     1   118 0.81 -
NODE_8928_length_15306_cov_29.526797:3846-4256     -            137 119901at7898         -            141   3.1e-10   38.2   2.6   2   2    0.0003      0.01   13.8   0.0    42   102    75   136    66   137 0.89 -
NODE_2898_length_20987_cov_42.613702:14904-15491   -            196 119901at7898         -            141   3.4e-10   38.1   1.0   1   3   1.5e-06     5e-05   21.3   0.1    41   126    28   111    10   113 0.85 -
NODE_2898_length_20987_cov_42.613702:14904-15491   -            196 119901at7898         -            141   3.4e-10   38.1   1.0   2   3    0.0001    0.0035   15.3   0.3    48   109    79   140    74   150 0.87 -
NODE_2898_length_20987_cov_42.613702:14904-15491   -            196 119901at7898         -            141   3.4e-10   38.1   1.0   3   3      0.35        12    3.9   0.0    69   107   144   183   141   195 0.62 -
NODE_11702_length_13978_cov_35.882052:2423-3349    -            309 119901at7898         -            141   3.4e-10   38.0  17.2   1   4   1.8e-05   0.00059   17.8   3.2    45   127    26   110    18   115 0.76 -
NODE_11702_length_13978_cov_35.882052:2423-3349    -            309 119901at7898         -            141   3.4e-10   38.0  17.2   2   4   1.4e-07   4.9e-06   24.6   1.4    45   126    98   182    96   191 0.90 -
NODE_11702_length_13978_cov_35.882052:2423-3349    -            309 119901at7898         -            141   3.4e-10   38.0  17.2   3   4     0.014      0.49    8.4   0.6    44   120   170   254   164   265 0.59 -
NODE_11702_length_13978_cov_35.882052:2423-3349    -            309 119901at7898         -            141   3.4e-10   38.0  17.2   4   4      0.17       5.7    4.9   0.1    23    79   254   309   251   309 0.77 -
NODE_5354_length_17792_cov_28.765614:4590-5189     -            200 119901at7898         -            141   3.6e-10   38.0   0.4   1   3   3.4e-05    0.0012   16.9   0.0    68   125    31    86    21    96 0.78 -
NODE_5354_length_17792_cov_28.765614:4590-5189     -            200 119901at7898         -            141   3.6e-10   38.0   0.4   2   3   1.6e-05   0.00053   18.0   0.2    53   128    84   157    75   165 0.85 -
NODE_5354_length_17792_cov_28.765614:4590-5189     -            200 119901at7898         -            141   3.6e-10   38.0   0.4   3   3     0.082       2.8    5.9   0.0    68   107   143   183   139   200 0.59 -
NODE_13825_length_13160_cov_39.476993:2741-5425    -            310 119901at7898         -            141     5e-10   37.5   3.5   1   3   5.1e-08   1.7e-06   26.1   2.7    19   128   128   235   119   246 0.76 -
NODE_13825_length_13160_cov_39.476993:2741-5425    -            310 119901at7898         -            141     5e-10   37.5   3.5   2   3     0.036       1.2    7.1   0.0    47   109   200   264   196   269 0.57 -
NODE_13825_length_13160_cov_39.476993:2741-5425    -            310 119901at7898         -            141     5e-10   37.5   3.5   3   3     0.015      0.52    8.3   0.0    49    93   265   309   257   310 0.89 -
NODE_10844_length_14343_cov_34.362117:9943-10824   -            294 119901at7898         -            141   6.7e-10   37.1   7.2   1   2   1.5e-09   5.1e-08   31.0   3.7    42   137     3   100     2   101 0.93 -
NODE_10844_length_14343_cov_34.362117:9943-10824   -            294 119901at7898         -            141   6.7e-10   37.1   7.2   2   2   4.2e-05    0.0014   16.6   0.8    71   123    80   133    78   142 0.87 -
NODE_20388_length_11281_cov_30.584869:9825-10112   -             96 119901at7898         -            141   6.9e-10   37.1   0.2   1   1   1.7e-10   5.8e-09   34.1   0.2    47   131     6    91     1    95 0.81 -
NODE_36243_length_8543_cov_22.646850:1913-2839     -            309 119901at7898         -            141   7.4e-10   37.0   0.2   1   2    0.0016     0.055   11.4   0.0    50    85     3    38     1    56 0.82 -
NODE_36243_length_8543_cov_22.646850:1913-2839     -            309 119901at7898         -            141   7.4e-10   37.0   0.2   2   2   2.1e-06     7e-05   20.8   0.2    46   123    94   173    73   182 0.63 -
NODE_36985_length_8446_cov_41.148916:723-3687      -            187 119901at7898         -            141     9e-10   36.7   0.0   1   2   0.00097     0.033   12.2   0.0    84   137    20    71     6    74 0.89 -
NODE_36985_length_8446_cov_41.148916:723-3687      -            187 119901at7898         -            141     9e-10   36.7   0.0   2   2   4.6e-07   1.5e-05   23.0   0.0    45   103    73   131    69   138 0.91 -
NODE_1714_length_23768_cov_39.758334:21313-22278   -            322 119901at7898         -            141   1.2e-09   36.2   2.3   1   2   4.5e-09   1.5e-07   29.5   0.1    21   130    31   141    24   147 0.91 -
NODE_1714_length_23768_cov_39.758334:21313-22278   -            322 119901at7898         -            141   1.2e-09   36.2   2.3   2   2   0.00024     0.008   14.2   0.4    65   132    98   169    86   178 0.65 -
NODE_2564_length_21546_cov_176.328204:10242-11468  -            409 119901at7898         -            141   1.4e-09   36.0   1.9   1   3     0.049       1.7    6.7   0.1    68   105    40    78    28    93 0.67 -
NODE_2564_length_21546_cov_176.328204:10242-11468  -            409 119901at7898         -            141   1.4e-09   36.0   1.9   2   3   3.3e-05    0.0011   17.0   0.0    21   123    90   193    86   200 0.69 -
NODE_2564_length_21546_cov_176.328204:10242-11468  -            409 119901at7898         -            141   1.4e-09   36.0   1.9   3   3    0.0017     0.057   11.4   0.1    56   119   196   261   187   280 0.53 -
NODE_35237_length_8671_cov_20.707886:3150-3506     -            119 119901at7898         -            141   2.7e-09   35.1   0.0   1   1   9.6e-11   3.2e-09   34.9   0.0    46   134     4    94     1   100 0.89 -
NODE_34730_length_8739_cov_29.951157:1048-1824     -            259 119901at7898         -            141   3.5e-09   34.8   1.8   1   2     0.042       1.4    6.9   0.0    46   101    58   114    42   130 0.79 -
NODE_34730_length_8739_cov_29.951157:1048-1824     -            259 119901at7898         -            141   3.5e-09   34.8   1.8   2   2   1.5e-07   5.1e-06   24.5   0.4    21   128   131   239   117   251 0.84 -
NODE_280185_length_477_cov_74.621693:173-457       -             95 119901at7898         -            141   4.2e-09   34.5   0.3   1   1   1.5e-10   5.2e-09   34.2   0.3    29   125     1    95     1    95 0.92 -
NODE_64037_length_5915_cov_232.078920:4308-4898    -            197 119901at7898         -            141   4.9e-09   34.3   5.4   1   3      0.31        10    4.1   0.3    70   103     1    35     1    40 0.86 -
NODE_64037_length_5915_cov_232.078920:4308-4898    -            197 119901at7898         -            141   4.9e-09   34.3   5.4   2   3     0.019      0.64    8.0   0.0    90   129    88   125    76   133 0.86 -
NODE_64037_length_5915_cov_232.078920:4308-4898    -            197 119901at7898         -            141   4.9e-09   34.3   5.4   3   3   2.4e-07   8.1e-06   23.9   0.1    60   102   154   196   125   197 0.87 -
NODE_472_length_30677_cov_40.568644:639-14006      -            735 119901at7898         -            141   9.1e-09   33.4   1.7   1   2   0.00013    0.0044   15.0   0.2    83   129    12    59     2    90 0.47 -
NODE_472_length_30677_cov_40.568644:639-14006      -            735 119901at7898         -            141   9.1e-09   33.4   1.7   2   2   3.9e-05    0.0013   16.7   0.1    24   126   107   189    99   207 0.56 -
NODE_52856_length_6791_cov_29.340406:2623-3291     -            223 119901at7898         -            141   2.9e-08   31.8   5.5   1   3     0.051       1.7    6.6   0.1    73   124     6    61     2    65 0.56 -
NODE_52856_length_6791_cov_29.340406:2623-3291     -            223 119901at7898         -            141   2.9e-08   31.8   5.5   2   3      0.55        19    3.2   0.0    43    85    80   121    70   127 0.72 -
NODE_52856_length_6791_cov_29.340406:2623-3291     -            223 119901at7898         -            141   2.9e-08   31.8   5.5   3   3   6.6e-07   2.2e-05   22.5   0.4    22   106   138   223   134   223 0.67 -
NODE_47345_length_7304_cov_33.887856:4353-5000     -            216 119901at7898         -            141     3e-08   31.8   7.9   1   3   1.2e-07   4.2e-06   24.8   3.1    45   128    29   111     4   113 0.84 -
NODE_47345_length_7304_cov_33.887856:4353-5000     -            216 119901at7898         -            141     3e-08   31.8   7.9   2   3    0.0072      0.24    9.4   0.5    67   107    96   137    91   160 0.66 -
NODE_47345_length_7304_cov_33.887856:4353-5000     -            216 119901at7898         -            141     3e-08   31.8   7.9   3   3      0.94        32    2.5   0.0    45    64   192   211   171   216 0.63 -
NODE_26717_length_9985_cov_39.320453:8037-8600     -            188 119901at7898         -            141   3.4e-08   31.6   0.7   1   3       4.4   1.5e+02    0.3   0.0   114   138    11    35     8    38 0.83 -
NODE_26717_length_9985_cov_39.320453:8037-8600     -            188 119901at7898         -            141   3.4e-08   31.6   0.7   2   3   0.00024    0.0079   14.2   0.0    46   131    37   123    33   130 0.81 -
NODE_26717_length_9985_cov_39.320453:8037-8600     -            188 119901at7898         -            141   3.4e-08   31.6   0.7   3   3   0.00026    0.0087   14.0   0.1    69   125   133   188   121   188 0.64 -
NODE_53491_length_6737_cov_25.155167:29-1282       -            418 119901at7898         -            141   5.9e-08   30.8   3.6   1   3   1.2e-05    0.0004   18.4   0.3    64   138     2    78     1    81 0.83 -
NODE_53491_length_6737_cov_25.155167:29-1282       -            418 119901at7898         -            141   5.9e-08   30.8   3.6   2   3   8.8e-05     0.003   15.6   0.6    21   136    56   172    53   175 0.90 -
NODE_53491_length_6737_cov_25.155167:29-1282       -            418 119901at7898         -            141   5.9e-08   30.8   3.6   3   3    0.0029     0.099   10.6   0.1    22   122   129   230   120   236 0.83 -
NODE_23326_length_10621_cov_27.924824:5300-6586    -            429 119901at7898         -            141   6.2e-08   30.7  10.9   1   3   0.00071     0.024   12.6   0.8    72   129     1    60     1    67 0.86 -
NODE_23326_length_10621_cov_27.924824:5300-6586    -            429 119901at7898         -            141   6.2e-08   30.7  10.9   2   3   3.9e-06   0.00013   19.9   0.5    44   135    69   162    66   171 0.88 -
NODE_23326_length_10621_cov_27.924824:5300-6586    -            429 119901at7898         -            141   6.2e-08   30.7  10.9   3   3      0.12       3.9    5.5   0.8    48   131   145   232   142   250 0.68 -
NODE_69571_length_5544_cov_33.513682:1921-2571     -            217 119901at7898         -            141   1.3e-07   29.7   5.8   1   3     0.015       0.5    8.3   0.2    68   100    15    48     5    53 0.85 -
NODE_69571_length_5544_cov_33.513682:1921-2571     -            217 119901at7898         -            141   1.3e-07   29.7   5.8   2   3    0.0048      0.16    9.9   0.1    63   118    66   120    56   128 0.53 -
NODE_69571_length_5544_cov_33.513682:1921-2571     -            217 119901at7898         -            141   1.3e-07   29.7   5.8   3   3   0.00091     0.031   12.3   0.2    44    82   156   194   144   217 0.81 -
NODE_93207_length_4266_cov_34.529158:2494-3255     -            254 119901at7898         -            141   1.3e-07   29.7   4.8   1   2   7.2e-09   2.4e-07   28.8   2.2    42   130    13   103     9   114 0.86 -
NODE_93207_length_4266_cov_34.529158:2494-3255     -            254 119901at7898         -            141   1.3e-07   29.7   4.8   2   2         4   1.4e+02    0.5   0.0    46    81   116   151   107   196 0.71 -
NODE_16170_length_12418_cov_35.993181:2725-3063    -            113 119901at7898         -            141   1.6e-07   29.4   0.1   1   2   0.00013    0.0044   15.0   0.0    47   108     2    65     1    78 0.81 -
NODE_16170_length_12418_cov_35.993181:2725-3063    -            113 119901at7898         -            141   1.6e-07   29.4   0.1   2   2   0.00055     0.019   13.0   0.0    43    77    78   112    68   113 0.88 -
NODE_7848_length_15929_cov_27.782059:13821-14417   -            199 119901at7898         -            141   2.4e-07   28.8   1.6   1   2    0.0014     0.049   11.6   0.1    74   129     3    60     1    68 0.87 -
NODE_7848_length_15929_cov_27.782059:13821-14417   -            199 119901at7898         -            141   2.4e-07   28.8   1.6   2   2   6.9e-07   2.3e-05   22.4   0.5    45   138    46   140    37   152 0.92 -
NODE_45040_length_7535_cov_30.964094:737-1831      -            365 119901at7898         -            141   2.6e-07   28.7   1.6   1   2      0.35        12    3.9   0.0    53   106     2    56     1    81 0.55 -
NODE_45040_length_7535_cov_30.964094:737-1831      -            365 119901at7898         -            141   2.6e-07   28.7   1.6   2   2   1.2e-06   4.1e-05   21.6   0.4    23   125    93   196    86   202 0.86 -
NODE_11485_length_14070_cov_116.437621:11656-13116 -            487 119901at7898         -            141   4.6e-07   27.9   3.1   1   4      0.49        17    3.4   0.0    67   137    17    66     1    74 0.54 -
NODE_11485_length_14070_cov_116.437621:11656-13116 -            487 119901at7898         -            141   4.6e-07   27.9   3.1   2   4       3.6   1.2e+02    0.6   0.0    46    79   237   270   225   276 0.46 -
NODE_11485_length_14070_cov_116.437621:11656-13116 -            487 119901at7898         -            141   4.6e-07   27.9   3.1   3   4     0.004      0.14   10.2   0.0    65   113   285   341   278   349 0.73 -
NODE_11485_length_14070_cov_116.437621:11656-13116 -            487 119901at7898         -            141   4.6e-07   27.9   3.1   4   4    0.0025     0.084   10.8   0.2    33   102   347   415   336   438 0.77 -
NODE_39479_length_8142_cov_32.329603:6534-6893     -            120 119901at7898         -            141   2.7e-06   25.4   0.9   1   2     3e-06    0.0001   20.3   0.3    63   129    12    83     1    90 0.80 -
NODE_39479_length_8142_cov_32.329603:6534-6893     -            120 119901at7898         -            141   2.7e-06   25.4   0.9   2   2    0.0053      0.18    9.8   0.0    21    57    70   105    67   113 0.84 -
NODE_93207_length_4266_cov_34.529158:1756-2286     -            177 119901at7898         -            141   2.7e-06   25.4   3.2   1   2   6.2e-05    0.0021   16.0   1.4    33   103    21    93     1   114 0.80 -
NODE_93207_length_4266_cov_34.529158:1756-2286     -            177 119901at7898         -            141   2.7e-06   25.4   3.2   2   2      0.01      0.35    8.8   0.1    61   116   115   170   103   177 0.74 -
NODE_188596_length_1470_cov_39.857039:182-1270     -            363 119901at7898         -            141   4.1e-06   24.8  10.1   1   3      0.22       7.4    4.5   0.1    64   125    60   119    36   124 0.67 -
NODE_188596_length_1470_cov_39.857039:182-1270     -            363 119901at7898         -            141   4.1e-06   24.8  10.1   2   3    0.0012      0.04   11.9   1.2    42   126   132   220   112   236 0.76 -
NODE_188596_length_1470_cov_39.857039:182-1270     -            363 119901at7898         -            141   4.1e-06   24.8  10.1   3   3   0.00029    0.0099   13.9   0.7    21   102   235   317   228   327 0.84 -
NODE_12184_length_13784_cov_22.998100:9767-10078   -            104 119901at7898         -            141   1.6e-05   22.9   0.0   1   2    0.0024     0.081   10.9   0.0    72   119     1    50     1    58 0.69 -
NODE_12184_length_13784_cov_22.998100:9767-10078   -            104 119901at7898         -            141   1.6e-05   22.9   0.0   2   2    0.0018     0.061   11.3   0.0    51    98    53   101    35   104 0.69 -
NODE_63204_length_5977_cov_35.460020:3960-4517     -            186 119901at7898         -            141   0.00018   19.5   2.1   1   2   1.4e-05   0.00046   18.2   0.7    45   128    12    98     7   113 0.85 -
NODE_63204_length_5977_cov_35.460020:3960-4517     -            186 119901at7898         -            141   0.00018   19.5   2.1   2   2   0.00073     0.025   12.6   0.8    47   122    62   145    55   167 0.66 -
NODE_5980_length_17255_cov_36.076883:135-2476      -            152 119901at7898         -            141   0.00036   18.5   1.7   1   2     0.016      0.55    8.2   0.1    69   123    21    74    10    76 0.78 -
NODE_5980_length_17255_cov_36.076883:135-2476      -            152 119901at7898         -            141   0.00036   18.5   1.7   2   2    0.0031       0.1   10.5   1.0    44   119    65   142    57   150 0.76 -
NODE_12814_length_13541_cov_39.017706:2520-3041    -            174 119901at7898         -            141   0.00075   17.5   1.3   1   1   3.6e-05    0.0012   16.8   1.3    50   129     3    84     1    99 0.87 -
NODE_23403_length_10604_cov_38.286911:8851-9612    -            254 119901at7898         -            141    0.0035   15.3   9.7   1   3    0.0029     0.099   10.6   0.5    58   123    26    92     5    93 0.70 -
NODE_23403_length_10604_cov_38.286911:8851-9612    -            254 119901at7898         -            141    0.0035   15.3   9.7   2   3   0.00074     0.025   12.6   2.3    22   123    39   144    35   165 0.80 -
NODE_23403_length_10604_cov_38.286911:8851-9612    -            254 119901at7898         -            141    0.0035   15.3   9.7   3   3      0.12       4.1    5.4   0.8    85   137   177   231   146   235 0.70 -
#
# Program:         hmmsearch
# Version:         3.1b2 (February 2015)
# Pipeline mode:   SEARCH
# Query file:      /home/e1garcia/shotgun_PIRE/abyss/busco_downloads/lineages/actinopterygii_odb10/hmms/119901at7898.hmm
# Target file:     /home/e1garcia/shotgun_PIRE/pire_ssl_data_processing/plotosus_lineatus/busco_contigs_results-SPAdes_contam_R1R2_noIsolate/run_actinopterygii_odb10/metaeuk_output/rerun_results/contigs.modified.fasta.modified.fas
# Option settings: hmmsearch --domtblout /home/e1garcia/shotgun_PIRE/pire_ssl_data_processing/plotosus_lineatus/busco_contigs_results-SPAdes_contam_R1R2_noIsolate/run_actinopterygii_odb10/hmmer_output/rerun_results/119901at7898.out --cpu 1 /home/e1garcia/shotgun_PIRE/abyss/busco_downloads/lineages/actinopterygii_odb10/hmms/119901at7898.hmm /home/e1garcia/shotgun_PIRE/pire_ssl_data_processing/plotosus_lineatus/busco_contigs_results-SPAdes_contam_R1R2_noIsolate/run_actinopterygii_odb10/metaeuk_output/rerun_results/contigs.modified.fasta.modified.fas 
# Current dir:     /home/e1garcia/shotgun_PIRE/pire_ssl_data_processing/plotosus_lineatus
# Date:            Fri Aug 20 14:37:29 2021
# [ok]
