#                                                                                                        --- full sequence --- -------------- this domain -------------   hmm coord   ali coord   env coord
# target name                                    accession   tlen query name           accession   qlen   E-value  score  bias   #  of  c-Evalue  i-Evalue  score  bias  from    to  from    to  from    to  acc description of target
#                            ------------------- ---------- ----- -------------------- ---------- ----- --------- ------ ----- --- --- --------- --------- ------ ----- ----- ----- ----- ----- ----- ----- ---- ---------------------
NODE_26695_length_9989_cov_33.616582:799-8176    -            383 36114at7898          -            485   1.4e-10   38.6   8.4   1   3   0.00026     0.021   11.7   0.2    84   154    10    82     1    86 0.84 -
NODE_26695_length_9989_cov_33.616582:799-8176    -            383 36114at7898          -            485   1.4e-10   38.6   8.4   2   3   0.00054     0.045   10.6   0.2   136   180    87   129    84   146 0.85 -
NODE_26695_length_9989_cov_33.616582:799-8176    -            383 36114at7898          -            485   1.4e-10   38.6   8.4   3   3   5.7e-07   4.7e-05   20.4   0.4   117   178   297   358   234   369 0.77 -
NODE_20543_length_11245_cov_114.029786:8660-9559 -            300 36114at7898          -            485   7.6e-10   36.2   3.4   1   3   2.6e-06   0.00021   18.3   0.1   115   182    75   143    47   152 0.84 -
NODE_20543_length_11245_cov_114.029786:8660-9559 -            300 36114at7898          -            485   7.6e-10   36.2   3.4   2   3      0.41        34    1.1   0.1   142   176   152   185   146   191 0.87 -
NODE_20543_length_11245_cov_114.029786:8660-9559 -            300 36114at7898          -            485   7.6e-10   36.2   3.4   3   3   8.9e-06   0.00073   16.5   0.1   117   184   197   265   194   277 0.85 -
NODE_1147_length_25913_cov_89.141629:22221-25854 -            167 36114at7898          -            485     8e-09   32.9   0.4   1   1   1.1e-10   8.9e-09   32.7   0.4   129   255     3   120     1   161 0.69 -
NODE_30609_length_9330_cov_35.070198:6501-7484   -            328 36114at7898          -            485   1.3e-08   32.1  17.5   1   4      0.48        40    0.9   0.3   118   144    46    72    25    86 0.73 -
NODE_30609_length_9330_cov_35.070198:6501-7484   -            328 36114at7898          -            485   1.3e-08   32.1  17.5   2   4   0.00049     0.041   10.7   2.4   109   182   112   186    91   215 0.84 -
NODE_30609_length_9330_cov_35.070198:6501-7484   -            328 36114at7898          -            485   1.3e-08   32.1  17.5   3   4   2.6e-10   2.2e-08   31.4   1.3    73   184   169   280   168   287 0.87 -
NODE_30609_length_9330_cov_35.070198:6501-7484   -            328 36114at7898          -            485   1.3e-08   32.1  17.5   4   4      0.93        77   -0.1   0.1   137   157   281   301   279   312 0.80 -
NODE_63187_length_5978_cov_41.282191:1768-2727   -            320 36114at7898          -            485   3.7e-07   27.4  21.5   1   3   7.8e-06   0.00064   16.7   2.8    52   176     3   127     1   135 0.86 -
NODE_63187_length_5978_cov_41.282191:1768-2727   -            320 36114at7898          -            485   3.7e-07   27.4  21.5   2   3     0.034       2.8    4.7   2.5   115   178   136   198   113   204 0.53 -
NODE_63187_length_5978_cov_41.282191:1768-2727   -            320 36114at7898          -            485   3.7e-07   27.4  21.5   3   3   7.4e-06   0.00061   16.8   5.4    75   183   187   295   177   302 0.86 -
NODE_5980_length_17255_cov_36.076883:135-2476    -            152 36114at7898          -            485   9.5e-07   26.0   1.1   1   1   1.6e-08   1.3e-06   25.6   1.1    84   213    29   149    20   151 0.86 -
NODE_246401_length_651_cov_76.045290:74-649      -            192 36114at7898          -            485   2.8e-06   24.5   2.8   1   2   0.00039     0.032   11.1   0.2   116   182     7    74     2    86 0.84 -
NODE_246401_length_651_cov_76.045290:74-649      -            192 36114at7898          -            485   2.8e-06   24.5   2.8   2   2   6.1e-05     0.005   13.7   0.3    81   157    89   170    82   191 0.61 -
NODE_57296_length_6418_cov_38.664504:4896-5678   -            261 36114at7898          -            485   5.5e-06   23.5  13.9   1   3      0.43        35    1.1   0.0   117   132    30    45    19    52 0.90 -
NODE_57296_length_6418_cov_38.664504:4896-5678   -            261 36114at7898          -            485   5.5e-06   23.5  13.9   2   3   2.9e-07   2.4e-05   21.4   0.4    73   183    55   169    49   177 0.83 -
NODE_57296_length_6418_cov_38.664504:4896-5678   -            261 36114at7898          -            485   5.5e-06   23.5  13.9   3   3    0.0087      0.72    6.6   5.1   116   178   173   236   163   247 0.89 -
NODE_70777_length_5472_cov_40.834543:2568-3482   -            305 36114at7898          -            485   6.2e-06   23.3   9.3   1   4       3.5   2.9e+02   -1.9   0.0    98   154    52   111    48   117 0.50 -
NODE_70777_length_5472_cov_40.834543:2568-3482   -            305 36114at7898          -            485   6.2e-06   23.3   9.3   2   4   4.2e-05    0.0035   14.3   0.5   135   183   115   163    94   167 0.91 -
NODE_70777_length_5472_cov_40.834543:2568-3482   -            305 36114at7898          -            485   6.2e-06   23.3   9.3   3   4     0.002      0.17    8.7   0.4   137   181   165   207   163   212 0.79 -
NODE_70777_length_5472_cov_40.834543:2568-3482   -            305 36114at7898          -            485   6.2e-06   23.3   9.3   4   4     0.025       2.1    5.1   0.1    99   156   214   276   207   292 0.76 -
NODE_135862_length_2708_cov_33.136451:1572-2156  -            195 36114at7898          -            485   1.2e-05   22.4   5.6   1   2     0.011      0.87    6.4   3.9   117   155   100   140    55   146 0.77 -
NODE_135862_length_2708_cov_33.136451:1572-2156  -            195 36114at7898          -            485   1.2e-05   22.4   5.6   2   2   4.7e-05    0.0039   14.1   0.0   115   155   146   188   141   194 0.89 -
NODE_50190_length_7031_cov_31.070254:1554-2501   -            316 36114at7898          -            485   1.2e-05   22.4   4.0   1   2   4.3e-05    0.0035   14.2   0.1   116   157    73   116    29   147 0.80 -
NODE_50190_length_7031_cov_31.070254:1554-2501   -            316 36114at7898          -            485   1.2e-05   22.4   4.0   2   2    0.0033      0.28    8.0   0.9    94   178   169   257   166   263 0.79 -
NODE_4826_length_18301_cov_46.187891:5017-5769   -            251 36114at7898          -            485   1.4e-05   22.2   1.7   1   2   5.8e-05    0.0048   13.8   0.1    95   155    77   138    60   139 0.80 -
NODE_4826_length_18301_cov_46.187891:5017-5769   -            251 36114at7898          -            485   1.4e-05   22.2   1.7   2   2      0.01      0.83    6.4   0.3    58   146   154   243   146   250 0.77 -
NODE_330609_length_359_cov_0.611538:1-324        -            108 36114at7898          -            485   1.7e-05   21.9   1.4   1   1   2.4e-07     2e-05   21.7   1.4    75   178     1   104     1   107 0.87 -
NODE_17231_length_12114_cov_37.368373:4588-5505  -            306 36114at7898          -            485   1.8e-05   21.8  18.5   1   3   1.8e-05    0.0015   15.5   3.6    96   176   118   200   115   200 0.74 -
NODE_17231_length_12114_cov_37.368373:4588-5505  -            306 36114at7898          -            485   1.8e-05   21.8  18.5   2   3   0.00022     0.018   11.9   2.1   116   177   187   248   184   253 0.90 -
NODE_17231_length_12114_cov_37.368373:4588-5505  -            306 36114at7898          -            485   1.8e-05   21.8  18.5   3   3     0.031       2.5    4.8   1.0   129   169   247   286   244   291 0.77 -
NODE_38423_length_8266_cov_40.419126:1392-2906   -            505 36114at7898          -            485   1.8e-05   21.8  26.1   1   4     0.007      0.58    6.9   4.8    96   176    52   136    21   150 0.58 -
NODE_38423_length_8266_cov_40.419126:1392-2906   -            505 36114at7898          -            485   1.8e-05   21.8  26.1   2   4     0.036         3    4.6   0.2   128   178   240   289   225   297 0.83 -
NODE_38423_length_8266_cov_40.419126:1392-2906   -            505 36114at7898          -            485   1.8e-05   21.8  26.1   3   4     0.017       1.4    5.7   3.7    73   153   299   383   288   386 0.85 -
NODE_38423_length_8266_cov_40.419126:1392-2906   -            505 36114at7898          -            485   1.8e-05   21.8  26.1   4   4   1.5e-05    0.0012   15.8   0.2   118   179   394   456   392   464 0.89 -
NODE_119058_length_3248_cov_38.231820:857-1675   -            273 36114at7898          -            485   3.1e-05   21.0   4.1   1   2    0.0015      0.13    9.1   0.4    76   155    57   138    35   189 0.82 -
NODE_119058_length_3248_cov_38.231820:857-1675   -            273 36114at7898          -            485   3.1e-05   21.0   4.1   2   2     7e-05    0.0058   13.5   0.3   116   168   217   267   197   269 0.88 -
NODE_109262_length_3602_cov_35.996860:2083-3072  -            330 36114at7898          -            485   3.1e-05   21.0  14.6   1   3     0.013       1.1    6.1   1.6    97   182    96   184    72   186 0.73 -
NODE_109262_length_3602_cov_35.996860:2083-3072  -            330 36114at7898          -            485   3.1e-05   21.0  14.6   2   3   0.00097      0.08    9.8   0.1   115   153   187   226   184   230 0.92 -
NODE_109262_length_3602_cov_35.996860:2083-3072  -            330 36114at7898          -            485   3.1e-05   21.0  14.6   3   3   0.00068     0.056   10.3   1.1    99   170   239   310   236   316 0.79 -
NODE_62363_length_6038_cov_30.612224:1879-2451   -            191 36114at7898          -            485     4e-05   20.7   0.3   1   1     6e-07     5e-05   20.4   0.3    96   178    46   131    34   178 0.82 -
NODE_7181_length_16326_cov_36.666913:10350-11270 -            307 36114at7898          -            485     5e-05   20.4   1.6   1   2      0.05       4.1    4.1   3.6    45   143    45   144    22   147 0.75 -
NODE_7181_length_16326_cov_36.666913:10350-11270 -            307 36114at7898          -            485     5e-05   20.4   1.6   2   2     6e-07     5e-05   20.4   1.6    72   185   143   256   140   279 0.85 -
NODE_47345_length_7304_cov_33.887856:3603-5096   -            498 36114at7898          -            485   6.1e-05   20.1   2.2   1   5      0.13        10    2.8   0.2   136   185    29    78    24    87 0.84 -
NODE_47345_length_7304_cov_33.887856:3603-5096   -            498 36114at7898          -            485   6.1e-05   20.1   2.2   2   5       1.6   1.3e+02   -0.8   0.5   116   152   104   139    91   147 0.81 -
NODE_47345_length_7304_cov_33.887856:3603-5096   -            498 36114at7898          -            485   6.1e-05   20.1   2.2   3   5      0.51        42    0.8   4.6    73   151   221   303   216   310 0.71 -
NODE_47345_length_7304_cov_33.887856:3603-5096   -            498 36114at7898          -            485   6.1e-05   20.1   2.2   4   5      0.35        29    1.4   0.2   115   177   344   407   322   410 0.83 -
NODE_47345_length_7304_cov_33.887856:3603-5096   -            498 36114at7898          -            485   6.1e-05   20.1   2.2   5   5   7.4e-07   6.1e-05   20.1   2.2   100   183   399   482   394   488 0.92 -
NODE_188596_length_1470_cov_39.857039:182-1270   -            363 36114at7898          -            485   9.4e-05   19.4   3.3   1   4       0.4        33    1.1   0.6   118   145    62    92    53   122 0.70 -
NODE_188596_length_1470_cov_39.857039:182-1270   -            363 36114at7898          -            485   9.4e-05   19.4   3.3   2   4      0.28        24    1.6   0.5   102   156   119   172    96   193 0.72 -
NODE_188596_length_1470_cov_39.857039:182-1270   -            363 36114at7898          -            485   9.4e-05   19.4   3.3   3   4       1.4   1.2e+02   -0.7   0.0   117   153   181   219   174   230 0.71 -
NODE_188596_length_1470_cov_39.857039:182-1270   -            363 36114at7898          -            485   9.4e-05   19.4   3.3   4   4   1.1e-06   9.4e-05   19.4   3.3    88   179   223   319   194   325 0.81 -
NODE_66729_length_5730_cov_38.914580:4794-5408   -            205 36114at7898          -            485   0.00011   19.2   9.2   1   2   0.00057     0.047   10.5   5.1   115   182    30    96    27   101 0.83 -
NODE_66729_length_5730_cov_38.914580:4794-5408   -            205 36114at7898          -            485   0.00011   19.2   9.2   2   2   0.00052     0.043   10.7   0.1    95   154   101   162    99   176 0.83 -
NODE_16999_length_12175_cov_27.800679:5531-6754  -            408 36114at7898          -            485   0.00051   17.0   4.2   1   3       1.1        87   -0.2   0.0   140   184    65   108    58   115 0.81 -
NODE_16999_length_12175_cov_27.800679:5531-6754  -            408 36114at7898          -            485   0.00051   17.0   4.2   2   3     0.027       2.2    5.0   0.1    96   131   162   197   160   205 0.91 -
NODE_16999_length_12175_cov_27.800679:5531-6754  -            408 36114at7898          -            485   0.00051   17.0   4.2   3   3   0.00075     0.062   10.1   0.1    96   132   208   246   204   270 0.87 -
NODE_61636_length_6091_cov_28.720127:2228-3451   -            408 36114at7898          -            485   0.00076   16.4   5.3   1   4      0.67        56    0.4   0.1   113   184    38   108    25   119 0.71 -
NODE_61636_length_6091_cov_28.720127:2228-3451   -            408 36114at7898          -            485   0.00076   16.4   5.3   2   4     0.028       2.3    5.0   0.1    95   132   161   198   122   205 0.86 -
NODE_61636_length_6091_cov_28.720127:2228-3451   -            408 36114at7898          -            485   0.00076   16.4   5.3   3   4   9.8e-05    0.0081   13.1   0.3    75   134   186   248   184   267 0.81 -
NODE_61636_length_6091_cov_28.720127:2228-3451   -            408 36114at7898          -            485   0.00076   16.4   5.3   4   4       7.3     6e+02   -3.0   0.0   275   299   343   367   331   369 0.76 -
NODE_36556_length_8505_cov_37.884368:3127-3957   -            277 36114at7898          -            485    0.0013   15.7   8.2   1   3      0.86        71    0.0   0.1   118   158    76   115    71   142 0.76 -
NODE_36556_length_8505_cov_37.884368:3127-3957   -            277 36114at7898          -            485    0.0013   15.7   8.2   2   3   1.6e-05    0.0013   15.7   1.0    97   151   154   209   148   211 0.77 -
NODE_36556_length_8505_cov_37.884368:3127-3957   -            277 36114at7898          -            485    0.0013   15.7   8.2   3   3      0.12        10    2.8   0.1   140   176   239   274   230   277 0.85 -
NODE_142113_length_2532_cov_2.099055:1007-1579   -            191 36114at7898          -            485    0.0017   15.3   2.6   1   1   3.2e-05    0.0027   14.6   1.9    65   158    50   148    36   172 0.84 -
NODE_18071_length_11878_cov_23.012650:2750-3646  -            299 36114at7898          -            485    0.0018   15.2   4.9   1   2     0.021       1.8    5.3   0.3   118   181    75   139    51   149 0.84 -
NODE_18071_length_11878_cov_23.012650:2750-3646  -            299 36114at7898          -            485    0.0018   15.2   4.9   2   2   0.00036      0.03   11.2   0.4   116   178   193   256   165   265 0.83 -
NODE_19702_length_11455_cov_38.305125:2392-3291  -            300 36114at7898          -            485    0.0021   15.0  15.5   1   3     0.067       5.5    3.7   0.2   117   154    47    86     9    93 0.80 -
NODE_19702_length_11455_cov_38.305125:2392-3291  -            300 36114at7898          -            485    0.0021   15.0  15.5   2   3   8.9e-05    0.0074   13.2   6.1    73   179    48   155    41   160 0.87 -
NODE_19702_length_11455_cov_38.305125:2392-3291  -            300 36114at7898          -            485    0.0021   15.0  15.5   3   3    0.0056      0.47    7.3   0.7   116   184   163   230   157   240 0.90 -
NODE_93163_length_4268_cov_39.309187:517-1236    -            240 36114at7898          -            485    0.0022   14.9   4.6   1   1   5.1e-05    0.0042   14.0   4.1    95   184   123   214    65   235 0.83 -
NODE_2678_length_21349_cov_75.292329:16908-17471 -            188 36114at7898          -            485    0.0022   14.9  11.3   1   1     5e-05    0.0041   14.0  11.3    26   183    28   186     6   187 0.83 -
NODE_69571_length_5544_cov_33.513682:3163-3747   -            195 36114at7898          -            485    0.0024   14.8   3.2   1   2    0.0036       0.3    7.9   0.2    95   179    27   119    25   126 0.83 -
NODE_69571_length_5544_cov_33.513682:3163-3747   -            195 36114at7898          -            485    0.0024   14.8   3.2   2   2    0.0041      0.34    7.7   0.3   118   177   131   191   121   195 0.73 -
NODE_26717_length_9985_cov_39.320453:8037-8600   -            188 36114at7898          -            485    0.0035   14.3   1.2   1   2      0.59        49    0.6   0.0   140   177     9    45     2    53 0.80 -
NODE_26717_length_9985_cov_39.320453:8037-8600   -            188 36114at7898          -            485    0.0035   14.3   1.2   2   2   0.00022     0.018   11.9   0.4   113   183    99   169    83   180 0.81 -
NODE_149636_length_2333_cov_33.026410:1101-1427  -            109 36114at7898          -            485     0.006   13.5   0.1   1   1   8.4e-05     0.007   13.3   0.1   118   187    20    90    14   105 0.83 -
NODE_34559_length_8757_cov_41.208247:4709-5386   -            226 36114at7898          -            485    0.0068   13.3   2.4   1   2       6.7   5.5e+02   -2.9   0.0    97   113     6    22     5    40 0.58 -
NODE_34559_length_8757_cov_41.208247:4709-5386   -            226 36114at7898          -            485    0.0068   13.3   2.4   2   2   5.6e-05    0.0046   13.9   0.9    96   178    54   139    51   170 0.88 -
NODE_69571_length_5544_cov_33.513682:1921-2571   -            217 36114at7898          -            485    0.0095   12.8   8.1   1   2   0.00041     0.034   11.0   0.7    69   132     8    83     4   135 0.75 -
NODE_69571_length_5544_cov_33.513682:1921-2571   -            217 36114at7898          -            485    0.0095   12.8   8.1   2   2     0.016       1.3    5.7   1.5    98   146   156   209   150   217 0.62 -
NODE_12434_length_13686_cov_41.918378:9659-10216 -            186 36114at7898          -            485     0.015   12.2   8.0   1   2   0.00085     0.071   10.0   1.8    98   177    33   115    28   125 0.79 -
NODE_12434_length_13686_cov_41.918378:9659-10216 -            186 36114at7898          -            485     0.015   12.2   8.0   2   2     0.011      0.91    6.3   0.5   116   176   125   186   122   186 0.81 -
NODE_11702_length_13978_cov_35.882052:2423-3349  -            309 36114at7898          -            485     0.015   12.1  15.1   1   3    0.0043      0.36    7.6   7.9    73   176    47   154    34   156 0.87 -
NODE_11702_length_13978_cov_35.882052:2423-3349  -            309 36114at7898          -            485     0.015   12.1  15.1   2   3     0.015       1.2    5.9   0.3   117   154   142   182   138   188 0.79 -
NODE_11702_length_13978_cov_35.882052:2423-3349  -            309 36114at7898          -            485     0.015   12.1  15.1   3   3     0.041       3.4    4.4   0.1   118   151   222   257   219   277 0.80 -
NODE_20388_length_11281_cov_30.584869:9825-10112 -             96 36114at7898          -            485     0.021   11.7   0.1   1   1   0.00026     0.021   11.7   0.1    98   162     3    70     1    91 0.75 -
NODE_2898_length_20987_cov_42.613702:14904-15491 -            196 36114at7898          -            485     0.023   11.6   0.4   1   2    0.0025      0.21    8.4   0.0    94   134    26    68    22    71 0.85 -
NODE_2898_length_20987_cov_42.613702:14904-15491 -            196 36114at7898          -            485     0.023   11.6   0.4   2   2      0.37        30    1.3   0.1   142   182    99   137    75   157 0.57 -
NODE_27934_length_9766_cov_25.485466:8281-9012   -            244 36114at7898          -            485      0.03   11.2  12.2   1   2      0.12       9.6    2.9   3.4   113   181    36   103    14   112 0.74 -
NODE_27934_length_9766_cov_25.485466:8281-9012   -            244 36114at7898          -            485      0.03   11.2  12.2   2   2   9.1e-05    0.0075   13.2   1.6   115   160   130   176   108   199 0.77 -
NODE_2888_length_21008_cov_46.372758:6609-7241   -            211 36114at7898          -            485     0.041   10.7   3.8   1   3      0.13        10    2.8   0.0   140   183    33    75     4    86 0.68 -
NODE_2888_length_21008_cov_46.372758:6609-7241   -            211 36114at7898          -            485     0.041   10.7   3.8   2   3     0.018       1.5    5.6   1.5    96   132   106   142    81   192 0.75 -
NODE_2888_length_21008_cov_46.372758:6609-7241   -            211 36114at7898          -            485     0.041   10.7   3.8   3   3       0.2        16    2.2   0.2    96   136   152   194   147   211 0.73 -
NODE_14611_length_12894_cov_37.093396:6111-6842  -            244 36114at7898          -            485     0.049   10.5   4.8   1   2     0.028       2.3    5.0   0.5    76   157    40   124    36   128 0.72 -
NODE_14611_length_12894_cov_37.093396:6111-6842  -            244 36114at7898          -            485     0.049   10.5   4.8   2   2    0.0019      0.16    8.8   1.0    73   183   107   221   102   233 0.68 -
NODE_39250_length_8169_cov_21.181537:4702-5268   -            189 36114at7898          -            485     0.051   10.4   3.8   1   2     0.058       4.8    3.9   3.5   118   180    11    72     7    86 0.75 -
NODE_39250_length_8169_cov_21.181537:4702-5268   -            189 36114at7898          -            485     0.051   10.4   3.8   2   2     0.022       1.8    5.3   0.0   117   155   125   164   101   189 0.80 -
NODE_11702_length_13978_cov_35.882052:1544-2122  -            193 36114at7898          -            485     0.065   10.1  11.6   1   1    0.0024       0.2    8.5  11.6    73   175    19   127    15   174 0.77 -
NODE_80483_length_4900_cov_35.026869:1476-3035   -            520 36114at7898          -            485     0.075    9.9  12.0   1   3   0.00033     0.027   11.3   5.3    73   152    81   165    66   183 0.84 -
NODE_80483_length_4900_cov_35.026869:1476-3035   -            520 36114at7898          -            485     0.075    9.9  12.0   2   3      0.46        38    0.9   0.1    72   152   176   261   171   267 0.74 -
NODE_80483_length_4900_cov_35.026869:1476-3035   -            520 36114at7898          -            485     0.075    9.9  12.0   3   3       2.3   1.9e+02   -1.3   0.0   131   162   273   304   263   309 0.80 -
NODE_16824_length_12219_cov_33.576073:8880-10370 -            497 36114at7898          -            485     0.081    9.8   3.2   1   2   0.00093     0.076    9.8   1.1   107   182    13    88     2    98 0.84 -
NODE_16824_length_12219_cov_33.576073:8880-10370 -            497 36114at7898          -            485     0.081    9.8   3.2   2   2       2.3   1.9e+02   -1.4   0.0   137   154   140   157    86   188 0.72 -
NODE_100411_length_3951_cov_30.555036:1371-2480  -            370 36114at7898          -            485      0.11    9.4  11.5   1   3       1.4   1.2e+02   -0.6   0.2    95   134    73   114    68   166 0.77 -
NODE_100411_length_3951_cov_30.555036:1371-2480  -            370 36114at7898          -            485      0.11    9.4  11.5   2   3   0.00064     0.053   10.4   1.5    52   179   197   280   170   292 0.57 -
NODE_100411_length_3951_cov_30.555036:1371-2480  -            370 36114at7898          -            485      0.11    9.4  11.5   3   3    0.0021      0.18    8.6   1.9    96   174   266   347   264   360 0.80 -
NODE_34730_length_8739_cov_29.951157:1048-1824   -            259 36114at7898          -            485      0.12    9.2  11.3   1   2    0.0014      0.12    9.2   5.3    95   180   126   214    59   222 0.82 -
NODE_34730_length_8739_cov_29.951157:1048-1824   -            259 36114at7898          -            485      0.12    9.2  11.3   2   2      0.14        11    2.7   0.3   118   151   223   258   219   259 0.76 -
NODE_2597_length_21505_cov_44.728627:18280-19692 -            471 36114at7898          -            485      0.14    8.9  25.8   1   4     0.074       6.1    3.6   1.4   138   178    25    65    21    80 0.81 -
NODE_2597_length_21505_cov_44.728627:18280-19692 -            471 36114at7898          -            485      0.14    8.9  25.8   2   4     0.024         2    5.2   0.8    96   180    76   160    70   171 0.87 -
NODE_2597_length_21505_cov_44.728627:18280-19692 -            471 36114at7898          -            485      0.14    8.9  25.8   3   4     0.083       6.9    3.4   1.8    96   157   247   314   220   348 0.67 -
NODE_2597_length_21505_cov_44.728627:18280-19692 -            471 36114at7898          -            485      0.14    8.9  25.8   4   4   0.00037      0.03   11.2   1.3    98   153   406   460   353   464 0.89 -
NODE_369_length_32292_cov_41.417948:13055-14749  -            565 36114at7898          -            485      0.32    7.8   4.3   1   3        10   8.3e+02   -3.5   0.1   117   137    80   100    69   147 0.59 -
NODE_369_length_32292_cov_41.417948:13055-14749  -            565 36114at7898          -            485      0.32    7.8   4.3   2   3       9.6   7.9e+02   -3.4   0.0   143   177   155   190   149   196 0.74 -
NODE_369_length_32292_cov_41.417948:13055-14749  -            565 36114at7898          -            485      0.32    7.8   4.3   3   3   0.00088     0.073    9.9   0.4    76   155   382   466   329   498 0.84 -
NODE_23403_length_10604_cov_38.286911:9085-9660  -            192 36114at7898          -            485      0.35    7.7   8.9   1   3     0.012         1    6.1   0.4   133   164     5    36     1    67 0.81 -
NODE_23403_length_10604_cov_38.286911:9085-9660  -            192 36114at7898          -            485      0.35    7.7   8.9   2   3     0.016       1.3    5.7   1.6   118   154   103   142    93   148 0.80 -
NODE_23403_length_10604_cov_38.286911:9085-9660  -            192 36114at7898          -            485      0.35    7.7   8.9   3   3       5.1   4.2e+02   -2.5   0.0    99   112   158   171   153   190 0.75 -
NODE_75688_length_5169_cov_32.140237:3526-4230   -            235 36114at7898          -            485      0.51    7.1  19.6   1   4     0.016       1.3    5.8   2.8   113   155    43    86    27    89 0.80 -
NODE_75688_length_5169_cov_32.140237:3526-4230   -            235 36114at7898          -            485      0.51    7.1  19.6   2   4    0.0082      0.68    6.7   0.4   137   184    91   136    87   140 0.79 -
NODE_75688_length_5169_cov_32.140237:3526-4230   -            235 36114at7898          -            485      0.51    7.1  19.6   3   4   0.00094     0.077    9.8   3.8    95   162   116   186   105   205 0.80 -
NODE_75688_length_5169_cov_32.140237:3526-4230   -            235 36114at7898          -            485      0.51    7.1  19.6   4   4      0.29        24    1.6   3.3   115   179   160   223   139   231 0.47 -
NODE_6978_length_16453_cov_32.169255:1340-2905   -            522 36114at7898          -            485      0.61    6.9   5.3   1   2     0.008      0.66    6.8   2.4   114   183    17    87     9   100 0.83 -
NODE_6978_length_16453_cov_32.169255:1340-2905   -            522 36114at7898          -            485      0.61    6.9   5.3   2   2         1        84   -0.2   0.1   140   179   215   253   204   260 0.80 -
NODE_214449_length_1035_cov_95.955128:182-997    -            272 36114at7898          -            485      0.65    6.8   4.6   1   2     0.011      0.91    6.3   0.2   140   188    84   131    56   139 0.76 -
NODE_214449_length_1035_cov_95.955128:182-997    -            272 36114at7898          -            485      0.65    6.8   4.6   2   2      0.31        26    1.5   0.3    76   134   207   268   201   270 0.81 -
NODE_61703_length_6085_cov_30.489977:1641-3230   -            530 36114at7898          -            485       1.8    5.3  12.8   1   2     0.025         2    5.1   1.3   121   183   132   196    70   216 0.75 -
NODE_61703_length_6085_cov_30.489977:1641-3230   -            530 36114at7898          -            485       1.8    5.3  12.8   2   2     0.014       1.2    5.9   2.1    94   154   364   428   339   448 0.61 -
NODE_78327_length_5022_cov_27.111111:2255-2995   -            247 36114at7898          -            485       2.3    5.0  12.2   1   3      0.18        15    2.3   0.2   118   181    46    86    40    99 0.55 -
NODE_78327_length_5022_cov_27.111111:2255-2995   -            247 36114at7898          -            485       2.3    5.0  12.2   2   3     0.043       3.6    4.3   6.3    75   176    96   201    92   209 0.81 -
NODE_78327_length_5022_cov_27.111111:2255-2995   -            247 36114at7898          -            485       2.3    5.0  12.2   3   3      0.29        24    1.6   0.2    95   134   189   230   185   232 0.80 -
NODE_23403_length_10604_cov_38.286911:8851-9612  -            254 36114at7898          -            485         4    4.2  12.8   1   2     0.025         2    5.1   0.3   133   164    83   114    79   121 0.85 -
NODE_23403_length_10604_cov_38.286911:8851-9612  -            254 36114at7898          -            485         4    4.2  12.8   2   2     0.013       1.1    6.0   1.0   118   154   181   220   171   248 0.81 -
NODE_51878_length_6877_cov_27.199616:1126-2619   -            498 36114at7898          -            485         8    3.2  14.4   1   2      0.13        11    2.8   1.2    74   178    78   186    56   193 0.59 -
NODE_51878_length_6877_cov_27.199616:1126-2619   -            498 36114at7898          -            485         8    3.2  14.4   2   2    0.0098      0.81    6.5   2.1   118   178   367   428   350   442 0.86 -
#
# Program:         hmmsearch
# Version:         3.1b2 (February 2015)
# Pipeline mode:   SEARCH
# Query file:      /home/e1garcia/shotgun_PIRE/abyss/busco_downloads/lineages/actinopterygii_odb10/hmms/36114at7898.hmm
# Target file:     /home/e1garcia/shotgun_PIRE/pire_ssl_data_processing/plotosus_lineatus/busco_contigs_results-SPAdes_contam_R1R2_noIsolate/run_actinopterygii_odb10/metaeuk_output/rerun_results/contigs.modified.fasta.modified.fas
# Option settings: hmmsearch --domtblout /home/e1garcia/shotgun_PIRE/pire_ssl_data_processing/plotosus_lineatus/busco_contigs_results-SPAdes_contam_R1R2_noIsolate/run_actinopterygii_odb10/hmmer_output/rerun_results/36114at7898.out --cpu 1 /home/e1garcia/shotgun_PIRE/abyss/busco_downloads/lineages/actinopterygii_odb10/hmms/36114at7898.hmm /home/e1garcia/shotgun_PIRE/pire_ssl_data_processing/plotosus_lineatus/busco_contigs_results-SPAdes_contam_R1R2_noIsolate/run_actinopterygii_odb10/metaeuk_output/rerun_results/contigs.modified.fasta.modified.fas 
# Current dir:     /home/e1garcia/shotgun_PIRE/pire_ssl_data_processing/plotosus_lineatus
# Date:            Fri Aug 20 14:40:23 2021
# [ok]
