#                                                                                                        --- full sequence --- -------------- this domain -------------   hmm coord   ali coord   env coord
# target name                                    accession   tlen query name           accession   qlen   E-value  score  bias   #  of  c-Evalue  i-Evalue  score  bias  from    to  from    to  from    to  acc description of target
#                            ------------------- ---------- ----- -------------------- ---------- ----- --------- ------ ----- --- --- --------- --------- ------ ----- ----- ----- ----- ----- ----- ----- ---- ---------------------
NODE_12629_length_13611_cov_38.496226:6108-6335  -             76 36795at7898          -            516   3.5e-24   83.5   1.7   1   1   2.6e-26   3.8e-24   83.3   1.7   455   516     1    63     1    63 0.94 -
NODE_3103_length_20613_cov_47.750317:2803-10280  -            105 36795at7898          -            516   7.2e-09   32.9   4.6   1   1   5.8e-11   8.5e-09   32.7   4.6   451   515     5    75     2    76 0.72 -
NODE_7626_length_16062_cov_50.283593:12305-13906 -             98 36795at7898          -            516   1.2e-07   28.9   3.8   1   1   8.1e-10   1.2e-07   28.9   3.8   474   515    33    77    25    78 0.79 -
NODE_8448_length_15576_cov_34.087614:7529-7753   -             75 36795at7898          -            516     4e-05   20.6   0.6   1   1   2.8e-07   4.1e-05   20.5   0.6   476   515    22    64     4    65 0.79 -
NODE_163789_length_1988_cov_34.034939:414-668    -             85 36795at7898          -            516     0.001   16.0   2.8   1   1     8e-06    0.0012   15.7   2.8   469   514     7    55     2    57 0.81 -
NODE_109661_length_3585_cov_35.718302:343-726    -            128 36795at7898          -            516    0.0013   15.6   1.6   1   1   1.3e-05    0.0019   15.1   1.6   477   513    10    46     4    50 0.92 -
NODE_38785_length_8224_cov_41.440738:2317-6106   -            411 36795at7898          -            516    0.0019   15.1   2.9   1   1     2e-05    0.0028   14.5   2.9   470   515     4    49     1    50 0.92 -
NODE_20797_length_11179_cov_38.197924:4873-6815  -            329 36795at7898          -            516    0.0031   14.3   3.4   1   1     3e-05    0.0043   13.9   3.4   476   515     5    46     1    47 0.85 -
NODE_68474_length_5618_cov_34.633267:5117-5452   -            112 36795at7898          -            516    0.0064   13.3   3.6   1   1   5.6e-05    0.0082   12.9   3.6   476   516     8    50     2    50 0.84 -
NODE_151408_length_2287_cov_71.175503:227-721    -            165 36795at7898          -            516     0.014   12.2   6.6   1   1   0.00012     0.018   11.8   6.6   476   515     4    45     1    46 0.80 -
NODE_10096_length_14709_cov_32.072005:5432-13984 -            427 36795at7898          -            516     0.015   12.1   1.0   1   1   0.00013     0.019   11.7   1.0   468   516    14    65     2    65 0.87 -
NODE_61620_length_6092_cov_34.603204:1624-5376   -            187 36795at7898          -            516     0.017   11.9   1.0   1   1   0.00015     0.021   11.6   1.0   473   514    65   107    37   109 0.75 -
NODE_126819_length_2988_cov_27.573901:425-907    -            161 36795at7898          -            516     0.025   11.3   5.8   1   1   0.00023     0.033   10.9   5.8   472   515     7    52     2    53 0.79 -
NODE_28910_length_9601_cov_34.283835:3688-4278   -            197 36795at7898          -            516     0.036   10.8   3.7   1   1   0.00032     0.046   10.5   3.7   476   515     4    45     1    46 0.84 -
NODE_17814_length_11951_cov_27.074165:591-3724   -            352 36795at7898          -            516      0.08    9.7   2.3   1   1   0.00081      0.12    9.1   2.3   474   514     5    50     1    52 0.77 -
NODE_103971_length_3806_cov_229.490154:2445-3029 -            195 36795at7898          -            516      0.08    9.7   3.8   1   2   0.00047     0.068    9.9   0.8   475   504    18    47     2    64 0.76 -
NODE_103971_length_3806_cov_229.490154:2445-3029 -            195 36795at7898          -            516      0.08    9.7   3.8   2   2      0.26        38    0.9   0.1   415   476   108   169    74   189 0.62 -
NODE_17899_length_11924_cov_32.650486:8498-8851  -            118 36795at7898          -            516      0.11    9.2   2.4   1   1   0.00091      0.13    9.0   2.4   476   514    16    55     9    57 0.87 -
NODE_39016_length_8195_cov_95.404274:1657-3087   -            477 36795at7898          -            516      0.12    9.1   2.3   1   1    0.0012      0.18    8.5   2.3   475   512    14    51     3    59 0.80 -
NODE_168069_length_1890_cov_13.812395:1492-1887  -            132 36795at7898          -            516      0.14    8.9   7.1   1   1    0.0011      0.16    8.7   7.1   476   515     4    45     1    46 0.81 -
NODE_76289_length_5135_cov_91.666005:567-4262    -            401 36795at7898          -            516      0.15    8.8   6.2   1   1    0.0014       0.2    8.4   6.2   473   515     4    48     1    49 0.79 -
NODE_38703_length_8234_cov_42.492809:5397-6050   -            218 36795at7898          -            516      0.16    8.7   1.7   1   1    0.0015      0.21    8.3   1.7   477   514     3    44     1    46 0.77 -
NODE_4179_length_19034_cov_37.418696:10845-14549 -            288 36795at7898          -            516      0.17    8.6   2.8   1   1    0.0015      0.21    8.3   2.8   473   515     4    48     1    49 0.83 -
NODE_37029_length_8440_cov_48.911282:6902-7438   -            179 36795at7898          -            516      0.21    8.3   7.0   1   1    0.0019      0.27    7.9   7.0   476   515     4    45     1    46 0.82 -
NODE_96353_length_4129_cov_19.032258:601-1155    -            185 36795at7898          -            516       0.3    7.8   8.4   1   1    0.0026      0.38    7.4   8.4   476   514     3    43     1    45 0.80 -
NODE_190217_length_1440_cov_20.793438:615-1064   -            150 36795at7898          -            516       0.3    7.8   6.1   1   1    0.0026      0.38    7.4   6.1   477   515     1    41     1    42 0.84 -
NODE_73416_length_5306_cov_25.521029:3694-4152   -            153 36795at7898          -            516      0.31    7.7   7.9   1   1    0.0025      0.37    7.5   7.9   476   515     3    44     1    45 0.81 -
NODE_99642_length_3985_cov_31.575914:929-1492    -            188 36795at7898          -            516      0.38    7.4  11.3   1   2   9.9e-05     0.014   12.1   4.8   469   515    11    59     3    60 0.82 -
NODE_99642_length_3985_cov_31.575914:929-1492    -            188 36795at7898          -            516      0.38    7.4  11.3   2   2      0.97   1.4e+02   -1.0   0.5   471   493    98   119    82   179 0.67 -
NODE_123046_length_3112_cov_112.603053:742-1191  -            150 36795at7898          -            516      0.44    7.2   8.3   1   1    0.0037      0.54    7.0   8.3   477   515     1    41     1    42 0.83 -
NODE_35155_length_8679_cov_72.442890:2651-7216   -            407 36795at7898          -            516      0.46    7.2   4.6   1   1    0.0041      0.59    6.8   4.6   473   515     4    48     1    49 0.80 -
NODE_21503_length_11020_cov_80.014559:2297-2866  -            190 36795at7898          -            516      0.47    7.2   3.1   1   1    0.0048       0.7    6.6   3.1   477   515     5    45     1    46 0.84 -
NODE_95783_length_4153_cov_64.374692:2191-2655   -            155 36795at7898          -            516      0.51    7.0   6.9   1   1    0.0044      0.64    6.7   6.9   476   515     4    45     1    46 0.83 -
NODE_114537_length_3406_cov_31.920169:2172-2756  -            195 36795at7898          -            516      0.66    6.6   5.0   1   1    0.0054      0.79    6.4   5.0   476   515     4    46     1    47 0.81 -
NODE_151401_length_2288_cov_18.716766:1108-1557  -            150 36795at7898          -            516      0.93    6.2   7.9   1   1    0.0081       1.2    5.8   7.9   477   515     1    41     1    42 0.82 -
#
# Program:         hmmsearch
# Version:         3.1b2 (February 2015)
# Pipeline mode:   SEARCH
# Query file:      /home/e1garcia/shotgun_PIRE/abyss/busco_downloads/lineages/actinopterygii_odb10/hmms/36795at7898.hmm
# Target file:     /home/e1garcia/shotgun_PIRE/pire_ssl_data_processing/plotosus_lineatus/busco_contigs_results-SPAdes_contam_R1R2_noIsolate/run_actinopterygii_odb10/metaeuk_output/rerun_results/contigs.modified.fasta.modified.fas
# Option settings: hmmsearch --domtblout /home/e1garcia/shotgun_PIRE/pire_ssl_data_processing/plotosus_lineatus/busco_contigs_results-SPAdes_contam_R1R2_noIsolate/run_actinopterygii_odb10/hmmer_output/rerun_results/36795at7898.out --cpu 1 /home/e1garcia/shotgun_PIRE/abyss/busco_downloads/lineages/actinopterygii_odb10/hmms/36795at7898.hmm /home/e1garcia/shotgun_PIRE/pire_ssl_data_processing/plotosus_lineatus/busco_contigs_results-SPAdes_contam_R1R2_noIsolate/run_actinopterygii_odb10/metaeuk_output/rerun_results/contigs.modified.fasta.modified.fas 
# Current dir:     /home/e1garcia/shotgun_PIRE/pire_ssl_data_processing/plotosus_lineatus
# Date:            Fri Aug 20 14:37:08 2021
# [ok]
