#                                                                                                          --- full sequence --- -------------- this domain -------------   hmm coord   ali coord   env coord
# target name                                      accession   tlen query name           accession   qlen   E-value  score  bias   #  of  c-Evalue  i-Evalue  score  bias  from    to  from    to  from    to  acc description of target
#                              ------------------- ---------- ----- -------------------- ---------- ----- --------- ------ ----- --- --- --------- --------- ------ ----- ----- ----- ----- ----- ----- ----- ---- ---------------------
NODE_129601_length_2899_cov_41.110357:727-1395     -            223 58970at7898          -            376   5.2e-39  132.2   0.0   1   1   1.8e-40     6e-39  132.0   0.0    13   208     5   203     1   219 0.89 -
NODE_13733_length_13197_cov_37.773706:761-1285     -            175 58970at7898          -            376   1.1e-33  114.8   0.4   1   1   3.5e-35   1.2e-33  114.6   0.4    15   183     1   172     1   175 0.90 -
NODE_43396_length_7704_cov_36.863905:2648-6742     -            229 58970at7898          -            376   2.1e-33  113.8   0.0   1   1   7.3e-35   2.4e-33  113.6   0.0    33   207     1   176     1   195 0.92 -
NODE_57969_length_6362_cov_36.513013:2787-3815     -            199 58970at7898          -            376   8.8e-33  111.8   0.0   1   1   2.9e-34   9.6e-33  111.6   0.0    16   215     2   194     1   199 0.89 -
NODE_2087_length_22682_cov_61.670947:14568-22227   -            257 58970at7898          -            376   1.9e-31  107.4   0.0   1   1   7.6e-33   2.5e-31  107.0   0.0     7   218     1   215     1   246 0.80 -
NODE_49459_length_7097_cov_34.072449:3133-3936     -            268 58970at7898          -            376     7e-31  105.5   0.0   1   1   2.8e-32   9.3e-31  105.1   0.0     8   198     7   204     3   218 0.87 -
NODE_10152_length_14680_cov_44.868116:10035-10559  -            175 58970at7898          -            376   1.9e-30  104.1   0.3   1   1   6.2e-32   2.1e-30  104.0   0.3    15   183     1   172     1   175 0.89 -
NODE_10152_length_14680_cov_44.868116:4120-4644    -            175 58970at7898          -            376   1.9e-30  104.1   0.3   1   1   6.2e-32   2.1e-30  104.0   0.3    15   183     1   172     1   175 0.89 -
NODE_27498_length_9841_cov_39.984500:1549-9000     -            480 58970at7898          -            376   2.5e-29  100.4   0.0   1   1   1.1e-30   3.6e-29   99.9   0.0    12   200    42   232    37   240 0.85 -
NODE_39395_length_8151_cov_30.671759:3397-3689     -             59 58970at7898          -            376   1.5e-28   97.8   2.0   1   1   4.8e-30   1.6e-28   97.7   2.0   318   376     1    59     1    59 0.99 -
NODE_1017_length_26569_cov_41.675973:379-4987      -            277 58970at7898          -            376   2.2e-27   94.0   0.0   1   1   7.3e-29   2.4e-27   93.8   0.0     9   191    13   203     7   276 0.82 -
NODE_1158_length_25862_cov_38.864146:13007-17450   -            229 58970at7898          -            376   7.1e-27   92.3   0.1   1   1   2.5e-28   8.4e-27   92.1   0.1     6   194     4   184     1   203 0.90 -
NODE_15869_length_12508_cov_40.694254:329-10513    -            130 58970at7898          -            376   5.4e-25   86.1   0.0   1   1     2e-26   6.6e-25   85.8   0.0    63   200     1   130     1   130 0.89 -
NODE_24263_length_10433_cov_35.185794:1925-9737    -            671 58970at7898          -            376   6.5e-25   85.9   0.1   1   2   0.00099     0.033   11.1   0.0    59   201   250   392   210   409 0.71 -
NODE_24263_length_10433_cov_35.185794:1925-9737    -            671 58970at7898          -            376   6.5e-25   85.9   0.1   2   2   1.9e-22   6.4e-21   72.7   0.0    11   199   460   657   451   670 0.85 -
NODE_6506_length_16817_cov_48.607549:9165-9653     -            163 58970at7898          -            376   5.4e-24   82.8   0.0   1   1   1.8e-25   6.1e-24   82.7   0.0   104   236     2   140     1   159 0.79 -
NODE_6683_length_16677_cov_47.119797:6768-10096    -            636 58970at7898          -            376   8.1e-23   78.9   0.0   1   1   4.2e-24   1.4e-22   78.2   0.0     7   200    72   277    66   284 0.82 -
NODE_59258_length_6269_cov_32.837439:1833-2327     -            165 58970at7898          -            376     2e-22   77.7   0.0   1   1   9.7e-24   3.2e-22   77.0   0.0   104   221     2   123     1   152 0.82 -
NODE_62298_length_6043_cov_32.415713:4534-5223     -            230 58970at7898          -            376   7.5e-22   75.8   0.0   1   1   2.9e-23   9.6e-22   75.4   0.0    35   208    17   196     8   206 0.84 -
NODE_91609_length_4340_cov_47.026880:861-3884      -            693 58970at7898          -            376   6.3e-21   72.7   0.4   1   1     3e-22   9.8e-21   72.1   0.4    10   155   534   684   529   691 0.87 -
NODE_6551_length_16776_cov_33.105415:7745-11102    -            207 58970at7898          -            376     1e-20   72.1   0.0   1   2   0.00091      0.03   11.3   0.0    10    70     5    66     1    73 0.87 -
NODE_6551_length_16776_cov_33.105415:7745-11102    -            207 58970at7898          -            376     1e-20   72.1   0.0   2   2   2.5e-18   8.3e-17   59.2   0.0   105   205    78   175    66   181 0.89 -
NODE_96703_length_4113_cov_37.603886:218-3329      -            255 58970at7898          -            376     1e-20   72.0   0.1   1   1   4.2e-22   1.4e-20   71.6   0.1     7   156     6   170     3   189 0.77 -
NODE_70055_length_5514_cov_44.460203:475-1481      -             87 58970at7898          -            376   1.9e-20   71.1   0.4   1   1   6.3e-22   2.1e-20   71.0   0.4    61   143     2    87     1    87 0.91 -
NODE_13444_length_13312_cov_42.251419:7147-7971    -            275 58970at7898          -            376   3.3e-20   70.3   0.0   1   1   1.2e-21     4e-20   70.1   0.0    12   263     4   264     1   272 0.77 -
NODE_75212_length_5195_cov_39.378532:2232-3228     -            179 58970at7898          -            376   3.4e-20   70.3   0.8   1   2   1.5e-19   5.1e-18   63.1   0.0    14   149     1   141     1   144 0.88 -
NODE_75212_length_5195_cov_39.378532:2232-3228     -            179 58970at7898          -            376   3.4e-20   70.3   0.8   2   2     0.026      0.85    6.5   0.1   184   210   144   170   141   176 0.87 -
NODE_15073_length_12746_cov_34.478058:5628-6106    -            132 58970at7898          -            376   4.6e-20   69.9   0.0   1   1   1.7e-21   5.6e-20   69.6   0.0   101   208     4   107     2   120 0.87 -
NODE_141362_length_2552_cov_26.229107:1440-2018    -            193 58970at7898          -            376   8.6e-20   69.0   0.0   1   1   3.2e-21   1.1e-19   68.7   0.0   102   240     4   160     1   174 0.72 -
NODE_1573_length_24199_cov_40.651286:1967-3147     -            160 58970at7898          -            376     1e-19   68.7   0.2   1   2   5.2e-09   1.7e-07   28.5   0.2    18    85     1    72     1    77 0.83 -
NODE_1573_length_24199_cov_40.651286:1967-3147     -            160 58970at7898          -            376     1e-19   68.7   0.2   2   2   1.8e-12     6e-11   39.9   0.0   105   195    73   159    69   160 0.90 -
NODE_10711_length_14402_cov_34.692372:4476-7064    -            244 58970at7898          -            376   1.2e-19   68.6   0.0   1   1   4.2e-21   1.4e-19   68.3   0.0    21   208     4   189     1   201 0.83 -
NODE_2344_length_22063_cov_45.313650:17908-18375   -            156 58970at7898          -            376   1.5e-19   68.2   0.0   1   1   5.8e-21   1.9e-19   67.8   0.0   105   209     6   107     4   118 0.91 -
NODE_19347_length_11542_cov_247.816919:1990-3654   -            150 58970at7898          -            376   1.1e-18   65.4   0.1   1   2    0.0013     0.043   10.7   0.0   107   130    20    43     2    50 0.81 -
NODE_19347_length_11542_cov_247.816919:1990-3654   -            150 58970at7898          -            376   1.1e-18   65.4   0.1   2   2   1.9e-16   6.4e-15   53.0   0.0   128   206    72   147    63   150 0.94 -
NODE_63774_length_5936_cov_45.879904:3252-5670     -            305 58970at7898          -            376   1.1e-18   65.4   0.0   1   1   4.5e-20   1.5e-18   64.9   0.0    10   196    74   260    68   271 0.84 -
NODE_236506_length_749_cov_1.407692:16-663         -            216 58970at7898          -            376   1.5e-18   64.9   0.0   1   1   5.5e-20   1.8e-18   64.6   0.0    11   205     3   204     1   210 0.85 -
NODE_97686_length_4070_cov_43.343238:1157-3112     -            192 58970at7898          -            376   2.8e-18   64.0   0.0   1   1     1e-19   3.4e-18   63.8   0.0    52   199    18   162     2   175 0.85 -
NODE_11954_length_13874_cov_41.038185:2428-8891    -            242 58970at7898          -            376   3.4e-18   63.8   0.2   1   3   3.2e-05    0.0011   16.0   0.0    12    70     5    64     1    67 0.90 -
NODE_11954_length_13874_cov_41.038185:2428-8891    -            242 58970at7898          -            376   3.4e-18   63.8   0.2   2   3   9.2e-11   3.1e-09   34.3   0.0   107   158    70   124    65   141 0.81 -
NODE_11954_length_13874_cov_41.038185:2428-8891    -            242 58970at7898          -            376   3.4e-18   63.8   0.2   3   3    0.0016     0.054   10.4   0.0   160   202   184   225   167   240 0.77 -
NODE_22909_length_10707_cov_38.274793:4504-7666    -            190 58970at7898          -            376   5.1e-18   63.1   0.2   1   1   1.9e-19   6.4e-18   62.8   0.2    35   203    14   184     9   189 0.79 -
NODE_9135_length_15185_cov_47.128994:2925-14862    -            320 58970at7898          -            376     6e-18   62.9   0.0   1   1   2.4e-19   7.9e-18   62.5   0.0    98   207    54   162    42   210 0.87 -
NODE_2759_length_21200_cov_40.228615:18551-20000   -            160 58970at7898          -            376   6.2e-18   62.9   0.3   1   1   4.1e-17   1.4e-15   55.2   0.3    79   210    30   146    11   154 0.86 -
NODE_475_length_30620_cov_48.590380:8986-9960      -            325 58970at7898          -            376   7.5e-18   62.6   0.0   1   1   2.9e-19   9.6e-18   62.3   0.0    17   228    15   223     6   275 0.78 -
NODE_25667_length_10179_cov_32.959921:342-8671     -            376 58970at7898          -            376   1.4e-17   61.8   0.0   1   1   6.3e-19   2.1e-17   61.1   0.0    79   204    28   155    18   173 0.84 -
NODE_8075_length_15790_cov_39.018227:1662-2294     -            211 58970at7898          -            376   8.3e-17   59.2   0.0   1   1   6.4e-18   2.1e-16   57.8   0.0    79   200     3   140     1   153 0.77 -
NODE_1642_length_24014_cov_33.227849:2232-12455    -            874 58970at7898          -            376   9.3e-17   59.0   0.7   1   3   6.9e-05    0.0023   14.9   0.2    33   263   395   627   368   633 0.68 -
NODE_1642_length_24014_cov_33.227849:2232-12455    -            874 58970at7898          -            376   9.3e-17   59.0   0.7   2   3   6.5e-05    0.0022   15.0   0.1    12    72   704   767   698   772 0.84 -
NODE_1642_length_24014_cov_33.227849:2232-12455    -            874 58970at7898          -            376   9.3e-17   59.0   0.7   3   3   3.6e-08   1.2e-06   25.7   0.0   114   198   774   858   769   864 0.86 -
NODE_31513_length_9195_cov_76.284301:3238-6434     -            162 58970at7898          -            376   1.3e-16   58.5   0.1   1   2    0.0037      0.12    9.2   0.0    12    69     4    65     1    67 0.80 -
NODE_31513_length_9195_cov_76.284301:3238-6434     -            162 58970at7898          -            376   1.3e-16   58.5   0.1   2   2   2.3e-15   7.5e-14   49.4   0.0   107   199    63   143    58   160 0.90 -
NODE_33109_length_8965_cov_238.108843:6430-6954    -            175 58970at7898          -            376   1.5e-16   58.3   0.5   1   1   1.7e-17   5.5e-16   56.5   0.5    13   152     6   160     2   172 0.77 -
NODE_49330_length_7111_cov_38.067884:1037-1717     -            227 58970at7898          -            376   2.7e-16   57.5   0.0   1   2   1.1e-13   3.6e-12   43.9   0.0    79   151    14    88     5    93 0.88 -
NODE_49330_length_7111_cov_38.067884:1037-1717     -            227 58970at7898          -            376   2.7e-16   57.5   0.0   2   2   0.00069     0.023   11.6   0.0   161   200   117   154   108   178 0.85 -
NODE_62746_length_6009_cov_44.559222:4803-5366     -            188 58970at7898          -            376     2e-15   54.6   0.1   1   1   1.6e-16   5.2e-15   53.2   0.1    12   152     9   161     4   173 0.77 -
NODE_24673_length_10352_cov_31.351507:2765-3344    -            162 58970at7898          -            376   3.6e-15   53.8   0.0   1   1   1.1e-16   3.6e-15   53.8   0.0    69   206    22   158     1   162 0.81 -
NODE_14958_length_12783_cov_47.549432:3465-11752   -            420 58970at7898          -            376   4.3e-15   53.5   0.0   1   1   2.2e-16   7.2e-15   52.8   0.0    11   205    71   274    62   281 0.80 -
NODE_18476_length_11768_cov_48.497386:370-7930     -            255 58970at7898          -            376   4.6e-15   53.4   0.0   1   1   1.9e-16   6.3e-15   53.0   0.0   100   203    40   138    16   150 0.86 -
NODE_42892_length_7758_cov_31.044131:2515-6878     -            113 58970at7898          -            376   7.1e-15   52.8   1.1   1   2   2.1e-09   6.9e-08   29.8   0.1    13    68     5    60     1    73 0.87 -
NODE_42892_length_7758_cov_31.044131:2515-6878     -            113 58970at7898          -            376   7.1e-15   52.8   1.1   2   2   2.6e-07   8.8e-06   22.9   0.1   106   149    72   113    63   113 0.90 -
NODE_61539_length_6097_cov_31.551684:1588-5447     -            230 58970at7898          -            376   7.3e-15   52.8   0.0   1   1   2.6e-16   8.8e-15   52.5   0.0    35   205     1   176     1   184 0.85 -
NODE_9976_length_14765_cov_255.967680:3553-8696    -            183 58970at7898          -            376   8.9e-15   52.5   0.0   1   1   3.4e-16   1.1e-14   52.1   0.0    88   194    18   122     5   140 0.83 -
NODE_114416_length_3410_cov_35.278466:703-1701     -            333 58970at7898          -            376   1.1e-14   52.2   0.1   1   1   4.6e-16   1.5e-14   51.7   0.1     9   202    23   220    17   235 0.76 -
NODE_78373_length_5019_cov_30.031504:3539-3784     -             82 58970at7898          -            376   1.2e-14   52.1   0.1   1   1   3.8e-16   1.3e-14   52.0   0.1    76   147    12    82     2    82 0.91 -
NODE_72_length_43873_cov_41.135012:19827-25291     -            167 58970at7898          -            376   3.7e-14   50.5   0.3   1   2     0.013      0.42    7.5   0.0     9    70     2    69     1    72 0.67 -
NODE_72_length_43873_cov_41.135012:19827-25291     -            167 58970at7898          -            376   3.7e-14   50.5   0.3   2   2   3.1e-13     1e-11   42.4   0.2   107   200    66   146    61   163 0.89 -
NODE_298040_length_428_cov_0.620061:11-400         -            130 58970at7898          -            376   5.5e-14   49.9   0.0   1   1   1.9e-15   6.3e-14   49.7   0.0    65   174    12   122     2   127 0.86 -
NODE_222940_length_919_cov_1.091463:227-784        -            186 58970at7898          -            376   6.5e-14   49.7   0.0   1   1   2.3e-15   7.5e-14   49.4   0.0    58   206     4   152     1   163 0.86 -
NODE_26196_length_10080_cov_40.282437:684-3161     -            418 58970at7898          -            376   8.4e-14   49.3   0.4   1   2   3.1e-10     1e-08   32.5   0.1    71   150    38   117    15   123 0.81 -
NODE_26196_length_10080_cov_40.282437:684-3161     -            418 58970at7898          -            376   8.4e-14   49.3   0.4   2   2   7.1e-05    0.0024   14.9   0.0   157   209   241   293   230   305 0.89 -
NODE_119993_length_3216_cov_38.258261:683-1519     -            279 58970at7898          -            376   1.1e-13   48.9   0.0   1   1   5.1e-15   1.7e-13   48.3   0.0    14   200    11   220     5   260 0.75 -
NODE_7643_length_16050_cov_35.501724:3023-10866    -            252 58970at7898          -            376   1.1e-13   48.9   0.0   1   1   4.4e-15   1.5e-13   48.5   0.0     7   199     7   193     4   205 0.78 -
NODE_93_length_41441_cov_35.373083:630-9308        -            234 58970at7898          -            376   1.1e-13   48.9   0.4   1   1   3.5e-14   1.2e-12   45.5   0.4    21   231     4   196     1   215 0.83 -
NODE_61354_length_6111_cov_23.536427:3440-3697     -             86 58970at7898          -            376   1.2e-13   48.7   0.1   1   1   3.8e-15   1.3e-13   48.7   0.1    86   147    24    86     3    86 0.88 -
NODE_55401_length_6579_cov_83.269290:933-1385      -            151 58970at7898          -            376   2.1e-13   48.0   0.0   1   1   6.6e-15   2.2e-13   47.9   0.0   115   207    57   147     5   150 0.88 -
NODE_17968_length_11904_cov_43.740025:577-11735    -            289 58970at7898          -            376   2.6e-13   47.7   0.0   1   1   1.3e-14   4.4e-13   46.9   0.0    11   200   104   282    98   289 0.80 -
NODE_4982_length_18151_cov_33.907323:6008-12941    -            214 58970at7898          -            376   3.5e-13   47.2   0.2   1   1   1.3e-14   4.4e-13   46.9   0.2     9   199    18   204    11   210 0.80 -
NODE_3484_length_20032_cov_44.094767:235-4552      -            337 58970at7898          -            376   4.6e-13   46.8   0.1   1   1   1.9e-14   6.4e-13   46.4   0.1     9   204    82   284    76   297 0.76 -
NODE_6640_length_16702_cov_33.445944:2509-7626     -            311 58970at7898          -            376   1.1e-12   45.6   0.0   1   1   4.6e-14   1.5e-12   45.1   0.0    11   207    67   263    61   272 0.81 -
NODE_7855_length_15926_cov_43.097934:9242-10342    -            367 58970at7898          -            376   1.3e-12   45.4   0.0   1   1   5.4e-14   1.8e-12   44.9   0.0     9   201    23   219    18   232 0.74 -
NODE_2887_length_21008_cov_67.764742:2004-13081    -            550 58970at7898          -            376   2.4e-12   44.5   0.0   1   1   1.3e-13   4.3e-12   43.7   0.0    51   194     4   146     2   156 0.82 -
NODE_86410_length_4593_cov_31.857588:2445-3413     -            323 58970at7898          -            376   2.5e-12   44.5   0.0   1   1     2e-13   6.6e-12   43.0   0.0    75   206   128   257    42   264 0.78 -
NODE_177738_length_1685_cov_73.089533:1294-1551    -             86 58970at7898          -            376   2.8e-12   44.3   0.1   1   1   8.7e-14   2.9e-12   44.2   0.1    87   147    25    86     4    86 0.89 -
NODE_105286_length_3755_cov_40.069748:1224-3628    -            359 58970at7898          -            376   3.9e-12   43.8   0.0   1   1   1.6e-13   5.2e-12   43.4   0.0    16   192   112   299   100   326 0.70 -
NODE_23227_length_10642_cov_37.390970:1554-7855    -            239 58970at7898          -            376   4.1e-12   43.7   0.0   1   1   1.6e-13   5.4e-12   43.3   0.0    14   205     8   189     4   205 0.84 -
NODE_12496_length_13664_cov_106.615260:3911-11188  -            330 58970at7898          -            376   5.9e-12   43.2   0.0   1   1   1.2e-11     4e-10   37.2   0.0    11   204   151   327   144   329 0.77 -
NODE_18645_length_11726_cov_70.924830:7547-9339    -            228 58970at7898          -            376     8e-12   42.8   0.0   1   1   5.6e-12   1.8e-10   38.3   0.0    27   208    13   174     1   190 0.70 -
NODE_6243_length_17036_cov_41.968530:3653-4186     -            178 58970at7898          -            376   9.1e-12   42.6   0.0   1   1   3.2e-13   1.1e-11   42.3   0.0    10   151     2   154     1   165 0.78 -
NODE_37684_length_8357_cov_35.881933:3654-6790     -            183 58970at7898          -            376   9.7e-12   42.5   1.8   1   2   7.1e-11   2.4e-09   34.6   0.4    67   151    59   148     7   148 0.68 -
NODE_37684_length_8357_cov_35.881933:3654-6790     -            183 58970at7898          -            376   9.7e-12   42.5   1.8   2   2     0.001     0.033   11.1   0.1   168   205   145   181   145   182 0.92 -
NODE_10747_length_14383_cov_33.780874:3123-7355    -            401 58970at7898          -            376     1e-11   42.4   0.1   1   1   8.2e-13   2.7e-11   41.0   0.1    10   197   157   345   152   368 0.76 -
NODE_24638_length_10361_cov_43.163126:6939-7397    -            153 58970at7898          -            376   1.5e-11   41.8   0.0   1   1   5.1e-13   1.7e-11   41.7   0.0     9   148     2   152     1   153 0.76 -
NODE_93190_length_4267_cov_31.683301:1382-3938     -            114 58970at7898          -            376   1.7e-11   41.7   0.1   1   1   7.3e-13   2.4e-11   41.2   0.1    54   153     9   104     3   111 0.80 -
NODE_19508_length_11502_cov_38.213365:8031-8555    -            175 58970at7898          -            376   1.8e-11   41.6   0.0   1   1   6.4e-13   2.1e-11   41.4   0.0     7   151     4   159     1   169 0.77 -
NODE_38915_length_8208_cov_52.333457:2344-7077     -            431 58970at7898          -            376   1.8e-11   41.6   0.1   1   2   2.9e-12   9.5e-11   39.2   0.0   102   177    20   100     8   131 0.82 -
NODE_38915_length_8208_cov_52.333457:2344-7077     -            431 58970at7898          -            376   1.8e-11   41.6   0.1   2   2       3.7   1.2e+02   -0.6   0.0   184   201   139   156   132   168 0.86 -
NODE_23274_length_10631_cov_38.938853:6238-7167    -            202 58970at7898          -            376   2.4e-11   41.2   0.0   1   1   1.1e-11   3.6e-10   37.3   0.0     7   201     4   186     1   199 0.78 -
NODE_1011_length_26610_cov_44.706122:2357-24924    -            452 58970at7898          -            376     3e-11   40.9   0.3   1   2   2.6e-12   8.5e-11   39.4   0.1    30   138     2   122     1   158 0.82 -
NODE_1011_length_26610_cov_44.706122:2357-24924    -            452 58970at7898          -            376     3e-11   40.9   0.3   2   2       6.5   2.2e+02   -1.4   0.0   170   217   122   168   120   173 0.82 -
NODE_30526_length_9345_cov_37.724421:3075-6220     -            212 58970at7898          -            376   5.6e-11   40.0   0.3   1   1   1.2e-11   4.1e-10   37.1   0.3     5   189    36   212    33   212 0.81 -
NODE_375_length_32175_cov_34.975433:23213-24409    -            248 58970at7898          -            376   6.2e-11   39.8   0.0   1   2   0.00044     0.014   12.3   0.0    35    92     1    61     1    72 0.86 -
NODE_375_length_32175_cov_34.975433:23213-24409    -            248 58970at7898          -            376   6.2e-11   39.8   0.0   2   2   3.5e-08   1.2e-06   25.8   0.0   108   200   102   193    91   227 0.90 -
NODE_113817_length_3431_cov_35.704682:1036-1908    -            291 58970at7898          -            376   8.3e-11   39.4   0.0   1   1   4.5e-12   1.5e-10   38.6   0.0    31   226    37   250    12   262 0.74 -
NODE_17631_length_12001_cov_38.171568:8479-8769    -             97 58970at7898          -            376   1.6e-10   38.5   0.3   1   1   5.9e-12     2e-10   38.2   0.3    78   156    12    93     6    96 0.85 -
NODE_55948_length_6532_cov_28.403078:757-2853      -            269 58970at7898          -            376     2e-10   38.1   0.1   1   2   3.1e-08     1e-06   26.0   0.1    13   129    13   129     5   146 0.82 -
NODE_55948_length_6532_cov_28.403078:757-2853      -            269 58970at7898          -            376     2e-10   38.1   0.1   2   2    0.0018      0.06   10.3   0.0   132   210   160   236   150   245 0.78 -
NODE_428214_length_257_cov_0.645570:2-256          -             85 58970at7898          -            376   2.4e-10   37.9   0.0   1   1   7.5e-12   2.5e-10   37.8   0.0    71   149     5    85     1    85 0.91 -
NODE_16672_length_12265_cov_153.659132:10706-11218 -            121 58970at7898          -            376   3.6e-10   37.3   0.2   1   1   6.5e-10   2.2e-08   31.5   0.2    90   150    56   118     1   120 0.73 -
NODE_1438_length_24720_cov_53.487348:20144-24290   -            171 58970at7898          -            376   3.8e-10   37.2   0.5   1   2       3.1     1e+02   -0.4   0.0    13    45     5    35     3    45 0.79 -
NODE_1438_length_24720_cov_53.487348:20144-24290   -            171 58970at7898          -            376   3.8e-10   37.2   0.5   2   2   3.6e-11   1.2e-09   35.6   0.1    57   147    77   171    57   171 0.82 -
NODE_1438_length_24720_cov_53.487348:429-4575      -            171 58970at7898          -            376   3.8e-10   37.2   0.5   1   2       3.1     1e+02   -0.4   0.0    13    45     5    35     3    45 0.79 -
NODE_1438_length_24720_cov_53.487348:429-4575      -            171 58970at7898          -            376   3.8e-10   37.2   0.5   2   2   3.6e-11   1.2e-09   35.6   0.1    57   147    77   171    57   171 0.82 -
NODE_16161_length_12420_cov_42.429186:357-3367     -            313 58970at7898          -            376   1.2e-09   35.6   0.9   1   1   1.1e-09   3.7e-08   30.7   0.9    54   200   127   256   114   272 0.71 -
NODE_16161_length_12420_cov_42.429186:9052-12062   -            313 58970at7898          -            376   1.2e-09   35.6   0.9   1   1   1.1e-09   3.7e-08   30.7   0.9    54   200   127   256   114   272 0.71 -
NODE_2288_length_22176_cov_45.173393:704-2362      -            232 58970at7898          -            376   1.4e-09   35.4   0.3   1   1   1.2e-09   3.9e-08   30.6   0.3    19   235     3   202     1   220 0.79 -
NODE_4273_length_18905_cov_49.228438:1170-1496     -            109 58970at7898          -            376   1.4e-09   35.3   0.0   1   1   4.5e-11   1.5e-09   35.3   0.0    90   147    51   109    17   109 0.81 -
NODE_17330_length_12085_cov_30.047639:5565-11029   -            235 58970at7898          -            376   1.9e-09   34.9   0.6   1   1   1.4e-09   4.7e-08   30.4   0.6    24   237    10   202     1   215 0.79 -
NODE_27164_length_9899_cov_33.445102:424-864       -            147 58970at7898          -            376   2.6e-08   31.2   0.0   1   1   9.1e-10     3e-08   31.0   0.0    62   158     9   112     2   147 0.79 -
NODE_26191_length_10081_cov_39.746343:7161-7424    -             88 58970at7898          -            376   2.9e-08   31.0   0.0   1   1   8.8e-10   2.9e-08   31.0   0.0    99   147    39    88     1    88 0.83 -
NODE_36380_length_8525_cov_36.032637:468-4850      -            255 58970at7898          -            376   4.9e-08   30.3   0.1   1   1   2.7e-09   8.9e-08   29.5   0.1    10   198    11   194     4   213 0.79 -
NODE_24603_length_10367_cov_61.084437:6763-10341   -            312 58970at7898          -            376   5.2e-08   30.2   0.0   1   1   1.9e-09   6.4e-08   29.9   0.0   142   255     3   117     1   156 0.75 -
NODE_23427_length_10600_cov_39.744024:3059-3616    -            186 58970at7898          -            376   8.8e-08   29.5   0.0   1   1   4.3e-09   1.4e-07   28.8   0.0    78   134   130   185   122   186 0.86 -
NODE_26744_length_9980_cov_91.733225:2625-3041     -            139 58970at7898          -            376   1.1e-07   29.1   0.0   1   1   4.3e-09   1.4e-07   28.8   0.0    99   153    54   109    40   113 0.91 -
NODE_23148_length_10659_cov_39.140814:5413-9548    -            544 58970at7898          -            376   1.2e-07   29.1   0.0   1   1   5.3e-09   1.8e-07   28.5   0.0    98   206   378   480   366   489 0.88 -
NODE_36459_length_8516_cov_33.390876:1446-6207     -            362 58970at7898          -            376   1.3e-07   28.9   0.0   1   1   5.9e-09     2e-07   28.3   0.0   184   257     9    87     2   103 0.68 -
NODE_63973_length_5920_cov_160.208040:485-937      -            151 58970at7898          -            376   2.3e-07   28.1   0.0   1   1   7.5e-09   2.5e-07   28.0   0.0    16   149     3   151     1   151 0.75 -
NODE_6107_length_17144_cov_36.191786:11537-12319   -            261 58970at7898          -            376   3.1e-07   27.7   0.0   1   1   1.2e-08     4e-07   27.3   0.0    14   132   137   261   130   261 0.80 -
NODE_6244_length_17035_cov_42.084258:4512-11598    -            178 58970at7898          -            376   5.9e-07   26.7   0.1   1   1   2.8e-07   9.3e-06   22.8   0.1    62   203     6   138     2   157 0.82 -
NODE_137942_length_2649_cov_17.289804:1508-1792    -             95 58970at7898          -            376   9.4e-07   26.1   0.0   1   1   3.1e-08     1e-06   26.0   0.0    98   157    25    88     6    93 0.80 -
NODE_159368_length_2091_cov_34.739960:627-893      -             89 58970at7898          -            376     1e-06   26.0   0.0   1   1     3e-08     1e-06   26.0   0.0    87   147    27    89     3    89 0.80 -
NODE_220205_length_955_cov_0.804907:0-458          -            153 58970at7898          -            376   1.1e-06   25.8   0.0   1   1   3.9e-08   1.3e-06   25.6   0.0   112   206    51   147    41   153 0.88 -
NODE_245932_length_656_cov_0.824057:130-621        -            164 58970at7898          -            376   1.6e-06   25.3   0.0   1   1   5.9e-08     2e-06   25.0   0.0    95   196    36   137    17   149 0.77 -
NODE_68146_length_5638_cov_91.665644:4803-5060     -             86 58970at7898          -            376   2.8e-06   24.5   0.0   1   1   9.1e-08     3e-06   24.4   0.0   102   147    40    86    26    86 0.86 -
NODE_38115_length_8303_cov_101.589347:7187-7513    -            109 58970at7898          -            376     3e-06   24.4   0.0   1   1     9e-08     3e-06   24.4   0.0   100   147    61   109    21   109 0.83 -
NODE_29746_length_9465_cov_43.651612:2646-2978     -            111 58970at7898          -            376   3.4e-06   24.2   0.0   1   1     1e-07   3.4e-06   24.2   0.0    99   147    62   111     3   111 0.88 -
NODE_4555_length_18564_cov_28.864934:11934-16069   -            241 58970at7898          -            376   3.5e-06   24.2   0.0   1   1   1.2e-07   3.9e-06   24.0   0.0   112   210   100   192    19   220 0.85 -
NODE_85772_length_4626_cov_29.276342:2289-2555     -             89 58970at7898          -            376   4.6e-06   23.8   0.0   1   1   1.4e-07   4.8e-06   23.8   0.0   110   153    30    73    18    88 0.87 -
NODE_4914_length_18209_cov_34.080232:16264-16566   -            101 58970at7898          -            376   5.5e-06   23.6   0.0   1   1   1.8e-07   5.9e-06   23.4   0.0    87   147    40   101    11   101 0.80 -
NODE_879_length_27322_cov_37.278772:1529-16152     -            612 58970at7898          -            376   7.4e-06   23.1   0.0   1   2       7.9   2.6e+02   -1.7   0.0    61    92   319   348   289   357 0.71 -
NODE_879_length_27322_cov_37.278772:1529-16152     -            612 58970at7898          -            376   7.4e-06   23.1   0.0   2   2     7e-07   2.3e-05   21.5   0.0   124   199   416   490   380   501 0.88 -
NODE_175390_length_1732_cov_26.319045:1384-1659    -             92 58970at7898          -            376   8.7e-06   22.9   0.0   1   1   2.9e-07   9.8e-06   22.7   0.0   114   157    40    83    27    91 0.83 -
NODE_1623_length_24054_cov_39.286370:4203-22307    -            208 58970at7898          -            376   1.3e-05   22.3   0.0   1   2     0.049       1.6    5.5   0.0     9    68    25    84    20    99 0.81 -
NODE_1623_length_24054_cov_39.286370:4203-22307    -            208 58970at7898          -            376   1.3e-05   22.3   0.0   2   2    0.0001    0.0034   14.4   0.0   139   202   143   201   138   205 0.87 -
NODE_12794_length_13548_cov_39.191538:5459-6020    -            138 58970at7898          -            376   1.5e-05   22.1   0.1   1   1   2.2e-06   7.5e-05   19.8   0.1    79   195     7   122     2   129 0.73 -
NODE_20581_length_11235_cov_41.957435:1316-10021   -            228 58970at7898          -            376   1.6e-05   22.0   0.0   1   1   5.9e-07     2e-05   21.7   0.0    11   132   101   228    92   228 0.74 -
NODE_74934_length_5212_cov_42.257579:284-1809      -            381 58970at7898          -            376     2e-05   21.7   0.3   1   1   7.9e-07   2.6e-05   21.3   0.3    14    93   296   377   289   380 0.88 -
NODE_208408_length_1129_cov_31.634951:694-1014     -            107 58970at7898          -            376   2.4e-05   21.5   0.0   1   1   7.5e-07   2.5e-05   21.4   0.0    72   148    25   106    10   107 0.70 -
NODE_4867_length_18254_cov_31.328505:9696-17441    -            486 58970at7898          -            376   2.4e-05   21.5   0.3   1   1     1e-06   3.4e-05   21.0   0.3    13    93   400   482   394   485 0.87 -
NODE_86901_length_4568_cov_27.437234:1152-1481     -            110 58970at7898          -            376   2.9e-05   21.2   0.0   1   1   9.7e-07   3.2e-05   21.0   0.0    99   147    61   110    48   110 0.87 -
NODE_20680_length_11212_cov_40.763700:1262-7191    -            251 58970at7898          -            376   5.3e-05   20.3   0.0   1   1   2.2e-06   7.2e-05   19.9   0.0   125   172    77   121    44   134 0.75 -
NODE_143646_length_2491_cov_20.371237:1968-2207    -             80 58970at7898          -            376   6.4e-05   20.0   0.0   1   1   2.1e-06   6.9e-05   19.9   0.0   111   152    27    68    17    79 0.90 -
NODE_14733_length_12855_cov_33.107165:2543-2833    -             97 58970at7898          -            376   6.9e-05   19.9   0.0   1   1   2.3e-06   7.7e-05   19.8   0.0    78   152     4    85     1    94 0.79 -
NODE_25163_length_10266_cov_35.585227:1379-9469    -            486 58970at7898          -            376   7.8e-05   19.8   0.0   1   2   7.3e-06   0.00024   18.1   0.0    11    90   137   224   131   236 0.79 -
NODE_25163_length_10266_cov_35.585227:1379-9469    -            486 58970at7898          -            376   7.8e-05   19.8   0.0   2   2       8.4   2.8e+02   -1.8   0.0   170   198   289   316   257   324 0.77 -
NODE_92342_length_4307_cov_40.393298:2371-2580     -             70 58970at7898          -            376   8.5e-05   19.6   0.0   1   1   2.7e-06   9.1e-05   19.5   0.0     6    68     7    70     3    70 0.85 -
NODE_25465_length_10213_cov_42.535990:19-5028      -            545 58970at7898          -            376   8.6e-05   19.6   0.0   1   1     5e-06   0.00017   18.7   0.0    83   198   277   397   270   412 0.72 -
NODE_1290_length_25305_cov_43.640482:1536-23652    -            736 58970at7898          -            376   9.4e-05   19.5   0.0   1   2   1.1e-05   0.00037   17.6   0.0   114   154   403   443   349   455 0.88 -
NODE_1290_length_25305_cov_43.640482:1536-23652    -            736 58970at7898          -            376   9.4e-05   19.5   0.0   2   2         9     3e+02   -1.9   0.0   170   198   509   536   503   544 0.77 -
NODE_5614_length_17573_cov_35.594655:378-9686      -            279 58970at7898          -            376   0.00031   17.8   0.0   1   1   1.1e-05   0.00038   17.5   0.0    99   208    99   214    49   250 0.69 -
NODE_62389_length_6036_cov_31.471113:4549-4890     -            114 58970at7898          -            376   0.00067   16.7   0.0   1   1   2.2e-05   0.00074   16.6   0.0    79   143    40   107    17   110 0.80 -
NODE_4_length_242253_cov_5.074378:93398-93901      -            168 58970at7898          -            376    0.0028   14.7   0.0   1   1   9.1e-05     0.003   14.5   0.0   120   184    90   152    42   165 0.76 -
NODE_4630_length_18489_cov_45.591898:11500-16334   -            125 58970at7898          -            376      0.01   12.8   0.0   1   1   0.00048     0.016   12.2   0.0   104   144    83   125    36   125 0.77 -
NODE_9983_length_14762_cov_37.571779:2029-2220     -             64 58970at7898          -            376     0.012   12.6   0.0   1   1   0.00036     0.012   12.6   0.0    12    68     4    64     1    64 0.81 -
NODE_87231_length_4552_cov_28.751404:2667-2876     -             70 58970at7898          -            376     0.012   12.6   0.1   1   1   0.00041     0.014   12.4   0.1    11    71     6    65     2    69 0.89 -
NODE_149328_length_2341_cov_33.257806:1713-1910    -             66 58970at7898          -            376     0.018   12.0   0.0   1   1   0.00055     0.018   12.0   0.0     9    51     2    43     1    65 0.69 -
NODE_86094_length_4608_cov_95.001774:4334-4594     -             87 58970at7898          -            376     0.022   11.7   0.0   1   1   0.00065     0.022   11.7   0.0    81   134    33    87     2    87 0.72 -
NODE_27795_length_9790_cov_35.242596:2671-7502     -            262 58970at7898          -            376     0.025   11.5   0.0   1   1     0.001     0.033   11.1   0.0    10    84   186   259   180   262 0.80 -
NODE_152998_length_2247_cov_32.917132:362-1738     -            459 58970at7898          -            376     0.025   11.5   0.0   1   1    0.0011     0.038   10.9   0.0    98   137   418   457   393   459 0.84 -
#
# Program:         hmmsearch
# Version:         3.1b2 (February 2015)
# Pipeline mode:   SEARCH
# Query file:      /home/e1garcia/shotgun_PIRE/abyss/busco_downloads/lineages/actinopterygii_odb10/hmms/58970at7898.hmm
# Target file:     /home/e1garcia/shotgun_PIRE/pire_ssl_data_processing/plotosus_lineatus/busco_contigs_results-SPAdes_contam_R1R2_noIsolate/run_actinopterygii_odb10/metaeuk_output/rerun_results/contigs.modified.fasta.modified.fas
# Option settings: hmmsearch --domtblout /home/e1garcia/shotgun_PIRE/pire_ssl_data_processing/plotosus_lineatus/busco_contigs_results-SPAdes_contam_R1R2_noIsolate/run_actinopterygii_odb10/hmmer_output/rerun_results/58970at7898.out --cpu 1 /home/e1garcia/shotgun_PIRE/abyss/busco_downloads/lineages/actinopterygii_odb10/hmms/58970at7898.hmm /home/e1garcia/shotgun_PIRE/pire_ssl_data_processing/plotosus_lineatus/busco_contigs_results-SPAdes_contam_R1R2_noIsolate/run_actinopterygii_odb10/metaeuk_output/rerun_results/contigs.modified.fasta.modified.fas 
# Current dir:     /home/e1garcia/shotgun_PIRE/pire_ssl_data_processing/plotosus_lineatus
# Date:            Fri Aug 20 14:37:38 2021
# [ok]
