#                                                                                                        --- full sequence --- -------------- this domain -------------   hmm coord   ali coord   env coord
# target name                                    accession   tlen query name           accession   qlen   E-value  score  bias   #  of  c-Evalue  i-Evalue  score  bias  from    to  from    to  from    to  acc description of target
#                            ------------------- ---------- ----- -------------------- ---------- ----- --------- ------ ----- --- --- --------- --------- ------ ----- ----- ----- ----- ----- ----- ----- ---- ---------------------
NODE_47730_length_7267_cov_39.386858:3957-5191   -            341 68691at7898          -            353   3.7e-21   73.5   0.9   1   3   5.4e-09   1.1e-06   25.9   0.1   219   339    91   211    39   216 0.88 -
NODE_47730_length_7267_cov_39.386858:3957-5191   -            341 68691at7898          -            353   3.7e-21   73.5   0.9   2   3   3.7e-09   7.8e-07   26.4   0.0   219   260   217   258   212   262 0.89 -
NODE_47730_length_7267_cov_39.386858:3957-5191   -            341 68691at7898          -            353   3.7e-21   73.5   0.9   3   3   1.3e-07   2.7e-05   21.3   0.1   157   204   254   300   254   341 0.82 -
NODE_10542_length_14472_cov_27.836012:4571-14392 -            444 68691at7898          -            353   1.4e-15   55.2   7.9   1   3       2.1   4.5e+02   -2.4   0.0    42    66    20    43     9    50 0.50 -
NODE_10542_length_14472_cov_27.836012:4571-14392 -            444 68691at7898          -            353   1.4e-15   55.2   7.9   2   3   2.5e-11   5.3e-09   33.5   0.7    46   202    67   227    61   308 0.78 -
NODE_10542_length_14472_cov_27.836012:4571-14392 -            444 68691at7898          -            353   1.4e-15   55.2   7.9   3   3   1.2e-08   2.5e-06   24.7   0.4   244   344   335   438   327   441 0.81 -
NODE_2512_length_21672_cov_37.948361:4456-5247   -            264 68691at7898          -            353   1.5e-13   48.5   3.8   1   6   6.4e-05     0.013   12.5   0.0   298   339    14    55     9    59 0.82 -
NODE_2512_length_21672_cov_37.948361:4456-5247   -            264 68691at7898          -            353   1.5e-13   48.5   3.8   2   6    0.0007      0.15    9.1   0.0   186   211    42    69    40    77 0.79 -
NODE_2512_length_21672_cov_37.948361:4456-5247   -            264 68691at7898          -            353   1.5e-13   48.5   3.8   3   6     0.012       2.5    5.0   0.0   103   122    80   100    68   105 0.72 -
NODE_2512_length_21672_cov_37.948361:4456-5247   -            264 68691at7898          -            353   1.5e-13   48.5   3.8   4   6   6.9e-08   1.4e-05   22.2   0.1   151   219    92   159    85   168 0.82 -
NODE_2512_length_21672_cov_37.948361:4456-5247   -            264 68691at7898          -            353   1.5e-13   48.5   3.8   5   6    0.0031      0.66    6.9   0.1   153   203   178   227   168   238 0.82 -
NODE_2512_length_21672_cov_37.948361:4456-5247   -            264 68691at7898          -            353   1.5e-13   48.5   3.8   6   6      0.45        94   -0.2   0.0   306   339   231   264   227   264 0.57 -
NODE_46031_length_7435_cov_42.310115:1602-6761   -            299 68691at7898          -            353     4e-12   43.8   3.8   1   4   2.1e-05    0.0044   14.1   0.1   150   200    25    74     8    85 0.85 -
NODE_46031_length_7435_cov_42.310115:1602-6761   -            299 68691at7898          -            353     4e-12   43.8   3.8   2   4     0.051        11    2.9   0.0   166   201    84   123    77   126 0.70 -
NODE_46031_length_7435_cov_42.310115:1602-6761   -            299 68691at7898          -            353     4e-12   43.8   3.8   3   4   4.2e-05    0.0088   13.1   0.2    56   201   106   164   100   177 0.53 -
NODE_46031_length_7435_cov_42.310115:1602-6761   -            299 68691at7898          -            353     4e-12   43.8   3.8   4   4   1.2e-05    0.0026   14.8   0.0    90   125   261   295   232   298 0.77 -
NODE_126257_length_3006_cov_44.421741:1018-1758  -            247 68691at7898          -            353   5.7e-12   43.3   1.6   1   2   0.00018     0.038   11.0   0.1   168   202    21    55     6    60 0.90 -
NODE_126257_length_3006_cov_44.421741:1018-1758  -            247 68691at7898          -            353   5.7e-12   43.3   1.6   2   2   9.1e-11   1.9e-08   31.7   0.1    84   201    62   183    55   195 0.78 -
NODE_12925_length_13501_cov_43.049918:2529-11436 -            609 68691at7898          -            353   2.9e-11   41.0   2.1   1   4     6e-11   1.2e-08   32.3   0.1   160   341   153   339    96   349 0.80 -
NODE_12925_length_13501_cov_43.049918:2529-11436 -            609 68691at7898          -            353   2.9e-11   41.0   2.1   2   4      0.39        81    0.0   0.0    34    74   381   423   361   441 0.58 -
NODE_12925_length_13501_cov_43.049918:2529-11436 -            609 68691at7898          -            353   2.9e-11   41.0   2.1   3   4       7.5   1.6e+03   -4.2   0.0   167   189   470   492   466   497 0.80 -
NODE_12925_length_13501_cov_43.049918:2529-11436 -            609 68691at7898          -            353   2.9e-11   41.0   2.1   4   4    0.0074       1.5    5.7   0.0   310   340   576   607   572   609 0.83 -
NODE_13968_length_13110_cov_36.445008:5141-12494 -            269 68691at7898          -            353   7.9e-11   39.5   5.7   1   3     2e-05    0.0041   14.1   0.0   225   260     5    40     2    46 0.72 -
NODE_13968_length_13110_cov_36.445008:5141-12494 -            269 68691at7898          -            353   7.9e-11   39.5   5.7   2   3       0.3        62    0.4   0.0   167   201    48    81    41    88 0.80 -
NODE_13968_length_13110_cov_36.445008:5141-12494 -            269 68691at7898          -            353   7.9e-11   39.5   5.7   3   3     3e-08   6.2e-06   23.4   2.6   164   339    91   266    83   269 0.78 -
NODE_19980_length_11385_cov_39.892876:8538-9649  -            297 68691at7898          -            353   2.8e-10   37.7   0.1   1   2   3.3e-07   6.8e-05   20.0   0.0   167   204    14    51     5    83 0.86 -
NODE_19980_length_11385_cov_39.892876:8538-9649  -            297 68691at7898          -            353   2.8e-10   37.7   0.1   2   2   3.8e-05    0.0078   13.2   0.1   168   339   115   289    97   295 0.64 -
NODE_12025_length_13842_cov_41.787455:739-8444   -            354 68691at7898          -            353     2e-07   28.3   0.6   1   2    0.0049         1    6.3   0.0   162   203    34    76    22    81 0.84 -
NODE_12025_length_13842_cov_41.787455:739-8444   -            354 68691at7898          -            353     2e-07   28.3   0.6   2   2   2.7e-07   5.7e-05   20.3   0.2   166   205    83   122    77   141 0.90 -
NODE_117252_length_3312_cov_16.148148:973-3235   -            213 68691at7898          -            353   3.8e-07   27.4   1.8   1   1   4.9e-09     1e-06   26.0   1.8    82   209    37   178     4   196 0.70 -
NODE_288559_length_453_cov_0.864407:57-272       -             72 68691at7898          -            353   5.5e-07   26.9   0.3   1   1   1.1e-08   2.3e-06   24.8   0.3   152   201    21    70     5    72 0.89 -
NODE_4430_length_18712_cov_35.507656:4645-7222   -            293 68691at7898          -            353   6.5e-07   26.7   6.5   1   2   1.7e-07   3.6e-05   20.9   1.3   152   270    32   153    19   155 0.79 -
NODE_4430_length_18712_cov_35.507656:4645-7222   -            293 68691at7898          -            353   6.5e-07   26.7   6.5   2   2      0.02       4.1    4.3   0.2   226   263   190   226   183   251 0.81 -
NODE_75620_length_5172_cov_77.311256:1087-3494   -            222 68691at7898          -            353   9.1e-07   26.2   0.4   1   3      0.03       6.3    3.7   0.0   297   339    39    80     6    87 0.54 -
NODE_75620_length_5172_cov_77.311256:1087-3494   -            222 68691at7898          -            353   9.1e-07   26.2   0.4   2   3   1.3e-06   0.00027   18.1   0.0   225   290    92   154    83   163 0.78 -
NODE_75620_length_5172_cov_77.311256:1087-3494   -            222 68691at7898          -            353   9.1e-07   26.2   0.4   3   3      0.26        54    0.6   0.0   138   167   181   209   174   220 0.62 -
NODE_25928_length_10129_cov_31.655533:803-8016   -            294 68691at7898          -            353   1.1e-06   25.9   3.9   1   3    0.0025      0.53    7.2   0.0   174   204    11    41     5    75 0.74 -
NODE_25928_length_10129_cov_31.655533:803-8016   -            294 68691at7898          -            353   1.1e-06   25.9   3.9   2   3    0.0014       0.3    8.0   0.5   104   202   145   253   131   259 0.55 -
NODE_25928_length_10129_cov_31.655533:803-8016   -            294 68691at7898          -            353   1.1e-06   25.9   3.9   3   3   0.00041     0.086    9.8   0.4    57   120   236   294   229   294 0.78 -
NODE_22434_length_10811_cov_30.112397:3236-8939  -            146 68691at7898          -            353   6.5e-06   23.4   0.1   1   1   3.6e-08   7.6e-06   23.1   0.1   146   209     5    79     2   136 0.66 -
NODE_58302_length_6337_cov_40.857326:1398-5896   -            295 68691at7898          -            353   7.1e-06   23.2   0.3   1   2   1.8e-07   3.9e-05   20.8   0.0    42   204    17   181     9   191 0.74 -
NODE_58302_length_6337_cov_40.857326:1398-5896   -            295 68691at7898          -            353   7.1e-06   23.2   0.3   2   2      0.42        88   -0.1   0.0    56   118   200   257   181   267 0.52 -
NODE_84152_length_4707_cov_28.536241:897-1097    -             67 68691at7898          -            353     1e-05   22.7   0.1   1   1   7.2e-08   1.5e-05   22.2   0.1   150   203     7    57     1    66 0.79 -
NODE_21809_length_10951_cov_31.888500:403-8954   -            189 68691at7898          -            353   2.4e-05   21.5   1.3   1   2     7e-05     0.015   12.3   0.4   107   202    32   133    27   146 0.61 -
NODE_21809_length_10951_cov_31.888500:403-8954   -            189 68691at7898          -            353   2.4e-05   21.5   1.3   2   2    0.0036      0.74    6.7   0.0    55    74   156   175   143   185 0.87 -
NODE_94571_length_4204_cov_28.373691:262-759     -            166 68691at7898          -            353   3.9e-05   20.8   0.5   1   3   0.00062      0.13    9.2   0.0   157   198     3    41     1    51 0.86 -
NODE_94571_length_4204_cov_28.373691:262-759     -            166 68691at7898          -            353   3.9e-05   20.8   0.5   2   3    0.0065       1.4    5.9   0.1   157   201    85   126    78   130 0.64 -
NODE_94571_length_4204_cov_28.373691:262-759     -            166 68691at7898          -            353   3.9e-05   20.8   0.5   3   3     0.092        19    2.1   0.0   165   197   136   165   129   166 0.65 -
NODE_10380_length_14565_cov_43.997926:258-3574   -            295 68691at7898          -            353    0.0003   17.9   3.2   1   3      0.95     2e+02   -1.2   0.0   107   122   114   129   105   133 0.81 -
NODE_10380_length_14565_cov_43.997926:258-3574   -            295 68691at7898          -            353    0.0003   17.9   3.2   2   3    0.0061       1.3    5.9   0.9   163   256   132   217   120   223 0.64 -
NODE_10380_length_14565_cov_43.997926:258-3574   -            295 68691at7898          -            353    0.0003   17.9   3.2   3   3   0.00094      0.19    8.6   0.0    88   123   254   287   242   292 0.71 -
NODE_63350_length_5967_cov_29.965406:1648-4734   -            215 68691at7898          -            353    0.0019   15.2   0.1   1   1   0.00036     0.075   10.0   0.1   223   257   104   138    46   206 0.72 -
NODE_25501_length_10207_cov_91.179759:1880-4591  -            904 68691at7898          -            353     0.006   13.6   0.7   1   4    0.0046      0.97    6.4   0.0   185   257   135   209   104   217 0.60 -
NODE_25501_length_10207_cov_91.179759:1880-4591  -            904 68691at7898          -            353     0.006   13.6   0.7   2   4     0.026       5.3    3.9   0.0   156   183   218   245   209   263 0.81 -
NODE_25501_length_10207_cov_91.179759:1880-4591  -            904 68691at7898          -            353     0.006   13.6   0.7   3   4       1.2   2.6e+02   -1.6   0.0   166   204   269   307   262   322 0.58 -
NODE_25501_length_10207_cov_91.179759:1880-4591  -            904 68691at7898          -            353     0.006   13.6   0.7   4   4         6   1.3e+03   -3.9   0.0   225   255   415   446   407   451 0.71 -
NODE_309981_length_401_cov_0.850993:1-381        -            127 68691at7898          -            353     0.022   11.8   0.0   1   1   0.00012     0.025   11.6   0.0   129   204    30   105    17   112 0.78 -
#
# Program:         hmmsearch
# Version:         3.1b2 (February 2015)
# Pipeline mode:   SEARCH
# Query file:      /home/e1garcia/shotgun_PIRE/abyss/busco_downloads/lineages/actinopterygii_odb10/hmms/68691at7898.hmm
# Target file:     /home/e1garcia/shotgun_PIRE/pire_ssl_data_processing/plotosus_lineatus/busco_contigs_results-SPAdes_contam_R1R2_noIsolate/run_actinopterygii_odb10/metaeuk_output/rerun_results/contigs.modified.fasta.modified.fas
# Option settings: hmmsearch --domtblout /home/e1garcia/shotgun_PIRE/pire_ssl_data_processing/plotosus_lineatus/busco_contigs_results-SPAdes_contam_R1R2_noIsolate/run_actinopterygii_odb10/hmmer_output/rerun_results/68691at7898.out --cpu 1 /home/e1garcia/shotgun_PIRE/abyss/busco_downloads/lineages/actinopterygii_odb10/hmms/68691at7898.hmm /home/e1garcia/shotgun_PIRE/pire_ssl_data_processing/plotosus_lineatus/busco_contigs_results-SPAdes_contam_R1R2_noIsolate/run_actinopterygii_odb10/metaeuk_output/rerun_results/contigs.modified.fasta.modified.fas 
# Current dir:     /home/e1garcia/shotgun_PIRE/pire_ssl_data_processing/plotosus_lineatus
# Date:            Fri Aug 20 14:34:55 2021
# [ok]
