#                                                                                                        --- full sequence --- -------------- this domain -------------   hmm coord   ali coord   env coord
# target name                                    accession   tlen query name           accession   qlen   E-value  score  bias   #  of  c-Evalue  i-Evalue  score  bias  from    to  from    to  from    to  acc description of target
#                            ------------------- ---------- ----- -------------------- ---------- ----- --------- ------ ----- --- --- --------- --------- ------ ----- ----- ----- ----- ----- ----- ----- ---- ---------------------
NODE_119_length_39933_cov_40.286489:17265-29985  -            357 79766at7898          -            342  6.8e-127  421.1  12.7   1   2  3.2e-113  7.7e-110  365.0   9.1    10   295     3   273     1   277 0.94 -
NODE_119_length_39933_cov_40.286489:17265-29985  -            357 79766at7898          -            342  6.8e-127  421.1  12.7   2   2   1.5e-17   3.7e-14   50.4   0.1   298   338   308   353   291   356 0.87 -
NODE_19875_length_11412_cov_43.504641:2420-11177 -            378 79766at7898          -            342  9.8e-127  420.6  20.7   1   5   6.9e-97   1.7e-93  311.3   4.2    51   192    23   164     1   166 0.93 -
NODE_19875_length_11412_cov_43.504641:2420-11177 -            378 79766at7898          -            342  9.8e-127  420.6  20.7   2   5     8e-17   1.9e-13   48.1   0.5   222   255   161   194   159   202 0.88 -
NODE_19875_length_11412_cov_43.504641:2420-11177 -            378 79766at7898          -            342  9.8e-127  420.6  20.7   3   5   1.2e-08   2.8e-05   21.2   0.0   259   297   228   266   218   272 0.89 -
NODE_19875_length_11412_cov_43.504641:2420-11177 -            378 79766at7898          -            342  9.8e-127  420.6  20.7   4   5   0.00015      0.36    7.7   0.0   295   312   286   303   272   312 0.78 -
NODE_19875_length_11412_cov_43.504641:2420-11177 -            378 79766at7898          -            342  9.8e-127  420.6  20.7   5   5   1.6e-15   3.8e-12   43.8   0.1   310   341   344   375   314   376 0.89 -
#
# Program:         hmmsearch
# Version:         3.1b2 (February 2015)
# Pipeline mode:   SEARCH
# Query file:      /home/e1garcia/shotgun_PIRE/abyss/busco_downloads/lineages/actinopterygii_odb10/hmms/79766at7898.hmm
# Target file:     /home/e1garcia/shotgun_PIRE/pire_ssl_data_processing/plotosus_lineatus/busco_contigs_results-SPAdes_contam_R1R2_noIsolate/run_actinopterygii_odb10/metaeuk_output/rerun_results/contigs.modified.fasta.modified.fas
# Option settings: hmmsearch --domtblout /home/e1garcia/shotgun_PIRE/pire_ssl_data_processing/plotosus_lineatus/busco_contigs_results-SPAdes_contam_R1R2_noIsolate/run_actinopterygii_odb10/hmmer_output/rerun_results/79766at7898.out --cpu 1 /home/e1garcia/shotgun_PIRE/abyss/busco_downloads/lineages/actinopterygii_odb10/hmms/79766at7898.hmm /home/e1garcia/shotgun_PIRE/pire_ssl_data_processing/plotosus_lineatus/busco_contigs_results-SPAdes_contam_R1R2_noIsolate/run_actinopterygii_odb10/metaeuk_output/rerun_results/contigs.modified.fasta.modified.fas 
# Current dir:     /home/e1garcia/shotgun_PIRE/pire_ssl_data_processing/plotosus_lineatus
# Date:            Fri Aug 20 14:35:56 2021
# [ok]
