[2022-04-18 15:43:09,652] multiqc                                            [DEBUG  ]  No MultiQC config found: /opt/conda/lib/python3.7/site-packages/multiqc_config.yaml
[2022-04-18 15:43:09,652] multiqc                                            [DEBUG  ]  No MultiQC config found: /home/j1rodrig/.multiqc_config.yaml
[2022-04-18 15:43:09,652] multiqc                                            [DEBUG  ]  No MultiQC config found: multiqc_config.yaml
[2022-04-18 15:43:09,653] multiqc                                            [DEBUG  ]  Command used: /opt/conda/bin/multiqc fq_fp1 -n fq_fp1/1st_fastp_report
[2022-04-18 15:43:10,237] multiqc                                            [WARNING]  MultiQC Version v1.12 now available!
[2022-04-18 15:43:10,238] multiqc                                            [INFO   ]  This is MultiQC v1.9
[2022-04-18 15:43:10,238] multiqc                                            [DEBUG  ]  Command     : /opt/conda/bin/multiqc fq_fp1 -n fq_fp1/1st_fastp_report
[2022-04-18 15:43:10,238] multiqc                                            [DEBUG  ]  Working dir : /home/e1garcia/shotgun_PIRE/pire_ssl_data_processing/lethrinus_variegatus
[2022-04-18 15:43:10,238] multiqc                                            [INFO   ]  Template    : default
[2022-04-18 15:43:10,238] multiqc                                            [DEBUG  ]  Running Python 3.7.7 (default, Jun 26 2020, 05:10:03)  [GCC 7.3.0]
[2022-04-18 15:43:10,238] multiqc                                            [INFO   ]  Searching   : /home/e1garcia/shotgun_PIRE/pire_ssl_data_processing/lethrinus_variegatus/fq_fp1
[2022-04-18 15:43:10,239] multiqc                                            [DEBUG  ]  Analysing modules: custom_content, conpair, peddy, somalier, methylQA, mosdepth, phantompeakqualtools, qualimap, preseq, quast, qorts, rna_seqc, rockhopper, rsem, rseqc, busco, goleft_indexcov, disambiguate, supernova, deeptools, sargasso, verifybamid, mirtrace, happy, mirtop, homer, macs2, theta2, snpeff, gatk, htseq, bcftools, featureCounts, fgbio, dragen, dedup, damageprofiler, biobambam2, mtnucratio, picard, prokka, samblaster, samtools, sexdeterrmine, bamtools, jellyfish, vcftools, longranger, stacks, varscan2, bbmap, bismark, biscuit, hicexplorer, hicup, hicpro, salmon, kallisto, slamdunk, star, hisat2, tophat, bowtie2, bowtie1, snpsplit, kat, leehom, adapterRemoval, clipandmerge, cutadapt, flexbar, kaiju, kraken, malt, trimmomatic, sickle, skewer, sortmerna, biobloomtools, fastq_screen, afterqc, fastp, fastqc, pycoqc, minionqc, multivcfanalyzer, clusterflow, bcl2fastq, interop, ivar, flash, seqyclean
[2022-04-18 15:43:10,240] multiqc                                            [DEBUG  ]  Using temporary directory for creating report: /tmp/tmpdpgcy5z3
[2022-04-18 15:43:10,469] multiqc                                            [DEBUG  ]  Ignoring file as matched an ignore pattern: Lva-CPnd_006A_L3_fastp.html
[2022-04-18 15:43:10,484] multiqc                                            [DEBUG  ]  Ignoring file as matched an ignore pattern: Lva-CPnd_006G_L3_fastp.html
[2022-04-18 15:43:10,484] multiqc                                            [DEBUG  ]  Ignoring file as matched an ignore pattern: Lva-CPnd_006G_L3_r2.fq.gz
[2022-04-18 15:43:10,484] multiqc                                            [DEBUG  ]  Ignoring file as matched an ignore pattern: Lva-CPnd_006A_L3_r1.fq.gz
[2022-04-18 15:43:10,484] multiqc                                            [DEBUG  ]  Ignoring file as matched an ignore pattern: Lva-CPnd_006H_L3_fastp.html
[2022-04-18 15:43:10,484] multiqc                                            [DEBUG  ]  Ignoring file as matched an ignore pattern: Lva-CPnd_006H_L3_r2.fq.gz
[2022-04-18 15:43:10,485] multiqc                                            [DEBUG  ]  Ignoring file as matched an ignore pattern: Lva-CPnd_006H_L3_r1.fq.gz
[2022-04-18 15:43:10,485] multiqc                                            [DEBUG  ]  Ignoring file as matched an ignore pattern: Lva-CPnd_006A_L3_r2.fq.gz
[2022-04-18 15:43:10,486] multiqc                                            [DEBUG  ]  Ignoring file as matched an ignore pattern: Lva-CPnd_006G_L3_r1.fq.gz
[2022-04-18 15:43:10,486] multiqc                                            [DEBUG  ]  Ignoring file as matched an ignore pattern: Lva-CPnd_006G_L3_fail.fq.gz
[2022-04-18 15:43:10,486] multiqc                                            [DEBUG  ]  Ignoring file as matched an ignore pattern: Lva-CPnd_006H_L3_fail.fq.gz
[2022-04-18 15:43:10,486] multiqc                                            [DEBUG  ]  Ignoring file as matched an ignore pattern: Lva-CPnd_006A_L3_fail.fq.gz
[2022-04-18 15:43:10,487] multiqc                                            [DEBUG  ]  Ignoring file as matched an ignore pattern: Lva-CPnd_006G_L3_unprd.fq.gz
[2022-04-18 15:43:10,487] multiqc                                            [DEBUG  ]  Ignoring file as matched an ignore pattern: Lva-CPnd_006H_L3_unprd.fq.gz
[2022-04-18 15:43:10,487] multiqc                                            [DEBUG  ]  Ignoring file as matched an ignore pattern: Lva-CPnd_006A_L3_unprd.fq.gz
[2022-04-18 15:43:11,081] multiqc.plots.bargraph                             [DEBUG  ]  Using matplotlib version 3.1.2
[2022-04-18 15:43:11,083] multiqc.plots.linegraph                            [DEBUG  ]  Using matplotlib version 3.1.2
[2022-04-18 15:43:11,084] multiqc                                            [DEBUG  ]  No samples found: custom_content
[2022-04-18 15:43:11,089] multiqc                                            [DEBUG  ]  No samples found: conpair
[2022-04-18 15:43:11,094] multiqc                                            [DEBUG  ]  No samples found: peddy
[2022-04-18 15:43:11,099] multiqc                                            [DEBUG  ]  No samples found: somalier
[2022-04-18 15:43:11,103] multiqc                                            [DEBUG  ]  No samples found: methylQA
[2022-04-18 15:43:11,111] multiqc                                            [DEBUG  ]  No samples found: mosdepth
[2022-04-18 15:43:11,115] multiqc                                            [DEBUG  ]  No samples found: phantompeakqualtools
[2022-04-18 15:43:11,118] multiqc                                            [DEBUG  ]  No samples found: qualimap
[2022-04-18 15:43:11,123] multiqc                                            [DEBUG  ]  No samples found: preseq
[2022-04-18 15:43:11,127] multiqc                                            [DEBUG  ]  No samples found: quast
[2022-04-18 15:43:11,131] multiqc                                            [DEBUG  ]  No samples found: qorts
[2022-04-18 15:43:11,135] multiqc                                            [DEBUG  ]  No samples found: rna_seqc
[2022-04-18 15:43:11,139] multiqc                                            [DEBUG  ]  No samples found: rockhopper
[2022-04-18 15:43:11,143] multiqc                                            [DEBUG  ]  No samples found: rsem
[2022-04-18 15:43:11,148] multiqc                                            [DEBUG  ]  No samples found: rseqc
[2022-04-18 15:43:11,153] multiqc                                            [DEBUG  ]  No samples found: busco
[2022-04-18 15:43:11,157] multiqc                                            [DEBUG  ]  No samples found: goleft_indexcov
[2022-04-18 15:43:11,162] multiqc                                            [DEBUG  ]  No samples found: disambiguate
[2022-04-18 15:43:11,167] multiqc                                            [DEBUG  ]  No samples found: supernova
[2022-04-18 15:43:11,174] multiqc                                            [DEBUG  ]  No samples found: deeptools
[2022-04-18 15:43:11,179] multiqc                                            [DEBUG  ]  No samples found: sargasso
[2022-04-18 15:43:11,183] multiqc                                            [DEBUG  ]  No samples found: verifybamid
[2022-04-18 15:43:11,188] multiqc                                            [DEBUG  ]  No samples found: mirtrace
[2022-04-18 15:43:11,193] multiqc                                            [DEBUG  ]  No samples found: happy
[2022-04-18 15:43:11,198] multiqc                                            [DEBUG  ]  No samples found: mirtop
[2022-04-18 15:43:11,203] multiqc                                            [DEBUG  ]  No samples found: homer
[2022-04-18 15:43:11,206] multiqc                                            [DEBUG  ]  No samples found: macs2
[2022-04-18 15:43:11,211] multiqc                                            [DEBUG  ]  No samples found: theta2
[2022-04-18 15:43:11,215] multiqc                                            [DEBUG  ]  No samples found: snpeff
[2022-04-18 15:43:11,220] multiqc                                            [DEBUG  ]  No samples found: gatk
[2022-04-18 15:43:11,225] multiqc                                            [DEBUG  ]  No samples found: htseq
[2022-04-18 15:43:11,229] multiqc                                            [DEBUG  ]  No samples found: bcftools
[2022-04-18 15:43:11,234] multiqc                                            [DEBUG  ]  No samples found: featureCounts
[2022-04-18 15:43:11,238] multiqc                                            [DEBUG  ]  No samples found: fgbio
[2022-04-18 15:43:11,245] multiqc                                            [DEBUG  ]  No samples found: dragen
[2022-04-18 15:43:11,249] multiqc                                            [DEBUG  ]  No samples found: dedup
[2022-04-18 15:43:11,253] multiqc                                            [DEBUG  ]  No samples found: damageprofiler
[2022-04-18 15:43:11,265] multiqc                                            [DEBUG  ]  No samples found: biobambam2
[2022-04-18 15:43:11,269] multiqc                                            [DEBUG  ]  No samples found: mtnucratio
[2022-04-18 15:43:11,272] multiqc                                            [DEBUG  ]  No samples found: picard
[2022-04-18 15:43:11,276] multiqc                                            [DEBUG  ]  No samples found: prokka
[2022-04-18 15:43:11,280] multiqc                                            [DEBUG  ]  No samples found: samblaster
[2022-04-18 15:43:11,285] multiqc                                            [DEBUG  ]  No samples found: samtools
[2022-04-18 15:43:11,289] multiqc                                            [DEBUG  ]  No samples found: sexdeterrmine
[2022-04-18 15:43:11,294] multiqc                                            [DEBUG  ]  No samples found: bamtools
[2022-04-18 15:43:11,298] multiqc                                            [DEBUG  ]  No samples found: jellyfish
[2022-04-18 15:43:11,303] multiqc                                            [DEBUG  ]  No samples found: vcftools
[2022-04-18 15:43:11,308] multiqc                                            [DEBUG  ]  No samples found: longranger
[2022-04-18 15:43:11,313] multiqc                                            [DEBUG  ]  No samples found: stacks
[2022-04-18 15:43:11,317] multiqc                                            [DEBUG  ]  No samples found: varscan2
[2022-04-18 15:43:11,324] multiqc                                            [DEBUG  ]  No samples found: bbmap
[2022-04-18 15:43:11,329] multiqc                                            [DEBUG  ]  No samples found: bismark
[2022-04-18 15:43:11,333] multiqc                                            [DEBUG  ]  No samples found: biscuit
[2022-04-18 15:43:11,338] multiqc                                            [DEBUG  ]  No samples found: hicexplorer
[2022-04-18 15:43:11,342] multiqc                                            [DEBUG  ]  No samples found: hicup
[2022-04-18 15:43:11,345] multiqc                                            [DEBUG  ]  No samples found: hicpro
[2022-04-18 15:43:11,350] multiqc                                            [DEBUG  ]  No samples found: salmon
[2022-04-18 15:43:11,354] multiqc                                            [DEBUG  ]  No samples found: kallisto
[2022-04-18 15:43:11,358] multiqc                                            [DEBUG  ]  No samples found: slamdunk
[2022-04-18 15:43:11,362] multiqc                                            [DEBUG  ]  No samples found: star
[2022-04-18 15:43:11,366] multiqc                                            [DEBUG  ]  No samples found: hisat2
[2022-04-18 15:43:11,371] multiqc                                            [DEBUG  ]  No samples found: tophat
[2022-04-18 15:43:11,375] multiqc                                            [DEBUG  ]  No samples found: bowtie2
[2022-04-18 15:43:11,379] multiqc                                            [DEBUG  ]  No samples found: bowtie1
[2022-04-18 15:43:11,383] multiqc                                            [DEBUG  ]  No samples found: snpsplit
[2022-04-18 15:43:11,387] multiqc                                            [DEBUG  ]  No samples found: kat
[2022-04-18 15:43:11,390] multiqc                                            [DEBUG  ]  No samples found: leehom
[2022-04-18 15:43:11,395] multiqc                                            [DEBUG  ]  No samples found: adapterRemoval
[2022-04-18 15:43:11,399] multiqc                                            [DEBUG  ]  No samples found: clipandmerge
[2022-04-18 15:43:11,404] multiqc                                            [DEBUG  ]  No samples found: cutadapt
[2022-04-18 15:43:11,409] multiqc                                            [DEBUG  ]  No samples found: flexbar
[2022-04-18 15:43:11,414] multiqc                                            [DEBUG  ]  No samples found: kaiju
[2022-04-18 15:43:11,417] multiqc                                            [DEBUG  ]  No samples found: kraken
[2022-04-18 15:43:11,421] multiqc                                            [DEBUG  ]  No samples found: malt
[2022-04-18 15:43:11,426] multiqc                                            [DEBUG  ]  No samples found: trimmomatic
[2022-04-18 15:43:11,430] multiqc                                            [DEBUG  ]  No samples found: sickle
[2022-04-18 15:43:11,433] multiqc                                            [DEBUG  ]  No samples found: skewer
[2022-04-18 15:43:11,438] multiqc                                            [DEBUG  ]  No samples found: sortmerna
[2022-04-18 15:43:11,442] multiqc                                            [DEBUG  ]  No samples found: biobloomtools
[2022-04-18 15:43:11,447] multiqc                                            [DEBUG  ]  No samples found: fastq_screen
[2022-04-18 15:43:11,451] multiqc                                            [DEBUG  ]  No samples found: afterqc
[2022-04-18 15:43:11,475] multiqc.modules.fastp.fastp                        [INFO   ]  Found 3 reports
[2022-04-18 15:43:11,522] multiqc                                            [DEBUG  ]  No samples found: fastqc
[2022-04-18 15:43:11,529] multiqc                                            [DEBUG  ]  No samples found: pycoqc
[2022-04-18 15:43:11,535] multiqc                                            [DEBUG  ]  No samples found: minionqc
[2022-04-18 15:43:11,542] multiqc                                            [DEBUG  ]  No samples found: multivcfanalyzer
[2022-04-18 15:43:11,549] multiqc                                            [DEBUG  ]  No samples found: clusterflow
[2022-04-18 15:43:11,555] multiqc                                            [DEBUG  ]  No samples found: bcl2fastq
[2022-04-18 15:43:11,560] multiqc                                            [DEBUG  ]  No samples found: interop
[2022-04-18 15:43:11,565] multiqc                                            [DEBUG  ]  No samples found: ivar
[2022-04-18 15:43:11,570] multiqc                                            [DEBUG  ]  No samples found: flash
[2022-04-18 15:43:11,575] multiqc                                            [DEBUG  ]  No samples found: seqyclean
[2022-04-18 15:43:11,583] multiqc                                            [INFO   ]  Compressing plot data
[2022-04-18 15:43:11,886] multiqc                                            [INFO   ]  Report      : fq_fp1/1st_fastp_report.html
[2022-04-18 15:43:11,886] multiqc                                            [INFO   ]  Data        : fq_fp1/1st_fastp_report_data
[2022-04-18 15:43:11,886] multiqc                                            [DEBUG  ]  Moving data file from '/tmp/tmpdpgcy5z3/multiqc_data' to '/home/e1garcia/shotgun_PIRE/pire_ssl_data_processing/lethrinus_variegatus/fq_fp1/1st_fastp_report_data'
[2022-04-18 15:43:12,136] multiqc                                            [INFO   ]  MultiQC complete
