Read1 before filtering:
total reads: 190069693
total bases: 28510453950
Q20 bases: 27380043483(96.0351%)
Q30 bases: 26151652315(91.7265%)

Read2 before filtering:
total reads: 190069693
total bases: 28510453950
Q20 bases: 26846539558(94.1638%)
Q30 bases: 24883880749(87.2798%)

Read1 after filtering:
total reads: 171121330
total bases: 25291441506
Q20 bases: 24647024196(97.452%)
Q30 bases: 23670440348(93.5907%)

Read2 aftering filtering:
total reads: 171121330
total bases: 25280648783
Q20 bases: 24400770746(96.5196%)
Q30 bases: 23009716236(91.0171%)

Filtering result:
reads passed filter: 342242660
reads failed due to low quality: 12010102
reads failed due to too many N: 55390
reads failed due to too short: 9091444
reads failed due to low complexity: 16739790
reads with adapter trimmed: 28405924
bases trimmed due to adapters: 1109983511
reads with polyX in 3' end: 8423839
bases trimmed in polyX tail: 104254119

Duplication rate: 31.446%

Insert size peak (evaluated by paired-end reads): 0

JSON report: ../fq_fp1/SgC0072C_CKDL210013395-1a-AK9146-7UDI286_HF33GDSX2_L4_fastp.json
HTML report: ../fq_fp1/SgC0072C_CKDL210013395-1a-AK9146-7UDI286_HF33GDSX2_L4_fastp.html

fastp --in1 ./SgC0072C_CKDL210013395-1a-AK9146-7UDI286_HF33GDSX2_L4_1.fq.gz --in2 ./SgC0072C_CKDL210013395-1a-AK9146-7UDI286_HF33GDSX2_L4_2.fq.gz --out1 ../fq_fp1/SgC0072C_CKDL210013395-1a-AK9146-7UDI286_HF33GDSX2_L4_r1.fq.gz --out2 ../fq_fp1/SgC0072C_CKDL210013395-1a-AK9146-7UDI286_HF33GDSX2_L4_r2.fq.gz --unpaired1 ../fq_fp1/failed/SgC0072C_CKDL210013395-1a-AK9146-7UDI286_HF33GDSX2_L4_unprd.fq.gz --unpaired2 ../fq_fp1/failed/SgC0072C_CKDL210013395-1a-AK9146-7UDI286_HF33GDSX2_L4_unprd.fq.gz --failed_out ../fq_fp1/failed/SgC0072C_CKDL210013395-1a-AK9146-7UDI286_HF33GDSX2_L4_fail.fq.gz -h ../fq_fp1/SgC0072C_CKDL210013395-1a-AK9146-7UDI286_HF33GDSX2_L4_fastp.html -j ../fq_fp1/SgC0072C_CKDL210013395-1a-AK9146-7UDI286_HF33GDSX2_L4_fastp.json --qualified_quality_phred 20 --unqualified_percent_limit 40 --length_required 33 --low_complexity_filter --complexity_threshold 30 --detect_adapter_for_pe --adapter_sequence=AGATCGGAAGAGCACACGTCTGAACTCCAGTCA --adapter_sequence_r2=AGATCGGAAGAGCGTCGTGTAGGGAAAGAGTGT --cut_tail --cut_tail_window_size 1 --cut_tail_mean_quality 20 --trim_poly_g --poly_g_min_len 10 --trim_poly_x --report_title First Trim 4 De Novo 
fastp v0.20.1, time used: 3900 seconds
Read1 before filtering:
total reads: 215188791
total bases: 32278318650
Q20 bases: 31138708358(96.4694%)
Q30 bases: 29768304215(92.2238%)

Read2 before filtering:
total reads: 215188791
total bases: 32278318650
Q20 bases: 30363674889(94.0683%)
Q30 bases: 28129930744(87.1481%)

Read1 after filtering:
total reads: 197003858
total bases: 29206894171
Q20 bases: 28435426788(97.3586%)
Q30 bases: 27286419299(93.4246%)

Read2 aftering filtering:
total reads: 197003858
total bases: 29191703135
Q20 bases: 28075236275(96.1754%)
Q30 bases: 26385972030(90.3886%)

Filtering result:
reads passed filter: 394007716
reads failed due to low quality: 12941040
reads failed due to too many N: 63300
reads failed due to too short: 8935316
reads failed due to low complexity: 14430210
reads with adapter trimmed: 24432434
bases trimmed due to adapters: 981295221
reads with polyX in 3' end: 7384205
bases trimmed in polyX tail: 94826862

Duplication rate: 45.9852%

Insert size peak (evaluated by paired-end reads): 0

JSON report: ../fq_fp1/SgC0072B_CKDL210013395-1a-5UDI294-AK7096_HF33GDSX2_L4_fastp.json
HTML report: ../fq_fp1/SgC0072B_CKDL210013395-1a-5UDI294-AK7096_HF33GDSX2_L4_fastp.html

fastp --in1 ./SgC0072B_CKDL210013395-1a-5UDI294-AK7096_HF33GDSX2_L4_1.fq.gz --in2 ./SgC0072B_CKDL210013395-1a-5UDI294-AK7096_HF33GDSX2_L4_2.fq.gz --out1 ../fq_fp1/SgC0072B_CKDL210013395-1a-5UDI294-AK7096_HF33GDSX2_L4_r1.fq.gz --out2 ../fq_fp1/SgC0072B_CKDL210013395-1a-5UDI294-AK7096_HF33GDSX2_L4_r2.fq.gz --unpaired1 ../fq_fp1/failed/SgC0072B_CKDL210013395-1a-5UDI294-AK7096_HF33GDSX2_L4_unprd.fq.gz --unpaired2 ../fq_fp1/failed/SgC0072B_CKDL210013395-1a-5UDI294-AK7096_HF33GDSX2_L4_unprd.fq.gz --failed_out ../fq_fp1/failed/SgC0072B_CKDL210013395-1a-5UDI294-AK7096_HF33GDSX2_L4_fail.fq.gz -h ../fq_fp1/SgC0072B_CKDL210013395-1a-5UDI294-AK7096_HF33GDSX2_L4_fastp.html -j ../fq_fp1/SgC0072B_CKDL210013395-1a-5UDI294-AK7096_HF33GDSX2_L4_fastp.json --qualified_quality_phred 20 --unqualified_percent_limit 40 --length_required 33 --low_complexity_filter --complexity_threshold 30 --detect_adapter_for_pe --adapter_sequence=AGATCGGAAGAGCACACGTCTGAACTCCAGTCA --adapter_sequence_r2=AGATCGGAAGAGCGTCGTGTAGGGAAAGAGTGT --cut_tail --cut_tail_window_size 1 --cut_tail_mean_quality 20 --trim_poly_g --poly_g_min_len 10 --trim_poly_x --report_title First Trim 4 De Novo 
fastp v0.20.1, time used: 4590 seconds
Read1 before filtering:
total reads: 227509678
total bases: 34126451700
Q20 bases: 32944291642(96.5359%)
Q30 bases: 31517941709(92.3563%)

Read2 before filtering:
total reads: 227509678
total bases: 34126451700
Q20 bases: 32121533409(94.125%)
Q30 bases: 29786266451(87.282%)

Read1 after filtering:
total reads: 207000688
total bases: 30689287846
Q20 bases: 29876774312(97.3525%)
Q30 bases: 28666615157(93.4092%)

Read2 aftering filtering:
total reads: 207000688
total bases: 30676598887
Q20 bases: 29567767219(96.3854%)
Q30 bases: 27862194566(90.8256%)

Filtering result:
reads passed filter: 414001376
reads failed due to low quality: 15264906
reads failed due to too many N: 66974
reads failed due to too short: 10399680
reads failed due to low complexity: 15286420
reads with adapter trimmed: 27095329
bases trimmed due to adapters: 1074218777
reads with polyX in 3' end: 8954297
bases trimmed in polyX tail: 108367449

Duplication rate: 44.1216%

Insert size peak (evaluated by paired-end reads): 0

JSON report: ../fq_fp1/SgC0072D_CKDL210013395-1a-AK5577-AK7533_HF33GDSX2_L4_fastp.json
HTML report: ../fq_fp1/SgC0072D_CKDL210013395-1a-AK5577-AK7533_HF33GDSX2_L4_fastp.html

fastp --in1 ./SgC0072D_CKDL210013395-1a-AK5577-AK7533_HF33GDSX2_L4_1.fq.gz --in2 ./SgC0072D_CKDL210013395-1a-AK5577-AK7533_HF33GDSX2_L4_2.fq.gz --out1 ../fq_fp1/SgC0072D_CKDL210013395-1a-AK5577-AK7533_HF33GDSX2_L4_r1.fq.gz --out2 ../fq_fp1/SgC0072D_CKDL210013395-1a-AK5577-AK7533_HF33GDSX2_L4_r2.fq.gz --unpaired1 ../fq_fp1/failed/SgC0072D_CKDL210013395-1a-AK5577-AK7533_HF33GDSX2_L4_unprd.fq.gz --unpaired2 ../fq_fp1/failed/SgC0072D_CKDL210013395-1a-AK5577-AK7533_HF33GDSX2_L4_unprd.fq.gz --failed_out ../fq_fp1/failed/SgC0072D_CKDL210013395-1a-AK5577-AK7533_HF33GDSX2_L4_fail.fq.gz -h ../fq_fp1/SgC0072D_CKDL210013395-1a-AK5577-AK7533_HF33GDSX2_L4_fastp.html -j ../fq_fp1/SgC0072D_CKDL210013395-1a-AK5577-AK7533_HF33GDSX2_L4_fastp.json --qualified_quality_phred 20 --unqualified_percent_limit 40 --length_required 33 --low_complexity_filter --complexity_threshold 30 --detect_adapter_for_pe --adapter_sequence=AGATCGGAAGAGCACACGTCTGAACTCCAGTCA --adapter_sequence_r2=AGATCGGAAGAGCGTCGTGTAGGGAAAGAGTGT --cut_tail --cut_tail_window_size 1 --cut_tail_mean_quality 20 --trim_poly_g --poly_g_min_len 10 --trim_poly_x --report_title First Trim 4 De Novo 
fastp v0.20.1, time used: 4799 seconds
[WARNING]         multiqc : MultiQC Version v1.11 now available!
[INFO   ]         multiqc : This is MultiQC v1.10.1
[INFO   ]         multiqc : Template    : default
[INFO   ]         multiqc : Searching   : /home/e1garcia/shotgun_PIRE/pire_ssl_data_processing/spratelloides_gracilis/fq_fp1
Searching   ━━━━━━━━━━━━━━━━━━━━━━━━━━━━━━━━━━━━━━━━ 100% 18/18  [INFO   ]           fastp : Found 3 reports
[INFO   ]         multiqc : Compressing plot data
[INFO   ]         multiqc : Report      : ../fq_fp1/1st_fastp_report.html
[INFO   ]         multiqc : Data        : ../fq_fp1/1st_fastp_report_data
[INFO   ]         multiqc : MultiQC complete
