[2023-01-30 21:58:54,606] multiqc                                            [DEBUG  ]  No MultiQC config found: /opt/conda/lib/python3.7/site-packages/multiqc_config.yaml
[2023-01-30 21:58:54,606] multiqc                                            [DEBUG  ]  No MultiQC config found: /home/jbald004/.multiqc_config.yaml
[2023-01-30 21:58:54,606] multiqc                                            [DEBUG  ]  No MultiQC config found: multiqc_config.yaml
[2023-01-30 21:58:54,606] multiqc                                            [DEBUG  ]  Command used: /opt/conda/bin/multiqc -v -p -ip -f --data-dir --data-format tsv --filename fqc_raw_report --outdir shotgun_raw_fq shotgun_raw_fq
[2023-01-30 21:58:55,209] multiqc                                            [WARNING]  MultiQC Version v1.14 now available!
[2023-01-30 21:58:55,210] multiqc                                            [INFO   ]  This is MultiQC v1.9
[2023-01-30 21:58:55,210] multiqc                                            [DEBUG  ]  Command     : /opt/conda/bin/multiqc -v -p -ip -f --data-dir --data-format tsv --filename fqc_raw_report --outdir shotgun_raw_fq shotgun_raw_fq
[2023-01-30 21:58:55,210] multiqc                                            [DEBUG  ]  Working dir : /home/e1garcia/shotgun_PIRE/pire_ssl_data_processing/parupeneus_barberinus
[2023-01-30 21:58:55,210] multiqc                                            [INFO   ]  Template    : default
[2023-01-30 21:58:55,210] multiqc                                            [DEBUG  ]  Running Python 3.7.7 (default, Jun 26 2020, 05:10:03)  [GCC 7.3.0]
[2023-01-30 21:58:55,210] multiqc                                            [INFO   ]  Searching   : /home/e1garcia/shotgun_PIRE/pire_ssl_data_processing/parupeneus_barberinus/shotgun_raw_fq
[2023-01-30 21:58:55,211] multiqc                                            [DEBUG  ]  Analysing modules: custom_content, conpair, peddy, somalier, methylQA, mosdepth, phantompeakqualtools, qualimap, preseq, quast, qorts, rna_seqc, rockhopper, rsem, rseqc, busco, goleft_indexcov, disambiguate, supernova, deeptools, sargasso, verifybamid, mirtrace, happy, mirtop, homer, macs2, theta2, snpeff, gatk, htseq, bcftools, featureCounts, fgbio, dragen, dedup, damageprofiler, biobambam2, mtnucratio, picard, prokka, samblaster, samtools, sexdeterrmine, bamtools, jellyfish, vcftools, longranger, stacks, varscan2, bbmap, bismark, biscuit, hicexplorer, hicup, hicpro, salmon, kallisto, slamdunk, star, hisat2, tophat, bowtie2, bowtie1, snpsplit, kat, leehom, adapterRemoval, clipandmerge, cutadapt, flexbar, kaiju, kraken, malt, trimmomatic, sickle, skewer, sortmerna, biobloomtools, fastq_screen, afterqc, fastp, fastqc, pycoqc, minionqc, multivcfanalyzer, clusterflow, bcl2fastq, interop, ivar, flash, seqyclean
[2023-01-30 21:58:55,211] multiqc                                            [DEBUG  ]  Using temporary directory for creating report: /tmp/tmp0adcszlo
[2023-01-30 21:58:55,444] multiqc                                            [DEBUG  ]  File ignored by hicexplorer because it exceeded search pattern filesize limit: Pbb-CGal_008-Ex1-1A-ssl-1-1.1_fastqc.html
[2023-01-30 21:58:55,449] multiqc                                            [DEBUG  ]  File ignored by longranger/invocation because it exceeded search pattern filesize limit: Pbb-CGal_008-Ex1-1A-ssl-1-1.1_fastqc.html
[2023-01-30 21:58:55,490] multiqc                                            [DEBUG  ]  Ignoring file as matched an ignore pattern: Pbb-CGal_008-Ex1-1A-ssl-1-1.1.fq.gz
[2023-01-30 21:58:55,542] multiqc                                            [DEBUG  ]  Ignoring file as matched an ignore pattern: Pbb-CGal_008-Ex1-1A-ssl-1-1.2.fq.gz
[2023-01-30 21:58:55,604] multiqc                                            [DEBUG  ]  File ignored by hicexplorer because it exceeded search pattern filesize limit: Pbb-CGal_008-Ex1-1A-ssl-1-1.2_fastqc.html
[2023-01-30 21:58:55,610] multiqc                                            [DEBUG  ]  File ignored by longranger/invocation because it exceeded search pattern filesize limit: Pbb-CGal_008-Ex1-1A-ssl-1-1.2_fastqc.html
[2023-01-30 21:58:55,689] multiqc                                            [DEBUG  ]  File ignored by hicexplorer because it exceeded search pattern filesize limit: Pbb-CGal_008-Ex1-3A-ssl-1-1.2_fastqc.html
[2023-01-30 21:58:55,694] multiqc                                            [DEBUG  ]  File ignored by longranger/invocation because it exceeded search pattern filesize limit: Pbb-CGal_008-Ex1-3A-ssl-1-1.2_fastqc.html
[2023-01-30 21:58:55,747] multiqc                                            [DEBUG  ]  File ignored by hicexplorer because it exceeded search pattern filesize limit: Pbb-CGal_008-Ex1-3A-ssl-1-1.1_fastqc.html
[2023-01-30 21:58:55,752] multiqc                                            [DEBUG  ]  File ignored by longranger/invocation because it exceeded search pattern filesize limit: Pbb-CGal_008-Ex1-3A-ssl-1-1.1_fastqc.html
[2023-01-30 21:58:55,793] multiqc                                            [DEBUG  ]  Ignoring file as matched an ignore pattern: Pbb-CGal_008-Ex1-3A-ssl-1-1.2.fq.gz
[2023-01-30 21:58:55,819] multiqc                                            [DEBUG  ]  Ignoring file as matched an ignore pattern: Pbb-CGal_008-Ex1-3A-ssl-1-1.1.fq.gz
[2023-01-30 21:58:56,240] multiqc.plots.bargraph                             [DEBUG  ]  Using matplotlib version 3.1.2
[2023-01-30 21:58:56,242] multiqc.plots.linegraph                            [DEBUG  ]  Using matplotlib version 3.1.2
[2023-01-30 21:58:56,243] multiqc                                            [DEBUG  ]  No samples found: custom_content
[2023-01-30 21:58:56,247] multiqc                                            [DEBUG  ]  No samples found: conpair
[2023-01-30 21:58:56,252] multiqc                                            [DEBUG  ]  No samples found: peddy
[2023-01-30 21:58:56,257] multiqc                                            [DEBUG  ]  No samples found: somalier
[2023-01-30 21:58:56,261] multiqc                                            [DEBUG  ]  No samples found: methylQA
[2023-01-30 21:58:56,268] multiqc                                            [DEBUG  ]  No samples found: mosdepth
[2023-01-30 21:58:56,272] multiqc                                            [DEBUG  ]  No samples found: phantompeakqualtools
[2023-01-30 21:58:56,275] multiqc                                            [DEBUG  ]  No samples found: qualimap
[2023-01-30 21:58:56,279] multiqc                                            [DEBUG  ]  No samples found: preseq
[2023-01-30 21:58:56,284] multiqc                                            [DEBUG  ]  No samples found: quast
[2023-01-30 21:58:56,288] multiqc                                            [DEBUG  ]  No samples found: qorts
[2023-01-30 21:58:56,291] multiqc                                            [DEBUG  ]  No samples found: rna_seqc
[2023-01-30 21:58:56,295] multiqc                                            [DEBUG  ]  No samples found: rockhopper
[2023-01-30 21:58:56,299] multiqc                                            [DEBUG  ]  No samples found: rsem
[2023-01-30 21:58:56,304] multiqc                                            [DEBUG  ]  No samples found: rseqc
[2023-01-30 21:58:56,308] multiqc                                            [DEBUG  ]  No samples found: busco
[2023-01-30 21:58:56,312] multiqc                                            [DEBUG  ]  No samples found: goleft_indexcov
[2023-01-30 21:58:56,317] multiqc                                            [DEBUG  ]  No samples found: disambiguate
[2023-01-30 21:58:56,322] multiqc                                            [DEBUG  ]  No samples found: supernova
[2023-01-30 21:58:56,329] multiqc                                            [DEBUG  ]  No samples found: deeptools
[2023-01-30 21:58:56,333] multiqc                                            [DEBUG  ]  No samples found: sargasso
[2023-01-30 21:58:56,337] multiqc                                            [DEBUG  ]  No samples found: verifybamid
[2023-01-30 21:58:56,341] multiqc                                            [DEBUG  ]  No samples found: mirtrace
[2023-01-30 21:58:56,346] multiqc                                            [DEBUG  ]  No samples found: happy
[2023-01-30 21:58:56,351] multiqc                                            [DEBUG  ]  No samples found: mirtop
[2023-01-30 21:58:56,356] multiqc                                            [DEBUG  ]  No samples found: homer
[2023-01-30 21:58:56,359] multiqc                                            [DEBUG  ]  No samples found: macs2
[2023-01-30 21:58:56,363] multiqc                                            [DEBUG  ]  No samples found: theta2
[2023-01-30 21:58:56,367] multiqc                                            [DEBUG  ]  No samples found: snpeff
[2023-01-30 21:58:56,372] multiqc                                            [DEBUG  ]  No samples found: gatk
[2023-01-30 21:58:56,376] multiqc                                            [DEBUG  ]  No samples found: htseq
[2023-01-30 21:58:56,381] multiqc                                            [DEBUG  ]  No samples found: bcftools
[2023-01-30 21:58:56,385] multiqc                                            [DEBUG  ]  No samples found: featureCounts
[2023-01-30 21:58:56,389] multiqc                                            [DEBUG  ]  No samples found: fgbio
[2023-01-30 21:58:56,396] multiqc                                            [DEBUG  ]  No samples found: dragen
[2023-01-30 21:58:56,400] multiqc                                            [DEBUG  ]  No samples found: dedup
[2023-01-30 21:58:56,404] multiqc                                            [DEBUG  ]  No samples found: damageprofiler
[2023-01-30 21:58:56,415] multiqc                                            [DEBUG  ]  No samples found: biobambam2
[2023-01-30 21:58:56,419] multiqc                                            [DEBUG  ]  No samples found: mtnucratio
[2023-01-30 21:58:56,422] multiqc                                            [DEBUG  ]  No samples found: picard
[2023-01-30 21:58:56,426] multiqc                                            [DEBUG  ]  No samples found: prokka
[2023-01-30 21:58:56,430] multiqc                                            [DEBUG  ]  No samples found: samblaster
[2023-01-30 21:58:56,434] multiqc                                            [DEBUG  ]  No samples found: samtools
[2023-01-30 21:58:56,439] multiqc                                            [DEBUG  ]  No samples found: sexdeterrmine
[2023-01-30 21:58:56,443] multiqc                                            [DEBUG  ]  No samples found: bamtools
[2023-01-30 21:58:56,448] multiqc                                            [DEBUG  ]  No samples found: jellyfish
[2023-01-30 21:58:56,453] multiqc                                            [DEBUG  ]  No samples found: vcftools
[2023-01-30 21:58:56,457] multiqc                                            [DEBUG  ]  No samples found: longranger
[2023-01-30 21:58:56,462] multiqc                                            [DEBUG  ]  No samples found: stacks
[2023-01-30 21:58:56,466] multiqc                                            [DEBUG  ]  No samples found: varscan2
[2023-01-30 21:58:56,473] multiqc                                            [DEBUG  ]  No samples found: bbmap
[2023-01-30 21:58:56,477] multiqc                                            [DEBUG  ]  No samples found: bismark
[2023-01-30 21:58:56,482] multiqc                                            [DEBUG  ]  No samples found: biscuit
[2023-01-30 21:58:56,486] multiqc                                            [DEBUG  ]  No samples found: hicexplorer
[2023-01-30 21:58:56,490] multiqc                                            [DEBUG  ]  No samples found: hicup
[2023-01-30 21:58:56,493] multiqc                                            [DEBUG  ]  No samples found: hicpro
[2023-01-30 21:58:56,497] multiqc                                            [DEBUG  ]  No samples found: salmon
[2023-01-30 21:58:56,501] multiqc                                            [DEBUG  ]  No samples found: kallisto
[2023-01-30 21:58:56,505] multiqc                                            [DEBUG  ]  No samples found: slamdunk
[2023-01-30 21:58:56,509] multiqc                                            [DEBUG  ]  No samples found: star
[2023-01-30 21:58:56,513] multiqc                                            [DEBUG  ]  No samples found: hisat2
[2023-01-30 21:58:56,517] multiqc                                            [DEBUG  ]  No samples found: tophat
[2023-01-30 21:58:56,522] multiqc                                            [DEBUG  ]  No samples found: bowtie2
[2023-01-30 21:58:56,525] multiqc                                            [DEBUG  ]  No samples found: bowtie1
[2023-01-30 21:58:56,529] multiqc                                            [DEBUG  ]  No samples found: snpsplit
[2023-01-30 21:58:56,533] multiqc                                            [DEBUG  ]  No samples found: kat
[2023-01-30 21:58:56,537] multiqc                                            [DEBUG  ]  No samples found: leehom
[2023-01-30 21:58:56,541] multiqc                                            [DEBUG  ]  No samples found: adapterRemoval
[2023-01-30 21:58:56,545] multiqc                                            [DEBUG  ]  No samples found: clipandmerge
[2023-01-30 21:58:56,550] multiqc                                            [DEBUG  ]  No samples found: cutadapt
[2023-01-30 21:58:56,555] multiqc                                            [DEBUG  ]  No samples found: flexbar
[2023-01-30 21:58:56,560] multiqc                                            [DEBUG  ]  No samples found: kaiju
[2023-01-30 21:58:56,563] multiqc                                            [DEBUG  ]  No samples found: kraken
[2023-01-30 21:58:56,568] multiqc                                            [DEBUG  ]  No samples found: malt
[2023-01-30 21:58:56,572] multiqc                                            [DEBUG  ]  No samples found: trimmomatic
[2023-01-30 21:58:56,576] multiqc                                            [DEBUG  ]  No samples found: sickle
[2023-01-30 21:58:56,579] multiqc                                            [DEBUG  ]  No samples found: skewer
[2023-01-30 21:58:56,583] multiqc                                            [DEBUG  ]  No samples found: sortmerna
[2023-01-30 21:58:56,587] multiqc                                            [DEBUG  ]  No samples found: biobloomtools
[2023-01-30 21:58:56,592] multiqc                                            [DEBUG  ]  No samples found: fastq_screen
[2023-01-30 21:58:56,596] multiqc                                            [DEBUG  ]  No samples found: afterqc
[2023-01-30 21:58:56,600] multiqc                                            [DEBUG  ]  No samples found: fastp
[2023-01-30 21:58:57,289] multiqc.modules.fastqc.fastqc                      [INFO   ]  Found 4 reports
[2023-01-30 21:59:09,644] multiqc                                            [DEBUG  ]  No samples found: pycoqc
[2023-01-30 21:59:09,648] multiqc                                            [DEBUG  ]  No samples found: minionqc
[2023-01-30 21:59:09,653] multiqc                                            [DEBUG  ]  No samples found: multivcfanalyzer
[2023-01-30 21:59:09,658] multiqc                                            [DEBUG  ]  No samples found: clusterflow
[2023-01-30 21:59:09,663] multiqc                                            [DEBUG  ]  No samples found: bcl2fastq
[2023-01-30 21:59:09,667] multiqc                                            [DEBUG  ]  No samples found: interop
[2023-01-30 21:59:09,670] multiqc                                            [DEBUG  ]  No samples found: ivar
[2023-01-30 21:59:09,675] multiqc                                            [DEBUG  ]  No samples found: flash
[2023-01-30 21:59:09,679] multiqc                                            [DEBUG  ]  No samples found: seqyclean
[2023-01-30 21:59:09,687] multiqc                                            [INFO   ]  Compressing plot data
[2023-01-30 21:59:09,783] multiqc                                            [INFO   ]  Report      : shotgun_raw_fq/fqc_raw_report.html
[2023-01-30 21:59:09,783] multiqc                                            [INFO   ]  Data        : shotgun_raw_fq/fqc_raw_report_data
[2023-01-30 21:59:09,784] multiqc                                            [DEBUG  ]  Moving data file from '/tmp/tmp0adcszlo/multiqc_data' to 'shotgun_raw_fq/fqc_raw_report_data'
[2023-01-30 21:59:09,848] multiqc                                            [INFO   ]  Plots       : shotgun_raw_fq/fqc_raw_report_plots
[2023-01-30 21:59:09,848] multiqc                                            [DEBUG  ]  Moving plots directory from '/tmp/tmp0adcszlo/multiqc_plots' to 'shotgun_raw_fq/fqc_raw_report_plots'
[2023-01-30 21:59:10,129] multiqc                                            [INFO   ]  MultiQC complete
